---------------------------------------------
Log C:\SERVICES\ni10839481_1_SHARE\ftproot\dayzstandalone\config\crash_2025-06-03_21-44-40.log started at 03.06. 21:45:43



------------------------------------
MS2871, 03.06 2025 21:45:43
[::LoadData] :: [ERROR] :: File "dz/worlds/stuartisland/ce/pra/warheadstorage.json" does not exist, check the provided path
Function: 'LoadData'
Stack trace:
scripts/3_Game/cfgplayerrestrictedareahandler.c:43 Function LoadData
scripts/5_Mission/mission\missionserver.c:81 Function OnInit

Runtime mode
CLI params: ip 85.190.162.236 port 11200 cpuCount 4 limitFPS 100 config serverDZ.cfg mod @Stuart Island;@Stuart Island Props profiles C:\SERVICES\ni10839481_1_SHARE\ftproot\dayzstandalone/config BEPath C:\SERVICES\ni10839481_1_SHARE\ftproot\dayzstandalone\battleye noFilePatching  nologs  adminlog  freezecheck  


------------------------------------
MS2871, 03.06 2025 21:45:43
[::CreateZones] :: [ERROR] :: Radius cannot be <= 0. Fix [second-straight-5-a] area definition in cfgeffectarea.json
Function: 'CreateZones'
Stack trace:
scripts/4_World/classes\contaminatedarea\contaminatedarealoader.c:48 Function CreateZones
scripts/5_Mission/mission\missionserver.c:92 Function OnMissionStart

Runtime mode
CLI params: ip 85.190.162.236 port 11200 cpuCount 4 limitFPS 100 config serverDZ.cfg mod @Stuart Island;@Stuart Island Props profiles C:\SERVICES\ni10839481_1_SHARE\ftproot\dayzstandalone/config BEPath C:\SERVICES\ni10839481_1_SHARE\ftproot\dayzstandalone\battleye noFilePatching  nologs  adminlog  freezecheck  
