=====================================================================
== C:\SERVICES\ni10839481_1_SHARE\ftproot\dayzstandalone\DayZServer_x64.exe
== "C:\SERVICES\ni10839481_1_SHARE\ftproot\dayzstandalone\DayZServer_x64.exe" -ip=85.190.162.236 -port=11200 -cpuCount=4 -limitFPS=100 -config=serverDZ.cfg "-mod=@Namalsk Survival;@Namalsk Island" -profiles=C:\SERVICES\ni10839481_1_SHARE\ftproot\dayzstandalone/config -BEPath=C:\SERVICES\ni10839481_1_SHARE\ftproot\dayzstandalone\battleye -noFilePatching -nologs -adminlog -freezecheck
=====================================================================
Exe timestamp: 2025/04/04 00:49:20
Current time:  2025/04/04 01:08:12
Version 1.27.159674
=====================================================================

 1:08:12.628 [Inputs] Loading inputs default "bin/constants.xml"
 1:08:12.637 [Inputs] Loading inputs default "bin/specific.xml"
 1:08:12.639 [Inputs] Loading inputs default "nst/ns_dayz/scripts/Data/Inputs.xml"
 1:08:12.641 [Inputs] Loading inputs cfg "C:\SERVICES\ni10839481_1_SHARE\ftproot\dayzstandalone/config\Users\Survivor\Server.core.xml"
 1:08:12.654 [Inputs] Exporting inputs cfg "C:\SERVICES\ni10839481_1_SHARE\ftproot\dayzstandalone/config\Users\Survivor\Server.core.xml"
 1:08:32.242 Hostname of server: "Aid Station | Namalsk Hardcore"
 1:08:40.399 [CE][Hive] :: Initializing OFFLINE
 1:08:40.400 [StorageDirs] :: Selected storage directory: C:\SERVICES\ni10839481_1_SHARE\ftproot\dayzstandalone\mpmissions\hardcore.namalsk\storage_1\
 1:08:40.403 [CE][Hive] :: Loading core data ... 
 1:08:40.406 [CE][CoreData] :: 8 root classes, 0 defaults, 0 updaters...
 1:08:46.939 [CE] :: WARNING :: Preset map "headsFirefighter" is EMPTY.
 1:08:46.942 [CE][TypeSetup] :: 585 classes setuped...
 1:08:47.629 [CE][RegisterBind] :: 0 classes binded...
 1:08:47.629 [CE][RegisterConfig] :: 5792 config classes registered, 0 sub-counters...
 1:08:47.629 [CE][Hive] :: Loading map data ... 
 1:08:47.704 [CE][LoadPrototype] :: loaded 256 prototypes
 1:08:47.704   404 containers, 7415 points
 1:08:47.704   1 dispatches, 1 proxies
 1:08:47.705 !!! [CE][LoadPrototype] 1 groups have wrong points...
 1:08:47.705 [CE][LoadPrototype] :: last group name: land_frozen_person...
 1:08:47.715 [CE][LoadPrototype] :: loaded 0 prototypes
 1:08:47.715   38 containers, 66 points
 1:08:47.715   0 dispatches, 0 proxies
 1:08:47.715 [CE][LoadPrototype] :: last group name: StoneLoc38...
 1:08:47.811 [CE][LoadMap] "Group" :: loaded 1445 groups, groups failed: 0, largest group range: 36.4
 1:08:47.818 [CE][LoadMap] "Dirt" :: loaded 0 groups, groups failed: 0, largest group range: 36.4
 1:08:47.823 [CE][Links] found 472 total links between groups, of 1445
 1:08:47.823 [CE][LoadClusters] "Cluster" :: Loading files...
 1:08:47.838 [CE][LoadClusters] :: file: "mapgroupcluster.xml", 1 types, 2418 instances
 1:08:47.841 [CE][Storage] ver:21 stamp:13, valid:yes, name:"C:\SERVICES\ni10839481_1_SHARE\ftproot\dayzstandalone\mpmissions\hardcore.namalsk\storage_1\data\types.bin"
 1:08:47.841 [CE][Storage] ver:0 stamp:0, valid:NO, name:"C:\SERVICES\ni10839481_1_SHARE\ftproot\dayzstandalone\mpmissions\hardcore.namalsk\storage_1\data\types.001"
 1:08:47.842 [CE][Storage] ver:0 stamp:0, valid:NO, name:"C:\SERVICES\ni10839481_1_SHARE\ftproot\dayzstandalone\mpmissions\hardcore.namalsk\storage_1\data\types.002"
 1:08:47.842 [CE][Storage] Restoring file "C:\SERVICES\ni10839481_1_SHARE\ftproot\dayzstandalone\mpmissions\hardcore.namalsk\storage_1\data\types.bin".
 1:08:47.898 [CE][offlineDB] :: Loaded 19 dynamic events 170 total types.
 1:08:47.941 !!! [CE][offlineDB] :: Type 'ChristmasTree' will be ignored. (Not spawnable. (Scope is not public?))
 1:08:47.959 [CE][DE][SPAWNS] :: Total positions: 163
 1:08:47.959 [CE][DE][GROUPS] :: Total eventgroups defined: 0, Eventgroups in use: 0
 1:08:47.960 [CE][Storage] ver:25 stamp:13, valid:yes, name:"C:\SERVICES\ni10839481_1_SHARE\ftproot\dayzstandalone\mpmissions\hardcore.namalsk\storage_1\data\events.bin"
 1:08:47.961 [CE][Storage] ver:0 stamp:0, valid:NO, name:"C:\SERVICES\ni10839481_1_SHARE\ftproot\dayzstandalone\mpmissions\hardcore.namalsk\storage_1\data\events.001"
 1:08:47.961 [CE][Storage] ver:0 stamp:0, valid:NO, name:"C:\SERVICES\ni10839481_1_SHARE\ftproot\dayzstandalone\mpmissions\hardcore.namalsk\storage_1\data\events.002"
 1:08:47.961 [CE][Storage] Restoring file "C:\SERVICES\ni10839481_1_SHARE\ftproot\dayzstandalone\mpmissions\hardcore.namalsk\storage_1\data\events.bin".
 1:08:47.961 [CE][DynamicEvent] Load  Events:[19] Primary spawners: 19 Secondary spawners: 0
 1:08:47.962 [CE][Storage] ver:25 stamp:13, valid:yes, name:"C:\SERVICES\ni10839481_1_SHARE\ftproot\dayzstandalone\mpmissions\hardcore.namalsk\storage_1\data\dynamic_000.bin"
 1:08:47.963 [CE][Storage] ver:0 stamp:0, valid:NO, name:"C:\SERVICES\ni10839481_1_SHARE\ftproot\dayzstandalone\mpmissions\hardcore.namalsk\storage_1\data\dynamic_000.001"
 1:08:47.964 [CE][Storage] ver:0 stamp:0, valid:NO, name:"C:\SERVICES\ni10839481_1_SHARE\ftproot\dayzstandalone\mpmissions\hardcore.namalsk\storage_1\data\dynamic_000.002"
 1:08:47.964 [CE][Storage] Restoring file "C:\SERVICES\ni10839481_1_SHARE\ftproot\dayzstandalone\mpmissions\hardcore.namalsk\storage_1\data\dynamic_000.bin" 1 items.
 1:08:47.966   1 items loaded. (0 failed)
 1:08:47.967 [CE][Storage] ver:25 stamp:13, valid:yes, name:"C:\SERVICES\ni10839481_1_SHARE\ftproot\dayzstandalone\mpmissions\hardcore.namalsk\storage_1\data\dynamic_001.bin"
 1:08:47.967 [CE][Storage] ver:0 stamp:0, valid:NO, name:"C:\SERVICES\ni10839481_1_SHARE\ftproot\dayzstandalone\mpmissions\hardcore.namalsk\storage_1\data\dynamic_001.001"
 1:08:47.968 [CE][Storage] ver:0 stamp:0, valid:NO, name:"C:\SERVICES\ni10839481_1_SHARE\ftproot\dayzstandalone\mpmissions\hardcore.namalsk\storage_1\data\dynamic_001.002"
 1:08:47.968 [CE][Storage] Restoring file "C:\SERVICES\ni10839481_1_SHARE\ftproot\dayzstandalone\mpmissions\hardcore.namalsk\storage_1\data\dynamic_001.bin" 29 items.
 1:08:48.29   29 items loaded. (0 failed)
 1:08:48.30 [CE][Storage] ver:25 stamp:13, valid:yes, name:"C:\SERVICES\ni10839481_1_SHARE\ftproot\dayzstandalone\mpmissions\hardcore.namalsk\storage_1\data\dynamic_002.bin"
 1:08:48.31 [CE][Storage] ver:0 stamp:0, valid:NO, name:"C:\SERVICES\ni10839481_1_SHARE\ftproot\dayzstandalone\mpmissions\hardcore.namalsk\storage_1\data\dynamic_002.001"
 1:08:48.31 [CE][Storage] ver:0 stamp:0, valid:NO, name:"C:\SERVICES\ni10839481_1_SHARE\ftproot\dayzstandalone\mpmissions\hardcore.namalsk\storage_1\data\dynamic_002.002"
 1:08:48.31 [CE][Storage] Restoring file "C:\SERVICES\ni10839481_1_SHARE\ftproot\dayzstandalone\mpmissions\hardcore.namalsk\storage_1\data\dynamic_002.bin" 70 items.
 1:08:48.160   70 items loaded. (0 failed)
 1:08:48.163 [CE][Storage] ver:25 stamp:13, valid:yes, name:"C:\SERVICES\ni10839481_1_SHARE\ftproot\dayzstandalone\mpmissions\hardcore.namalsk\storage_1\data\dynamic_003.bin"
 1:08:48.163 [CE][Storage] ver:0 stamp:0, valid:NO, name:"C:\SERVICES\ni10839481_1_SHARE\ftproot\dayzstandalone\mpmissions\hardcore.namalsk\storage_1\data\dynamic_003.001"
 1:08:48.164 [CE][Storage] ver:0 stamp:0, valid:NO, name:"C:\SERVICES\ni10839481_1_SHARE\ftproot\dayzstandalone\mpmissions\hardcore.namalsk\storage_1\data\dynamic_003.002"
 1:08:48.164 [CE][Storage] Restoring file "C:\SERVICES\ni10839481_1_SHARE\ftproot\dayzstandalone\mpmissions\hardcore.namalsk\storage_1\data\dynamic_003.bin" 753 items.
 1:08:48.888   753 items loaded. (0 failed)
 1:08:48.891 [CE][Storage] ver:25 stamp:13, valid:yes, name:"C:\SERVICES\ni10839481_1_SHARE\ftproot\dayzstandalone\mpmissions\hardcore.namalsk\storage_1\data\dynamic_004.bin"
 1:08:48.892 [CE][Storage] ver:0 stamp:0, valid:NO, name:"C:\SERVICES\ni10839481_1_SHARE\ftproot\dayzstandalone\mpmissions\hardcore.namalsk\storage_1\data\dynamic_004.001"
 1:08:48.892 [CE][Storage] ver:0 stamp:0, valid:NO, name:"C:\SERVICES\ni10839481_1_SHARE\ftproot\dayzstandalone\mpmissions\hardcore.namalsk\storage_1\data\dynamic_004.002"
 1:08:48.892 [CE][Storage] Restoring file "C:\SERVICES\ni10839481_1_SHARE\ftproot\dayzstandalone\mpmissions\hardcore.namalsk\storage_1\data\dynamic_004.bin" 1566 items.
 1:08:49.721   1566 items loaded. (0 failed)
 1:08:49.723 [CE][Storage] ver:25 stamp:13, valid:yes, name:"C:\SERVICES\ni10839481_1_SHARE\ftproot\dayzstandalone\mpmissions\hardcore.namalsk\storage_1\data\dynamic_005.bin"
 1:08:49.723 [CE][Storage] ver:0 stamp:0, valid:NO, name:"C:\SERVICES\ni10839481_1_SHARE\ftproot\dayzstandalone\mpmissions\hardcore.namalsk\storage_1\data\dynamic_005.001"
 1:08:49.724 [CE][Storage] ver:0 stamp:0, valid:NO, name:"C:\SERVICES\ni10839481_1_SHARE\ftproot\dayzstandalone\mpmissions\hardcore.namalsk\storage_1\data\dynamic_005.002"
 1:08:49.724 [CE][Storage] Restoring file "C:\SERVICES\ni10839481_1_SHARE\ftproot\dayzstandalone\mpmissions\hardcore.namalsk\storage_1\data\dynamic_005.bin" 548 items.
 1:08:49.958   548 items loaded. (0 failed)
 1:08:49.959 [CE][Storage] ver:25 stamp:13, valid:yes, name:"C:\SERVICES\ni10839481_1_SHARE\ftproot\dayzstandalone\mpmissions\hardcore.namalsk\storage_1\data\dynamic_006.bin"
 1:08:49.960 [CE][Storage] ver:0 stamp:0, valid:NO, name:"C:\SERVICES\ni10839481_1_SHARE\ftproot\dayzstandalone\mpmissions\hardcore.namalsk\storage_1\data\dynamic_006.001"
 1:08:49.960 [CE][Storage] ver:0 stamp:0, valid:NO, name:"C:\SERVICES\ni10839481_1_SHARE\ftproot\dayzstandalone\mpmissions\hardcore.namalsk\storage_1\data\dynamic_006.002"
 1:08:49.960 [CE][Storage] Restoring file "C:\SERVICES\ni10839481_1_SHARE\ftproot\dayzstandalone\mpmissions\hardcore.namalsk\storage_1\data\dynamic_006.bin" 1674 items.
 1:08:50.699   1674 items loaded. (0 failed)
 1:08:50.701 [CE][Storage] ver:25 stamp:13, valid:yes, name:"C:\SERVICES\ni10839481_1_SHARE\ftproot\dayzstandalone\mpmissions\hardcore.namalsk\storage_1\data\dynamic_007.bin"
 1:08:50.701 [CE][Storage] ver:0 stamp:0, valid:NO, name:"C:\SERVICES\ni10839481_1_SHARE\ftproot\dayzstandalone\mpmissions\hardcore.namalsk\storage_1\data\dynamic_007.001"
 1:08:50.702 [CE][Storage] ver:0 stamp:0, valid:NO, name:"C:\SERVICES\ni10839481_1_SHARE\ftproot\dayzstandalone\mpmissions\hardcore.namalsk\storage_1\data\dynamic_007.002"
 1:08:50.703 [CE][Storage] Restoring file "C:\SERVICES\ni10839481_1_SHARE\ftproot\dayzstandalone\mpmissions\hardcore.namalsk\storage_1\data\dynamic_007.bin" 568 items.
 1:08:50.958   568 items loaded. (0 failed)
 1:08:50.960 [CE][Storage] ver:25 stamp:13, valid:yes, name:"C:\SERVICES\ni10839481_1_SHARE\ftproot\dayzstandalone\mpmissions\hardcore.namalsk\storage_1\data\dynamic_008.bin"
 1:08:50.960 [CE][Storage] ver:0 stamp:0, valid:NO, name:"C:\SERVICES\ni10839481_1_SHARE\ftproot\dayzstandalone\mpmissions\hardcore.namalsk\storage_1\data\dynamic_008.001"
 1:08:50.961 [CE][Storage] ver:0 stamp:0, valid:NO, name:"C:\SERVICES\ni10839481_1_SHARE\ftproot\dayzstandalone\mpmissions\hardcore.namalsk\storage_1\data\dynamic_008.002"
 1:08:50.961 [CE][Storage] Restoring file "C:\SERVICES\ni10839481_1_SHARE\ftproot\dayzstandalone\mpmissions\hardcore.namalsk\storage_1\data\dynamic_008.bin" 128 items.
 1:08:51.37   128 items loaded. (0 failed)
 1:08:51.38 [CE][Storage] ver:25 stamp:13, valid:yes, name:"C:\SERVICES\ni10839481_1_SHARE\ftproot\dayzstandalone\mpmissions\hardcore.namalsk\storage_1\data\dynamic_009.bin"
 1:08:51.39 [CE][Storage] ver:0 stamp:0, valid:NO, name:"C:\SERVICES\ni10839481_1_SHARE\ftproot\dayzstandalone\mpmissions\hardcore.namalsk\storage_1\data\dynamic_009.001"
 1:08:51.39 [CE][Storage] ver:0 stamp:0, valid:NO, name:"C:\SERVICES\ni10839481_1_SHARE\ftproot\dayzstandalone\mpmissions\hardcore.namalsk\storage_1\data\dynamic_009.002"
 1:08:51.39 [CE][Storage] Restoring file "C:\SERVICES\ni10839481_1_SHARE\ftproot\dayzstandalone\mpmissions\hardcore.namalsk\storage_1\data\dynamic_009.bin" 0 items.
 1:08:51.39   0 items loaded. (0 failed)
 1:08:51.40 [CE][Storage] ver:25 stamp:13, valid:yes, name:"C:\SERVICES\ni10839481_1_SHARE\ftproot\dayzstandalone\mpmissions\hardcore.namalsk\storage_1\data\dynamic_010.bin"
 1:08:51.40 [CE][Storage] ver:0 stamp:0, valid:NO, name:"C:\SERVICES\ni10839481_1_SHARE\ftproot\dayzstandalone\mpmissions\hardcore.namalsk\storage_1\data\dynamic_010.001"
 1:08:51.41 [CE][Storage] ver:0 stamp:0, valid:NO, name:"C:\SERVICES\ni10839481_1_SHARE\ftproot\dayzstandalone\mpmissions\hardcore.namalsk\storage_1\data\dynamic_010.002"
 1:08:51.41 [CE][Storage] Restoring file "C:\SERVICES\ni10839481_1_SHARE\ftproot\dayzstandalone\mpmissions\hardcore.namalsk\storage_1\data\dynamic_010.bin" 36 items.
 1:08:51.69   36 items loaded. (0 failed)
 1:08:51.70 [CE][Storage] ver:25 stamp:13, valid:yes, name:"C:\SERVICES\ni10839481_1_SHARE\ftproot\dayzstandalone\mpmissions\hardcore.namalsk\storage_1\data\dynamic_011.bin"
 1:08:51.71 [CE][Storage] ver:0 stamp:0, valid:NO, name:"C:\SERVICES\ni10839481_1_SHARE\ftproot\dayzstandalone\mpmissions\hardcore.namalsk\storage_1\data\dynamic_011.001"
 1:08:51.71 [CE][Storage] ver:0 stamp:0, valid:NO, name:"C:\SERVICES\ni10839481_1_SHARE\ftproot\dayzstandalone\mpmissions\hardcore.namalsk\storage_1\data\dynamic_011.002"
 1:08:51.71 [CE][Storage] Restoring file "C:\SERVICES\ni10839481_1_SHARE\ftproot\dayzstandalone\mpmissions\hardcore.namalsk\storage_1\data\dynamic_011.bin" 49 items.
 1:08:51.99   49 items loaded. (0 failed)
 1:08:51.100 [CE][Storage] ver:26 stamp:13, valid:yes, name:"C:\SERVICES\ni10839481_1_SHARE\ftproot\dayzstandalone\mpmissions\hardcore.namalsk\storage_1\data\building.bin"
 1:08:51.100 [CE][Storage] ver:0 stamp:0, valid:NO, name:"C:\SERVICES\ni10839481_1_SHARE\ftproot\dayzstandalone\mpmissions\hardcore.namalsk\storage_1\data\building.001"
 1:08:51.101 [CE][Storage] ver:0 stamp:0, valid:NO, name:"C:\SERVICES\ni10839481_1_SHARE\ftproot\dayzstandalone\mpmissions\hardcore.namalsk\storage_1\data\building.002"
 1:08:51.101 [CE][Storage] Restoring file "C:\SERVICES\ni10839481_1_SHARE\ftproot\dayzstandalone\mpmissions\hardcore.namalsk\storage_1\data\building.bin" 0 items.
 1:08:51.101   0 items loaded. (0 failed)
 1:08:51.102 [CE][Storage] ver:25 stamp:13, valid:yes, name:"C:\SERVICES\ni10839481_1_SHARE\ftproot\dayzstandalone\mpmissions\hardcore.namalsk\storage_1\data\vehicles.bin"
 1:08:51.103 [CE][Storage] ver:0 stamp:0, valid:NO, name:"C:\SERVICES\ni10839481_1_SHARE\ftproot\dayzstandalone\mpmissions\hardcore.namalsk\storage_1\data\vehicles.001"
 1:08:51.103 [CE][Storage] ver:0 stamp:0, valid:NO, name:"C:\SERVICES\ni10839481_1_SHARE\ftproot\dayzstandalone\mpmissions\hardcore.namalsk\storage_1\data\vehicles.002"
 1:08:51.103 [CE][Storage] Restoring file "C:\SERVICES\ni10839481_1_SHARE\ftproot\dayzstandalone\mpmissions\hardcore.namalsk\storage_1\data\vehicles.bin" 53 items.
 1:08:51.175   53 items loaded. (0 failed)
 1:08:51.185 [CE][Hive] :: Storage load took:3.22 seconds, recovery stamp:13
 1:08:51.185   entity: 5888, building: 0
 1:08:51.185   no lifetime: 6
 1:08:51.185   pathgraph's: 46
 1:08:51.188 [CE][Hive] :: Initializing ... 
 1:08:51.221 [CE][InitializeMap] :: initialized: 0
 1:08:51.221 [CE][Hive] :: Initializing spawners ... 
 1:08:51.221 [CE][LootRespawner] (PRIDummy) :: Initially (re)spawned:0, Nominal:5434, Total in Map: 5504 at 0 (sec)
 1:08:51.221   tests:0, repeats:0 fails:0, overtime:0
 1:08:53.286 [CE][DynEvent] :: 19 types
 1:08:53.286 [00] Loot
 1:08:53.286   Primary Spawner: "Loot", active: yes, repeat: 2
 1:08:53.286 [01] StaticMedDrop
 1:08:53.286   Primary Spawner: "Static", active: yes, repeat: 1
 1:08:53.286 [02] StaticLifeboat
 1:08:53.286   Primary Spawner: "Static", active: yes, repeat: 1
 1:08:53.286 [03] TrajectoryStones
 1:08:53.286   Primary Spawner: "Trajectory", active: yes, repeat: 1
 1:08:53.286 [04] InfectedSanta
 1:08:53.286   Primary Spawner: "Infected", active: yes, repeat: 1
 1:08:53.286 [05] InfectedArmy
 1:08:53.286   Primary Spawner: "Infected", active: yes, repeat: 1
 1:08:53.286 [06] InfectedIndustrial
 1:08:53.286   Primary Spawner: "Infected", active: yes, repeat: 1
 1:08:53.287 [07] InfectedCivil
 1:08:53.287   Primary Spawner: "Infected", active: yes, repeat: 1
 1:08:53.287 [08] InfectedMedic
 1:08:53.287   Primary Spawner: "Infected", active: yes, repeat: 1
 1:08:53.287 [09] AnimalGoat
 1:08:53.287   Primary Spawner: "Animal", active: yes, repeat: 1
 1:08:53.287 [10] AnimalSheep
 1:08:53.287   Primary Spawner: "Animal", active: yes, repeat: 1
 1:08:53.287 [11] AnimalReindeer
 1:08:53.287   Primary Spawner: "Animal", active: yes, repeat: 1
 1:08:53.287 [12] AnimalWildBoar
 1:08:53.287   Primary Spawner: "Animal", active: yes, repeat: 1
 1:08:53.287 [13] AnimalWolf
 1:08:53.287   Primary Spawner: "Animal", active: yes, repeat: 1
 1:08:53.287 [14] AnimalBrownBear
 1:08:53.287   Primary Spawner: "Animal", active: yes, repeat: 1
 1:08:53.287 [15] AnimalPolarBear
 1:08:53.287   Primary Spawner: "Animal", active: yes, repeat: 1
 1:08:53.287 [16] AmbientFox
 1:08:53.287   Primary Spawner: "Ambient", active: yes, repeat: 1
 1:08:53.287 [17] AmbientHare
 1:08:53.287   Primary Spawner: "Ambient", active: yes, repeat: 1
 1:08:53.287 [18] VehicleRubberBoats
 1:08:53.287   Primary Spawner: "Vehicle", active: yes, repeat: 1
 1:08:53.287 [CE][Hive] :: Initializing of spawners done.
 1:08:53.296 [CE][Hive] :: Init sequence finished.
 1:08:53.296 Player connect enabled
 1:08:53.703 [IdleMode] Entering IN - save processed
 1:09:56.577 [Login]: Adding player SamGeekMan (16267832) to login queue at position 0
 1:09:56.577 [LoginMachine]: Add player SamGeekMan (16267832 84.68.73.155:59827)
 1:09:56.577 [StateMachine]: Player SamGeekMan (dpnid 16267832 uid ) Entering AuthPlayerLoginState
 1:09:57.126 [StateMachine]: Player SamGeekMan (dpnid 16267832 uid ) Entering WaitAuthPlayerLoginState
 1:09:59.828 Player SamGeekMan (id=EjyaR_evG3jSSz8VDJwqD2Jq7_Uz-Rfb4H6R-me5X0g=) has connected.
 1:09:59.828 Player "SamGeekMan"(steamID=76561198025089838) is connected
 1:09:59.837 [StateMachine]: Player SamGeekMan (dpnid 16267832 uid ) Entering WaitPlayerAssignedLoginState
 1:10:00.598 [StateMachine]: Player SamGeekMan (dpnid 16267832 uid ) Entering PlayerAssignedLoginState
 1:10:00.608 [StateMachine]: Player SamGeekMan (dpnid 16267832 uid EjyaR_evG3jSSz8VDJwqD2Jq7_Uz-Rfb4H6R-me5X0g=) Entering DBGetLoginTimeLoginState
 1:10:00.660 [StateMachine]: Player SamGeekMan (dpnid 16267832 uid EjyaR_evG3jSSz8VDJwqD2Jq7_Uz-Rfb4H6R-me5X0g=) Entering DBWaitLoginTimeLoginState
 1:10:01.16 [IdleMode] Leaving OUT
 1:10:15.664 [StateMachine]: Player SamGeekMan (dpnid 16267832 uid EjyaR_evG3jSSz8VDJwqD2Jq7_Uz-Rfb4H6R-me5X0g=) Entering DBGetCharacterLoginState
 1:10:15.686 [StateMachine]: Player SamGeekMan (dpnid 16267832 uid EjyaR_evG3jSSz8VDJwqD2Jq7_Uz-Rfb4H6R-me5X0g=) Entering CreateNetObjectsLoginState
 1:10:15.696 [CE][PlayerSpawnPoints][GRP_DBG] :: Selected: { no group } | idx: 0 (ut: 129391 | lt: 0 | ctr: 0)
 1:10:15.696 [CE][PlayerSpawnPoints][GRP_DBG] :: Current: { no group } | idx: 0 (ct: 129391 | ut: 129391 | lt: 0 | ctr: 0)
 1:10:15.696 [CE][PlayerSpawnPoints][GRP_DBG] :: Current: { no group } index: 0 (lt: 0 | ctr: 0)
 1:10:15.696 [CE][PlayerSpawnPoints][GRP_DBG] :: Selected: { no group } | idx: 0 (ut: 129391 | lt: 0 | ctr: 0)
 1:10:15.703 [StateMachine]: Player SamGeekMan (dpnid 16267832 uid EjyaR_evG3jSSz8VDJwqD2Jq7_Uz-Rfb4H6R-me5X0g=) Entering PreloadCamLoginState
 1:10:15.705 [StateMachine]: Player SamGeekMan (dpnid 16267832 uid EjyaR_evG3jSSz8VDJwqD2Jq7_Uz-Rfb4H6R-me5X0g=) Entering WaitPreloadCamLoginState
 1:10:21.269 [StateMachine]: Player SamGeekMan (dpnid 16267832 uid EjyaR_evG3jSSz8VDJwqD2Jq7_Uz-Rfb4H6R-me5X0g=) Entering GetNewCharLoginState
 1:10:26.173 <CREATE NEW CHAR>:
    charID 1
    playerID 1
    dpnid 16267832
    uid EjyaR_evG3jSSz8VDJwqD2Jq7_Uz-Rfb4H6R-me5X0g=
 1:28:26.502 !!! [CE][Point] Removing 5032.167480, 8197.083984 from land_wrecked_ural_onside
 1:37:17.290 [CE][LootRespawner] (PRIDummy) :: Item [0] causing search overtime: "NBCGlovesYellow"
 1:40:31.184 [CE][LootRespawner] (PRIDummy) :: Item [1] causing search overtime: "SurgicalGloves_Green"
 1:40:43.89 [Disconnect]: Start script disconnect 16267832 (dbCharacterId 1 dbPlayerId 1) logoutTime 15
 1:40:45.97 [Disconnect]: Client 16267832 disconnecting
 1:40:45.97 [Disconnect]: Client 16267832 early disconnect
 1:40:45.104 [Disconnect]: Start script disconnect 16267832 (dbCharacterId 1 dbPlayerId 1) logoutTime 15
 1:40:45.956 [Disconnect]: Remove player info 16267832
 1:40:45.967 [Disconnect]: Player destroy 16267832 
 1:40:58.91 [Disconnect]: Finish script disconnect -1 (EjyaR_evG3jSSz8VDJwqD2Jq7_Uz-Rfb4H6R-me5X0g=)
 1:40:58.735 [CE][LootRespawner] (PRIDummy) :: Item [2] causing search overtime: "SurgicalGloves_Green"
 1:41:26.626 [CE][LootRespawner] (PRIDummy) :: Item [3] causing search overtime: "SurgicalGloves_Green"
 1:41:54.205 [CE][LootRespawner] (PRIDummy) :: Item [4] causing search overtime: "SurgicalGloves_Green"
 1:42:05.750 [IdleMode] Entering IN - save processed
 4:24:53.409  --- Termination successfully completed --- 
