=====================================================================
== C:\SERVICES\ni10839481_1_SHARE\ftproot\dayzstandalone\DayZServer_x64.exe
== "C:\SERVICES\ni10839481_1_SHARE\ftproot\dayzstandalone\DayZServer_x64.exe" -ip=85.190.162.236 -port=11200 -cpuCount=4 -limitFPS=100 -config=serverDZ.cfg "-mod=@Namalsk Survival;@Namalsk Island;@Zens Zombie Door Bangers;@Ear-Plugs;@Code Lock" -profiles=C:\SERVICES\ni10839481_1_SHARE\ftproot\dayzstandalone/config -BEPath=C:\SERVICES\ni10839481_1_SHARE\ftproot\dayzstandalone\battleye -noFilePatching -nologs -adminlog -freezecheck
=====================================================================
Exe timestamp: 2025/04/04 00:49:20
Current time:  2025/04/30 04:25:23
Version 1.27.159674
=====================================================================

 4:25:23.372 [Inputs] Loading inputs default "bin/constants.xml"
 4:25:23.381 [Inputs] Loading inputs default "bin/specific.xml"
 4:25:23.383 [Inputs] Loading inputs default "EarPlugs/data/inputs.xml"
 4:25:23.385 [Inputs] Loading inputs default "nst/ns_dayz/scripts/Data/Inputs.xml"
 4:25:23.387 [Inputs] Loading inputs cfg "C:\SERVICES\ni10839481_1_SHARE\ftproot\dayzstandalone/config\Users\Survivor\Server.core.xml"
 4:25:23.401 [Inputs] Exporting inputs cfg "C:\SERVICES\ni10839481_1_SHARE\ftproot\dayzstandalone/config\Users\Survivor\Server.core.xml"
 4:25:48.260 Hostname of server: "Aid Station | Namalsk"
 4:25:59.297 [CE][Hive] :: Initializing OFFLINE
 4:25:59.298 [StorageDirs] :: Selected storage directory: C:\SERVICES\ni10839481_1_SHARE\ftproot\dayzstandalone\mpmissions\regular.namalsk\storage_1\
 4:25:59.302 [CE][Hive] :: Loading core data ... 
 4:25:59.306 [CE][CoreData] :: 8 root classes, 0 defaults, 0 updaters...
 4:26:07.127 [CE] :: WARNING :: Preset map "headsFirefighter" is EMPTY.
 4:26:07.128 [CE][TypeSetup] :: 599 classes setuped...
 4:26:07.898 [CE][RegisterBind] :: 0 classes binded...
 4:26:07.898 [CE][RegisterConfig] :: 5794 config classes registered, 0 sub-counters...
 4:26:07.898 [CE][Hive] :: Loading map data ... 
 4:26:08.22 [CE][LoadPrototype] :: loaded 256 prototypes
 4:26:08.22   404 containers, 7415 points
 4:26:08.22   1 dispatches, 1 proxies
 4:26:08.22 !!! [CE][LoadPrototype] 1 groups have wrong points...
 4:26:08.22 [CE][LoadPrototype] :: last group name: land_frozen_person...
 4:26:08.33 [CE][LoadPrototype] :: loaded 0 prototypes
 4:26:08.33   38 containers, 66 points
 4:26:08.33   0 dispatches, 0 proxies
 4:26:08.33 [CE][LoadPrototype] :: last group name: StoneLoc38...
 4:26:08.125 [CE][LoadMap] "Group" :: loaded 1445 groups, groups failed: 0, largest group range: 36.4
 4:26:08.129 [CE][LoadMap] "Dirt" :: loaded 0 groups, groups failed: 0, largest group range: 36.4
 4:26:08.134 [CE][Links] found 472 total links between groups, of 1445
 4:26:08.134 [CE][LoadClusters] "Cluster" :: Loading files...
 4:26:08.149 [CE][LoadClusters] :: file: "mapgroupcluster.xml", 1 types, 2418 instances
 4:26:08.151 [CE][Storage] ver:21 stamp:64281, valid:yes, name:"C:\SERVICES\ni10839481_1_SHARE\ftproot\dayzstandalone\mpmissions\regular.namalsk\storage_1\data\types.bin"
 4:26:08.154 [CE][Storage] ver:21 stamp:63478, valid:yes, name:"C:\SERVICES\ni10839481_1_SHARE\ftproot\dayzstandalone\mpmissions\regular.namalsk\storage_1\data\types.001"
 4:26:08.174 [CE][Storage] ver:21 stamp:63476, valid:yes, name:"C:\SERVICES\ni10839481_1_SHARE\ftproot\dayzstandalone\mpmissions\regular.namalsk\storage_1\data\types.002"
 4:26:08.174 [CE][Storage] Restoring file "C:\SERVICES\ni10839481_1_SHARE\ftproot\dayzstandalone\mpmissions\regular.namalsk\storage_1\data\types.bin".
 4:26:08.229 [CE][offlineDB] :: Loaded 23 dynamic events 177 total types.
 4:26:08.263 !!! [CE][offlineDB] :: Type 'ChristmasTree' will be ignored. (Not spawnable. (Scope is not public?))
 4:26:08.286 [CE][DE][SPAWNS] :: Total positions: 711
 4:26:08.286 [CE][DE][GROUPS] :: Total eventgroups defined: 0, Eventgroups in use: 0
 4:26:08.287 [CE][Storage] ver:25 stamp:64281, valid:yes, name:"C:\SERVICES\ni10839481_1_SHARE\ftproot\dayzstandalone\mpmissions\regular.namalsk\storage_1\data\events.bin"
 4:26:08.288 [CE][Storage] ver:25 stamp:63478, valid:yes, name:"C:\SERVICES\ni10839481_1_SHARE\ftproot\dayzstandalone\mpmissions\regular.namalsk\storage_1\data\events.001"
 4:26:08.290 [CE][Storage] ver:25 stamp:63476, valid:yes, name:"C:\SERVICES\ni10839481_1_SHARE\ftproot\dayzstandalone\mpmissions\regular.namalsk\storage_1\data\events.002"
 4:26:08.290 [CE][Storage] Restoring file "C:\SERVICES\ni10839481_1_SHARE\ftproot\dayzstandalone\mpmissions\regular.namalsk\storage_1\data\events.bin".
 4:26:08.290 [CE][DynamicEvent] Load  Events:[23] Primary spawners: 23 Secondary spawners: 0
 4:26:08.291 [CE][Storage] ver:25 stamp:64281, valid:yes, name:"C:\SERVICES\ni10839481_1_SHARE\ftproot\dayzstandalone\mpmissions\regular.namalsk\storage_1\data\dynamic_000.bin"
 4:26:08.293 [CE][Storage] ver:25 stamp:63478, valid:yes, name:"C:\SERVICES\ni10839481_1_SHARE\ftproot\dayzstandalone\mpmissions\regular.namalsk\storage_1\data\dynamic_000.001"
 4:26:08.294 [CE][Storage] ver:25 stamp:63476, valid:yes, name:"C:\SERVICES\ni10839481_1_SHARE\ftproot\dayzstandalone\mpmissions\regular.namalsk\storage_1\data\dynamic_000.002"
 4:26:08.294 [CE][Storage] Restoring file "C:\SERVICES\ni10839481_1_SHARE\ftproot\dayzstandalone\mpmissions\regular.namalsk\storage_1\data\dynamic_000.bin" 0 items.
 4:26:08.294   0 items loaded. (0 failed)
 4:26:08.296 [CE][Storage] ver:25 stamp:64281, valid:yes, name:"C:\SERVICES\ni10839481_1_SHARE\ftproot\dayzstandalone\mpmissions\regular.namalsk\storage_1\data\dynamic_001.bin"
 4:26:08.297 [CE][Storage] ver:25 stamp:63478, valid:yes, name:"C:\SERVICES\ni10839481_1_SHARE\ftproot\dayzstandalone\mpmissions\regular.namalsk\storage_1\data\dynamic_001.001"
 4:26:08.298 [CE][Storage] ver:25 stamp:63476, valid:yes, name:"C:\SERVICES\ni10839481_1_SHARE\ftproot\dayzstandalone\mpmissions\regular.namalsk\storage_1\data\dynamic_001.002"
 4:26:08.298 [CE][Storage] Restoring file "C:\SERVICES\ni10839481_1_SHARE\ftproot\dayzstandalone\mpmissions\regular.namalsk\storage_1\data\dynamic_001.bin" 38 items.
 4:26:08.435   38 items loaded. (0 failed)
 4:26:08.437 [CE][Storage] ver:25 stamp:64281, valid:yes, name:"C:\SERVICES\ni10839481_1_SHARE\ftproot\dayzstandalone\mpmissions\regular.namalsk\storage_1\data\dynamic_002.bin"
 4:26:08.438 [CE][Storage] ver:25 stamp:63478, valid:yes, name:"C:\SERVICES\ni10839481_1_SHARE\ftproot\dayzstandalone\mpmissions\regular.namalsk\storage_1\data\dynamic_002.001"
 4:26:08.442 [CE][Storage] ver:25 stamp:63476, valid:yes, name:"C:\SERVICES\ni10839481_1_SHARE\ftproot\dayzstandalone\mpmissions\regular.namalsk\storage_1\data\dynamic_002.002"
 4:26:08.442 [CE][Storage] Restoring file "C:\SERVICES\ni10839481_1_SHARE\ftproot\dayzstandalone\mpmissions\regular.namalsk\storage_1\data\dynamic_002.bin" 66 items.
 4:26:08.548   66 items loaded. (0 failed)
 4:26:08.550 [CE][Storage] ver:25 stamp:64281, valid:yes, name:"C:\SERVICES\ni10839481_1_SHARE\ftproot\dayzstandalone\mpmissions\regular.namalsk\storage_1\data\dynamic_003.bin"
 4:26:08.553 [CE][Storage] ver:25 stamp:63478, valid:yes, name:"C:\SERVICES\ni10839481_1_SHARE\ftproot\dayzstandalone\mpmissions\regular.namalsk\storage_1\data\dynamic_003.001"
 4:26:08.555 [CE][Storage] ver:25 stamp:63476, valid:yes, name:"C:\SERVICES\ni10839481_1_SHARE\ftproot\dayzstandalone\mpmissions\regular.namalsk\storage_1\data\dynamic_003.002"
 4:26:08.556 [CE][Storage] Restoring file "C:\SERVICES\ni10839481_1_SHARE\ftproot\dayzstandalone\mpmissions\regular.namalsk\storage_1\data\dynamic_003.bin" 761 items.
 4:26:09.687   761 items loaded. (0 failed)
 4:26:09.691 [CE][Storage] ver:25 stamp:64281, valid:yes, name:"C:\SERVICES\ni10839481_1_SHARE\ftproot\dayzstandalone\mpmissions\regular.namalsk\storage_1\data\dynamic_004.bin"
 4:26:09.693 [CE][Storage] ver:25 stamp:63478, valid:yes, name:"C:\SERVICES\ni10839481_1_SHARE\ftproot\dayzstandalone\mpmissions\regular.namalsk\storage_1\data\dynamic_004.001"
 4:26:09.696 [CE][Storage] ver:25 stamp:63476, valid:yes, name:"C:\SERVICES\ni10839481_1_SHARE\ftproot\dayzstandalone\mpmissions\regular.namalsk\storage_1\data\dynamic_004.002"
 4:26:09.696 [CE][Storage] Restoring file "C:\SERVICES\ni10839481_1_SHARE\ftproot\dayzstandalone\mpmissions\regular.namalsk\storage_1\data\dynamic_004.bin" 1605 items.
 4:26:11.113   1605 items loaded. (0 failed)
 4:26:11.115 [CE][Storage] ver:25 stamp:64281, valid:yes, name:"C:\SERVICES\ni10839481_1_SHARE\ftproot\dayzstandalone\mpmissions\regular.namalsk\storage_1\data\dynamic_005.bin"
 4:26:11.118 [CE][Storage] ver:25 stamp:63478, valid:yes, name:"C:\SERVICES\ni10839481_1_SHARE\ftproot\dayzstandalone\mpmissions\regular.namalsk\storage_1\data\dynamic_005.001"
 4:26:11.120 [CE][Storage] ver:25 stamp:63476, valid:yes, name:"C:\SERVICES\ni10839481_1_SHARE\ftproot\dayzstandalone\mpmissions\regular.namalsk\storage_1\data\dynamic_005.002"
 4:26:11.120 [CE][Storage] Restoring file "C:\SERVICES\ni10839481_1_SHARE\ftproot\dayzstandalone\mpmissions\regular.namalsk\storage_1\data\dynamic_005.bin" 775 items.
 4:26:13.185   775 items loaded. (0 failed)
 4:26:13.187 [CE][Storage] ver:25 stamp:64281, valid:yes, name:"C:\SERVICES\ni10839481_1_SHARE\ftproot\dayzstandalone\mpmissions\regular.namalsk\storage_1\data\dynamic_006.bin"
 4:26:13.190 [CE][Storage] ver:25 stamp:63478, valid:yes, name:"C:\SERVICES\ni10839481_1_SHARE\ftproot\dayzstandalone\mpmissions\regular.namalsk\storage_1\data\dynamic_006.001"
 4:26:13.192 [CE][Storage] ver:25 stamp:63476, valid:yes, name:"C:\SERVICES\ni10839481_1_SHARE\ftproot\dayzstandalone\mpmissions\regular.namalsk\storage_1\data\dynamic_006.002"
 4:26:13.193 [CE][Storage] Restoring file "C:\SERVICES\ni10839481_1_SHARE\ftproot\dayzstandalone\mpmissions\regular.namalsk\storage_1\data\dynamic_006.bin" 1726 items.
 4:26:14.341   1726 items loaded. (0 failed)
 4:26:14.344 [CE][Storage] ver:25 stamp:64281, valid:yes, name:"C:\SERVICES\ni10839481_1_SHARE\ftproot\dayzstandalone\mpmissions\regular.namalsk\storage_1\data\dynamic_007.bin"
 4:26:14.346 [CE][Storage] ver:25 stamp:63478, valid:yes, name:"C:\SERVICES\ni10839481_1_SHARE\ftproot\dayzstandalone\mpmissions\regular.namalsk\storage_1\data\dynamic_007.001"
 4:26:14.349 [CE][Storage] ver:25 stamp:63476, valid:yes, name:"C:\SERVICES\ni10839481_1_SHARE\ftproot\dayzstandalone\mpmissions\regular.namalsk\storage_1\data\dynamic_007.002"
 4:26:14.349 [CE][Storage] Restoring file "C:\SERVICES\ni10839481_1_SHARE\ftproot\dayzstandalone\mpmissions\regular.namalsk\storage_1\data\dynamic_007.bin" 598 items.
 4:26:14.640   598 items loaded. (0 failed)
 4:26:14.642 [CE][Storage] ver:25 stamp:64281, valid:yes, name:"C:\SERVICES\ni10839481_1_SHARE\ftproot\dayzstandalone\mpmissions\regular.namalsk\storage_1\data\dynamic_008.bin"
 4:26:14.644 [CE][Storage] ver:25 stamp:63478, valid:yes, name:"C:\SERVICES\ni10839481_1_SHARE\ftproot\dayzstandalone\mpmissions\regular.namalsk\storage_1\data\dynamic_008.001"
 4:26:14.646 [CE][Storage] ver:25 stamp:63476, valid:yes, name:"C:\SERVICES\ni10839481_1_SHARE\ftproot\dayzstandalone\mpmissions\regular.namalsk\storage_1\data\dynamic_008.002"
 4:26:14.646 [CE][Storage] Restoring file "C:\SERVICES\ni10839481_1_SHARE\ftproot\dayzstandalone\mpmissions\regular.namalsk\storage_1\data\dynamic_008.bin" 127 items.
 4:26:14.716   127 items loaded. (0 failed)
 4:26:14.718 [CE][Storage] ver:25 stamp:64281, valid:yes, name:"C:\SERVICES\ni10839481_1_SHARE\ftproot\dayzstandalone\mpmissions\regular.namalsk\storage_1\data\dynamic_009.bin"
 4:26:14.719 [CE][Storage] ver:25 stamp:63478, valid:yes, name:"C:\SERVICES\ni10839481_1_SHARE\ftproot\dayzstandalone\mpmissions\regular.namalsk\storage_1\data\dynamic_009.001"
 4:26:14.721 [CE][Storage] ver:25 stamp:63476, valid:yes, name:"C:\SERVICES\ni10839481_1_SHARE\ftproot\dayzstandalone\mpmissions\regular.namalsk\storage_1\data\dynamic_009.002"
 4:26:14.721 [CE][Storage] Restoring file "C:\SERVICES\ni10839481_1_SHARE\ftproot\dayzstandalone\mpmissions\regular.namalsk\storage_1\data\dynamic_009.bin" 0 items.
 4:26:14.721   0 items loaded. (0 failed)
 4:26:14.722 [CE][Storage] ver:25 stamp:64281, valid:yes, name:"C:\SERVICES\ni10839481_1_SHARE\ftproot\dayzstandalone\mpmissions\regular.namalsk\storage_1\data\dynamic_010.bin"
 4:26:14.724 [CE][Storage] ver:25 stamp:63478, valid:yes, name:"C:\SERVICES\ni10839481_1_SHARE\ftproot\dayzstandalone\mpmissions\regular.namalsk\storage_1\data\dynamic_010.001"
 4:26:14.725 [CE][Storage] ver:25 stamp:63476, valid:yes, name:"C:\SERVICES\ni10839481_1_SHARE\ftproot\dayzstandalone\mpmissions\regular.namalsk\storage_1\data\dynamic_010.002"
 4:26:14.725 [CE][Storage] Restoring file "C:\SERVICES\ni10839481_1_SHARE\ftproot\dayzstandalone\mpmissions\regular.namalsk\storage_1\data\dynamic_010.bin" 33 items.
 4:26:14.744   33 items loaded. (0 failed)
 4:26:14.745 [CE][Storage] ver:25 stamp:64281, valid:yes, name:"C:\SERVICES\ni10839481_1_SHARE\ftproot\dayzstandalone\mpmissions\regular.namalsk\storage_1\data\dynamic_011.bin"
 4:26:14.747 [CE][Storage] ver:25 stamp:63478, valid:yes, name:"C:\SERVICES\ni10839481_1_SHARE\ftproot\dayzstandalone\mpmissions\regular.namalsk\storage_1\data\dynamic_011.001"
 4:26:14.748 [CE][Storage] ver:25 stamp:63476, valid:yes, name:"C:\SERVICES\ni10839481_1_SHARE\ftproot\dayzstandalone\mpmissions\regular.namalsk\storage_1\data\dynamic_011.002"
 4:26:14.748 [CE][Storage] Restoring file "C:\SERVICES\ni10839481_1_SHARE\ftproot\dayzstandalone\mpmissions\regular.namalsk\storage_1\data\dynamic_011.bin" 50 items.
 4:26:14.781   50 items loaded. (0 failed)
 4:26:14.782 [CE][Storage] ver:26 stamp:64281, valid:yes, name:"C:\SERVICES\ni10839481_1_SHARE\ftproot\dayzstandalone\mpmissions\regular.namalsk\storage_1\data\building.bin"
 4:26:14.784 [CE][Storage] ver:26 stamp:63478, valid:yes, name:"C:\SERVICES\ni10839481_1_SHARE\ftproot\dayzstandalone\mpmissions\regular.namalsk\storage_1\data\building.001"
 4:26:14.785 [CE][Storage] ver:26 stamp:63476, valid:yes, name:"C:\SERVICES\ni10839481_1_SHARE\ftproot\dayzstandalone\mpmissions\regular.namalsk\storage_1\data\building.002"
 4:26:14.785 [CE][Storage] Restoring file "C:\SERVICES\ni10839481_1_SHARE\ftproot\dayzstandalone\mpmissions\regular.namalsk\storage_1\data\building.bin" 0 items.
 4:26:14.785   0 items loaded. (0 failed)
 4:26:14.787 [CE][Storage] ver:25 stamp:64281, valid:yes, name:"C:\SERVICES\ni10839481_1_SHARE\ftproot\dayzstandalone\mpmissions\regular.namalsk\storage_1\data\vehicles.bin"
 4:26:14.789 [CE][Storage] ver:25 stamp:63478, valid:yes, name:"C:\SERVICES\ni10839481_1_SHARE\ftproot\dayzstandalone\mpmissions\regular.namalsk\storage_1\data\vehicles.001"
 4:26:14.791 [CE][Storage] ver:25 stamp:63476, valid:yes, name:"C:\SERVICES\ni10839481_1_SHARE\ftproot\dayzstandalone\mpmissions\regular.namalsk\storage_1\data\vehicles.002"
 4:26:14.791 [CE][Storage] Restoring file "C:\SERVICES\ni10839481_1_SHARE\ftproot\dayzstandalone\mpmissions\regular.namalsk\storage_1\data\vehicles.bin" 56 items.
 4:26:14.984   56 items loaded. (0 failed)
 4:26:15.04 [CE][Hive] :: Storage load took:6.72 seconds, recovery stamp:64281
 4:26:15.04   entity: 9079, building: 0
 4:26:15.04   no lifetime: 14
 4:26:15.04   pathgraph's: 371
 4:26:15.09 [CE][Hive] :: Initializing ... 
 4:26:15.46 [CE][InitializeMap] :: initialized: 0
 4:26:15.46 [CE][Hive] :: Initializing spawners ... 
 4:26:15.46 [CE][LootRespawner] (PRIDummy) :: Initially (re)spawned:0, Nominal:6458, Total in Map: 5904 at 0 (sec)
 4:26:15.46   tests:0, repeats:0 fails:0, overtime:0
 4:26:17.802 [CE][DynEvent] :: 23 types
 4:26:17.802 [00] Loot
 4:26:17.802   Primary Spawner: "Loot", active: yes, repeat: 2
 4:26:17.802 [01] StaticMedDrop
 4:26:17.802   Primary Spawner: "Static", active: yes, repeat: 1
 4:26:17.802 [02] StaticLifeboat
 4:26:17.802   Primary Spawner: "Static", active: yes, repeat: 1
 4:26:17.802 [03] ItemWoodenPlanks
 4:26:17.802   Primary Spawner: "Item", active: yes, repeat: 1
 4:26:17.802 [04] TrajectoryStones
 4:26:17.802   Primary Spawner: "Trajectory", active: yes, repeat: 1
 4:26:17.802 [05] InfectedSanta
 4:26:17.802   Primary Spawner: "Infected", active: yes, repeat: 1
 4:26:17.802 [06] InfectedArmy
 4:26:17.802   Primary Spawner: "Infected", active: yes, repeat: 1
 4:26:17.802 [07] InfectedIndustrial
 4:26:17.802   Primary Spawner: "Infected", active: yes, repeat: 1
 4:26:17.802 [08] InfectedCivil
 4:26:17.802   Primary Spawner: "Infected", active: yes, repeat: 1
 4:26:17.802 [09] InfectedMedic
 4:26:17.802   Primary Spawner: "Infected", active: yes, repeat: 1
 4:26:17.802 [10] AnimalGoat
 4:26:17.802   Primary Spawner: "Animal", active: yes, repeat: 1
 4:26:17.802 [11] AnimalSheep
 4:26:17.802   Primary Spawner: "Animal", active: yes, repeat: 1
 4:26:17.802 [12] AnimalReindeer
 4:26:17.802   Primary Spawner: "Animal", active: yes, repeat: 1
 4:26:17.802 [13] AnimalWildBoar
 4:26:17.802   Primary Spawner: "Animal", active: yes, repeat: 1
 4:26:17.802 [14] AnimalWolf
 4:26:17.802   Primary Spawner: "Animal", active: yes, repeat: 1
 4:26:17.802 [15] AnimalBrownBear
 4:26:17.802   Primary Spawner: "Animal", active: yes, repeat: 1
 4:26:17.802 [16] AnimalPolarBear
 4:26:17.802   Primary Spawner: "Animal", active: yes, repeat: 1
 4:26:17.802 [17] AmbientFox
 4:26:17.802   Primary Spawner: "Ambient", active: yes, repeat: 1
 4:26:17.802 [18] AmbientHare
 4:26:17.802   Primary Spawner: "Ambient", active: yes, repeat: 1
 4:26:17.802 [19] VehicleRubberBoats
 4:26:17.802   Primary Spawner: "Vehicle", active: yes, repeat: 1
 4:26:17.802 [20] VehicleCivilianCars
 4:26:17.802   Primary Spawner: "Vehicle", active: yes, repeat: 1
 4:26:17.802 [21] VehicleTrucks
 4:26:17.802   Primary Spawner: "Vehicle", active: yes, repeat: 1
 4:26:17.802 [22] VehicleMilitary
 4:26:17.802   Primary Spawner: "Vehicle", active: yes, repeat: 1
 4:26:17.802 [CE][Hive] :: Initializing of spawners done.
 4:26:17.815 [CE][Hive] :: Init sequence finished.
 4:26:17.815 Player connect enabled
 4:26:18.340 [IdleMode] Entering IN - save processed
11:10:32.117 [Shutdown] Shutting down in 5400 seconds (90 minutes).
11:41:26.443 [Shutdown] Shutting down in 3600 seconds (60 minutes).
11:56:53.615 [Shutdown] Shutting down in 2700 seconds (45 minutes).
12:12:20.717 [Shutdown] Shutting down in 1800 seconds (30 minutes).
12:22:39.71 [Shutdown] Shutting down in 1200 seconds (20 minutes).
12:27:48.292 [Shutdown] Shutting down in 900 seconds (15 minutes).
12:32:57.445 [Shutdown] Shutting down in 600 seconds (10 minutes).
12:38:06.469 [Shutdown] Shutting down in 300 seconds (5 minutes).
12:39:08.198 [Shutdown] Shutting down in 240 seconds (4 minutes).
12:40:09.939 [Shutdown] Shutting down in 180 seconds (3 minutes).
12:41:11.674 [Shutdown] Shutting down in 120 seconds (2 minutes).
12:42:13.580 [Shutdown] Shutting down in 60 seconds (1 minutes).
12:42:13.675 [Shutdown] Saving players, locking server and kicking all players.
12:43:15.377 [Server] :: termination in: 5
12:43:16.377 [Server] :: termination in: 4
12:43:17.378 [Server] :: termination in: 3
12:43:18.378 [Server] :: termination in: 2
12:43:19.378 [Server] :: termination in: 1
12:43:27.808  --- Termination successfully completed --- 
