[04-13-2025][04.25.33] New Synch Log File Created!
[07:08:16] Player (Mendoza, 76561197963413528)(<6310.850098, 21.902084, 9508.443359>) requested data for lock!
[07:08:16] Player (Mendoza, 76561197963413528)(<6303.280762, 21.892134, 9520.394531>) requested data for lock!
[07:08:16] Player (Mendoza, 76561197963413528)(<6307.455078, 21.871454, 9524.430664>) requested data for lock!
[07:48:05] Player (Burli, 76561199403818735)(<6310.850098, 21.902084, 9508.443359>) requested data for lock!
[07:48:05] Player (Burli, 76561199403818735)(<6303.280762, 21.892134, 9520.394531>) requested data for lock!
[07:48:05] Player (Burli, 76561199403818735)(<6307.455078, 21.871454, 9524.430664>) requested data for lock!
[08:35:08] Player (Mendoza, 76561197963413528)(<6307.455078, 21.871454, 9524.430664>) requested data for lock!
[08:35:08] Player (Burli, 76561199403818735)(<6307.455078, 21.871454, 9524.430664>) requested data for lock!
[09:34:29] Player (Burli, 76561199403818735)(<6310.850098, 21.902084, 9508.443359>) requested data for lock!
[09:34:29] Player (Mendoza, 76561197963413528)(<6310.850098, 21.902084, 9508.443359>) requested data for lock!
[09:34:30] Player (Mendoza, 76561197963413528)(<6303.280762, 21.892134, 9520.394531>) requested data for lock!
[09:34:30] Player (Mendoza, 76561197963413528)(<6307.455078, 21.871454, 9524.430664>) requested data for lock!
[09:34:30] Player (Burli, 76561199403818735)(<6303.280762, 21.892134, 9520.394531>) requested data for lock!
[09:34:31] Player (Burli, 76561199403818735)(<6307.455078, 21.871454, 9524.430664>) requested data for lock!
[10:37:03] Player (Mendoza, 76561197963413528)(<6310.850098, 21.902084, 9508.443359>) requested data for lock!
[10:37:03] Player (Burli, 76561199403818735)(<6310.850098, 21.902084, 9508.443359>) requested data for lock!
[10:37:05] Player (Burli, 76561199403818735)(<6303.280762, 21.892134, 9520.394531>) requested data for lock!
[10:37:05] Player (Mendoza, 76561197963413528)(<6303.280762, 21.892134, 9520.394531>) requested data for lock!
[10:37:05] Player (Burli, 76561199403818735)(<6307.455078, 21.871454, 9524.430664>) requested data for lock!
[10:37:05] Player (Mendoza, 76561197963413528)(<6307.455078, 21.871454, 9524.430664>) requested data for lock!
[04-13-2025][12.43.42] Log file reloaded ( Server Restart )
[14:17:23] Player (Delta, 76561198058316831)(<6307.455078, 21.871454, 9524.430664>) requested data for lock!
[14:17:23] Player (Delta, 76561198058316831)(<6303.280762, 21.892134, 9520.394531>) requested data for lock!
[14:17:23] Player (Delta, 76561198058316831)(<6310.850098, 21.902084, 9508.443359>) requested data for lock!
[14:19:41] Player (Burli, 76561199403818735)(<6307.455078, 21.871454, 9524.430664>) requested data for lock!
[14:19:41] Player (Burli, 76561199403818735)(<6303.280762, 21.892134, 9520.394531>) requested data for lock!
[14:19:41] Player (Burli, 76561199403818735)(<6310.850098, 21.902084, 9508.443359>) requested data for lock!
[14:26:18] Player (Mendoza, 76561197963413528)(<6307.455078, 21.871454, 9524.430664>) requested data for lock!
[14:26:18] Player (Mendoza, 76561197963413528)(<6303.280762, 21.892134, 9520.394531>) requested data for lock!
[14:26:18] Player (Mendoza, 76561197963413528)(<6310.850098, 21.902084, 9508.443359>) requested data for lock!
[14:49:24] Player (Mendoza, 76561197963413528)(<6307.455078, 21.871454, 9524.430664>) requested data for lock!
[14:49:25] Player (Mendoza, 76561197963413528)(<6303.280762, 21.892134, 9520.394531>) requested data for lock!
[14:49:25] Player (Mendoza, 76561197963413528)(<6310.850098, 21.902084, 9508.443359>) requested data for lock!
[15:24:01] Player (Mendoza, 76561197963413528)(<6303.280762, 21.892134, 9520.394531>) requested data for lock!
[15:24:01] Player (Mendoza, 76561197963413528)(<6307.455078, 21.871454, 9524.430664>) requested data for lock!
[15:24:02] Player (Mendoza, 76561197963413528)(<6310.850098, 21.902084, 9508.443359>) requested data for lock!
[15:24:04] Player (Delta, 76561198058316831)(<6307.455078, 21.871454, 9524.430664>) requested data for lock!
[15:24:04] Player (Delta, 76561198058316831)(<6303.280762, 21.892134, 9520.394531>) requested data for lock!
[15:24:05] Player (Delta, 76561198058316831)(<6310.850098, 21.902084, 9508.443359>) requested data for lock!
[15:55:12] Player (Mendoza, 76561197963413528)(<6303.280762, 21.892134, 9520.394531>) requested data for lock!
[15:55:13] Player (Mendoza, 76561197963413528)(<6307.455078, 21.871454, 9524.430664>) requested data for lock!
[15:55:15] Player (Mendoza, 76561197963413528)(<6310.850098, 21.902084, 9508.443359>) requested data for lock!
[15:55:20] Player (Delta, 76561198058316831)(<6303.280762, 21.892134, 9520.394531>) requested data for lock!
[15:55:21] Player (Delta, 76561198058316831)(<6307.455078, 21.871454, 9524.430664>) requested data for lock!
[15:55:23] Player (Delta, 76561198058316831)(<6310.850098, 21.902084, 9508.443359>) requested data for lock!
[16:30:41] Player (Delta, 76561198058316831)(<6307.455078, 21.871454, 9524.430664>) requested data for lock!
[16:30:41] Player (Delta, 76561198058316831)(<6303.280762, 21.892134, 9520.394531>) requested data for lock!
[16:30:43] Player (Delta, 76561198058316831)(<6310.850098, 21.902084, 9508.443359>) requested data for lock!
[16:42:15] Player (Mendoza, 76561197963413528)(<6307.455078, 21.871454, 9524.430664>) requested data for lock!
[16:42:15] Player (Mendoza, 76561197963413528)(<6303.280762, 21.892134, 9520.394531>) requested data for lock!
[16:42:17] Player (Mendoza, 76561197963413528)(<6310.850098, 21.902084, 9508.443359>) requested data for lock!
[17:09:40] Player (Burli, 76561199403818735)(<6307.455078, 21.871454, 9524.430664>) requested data for lock!
[17:09:40] Player (Burli, 76561199403818735)(<6303.280762, 21.892134, 9520.394531>) requested data for lock!
[17:09:40] Player (Burli, 76561199403818735)(<6310.850098, 21.902084, 9508.443359>) requested data for lock!
[17:34:50] Player (Burli, 76561199403818735)(<6307.455078, 21.871454, 9524.430664>) requested data for lock!
[17:34:50] Player (Burli, 76561199403818735)(<6303.280762, 21.892134, 9520.394531>) requested data for lock!
[17:34:50] Player (Burli, 76561199403818735)(<6310.850098, 21.902084, 9508.443359>) requested data for lock!
[19:20:15] Player (Mendoza, 76561197963413528)(<6307.455078, 21.871454, 9524.430664>) requested data for lock!
[19:20:15] Player (Burli, 76561199403818735)(<6310.850098, 21.902084, 9508.443359>) requested data for lock!
[19:20:15] Player (Mendoza, 76561197963413528)(<6310.850098, 21.902084, 9508.443359>) requested data for lock!
[19:20:17] Player (Burli, 76561199403818735)(<6307.455078, 21.871454, 9524.430664>) requested data for lock!
[19:20:17] Player (Burli, 76561199403818735)(<6303.280762, 21.892134, 9520.394531>) requested data for lock!
[19:20:17] Player (Mendoza, 76561197963413528)(<6303.280762, 21.892134, 9520.394531>) requested data for lock!
[19:21:09] Player (HeliosAndy, 76561199473796806)(<6307.455078, 21.871454, 9524.430664>) requested data for lock!
[19:21:09] Player (HeliosAndy, 76561199473796806)(<6303.280762, 21.892134, 9520.394531>) requested data for lock!
[19:21:09] Player (HeliosAndy, 76561199473796806)(<6310.850098, 21.902084, 9508.443359>) requested data for lock!
[19:21:42] Player (Burli, 76561199403818735)(<6310.850098, 21.902084, 9508.443359>) requested data for lock!
[19:21:45] Player (Mendoza, 76561197963413528)(<6310.850098, 21.902084, 9508.443359>) requested data for lock!
[19:25:52] Player (Burli, 76561199403818735)(<6310.850098, 21.902084, 9508.443359>) requested data for lock!
[19:25:52] Player (Mendoza, 76561197963413528)(<6310.850098, 21.902084, 9508.443359>) requested data for lock!
[19:25:54] Player (Burli, 76561199403818735)(<6307.455078, 21.871454, 9524.430664>) requested data for lock!
[19:25:54] Player (Burli, 76561199403818735)(<6303.280762, 21.892134, 9520.394531>) requested data for lock!
[19:25:55] Player (Mendoza, 76561197963413528)(<6307.455078, 21.871454, 9524.430664>) requested data for lock!
[19:25:55] Player (Mendoza, 76561197963413528)(<6303.280762, 21.892134, 9520.394531>) requested data for lock!
[04-13-2025][21.02.30] Log file reloaded ( Server Restart )
[21:22:05] Player (Delta, 76561198058316831)(<6310.850098, 21.902084, 9508.443359>) requested data for lock!
[21:22:05] Player (Delta, 76561198058316831)(<6307.455078, 21.871454, 9524.430664>) requested data for lock!
[21:22:05] Player (Delta, 76561198058316831)(<6303.280762, 21.892134, 9520.394531>) requested data for lock!
[21:37:08] Player (Mendoza, 76561197963413528)(<6310.850098, 21.902084, 9508.443359>) requested data for lock!
[21:37:08] Player (HeliosAndy, 76561199473796806)(<6310.850098, 21.902084, 9508.443359>) requested data for lock!
[21:37:09] Player (Burli, 76561199403818735)(<6310.850098, 21.902084, 9508.443359>) requested data for lock!
[21:37:09] Player (Mendoza, 76561197963413528)(<6303.280762, 21.892134, 9520.394531>) requested data for lock!
[21:37:10] Player (Burli, 76561199403818735)(<6307.455078, 21.871454, 9524.430664>) requested data for lock!
[21:37:10] Player (Burli, 76561199403818735)(<6303.280762, 21.892134, 9520.394531>) requested data for lock!
[21:37:10] Player (Mendoza, 76561197963413528)(<6307.455078, 21.871454, 9524.430664>) requested data for lock!
[21:37:10] Player (HeliosAndy, 76561199473796806)(<6307.455078, 21.871454, 9524.430664>) requested data for lock!
[21:37:10] Player (HeliosAndy, 76561199473796806)(<6303.280762, 21.892134, 9520.394531>) requested data for lock!
[23:43:27] Player (SamGeekMan, 76561198025089838)(<6310.850098, 21.902084, 9508.443359>) requested data for lock!
[23:43:27] Player (SamGeekMan, 76561198025089838)(<6307.455078, 21.871454, 9524.430664>) requested data for lock!
[23:43:27] Player (SamGeekMan, 76561198025089838)(<6303.280762, 21.892134, 9520.394531>) requested data for lock!
