[04-07-2025][04.25.22] New Synch Log File Created!
[04-07-2025][12.42.22] Log file reloaded ( Server Restart )
[15:56:23] Player (Mendoza, 76561197963413528)(<6307.455078, 21.871454, 9524.430664>) requested data for lock!
[15:56:23] Player (Burli, 76561199403818735)(<6307.455078, 21.871454, 9524.430664>) requested data for lock!
[15:56:23] Player (Vygeta, 76561198065333779)(<6307.455078, 21.871454, 9524.430664>) requested data for lock!
[15:56:23] Player (Delta, 76561198058316831)(<6307.455078, 21.871454, 9524.430664>) requested data for lock!
[16:34:59] Player (Delta, 76561198058316831)(<6307.455078, 21.871454, 9524.430664>) requested data for lock!
[16:35:00] Player (Burli, 76561199403818735)(<6307.455078, 21.871454, 9524.430664>) requested data for lock!
[16:43:14] Player (Delta, 76561198058316831)(<6307.455078, 21.871454, 9524.430664>) requested data for lock!
[16:43:15] Player (Burli, 76561199403818735)(<6307.455078, 21.871454, 9524.430664>) requested data for lock!
[16:53:17] Player (Vygeta, 76561198065333779)(<6307.455078, 21.871454, 9524.430664>) requested data for lock!
[18:09:23] Player (MustangCricket, 76561197963408317)(<6307.455078, 21.871454, 9524.430664>) requested data for lock!
[18:22:35] Player (Mendoza, 76561197963413528)(<6307.455078, 21.871454, 9524.430664>) requested data for lock!
[18:26:53] Player (Vygeta, 76561198065333779)(<6307.455078, 21.871454, 9524.430664>) requested data for lock!
[18:28:03] Player (Delta, 76561198058316831)(<6307.455078, 21.871454, 9524.430664>) requested data for lock!
[19:57:05] Player (Mendoza, 76561197963413528)(<6310.850098, 21.902084, 9508.443359>) requested data for lock!
[19:57:05] Player (Vygeta, 76561198065333779)(<6310.850098, 21.902084, 9508.443359>) requested data for lock!
[20:01:52] Player (Mendoza, 76561197963413528)(<6310.850098, 21.902084, 9508.443359>) requested data for lock!
[20:01:52] Player (Vygeta, 76561198065333779)(<6310.850098, 21.902084, 9508.443359>) requested data for lock!
[04-07-2025][20.58.39] Log file reloaded ( Server Restart )
[21:07:59] Player (Mendoza, 76561197963413528)(<6307.455078, 21.871454, 9524.430664>) requested data for lock!
[21:08:03] Player (Mendoza, 76561197963413528)(<6310.850098, 21.902084, 9508.443359>) requested data for lock!
[21:09:52] Player (Mendoza, 76561197963413528)(<6310.850098, 21.902084, 9508.443359>) requested data for lock!
[21:12:05] Player (Mendoza, 76561197963413528)(<6307.455078, 21.871454, 9524.430664>) requested data for lock!
[21:12:12] Player (Mendoza, 76561197963413528)(<6310.850098, 21.902084, 9508.443359>) requested data for lock!
[21:13:20] Player (Mendoza, 76561197963413528)(<6307.455078, 21.871454, 9524.430664>) requested data for lock!
[21:13:23] Player (Mendoza, 76561197963413528)(<6310.850098, 21.902084, 9508.443359>) requested data for lock!
[21:15:45] Player (Vygeta, 76561198065333779)(<6310.850098, 21.902084, 9508.443359>) requested data for lock!
[21:15:45] Player (Vygeta, 76561198065333779)(<6307.455078, 21.871454, 9524.430664>) requested data for lock!
[21:30:05] Player (SamGeekMan, 76561198025089838)(<6310.850098, 21.902084, 9508.443359>) requested data for lock!
[21:30:05] Player (SamGeekMan, 76561198025089838)(<6307.455078, 21.871454, 9524.430664>) requested data for lock!
[21:33:37] Player (Burli, 76561199403818735)(<6310.850098, 21.902084, 9508.443359>) requested data for lock!
[21:33:37] Player (Burli, 76561199403818735)(<6307.455078, 21.871454, 9524.430664>) requested data for lock!
[22:00:33] Player (SamGeekMan, 76561198025089838)(<6310.850098, 21.902084, 9508.443359>) requested data for lock!
[22:00:36] Player (SamGeekMan, 76561198025089838)(<6307.455078, 21.871454, 9524.430664>) requested data for lock!
[22:19:06] Player (Delta, 76561198058316831)(<6310.850098, 21.902084, 9508.443359>) requested data for lock!
[22:19:06] Player (Delta, 76561198058316831)(<6307.455078, 21.871454, 9524.430664>) requested data for lock!
[01:26:25] Player (Delta, 76561198058316831)(<6307.455078, 21.871454, 9524.430664>) requested data for lock!
[01:26:26] Player (Delta, 76561198058316831)(<6310.850098, 21.902084, 9508.443359>) requested data for lock!
[01:26:27] Player (SamGeekMan, 76561198025089838)(<6307.455078, 21.871454, 9524.430664>) requested data for lock!
[01:26:33] Player (SamGeekMan, 76561198025089838)(<6310.850098, 21.902084, 9508.443359>) requested data for lock!
[01:31:33] Player (SamGeekMan, 76561198025089838)(<6310.850098, 21.902084, 9508.443359>) requested data for lock!
[01:31:33] Player (Delta, 76561198058316831)(<6310.850098, 21.902084, 9508.443359>) requested data for lock!
[02:20:31] Player (Delta, 76561198058316831)(<6310.850098, 21.902084, 9508.443359>) requested data for lock!
[02:20:32] Player (Delta, 76561198058316831)(<6307.455078, 21.871454, 9524.430664>) requested data for lock!
[02:29:05] Player (Delta, 76561198058316831)(<6310.850098, 21.902084, 9508.443359>) requested data for lock!
[02:29:05] Player (Delta, 76561198058316831)(<6307.455078, 21.871454, 9524.430664>) requested data for lock!
[02:50:40] Player (Delta, 76561198058316831)(<6310.850098, 21.902084, 9508.443359>) requested data for lock!
