[04-09-2025][04.25.18] New Synch Log File Created!
[07:38:44] Player (Mendoza, 76561197963413528)(<6310.850098, 21.902084, 9508.443359>) requested data for lock!
[07:38:46] Player (Mendoza, 76561197963413528)(<6303.280762, 21.892134, 9520.394531>) requested data for lock!
[07:38:46] Player (Mendoza, 76561197963413528)(<6307.455078, 21.871454, 9524.430664>) requested data for lock!
[10:13:57] Player (Delta, 76561198058316831)(<6303.280762, 21.892134, 9520.394531>) requested data for lock!
[10:13:58] Player (Delta, 76561198058316831)(<6307.455078, 21.871454, 9524.430664>) requested data for lock!
[10:13:59] Player (Delta, 76561198058316831)(<6310.850098, 21.902084, 9508.443359>) requested data for lock!
[10:55:29] Player (Delta, 76561198058316831)(<6303.280762, 21.892134, 9520.394531>) requested data for lock!
[10:55:29] Player (Delta, 76561198058316831)(<6310.850098, 21.902084, 9508.443359>) requested data for lock!
[10:55:29] Player (Delta, 76561198058316831)(<6307.455078, 21.871454, 9524.430664>) requested data for lock!
[04-09-2025][12.42.34] Log file reloaded ( Server Restart )
[14:24:00] Player (Burli, 76561199403818735)(<6303.280762, 21.892134, 9520.394531>) requested data for lock!
[14:24:00] Player (Burli, 76561199403818735)(<6310.850098, 21.902084, 9508.443359>) requested data for lock!
[14:24:00] Player (Burli, 76561199403818735)(<6307.455078, 21.871454, 9524.430664>) requested data for lock!
[14:30:29] Player (Vygeta, 76561198065333779)(<6303.280762, 21.892134, 9520.394531>) requested data for lock!
[14:30:29] Player (Vygeta, 76561198065333779)(<6310.850098, 21.902084, 9508.443359>) requested data for lock!
[14:30:30] Player (Vygeta, 76561198065333779)(<6307.455078, 21.871454, 9524.430664>) requested data for lock!
[14:35:00] Player (Vygeta, 76561198065333779)(<6307.455078, 21.871454, 9524.430664>) requested data for lock!
[14:35:00] Player (Burli, 76561199403818735)(<6307.455078, 21.871454, 9524.430664>) requested data for lock!
[16:39:50] Player (Burli, 76561199403818735)(<6303.280762, 21.892134, 9520.394531>) requested data for lock!
[16:39:50] Player (Burli, 76561199403818735)(<6310.850098, 21.902084, 9508.443359>) requested data for lock!
[16:39:51] Player (Burli, 76561199403818735)(<6307.455078, 21.871454, 9524.430664>) requested data for lock!
[17:07:06] Player (Mendoza, 76561197963413528)(<6303.280762, 21.892134, 9520.394531>) requested data for lock!
[17:07:06] Player (Mendoza, 76561197963413528)(<6310.850098, 21.902084, 9508.443359>) requested data for lock!
[17:07:07] Player (Mendoza, 76561197963413528)(<6307.455078, 21.871454, 9524.430664>) requested data for lock!
[18:34:33] Player (Burli, 76561199403818735)(<6303.280762, 21.892134, 9520.394531>) requested data for lock!
[18:34:33] Player (Burli, 76561199403818735)(<6310.850098, 21.902084, 9508.443359>) requested data for lock!
[18:34:33] Player (Burli, 76561199403818735)(<6307.455078, 21.871454, 9524.430664>) requested data for lock!
[18:54:37] Player (Burli, 76561199403818735)(<6303.280762, 21.892134, 9520.394531>) requested data for lock!
[18:54:38] Player (Burli, 76561199403818735)(<6310.850098, 21.902084, 9508.443359>) requested data for lock!
[18:54:38] Player (Burli, 76561199403818735)(<6307.455078, 21.871454, 9524.430664>) requested data for lock!
[19:03:52] Player (Delta, 76561198058316831)(<6303.280762, 21.892134, 9520.394531>) requested data for lock!
[19:03:52] Player (Delta, 76561198058316831)(<6310.850098, 21.902084, 9508.443359>) requested data for lock!
[19:03:52] Player (Delta, 76561198058316831)(<6307.455078, 21.871454, 9524.430664>) requested data for lock!
[19:21:01] Player (Burli, 76561199403818735)(<6303.280762, 21.892134, 9520.394531>) requested data for lock!
[19:21:01] Player (Burli, 76561199403818735)(<6310.850098, 21.902084, 9508.443359>) requested data for lock!
[19:21:01] Player (Burli, 76561199403818735)(<6307.455078, 21.871454, 9524.430664>) requested data for lock!
[20:00:20] Player (Burli, 76561199403818735)(<6303.280762, 21.892134, 9520.394531>) requested data for lock!
[20:00:20] Player (Burli, 76561199403818735)(<6307.455078, 21.871454, 9524.430664>) requested data for lock!
[20:00:21] Player (Delta, 76561198058316831)(<6303.280762, 21.892134, 9520.394531>) requested data for lock!
[20:00:21] Player (Delta, 76561198058316831)(<6307.455078, 21.871454, 9524.430664>) requested data for lock!
[20:00:22] Player (Delta, 76561198058316831)(<6310.850098, 21.902084, 9508.443359>) requested data for lock!
[20:00:23] Player (Burli, 76561199403818735)(<6310.850098, 21.902084, 9508.443359>) requested data for lock!
[04-09-2025][21.00.05] Log file reloaded ( Server Restart )
[21:58:32] Player (Mendoza, 76561197963413528)(<6310.850098, 21.902084, 9508.443359>) requested data for lock!
[21:58:33] Player (Vygeta, 76561198065333779)(<6303.280762, 21.892134, 9520.394531>) requested data for lock!
[21:58:33] Player (Vygeta, 76561198065333779)(<6310.850098, 21.902084, 9508.443359>) requested data for lock!
[21:58:33] Player (Mendoza, 76561197963413528)(<6303.280762, 21.892134, 9520.394531>) requested data for lock!
[21:58:34] Player (Mendoza, 76561197963413528)(<6307.455078, 21.871454, 9524.430664>) requested data for lock!
[21:58:35] Player (Vygeta, 76561198065333779)(<6307.455078, 21.871454, 9524.430664>) requested data for lock!
[22:14:24] Player (Delta, 76561198058316831)(<6303.280762, 21.892134, 9520.394531>) requested data for lock!
[22:14:24] Player (Delta, 76561198058316831)(<6310.850098, 21.902084, 9508.443359>) requested data for lock!
[22:14:24] Player (Delta, 76561198058316831)(<6307.455078, 21.871454, 9524.430664>) requested data for lock!
[22:14:25] Player (Burli, 76561199403818735)(<6303.280762, 21.892134, 9520.394531>) requested data for lock!
[22:14:25] Player (Burli, 76561199403818735)(<6310.850098, 21.902084, 9508.443359>) requested data for lock!
[22:14:26] Player (Burli, 76561199403818735)(<6307.455078, 21.871454, 9524.430664>) requested data for lock!
[22:18:29] Player (SamGeekMan, 76561198025089838)(<6303.280762, 21.892134, 9520.394531>) requested data for lock!
[22:18:29] Player (SamGeekMan, 76561198025089838)(<6307.455078, 21.871454, 9524.430664>) requested data for lock!
[22:18:31] Player (SamGeekMan, 76561198025089838)(<6310.850098, 21.902084, 9508.443359>) requested data for lock!
[22:46:31] Player (Mendoza, 76561197963413528)(<6303.280762, 21.892134, 9520.394531>) requested data for lock!
[22:46:31] Player (Vygeta, 76561198065333779)(<6303.280762, 21.892134, 9520.394531>) requested data for lock!
[22:46:31] Player (SamGeekMan, 76561198025089838)(<6303.280762, 21.892134, 9520.394531>) requested data for lock!
[22:46:31] Player (Burli, 76561199403818735)(<6303.280762, 21.892134, 9520.394531>) requested data for lock!
[22:46:31] Player (Delta, 76561198058316831)(<6303.280762, 21.892134, 9520.394531>) requested data for lock!
[23:14:25] Player (SamGeekMan, 76561198025089838)(<6310.850098, 21.902084, 9508.443359>) requested data for lock!
[23:14:27] Player (SamGeekMan, 76561198025089838)(<6303.280762, 21.892134, 9520.394531>) requested data for lock!
[23:14:29] Player (SamGeekMan, 76561198025089838)(<6307.455078, 21.871454, 9524.430664>) requested data for lock!
[23:33:26] Player (Delta, 76561198058316831)(<6307.455078, 21.871454, 9524.430664>) requested data for lock!
[23:33:28] Player (Delta, 76561198058316831)(<6303.280762, 21.892134, 9520.394531>) requested data for lock!
[23:33:28] Player (Delta, 76561198058316831)(<6310.850098, 21.902084, 9508.443359>) requested data for lock!
[00:33:19] Player (SamGeekMan, 76561198025089838)(<6310.850098, 21.902084, 9508.443359>) requested data for lock!
[00:33:20] Player (SamGeekMan, 76561198025089838)(<6307.455078, 21.871454, 9524.430664>) requested data for lock!
[00:33:21] Player (SamGeekMan, 76561198025089838)(<6303.280762, 21.892134, 9520.394531>) requested data for lock!
