[04-08-2025][04.25.35] New Synch Log File Created!
[10:00:35] Player (Mendoza, 76561197963413528)(<6310.850098, 21.902084, 9508.443359>) requested data for lock!
[10:00:35] Player (Mendoza, 76561197963413528)(<6307.455078, 21.871454, 9524.430664>) requested data for lock!
[10:21:21] Player (Mendoza, 76561197963413528)(<6310.850098, 21.902084, 9508.443359>) requested data for lock!
[10:21:22] Player (Mendoza, 76561197963413528)(<6307.455078, 21.871454, 9524.430664>) requested data for lock!
[10:37:23] Player (Mendoza, 76561197963413528)(<6310.850098, 21.902084, 9508.443359>) requested data for lock!
[10:37:24] Player (Mendoza, 76561197963413528)(<6307.455078, 21.871454, 9524.430664>) requested data for lock!
[10:45:51] Player (Mendoza, 76561197963413528)(<6310.850098, 21.902084, 9508.443359>) requested data for lock!
[10:46:15] Player (Mendoza, 76561197963413528)(<6307.455078, 21.871454, 9524.430664>) requested data for lock!
[11:03:26] Player (Mendoza, 76561197963413528)(<6310.850098, 21.902084, 9508.443359>) requested data for lock!
[11:03:26] Player (Mendoza, 76561197963413528)(<6307.455078, 21.871454, 9524.430664>) requested data for lock!
[11:23:27] Player (Mendoza, 76561197963413528)(<6307.455078, 21.871454, 9524.430664>) requested data for lock!
[11:23:28] Player (Mendoza, 76561197963413528)(<6310.850098, 21.902084, 9508.443359>) requested data for lock!
[11:59:42] Player (Delta, 76561198058316831)(<6310.850098, 21.902084, 9508.443359>) requested data for lock!
[11:59:44] Player (Delta, 76561198058316831)(<6307.455078, 21.871454, 9524.430664>) requested data for lock!
[04-08-2025][12.43.59] Log file reloaded ( Server Restart )
[12:45:51] Player (Delta, 76561198058316831)(<6307.455078, 21.871454, 9524.430664>) requested data for lock!
[12:45:51] Player (Delta, 76561198058316831)(<6310.850098, 21.902084, 9508.443359>) requested data for lock!
[13:50:40] Player (Delta, 76561198058316831)(<6310.850098, 21.902084, 9508.443359>) requested data for lock!
[13:50:41] Player (Delta, 76561198058316831)(<6307.455078, 21.871454, 9524.430664>) requested data for lock!
[13:54:54] Player (Delta, 76561198058316831)(<6307.455078, 21.871454, 9524.430664>) requested data for lock!
[14:07:10] Player (Mendoza, 76561197963413528)(<6307.455078, 21.871454, 9524.430664>) requested data for lock!
[14:07:10] Player (Mendoza, 76561197963413528)(<6310.850098, 21.902084, 9508.443359>) requested data for lock!
[14:12:27] Player (Mendoza, 76561197963413528)(<6307.455078, 21.871454, 9524.430664>) requested data for lock!
[15:02:23] Player (Vygeta, 76561198065333779)(<6307.455078, 21.871454, 9524.430664>) requested data for lock!
[15:02:23] Player (Vygeta, 76561198065333779)(<6310.850098, 21.902084, 9508.443359>) requested data for lock!
[15:07:40] Player (Vygeta, 76561198065333779)(<6307.455078, 21.871454, 9524.430664>) requested data for lock!
[15:07:40] Player (Mendoza, 76561197963413528)(<6307.455078, 21.871454, 9524.430664>) requested data for lock!
[15:17:37] Player (HeliosAndy, 76561199473796806)(<6307.455078, 21.871454, 9524.430664>) requested data for lock!
[15:17:37] Player (HeliosAndy, 76561199473796806)(<6310.850098, 21.902084, 9508.443359>) requested data for lock!
[15:23:37] Player (Delta, 76561198058316831)(<6307.455078, 21.871454, 9524.430664>) requested data for lock!
[15:23:38] Player (Delta, 76561198058316831)(<6310.850098, 21.902084, 9508.443359>) requested data for lock!
[15:32:24] Player (Delta, 76561198058316831)(<6307.455078, 21.871454, 9524.430664>) requested data for lock!
[15:32:24] Player (Delta, 76561198058316831)(<6310.850098, 21.902084, 9508.443359>) requested data for lock!
[15:41:22] Player (Mendoza, 76561197963413528)(<6310.850098, 21.902084, 9508.443359>) requested data for lock!
[15:41:22] Player (HeliosAndy, 76561199473796806)(<6310.850098, 21.902084, 9508.443359>) requested data for lock!
[15:41:22] Player (Delta, 76561198058316831)(<6310.850098, 21.902084, 9508.443359>) requested data for lock!
[15:53:19] Player (Mendoza, 76561197963413528)(<6310.850098, 21.902084, 9508.443359>) requested data for lock!
[15:53:20] Player (Mendoza, 76561197963413528)(<6307.455078, 21.871454, 9524.430664>) requested data for lock!
[16:05:31] Player (HeliosAndy, 76561199473796806)(<6307.455078, 21.871454, 9524.430664>) requested data for lock!
[16:05:32] Player (HeliosAndy, 76561199473796806)(<6310.850098, 21.902084, 9508.443359>) requested data for lock!
[16:17:14] Player (Burli, 76561199403818735)(<6307.455078, 21.871454, 9524.430664>) requested data for lock!
[16:17:14] Player (Burli, 76561199403818735)(<6310.850098, 21.902084, 9508.443359>) requested data for lock!
[16:27:12] Player (Burli, 76561199403818735)(<6307.455078, 21.871454, 9524.430664>) requested data for lock!
[16:31:00] Player (Burli, 76561199403818735)(<6310.850098, 21.902084, 9508.443359>) requested data for lock!
[16:34:12] Player (Delta, 76561198058316831)(<6307.455078, 21.871454, 9524.430664>) requested data for lock!
[16:34:12] Player (Delta, 76561198058316831)(<6310.850098, 21.902084, 9508.443359>) requested data for lock!
[16:35:08] Player (Delta, 76561198058316831)(<6310.850098, 21.902084, 9508.443359>) requested data for lock!
[16:59:05] Player (Delta, 76561198058316831)(<6307.455078, 21.871454, 9524.430664>) requested data for lock!
[17:36:51] Player (Delta, 76561198058316831)(<6307.455078, 21.871454, 9524.430664>) requested data for lock!
[17:36:51] Player (Delta, 76561198058316831)(<6310.850098, 21.902084, 9508.443359>) requested data for lock!
[17:46:26] Player (Burli, 76561199403818735)(<6307.455078, 21.871454, 9524.430664>) requested data for lock!
[17:46:26] Player (Burli, 76561199403818735)(<6310.850098, 21.902084, 9508.443359>) requested data for lock!
[17:49:16] Player (Mendoza, 76561197963413528)(<6307.455078, 21.871454, 9524.430664>) requested data for lock!
[17:49:18] Player (Mendoza, 76561197963413528)(<6310.850098, 21.902084, 9508.443359>) requested data for lock!
[17:49:46] Player (Mendoza, 76561197963413528)(<6310.850098, 21.902084, 9508.443359>) requested data for lock!
[17:58:04] Player (Delta, 76561198058316831)(<6307.455078, 21.871454, 9524.430664>) requested data for lock!
[17:58:04] Player (Mendoza, 76561197963413528)(<6307.455078, 21.871454, 9524.430664>) requested data for lock!
[17:58:04] Player (Mendoza, 76561197963413528)(<6310.850098, 21.902084, 9508.443359>) requested data for lock!
[17:58:05] Player (Delta, 76561198058316831)(<6310.850098, 21.902084, 9508.443359>) requested data for lock!
[17:58:39] Player (Mendoza, 76561197963413528)(<6307.455078, 21.871454, 9524.430664>) requested data for lock!
[18:42:34] Player (Vygeta, 76561198065333779)(<6307.455078, 21.871454, 9524.430664>) requested data for lock!
[18:42:34] Player (Vygeta, 76561198065333779)(<6310.850098, 21.902084, 9508.443359>) requested data for lock!
[19:00:15] Player (Mendoza, 76561197963413528)(<6303.280762, 21.892134, 9520.394531>) requested data for lock!
[19:00:15] Player (Burli, 76561199403818735)(<6303.280762, 21.892134, 9520.394531>) requested data for lock!
[19:23:38] Player (Mendoza, 76561197963413528)(<6307.455078, 21.871454, 9524.430664>) requested data for lock!
[19:23:38] Player (Burli, 76561199403818735)(<6307.455078, 21.871454, 9524.430664>) requested data for lock!
[20:49:04] Player (Burli, 76561199403818735)(<6307.455078, 21.871454, 9524.430664>) requested data for lock!
[04-08-2025][21.01.20] Log file reloaded ( Server Restart )
[21:14:23] Player (Burli, 76561199403818735)(<6310.850098, 21.902084, 9508.443359>) requested data for lock!
[21:14:23] Player (Burli, 76561199403818735)(<6307.455078, 21.871454, 9524.430664>) requested data for lock!
[21:14:23] Player (Burli, 76561199403818735)(<6303.280762, 21.892134, 9520.394531>) requested data for lock!
[21:33:04] Player (Burli, 76561199403818735)(<6310.850098, 21.902084, 9508.443359>) requested data for lock!
[21:33:04] Player (Burli, 76561199403818735)(<6307.455078, 21.871454, 9524.430664>) requested data for lock!
[21:33:04] Player (Burli, 76561199403818735)(<6303.280762, 21.892134, 9520.394531>) requested data for lock!
[22:32:54] Player (SamGeekMan, 76561198025089838)(<6310.850098, 21.902084, 9508.443359>) requested data for lock!
[22:32:54] Player (SamGeekMan, 76561198025089838)(<6307.455078, 21.871454, 9524.430664>) requested data for lock!
[22:32:54] Player (SamGeekMan, 76561198025089838)(<6303.280762, 21.892134, 9520.394531>) requested data for lock!
[22:50:52] Player (Delta, 76561198058316831)(<6310.850098, 21.902084, 9508.443359>) requested data for lock!
[22:50:52] Player (Delta, 76561198058316831)(<6307.455078, 21.871454, 9524.430664>) requested data for lock!
[22:50:52] Player (Delta, 76561198058316831)(<6303.280762, 21.892134, 9520.394531>) requested data for lock!
[23:20:06] Player (Delta, 76561198058316831)(<6310.850098, 21.902084, 9508.443359>) requested data for lock!
[23:20:06] Player (Delta, 76561198058316831)(<6303.280762, 21.892134, 9520.394531>) requested data for lock!
[23:20:08] Player (Delta, 76561198058316831)(<6307.455078, 21.871454, 9524.430664>) requested data for lock!
[01:37:43] Player (Delta, 76561198058316831)(<6310.850098, 21.902084, 9508.443359>) requested data for lock!
[01:37:43] Player (Delta, 76561198058316831)(<6307.455078, 21.871454, 9524.430664>) requested data for lock!
[01:37:43] Player (Delta, 76561198058316831)(<6303.280762, 21.892134, 9520.394531>) requested data for lock!
[01:52:11] Player (Delta, 76561198058316831)(<6303.280762, 21.892134, 9520.394531>) requested data for lock!
[02:18:51] Player (Delta, 76561198058316831)(<6310.850098, 21.902084, 9508.443359>) requested data for lock!
[02:18:51] Player (Delta, 76561198058316831)(<6307.455078, 21.871454, 9524.430664>) requested data for lock!
[02:18:51] Player (Delta, 76561198058316831)(<6303.280762, 21.892134, 9520.394531>) requested data for lock!
