[05-17-2025][04.26.00] New Synch Log File Created!
[12:18:04] Player (SENSEI, 76561198279812726)(<6318.932129, 21.805933, 9538.139648>) requested data for lock!
[12:18:07] Player (SENSEI, 76561198279812726)(<6319.344238, 21.766153, 9508.742188>) requested data for lock!
[12:18:07] Player (SENSEI, 76561198279812726)(<6298.707031, 21.894258, 9521.250977>) requested data for lock!
[12:18:08] Player (SENSEI, 76561198279812726)(<6323.524414, 21.737755, 9508.852539>) requested data for lock!
[12:18:08] Player (SENSEI, 76561198279812726)(<6307.780273, 21.888290, 9515.652344>) requested data for lock!
[12:18:09] Player (SENSEI, 76561198279812726)(<6314.928223, 21.875349, 9512.620117>) requested data for lock!
[12:18:09] Player (SENSEI, 76561198279812726)(<6310.850098, 21.902084, 9508.443359>) requested data for lock!
[12:18:11] Player (SENSEI, 76561198279812726)(<6295.278809, 21.912560, 9518.042969>) requested data for lock!
[12:18:21] Player (SENSEI, 76561198279812726)(<6325.465820, 22.154179, 9406.088867>) requested data for lock!
[05-17-2025][12.44.19] Log file reloaded ( Server Restart )
[16:18:24] Player (Mendoza, 76561197963413528)(<6318.932129, 21.805933, 9538.139648>) requested data for lock!
[16:18:24] Player (Mendoza, 76561197963413528)(<6325.465820, 22.154179, 9406.088867>) requested data for lock!
[16:18:24] Player (Mendoza, 76561197963413528)(<6323.524414, 21.737755, 9508.852539>) requested data for lock!
[16:18:24] Player (Mendoza, 76561197963413528)(<6310.850098, 21.902084, 9508.443359>) requested data for lock!
[16:18:24] Player (Mendoza, 76561197963413528)(<6295.278809, 21.912560, 9518.042969>) requested data for lock!
[16:18:24] Player (Mendoza, 76561197963413528)(<6319.344238, 21.766153, 9508.742188>) requested data for lock!
[16:18:28] Player (Mendoza, 76561197963413528)(<6307.780273, 21.888290, 9515.652344>) requested data for lock!
[16:18:29] Player (Mendoza, 76561197963413528)(<6298.707031, 21.894258, 9521.250977>) requested data for lock!
[16:18:29] Player (Mendoza, 76561197963413528)(<6314.928223, 21.875349, 9512.620117>) requested data for lock!
[20:59:52] Player (Mendoza, 76561197963413528)(<6318.932129, 21.805933, 9538.139648>) requested data for lock!
[20:59:52] Player (Mendoza, 76561197963413528)(<6325.465820, 22.154179, 9406.088867>) requested data for lock!
[20:59:52] Player (Mendoza, 76561197963413528)(<6323.524414, 21.737755, 9508.852539>) requested data for lock!
[20:59:52] Player (Mendoza, 76561197963413528)(<6310.850098, 21.902084, 9508.443359>) requested data for lock!
[20:59:52] Player (Mendoza, 76561197963413528)(<6295.278809, 21.912560, 9518.042969>) requested data for lock!
[20:59:52] Player (Mendoza, 76561197963413528)(<6319.344238, 21.766153, 9508.742188>) requested data for lock!
[20:59:57] Player (Mendoza, 76561197963413528)(<6307.780273, 21.888290, 9515.652344>) requested data for lock!
[20:59:57] Player (Mendoza, 76561197963413528)(<6298.707031, 21.894258, 9521.250977>) requested data for lock!
[20:59:57] Player (Mendoza, 76561197963413528)(<6314.928223, 21.875349, 9512.620117>) requested data for lock!
[05-17-2025][21.04.09] Log file reloaded ( Server Restart )
[00:23:30] Player (Decalacs, 76561199213212083)(<6318.932129, 21.805933, 9538.139648>) requested data for lock!
[00:23:33] Player (Decalacs, 76561199213212083)(<6323.524414, 21.737755, 9508.852539>) requested data for lock!
[00:23:36] Player (Decalacs, 76561199213212083)(<6307.780273, 21.888290, 9515.652344>) requested data for lock!
[00:23:36] Player (Decalacs, 76561199213212083)(<6298.707031, 21.894258, 9521.250977>) requested data for lock!
[00:23:36] Player (Decalacs, 76561199213212083)(<6314.928223, 21.875349, 9512.620117>) requested data for lock!
[00:23:37] Player (Decalacs, 76561199213212083)(<6319.344238, 21.766153, 9508.742188>) requested data for lock!
[00:23:37] Player (Decalacs, 76561199213212083)(<6310.850098, 21.902084, 9508.443359>) requested data for lock!
[00:23:39] Player (Decalacs, 76561199213212083)(<6295.278809, 21.912560, 9518.042969>) requested data for lock!
[00:23:51] Player (Decalacs, 76561199213212083)(<6325.465820, 22.154179, 9406.088867>) requested data for lock!
