---------------------------------------------
Log C:\SERVICES\ni10839481_1_SHARE\ftproot\dayzstandalone\config\crash_2025-04-14_04-25-12.log started at 14.04. 12:06:43



------------------------------------
MS2871, 14.04 2025 12:06:43
NULL pointer to instance when trying to access variable 'm_Subtype' (Parent instance is null)
Class:      'ZmbM_NBC_Grey'
Entity id:281449

Function: 'FightLogic'
Stack trace:
ZenZombieDoors/scripts/4_world/entities\creatures\infected\zombiebase.c:166
scripts/4_World/entities\creatures\infected\zombiebase.c:265

Runtime mode
CLI params: ip 85.190.162.236 port 11200 cpuCount 4 limitFPS 100 config serverDZ.cfg mod @Namalsk Survival;@Namalsk Island;@Zens Zombie Door Bangers;@Ear-Plugs;@Code Lock profiles C:\SERVICES\ni10839481_1_SHARE\ftproot\dayzstandalone/config BEPath C:\SERVICES\ni10839481_1_SHARE\ftproot\dayzstandalone\battleye noFilePatching  nologs  adminlog  freezecheck  


------------------------------------
MS2871, 14.04 2025 12:06:43
NULL pointer to instance when trying to access variable 'm_Subtype' (Parent instance is null)
Class:      'ZmbM_NBC_Grey'
Entity id:281449

Function: 'FightLogic'
Stack trace:
ZenZombieDoors/scripts/4_world/entities\creatures\infected\zombiebase.c:166
scripts/4_World/entities\creatures\infected\zombiebase.c:265

Runtime mode
CLI params: ip 85.190.162.236 port 11200 cpuCount 4 limitFPS 100 config serverDZ.cfg mod @Namalsk Survival;@Namalsk Island;@Zens Zombie Door Bangers;@Ear-Plugs;@Code Lock profiles C:\SERVICES\ni10839481_1_SHARE\ftproot\dayzstandalone/config BEPath C:\SERVICES\ni10839481_1_SHARE\ftproot\dayzstandalone\battleye noFilePatching  nologs  adminlog  freezecheck  


------------------------------------
MS2871, 14.04 2025 12:06:43
NULL pointer to instance when trying to access variable 'm_Subtype' (Parent instance is null)
Class:      'ZmbM_NBC_Grey'
Entity id:281449

Function: 'FightLogic'
Stack trace:
ZenZombieDoors/scripts/4_world/entities\creatures\infected\zombiebase.c:166
scripts/4_World/entities\creatures\infected\zombiebase.c:265

Runtime mode
CLI params: ip 85.190.162.236 port 11200 cpuCount 4 limitFPS 100 config serverDZ.cfg mod @Namalsk Survival;@Namalsk Island;@Zens Zombie Door Bangers;@Ear-Plugs;@Code Lock profiles C:\SERVICES\ni10839481_1_SHARE\ftproot\dayzstandalone/config BEPath C:\SERVICES\ni10839481_1_SHARE\ftproot\dayzstandalone\battleye noFilePatching  nologs  adminlog  freezecheck  


------------------------------------
MS2871, 14.04 2025 12:06:43
NULL pointer to instance when trying to access variable 'm_Subtype' (Parent instance is null)
Class:      'ZmbM_NBC_Grey'
Entity id:281449

Function: 'FightLogic'
Stack trace:
ZenZombieDoors/scripts/4_world/entities\creatures\infected\zombiebase.c:166
scripts/4_World/entities\creatures\infected\zombiebase.c:265

Runtime mode
CLI params: ip 85.190.162.236 port 11200 cpuCount 4 limitFPS 100 config serverDZ.cfg mod @Namalsk Survival;@Namalsk Island;@Zens Zombie Door Bangers;@Ear-Plugs;@Code Lock profiles C:\SERVICES\ni10839481_1_SHARE\ftproot\dayzstandalone/config BEPath C:\SERVICES\ni10839481_1_SHARE\ftproot\dayzstandalone\battleye noFilePatching  nologs  adminlog  freezecheck  


------------------------------------
MS2871, 14.04 2025 12:06:43
NULL pointer to instance when trying to access variable 'm_Subtype' (Parent instance is null)
Class:      'ZmbM_NBC_Grey'
Entity id:281449

Function: 'FightLogic'
Stack trace:
ZenZombieDoors/scripts/4_world/entities\creatures\infected\zombiebase.c:166
scripts/4_World/entities\creatures\infected\zombiebase.c:265

Runtime mode
CLI params: ip 85.190.162.236 port 11200 cpuCount 4 limitFPS 100 config serverDZ.cfg mod @Namalsk Survival;@Namalsk Island;@Zens Zombie Door Bangers;@Ear-Plugs;@Code Lock profiles C:\SERVICES\ni10839481_1_SHARE\ftproot\dayzstandalone/config BEPath C:\SERVICES\ni10839481_1_SHARE\ftproot\dayzstandalone\battleye noFilePatching  nologs  adminlog  freezecheck  


------------------------------------
MS2871, 14.04 2025 12:06:43
NULL pointer to instance when trying to access variable 'm_Subtype' (Parent instance is null)
Class:      'ZmbM_NBC_Grey'
Entity id:281449

Function: 'FightLogic'
Stack trace:
ZenZombieDoors/scripts/4_world/entities\creatures\infected\zombiebase.c:166
scripts/4_World/entities\creatures\infected\zombiebase.c:265

Runtime mode
CLI params: ip 85.190.162.236 port 11200 cpuCount 4 limitFPS 100 config serverDZ.cfg mod @Namalsk Survival;@Namalsk Island;@Zens Zombie Door Bangers;@Ear-Plugs;@Code Lock profiles C:\SERVICES\ni10839481_1_SHARE\ftproot\dayzstandalone/config BEPath C:\SERVICES\ni10839481_1_SHARE\ftproot\dayzstandalone\battleye noFilePatching  nologs  adminlog  freezecheck  


------------------------------------
MS2871, 14.04 2025 12:06:43
NULL pointer to instance when trying to access variable 'm_Subtype' (Parent instance is null)
Class:      'ZmbM_NBC_Grey'
Entity id:281449

Function: 'FightLogic'
Stack trace:
ZenZombieDoors/scripts/4_world/entities\creatures\infected\zombiebase.c:166
scripts/4_World/entities\creatures\infected\zombiebase.c:265

Runtime mode
CLI params: ip 85.190.162.236 port 11200 cpuCount 4 limitFPS 100 config serverDZ.cfg mod @Namalsk Survival;@Namalsk Island;@Zens Zombie Door Bangers;@Ear-Plugs;@Code Lock profiles C:\SERVICES\ni10839481_1_SHARE\ftproot\dayzstandalone/config BEPath C:\SERVICES\ni10839481_1_SHARE\ftproot\dayzstandalone\battleye noFilePatching  nologs  adminlog  freezecheck  


------------------------------------
MS2871, 14.04 2025 12:06:43
NULL pointer to instance when trying to access variable 'm_Subtype' (Parent instance is null)
Class:      'ZmbM_NBC_Grey'
Entity id:281449

Function: 'FightLogic'
Stack trace:
ZenZombieDoors/scripts/4_world/entities\creatures\infected\zombiebase.c:166
scripts/4_World/entities\creatures\infected\zombiebase.c:265

Runtime mode
CLI params: ip 85.190.162.236 port 11200 cpuCount 4 limitFPS 100 config serverDZ.cfg mod @Namalsk Survival;@Namalsk Island;@Zens Zombie Door Bangers;@Ear-Plugs;@Code Lock profiles C:\SERVICES\ni10839481_1_SHARE\ftproot\dayzstandalone/config BEPath C:\SERVICES\ni10839481_1_SHARE\ftproot\dayzstandalone\battleye noFilePatching  nologs  adminlog  freezecheck  


------------------------------------
MS2871, 14.04 2025 12:06:43
NULL pointer to instance when trying to access variable 'm_Subtype' (Parent instance is null)
Class:      'ZmbM_NBC_Grey'
Entity id:281449

Function: 'FightLogic'
Stack trace:
ZenZombieDoors/scripts/4_world/entities\creatures\infected\zombiebase.c:166
scripts/4_World/entities\creatures\infected\zombiebase.c:265

Runtime mode
CLI params: ip 85.190.162.236 port 11200 cpuCount 4 limitFPS 100 config serverDZ.cfg mod @Namalsk Survival;@Namalsk Island;@Zens Zombie Door Bangers;@Ear-Plugs;@Code Lock profiles C:\SERVICES\ni10839481_1_SHARE\ftproot\dayzstandalone/config BEPath C:\SERVICES\ni10839481_1_SHARE\ftproot\dayzstandalone\battleye noFilePatching  nologs  adminlog  freezecheck  


------------------------------------
MS2871, 14.04 2025 12:06:43
NULL pointer to instance when trying to access variable 'm_Subtype' (Parent instance is null)
Class:      'ZmbM_NBC_Grey'
Entity id:281449

Function: 'FightLogic'
Stack trace:
ZenZombieDoors/scripts/4_world/entities\creatures\infected\zombiebase.c:166
scripts/4_World/entities\creatures\infected\zombiebase.c:265

Runtime mode
CLI params: ip 85.190.162.236 port 11200 cpuCount 4 limitFPS 100 config serverDZ.cfg mod @Namalsk Survival;@Namalsk Island;@Zens Zombie Door Bangers;@Ear-Plugs;@Code Lock profiles C:\SERVICES\ni10839481_1_SHARE\ftproot\dayzstandalone/config BEPath C:\SERVICES\ni10839481_1_SHARE\ftproot\dayzstandalone\battleye noFilePatching  nologs  adminlog  freezecheck  


------------------------------------
MS2871, 14.04 2025 12:06:43
NULL pointer to instance when trying to access variable 'm_Subtype' (Parent instance is null)
Class:      'ZmbM_NBC_Grey'
Entity id:281449

Function: 'FightLogic'
Stack trace:
ZenZombieDoors/scripts/4_world/entities\creatures\infected\zombiebase.c:166
scripts/4_World/entities\creatures\infected\zombiebase.c:265

Runtime mode
CLI params: ip 85.190.162.236 port 11200 cpuCount 4 limitFPS 100 config serverDZ.cfg mod @Namalsk Survival;@Namalsk Island;@Zens Zombie Door Bangers;@Ear-Plugs;@Code Lock profiles C:\SERVICES\ni10839481_1_SHARE\ftproot\dayzstandalone/config BEPath C:\SERVICES\ni10839481_1_SHARE\ftproot\dayzstandalone\battleye noFilePatching  nologs  adminlog  freezecheck  


------------------------------------
MS2871, 14.04 2025 12:06:43
NULL pointer to instance when trying to access variable 'm_Subtype' (Parent instance is null)
Class:      'ZmbM_NBC_Grey'
Entity id:281449

Function: 'FightLogic'
Stack trace:
ZenZombieDoors/scripts/4_world/entities\creatures\infected\zombiebase.c:166
scripts/4_World/entities\creatures\infected\zombiebase.c:265

Runtime mode
CLI params: ip 85.190.162.236 port 11200 cpuCount 4 limitFPS 100 config serverDZ.cfg mod @Namalsk Survival;@Namalsk Island;@Zens Zombie Door Bangers;@Ear-Plugs;@Code Lock profiles C:\SERVICES\ni10839481_1_SHARE\ftproot\dayzstandalone/config BEPath C:\SERVICES\ni10839481_1_SHARE\ftproot\dayzstandalone\battleye noFilePatching  nologs  adminlog  freezecheck  


------------------------------------
MS2871, 14.04 2025 12:06:43
NULL pointer to instance when trying to access variable 'm_Subtype' (Parent instance is null)
Class:      'ZmbM_NBC_Grey'
Entity id:281449

Function: 'FightLogic'
Stack trace:
ZenZombieDoors/scripts/4_world/entities\creatures\infected\zombiebase.c:166
scripts/4_World/entities\creatures\infected\zombiebase.c:265

Runtime mode
CLI params: ip 85.190.162.236 port 11200 cpuCount 4 limitFPS 100 config serverDZ.cfg mod @Namalsk Survival;@Namalsk Island;@Zens Zombie Door Bangers;@Ear-Plugs;@Code Lock profiles C:\SERVICES\ni10839481_1_SHARE\ftproot\dayzstandalone/config BEPath C:\SERVICES\ni10839481_1_SHARE\ftproot\dayzstandalone\battleye noFilePatching  nologs  adminlog  freezecheck  


------------------------------------
MS2871, 14.04 2025 12:06:43
NULL pointer to instance when trying to access variable 'm_Subtype' (Parent instance is null)
Class:      'ZmbM_NBC_Grey'
Entity id:281449

Function: 'FightLogic'
Stack trace:
ZenZombieDoors/scripts/4_world/entities\creatures\infected\zombiebase.c:166
scripts/4_World/entities\creatures\infected\zombiebase.c:265

Runtime mode
CLI params: ip 85.190.162.236 port 11200 cpuCount 4 limitFPS 100 config serverDZ.cfg mod @Namalsk Survival;@Namalsk Island;@Zens Zombie Door Bangers;@Ear-Plugs;@Code Lock profiles C:\SERVICES\ni10839481_1_SHARE\ftproot\dayzstandalone/config BEPath C:\SERVICES\ni10839481_1_SHARE\ftproot\dayzstandalone\battleye noFilePatching  nologs  adminlog  freezecheck  


------------------------------------
MS2871, 14.04 2025 12:06:43
NULL pointer to instance when trying to access variable 'm_Subtype' (Parent instance is null)
Class:      'ZmbM_NBC_Grey'
Entity id:281449

Function: 'FightLogic'
Stack trace:
ZenZombieDoors/scripts/4_world/entities\creatures\infected\zombiebase.c:166
scripts/4_World/entities\creatures\infected\zombiebase.c:265

Runtime mode
CLI params: ip 85.190.162.236 port 11200 cpuCount 4 limitFPS 100 config serverDZ.cfg mod @Namalsk Survival;@Namalsk Island;@Zens Zombie Door Bangers;@Ear-Plugs;@Code Lock profiles C:\SERVICES\ni10839481_1_SHARE\ftproot\dayzstandalone/config BEPath C:\SERVICES\ni10839481_1_SHARE\ftproot\dayzstandalone\battleye noFilePatching  nologs  adminlog  freezecheck  


------------------------------------
MS2871, 14.04 2025 12:06:43
NULL pointer to instance when trying to access variable 'm_Subtype' (Parent instance is null)
Class:      'ZmbM_NBC_Grey'
Entity id:281449

Function: 'FightLogic'
Stack trace:
ZenZombieDoors/scripts/4_world/entities\creatures\infected\zombiebase.c:166
scripts/4_World/entities\creatures\infected\zombiebase.c:265

Runtime mode
CLI params: ip 85.190.162.236 port 11200 cpuCount 4 limitFPS 100 config serverDZ.cfg mod @Namalsk Survival;@Namalsk Island;@Zens Zombie Door Bangers;@Ear-Plugs;@Code Lock profiles C:\SERVICES\ni10839481_1_SHARE\ftproot\dayzstandalone/config BEPath C:\SERVICES\ni10839481_1_SHARE\ftproot\dayzstandalone\battleye noFilePatching  nologs  adminlog  freezecheck  


------------------------------------
MS2871, 14.04 2025 12:06:44
NULL pointer to instance when trying to access variable 'm_Subtype' (Parent instance is null)
Class:      'ZmbM_NBC_Grey'
Entity id:281449

Function: 'FightLogic'
Stack trace:
ZenZombieDoors/scripts/4_world/entities\creatures\infected\zombiebase.c:166
scripts/4_World/entities\creatures\infected\zombiebase.c:265

Runtime mode
CLI params: ip 85.190.162.236 port 11200 cpuCount 4 limitFPS 100 config serverDZ.cfg mod @Namalsk Survival;@Namalsk Island;@Zens Zombie Door Bangers;@Ear-Plugs;@Code Lock profiles C:\SERVICES\ni10839481_1_SHARE\ftproot\dayzstandalone/config BEPath C:\SERVICES\ni10839481_1_SHARE\ftproot\dayzstandalone\battleye noFilePatching  nologs  adminlog  freezecheck  


------------------------------------
MS2871, 14.04 2025 12:06:44
NULL pointer to instance when trying to access variable 'm_Subtype' (Parent instance is null)
Class:      'ZmbM_NBC_Grey'
Entity id:281449

Function: 'FightLogic'
Stack trace:
ZenZombieDoors/scripts/4_world/entities\creatures\infected\zombiebase.c:166
scripts/4_World/entities\creatures\infected\zombiebase.c:265

Runtime mode
CLI params: ip 85.190.162.236 port 11200 cpuCount 4 limitFPS 100 config serverDZ.cfg mod @Namalsk Survival;@Namalsk Island;@Zens Zombie Door Bangers;@Ear-Plugs;@Code Lock profiles C:\SERVICES\ni10839481_1_SHARE\ftproot\dayzstandalone/config BEPath C:\SERVICES\ni10839481_1_SHARE\ftproot\dayzstandalone\battleye noFilePatching  nologs  adminlog  freezecheck  
