=====================================================================
== C:\SERVICES\ni10839481_1_SHARE\ftproot\dayzstandalone\DayZServer_x64.exe
== "C:\SERVICES\ni10839481_1_SHARE\ftproot\dayzstandalone\DayZServer_x64.exe" -ip=85.190.162.236 -port=11200 -cpuCount=4 -limitFPS=100 -config=serverDZ.cfg "-mod=@Namalsk Survival;@Namalsk Island;@Zens Zombie Door Bangers;@Ear-Plugs;@Code Lock" -profiles=C:\SERVICES\ni10839481_1_SHARE\ftproot\dayzstandalone/config -BEPath=C:\SERVICES\ni10839481_1_SHARE\ftproot\dayzstandalone\battleye -noFilePatching -nologs -adminlog -freezecheck
=====================================================================
Exe timestamp: 2025/04/04 00:49:20
Current time:  2025/05/29 04:25:06
Version 1.27.159674
=====================================================================

 4:25:06.976 [Inputs] Loading inputs default "bin/constants.xml"
 4:25:06.985 [Inputs] Loading inputs default "bin/specific.xml"
 4:25:06.987 [Inputs] Loading inputs default "EarPlugs/data/inputs.xml"
 4:25:06.989 [Inputs] Loading inputs default "nst/ns_dayz/scripts/Data/Inputs.xml"
 4:25:06.991 [Inputs] Loading inputs cfg "C:\SERVICES\ni10839481_1_SHARE\ftproot\dayzstandalone/config\Users\Survivor\Server.core.xml"
 4:25:07.05 [Inputs] Exporting inputs cfg "C:\SERVICES\ni10839481_1_SHARE\ftproot\dayzstandalone/config\Users\Survivor\Server.core.xml"
 4:25:27.78 Hostname of server: "Aid Station | Namalsk | PVE - Wipe: 03-06"
 4:25:35.662 [CE][Hive] :: Initializing OFFLINE
 4:25:35.663 [StorageDirs] :: Selected storage directory: C:\SERVICES\ni10839481_1_SHARE\ftproot\dayzstandalone\mpmissions\regular.namalsk\storage_1\
 4:25:35.667 [CE][Hive] :: Loading core data ... 
 4:25:35.672 [CE][CoreData] :: 8 root classes, 0 defaults, 0 updaters...
 4:25:41.721 [CE] :: WARNING :: Preset map "headsFirefighter" is EMPTY.
 4:25:41.722 [CE][TypeSetup] :: 599 classes setuped...
 4:25:42.326 [CE][RegisterBind] :: 0 classes binded...
 4:25:42.326 [CE][RegisterConfig] :: 5794 config classes registered, 0 sub-counters...
 4:25:42.326 [CE][Hive] :: Loading map data ... 
 4:25:42.381 [CE][LoadPrototype] :: loaded 256 prototypes
 4:25:42.381   404 containers, 7415 points
 4:25:42.381   1 dispatches, 1 proxies
 4:25:42.381 !!! [CE][LoadPrototype] 1 groups have wrong points...
 4:25:42.381 [CE][LoadPrototype] :: last group name: land_frozen_person...
 4:25:42.390 [CE][LoadPrototype] :: loaded 0 prototypes
 4:25:42.390   38 containers, 66 points
 4:25:42.390   0 dispatches, 0 proxies
 4:25:42.390 [CE][LoadPrototype] :: last group name: StoneLoc38...
 4:25:42.485 [CE][LoadMap] "Group" :: loaded 1445 groups, groups failed: 0, largest group range: 36.4
 4:25:42.490 [CE][LoadMap] "Dirt" :: loaded 0 groups, groups failed: 0, largest group range: 36.4
 4:25:42.497 [CE][Links] found 472 total links between groups, of 1445
 4:25:42.497 [CE][LoadClusters] "Cluster" :: Loading files...
 4:25:42.512 [CE][LoadClusters] :: file: "mapgroupcluster.xml", 1 types, 2418 instances
 4:25:42.515 [CE][Storage] ver:21 stamp:125065, valid:yes, name:"C:\SERVICES\ni10839481_1_SHARE\ftproot\dayzstandalone\mpmissions\regular.namalsk\storage_1\data\types.bin"
 4:25:42.517 [CE][Storage] ver:21 stamp:123412, valid:yes, name:"C:\SERVICES\ni10839481_1_SHARE\ftproot\dayzstandalone\mpmissions\regular.namalsk\storage_1\data\types.001"
 4:25:42.519 [CE][Storage] ver:21 stamp:123413, valid:yes, name:"C:\SERVICES\ni10839481_1_SHARE\ftproot\dayzstandalone\mpmissions\regular.namalsk\storage_1\data\types.002"
 4:25:42.519 [CE][Storage] Restoring file "C:\SERVICES\ni10839481_1_SHARE\ftproot\dayzstandalone\mpmissions\regular.namalsk\storage_1\data\types.bin".
 4:25:42.576 [CE][offlineDB] :: Loaded 23 dynamic events 177 total types.
 4:25:42.606 !!! [CE][offlineDB] :: Type 'ChristmasTree' will be ignored. (Not spawnable. (Scope is not public?))
 4:25:42.632 [CE][DE][SPAWNS] :: Total positions: 711
 4:25:42.632 [CE][DE][GROUPS] :: Total eventgroups defined: 0, Eventgroups in use: 0
 4:25:42.634 [CE][Storage] ver:25 stamp:125065, valid:yes, name:"C:\SERVICES\ni10839481_1_SHARE\ftproot\dayzstandalone\mpmissions\regular.namalsk\storage_1\data\events.bin"
 4:25:42.635 [CE][Storage] ver:25 stamp:123412, valid:yes, name:"C:\SERVICES\ni10839481_1_SHARE\ftproot\dayzstandalone\mpmissions\regular.namalsk\storage_1\data\events.001"
 4:25:42.637 [CE][Storage] ver:25 stamp:123413, valid:yes, name:"C:\SERVICES\ni10839481_1_SHARE\ftproot\dayzstandalone\mpmissions\regular.namalsk\storage_1\data\events.002"
 4:25:42.637 [CE][Storage] Restoring file "C:\SERVICES\ni10839481_1_SHARE\ftproot\dayzstandalone\mpmissions\regular.namalsk\storage_1\data\events.bin".
 4:25:42.637 [CE][DynamicEvent] Load  Events:[23] Primary spawners: 23 Secondary spawners: 0
 4:25:42.638 [CE][Storage] ver:25 stamp:125065, valid:yes, name:"C:\SERVICES\ni10839481_1_SHARE\ftproot\dayzstandalone\mpmissions\regular.namalsk\storage_1\data\dynamic_000.bin"
 4:25:42.640 [CE][Storage] ver:25 stamp:123412, valid:yes, name:"C:\SERVICES\ni10839481_1_SHARE\ftproot\dayzstandalone\mpmissions\regular.namalsk\storage_1\data\dynamic_000.001"
 4:25:42.641 [CE][Storage] ver:25 stamp:123413, valid:yes, name:"C:\SERVICES\ni10839481_1_SHARE\ftproot\dayzstandalone\mpmissions\regular.namalsk\storage_1\data\dynamic_000.002"
 4:25:42.641 [CE][Storage] Restoring file "C:\SERVICES\ni10839481_1_SHARE\ftproot\dayzstandalone\mpmissions\regular.namalsk\storage_1\data\dynamic_000.bin" 1 items.
 4:25:42.643   1 items loaded. (0 failed)
 4:25:42.644 [CE][Storage] ver:25 stamp:125065, valid:yes, name:"C:\SERVICES\ni10839481_1_SHARE\ftproot\dayzstandalone\mpmissions\regular.namalsk\storage_1\data\dynamic_001.bin"
 4:25:42.646 [CE][Storage] ver:25 stamp:123412, valid:yes, name:"C:\SERVICES\ni10839481_1_SHARE\ftproot\dayzstandalone\mpmissions\regular.namalsk\storage_1\data\dynamic_001.001"
 4:25:42.647 [CE][Storage] ver:25 stamp:123413, valid:yes, name:"C:\SERVICES\ni10839481_1_SHARE\ftproot\dayzstandalone\mpmissions\regular.namalsk\storage_1\data\dynamic_001.002"
 4:25:42.648 [CE][Storage] Restoring file "C:\SERVICES\ni10839481_1_SHARE\ftproot\dayzstandalone\mpmissions\regular.namalsk\storage_1\data\dynamic_001.bin" 26 items.
 4:25:42.695   26 items loaded. (0 failed)
 4:25:42.697 [CE][Storage] ver:25 stamp:125065, valid:yes, name:"C:\SERVICES\ni10839481_1_SHARE\ftproot\dayzstandalone\mpmissions\regular.namalsk\storage_1\data\dynamic_002.bin"
 4:25:42.699 [CE][Storage] ver:25 stamp:123412, valid:yes, name:"C:\SERVICES\ni10839481_1_SHARE\ftproot\dayzstandalone\mpmissions\regular.namalsk\storage_1\data\dynamic_002.001"
 4:25:42.701 [CE][Storage] ver:25 stamp:123413, valid:yes, name:"C:\SERVICES\ni10839481_1_SHARE\ftproot\dayzstandalone\mpmissions\regular.namalsk\storage_1\data\dynamic_002.002"
 4:25:42.701 [CE][Storage] Restoring file "C:\SERVICES\ni10839481_1_SHARE\ftproot\dayzstandalone\mpmissions\regular.namalsk\storage_1\data\dynamic_002.bin" 63 items.
 4:25:42.791   63 items loaded. (0 failed)
 4:25:42.793 [CE][Storage] ver:25 stamp:125065, valid:yes, name:"C:\SERVICES\ni10839481_1_SHARE\ftproot\dayzstandalone\mpmissions\regular.namalsk\storage_1\data\dynamic_003.bin"
 4:25:42.796 [CE][Storage] ver:25 stamp:123412, valid:yes, name:"C:\SERVICES\ni10839481_1_SHARE\ftproot\dayzstandalone\mpmissions\regular.namalsk\storage_1\data\dynamic_003.001"
 4:25:42.798 [CE][Storage] ver:25 stamp:123413, valid:yes, name:"C:\SERVICES\ni10839481_1_SHARE\ftproot\dayzstandalone\mpmissions\regular.namalsk\storage_1\data\dynamic_003.002"
 4:25:42.798 [CE][Storage] Restoring file "C:\SERVICES\ni10839481_1_SHARE\ftproot\dayzstandalone\mpmissions\regular.namalsk\storage_1\data\dynamic_003.bin" 733 items.
 4:25:43.491   733 items loaded. (0 failed)
 4:25:43.493 [CE][Storage] ver:25 stamp:125065, valid:yes, name:"C:\SERVICES\ni10839481_1_SHARE\ftproot\dayzstandalone\mpmissions\regular.namalsk\storage_1\data\dynamic_004.bin"
 4:25:43.495 [CE][Storage] ver:25 stamp:123412, valid:yes, name:"C:\SERVICES\ni10839481_1_SHARE\ftproot\dayzstandalone\mpmissions\regular.namalsk\storage_1\data\dynamic_004.001"
 4:25:43.497 [CE][Storage] ver:25 stamp:123413, valid:yes, name:"C:\SERVICES\ni10839481_1_SHARE\ftproot\dayzstandalone\mpmissions\regular.namalsk\storage_1\data\dynamic_004.002"
 4:25:43.500 [CE][Storage] Restoring file "C:\SERVICES\ni10839481_1_SHARE\ftproot\dayzstandalone\mpmissions\regular.namalsk\storage_1\data\dynamic_004.bin" 1682 items.
 4:25:44.554   1682 items loaded. (0 failed)
 4:25:44.556 [CE][Storage] ver:25 stamp:125065, valid:yes, name:"C:\SERVICES\ni10839481_1_SHARE\ftproot\dayzstandalone\mpmissions\regular.namalsk\storage_1\data\dynamic_005.bin"
 4:25:44.558 [CE][Storage] ver:25 stamp:123412, valid:yes, name:"C:\SERVICES\ni10839481_1_SHARE\ftproot\dayzstandalone\mpmissions\regular.namalsk\storage_1\data\dynamic_005.001"
 4:25:44.560 [CE][Storage] ver:25 stamp:123413, valid:yes, name:"C:\SERVICES\ni10839481_1_SHARE\ftproot\dayzstandalone\mpmissions\regular.namalsk\storage_1\data\dynamic_005.002"
 4:25:44.560 [CE][Storage] Restoring file "C:\SERVICES\ni10839481_1_SHARE\ftproot\dayzstandalone\mpmissions\regular.namalsk\storage_1\data\dynamic_005.bin" 847 items.
 4:25:46.649   847 items loaded. (0 failed)
 4:25:46.651 [CE][Storage] ver:25 stamp:125065, valid:yes, name:"C:\SERVICES\ni10839481_1_SHARE\ftproot\dayzstandalone\mpmissions\regular.namalsk\storage_1\data\dynamic_006.bin"
 4:25:46.653 [CE][Storage] ver:25 stamp:123412, valid:yes, name:"C:\SERVICES\ni10839481_1_SHARE\ftproot\dayzstandalone\mpmissions\regular.namalsk\storage_1\data\dynamic_006.001"
 4:25:46.655 [CE][Storage] ver:25 stamp:123413, valid:yes, name:"C:\SERVICES\ni10839481_1_SHARE\ftproot\dayzstandalone\mpmissions\regular.namalsk\storage_1\data\dynamic_006.002"
 4:25:46.655 [CE][Storage] Restoring file "C:\SERVICES\ni10839481_1_SHARE\ftproot\dayzstandalone\mpmissions\regular.namalsk\storage_1\data\dynamic_006.bin" 1653 items.
 4:25:47.528   1653 items loaded. (0 failed)
 4:25:47.530 [CE][Storage] ver:25 stamp:125065, valid:yes, name:"C:\SERVICES\ni10839481_1_SHARE\ftproot\dayzstandalone\mpmissions\regular.namalsk\storage_1\data\dynamic_007.bin"
 4:25:47.532 [CE][Storage] ver:25 stamp:123412, valid:yes, name:"C:\SERVICES\ni10839481_1_SHARE\ftproot\dayzstandalone\mpmissions\regular.namalsk\storage_1\data\dynamic_007.001"
 4:25:47.534 [CE][Storage] ver:25 stamp:123413, valid:yes, name:"C:\SERVICES\ni10839481_1_SHARE\ftproot\dayzstandalone\mpmissions\regular.namalsk\storage_1\data\dynamic_007.002"
 4:25:47.534 [CE][Storage] Restoring file "C:\SERVICES\ni10839481_1_SHARE\ftproot\dayzstandalone\mpmissions\regular.namalsk\storage_1\data\dynamic_007.bin" 609 items.
 4:25:47.793   609 items loaded. (0 failed)
 4:25:47.795 [CE][Storage] ver:25 stamp:125065, valid:yes, name:"C:\SERVICES\ni10839481_1_SHARE\ftproot\dayzstandalone\mpmissions\regular.namalsk\storage_1\data\dynamic_008.bin"
 4:25:47.797 [CE][Storage] ver:25 stamp:123412, valid:yes, name:"C:\SERVICES\ni10839481_1_SHARE\ftproot\dayzstandalone\mpmissions\regular.namalsk\storage_1\data\dynamic_008.001"
 4:25:47.798 [CE][Storage] ver:25 stamp:123413, valid:yes, name:"C:\SERVICES\ni10839481_1_SHARE\ftproot\dayzstandalone\mpmissions\regular.namalsk\storage_1\data\dynamic_008.002"
 4:25:47.798 [CE][Storage] Restoring file "C:\SERVICES\ni10839481_1_SHARE\ftproot\dayzstandalone\mpmissions\regular.namalsk\storage_1\data\dynamic_008.bin" 131 items.
 4:25:47.866   131 items loaded. (0 failed)
 4:25:47.868 [CE][Storage] ver:25 stamp:125065, valid:yes, name:"C:\SERVICES\ni10839481_1_SHARE\ftproot\dayzstandalone\mpmissions\regular.namalsk\storage_1\data\dynamic_009.bin"
 4:25:47.869 [CE][Storage] ver:25 stamp:123412, valid:yes, name:"C:\SERVICES\ni10839481_1_SHARE\ftproot\dayzstandalone\mpmissions\regular.namalsk\storage_1\data\dynamic_009.001"
 4:25:47.871 [CE][Storage] ver:25 stamp:123413, valid:yes, name:"C:\SERVICES\ni10839481_1_SHARE\ftproot\dayzstandalone\mpmissions\regular.namalsk\storage_1\data\dynamic_009.002"
 4:25:47.871 [CE][Storage] Restoring file "C:\SERVICES\ni10839481_1_SHARE\ftproot\dayzstandalone\mpmissions\regular.namalsk\storage_1\data\dynamic_009.bin" 0 items.
 4:25:47.871   0 items loaded. (0 failed)
 4:25:47.872 [CE][Storage] ver:25 stamp:125065, valid:yes, name:"C:\SERVICES\ni10839481_1_SHARE\ftproot\dayzstandalone\mpmissions\regular.namalsk\storage_1\data\dynamic_010.bin"
 4:25:47.874 [CE][Storage] ver:25 stamp:123412, valid:yes, name:"C:\SERVICES\ni10839481_1_SHARE\ftproot\dayzstandalone\mpmissions\regular.namalsk\storage_1\data\dynamic_010.001"
 4:25:47.875 [CE][Storage] ver:25 stamp:123413, valid:yes, name:"C:\SERVICES\ni10839481_1_SHARE\ftproot\dayzstandalone\mpmissions\regular.namalsk\storage_1\data\dynamic_010.002"
 4:25:47.875 [CE][Storage] Restoring file "C:\SERVICES\ni10839481_1_SHARE\ftproot\dayzstandalone\mpmissions\regular.namalsk\storage_1\data\dynamic_010.bin" 35 items.
 4:25:47.949   35 items loaded. (0 failed)
 4:25:47.951 [CE][Storage] ver:25 stamp:125065, valid:yes, name:"C:\SERVICES\ni10839481_1_SHARE\ftproot\dayzstandalone\mpmissions\regular.namalsk\storage_1\data\dynamic_011.bin"
 4:25:47.952 [CE][Storage] ver:25 stamp:123412, valid:yes, name:"C:\SERVICES\ni10839481_1_SHARE\ftproot\dayzstandalone\mpmissions\regular.namalsk\storage_1\data\dynamic_011.001"
 4:25:47.954 [CE][Storage] ver:25 stamp:123413, valid:yes, name:"C:\SERVICES\ni10839481_1_SHARE\ftproot\dayzstandalone\mpmissions\regular.namalsk\storage_1\data\dynamic_011.002"
 4:25:47.954 [CE][Storage] Restoring file "C:\SERVICES\ni10839481_1_SHARE\ftproot\dayzstandalone\mpmissions\regular.namalsk\storage_1\data\dynamic_011.bin" 46 items.
 4:25:47.986   46 items loaded. (0 failed)
 4:25:47.988 [CE][Storage] ver:26 stamp:125065, valid:yes, name:"C:\SERVICES\ni10839481_1_SHARE\ftproot\dayzstandalone\mpmissions\regular.namalsk\storage_1\data\building.bin"
 4:25:47.989 [CE][Storage] ver:26 stamp:123412, valid:yes, name:"C:\SERVICES\ni10839481_1_SHARE\ftproot\dayzstandalone\mpmissions\regular.namalsk\storage_1\data\building.001"
 4:25:47.991 [CE][Storage] ver:26 stamp:123413, valid:yes, name:"C:\SERVICES\ni10839481_1_SHARE\ftproot\dayzstandalone\mpmissions\regular.namalsk\storage_1\data\building.002"
 4:25:47.991 [CE][Storage] Restoring file "C:\SERVICES\ni10839481_1_SHARE\ftproot\dayzstandalone\mpmissions\regular.namalsk\storage_1\data\building.bin" 0 items.
 4:25:47.991   0 items loaded. (0 failed)
 4:25:47.993 [CE][Storage] ver:25 stamp:125065, valid:yes, name:"C:\SERVICES\ni10839481_1_SHARE\ftproot\dayzstandalone\mpmissions\regular.namalsk\storage_1\data\vehicles.bin"
 4:25:47.995 [CE][Storage] ver:25 stamp:123412, valid:yes, name:"C:\SERVICES\ni10839481_1_SHARE\ftproot\dayzstandalone\mpmissions\regular.namalsk\storage_1\data\vehicles.001"
 4:25:47.997 [CE][Storage] ver:25 stamp:123413, valid:yes, name:"C:\SERVICES\ni10839481_1_SHARE\ftproot\dayzstandalone\mpmissions\regular.namalsk\storage_1\data\vehicles.002"
 4:25:47.997 [CE][Storage] Restoring file "C:\SERVICES\ni10839481_1_SHARE\ftproot\dayzstandalone\mpmissions\regular.namalsk\storage_1\data\vehicles.bin" 60 items.
 4:25:48.127   60 items loaded. (0 failed)
 4:25:48.150 [CE][Hive] :: Storage load took:5.52 seconds, recovery stamp:125065
 4:25:48.150   entity: 9872, building: 0
 4:25:48.150   no lifetime: 14
 4:25:48.150   pathgraph's: 445
 4:25:48.154 [CE][Hive] :: Initializing ... 
 4:25:48.192 [CE][InitializeMap] :: initialized: 0
 4:25:48.192 [CE][Hive] :: Initializing spawners ... 
 4:25:48.192 [CE][LootRespawner] (PRIDummy) :: Initially (re)spawned:0, Nominal:6458, Total in Map: 5930 at 0 (sec)
 4:25:48.192   tests:0, repeats:0 fails:0, overtime:0
 4:25:50.465 [CE][DynEvent] :: 23 types
 4:25:50.465 [00] Loot
 4:25:50.465   Primary Spawner: "Loot", active: yes, repeat: 2
 4:25:50.465 [01] StaticMedDrop
 4:25:50.465   Primary Spawner: "Static", active: yes, repeat: 1
 4:25:50.465 [02] StaticLifeboat
 4:25:50.465   Primary Spawner: "Static", active: yes, repeat: 1
 4:25:50.465 [03] ItemWoodenPlanks
 4:25:50.465   Primary Spawner: "Item", active: yes, repeat: 1
 4:25:50.465 [04] TrajectoryStones
 4:25:50.465   Primary Spawner: "Trajectory", active: yes, repeat: 1
 4:25:50.465 [05] InfectedSanta
 4:25:50.465   Primary Spawner: "Infected", active: yes, repeat: 1
 4:25:50.465 [06] InfectedArmy
 4:25:50.465   Primary Spawner: "Infected", active: yes, repeat: 1
 4:25:50.465 [07] InfectedIndustrial
 4:25:50.465   Primary Spawner: "Infected", active: yes, repeat: 1
 4:25:50.465 [08] InfectedCivil
 4:25:50.465   Primary Spawner: "Infected", active: yes, repeat: 1
 4:25:50.465 [09] InfectedMedic
 4:25:50.465   Primary Spawner: "Infected", active: yes, repeat: 1
 4:25:50.465 [10] AnimalGoat
 4:25:50.465   Primary Spawner: "Animal", active: yes, repeat: 1
 4:25:50.465 [11] AnimalSheep
 4:25:50.465   Primary Spawner: "Animal", active: yes, repeat: 1
 4:25:50.465 [12] AnimalReindeer
 4:25:50.465   Primary Spawner: "Animal", active: yes, repeat: 1
 4:25:50.465 [13] AnimalWildBoar
 4:25:50.465   Primary Spawner: "Animal", active: yes, repeat: 1
 4:25:50.465 [14] AnimalWolf
 4:25:50.465   Primary Spawner: "Animal", active: yes, repeat: 1
 4:25:50.465 [15] AnimalBrownBear
 4:25:50.465   Primary Spawner: "Animal", active: yes, repeat: 1
 4:25:50.465 [16] AnimalPolarBear
 4:25:50.465   Primary Spawner: "Animal", active: yes, repeat: 1
 4:25:50.466 [17] AmbientFox
 4:25:50.466   Primary Spawner: "Ambient", active: yes, repeat: 1
 4:25:50.466 [18] AmbientHare
 4:25:50.466   Primary Spawner: "Ambient", active: yes, repeat: 1
 4:25:50.466 [19] VehicleRubberBoats
 4:25:50.466   Primary Spawner: "Vehicle", active: yes, repeat: 1
 4:25:50.466 [20] VehicleCivilianCars
 4:25:50.466   Primary Spawner: "Vehicle", active: yes, repeat: 1
 4:25:50.466 [21] VehicleTrucks
 4:25:50.466   Primary Spawner: "Vehicle", active: yes, repeat: 1
 4:25:50.466 [22] VehicleMilitary
 4:25:50.466   Primary Spawner: "Vehicle", active: yes, repeat: 1
 4:25:50.466 [CE][Hive] :: Initializing of spawners done.
 4:25:50.474 [CE][Hive] :: Init sequence finished.
 4:25:50.474 Player connect enabled
 4:25:50.947 [IdleMode] Entering IN - save processed
11:08:33.659 [Shutdown] Shutting down in 5400 seconds (90 minutes).
11:39:22.406 [Shutdown] Shutting down in 3600 seconds (60 minutes).
11:54:47.355 [Shutdown] Shutting down in 2700 seconds (45 minutes).
12:10:14.921  --- Termination successfully completed --- 
