=====================================================================
== C:\SERVICES\ni10839481_1_SHARE\ftproot\dayzstandalone\DayZServer_x64.exe
== "C:\SERVICES\ni10839481_1_SHARE\ftproot\dayzstandalone\DayZServer_x64.exe" -ip=85.190.162.236 -port=11200 -cpuCount=4 -limitFPS=100 -config=serverDZ.cfg "-mod=@Namalsk Survival;@Namalsk Island;@Zens Zombie Door Bangers;@Ear-Plugs;@Code Lock" -profiles=C:\SERVICES\ni10839481_1_SHARE\ftproot\dayzstandalone/config -BEPath=C:\SERVICES\ni10839481_1_SHARE\ftproot\dayzstandalone\battleye -noFilePatching -nologs -adminlog -freezecheck
=====================================================================
Exe timestamp: 2025/04/04 00:49:20
Current time:  2025/04/20 20:57:14
Version 1.27.159674
=====================================================================

20:57:14.972 [Inputs] Loading inputs default "bin/constants.xml"
20:57:14.980 [Inputs] Loading inputs default "bin/specific.xml"
20:57:14.982 [Inputs] Loading inputs default "EarPlugs/data/inputs.xml"
20:57:14.985 [Inputs] Loading inputs default "nst/ns_dayz/scripts/Data/Inputs.xml"
20:57:14.987 [Inputs] Loading inputs cfg "C:\SERVICES\ni10839481_1_SHARE\ftproot\dayzstandalone/config\Users\Survivor\Server.core.xml"
20:57:15.00 [Inputs] Exporting inputs cfg "C:\SERVICES\ni10839481_1_SHARE\ftproot\dayzstandalone/config\Users\Survivor\Server.core.xml"
20:57:34.06 Hostname of server: "Aid Station | Namalsk"
20:57:42.318 [CE][Hive] :: Initializing OFFLINE
20:57:42.319 [StorageDirs] :: Selected storage directory: C:\SERVICES\ni10839481_1_SHARE\ftproot\dayzstandalone\mpmissions\regular.namalsk\storage_1\
20:57:42.322 [CE][Hive] :: Loading core data ... 
20:57:42.324 [CE][CoreData] :: 8 root classes, 0 defaults, 0 updaters...
20:57:48.521 [CE] :: WARNING :: Preset map "headsFirefighter" is EMPTY.
20:57:48.523 [CE][TypeSetup] :: 599 classes setuped...
20:57:49.107 [CE][RegisterBind] :: 0 classes binded...
20:57:49.107 [CE][RegisterConfig] :: 5794 config classes registered, 0 sub-counters...
20:57:49.107 [CE][Hive] :: Loading map data ... 
20:57:49.156 [CE][LoadPrototype] :: loaded 256 prototypes
20:57:49.156   404 containers, 7415 points
20:57:49.156   1 dispatches, 1 proxies
20:57:49.156 !!! [CE][LoadPrototype] 1 groups have wrong points...
20:57:49.156 [CE][LoadPrototype] :: last group name: land_frozen_person...
20:57:49.165 [CE][LoadPrototype] :: loaded 0 prototypes
20:57:49.165   38 containers, 66 points
20:57:49.165   0 dispatches, 0 proxies
20:57:49.165 [CE][LoadPrototype] :: last group name: StoneLoc38...
20:57:49.233 [CE][LoadMap] "Group" :: loaded 1445 groups, groups failed: 0, largest group range: 36.4
20:57:49.237 [CE][LoadMap] "Dirt" :: loaded 0 groups, groups failed: 0, largest group range: 36.4
20:57:49.242 [CE][Links] found 472 total links between groups, of 1445
20:57:49.242 [CE][LoadClusters] "Cluster" :: Loading files...
20:57:49.256 [CE][LoadClusters] :: file: "mapgroupcluster.xml", 1 types, 2418 instances
20:57:49.258 [CE][Storage] ver:21 stamp:45165, valid:yes, name:"C:\SERVICES\ni10839481_1_SHARE\ftproot\dayzstandalone\mpmissions\regular.namalsk\storage_1\data\types.bin"
20:57:49.260 [CE][Storage] ver:21 stamp:45113, valid:yes, name:"C:\SERVICES\ni10839481_1_SHARE\ftproot\dayzstandalone\mpmissions\regular.namalsk\storage_1\data\types.001"
20:57:49.262 [CE][Storage] ver:21 stamp:45111, valid:yes, name:"C:\SERVICES\ni10839481_1_SHARE\ftproot\dayzstandalone\mpmissions\regular.namalsk\storage_1\data\types.002"
20:57:49.262 [CE][Storage] Restoring file "C:\SERVICES\ni10839481_1_SHARE\ftproot\dayzstandalone\mpmissions\regular.namalsk\storage_1\data\types.bin".
20:57:49.313 [CE][offlineDB] :: Loaded 23 dynamic events 177 total types.
20:57:49.340 !!! [CE][offlineDB] :: Type 'ChristmasTree' will be ignored. (Not spawnable. (Scope is not public?))
20:57:49.361 [CE][DE][SPAWNS] :: Total positions: 711
20:57:49.361 [CE][DE][GROUPS] :: Total eventgroups defined: 0, Eventgroups in use: 0
20:57:49.362 [CE][Storage] ver:25 stamp:45165, valid:yes, name:"C:\SERVICES\ni10839481_1_SHARE\ftproot\dayzstandalone\mpmissions\regular.namalsk\storage_1\data\events.bin"
20:57:49.364 [CE][Storage] ver:25 stamp:45113, valid:yes, name:"C:\SERVICES\ni10839481_1_SHARE\ftproot\dayzstandalone\mpmissions\regular.namalsk\storage_1\data\events.001"
20:57:49.365 [CE][Storage] ver:25 stamp:45111, valid:yes, name:"C:\SERVICES\ni10839481_1_SHARE\ftproot\dayzstandalone\mpmissions\regular.namalsk\storage_1\data\events.002"
20:57:49.365 [CE][Storage] Restoring file "C:\SERVICES\ni10839481_1_SHARE\ftproot\dayzstandalone\mpmissions\regular.namalsk\storage_1\data\events.bin".
20:57:49.365 [CE][DynamicEvent] Load  Events:[23] Primary spawners: 23 Secondary spawners: 0
20:57:49.366 [CE][Storage] ver:25 stamp:45165, valid:yes, name:"C:\SERVICES\ni10839481_1_SHARE\ftproot\dayzstandalone\mpmissions\regular.namalsk\storage_1\data\dynamic_000.bin"
20:57:49.367 [CE][Storage] ver:25 stamp:45113, valid:yes, name:"C:\SERVICES\ni10839481_1_SHARE\ftproot\dayzstandalone\mpmissions\regular.namalsk\storage_1\data\dynamic_000.001"
20:57:49.368 [CE][Storage] ver:25 stamp:45111, valid:yes, name:"C:\SERVICES\ni10839481_1_SHARE\ftproot\dayzstandalone\mpmissions\regular.namalsk\storage_1\data\dynamic_000.002"
20:57:49.369 [CE][Storage] Restoring file "C:\SERVICES\ni10839481_1_SHARE\ftproot\dayzstandalone\mpmissions\regular.namalsk\storage_1\data\dynamic_000.bin" 1 items.
20:57:49.370   1 items loaded. (0 failed)
20:57:49.371 [CE][Storage] ver:25 stamp:45165, valid:yes, name:"C:\SERVICES\ni10839481_1_SHARE\ftproot\dayzstandalone\mpmissions\regular.namalsk\storage_1\data\dynamic_001.bin"
20:57:49.372 [CE][Storage] ver:25 stamp:45113, valid:yes, name:"C:\SERVICES\ni10839481_1_SHARE\ftproot\dayzstandalone\mpmissions\regular.namalsk\storage_1\data\dynamic_001.001"
20:57:49.373 [CE][Storage] ver:25 stamp:45111, valid:yes, name:"C:\SERVICES\ni10839481_1_SHARE\ftproot\dayzstandalone\mpmissions\regular.namalsk\storage_1\data\dynamic_001.002"
20:57:49.373 [CE][Storage] Restoring file "C:\SERVICES\ni10839481_1_SHARE\ftproot\dayzstandalone\mpmissions\regular.namalsk\storage_1\data\dynamic_001.bin" 27 items.
20:57:49.419   27 items loaded. (0 failed)
20:57:49.420 [CE][Storage] ver:25 stamp:45165, valid:yes, name:"C:\SERVICES\ni10839481_1_SHARE\ftproot\dayzstandalone\mpmissions\regular.namalsk\storage_1\data\dynamic_002.bin"
20:57:49.421 [CE][Storage] ver:25 stamp:45113, valid:yes, name:"C:\SERVICES\ni10839481_1_SHARE\ftproot\dayzstandalone\mpmissions\regular.namalsk\storage_1\data\dynamic_002.001"
20:57:49.422 [CE][Storage] ver:25 stamp:45111, valid:yes, name:"C:\SERVICES\ni10839481_1_SHARE\ftproot\dayzstandalone\mpmissions\regular.namalsk\storage_1\data\dynamic_002.002"
20:57:49.423 [CE][Storage] Restoring file "C:\SERVICES\ni10839481_1_SHARE\ftproot\dayzstandalone\mpmissions\regular.namalsk\storage_1\data\dynamic_002.bin" 64 items.
20:57:49.504   64 items loaded. (0 failed)
20:57:49.506 [CE][Storage] ver:25 stamp:45165, valid:yes, name:"C:\SERVICES\ni10839481_1_SHARE\ftproot\dayzstandalone\mpmissions\regular.namalsk\storage_1\data\dynamic_003.bin"
20:57:49.507 [CE][Storage] ver:25 stamp:45113, valid:yes, name:"C:\SERVICES\ni10839481_1_SHARE\ftproot\dayzstandalone\mpmissions\regular.namalsk\storage_1\data\dynamic_003.001"
20:57:49.509 [CE][Storage] ver:25 stamp:45111, valid:yes, name:"C:\SERVICES\ni10839481_1_SHARE\ftproot\dayzstandalone\mpmissions\regular.namalsk\storage_1\data\dynamic_003.002"
20:57:49.512 [CE][Storage] Restoring file "C:\SERVICES\ni10839481_1_SHARE\ftproot\dayzstandalone\mpmissions\regular.namalsk\storage_1\data\dynamic_003.bin" 723 items.
20:57:50.204   723 items loaded. (0 failed)
20:57:50.206 [CE][Storage] ver:25 stamp:45165, valid:yes, name:"C:\SERVICES\ni10839481_1_SHARE\ftproot\dayzstandalone\mpmissions\regular.namalsk\storage_1\data\dynamic_004.bin"
20:57:50.207 [CE][Storage] ver:25 stamp:45113, valid:yes, name:"C:\SERVICES\ni10839481_1_SHARE\ftproot\dayzstandalone\mpmissions\regular.namalsk\storage_1\data\dynamic_004.001"
20:57:50.209 [CE][Storage] ver:25 stamp:45111, valid:yes, name:"C:\SERVICES\ni10839481_1_SHARE\ftproot\dayzstandalone\mpmissions\regular.namalsk\storage_1\data\dynamic_004.002"
20:57:50.209 [CE][Storage] Restoring file "C:\SERVICES\ni10839481_1_SHARE\ftproot\dayzstandalone\mpmissions\regular.namalsk\storage_1\data\dynamic_004.bin" 1690 items.
20:57:51.297   1690 items loaded. (0 failed)
20:57:51.299 [CE][Storage] ver:25 stamp:45165, valid:yes, name:"C:\SERVICES\ni10839481_1_SHARE\ftproot\dayzstandalone\mpmissions\regular.namalsk\storage_1\data\dynamic_005.bin"
20:57:51.301 [CE][Storage] ver:25 stamp:45113, valid:yes, name:"C:\SERVICES\ni10839481_1_SHARE\ftproot\dayzstandalone\mpmissions\regular.namalsk\storage_1\data\dynamic_005.001"
20:57:51.302 [CE][Storage] ver:25 stamp:45111, valid:yes, name:"C:\SERVICES\ni10839481_1_SHARE\ftproot\dayzstandalone\mpmissions\regular.namalsk\storage_1\data\dynamic_005.002"
20:57:51.303 [CE][Storage] Restoring file "C:\SERVICES\ni10839481_1_SHARE\ftproot\dayzstandalone\mpmissions\regular.namalsk\storage_1\data\dynamic_005.bin" 736 items.
20:57:52.657   736 items loaded. (0 failed)
20:57:52.659 [CE][Storage] ver:25 stamp:45165, valid:yes, name:"C:\SERVICES\ni10839481_1_SHARE\ftproot\dayzstandalone\mpmissions\regular.namalsk\storage_1\data\dynamic_006.bin"
20:57:52.660 [CE][Storage] ver:25 stamp:45113, valid:yes, name:"C:\SERVICES\ni10839481_1_SHARE\ftproot\dayzstandalone\mpmissions\regular.namalsk\storage_1\data\dynamic_006.001"
20:57:52.662 [CE][Storage] ver:25 stamp:45111, valid:yes, name:"C:\SERVICES\ni10839481_1_SHARE\ftproot\dayzstandalone\mpmissions\regular.namalsk\storage_1\data\dynamic_006.002"
20:57:52.663 [CE][Storage] Restoring file "C:\SERVICES\ni10839481_1_SHARE\ftproot\dayzstandalone\mpmissions\regular.namalsk\storage_1\data\dynamic_006.bin" 1679 items.
20:57:53.463   1679 items loaded. (0 failed)
20:57:53.465 [CE][Storage] ver:25 stamp:45165, valid:yes, name:"C:\SERVICES\ni10839481_1_SHARE\ftproot\dayzstandalone\mpmissions\regular.namalsk\storage_1\data\dynamic_007.bin"
20:57:53.466 [CE][Storage] ver:25 stamp:45113, valid:yes, name:"C:\SERVICES\ni10839481_1_SHARE\ftproot\dayzstandalone\mpmissions\regular.namalsk\storage_1\data\dynamic_007.001"
20:57:53.468 [CE][Storage] ver:25 stamp:45111, valid:yes, name:"C:\SERVICES\ni10839481_1_SHARE\ftproot\dayzstandalone\mpmissions\regular.namalsk\storage_1\data\dynamic_007.002"
20:57:53.468 [CE][Storage] Restoring file "C:\SERVICES\ni10839481_1_SHARE\ftproot\dayzstandalone\mpmissions\regular.namalsk\storage_1\data\dynamic_007.bin" 618 items.
20:57:53.737   618 items loaded. (0 failed)
20:57:53.739 [CE][Storage] ver:25 stamp:45165, valid:yes, name:"C:\SERVICES\ni10839481_1_SHARE\ftproot\dayzstandalone\mpmissions\regular.namalsk\storage_1\data\dynamic_008.bin"
20:57:53.741 [CE][Storage] ver:25 stamp:45113, valid:yes, name:"C:\SERVICES\ni10839481_1_SHARE\ftproot\dayzstandalone\mpmissions\regular.namalsk\storage_1\data\dynamic_008.001"
20:57:53.742 [CE][Storage] ver:25 stamp:45111, valid:yes, name:"C:\SERVICES\ni10839481_1_SHARE\ftproot\dayzstandalone\mpmissions\regular.namalsk\storage_1\data\dynamic_008.002"
20:57:53.742 [CE][Storage] Restoring file "C:\SERVICES\ni10839481_1_SHARE\ftproot\dayzstandalone\mpmissions\regular.namalsk\storage_1\data\dynamic_008.bin" 127 items.
20:57:53.796   127 items loaded. (0 failed)
20:57:53.797 [CE][Storage] ver:25 stamp:45165, valid:yes, name:"C:\SERVICES\ni10839481_1_SHARE\ftproot\dayzstandalone\mpmissions\regular.namalsk\storage_1\data\dynamic_009.bin"
20:57:53.798 [CE][Storage] ver:25 stamp:45113, valid:yes, name:"C:\SERVICES\ni10839481_1_SHARE\ftproot\dayzstandalone\mpmissions\regular.namalsk\storage_1\data\dynamic_009.001"
20:57:53.799 [CE][Storage] ver:25 stamp:45111, valid:yes, name:"C:\SERVICES\ni10839481_1_SHARE\ftproot\dayzstandalone\mpmissions\regular.namalsk\storage_1\data\dynamic_009.002"
20:57:53.799 [CE][Storage] Restoring file "C:\SERVICES\ni10839481_1_SHARE\ftproot\dayzstandalone\mpmissions\regular.namalsk\storage_1\data\dynamic_009.bin" 0 items.
20:57:53.799   0 items loaded. (0 failed)
20:57:53.800 [CE][Storage] ver:25 stamp:45165, valid:yes, name:"C:\SERVICES\ni10839481_1_SHARE\ftproot\dayzstandalone\mpmissions\regular.namalsk\storage_1\data\dynamic_010.bin"
20:57:53.801 [CE][Storage] ver:25 stamp:45113, valid:yes, name:"C:\SERVICES\ni10839481_1_SHARE\ftproot\dayzstandalone\mpmissions\regular.namalsk\storage_1\data\dynamic_010.001"
20:57:53.802 [CE][Storage] ver:25 stamp:45111, valid:yes, name:"C:\SERVICES\ni10839481_1_SHARE\ftproot\dayzstandalone\mpmissions\regular.namalsk\storage_1\data\dynamic_010.002"
20:57:53.802 [CE][Storage] Restoring file "C:\SERVICES\ni10839481_1_SHARE\ftproot\dayzstandalone\mpmissions\regular.namalsk\storage_1\data\dynamic_010.bin" 32 items.
20:57:53.817   32 items loaded. (0 failed)
20:57:53.819 [CE][Storage] ver:25 stamp:45165, valid:yes, name:"C:\SERVICES\ni10839481_1_SHARE\ftproot\dayzstandalone\mpmissions\regular.namalsk\storage_1\data\dynamic_011.bin"
20:57:53.820 [CE][Storage] ver:25 stamp:45113, valid:yes, name:"C:\SERVICES\ni10839481_1_SHARE\ftproot\dayzstandalone\mpmissions\regular.namalsk\storage_1\data\dynamic_011.001"
20:57:53.822 [CE][Storage] ver:25 stamp:45111, valid:yes, name:"C:\SERVICES\ni10839481_1_SHARE\ftproot\dayzstandalone\mpmissions\regular.namalsk\storage_1\data\dynamic_011.002"
20:57:53.822 [CE][Storage] Restoring file "C:\SERVICES\ni10839481_1_SHARE\ftproot\dayzstandalone\mpmissions\regular.namalsk\storage_1\data\dynamic_011.bin" 46 items.
20:57:53.848   46 items loaded. (0 failed)
20:57:53.849 [CE][Storage] ver:26 stamp:45165, valid:yes, name:"C:\SERVICES\ni10839481_1_SHARE\ftproot\dayzstandalone\mpmissions\regular.namalsk\storage_1\data\building.bin"
20:57:53.850 [CE][Storage] ver:26 stamp:45113, valid:yes, name:"C:\SERVICES\ni10839481_1_SHARE\ftproot\dayzstandalone\mpmissions\regular.namalsk\storage_1\data\building.001"
20:57:53.851 [CE][Storage] ver:26 stamp:45111, valid:yes, name:"C:\SERVICES\ni10839481_1_SHARE\ftproot\dayzstandalone\mpmissions\regular.namalsk\storage_1\data\building.002"
20:57:53.851 [CE][Storage] Restoring file "C:\SERVICES\ni10839481_1_SHARE\ftproot\dayzstandalone\mpmissions\regular.namalsk\storage_1\data\building.bin" 0 items.
20:57:53.851   0 items loaded. (0 failed)
20:57:53.852 [CE][Storage] ver:25 stamp:45165, valid:yes, name:"C:\SERVICES\ni10839481_1_SHARE\ftproot\dayzstandalone\mpmissions\regular.namalsk\storage_1\data\vehicles.bin"
20:57:53.854 [CE][Storage] ver:25 stamp:45113, valid:yes, name:"C:\SERVICES\ni10839481_1_SHARE\ftproot\dayzstandalone\mpmissions\regular.namalsk\storage_1\data\vehicles.001"
20:57:53.856 [CE][Storage] ver:25 stamp:45111, valid:yes, name:"C:\SERVICES\ni10839481_1_SHARE\ftproot\dayzstandalone\mpmissions\regular.namalsk\storage_1\data\vehicles.002"
20:57:53.856 [CE][Storage] Restoring file "C:\SERVICES\ni10839481_1_SHARE\ftproot\dayzstandalone\mpmissions\regular.namalsk\storage_1\data\vehicles.bin" 58 items.
20:57:54.42   58 items loaded. (0 failed)
20:57:54.58 [CE][Hive] :: Storage load took:4.70 seconds, recovery stamp:45165
20:57:54.58   entity: 8353, building: 0
20:57:54.58   no lifetime: 14
20:57:54.58   pathgraph's: 314
20:57:54.61 [CE][Hive] :: Initializing ... 
20:57:54.90 [CE][InitializeMap] :: initialized: 0
20:57:54.90 [CE][Hive] :: Initializing spawners ... 
20:57:54.90 [CE][LootRespawner] (PRIDummy) :: Initially (re)spawned:0, Nominal:6458, Total in Map: 5842 at 0 (sec)
20:57:54.90   tests:0, repeats:0 fails:0, overtime:0
20:57:56.374 [CE][DynEvent] :: 23 types
20:57:56.374 [00] Loot
20:57:56.374   Primary Spawner: "Loot", active: yes, repeat: 2
20:57:56.374 [01] StaticMedDrop
20:57:56.374   Primary Spawner: "Static", active: yes, repeat: 1
20:57:56.374 [02] StaticLifeboat
20:57:56.374   Primary Spawner: "Static", active: yes, repeat: 1
20:57:56.374 [03] ItemWoodenPlanks
20:57:56.374   Primary Spawner: "Item", active: yes, repeat: 1
20:57:56.374 [04] TrajectoryStones
20:57:56.374   Primary Spawner: "Trajectory", active: yes, repeat: 1
20:57:56.374 [05] InfectedSanta
20:57:56.374   Primary Spawner: "Infected", active: yes, repeat: 1
20:57:56.374 [06] InfectedArmy
20:57:56.374   Primary Spawner: "Infected", active: yes, repeat: 1
20:57:56.374 [07] InfectedIndustrial
20:57:56.374   Primary Spawner: "Infected", active: yes, repeat: 1
20:57:56.374 [08] InfectedCivil
20:57:56.374   Primary Spawner: "Infected", active: yes, repeat: 1
20:57:56.374 [09] InfectedMedic
20:57:56.374   Primary Spawner: "Infected", active: yes, repeat: 1
20:57:56.374 [10] AnimalGoat
20:57:56.374   Primary Spawner: "Animal", active: yes, repeat: 1
20:57:56.374 [11] AnimalSheep
20:57:56.374   Primary Spawner: "Animal", active: yes, repeat: 1
20:57:56.374 [12] AnimalReindeer
20:57:56.374   Primary Spawner: "Animal", active: yes, repeat: 1
20:57:56.374 [13] AnimalWildBoar
20:57:56.374   Primary Spawner: "Animal", active: yes, repeat: 1
20:57:56.374 [14] AnimalWolf
20:57:56.374   Primary Spawner: "Animal", active: yes, repeat: 1
20:57:56.374 [15] AnimalBrownBear
20:57:56.374   Primary Spawner: "Animal", active: yes, repeat: 1
20:57:56.374 [16] AnimalPolarBear
20:57:56.374   Primary Spawner: "Animal", active: yes, repeat: 1
20:57:56.374 [17] AmbientFox
20:57:56.374   Primary Spawner: "Ambient", active: yes, repeat: 1
20:57:56.374 [18] AmbientHare
20:57:56.374   Primary Spawner: "Ambient", active: yes, repeat: 1
20:57:56.374 [19] VehicleRubberBoats
20:57:56.374   Primary Spawner: "Vehicle", active: yes, repeat: 1
20:57:56.374 [20] VehicleCivilianCars
20:57:56.374   Primary Spawner: "Vehicle", active: yes, repeat: 1
20:57:56.374 [21] VehicleTrucks
20:57:56.374   Primary Spawner: "Vehicle", active: yes, repeat: 1
20:57:56.374 [22] VehicleMilitary
20:57:56.374   Primary Spawner: "Vehicle", active: yes, repeat: 1
20:57:56.374 [CE][Hive] :: Initializing of spawners done.
20:57:56.379 [CE][Hive] :: Init sequence finished.
20:57:56.379 Player connect enabled
20:57:56.746 [IdleMode] Entering IN - save processed
 3:38:46.384 [Shutdown] Shutting down in 5400 seconds (90 minutes).
 4:09:23.610 [Shutdown] Shutting down in 3600 seconds (60 minutes).
 4:24:29.592  --- Termination successfully completed --- 
