=====================================================================
== C:\SERVICES\ni10839481_1_SHARE\ftproot\dayzstandalone\DayZServer_x64.exe
== "C:\SERVICES\ni10839481_1_SHARE\ftproot\dayzstandalone\DayZServer_x64.exe" -ip=85.190.162.236 -port=11200 -cpuCount=4 -limitFPS=100 -config=serverDZ.cfg "-mod=@Namalsk Survival;@Namalsk Island;@Zens Zombie Door Bangers;@Ear-Plugs;@Code Lock" -profiles=C:\SERVICES\ni10839481_1_SHARE\ftproot\dayzstandalone/config -BEPath=C:\SERVICES\ni10839481_1_SHARE\ftproot\dayzstandalone\battleye -noFilePatching -nologs -adminlog -freezecheck
=====================================================================
Exe timestamp: 2025/04/04 00:49:20
Current time:  2025/04/04 22:17:00
Version 1.27.159674
=====================================================================

22:17:00.547 [Inputs] Loading inputs default "bin/constants.xml"
22:17:00.554 [Inputs] Loading inputs default "bin/specific.xml"
22:17:00.556 [Inputs] Loading inputs default "EarPlugs/data/inputs.xml"
22:17:00.557 [Inputs] Loading inputs default "nst/ns_dayz/scripts/Data/Inputs.xml"
22:17:00.559 [Inputs] Loading inputs cfg "C:\SERVICES\ni10839481_1_SHARE\ftproot\dayzstandalone/config\Users\Survivor\Server.core.xml"
22:17:00.570 [Inputs] Exporting inputs cfg "C:\SERVICES\ni10839481_1_SHARE\ftproot\dayzstandalone/config\Users\Survivor\Server.core.xml"
22:17:19.12 Hostname of server: "Aid Station | Namalsk"
22:17:26.194 [CE][Hive] :: Initializing OFFLINE
22:17:26.195 [StorageDirs] :: Selected storage directory: C:\SERVICES\ni10839481_1_SHARE\ftproot\dayzstandalone\mpmissions\regular.namalsk\storage_1\
22:17:26.198 [CE][Hive] :: Loading core data ... 
22:17:26.201 [CE][CoreData] :: 8 root classes, 0 defaults, 0 updaters...
22:17:31.845 [CE] :: WARNING :: Preset map "headsFirefighter" is EMPTY.
22:17:31.847 [CE][TypeSetup] :: 599 classes setuped...
22:17:32.473 [CE][RegisterBind] :: 0 classes binded...
22:17:32.473 [CE][RegisterConfig] :: 5794 config classes registered, 0 sub-counters...
22:17:32.473 [CE][Hive] :: Loading map data ... 
22:17:32.526 [CE][LoadPrototype] :: loaded 256 prototypes
22:17:32.526   404 containers, 7415 points
22:17:32.526   1 dispatches, 1 proxies
22:17:32.526 !!! [CE][LoadPrototype] 1 groups have wrong points...
22:17:32.526 [CE][LoadPrototype] :: last group name: land_frozen_person...
22:17:32.533 [CE][LoadPrototype] :: loaded 0 prototypes
22:17:32.533   38 containers, 66 points
22:17:32.533   0 dispatches, 0 proxies
22:17:32.533 [CE][LoadPrototype] :: last group name: StoneLoc38...
22:17:32.597 [CE][LoadMap] "Group" :: loaded 1445 groups, groups failed: 0, largest group range: 36.4
22:17:32.601 [CE][LoadMap] "Dirt" :: loaded 0 groups, groups failed: 0, largest group range: 36.4
22:17:32.608 [CE][Links] found 472 total links between groups, of 1445
22:17:32.608 [CE][LoadClusters] "Cluster" :: Loading files...
22:17:32.623 [CE][LoadClusters] :: file: "mapgroupcluster.xml", 1 types, 2418 instances
22:17:32.625 [CE][Storage] ver:21 stamp:1087, valid:yes, name:"C:\SERVICES\ni10839481_1_SHARE\ftproot\dayzstandalone\mpmissions\regular.namalsk\storage_1\data\types.bin"
22:17:32.627 [CE][Storage] ver:21 stamp:1063, valid:yes, name:"C:\SERVICES\ni10839481_1_SHARE\ftproot\dayzstandalone\mpmissions\regular.namalsk\storage_1\data\types.001"
22:17:32.628 [CE][Storage] ver:21 stamp:1061, valid:yes, name:"C:\SERVICES\ni10839481_1_SHARE\ftproot\dayzstandalone\mpmissions\regular.namalsk\storage_1\data\types.002"
22:17:32.628 [CE][Storage] Restoring file "C:\SERVICES\ni10839481_1_SHARE\ftproot\dayzstandalone\mpmissions\regular.namalsk\storage_1\data\types.bin".
22:17:32.680 [CE][offlineDB] :: Loaded 23 dynamic events 177 total types.
22:17:32.709 !!! [CE][offlineDB] :: Type 'ChristmasTree' will be ignored. (Not spawnable. (Scope is not public?))
22:17:32.728 [CE][DE][SPAWNS] :: Total positions: 711
22:17:32.729 [CE][DE][GROUPS] :: Total eventgroups defined: 0, Eventgroups in use: 0
22:17:32.730 [CE][Storage] ver:25 stamp:1087, valid:yes, name:"C:\SERVICES\ni10839481_1_SHARE\ftproot\dayzstandalone\mpmissions\regular.namalsk\storage_1\data\events.bin"
22:17:32.731 [CE][Storage] ver:25 stamp:1063, valid:yes, name:"C:\SERVICES\ni10839481_1_SHARE\ftproot\dayzstandalone\mpmissions\regular.namalsk\storage_1\data\events.001"
22:17:32.732 [CE][Storage] ver:25 stamp:1061, valid:yes, name:"C:\SERVICES\ni10839481_1_SHARE\ftproot\dayzstandalone\mpmissions\regular.namalsk\storage_1\data\events.002"
22:17:32.732 [CE][Storage] Restoring file "C:\SERVICES\ni10839481_1_SHARE\ftproot\dayzstandalone\mpmissions\regular.namalsk\storage_1\data\events.bin".
22:17:32.732 [CE][DynamicEvent] Load  Events:[23] Primary spawners: 23 Secondary spawners: 0
22:17:32.733 [CE][Storage] ver:25 stamp:1087, valid:yes, name:"C:\SERVICES\ni10839481_1_SHARE\ftproot\dayzstandalone\mpmissions\regular.namalsk\storage_1\data\dynamic_000.bin"
22:17:32.734 [CE][Storage] ver:25 stamp:1063, valid:yes, name:"C:\SERVICES\ni10839481_1_SHARE\ftproot\dayzstandalone\mpmissions\regular.namalsk\storage_1\data\dynamic_000.001"
22:17:32.735 [CE][Storage] ver:25 stamp:1061, valid:yes, name:"C:\SERVICES\ni10839481_1_SHARE\ftproot\dayzstandalone\mpmissions\regular.namalsk\storage_1\data\dynamic_000.002"
22:17:32.735 [CE][Storage] Restoring file "C:\SERVICES\ni10839481_1_SHARE\ftproot\dayzstandalone\mpmissions\regular.namalsk\storage_1\data\dynamic_000.bin" 1 items.
22:17:32.737   1 items loaded. (0 failed)
22:17:32.738 [CE][Storage] ver:25 stamp:1087, valid:yes, name:"C:\SERVICES\ni10839481_1_SHARE\ftproot\dayzstandalone\mpmissions\regular.namalsk\storage_1\data\dynamic_001.bin"
22:17:32.739 [CE][Storage] ver:25 stamp:1063, valid:yes, name:"C:\SERVICES\ni10839481_1_SHARE\ftproot\dayzstandalone\mpmissions\regular.namalsk\storage_1\data\dynamic_001.001"
22:17:32.740 [CE][Storage] ver:25 stamp:1061, valid:yes, name:"C:\SERVICES\ni10839481_1_SHARE\ftproot\dayzstandalone\mpmissions\regular.namalsk\storage_1\data\dynamic_001.002"
22:17:32.740 [CE][Storage] Restoring file "C:\SERVICES\ni10839481_1_SHARE\ftproot\dayzstandalone\mpmissions\regular.namalsk\storage_1\data\dynamic_001.bin" 28 items.
22:17:32.796   28 items loaded. (0 failed)
22:17:32.797 [CE][Storage] ver:25 stamp:1087, valid:yes, name:"C:\SERVICES\ni10839481_1_SHARE\ftproot\dayzstandalone\mpmissions\regular.namalsk\storage_1\data\dynamic_002.bin"
22:17:32.798 [CE][Storage] ver:25 stamp:1063, valid:yes, name:"C:\SERVICES\ni10839481_1_SHARE\ftproot\dayzstandalone\mpmissions\regular.namalsk\storage_1\data\dynamic_002.001"
22:17:32.799 [CE][Storage] ver:25 stamp:1061, valid:yes, name:"C:\SERVICES\ni10839481_1_SHARE\ftproot\dayzstandalone\mpmissions\regular.namalsk\storage_1\data\dynamic_002.002"
22:17:32.799 [CE][Storage] Restoring file "C:\SERVICES\ni10839481_1_SHARE\ftproot\dayzstandalone\mpmissions\regular.namalsk\storage_1\data\dynamic_002.bin" 60 items.
22:17:32.886   60 items loaded. (0 failed)
22:17:32.888 [CE][Storage] ver:25 stamp:1087, valid:yes, name:"C:\SERVICES\ni10839481_1_SHARE\ftproot\dayzstandalone\mpmissions\regular.namalsk\storage_1\data\dynamic_003.bin"
22:17:32.889 [CE][Storage] ver:25 stamp:1063, valid:yes, name:"C:\SERVICES\ni10839481_1_SHARE\ftproot\dayzstandalone\mpmissions\regular.namalsk\storage_1\data\dynamic_003.001"
22:17:32.891 [CE][Storage] ver:25 stamp:1061, valid:yes, name:"C:\SERVICES\ni10839481_1_SHARE\ftproot\dayzstandalone\mpmissions\regular.namalsk\storage_1\data\dynamic_003.002"
22:17:32.891 [CE][Storage] Restoring file "C:\SERVICES\ni10839481_1_SHARE\ftproot\dayzstandalone\mpmissions\regular.namalsk\storage_1\data\dynamic_003.bin" 756 items.
22:17:33.552   756 items loaded. (0 failed)
22:17:33.554 [CE][Storage] ver:25 stamp:1087, valid:yes, name:"C:\SERVICES\ni10839481_1_SHARE\ftproot\dayzstandalone\mpmissions\regular.namalsk\storage_1\data\dynamic_004.bin"
22:17:33.556 [CE][Storage] ver:25 stamp:1063, valid:yes, name:"C:\SERVICES\ni10839481_1_SHARE\ftproot\dayzstandalone\mpmissions\regular.namalsk\storage_1\data\dynamic_004.001"
22:17:33.557 [CE][Storage] ver:25 stamp:1061, valid:yes, name:"C:\SERVICES\ni10839481_1_SHARE\ftproot\dayzstandalone\mpmissions\regular.namalsk\storage_1\data\dynamic_004.002"
22:17:33.557 [CE][Storage] Restoring file "C:\SERVICES\ni10839481_1_SHARE\ftproot\dayzstandalone\mpmissions\regular.namalsk\storage_1\data\dynamic_004.bin" 1643 items.
22:17:34.469   1643 items loaded. (0 failed)
22:17:34.471 [CE][Storage] ver:25 stamp:1087, valid:yes, name:"C:\SERVICES\ni10839481_1_SHARE\ftproot\dayzstandalone\mpmissions\regular.namalsk\storage_1\data\dynamic_005.bin"
22:17:34.473 [CE][Storage] ver:25 stamp:1063, valid:yes, name:"C:\SERVICES\ni10839481_1_SHARE\ftproot\dayzstandalone\mpmissions\regular.namalsk\storage_1\data\dynamic_005.001"
22:17:34.474 [CE][Storage] ver:25 stamp:1061, valid:yes, name:"C:\SERVICES\ni10839481_1_SHARE\ftproot\dayzstandalone\mpmissions\regular.namalsk\storage_1\data\dynamic_005.002"
22:17:34.474 [CE][Storage] Restoring file "C:\SERVICES\ni10839481_1_SHARE\ftproot\dayzstandalone\mpmissions\regular.namalsk\storage_1\data\dynamic_005.bin" 526 items.
22:17:34.718   526 items loaded. (0 failed)
22:17:34.720 [CE][Storage] ver:25 stamp:1087, valid:yes, name:"C:\SERVICES\ni10839481_1_SHARE\ftproot\dayzstandalone\mpmissions\regular.namalsk\storage_1\data\dynamic_006.bin"
22:17:34.721 [CE][Storage] ver:25 stamp:1063, valid:yes, name:"C:\SERVICES\ni10839481_1_SHARE\ftproot\dayzstandalone\mpmissions\regular.namalsk\storage_1\data\dynamic_006.001"
22:17:34.723 [CE][Storage] ver:25 stamp:1061, valid:yes, name:"C:\SERVICES\ni10839481_1_SHARE\ftproot\dayzstandalone\mpmissions\regular.namalsk\storage_1\data\dynamic_006.002"
22:17:34.723 [CE][Storage] Restoring file "C:\SERVICES\ni10839481_1_SHARE\ftproot\dayzstandalone\mpmissions\regular.namalsk\storage_1\data\dynamic_006.bin" 1720 items.
22:17:35.494   1720 items loaded. (0 failed)
22:17:35.496 [CE][Storage] ver:25 stamp:1087, valid:yes, name:"C:\SERVICES\ni10839481_1_SHARE\ftproot\dayzstandalone\mpmissions\regular.namalsk\storage_1\data\dynamic_007.bin"
22:17:35.498 [CE][Storage] ver:25 stamp:1063, valid:yes, name:"C:\SERVICES\ni10839481_1_SHARE\ftproot\dayzstandalone\mpmissions\regular.namalsk\storage_1\data\dynamic_007.001"
22:17:35.499 [CE][Storage] ver:25 stamp:1061, valid:yes, name:"C:\SERVICES\ni10839481_1_SHARE\ftproot\dayzstandalone\mpmissions\regular.namalsk\storage_1\data\dynamic_007.002"
22:17:35.499 [CE][Storage] Restoring file "C:\SERVICES\ni10839481_1_SHARE\ftproot\dayzstandalone\mpmissions\regular.namalsk\storage_1\data\dynamic_007.bin" 601 items.
22:17:35.786   601 items loaded. (0 failed)
22:17:35.787 [CE][Storage] ver:25 stamp:1087, valid:yes, name:"C:\SERVICES\ni10839481_1_SHARE\ftproot\dayzstandalone\mpmissions\regular.namalsk\storage_1\data\dynamic_008.bin"
22:17:35.789 [CE][Storage] ver:25 stamp:1063, valid:yes, name:"C:\SERVICES\ni10839481_1_SHARE\ftproot\dayzstandalone\mpmissions\regular.namalsk\storage_1\data\dynamic_008.001"
22:17:35.790 [CE][Storage] ver:25 stamp:1061, valid:yes, name:"C:\SERVICES\ni10839481_1_SHARE\ftproot\dayzstandalone\mpmissions\regular.namalsk\storage_1\data\dynamic_008.002"
22:17:35.791 [CE][Storage] Restoring file "C:\SERVICES\ni10839481_1_SHARE\ftproot\dayzstandalone\mpmissions\regular.namalsk\storage_1\data\dynamic_008.bin" 125 items.
22:17:35.852   125 items loaded. (0 failed)
22:17:35.853 [CE][Storage] ver:25 stamp:1087, valid:yes, name:"C:\SERVICES\ni10839481_1_SHARE\ftproot\dayzstandalone\mpmissions\regular.namalsk\storage_1\data\dynamic_009.bin"
22:17:35.854 [CE][Storage] ver:25 stamp:1063, valid:yes, name:"C:\SERVICES\ni10839481_1_SHARE\ftproot\dayzstandalone\mpmissions\regular.namalsk\storage_1\data\dynamic_009.001"
22:17:35.855 [CE][Storage] ver:25 stamp:1061, valid:yes, name:"C:\SERVICES\ni10839481_1_SHARE\ftproot\dayzstandalone\mpmissions\regular.namalsk\storage_1\data\dynamic_009.002"
22:17:35.855 [CE][Storage] Restoring file "C:\SERVICES\ni10839481_1_SHARE\ftproot\dayzstandalone\mpmissions\regular.namalsk\storage_1\data\dynamic_009.bin" 0 items.
22:17:35.855   0 items loaded. (0 failed)
22:17:35.856 [CE][Storage] ver:25 stamp:1087, valid:yes, name:"C:\SERVICES\ni10839481_1_SHARE\ftproot\dayzstandalone\mpmissions\regular.namalsk\storage_1\data\dynamic_010.bin"
22:17:35.857 [CE][Storage] ver:25 stamp:1063, valid:yes, name:"C:\SERVICES\ni10839481_1_SHARE\ftproot\dayzstandalone\mpmissions\regular.namalsk\storage_1\data\dynamic_010.001"
22:17:35.859 [CE][Storage] ver:25 stamp:1061, valid:yes, name:"C:\SERVICES\ni10839481_1_SHARE\ftproot\dayzstandalone\mpmissions\regular.namalsk\storage_1\data\dynamic_010.002"
22:17:35.859 [CE][Storage] Restoring file "C:\SERVICES\ni10839481_1_SHARE\ftproot\dayzstandalone\mpmissions\regular.namalsk\storage_1\data\dynamic_010.bin" 37 items.
22:17:35.888   37 items loaded. (0 failed)
22:17:35.889 [CE][Storage] ver:25 stamp:1087, valid:yes, name:"C:\SERVICES\ni10839481_1_SHARE\ftproot\dayzstandalone\mpmissions\regular.namalsk\storage_1\data\dynamic_011.bin"
22:17:35.891 [CE][Storage] ver:25 stamp:1063, valid:yes, name:"C:\SERVICES\ni10839481_1_SHARE\ftproot\dayzstandalone\mpmissions\regular.namalsk\storage_1\data\dynamic_011.001"
22:17:35.892 [CE][Storage] ver:25 stamp:1061, valid:yes, name:"C:\SERVICES\ni10839481_1_SHARE\ftproot\dayzstandalone\mpmissions\regular.namalsk\storage_1\data\dynamic_011.002"
22:17:35.893 [CE][Storage] Restoring file "C:\SERVICES\ni10839481_1_SHARE\ftproot\dayzstandalone\mpmissions\regular.namalsk\storage_1\data\dynamic_011.bin" 42 items.
22:17:35.911   42 items loaded. (0 failed)
22:17:35.913 [CE][Storage] ver:26 stamp:1087, valid:yes, name:"C:\SERVICES\ni10839481_1_SHARE\ftproot\dayzstandalone\mpmissions\regular.namalsk\storage_1\data\building.bin"
22:17:35.913 [CE][Storage] ver:26 stamp:1063, valid:yes, name:"C:\SERVICES\ni10839481_1_SHARE\ftproot\dayzstandalone\mpmissions\regular.namalsk\storage_1\data\building.001"
22:17:35.915 [CE][Storage] ver:26 stamp:1061, valid:yes, name:"C:\SERVICES\ni10839481_1_SHARE\ftproot\dayzstandalone\mpmissions\regular.namalsk\storage_1\data\building.002"
22:17:35.915 [CE][Storage] Restoring file "C:\SERVICES\ni10839481_1_SHARE\ftproot\dayzstandalone\mpmissions\regular.namalsk\storage_1\data\building.bin" 0 items.
22:17:35.915   0 items loaded. (0 failed)
22:17:35.916 [CE][Storage] ver:25 stamp:1087, valid:yes, name:"C:\SERVICES\ni10839481_1_SHARE\ftproot\dayzstandalone\mpmissions\regular.namalsk\storage_1\data\vehicles.bin"
22:17:35.918 [CE][Storage] ver:25 stamp:1063, valid:yes, name:"C:\SERVICES\ni10839481_1_SHARE\ftproot\dayzstandalone\mpmissions\regular.namalsk\storage_1\data\vehicles.001"
22:17:35.919 [CE][Storage] ver:25 stamp:1061, valid:yes, name:"C:\SERVICES\ni10839481_1_SHARE\ftproot\dayzstandalone\mpmissions\regular.namalsk\storage_1\data\vehicles.002"
22:17:35.919 [CE][Storage] Restoring file "C:\SERVICES\ni10839481_1_SHARE\ftproot\dayzstandalone\mpmissions\regular.namalsk\storage_1\data\vehicles.bin" 56 items.
22:17:36.58   56 items loaded. (0 failed)
22:17:36.64 [CE][Hive] :: Storage load took:3.34 seconds, recovery stamp:1087
22:17:36.64   entity: 6151, building: 0
22:17:36.64   no lifetime: 14
22:17:36.64   pathgraph's: 119
22:17:36.66 [CE][Hive] :: Initializing ... 
22:17:36.94 [CE][InitializeMap] :: initialized: 0
22:17:36.94 [CE][Hive] :: Initializing spawners ... 
22:17:36.94 [CE][LootRespawner] (PRIDummy) :: Initially (re)spawned:0, Nominal:6378, Total in Map: 5623 at 0 (sec)
22:17:36.94   tests:0, repeats:0 fails:0, overtime:0
22:17:37.984 [CE][DynEvent] :: 23 types
22:17:37.984 [00] Loot
22:17:37.984   Primary Spawner: "Loot", active: yes, repeat: 2
22:17:37.984 [01] StaticMedDrop
22:17:37.984   Primary Spawner: "Static", active: yes, repeat: 1
22:17:37.984 [02] StaticLifeboat
22:17:37.984   Primary Spawner: "Static", active: yes, repeat: 1
22:17:37.984 [03] ItemWoodenPlanks
22:17:37.984   Primary Spawner: "Item", active: yes, repeat: 1
22:17:37.984 [04] TrajectoryStones
22:17:37.984   Primary Spawner: "Trajectory", active: yes, repeat: 1
22:17:37.984 [05] InfectedSanta
22:17:37.984   Primary Spawner: "Infected", active: yes, repeat: 1
22:17:37.984 [06] InfectedArmy
22:17:37.984   Primary Spawner: "Infected", active: yes, repeat: 1
22:17:37.984 [07] InfectedIndustrial
22:17:37.984   Primary Spawner: "Infected", active: yes, repeat: 1
22:17:37.984 [08] InfectedCivil
22:17:37.984   Primary Spawner: "Infected", active: yes, repeat: 1
22:17:37.984 [09] InfectedMedic
22:17:37.984   Primary Spawner: "Infected", active: yes, repeat: 1
22:17:37.984 [10] AnimalGoat
22:17:37.984   Primary Spawner: "Animal", active: yes, repeat: 1
22:17:37.984 [11] AnimalSheep
22:17:37.984   Primary Spawner: "Animal", active: yes, repeat: 1
22:17:37.984 [12] AnimalReindeer
22:17:37.984   Primary Spawner: "Animal", active: yes, repeat: 1
22:17:37.984 [13] AnimalWildBoar
22:17:37.984   Primary Spawner: "Animal", active: yes, repeat: 1
22:17:37.984 [14] AnimalWolf
22:17:37.984   Primary Spawner: "Animal", active: yes, repeat: 1
22:17:37.984 [15] AnimalBrownBear
22:17:37.984   Primary Spawner: "Animal", active: yes, repeat: 1
22:17:37.984 [16] AnimalPolarBear
22:17:37.984   Primary Spawner: "Animal", active: yes, repeat: 1
22:17:37.984 [17] AmbientFox
22:17:37.984   Primary Spawner: "Ambient", active: yes, repeat: 1
22:17:37.984 [18] AmbientHare
22:17:37.984   Primary Spawner: "Ambient", active: yes, repeat: 1
22:17:37.984 [19] VehicleRubberBoats
22:17:37.984   Primary Spawner: "Vehicle", active: yes, repeat: 1
22:17:37.984 [20] VehicleCivilianCars
22:17:37.984   Primary Spawner: "Vehicle", active: yes, repeat: 1
22:17:37.984 [21] VehicleTrucks
22:17:37.984   Primary Spawner: "Vehicle", active: yes, repeat: 1
22:17:37.984 [22] VehicleMilitary
22:17:37.984   Primary Spawner: "Vehicle", active: yes, repeat: 1
22:17:37.984 [CE][Hive] :: Initializing of spawners done.
22:17:37.991 [CE][Hive] :: Init sequence finished.
22:17:37.991 Player connect enabled
22:17:38.318 [IdleMode] Entering IN - save processed
22:17:54.901 [Login]: Adding player SamGeekMan (843923187) to login queue at position 0
22:17:54.901 [LoginMachine]: Add player SamGeekMan (843923187 84.68.73.155:55876)
22:17:54.901 [StateMachine]: Player SamGeekMan (dpnid 843923187 uid ) Entering AuthPlayerLoginState
22:17:55.25 [StateMachine]: Player SamGeekMan (dpnid 843923187 uid ) State Error (AuthPlayerLoginState)
22:17:55.25 Player Unknown (843923187) kicked from server: 115 (Client is missing a mod which is on the server. (CodeLock; Ear Plugs; Zen's Zombie Door Bangers)  (Missing PBO. (C:\Program Files (x86)\Steam\steamapps\common\DayZ\!Workshop\@GRW ER7 Gauss Rifle\addons\GaussMk2.pbo)))
22:17:55.25 [StateMachine]: Kick player SamGeekMan (dpnid 843923187 uid ) State AuthPlayerLoginState
22:17:55.30 [Disconnect]: Client 843923187 early disconnect
22:17:55.35 [Disconnect]: No identity -> remove player info 843923187 
22:17:55.35 [Disconnect]: DisconnectPlayerFinish 843923187
22:17:55.35 [Disconnect]: Remove player info 843923187
22:17:55.37 [Disconnect]: Player destroy 843923187 
22:18:44.674 [Login]: Adding player SamGeekMan (17182197) to login queue at position 0
22:18:44.675 [LoginMachine]: Add player SamGeekMan (17182197 84.68.73.155:56550)
22:18:44.675 [StateMachine]: Player SamGeekMan (dpnid 17182197 uid ) Entering AuthPlayerLoginState
22:18:45.86 [StateMachine]: Player SamGeekMan (dpnid 17182197 uid ) Entering WaitAuthPlayerLoginState
22:18:45.757 [IdleMode] Leaving OUT
22:18:47.516 Player SamGeekMan (id=EjyaR_evG3jSSz8VDJwqD2Jq7_Uz-Rfb4H6R-me5X0g=) has connected.
22:18:47.516 Player "SamGeekMan"(steamID=76561198025089838) is connected
22:18:47.525 [StateMachine]: Player SamGeekMan (dpnid 17182197 uid ) Entering WaitPlayerAssignedLoginState
22:18:48.09 [StateMachine]: Player SamGeekMan (dpnid 17182197 uid ) Entering PlayerAssignedLoginState
22:18:48.20 [StateMachine]: Player SamGeekMan (dpnid 17182197 uid EjyaR_evG3jSSz8VDJwqD2Jq7_Uz-Rfb4H6R-me5X0g=) Entering DBGetLoginTimeLoginState
22:18:48.40 [StateMachine]: Player SamGeekMan (dpnid 17182197 uid EjyaR_evG3jSSz8VDJwqD2Jq7_Uz-Rfb4H6R-me5X0g=) Entering DBWaitLoginTimeLoginState
22:19:03.51 [StateMachine]: Player SamGeekMan (dpnid 17182197 uid EjyaR_evG3jSSz8VDJwqD2Jq7_Uz-Rfb4H6R-me5X0g=) Entering DBGetCharacterLoginState
22:19:03.72 [StateMachine]: Player SamGeekMan (dpnid 17182197 uid EjyaR_evG3jSSz8VDJwqD2Jq7_Uz-Rfb4H6R-me5X0g=) Entering CreateNetObjectsLoginState
22:19:03.83 [CE][PlayerSpawnPoints][GRP_DBG] :: Selected: { no group } | idx: 0 (ut: 128375 | lt: 0 | ctr: 0)
22:19:03.83 [CE][PlayerSpawnPoints][GRP_DBG] :: Current: { no group } | idx: 0 (ct: 128375 | ut: 128375 | lt: 0 | ctr: 0)
22:19:03.83 [CE][PlayerSpawnPoints][GRP_DBG] :: Current: { no group } index: 0 (lt: 0 | ctr: 0)
22:19:03.83 [CE][PlayerSpawnPoints][GRP_DBG] :: Selected: { no group } | idx: 0 (ut: 128375 | lt: 0 | ctr: 0)
22:19:03.88 [StateMachine]: Player SamGeekMan (dpnid 17182197 uid EjyaR_evG3jSSz8VDJwqD2Jq7_Uz-Rfb4H6R-me5X0g=) Entering PreloadCamLoginState
22:19:03.94 [StateMachine]: Player SamGeekMan (dpnid 17182197 uid EjyaR_evG3jSSz8VDJwqD2Jq7_Uz-Rfb4H6R-me5X0g=) Entering WaitPreloadCamLoginState
22:19:08.748 [StateMachine]: Player SamGeekMan (dpnid 17182197 uid EjyaR_evG3jSSz8VDJwqD2Jq7_Uz-Rfb4H6R-me5X0g=) Entering GetNewCharLoginState
22:19:13.442 <CREATE NEW CHAR>:
    charID 1
    playerID 1
    dpnid 17182197
    uid EjyaR_evG3jSSz8VDJwqD2Jq7_Uz-Rfb4H6R-me5X0g=
22:19:14.274 [CE][LootRespawner] (PRIDummy) :: Item [0] is hard to place, performance drops: "TrackSuitPants_Green"
22:19:14.275 [CE][LootRespawner] (PRIDummy) :: Item [1] is hard to place, performance drops: "TrackSuitPants_Green"
22:19:14.275 [CE][LootRespawner] (PRIDummy) :: Item [2] is hard to place, performance drops: "TrackSuitPants_Green"
22:20:08.573 [CE][LootRespawner] (PRIDummy) :: Item [3] is hard to place, performance drops: "JumpsuitPants_Green"
22:20:09.85 [CE][LootRespawner] (PRIDummy) :: Item [4] is hard to place, performance drops: "Hoodie_Blue"
22:20:09.290 [CE][LootRespawner] (PRIDummy) :: Item [5] is hard to place, performance drops: "WomanSuit_White"
22:20:36.352 [CE][LootRespawner] (PRIDummy) :: Item [6] is hard to place, performance drops: "MetalPlate"
22:20:36.353 [CE][LootRespawner] (PRIDummy) :: Item [7] is hard to place, performance drops: "MetalPlate"
22:20:36.867 [CE][LootRespawner] (PRIDummy) :: Item [8] is hard to place, performance drops: "USMCPants_Woodland"
22:21:03.790 [CE][LootRespawner] (PRIDummy) :: Item [9] is hard to place, performance drops: "GP5GasMask"
22:21:04.515 [CE][LootRespawner] (PRIDummy) :: Item [10] is hard to place, performance drops: "TShirt_Beige"
22:21:04.617 [CE][LootRespawner] (PRIDummy) :: Item [11] is hard to place, performance drops: "BomberJacket_Black"
22:21:31.893 !!! [CE][Point] Removing 5765.984863, 8641.666016 from land_wrecked_ural
22:21:31.893 [CE][LootRespawner] (PRIDummy) :: Item [12] is hard to place, performance drops: "dzn_map_namalsk"
22:21:31.984 [CE][LootRespawner] (PRIDummy) :: Item [13] is hard to place, performance drops: "Hacksaw"
22:21:31.985 [CE][LootRespawner] (PRIDummy) :: Item [14] is hard to place, performance drops: "Hacksaw"
22:21:31.985 [CE][LootRespawner] (PRIDummy) :: Item [15] is hard to place, performance drops: "Hacksaw"
22:21:32.394 [CE][LootRespawner] (PRIDummy) :: Item [16] is hard to place, performance drops: "TShirt_RedBlackStripes"
22:21:32.807 [CE][LootRespawner] (PRIDummy) :: Item [17] is hard to place, performance drops: "GorkaEJacket_PautRev"
22:21:59.572 [CE][LootRespawner] (PRIDummy) :: Item [18] is hard to place, performance drops: "DownJacket_Green"
22:21:59.984 [CE][LootRespawner] (PRIDummy) :: Item [19] is hard to place, performance drops: "ParamedicJacket_Crimson"
22:22:54.924 !!! [CE][Point] Removing 5032.167480, 8197.083984 from land_wrecked_ural_onside
22:22:54.925 [CE][LootRespawner] (PRIDummy) :: Item [20] is hard to place, performance drops: "WoodenPlank"
22:22:56.50 [CE][LootRespawner] (PRIDummy) :: Item [21] is hard to place, performance drops: "Shemag_Red"
22:23:22.537 [CE][LootRespawner] (PRIDummy) :: Item [22] is hard to place, performance drops: "Bandana_RedPattern"
22:23:23.776 [CE][LootRespawner] (PRIDummy) :: Item [23] is hard to place, performance drops: "TrackSuitJacket_Blue"
22:23:49.885 [CE][LootRespawner] (PRIDummy) :: Item [24] is hard to place, performance drops: "Sedan_02_Wheel"
22:23:49.887 [CE][LootRespawner] (PRIDummy) :: Item [25] is hard to place, performance drops: "Sedan_02_Wheel"
22:24:18.269 [CE][LootRespawner] (PRIDummy) :: Item [26] is hard to place, performance drops: "HuntingVest"
22:24:18.269 [CE][LootRespawner] (PRIDummy) :: Item [27] is hard to place, performance drops: "HuntingVest"
22:24:18.269 [CE][LootRespawner] (PRIDummy) :: Item [28] is hard to place, performance drops: "HuntingVest"
22:24:18.269 [CE][LootRespawner] (PRIDummy) :: Item [29] is hard to place, performance drops: "HuntingVest"
22:24:18.269 [CE][LootRespawner] (PRIDummy) :: Item [30] is hard to place, performance drops: "HuntingVest"
22:24:18.270 [CE][LootRespawner] (PRIDummy) :: Item [31] is hard to place, performance drops: "HuntingVest"
22:24:18.270 [CE][LootRespawner] (PRIDummy) :: Item [32] is hard to place, performance drops: "HuntingVest"
22:24:18.270 [CE][LootRespawner] (PRIDummy) :: Item [33] is hard to place, performance drops: "HuntingVest"
22:24:18.270 [CE][LootRespawner] (PRIDummy) :: Item [34] is hard to place, performance drops: "HuntingVest"
22:24:18.575 [CE][LootRespawner] (PRIDummy) :: Item [35] is hard to place, performance drops: "SlacksPants_DarkGrey"
22:25:12.810 !!! [CE][Point] Removing 6504.356445, 9291.453125 from land_wrecked_ural
22:25:12.810 [CE][LootRespawner] (PRIDummy) :: Item [36] is hard to place, performance drops: "Battery9V"
22:25:13.627 [CE][LootRespawner] (PRIDummy) :: Item [37] is hard to place, performance drops: "FirefighterAxe"
22:25:13.627 [CE][LootRespawner] (PRIDummy) :: Item [38] is hard to place, performance drops: "FirefighterAxe"
22:25:13.627 [CE][LootRespawner] (PRIDummy) :: Item [39] is hard to place, performance drops: "FirefighterAxe"
22:25:13.627 [CE][LootRespawner] (PRIDummy) :: Item [40] is hard to place, performance drops: "FirefighterAxe"
22:25:13.628 [CE][LootRespawner] (PRIDummy) :: Item [0] causing search overtime: "FirefighterAxe"
22:25:14.347 [CE][LootRespawner] (PRIDummy) :: Item [41] is hard to place, performance drops: "Blouse_White"
22:25:41.391 [CE][LootRespawner] (PRIDummy) :: Item [42] is hard to place, performance drops: "TShirt_RedBlackStripes"
22:26:08.424 [CE][LootRespawner] (PRIDummy) :: Item [43] is hard to place, performance drops: "BaseballBat"
22:26:08.424 [CE][LootRespawner] (PRIDummy) :: Item [44] is hard to place, performance drops: "BaseballBat"
22:26:08.424 [CE][LootRespawner] (PRIDummy) :: Item [45] is hard to place, performance drops: "BaseballBat"
22:26:09.150 [CE][LootRespawner] (PRIDummy) :: Item [46] is hard to place, performance drops: "ConstructionHelmet_Lime"
22:26:09.657 [CE][LootRespawner] (PRIDummy) :: Item [47] is hard to place, performance drops: "GorkaEJacket_Flat"
22:27:03.780 [CE][LootRespawner] (PRIDummy) :: Item [48] is hard to place, performance drops: "Sweater_Red"
22:27:03.781 [CE][LootRespawner] (PRIDummy) :: Item [49] is hard to place, performance drops: "Sweater_Red"
22:27:31.430 [CE][LootRespawner] (PRIDummy) :: Item [50] is hard to place, performance drops: "Fabric"
22:27:31.738 [CE][LootRespawner] (PRIDummy) :: Item [51] is hard to place, performance drops: "HikingBoots_Brown"
22:27:31.738 [CE][LootRespawner] (PRIDummy) :: Item [52] is hard to place, performance drops: "HikingBoots_Brown"
22:27:32.458 [CE][LootRespawner] (PRIDummy) :: Item [53] is hard to place, performance drops: "Hoodie_Green"
22:27:32.458 [CE][LootRespawner] (PRIDummy) :: Item [54] is hard to place, performance drops: "Hoodie_Green"
22:27:32.660 [CE][LootRespawner] (PRIDummy) :: Item [55] is hard to place, performance drops: "GardenLime"
22:27:33.78 [CE][LootRespawner] (PRIDummy) :: Item [56] is hard to place, performance drops: "HikingJacket_Red"
22:27:33.180 [CE][LootRespawner] (PRIDummy) :: Item [57] is hard to place, performance drops: "BomberJacket_Black"
22:27:59.291 [CE][LootRespawner] (PRIDummy) :: Item [58] is hard to place, performance drops: "HockeyHelmet_Red"
22:28:00.840 [CE][LootRespawner] (PRIDummy) :: Item [59] is hard to place, performance drops: "WoodenPlank"
22:28:27.28 !!! [CE][Point] Removing 4177.679688, 8071.848633 from land_datsun01T
22:28:27.28 [CE][LootRespawner] (PRIDummy) :: Item [60] is hard to place, performance drops: "Whetstone"
22:28:27.546 [CE][LootRespawner] (PRIDummy) :: Item [61] is hard to place, performance drops: "CanisterGasoline"
22:28:27.858 [CE][LootRespawner] (PRIDummy) :: Item [62] is hard to place, performance drops: "Sedan_02_Wheel"
22:28:27.859 [CE][LootRespawner] (PRIDummy) :: Item [63] is hard to place, performance drops: "Sedan_02_Wheel"
22:28:28.373 [CE][LootRespawner] (PRIDummy) :: Item [64] is hard to place, performance drops: "CarRadiator"
22:28:55.10 [CE][LootRespawner] (PRIDummy) :: Item [65] is hard to place, performance drops: "WorkingBoots_Yellow"
22:28:55.10 [CE][LootRespawner] (PRIDummy) :: Item [66] is hard to place, performance drops: "WorkingBoots_Yellow"
22:29:49.451 [CE][LootRespawner] (PRIDummy) :: Item [67] is hard to place, performance drops: "SledgeHammer"
22:29:49.555 [CE][LootRespawner] (PRIDummy) :: Item [1] causing search overtime: "BloodTestKit"
22:30:17.702 [CE][LootRespawner] (PRIDummy) :: Item [68] is hard to place, performance drops: "WorkingBoots_Beige"
22:30:17.804 [CE][LootRespawner] (PRIDummy) :: Item [69] is hard to place, performance drops: "BomberJacket_SkyBlue"
22:30:17.904 [CE][LootRespawner] (PRIDummy) :: Item [70] is hard to place, performance drops: "WoolCoat_RedCheck"
22:30:18.728 [CE][LootRespawner] (PRIDummy) :: Item [71] is hard to place, performance drops: "ManSuit_White"
22:30:44.765 [CE][LootRespawner] (PRIDummy) :: Item [72] is hard to place, performance drops: "BurlapSack"
22:30:44.870 [CE][LootRespawner] (PRIDummy) :: Item [73] is hard to place, performance drops: "Bandana_CamoPattern"
22:30:45.894 [CE][LootRespawner] (PRIDummy) :: Item [74] is hard to place, performance drops: "FirefighterAxe"
22:30:45.894 [CE][LootRespawner] (PRIDummy) :: Item [75] is hard to place, performance drops: "FirefighterAxe"
22:30:45.995 [CE][LootRespawner] (PRIDummy) :: Item [76] is hard to place, performance drops: "NBCBootsGray"
22:31:13.439 [CE][LootRespawner] (PRIDummy) :: Item [77] is hard to place, performance drops: "TShirt_Red"
22:31:14.260 [CE][LootRespawner] (PRIDummy) :: Item [2] causing search overtime: "dzn_module_card"
22:32:07.775 [CE][LootRespawner] (PRIDummy) :: Item [78] is hard to place, performance drops: "Hacksaw"
22:32:08.77 [CE][LootRespawner] (PRIDummy) :: Item [79] is hard to place, performance drops: "HatchbackWheel"
22:32:08.77 [CE][LootRespawner] (PRIDummy) :: Item [80] is hard to place, performance drops: "HatchbackWheel"
22:32:35.604 [CE][LootRespawner] (PRIDummy) :: Item [81] is hard to place, performance drops: "WoodenPlank"
22:33:03.407 [CE][LootRespawner] (PRIDummy) :: Item [82] is hard to place, performance drops: "SlacksPants_LightGrey"
22:33:58.459 [CE][LootRespawner] (PRIDummy) :: Item [83] is hard to place, performance drops: "Fabric"
22:33:58.459 [CE][LootRespawner] (PRIDummy) :: Item [84] is hard to place, performance drops: "Fabric"
22:33:58.459 [CE][LootRespawner] (PRIDummy) :: Item [85] is hard to place, performance drops: "Fabric"
22:33:58.662 [CE][LootRespawner] (PRIDummy) :: Item [86] is hard to place, performance drops: "QuiltedJacket_Yellow"
22:33:58.766 [CE][LootRespawner] (PRIDummy) :: Item [87] is hard to place, performance drops: "WorkingBoots_Green"
22:33:59.796 [CE][LootRespawner] (PRIDummy) :: Item [88] is hard to place, performance drops: "QuiltedJacket_Red"
22:34:26.95 [CE][LootRespawner] (PRIDummy) :: Item [89] is hard to place, performance drops: "JumpsuitJacket_Blue"
22:34:27.219 [CE][LootRespawner] (PRIDummy) :: Item [90] is hard to place, performance drops: "PetushokHat_Green"
22:34:27.939 [CE][LootRespawner] (PRIDummy) :: Item [91] is hard to place, performance drops: "MountainBag_Red"
22:34:27.940 [CE][LootRespawner] (PRIDummy) :: Item [92] is hard to place, performance drops: "MountainBag_Red"
22:34:27.940 [CE][LootRespawner] (PRIDummy) :: Item [93] is hard to place, performance drops: "MountainBag_Red"
22:34:54.60 [CE][LootRespawner] (PRIDummy) :: Item [94] is hard to place, performance drops: "TrackSuitPants_Red"
22:34:54.61 [CE][LootRespawner] (PRIDummy) :: Item [95] is hard to place, performance drops: "TrackSuitPants_Red"
22:35:23.49 [CE][LootRespawner] (PRIDummy) :: Item [96] is hard to place, performance drops: "MotoHelmet_White"
22:35:49.112 [CE][LootRespawner] (PRIDummy) :: Item [97] is hard to place, performance drops: "Tripod"
22:35:49.113 [CE][LootRespawner] (PRIDummy) :: Item [98] is hard to place, performance drops: "Tripod"
22:35:49.317 [CE][LootRespawner] (PRIDummy) :: Item [99] is hard to place, performance drops: "BalaclavaMask_Beige"
22:35:49.420 [CE][LootRespawner] (PRIDummy) :: Item [100] is hard to place, performance drops: "Hoodie_Black"
22:35:49.420 [CE][LootRespawner] (PRIDummy) :: Item [101] is hard to place, performance drops: "Hoodie_Black"
22:35:49.522 [CE][LootRespawner] (PRIDummy) :: Item [3] causing search overtime: "FirefightersPants_Beige"
22:36:16.566 [CE][LootRespawner] (PRIDummy) :: Item [102] is hard to place, performance drops: "Shovel"
22:36:16.971 [CE][LootRespawner] (PRIDummy) :: Item [103] is hard to place, performance drops: "PoliceVest"
22:36:44.321 [CE][LootRespawner] (PRIDummy) :: Item [104] is hard to place, performance drops: "MetalWire"
22:36:45.37 [CE][LootRespawner] (PRIDummy) :: Item [105] is hard to place, performance drops: "BurlapSack"
22:37:11.975 [CE][LootRespawner] (PRIDummy) :: Item [106] is hard to place, performance drops: "JumpsuitJacket_Red"
22:37:11.975 [CE][LootRespawner] (PRIDummy) :: Item [107] is hard to place, performance drops: "JumpsuitJacket_Red"
22:37:39.485 [CE][LootRespawner] (PRIDummy) :: Item [108] is hard to place, performance drops: "JumpsuitPants_Red"
22:38:07.109 [CE][LootRespawner] (PRIDummy) :: Item [109] is hard to place, performance drops: "JumpsuitJacket_Gray"
22:38:07.519 [CE][LootRespawner] (PRIDummy) :: Item [110] is hard to place, performance drops: "TShirt_Blue"
22:38:07.519 [CE][LootRespawner] (PRIDummy) :: Item [111] is hard to place, performance drops: "TShirt_Blue"
22:38:07.726 [CE][LootRespawner] (PRIDummy) :: Item [112] is hard to place, performance drops: "B95"
22:38:08.346 [CE][LootRespawner] (PRIDummy) :: Item [113] is hard to place, performance drops: "FirefighterAxe"
22:38:08.346 [CE][LootRespawner] (PRIDummy) :: Item [114] is hard to place, performance drops: "FirefighterAxe"
22:38:08.860 [CE][LootRespawner] (PRIDummy) :: Item [115] is hard to place, performance drops: "Jeans_Grey"
22:38:34.776 [CE][LootRespawner] (PRIDummy) :: Item [116] is hard to place, performance drops: "TelnyashkaShirt"
22:38:34.777 [CE][LootRespawner] (PRIDummy) :: Item [117] is hard to place, performance drops: "TelnyashkaShirt"
22:38:34.876 [CE][LootRespawner] (PRIDummy) :: Item [118] is hard to place, performance drops: "JumpsuitJacket_Green"
22:38:35.185 [CE][LootRespawner] (PRIDummy) :: Item [119] is hard to place, performance drops: "PipeWrench"
22:39:02.707 [CE][LootRespawner] (PRIDummy) :: Item [120] is hard to place, performance drops: "Wellies_Black"
22:39:03.321 [CE][LootRespawner] (PRIDummy) :: Item [121] is hard to place, performance drops: "TrackSuitPants_Green"
22:39:03.321 [CE][LootRespawner] (PRIDummy) :: Item [122] is hard to place, performance drops: "TrackSuitPants_Green"
22:39:03.937 [CE][LootRespawner] (PRIDummy) :: Item [123] is hard to place, performance drops: "BomberJacket_Olive"
22:39:30.100 [CE][LootRespawner] (PRIDummy) :: Item [124] is hard to place, performance drops: "ChestHolster"
22:39:30.101 [CE][LootRespawner] (PRIDummy) :: Item [125] is hard to place, performance drops: "ChestHolster"
22:39:30.618 [CE][LootRespawner] (PRIDummy) :: Item [126] is hard to place, performance drops: "TShirt_Grey"
22:39:31.749 [CE][LootRespawner] (PRIDummy) :: Item [127] is hard to place, performance drops: "dzn_ghilliebushragtandark"
22:39:58.98 [CE][LootRespawner] (PRIDummy) :: Item [128] is hard to place, performance drops: "ManSuit_Khaki"
22:40:25.430 [CE][LootRespawner] (PRIDummy) :: Item [129] is hard to place, performance drops: "ReflexVest"
22:40:25.840 [CE][LootRespawner] (PRIDummy) :: Item [130] is hard to place, performance drops: "QuiltedJacket_Grey"
22:40:53.492 [CE][LootRespawner] (PRIDummy) :: Item [131] is hard to place, performance drops: "TShirt_Beige"
22:40:53.492 [CE][LootRespawner] (PRIDummy) :: Item [132] is hard to place, performance drops: "TShirt_Beige"
22:40:54.110 [CE][LootRespawner] (PRIDummy) :: Item [133] is hard to place, performance drops: "Hoodie_Green"
22:40:54.110 [CE][LootRespawner] (PRIDummy) :: Item [134] is hard to place, performance drops: "Hoodie_Green"
22:40:54.110 [CE][LootRespawner] (PRIDummy) :: Item [135] is hard to place, performance drops: "Hoodie_Green"
22:40:54.111 [CE][LootRespawner] (PRIDummy) :: Item [136] is hard to place, performance drops: "Hoodie_Green"
22:41:20.918 [CE][LootRespawner] (PRIDummy) :: Item [137] is hard to place, performance drops: "ManSuit_LightGrey"
22:41:20.919 [CE][LootRespawner] (PRIDummy) :: Item [138] is hard to place, performance drops: "ManSuit_LightGrey"
22:41:20.919 [CE][LootRespawner] (PRIDummy) :: Item [139] is hard to place, performance drops: "ManSuit_LightGrey"
22:41:21.223 [CE][LootRespawner] (PRIDummy) :: Item [140] is hard to place, performance drops: "SlingBag_Gray"
22:41:48.478 [CE][LootRespawner] (PRIDummy) :: Item [141] is hard to place, performance drops: "HikingJacket_Blue"
22:41:49.297 [CE][LootRespawner] (PRIDummy) :: Item [142] is hard to place, performance drops: "SherpaHat_Blue"
22:42:16.114 [CE][LootRespawner] (PRIDummy) :: Item [143] is hard to place, performance drops: "DressShoes_Beige"
22:42:17.449 [CE][LootRespawner] (PRIDummy) :: Item [144] is hard to place, performance drops: "TrackSuitJacket_Green"
22:42:43.758 [CE][LootRespawner] (PRIDummy) :: Item [145] is hard to place, performance drops: "BalaclavaMask_Black"
22:43:11.320 [CE][LootRespawner] (PRIDummy) :: Item [146] is hard to place, performance drops: "DressShoes_Brown"
22:43:39.35 [CE][LootRespawner] (PRIDummy) :: Item [147] is hard to place, performance drops: "WoolCoat_Beige"
22:43:39.541 [CE][LootRespawner] (PRIDummy) :: Item [148] is hard to place, performance drops: "WomanSuit_Black"
22:44:06.777 [CE][LootRespawner] (PRIDummy) :: Item [149] is hard to place, performance drops: "TrackSuitJacket_Black"
22:44:06.777 [CE][LootRespawner] (PRIDummy) :: Item [150] is hard to place, performance drops: "TrackSuitJacket_Black"
22:44:06.878 [CE][LootRespawner] (PRIDummy) :: Item [151] is hard to place, performance drops: "LabCoat"
22:45:29.312 [CE][LootRespawner] (PRIDummy) :: Item [152] is hard to place, performance drops: "MetalPlate"
22:45:29.314 [CE][LootRespawner] (PRIDummy) :: Item [153] is hard to place, performance drops: "MetalPlate"
22:45:29.415 [CE][LootRespawner] (PRIDummy) :: Item [154] is hard to place, performance drops: "WoodenPlank"
22:45:29.416 [CE][LootRespawner] (PRIDummy) :: Item [155] is hard to place, performance drops: "WoodenPlank"
22:45:57.606 [CE][LootRespawner] (PRIDummy) :: Item [156] is hard to place, performance drops: "CanisterGasoline"
22:46:52.66 [CE][LootRespawner] (PRIDummy) :: Item [157] is hard to place, performance drops: "LugWrench"
22:46:52.67 [CE][LootRespawner] (PRIDummy) :: Item [158] is hard to place, performance drops: "LugWrench"
22:46:52.477 [CE][LootRespawner] (PRIDummy) :: Item [159] is hard to place, performance drops: "MedicalScrubsPants_Green"
22:47:19.691 [CE][LootRespawner] (PRIDummy) :: Item [160] is hard to place, performance drops: "Sweater_Blue"
22:47:20.408 [CE][LootRespawner] (PRIDummy) :: Item [161] is hard to place, performance drops: "ParamedicPants_Blue"
22:47:47.625 [CE][LootRespawner] (PRIDummy) :: Item [162] is hard to place, performance drops: "HuntingVest"
22:48:15.104 [CE][LootRespawner] (PRIDummy) :: Item [163] is hard to place, performance drops: "CamoNet"
22:48:43.236 [CE][LootRespawner] (PRIDummy) :: Item [164] is hard to place, performance drops: "Blouse_White"
22:48:43.943 [CE][LootRespawner] (PRIDummy) :: Item [165] is hard to place, performance drops: "HunterPants_Summer"
22:49:10.211 [CE][LootRespawner] (PRIDummy) :: Item [166] is hard to place, performance drops: "WoodAxe"
22:49:38.116 [CE][LootRespawner] (PRIDummy) :: Item [167] is hard to place, performance drops: "Hoodie_Blue"
22:49:38.116 [CE][LootRespawner] (PRIDummy) :: Item [168] is hard to place, performance drops: "Hoodie_Blue"
22:49:38.117 [CE][LootRespawner] (PRIDummy) :: Item [169] is hard to place, performance drops: "Hoodie_Blue"
22:49:38.117 [CE][LootRespawner] (PRIDummy) :: Item [170] is hard to place, performance drops: "Hoodie_Blue"
22:49:38.522 [CE][LootRespawner] (PRIDummy) :: Item [171] is hard to place, performance drops: "BomberJacket_Grey"
22:49:38.930 [CE][LootRespawner] (PRIDummy) :: Item [172] is hard to place, performance drops: "HikingJacket_Green"
22:49:39.547 [CE][LootRespawner] (PRIDummy) :: Item [173] is hard to place, performance drops: "dzn_ukassvest_white"
22:50:06.651 [CE][LootRespawner] (PRIDummy) :: Item [174] is hard to place, performance drops: "Blouse_Green"
22:50:33.914 [CE][LootRespawner] (PRIDummy) :: Item [175] is hard to place, performance drops: "MountainBag_Orange"
22:50:33.914 [CE][LootRespawner] (PRIDummy) :: Item [176] is hard to place, performance drops: "MountainBag_Orange"
22:50:34.835 [CE][LootRespawner] (PRIDummy) :: Item [177] is hard to place, performance drops: "OMKPants_Navy"
22:51:00.779 [CE][LootRespawner] (PRIDummy) :: Item [178] is hard to place, performance drops: "BomberJacket_SkyBlue"
22:51:00.881 [CE][LootRespawner] (PRIDummy) :: Item [179] is hard to place, performance drops: "Jeans_Blue"
22:51:01.191 [CE][LootRespawner] (PRIDummy) :: Item [180] is hard to place, performance drops: "ChildBag_Green"
22:51:01.294 [CE][LootRespawner] (PRIDummy) :: Item [181] is hard to place, performance drops: "HikingJacket_Red"
22:51:28.259 [CE][LootRespawner] (PRIDummy) :: Item [182] is hard to place, performance drops: "RidersJacket_Black"
22:51:28.259 [CE][LootRespawner] (PRIDummy) :: Item [183] is hard to place, performance drops: "RidersJacket_Black"
22:51:28.259 [CE][LootRespawner] (PRIDummy) :: Item [184] is hard to place, performance drops: "RidersJacket_Black"
22:51:28.362 [CE][LootRespawner] (PRIDummy) :: Item [185] is hard to place, performance drops: "TrackSuitJacket_Red"
22:51:28.362 [CE][LootRespawner] (PRIDummy) :: Item [186] is hard to place, performance drops: "TrackSuitJacket_Red"
22:51:29.480 [CE][LootRespawner] (PRIDummy) :: Item [187] is hard to place, performance drops: "SherpaHat_Red"
22:51:29.889 [CE][LootRespawner] (PRIDummy) :: Item [188] is hard to place, performance drops: "MetalPlate"
22:51:29.892 [CE][LootRespawner] (PRIDummy) :: Item [189] is hard to place, performance drops: "MetalPlate"
22:51:29.892 [CE][LootRespawner] (PRIDummy) :: Item [190] is hard to place, performance drops: "MetalPlate"
22:51:55.663 [CE][LootRespawner] (PRIDummy) :: Item [191] is hard to place, performance drops: "WoodenPlank"
22:51:59.41 [CE][Links] found 0 total links between groups, of 1
22:51:59.41 [CE][SpawnRandomLoot] (StaticMedDrop) :: Type: Misc_cargo_cont_net1, lootmin: 4, lootmax: 6, wanted: 4, deloot: 2, containermaxsum: 6
22:51:59.43 [CE][Links] found 0 total links between groups, of 2
22:51:59.43 [CE][SpawnRandomLoot] (StaticMedDrop) :: Type: Misc_cargo_cont_net1, lootmin: 4, lootmax: 6, wanted: 4, deloot: 2, containermaxsum: 6
22:51:59.46 [CE][Links] found 0 total links between groups, of 3
22:51:59.46 [CE][SpawnRandomLoot] (StaticMedDrop) :: Type: Misc_cargo_cont_net1, lootmin: 4, lootmax: 6, wanted: 5, deloot: 2, containermaxsum: 6
22:51:59.48 [CE][Links] found 0 total links between groups, of 4
22:51:59.48 [CE][SpawnRandomLoot] (StaticMedDrop) :: Type: Misc_cargo_cont_net1, lootmin: 4, lootmax: 6, wanted: 5, deloot: 2, containermaxsum: 6
22:51:59.50 [CE][Links] found 0 total links between groups, of 5
22:51:59.50 [CE][SpawnRandomLoot] (StaticMedDrop) :: Type: Misc_cargo_cont_net1, lootmin: 4, lootmax: 6, wanted: 4, deloot: 2, containermaxsum: 6
22:51:59.52 [CE][Links] found 0 total links between groups, of 6
22:51:59.52 [CE][SpawnRandomLoot] (StaticMedDrop) :: Type: Misc_cargo_cont_net1, lootmin: 4, lootmax: 6, wanted: 4, deloot: 2, containermaxsum: 6
22:51:59.342 [CE][Links] found 0 total links between groups, of 7
22:51:59.342 [CE][SpawnRandomLoot] (StaticLifeboat) :: Type: sea_oilrig_lifeboat, lootmin: 2, lootmax: 5, wanted: 3, deloot: 2, containermaxsum: 5
22:51:59.343 [CE][SpawnRandomLoot] (StaticLifeboat) :: No item found to spawn for DE! Spawned: 2 / 3 (enable log_ce_dynamicevent to see item lists for event)
22:52:23.372 [CE][LootRespawner] (PRIDummy) :: Item [192] is hard to place, performance drops: "JumpsuitPants_Grey"
22:52:23.373 [CE][LootRespawner] (PRIDummy) :: Item [193] is hard to place, performance drops: "JumpsuitPants_Grey"
22:52:23.373 [CE][LootRespawner] (PRIDummy) :: Item [194] is hard to place, performance drops: "JumpsuitPants_Grey"
22:52:23.374 [CE][LootRespawner] (PRIDummy) :: Item [195] is hard to place, performance drops: "JumpsuitPants_Grey"
22:52:23.985 [CE][LootRespawner] (PRIDummy) :: Item [196] is hard to place, performance drops: "dzn_ghilliesuittandark"
22:52:24.797 [CE][LootRespawner] (PRIDummy) :: Item [197] is hard to place, performance drops: "BomberJacket_Brown"
22:52:24.797 [CE][LootRespawner] (PRIDummy) :: Item [198] is hard to place, performance drops: "BomberJacket_Brown"
22:52:25.207 [CE][LootRespawner] (PRIDummy) :: Item [199] is hard to place, performance drops: "WomanSuit_Brown"
22:52:52.168 [CE][LootRespawner] (PRIDummy) :: Item [200] is hard to place, performance drops: "SlacksPants_Beige"
22:53:18.552 [CE][LootRespawner] (PRIDummy) :: Item [201] is hard to place, performance drops: "TelnyashkaShirt"
22:53:18.552 [CE][LootRespawner] (PRIDummy) :: Item [202] is hard to place, performance drops: "TelnyashkaShirt"
22:53:18.757 [CE][LootRespawner] (PRIDummy) :: Item [203] is hard to place, performance drops: "CanisterGasoline"
22:53:18.859 [CE][LootRespawner] (PRIDummy) :: Item [204] is hard to place, performance drops: "Pickaxe"
22:53:19.577 [CE][LootRespawner] (PRIDummy) :: Item [205] is hard to place, performance drops: "QuiltedJacket_Green"
22:54:02.292 [Disconnect]: Client 17182197 disconnecting
22:54:02.292 [Disconnect]: Client 17182197 early disconnect
22:54:02.293 [Disconnect]: Start script disconnect 17182197 (dbCharacterId 1 dbPlayerId 1) logoutTime 15
22:54:02.294 [Disconnect]: Finish script disconnect 17182197 (EjyaR_evG3jSSz8VDJwqD2Jq7_Uz-Rfb4H6R-me5X0g=)
22:54:02.294 [Disconnect]: DisconnectPlayerFinish 17182197
22:54:02.294 [Disconnect]: Remove player info 17182197
22:54:02.306 [Disconnect]: Player destroy 17182197 
22:54:14.564 [CE][LootRespawner] (PRIDummy) :: Item [206] is hard to place, performance drops: "TrackSuitPants_Black"
22:54:14.564 [CE][LootRespawner] (PRIDummy) :: Item [207] is hard to place, performance drops: "TrackSuitPants_Black"
22:54:14.564 [CE][LootRespawner] (PRIDummy) :: Item [208] is hard to place, performance drops: "TrackSuitPants_Black"
22:54:14.565 [CE][LootRespawner] (PRIDummy) :: Item [209] is hard to place, performance drops: "TrackSuitPants_Black"
22:54:14.668 [CE][LootRespawner] (PRIDummy) :: Item [210] is hard to place, performance drops: "MedicalScrubsShirt_Blue"
22:54:15.184 [CE][LootRespawner] (PRIDummy) :: Item [4] causing search overtime: "dzn_athena3_august"
22:54:42.299 [CE][LootRespawner] (PRIDummy) :: Item [211] is hard to place, performance drops: "Broom"
22:54:42.401 [CE][LootRespawner] (PRIDummy) :: Item [212] is hard to place, performance drops: "TShirt_Black"
22:54:43.331 [CE][LootRespawner] (PRIDummy) :: Item [213] is hard to place, performance drops: "TaloonBag_Green"
22:54:43.332 [CE][LootRespawner] (PRIDummy) :: Item [214] is hard to place, performance drops: "TaloonBag_Green"
22:55:09.547 [CE][LootRespawner] (PRIDummy) :: Item [215] is hard to place, performance drops: "WeldingMask"
22:55:09.859 [CE][LootRespawner] (PRIDummy) :: Item [216] is hard to place, performance drops: "NBCBootsGray"
22:55:10.899 [CE][LootRespawner] (PRIDummy) :: Item [5] causing search overtime: "FirefightersHelmet_Red"
22:55:11.104 [CE][LootRespawner] (PRIDummy) :: Item [217] is hard to place, performance drops: "TaloonBag_Violet"
22:55:21.152 [IdleMode] Entering IN - save processed
 4:24:46.673  --- Termination successfully completed --- 
