---------------------------------------------
Log C:\SERVICES\ni10839481_1_SHARE\ftproot\dayzstandalone\config\crash_2025-06-02_04-25-07.log started at 02.06. 04:25:58



------------------------------------
MS2871, 02.06 2025 04:25:58
[WeaponStableState::ValidateMuzzleArray] :: [ERROR] :: Muzzle array validation has failed. Please set up the correct muzzle states by overriding InitMuzzleArray.
Class:      'WeaponStableState'
Function: 'ValidateMuzzleArray'
Stack trace:
scripts/4_World/entities\firearms\fsm\states\weaponstablestate.c:191
scripts/4_World/entities\firearms\fsm\states\weaponstablestate.c:36
scripts/4_World/entities\firearms\rifle_base.c:22
scripts/4_World/entities\firearms\weapon_base.c:128
$CurrentDir:mpmissions\regular.namalsk\init.c:7

Runtime mode
CLI params: ip 85.190.162.236 port 11200 cpuCount 4 limitFPS 100 config serverDZ.cfg mod @Namalsk Survival;@Namalsk Island;@Zens Zombie Door Bangers;@Ear-Plugs;@Code Lock profiles C:\SERVICES\ni10839481_1_SHARE\ftproot\dayzstandalone/config BEPath C:\SERVICES\ni10839481_1_SHARE\ftproot\dayzstandalone\battleye noFilePatching  nologs  adminlog  freezecheck  


------------------------------------
MS2871, 02.06 2025 04:25:59
[WeaponStableState::ValidateMuzzleArray] :: [ERROR] :: Muzzle array validation has failed. Please set up the correct muzzle states by overriding InitMuzzleArray.
Class:      'WeaponStableState'
Function: 'ValidateMuzzleArray'
Stack trace:
scripts/4_World/entities\firearms\fsm\states\weaponstablestate.c:191
scripts/4_World/entities\firearms\fsm\states\weaponstablestate.c:36
scripts/4_World/entities\firearms\rifle_base.c:22
scripts/4_World/entities\firearms\weapon_base.c:128
$CurrentDir:mpmissions\regular.namalsk\init.c:7

Runtime mode
CLI params: ip 85.190.162.236 port 11200 cpuCount 4 limitFPS 100 config serverDZ.cfg mod @Namalsk Survival;@Namalsk Island;@Zens Zombie Door Bangers;@Ear-Plugs;@Code Lock profiles C:\SERVICES\ni10839481_1_SHARE\ftproot\dayzstandalone/config BEPath C:\SERVICES\ni10839481_1_SHARE\ftproot\dayzstandalone\battleye noFilePatching  nologs  adminlog  freezecheck  


------------------------------------
MS2871, 02.06 2025 04:26:01
[WeaponStableState::ValidateMuzzleArray] :: [ERROR] :: Muzzle array validation has failed. Please set up the correct muzzle states by overriding InitMuzzleArray.
Class:      'WeaponStableState'
Function: 'ValidateMuzzleArray'
Stack trace:
scripts/4_World/entities\firearms\fsm\states\weaponstablestate.c:191
scripts/4_World/entities\firearms\fsm\states\weaponstablestate.c:36
scripts/4_World/entities\firearms\rifle_base.c:22
scripts/4_World/entities\firearms\weapon_base.c:128
$CurrentDir:mpmissions\regular.namalsk\init.c:7

Runtime mode
CLI params: ip 85.190.162.236 port 11200 cpuCount 4 limitFPS 100 config serverDZ.cfg mod @Namalsk Survival;@Namalsk Island;@Zens Zombie Door Bangers;@Ear-Plugs;@Code Lock profiles C:\SERVICES\ni10839481_1_SHARE\ftproot\dayzstandalone/config BEPath C:\SERVICES\ni10839481_1_SHARE\ftproot\dayzstandalone\battleye noFilePatching  nologs  adminlog  freezecheck  


------------------------------------
MS2871, 02.06 2025 04:26:02
[WeaponStableState::ValidateMuzzleArray] :: [ERROR] :: Muzzle array validation has failed. Please set up the correct muzzle states by overriding InitMuzzleArray.
Class:      'WeaponStableState'
Function: 'ValidateMuzzleArray'
Stack trace:
scripts/4_World/entities\firearms\fsm\states\weaponstablestate.c:191
scripts/4_World/entities\firearms\fsm\states\weaponstablestate.c:36
scripts/4_World/entities\firearms\rifle_base.c:22
scripts/4_World/entities\firearms\weapon_base.c:128
$CurrentDir:mpmissions\regular.namalsk\init.c:7

Runtime mode
CLI params: ip 85.190.162.236 port 11200 cpuCount 4 limitFPS 100 config serverDZ.cfg mod @Namalsk Survival;@Namalsk Island;@Zens Zombie Door Bangers;@Ear-Plugs;@Code Lock profiles C:\SERVICES\ni10839481_1_SHARE\ftproot\dayzstandalone/config BEPath C:\SERVICES\ni10839481_1_SHARE\ftproot\dayzstandalone\battleye noFilePatching  nologs  adminlog  freezecheck  


------------------------------------
MS2871, 02.06 2025 04:26:03
[WeaponStableState::ValidateMuzzleArray] :: [ERROR] :: Muzzle array validation has failed. Please set up the correct muzzle states by overriding InitMuzzleArray.
Class:      'WeaponStableState'
Function: 'ValidateMuzzleArray'
Stack trace:
scripts/4_World/entities\firearms\fsm\states\weaponstablestate.c:191
scripts/4_World/entities\firearms\fsm\states\weaponstablestate.c:36
scripts/4_World/entities\firearms\rifle_base.c:22
scripts/4_World/entities\firearms\weapon_base.c:128
$CurrentDir:mpmissions\regular.namalsk\init.c:7

Runtime mode
CLI params: ip 85.190.162.236 port 11200 cpuCount 4 limitFPS 100 config serverDZ.cfg mod @Namalsk Survival;@Namalsk Island;@Zens Zombie Door Bangers;@Ear-Plugs;@Code Lock profiles C:\SERVICES\ni10839481_1_SHARE\ftproot\dayzstandalone/config BEPath C:\SERVICES\ni10839481_1_SHARE\ftproot\dayzstandalone\battleye noFilePatching  nologs  adminlog  freezecheck  


------------------------------------
MS2871, 02.06 2025 04:26:03
[WeaponStableState::ValidateMuzzleArray] :: [ERROR] :: Muzzle array validation has failed. Please set up the correct muzzle states by overriding InitMuzzleArray.
Class:      'WeaponStableState'
Function: 'ValidateMuzzleArray'
Stack trace:
scripts/4_World/entities\firearms\fsm\states\weaponstablestate.c:191
scripts/4_World/entities\firearms\fsm\states\weaponstablestate.c:36
scripts/4_World/entities\firearms\rifle_base.c:22
scripts/4_World/entities\firearms\weapon_base.c:128
$CurrentDir:mpmissions\regular.namalsk\init.c:7

Runtime mode
CLI params: ip 85.190.162.236 port 11200 cpuCount 4 limitFPS 100 config serverDZ.cfg mod @Namalsk Survival;@Namalsk Island;@Zens Zombie Door Bangers;@Ear-Plugs;@Code Lock profiles C:\SERVICES\ni10839481_1_SHARE\ftproot\dayzstandalone/config BEPath C:\SERVICES\ni10839481_1_SHARE\ftproot\dayzstandalone\battleye noFilePatching  nologs  adminlog  freezecheck  


------------------------------------
MS2871, 02.06 2025 04:26:05
[WeaponStableState::ValidateMuzzleArray] :: [ERROR] :: Muzzle array validation has failed. Please set up the correct muzzle states by overriding InitMuzzleArray.
Class:      'WeaponStableState'
Function: 'ValidateMuzzleArray'
Stack trace:
scripts/4_World/entities\firearms\fsm\states\weaponstablestate.c:191
scripts/4_World/entities\firearms\fsm\states\weaponstablestate.c:36
scripts/4_World/entities\firearms\rifle_base.c:22
scripts/4_World/entities\firearms\weapon_base.c:128
$CurrentDir:mpmissions\regular.namalsk\init.c:7

Runtime mode
CLI params: ip 85.190.162.236 port 11200 cpuCount 4 limitFPS 100 config serverDZ.cfg mod @Namalsk Survival;@Namalsk Island;@Zens Zombie Door Bangers;@Ear-Plugs;@Code Lock profiles C:\SERVICES\ni10839481_1_SHARE\ftproot\dayzstandalone/config BEPath C:\SERVICES\ni10839481_1_SHARE\ftproot\dayzstandalone\battleye noFilePatching  nologs  adminlog  freezecheck  


------------------------------------
MS2871, 02.06 2025 04:26:05
[WeaponStableState::ValidateMuzzleArray] :: [ERROR] :: Muzzle array validation has failed. Please set up the correct muzzle states by overriding InitMuzzleArray.
Class:      'WeaponStableState'
Function: 'ValidateMuzzleArray'
Stack trace:
scripts/4_World/entities\firearms\fsm\states\weaponstablestate.c:191
scripts/4_World/entities\firearms\fsm\states\weaponstablestate.c:36
scripts/4_World/entities\firearms\rifle_base.c:22
scripts/4_World/entities\firearms\weapon_base.c:128
$CurrentDir:mpmissions\regular.namalsk\init.c:7

Runtime mode
CLI params: ip 85.190.162.236 port 11200 cpuCount 4 limitFPS 100 config serverDZ.cfg mod @Namalsk Survival;@Namalsk Island;@Zens Zombie Door Bangers;@Ear-Plugs;@Code Lock profiles C:\SERVICES\ni10839481_1_SHARE\ftproot\dayzstandalone/config BEPath C:\SERVICES\ni10839481_1_SHARE\ftproot\dayzstandalone\battleye noFilePatching  nologs  adminlog  freezecheck  


------------------------------------
MS2871, 02.06 2025 08:06:33
[WeaponStableState::ValidateMuzzleArray] :: [ERROR] :: Muzzle array validation has failed. Please set up the correct muzzle states by overriding InitMuzzleArray.
Class:      'WeaponStableState'
Function: 'ValidateMuzzleArray'
Stack trace:
scripts/4_World/entities\firearms\fsm\states\weaponstablestate.c:191
scripts/4_World/entities\firearms\fsm\states\weaponstablestate.c:36
scripts/4_World/entities\firearms\rifle_base.c:22
scripts/4_World/entities\firearms\weapon_base.c:128

Runtime mode
CLI params: ip 85.190.162.236 port 11200 cpuCount 4 limitFPS 100 config serverDZ.cfg mod @Namalsk Survival;@Namalsk Island;@Zens Zombie Door Bangers;@Ear-Plugs;@Code Lock profiles C:\SERVICES\ni10839481_1_SHARE\ftproot\dayzstandalone/config BEPath C:\SERVICES\ni10839481_1_SHARE\ftproot\dayzstandalone\battleye noFilePatching  nologs  adminlog  freezecheck  


------------------------------------
MS2871, 02.06 2025 08:16:16
[WeaponStableState::ValidateMuzzleArray] :: [ERROR] :: Muzzle array validation has failed. Please set up the correct muzzle states by overriding InitMuzzleArray.
Class:      'WeaponStableState'
Function: 'ValidateMuzzleArray'
Stack trace:
scripts/4_World/entities\firearms\fsm\states\weaponstablestate.c:191
scripts/4_World/entities\firearms\fsm\states\weaponstablestate.c:36
scripts/4_World/entities\firearms\rifle_base.c:22
scripts/4_World/entities\firearms\weapon_base.c:128

Runtime mode
CLI params: ip 85.190.162.236 port 11200 cpuCount 4 limitFPS 100 config serverDZ.cfg mod @Namalsk Survival;@Namalsk Island;@Zens Zombie Door Bangers;@Ear-Plugs;@Code Lock profiles C:\SERVICES\ni10839481_1_SHARE\ftproot\dayzstandalone/config BEPath C:\SERVICES\ni10839481_1_SHARE\ftproot\dayzstandalone\battleye noFilePatching  nologs  adminlog  freezecheck  


------------------------------------
MS2871, 02.06 2025 08:22:16
[WeaponStableState::ValidateMuzzleArray] :: [ERROR] :: Muzzle array validation has failed. Please set up the correct muzzle states by overriding InitMuzzleArray.
Class:      'WeaponStableState'
Function: 'ValidateMuzzleArray'
Stack trace:
scripts/4_World/entities\firearms\fsm\states\weaponstablestate.c:191
scripts/4_World/entities\firearms\fsm\states\weaponstablestate.c:36
scripts/4_World/entities\firearms\rifle_base.c:22
scripts/4_World/entities\firearms\weapon_base.c:128

Runtime mode
CLI params: ip 85.190.162.236 port 11200 cpuCount 4 limitFPS 100 config serverDZ.cfg mod @Namalsk Survival;@Namalsk Island;@Zens Zombie Door Bangers;@Ear-Plugs;@Code Lock profiles C:\SERVICES\ni10839481_1_SHARE\ftproot\dayzstandalone/config BEPath C:\SERVICES\ni10839481_1_SHARE\ftproot\dayzstandalone\battleye noFilePatching  nologs  adminlog  freezecheck  


------------------------------------
MS2871, 02.06 2025 08:31:59
[WeaponStableState::ValidateMuzzleArray] :: [ERROR] :: Muzzle array validation has failed. Please set up the correct muzzle states by overriding InitMuzzleArray.
Class:      'WeaponStableState'
Function: 'ValidateMuzzleArray'
Stack trace:
scripts/4_World/entities\firearms\fsm\states\weaponstablestate.c:191
scripts/4_World/entities\firearms\fsm\states\weaponstablestate.c:36
scripts/4_World/entities\firearms\rifle_base.c:22
scripts/4_World/entities\firearms\weapon_base.c:128

Runtime mode
CLI params: ip 85.190.162.236 port 11200 cpuCount 4 limitFPS 100 config serverDZ.cfg mod @Namalsk Survival;@Namalsk Island;@Zens Zombie Door Bangers;@Ear-Plugs;@Code Lock profiles C:\SERVICES\ni10839481_1_SHARE\ftproot\dayzstandalone/config BEPath C:\SERVICES\ni10839481_1_SHARE\ftproot\dayzstandalone\battleye noFilePatching  nologs  adminlog  freezecheck  
