=====================================================================
== C:\SERVICES\ni10839481_1_SHARE\ftproot\dayzstandalone\DayZServer_x64.exe
== "C:\SERVICES\ni10839481_1_SHARE\ftproot\dayzstandalone\DayZServer_x64.exe" -ip=85.190.162.236 -port=11200 -cpuCount=4 -limitFPS=100 -config=serverDZ.cfg "-mod=@Namalsk Survival;@Namalsk Island;@Zens Zombie Door Bangers;@Ear-Plugs;@Code Lock" -profiles=C:\SERVICES\ni10839481_1_SHARE\ftproot\dayzstandalone/config -BEPath=C:\SERVICES\ni10839481_1_SHARE\ftproot\dayzstandalone\battleye -noFilePatching -nologs -adminlog -freezecheck
=====================================================================
Exe timestamp: 2025/04/04 00:49:20
Current time:  2025/06/02 04:25:08
Version 1.27.159674
=====================================================================

 4:25:08.252 [Inputs] Loading inputs default "bin/constants.xml"
 4:25:08.264 [Inputs] Loading inputs default "bin/specific.xml"
 4:25:08.267 [Inputs] Loading inputs default "EarPlugs/data/inputs.xml"
 4:25:08.269 [Inputs] Loading inputs default "nst/ns_dayz/scripts/Data/Inputs.xml"
 4:25:08.272 [Inputs] Loading inputs cfg "C:\SERVICES\ni10839481_1_SHARE\ftproot\dayzstandalone/config\Users\Survivor\Server.core.xml"
 4:25:08.290 [Inputs] Exporting inputs cfg "C:\SERVICES\ni10839481_1_SHARE\ftproot\dayzstandalone/config\Users\Survivor\Server.core.xml"
 4:25:33.718 Hostname of server: "Aid Station | Namalsk | PVE - Wipe: 03-06"
 4:25:47.167 [CE][Hive] :: Initializing OFFLINE
 4:25:47.168 [StorageDirs] :: Selected storage directory: C:\SERVICES\ni10839481_1_SHARE\ftproot\dayzstandalone\mpmissions\regular.namalsk\storage_1\
 4:25:47.173 [CE][Hive] :: Loading core data ... 
 4:25:47.178 [CE][CoreData] :: 8 root classes, 0 defaults, 0 updaters...
 4:25:56.954 [CE] :: WARNING :: Preset map "headsFirefighter" is EMPTY.
 4:25:56.956 [CE][TypeSetup] :: 599 classes setuped...
 4:25:57.553 [CE][RegisterBind] :: 0 classes binded...
 4:25:57.554 [CE][RegisterConfig] :: 5794 config classes registered, 0 sub-counters...
 4:25:57.554 [CE][Hive] :: Loading map data ... 
 4:25:57.689 [CE][LoadPrototype] :: loaded 256 prototypes
 4:25:57.689   404 containers, 7415 points
 4:25:57.689   1 dispatches, 1 proxies
 4:25:57.689 !!! [CE][LoadPrototype] 1 groups have wrong points...
 4:25:57.689 [CE][LoadPrototype] :: last group name: land_frozen_person...
 4:25:57.700 [CE][LoadPrototype] :: loaded 0 prototypes
 4:25:57.700   38 containers, 66 points
 4:25:57.700   0 dispatches, 0 proxies
 4:25:57.700 [CE][LoadPrototype] :: last group name: StoneLoc38...
 4:25:57.830 [CE][LoadMap] "Group" :: loaded 1445 groups, groups failed: 0, largest group range: 36.4
 4:25:57.837 [CE][LoadMap] "Dirt" :: loaded 0 groups, groups failed: 0, largest group range: 36.4
 4:25:57.842 [CE][Links] found 472 total links between groups, of 1445
 4:25:57.842 [CE][LoadClusters] "Cluster" :: Loading files...
 4:25:57.859 [CE][LoadClusters] :: file: "mapgroupcluster.xml", 1 types, 2418 instances
 4:25:57.862 [CE][Storage] ver:21 stamp:130401, valid:yes, name:"C:\SERVICES\ni10839481_1_SHARE\ftproot\dayzstandalone\mpmissions\regular.namalsk\storage_1\data\types.bin"
 4:25:57.867 [CE][Storage] ver:21 stamp:129166, valid:yes, name:"C:\SERVICES\ni10839481_1_SHARE\ftproot\dayzstandalone\mpmissions\regular.namalsk\storage_1\data\types.001"
 4:25:57.869 [CE][Storage] ver:21 stamp:129164, valid:yes, name:"C:\SERVICES\ni10839481_1_SHARE\ftproot\dayzstandalone\mpmissions\regular.namalsk\storage_1\data\types.002"
 4:25:57.869 [CE][Storage] Restoring file "C:\SERVICES\ni10839481_1_SHARE\ftproot\dayzstandalone\mpmissions\regular.namalsk\storage_1\data\types.bin".
 4:25:57.936 [CE][offlineDB] :: Loaded 23 dynamic events 177 total types.
 4:25:58.09 !!! [CE][offlineDB] :: Type 'R12' will be ignored. (Type does not exist. (Typo?))
 4:25:58.09 !!! [CE][offlineDB] :: Type 'MK4Optic_Black' will be ignored. (Type does not exist. (Typo?))
 4:25:58.09 !!! [CE][offlineDB] :: Type 'MK4Optic_Green' will be ignored. (Type does not exist. (Typo?))
 4:25:58.09 !!! [CE][offlineDB] :: Type 'SportingOptic' will be ignored. (Type does not exist. (Typo?))
 4:25:58.09 !!! [CE][offlineDB] :: Type 'PSO6Optic' will be ignored. (Type does not exist. (Typo?))
 4:25:58.12 !!! [CE][offlineDB] :: Type 'ChristmasTree' will be ignored. (Not spawnable. (Scope is not public?))
 4:25:58.41 [CE][DE][SPAWNS] :: Total positions: 711
 4:25:58.41 [CE][DE][GROUPS] :: Total eventgroups defined: 0, Eventgroups in use: 0
 4:25:58.42 [CE][Storage] ver:25 stamp:130401, valid:yes, name:"C:\SERVICES\ni10839481_1_SHARE\ftproot\dayzstandalone\mpmissions\regular.namalsk\storage_1\data\events.bin"
 4:25:58.44 [CE][Storage] ver:25 stamp:129166, valid:yes, name:"C:\SERVICES\ni10839481_1_SHARE\ftproot\dayzstandalone\mpmissions\regular.namalsk\storage_1\data\events.001"
 4:25:58.45 [CE][Storage] ver:25 stamp:129164, valid:yes, name:"C:\SERVICES\ni10839481_1_SHARE\ftproot\dayzstandalone\mpmissions\regular.namalsk\storage_1\data\events.002"
 4:25:58.46 [CE][Storage] Restoring file "C:\SERVICES\ni10839481_1_SHARE\ftproot\dayzstandalone\mpmissions\regular.namalsk\storage_1\data\events.bin".
 4:25:58.46 [CE][DynamicEvent] Load  Events:[23] Primary spawners: 23 Secondary spawners: 0
 4:25:58.47 [CE][Storage] ver:25 stamp:130401, valid:yes, name:"C:\SERVICES\ni10839481_1_SHARE\ftproot\dayzstandalone\mpmissions\regular.namalsk\storage_1\data\dynamic_000.bin"
 4:25:58.49 [CE][Storage] ver:25 stamp:129166, valid:yes, name:"C:\SERVICES\ni10839481_1_SHARE\ftproot\dayzstandalone\mpmissions\regular.namalsk\storage_1\data\dynamic_000.001"
 4:25:58.50 [CE][Storage] ver:25 stamp:129164, valid:yes, name:"C:\SERVICES\ni10839481_1_SHARE\ftproot\dayzstandalone\mpmissions\regular.namalsk\storage_1\data\dynamic_000.002"
 4:25:58.50 [CE][Storage] Restoring file "C:\SERVICES\ni10839481_1_SHARE\ftproot\dayzstandalone\mpmissions\regular.namalsk\storage_1\data\dynamic_000.bin" 1 items.
 4:25:58.52   1 items loaded. (0 failed)
 4:25:58.53 [CE][Storage] ver:25 stamp:130401, valid:yes, name:"C:\SERVICES\ni10839481_1_SHARE\ftproot\dayzstandalone\mpmissions\regular.namalsk\storage_1\data\dynamic_001.bin"
 4:25:58.55 [CE][Storage] ver:25 stamp:129166, valid:yes, name:"C:\SERVICES\ni10839481_1_SHARE\ftproot\dayzstandalone\mpmissions\regular.namalsk\storage_1\data\dynamic_001.001"
 4:25:58.57 [CE][Storage] ver:25 stamp:129164, valid:yes, name:"C:\SERVICES\ni10839481_1_SHARE\ftproot\dayzstandalone\mpmissions\regular.namalsk\storage_1\data\dynamic_001.002"
 4:25:58.57 [CE][Storage] Restoring file "C:\SERVICES\ni10839481_1_SHARE\ftproot\dayzstandalone\mpmissions\regular.namalsk\storage_1\data\dynamic_001.bin" 28 items.
 4:25:58.134   28 items loaded. (0 failed)
 4:25:58.136 [CE][Storage] ver:25 stamp:130401, valid:yes, name:"C:\SERVICES\ni10839481_1_SHARE\ftproot\dayzstandalone\mpmissions\regular.namalsk\storage_1\data\dynamic_002.bin"
 4:25:58.172 [CE][Storage] ver:25 stamp:129166, valid:yes, name:"C:\SERVICES\ni10839481_1_SHARE\ftproot\dayzstandalone\mpmissions\regular.namalsk\storage_1\data\dynamic_002.001"
 4:25:58.184 [CE][Storage] ver:25 stamp:129164, valid:yes, name:"C:\SERVICES\ni10839481_1_SHARE\ftproot\dayzstandalone\mpmissions\regular.namalsk\storage_1\data\dynamic_002.002"
 4:25:58.184 [CE][Storage] Restoring file "C:\SERVICES\ni10839481_1_SHARE\ftproot\dayzstandalone\mpmissions\regular.namalsk\storage_1\data\dynamic_002.bin" 61 items.
 4:25:58.366   61 items loaded. (0 failed)
 4:25:58.381 [CE][Storage] ver:25 stamp:130401, valid:yes, name:"C:\SERVICES\ni10839481_1_SHARE\ftproot\dayzstandalone\mpmissions\regular.namalsk\storage_1\data\dynamic_003.bin"
 4:25:58.394 [CE][Storage] ver:25 stamp:129166, valid:yes, name:"C:\SERVICES\ni10839481_1_SHARE\ftproot\dayzstandalone\mpmissions\regular.namalsk\storage_1\data\dynamic_003.001"
 4:25:58.397 [CE][Storage] ver:25 stamp:129164, valid:yes, name:"C:\SERVICES\ni10839481_1_SHARE\ftproot\dayzstandalone\mpmissions\regular.namalsk\storage_1\data\dynamic_003.002"
 4:25:58.397 [CE][Storage] Restoring file "C:\SERVICES\ni10839481_1_SHARE\ftproot\dayzstandalone\mpmissions\regular.namalsk\storage_1\data\dynamic_003.bin" 709 items.
 4:25:59.585   709 items loaded. (0 failed)
 4:25:59.601 [CE][Storage] ver:25 stamp:130401, valid:yes, name:"C:\SERVICES\ni10839481_1_SHARE\ftproot\dayzstandalone\mpmissions\regular.namalsk\storage_1\data\dynamic_004.bin"
 4:25:59.616 [CE][Storage] ver:25 stamp:129166, valid:yes, name:"C:\SERVICES\ni10839481_1_SHARE\ftproot\dayzstandalone\mpmissions\regular.namalsk\storage_1\data\dynamic_004.001"
 4:25:59.630 [CE][Storage] ver:25 stamp:129164, valid:yes, name:"C:\SERVICES\ni10839481_1_SHARE\ftproot\dayzstandalone\mpmissions\regular.namalsk\storage_1\data\dynamic_004.002"
 4:25:59.630 [CE][Storage] Restoring file "C:\SERVICES\ni10839481_1_SHARE\ftproot\dayzstandalone\mpmissions\regular.namalsk\storage_1\data\dynamic_004.bin" 1672 items.
 4:26:01.419   1672 items loaded. (0 failed)
 4:26:01.421 [CE][Storage] ver:25 stamp:130401, valid:yes, name:"C:\SERVICES\ni10839481_1_SHARE\ftproot\dayzstandalone\mpmissions\regular.namalsk\storage_1\data\dynamic_005.bin"
 4:26:01.423 [CE][Storage] ver:25 stamp:129166, valid:yes, name:"C:\SERVICES\ni10839481_1_SHARE\ftproot\dayzstandalone\mpmissions\regular.namalsk\storage_1\data\dynamic_005.001"
 4:26:01.426 [CE][Storage] ver:25 stamp:129164, valid:yes, name:"C:\SERVICES\ni10839481_1_SHARE\ftproot\dayzstandalone\mpmissions\regular.namalsk\storage_1\data\dynamic_005.002"
 4:26:01.426 [CE][Storage] Restoring file "C:\SERVICES\ni10839481_1_SHARE\ftproot\dayzstandalone\mpmissions\regular.namalsk\storage_1\data\dynamic_005.bin" 834 items.
 4:26:04.71   834 items loaded. (0 failed)
 4:26:04.74 [CE][Storage] ver:25 stamp:130401, valid:yes, name:"C:\SERVICES\ni10839481_1_SHARE\ftproot\dayzstandalone\mpmissions\regular.namalsk\storage_1\data\dynamic_006.bin"
 4:26:04.77 [CE][Storage] ver:25 stamp:129166, valid:yes, name:"C:\SERVICES\ni10839481_1_SHARE\ftproot\dayzstandalone\mpmissions\regular.namalsk\storage_1\data\dynamic_006.001"
 4:26:04.79 [CE][Storage] ver:25 stamp:129164, valid:yes, name:"C:\SERVICES\ni10839481_1_SHARE\ftproot\dayzstandalone\mpmissions\regular.namalsk\storage_1\data\dynamic_006.002"
 4:26:04.79 [CE][Storage] Restoring file "C:\SERVICES\ni10839481_1_SHARE\ftproot\dayzstandalone\mpmissions\regular.namalsk\storage_1\data\dynamic_006.bin" 1714 items.
 4:26:05.249   1714 items loaded. (0 failed)
 4:26:05.251 [CE][Storage] ver:25 stamp:130401, valid:yes, name:"C:\SERVICES\ni10839481_1_SHARE\ftproot\dayzstandalone\mpmissions\regular.namalsk\storage_1\data\dynamic_007.bin"
 4:26:05.253 [CE][Storage] ver:25 stamp:129166, valid:yes, name:"C:\SERVICES\ni10839481_1_SHARE\ftproot\dayzstandalone\mpmissions\regular.namalsk\storage_1\data\dynamic_007.001"
 4:26:05.255 [CE][Storage] ver:25 stamp:129164, valid:yes, name:"C:\SERVICES\ni10839481_1_SHARE\ftproot\dayzstandalone\mpmissions\regular.namalsk\storage_1\data\dynamic_007.002"
 4:26:05.255 [CE][Storage] Restoring file "C:\SERVICES\ni10839481_1_SHARE\ftproot\dayzstandalone\mpmissions\regular.namalsk\storage_1\data\dynamic_007.bin" 572 items.
 4:26:05.513   572 items loaded. (0 failed)
 4:26:05.515 [CE][Storage] ver:25 stamp:130401, valid:yes, name:"C:\SERVICES\ni10839481_1_SHARE\ftproot\dayzstandalone\mpmissions\regular.namalsk\storage_1\data\dynamic_008.bin"
 4:26:05.517 [CE][Storage] ver:25 stamp:129166, valid:yes, name:"C:\SERVICES\ni10839481_1_SHARE\ftproot\dayzstandalone\mpmissions\regular.namalsk\storage_1\data\dynamic_008.001"
 4:26:05.518 [CE][Storage] ver:25 stamp:129164, valid:yes, name:"C:\SERVICES\ni10839481_1_SHARE\ftproot\dayzstandalone\mpmissions\regular.namalsk\storage_1\data\dynamic_008.002"
 4:26:05.519 [CE][Storage] Restoring file "C:\SERVICES\ni10839481_1_SHARE\ftproot\dayzstandalone\mpmissions\regular.namalsk\storage_1\data\dynamic_008.bin" 130 items.
 4:26:05.591   130 items loaded. (0 failed)
 4:26:05.592 [CE][Storage] ver:25 stamp:130401, valid:yes, name:"C:\SERVICES\ni10839481_1_SHARE\ftproot\dayzstandalone\mpmissions\regular.namalsk\storage_1\data\dynamic_009.bin"
 4:26:05.594 [CE][Storage] ver:25 stamp:129166, valid:yes, name:"C:\SERVICES\ni10839481_1_SHARE\ftproot\dayzstandalone\mpmissions\regular.namalsk\storage_1\data\dynamic_009.001"
 4:26:05.596 [CE][Storage] ver:25 stamp:129164, valid:yes, name:"C:\SERVICES\ni10839481_1_SHARE\ftproot\dayzstandalone\mpmissions\regular.namalsk\storage_1\data\dynamic_009.002"
 4:26:05.596 [CE][Storage] Restoring file "C:\SERVICES\ni10839481_1_SHARE\ftproot\dayzstandalone\mpmissions\regular.namalsk\storage_1\data\dynamic_009.bin" 0 items.
 4:26:05.596   0 items loaded. (0 failed)
 4:26:05.597 [CE][Storage] ver:25 stamp:130401, valid:yes, name:"C:\SERVICES\ni10839481_1_SHARE\ftproot\dayzstandalone\mpmissions\regular.namalsk\storage_1\data\dynamic_010.bin"
 4:26:05.599 [CE][Storage] ver:25 stamp:129166, valid:yes, name:"C:\SERVICES\ni10839481_1_SHARE\ftproot\dayzstandalone\mpmissions\regular.namalsk\storage_1\data\dynamic_010.001"
 4:26:05.600 [CE][Storage] ver:25 stamp:129164, valid:yes, name:"C:\SERVICES\ni10839481_1_SHARE\ftproot\dayzstandalone\mpmissions\regular.namalsk\storage_1\data\dynamic_010.002"
 4:26:05.601 [CE][Storage] Restoring file "C:\SERVICES\ni10839481_1_SHARE\ftproot\dayzstandalone\mpmissions\regular.namalsk\storage_1\data\dynamic_010.bin" 33 items.
 4:26:05.733   33 items loaded. (0 failed)
 4:26:05.735 [CE][Storage] ver:25 stamp:130401, valid:yes, name:"C:\SERVICES\ni10839481_1_SHARE\ftproot\dayzstandalone\mpmissions\regular.namalsk\storage_1\data\dynamic_011.bin"
 4:26:05.737 [CE][Storage] ver:25 stamp:129166, valid:yes, name:"C:\SERVICES\ni10839481_1_SHARE\ftproot\dayzstandalone\mpmissions\regular.namalsk\storage_1\data\dynamic_011.001"
 4:26:05.739 [CE][Storage] ver:25 stamp:129164, valid:yes, name:"C:\SERVICES\ni10839481_1_SHARE\ftproot\dayzstandalone\mpmissions\regular.namalsk\storage_1\data\dynamic_011.002"
 4:26:05.739 [CE][Storage] Restoring file "C:\SERVICES\ni10839481_1_SHARE\ftproot\dayzstandalone\mpmissions\regular.namalsk\storage_1\data\dynamic_011.bin" 45 items.
 4:26:05.947   45 items loaded. (0 failed)
 4:26:05.959 [CE][Storage] ver:26 stamp:130401, valid:yes, name:"C:\SERVICES\ni10839481_1_SHARE\ftproot\dayzstandalone\mpmissions\regular.namalsk\storage_1\data\building.bin"
 4:26:05.964 [CE][Storage] ver:26 stamp:129166, valid:yes, name:"C:\SERVICES\ni10839481_1_SHARE\ftproot\dayzstandalone\mpmissions\regular.namalsk\storage_1\data\building.001"
 4:26:05.966 [CE][Storage] ver:26 stamp:129164, valid:yes, name:"C:\SERVICES\ni10839481_1_SHARE\ftproot\dayzstandalone\mpmissions\regular.namalsk\storage_1\data\building.002"
 4:26:05.966 [CE][Storage] Restoring file "C:\SERVICES\ni10839481_1_SHARE\ftproot\dayzstandalone\mpmissions\regular.namalsk\storage_1\data\building.bin" 0 items.
 4:26:05.966   0 items loaded. (0 failed)
 4:26:05.968 [CE][Storage] ver:25 stamp:130401, valid:yes, name:"C:\SERVICES\ni10839481_1_SHARE\ftproot\dayzstandalone\mpmissions\regular.namalsk\storage_1\data\vehicles.bin"
 4:26:05.970 [CE][Storage] ver:25 stamp:129166, valid:yes, name:"C:\SERVICES\ni10839481_1_SHARE\ftproot\dayzstandalone\mpmissions\regular.namalsk\storage_1\data\vehicles.001"
 4:26:05.972 [CE][Storage] ver:25 stamp:129164, valid:yes, name:"C:\SERVICES\ni10839481_1_SHARE\ftproot\dayzstandalone\mpmissions\regular.namalsk\storage_1\data\vehicles.002"
 4:26:05.973 [CE][Storage] Restoring file "C:\SERVICES\ni10839481_1_SHARE\ftproot\dayzstandalone\mpmissions\regular.namalsk\storage_1\data\vehicles.bin" 57 items.
 4:26:06.129   57 items loaded. (0 failed)
 4:26:06.228 [CE][Hive] :: Storage load took:8.17 seconds, recovery stamp:130401
 4:26:06.228   entity: 9819, building: 0
 4:26:06.228   no lifetime: 14
 4:26:06.228   pathgraph's: 453
 4:26:06.311 [CE][Hive] :: Initializing ... 
 4:26:06.350 [CE][InitializeMap] :: initialized: 0
 4:26:06.350 [CE][Hive] :: Initializing spawners ... 
 4:26:06.350 [CE][LootRespawner] (PRIDummy) :: Initially (re)spawned:0, Nominal:6396, Total in Map: 5912 at 0 (sec)
 4:26:06.350   tests:0, repeats:0 fails:0, overtime:0
 4:26:11.367 [CE][DynEvent] :: 23 types
 4:26:11.367 [00] Loot
 4:26:11.367   Primary Spawner: "Loot", active: yes, repeat: 2
 4:26:11.367 [01] StaticMedDrop
 4:26:11.367   Primary Spawner: "Static", active: yes, repeat: 1
 4:26:11.367 [02] StaticLifeboat
 4:26:11.367   Primary Spawner: "Static", active: yes, repeat: 1
 4:26:11.367 [03] ItemWoodenPlanks
 4:26:11.367   Primary Spawner: "Item", active: yes, repeat: 1
 4:26:11.367 [04] TrajectoryStones
 4:26:11.367   Primary Spawner: "Trajectory", active: yes, repeat: 1
 4:26:11.367 [05] InfectedSanta
 4:26:11.367   Primary Spawner: "Infected", active: yes, repeat: 1
 4:26:11.367 [06] InfectedArmy
 4:26:11.367   Primary Spawner: "Infected", active: yes, repeat: 1
 4:26:11.367 [07] InfectedIndustrial
 4:26:11.367   Primary Spawner: "Infected", active: yes, repeat: 1
 4:26:11.367 [08] InfectedCivil
 4:26:11.367   Primary Spawner: "Infected", active: yes, repeat: 1
 4:26:11.367 [09] InfectedMedic
 4:26:11.367   Primary Spawner: "Infected", active: yes, repeat: 1
 4:26:11.367 [10] AnimalGoat
 4:26:11.367   Primary Spawner: "Animal", active: yes, repeat: 1
 4:26:11.367 [11] AnimalSheep
 4:26:11.367   Primary Spawner: "Animal", active: yes, repeat: 1
 4:26:11.368 [12] AnimalReindeer
 4:26:11.368   Primary Spawner: "Animal", active: yes, repeat: 1
 4:26:11.368 [13] AnimalWildBoar
 4:26:11.368   Primary Spawner: "Animal", active: yes, repeat: 1
 4:26:11.368 [14] AnimalWolf
 4:26:11.368   Primary Spawner: "Animal", active: yes, repeat: 1
 4:26:11.368 [15] AnimalBrownBear
 4:26:11.368   Primary Spawner: "Animal", active: yes, repeat: 1
 4:26:11.368 [16] AnimalPolarBear
 4:26:11.368   Primary Spawner: "Animal", active: yes, repeat: 1
 4:26:11.368 [17] AmbientFox
 4:26:11.368   Primary Spawner: "Ambient", active: yes, repeat: 1
 4:26:11.368 [18] AmbientHare
 4:26:11.368   Primary Spawner: "Ambient", active: yes, repeat: 1
 4:26:11.368 [19] VehicleRubberBoats
 4:26:11.368   Primary Spawner: "Vehicle", active: yes, repeat: 1
 4:26:11.368 [20] VehicleCivilianCars
 4:26:11.368   Primary Spawner: "Vehicle", active: yes, repeat: 1
 4:26:11.368 [21] VehicleTrucks
 4:26:11.368   Primary Spawner: "Vehicle", active: yes, repeat: 1
 4:26:11.368 [22] VehicleMilitary
 4:26:11.368   Primary Spawner: "Vehicle", active: yes, repeat: 1
 4:26:11.368 [CE][Hive] :: Initializing of spawners done.
 4:26:11.382 [CE][Hive] :: Init sequence finished.
 4:26:11.382 Player connect enabled
 4:26:12.38 [IdleMode] Entering IN - save processed
 7:35:54.401 [Login]: Adding player Anjabro (18338157) to login queue at position 0
 7:35:54.401 [LoginMachine]: Add player Anjabro (18338157 77.111.248.77:56968)
 7:35:54.401 [StateMachine]: Player Anjabro (dpnid 18338157 uid ) Entering AuthPlayerLoginState
 7:35:54.823 [StateMachine]: Player Anjabro (dpnid 18338157 uid ) Entering WaitAuthPlayerLoginState
 7:35:55.868 [IdleMode] Leaving OUT
 7:35:57.421 Player Anjabro (id=qhsfBzIRWPqR7htNvCBTNpglkbHVhC3JD5BRv2qbBTM=) has connected.
 7:35:57.421 Player "Anjabro"(steamID=76561198057577148) is connected
 7:35:57.429 [StateMachine]: Player Anjabro (dpnid 18338157 uid ) Entering WaitPlayerAssignedLoginState
 7:35:57.804 [StateMachine]: Player Anjabro (dpnid 18338157 uid ) Entering PlayerAssignedLoginState
 7:35:57.816 [StateMachine]: Player Anjabro (dpnid 18338157 uid qhsfBzIRWPqR7htNvCBTNpglkbHVhC3JD5BRv2qbBTM=) Entering DBGetLoginTimeLoginState
 7:35:57.878 [StateMachine]: Player Anjabro (dpnid 18338157 uid qhsfBzIRWPqR7htNvCBTNpglkbHVhC3JD5BRv2qbBTM=) Entering DBWaitLoginTimeLoginState
 7:36:12.881 [StateMachine]: Player Anjabro (dpnid 18338157 uid qhsfBzIRWPqR7htNvCBTNpglkbHVhC3JD5BRv2qbBTM=) Entering DBGetCharacterLoginState
 7:36:12.902 [StateMachine]: Player Anjabro (dpnid 18338157 uid qhsfBzIRWPqR7htNvCBTNpglkbHVhC3JD5BRv2qbBTM=) Entering CreateNetObjectsLoginState
 7:36:12.912 [CE][PlayerSpawnPoints][GRP_DBG] :: Selected: { no group } | idx: 0 (ut: 11473016 | lt: 0 | ctr: 0)
 7:36:12.912 [CE][PlayerSpawnPoints][GRP_DBG] :: Current: { no group } | idx: 0 (ct: 11473016 | ut: 11473016 | lt: 0 | ctr: 0)
 7:36:12.912 [CE][PlayerSpawnPoints][GRP_DBG] :: Current: { no group } index: 0 (lt: 0 | ctr: 0)
 7:36:12.912 [CE][PlayerSpawnPoints][GRP_DBG] :: Selected: { no group } | idx: 0 (ut: 11473016 | lt: 0 | ctr: 0)
 7:36:12.936 [StateMachine]: Player Anjabro (dpnid 18338157 uid qhsfBzIRWPqR7htNvCBTNpglkbHVhC3JD5BRv2qbBTM=) Entering PreloadCamLoginState
 7:36:12.936 [StateMachine]: Player Anjabro (dpnid 18338157 uid qhsfBzIRWPqR7htNvCBTNpglkbHVhC3JD5BRv2qbBTM=) Entering WaitPreloadCamLoginState
 7:36:16.677 [StateMachine]: Player Anjabro (dpnid 18338157 uid qhsfBzIRWPqR7htNvCBTNpglkbHVhC3JD5BRv2qbBTM=) Entering GetNewCharLoginState
 7:36:27.172 <CREATE NEW CHAR>:
    charID 33
    playerID 33
    dpnid 18338157
    uid qhsfBzIRWPqR7htNvCBTNpglkbHVhC3JD5BRv2qbBTM=
 7:36:29.41 [CE][LootRespawner] (PRIDummy) :: Item [0] is hard to place, performance drops: "BurlapSack"
 7:36:29.41 [CE][LootRespawner] (PRIDummy) :: Item [1] is hard to place, performance drops: "BurlapSack"
 7:36:29.41 [CE][LootRespawner] (PRIDummy) :: Item [2] is hard to place, performance drops: "BurlapSack"
 7:36:29.347 [CE][LootRespawner] (PRIDummy) :: Item [3] is hard to place, performance drops: "BalaclavaMask_Black"
 7:36:30.691 [CE][LootRespawner] (PRIDummy) :: Item [4] is hard to place, performance drops: "Broom"
 7:36:30.792 [CE][LootRespawner] (PRIDummy) :: Item [5] is hard to place, performance drops: "Blouse_Green"
 7:36:58.526 [CE][LootRespawner] (PRIDummy) :: Item [6] is hard to place, performance drops: "HunterPants_Brown"
 7:36:58.526 [CE][LootRespawner] (PRIDummy) :: Item [7] is hard to place, performance drops: "HunterPants_Brown"
 7:36:58.526 [CE][LootRespawner] (PRIDummy) :: Item [8] is hard to place, performance drops: "HunterPants_Brown"
 7:37:24.412 [CE][LootRespawner] (PRIDummy) :: Item [9] is hard to place, performance drops: "Pipe"
 7:37:24.614 [CE][LootRespawner] (PRIDummy) :: Item [10] is hard to place, performance drops: "MetalPlate"
 7:37:24.615 [CE][LootRespawner] (PRIDummy) :: Item [11] is hard to place, performance drops: "MetalPlate"
 7:37:24.615 [CE][LootRespawner] (PRIDummy) :: Item [12] is hard to place, performance drops: "MetalPlate"
 7:37:24.615 [CE][LootRespawner] (PRIDummy) :: Item [13] is hard to place, performance drops: "MetalPlate"
 7:37:25.941 [CE][LootRespawner] (PRIDummy) :: Item [14] is hard to place, performance drops: "GorkaEJacket_Flat"
 7:37:25.941 [CE][LootRespawner] (PRIDummy) :: Item [15] is hard to place, performance drops: "GorkaEJacket_Flat"
 7:37:54.38 [CE][LootRespawner] (PRIDummy) :: Item [16] is hard to place, performance drops: "SherpaHat_Red"
 7:38:22.268 [CE][LootRespawner] (PRIDummy) :: Item [17] is hard to place, performance drops: "SledgeHammer"
 7:38:50.228 [CE][LootRespawner] (PRIDummy) :: Item [18] is hard to place, performance drops: "Tripod"
 7:38:50.431 [CE][LootRespawner] (PRIDummy) :: Item [19] is hard to place, performance drops: "Balaclava3Holes_Beige"
 7:38:51.154 [CE][LootRespawner] (PRIDummy) :: Item [20] is hard to place, performance drops: "TrackSuitPants_LightBlue"
 7:39:45.398 [CE][LootRespawner] (PRIDummy) :: Item [21] is hard to place, performance drops: "Sweater_Gray"
 7:39:45.400 [CE][LootRespawner] (PRIDummy) :: Item [22] is hard to place, performance drops: "Sweater_Gray"
 7:39:45.400 [CE][LootRespawner] (PRIDummy) :: Item [23] is hard to place, performance drops: "Sweater_Gray"
 7:40:13.798 [CE][LootRespawner] (PRIDummy) :: Item [24] is hard to place, performance drops: "GardenLime"
 7:40:13.799 [CE][LootRespawner] (PRIDummy) :: Item [25] is hard to place, performance drops: "GardenLime"
 7:40:13.901 [CE][LootRespawner] (PRIDummy) :: Item [26] is hard to place, performance drops: "SlacksPants_DarkGrey"
 7:40:13.901 [CE][LootRespawner] (PRIDummy) :: Item [27] is hard to place, performance drops: "SlacksPants_DarkGrey"
 7:40:13.902 [CE][LootRespawner] (PRIDummy) :: Item [28] is hard to place, performance drops: "SlacksPants_DarkGrey"
 7:40:40.854 [CE][LootRespawner] (PRIDummy) :: Item [29] is hard to place, performance drops: "WoodenPlank"
 7:40:40.859 [CE][LootRespawner] (PRIDummy) :: Item [30] is hard to place, performance drops: "WoodenPlank"
 7:40:40.859 [CE][LootRespawner] (PRIDummy) :: Item [31] is hard to place, performance drops: "WoodenPlank"
 7:41:08.479 [CE][LootRespawner] (PRIDummy) :: Item [32] is hard to place, performance drops: "Truck_01_Wheel"
 7:41:08.482 [CE][LootRespawner] (PRIDummy) :: Item [33] is hard to place, performance drops: "Truck_01_Wheel"
 7:41:36.773 [CE][LootRespawner] (PRIDummy) :: Item [34] is hard to place, performance drops: "FarmingHoe"
 7:41:36.875 [CE][LootRespawner] (PRIDummy) :: Item [35] is hard to place, performance drops: "BomberJacket_Brown"
 7:41:37.289 [CE][LootRespawner] (PRIDummy) :: Item [36] is hard to place, performance drops: "TrackSuitJacket_Green"
 7:41:37.290 [CE][LootRespawner] (PRIDummy) :: Item [37] is hard to place, performance drops: "TrackSuitJacket_Green"
 7:42:03.856 [CE][LootRespawner] (PRIDummy) :: Item [38] is hard to place, performance drops: "HikingBoots_Brown"
 7:43:00.755 [CE][LootRespawner] (PRIDummy) :: Item [39] is hard to place, performance drops: "GorkaEJacket_PautRev"
 7:43:27.698 [CE][LootRespawner] (PRIDummy) :: Item [40] is hard to place, performance drops: "Jeans_Black"
 7:43:28.06 [CE][LootRespawner] (PRIDummy) :: Item [41] is hard to place, performance drops: "TShirt_Beige"
 7:43:28.06 [CE][LootRespawner] (PRIDummy) :: Item [42] is hard to place, performance drops: "TShirt_Beige"
 7:43:28.06 [CE][LootRespawner] (PRIDummy) :: Item [43] is hard to place, performance drops: "TShirt_Beige"
 7:43:28.06 [CE][LootRespawner] (PRIDummy) :: Item [44] is hard to place, performance drops: "TShirt_Beige"
 7:43:28.212 [CE][LootRespawner] (PRIDummy) :: Item [45] is hard to place, performance drops: "GorkaEJacket_Autumn"
 7:44:50.768 [CE][LootRespawner] (PRIDummy) :: Item [46] is hard to place, performance drops: "Bandana_RedPattern"
 7:44:51.176 [CE][LootRespawner] (PRIDummy) :: Item [47] is hard to place, performance drops: "Jeans_Grey"
 7:44:51.178 [CE][LootRespawner] (PRIDummy) :: Item [48] is hard to place, performance drops: "Jeans_Grey"
 7:45:18.186 [CE][LootRespawner] (PRIDummy) :: Item [49] is hard to place, performance drops: "Hatchback_02_Wheel"
 7:45:45.814 [CE][LootRespawner] (PRIDummy) :: Item [50] is hard to place, performance drops: "ChestHolster"
 7:45:45.815 [CE][LootRespawner] (PRIDummy) :: Item [51] is hard to place, performance drops: "ChestHolster"
 7:45:46.22 [CE][LootRespawner] (PRIDummy) :: Item [52] is hard to place, performance drops: "PoliceJacketOrel"
 7:45:46.121 [CE][LootRespawner] (PRIDummy) :: Item [53] is hard to place, performance drops: "GorkaEJacket_Winter"
 7:45:46.324 [CE][LootRespawner] (PRIDummy) :: Item [54] is hard to place, performance drops: "ManSuit_Brown"
 7:45:46.324 [CE][LootRespawner] (PRIDummy) :: Item [55] is hard to place, performance drops: "ManSuit_Brown"
 7:45:46.427 [CE][LootRespawner] (PRIDummy) :: Item [56] is hard to place, performance drops: "PoliceJacket"
 7:45:46.429 [CE][LootRespawner] (PRIDummy) :: Item [57] is hard to place, performance drops: "PoliceJacket"
 7:45:46.429 [CE][LootRespawner] (PRIDummy) :: Item [58] is hard to place, performance drops: "PoliceJacket"
 7:45:46.429 [CE][LootRespawner] (PRIDummy) :: Item [59] is hard to place, performance drops: "PoliceJacket"
 7:46:14.993 [CE][LootRespawner] (PRIDummy) :: Item [60] is hard to place, performance drops: "GorkaEJacket_Flat"
 7:46:41.455 [CE][LootRespawner] (PRIDummy) :: Item [61] is hard to place, performance drops: "MetalPlate"
 7:46:41.458 [CE][LootRespawner] (PRIDummy) :: Item [62] is hard to place, performance drops: "MetalPlate"
 7:46:41.767 [CE][LootRespawner] (PRIDummy) :: Item [63] is hard to place, performance drops: "Sedan_02_Wheel"
 7:47:09.456 [CE][LootRespawner] (PRIDummy) :: Item [64] is hard to place, performance drops: "CamoNet"
 7:47:37.506 [CE][LootRespawner] (PRIDummy) :: Item [65] is hard to place, performance drops: "GP5GasMask"
 7:48:04.943 [CE][LootRespawner] (PRIDummy) :: Item [66] is hard to place, performance drops: "CanisterGasoline"
 7:48:04.943 [CE][LootRespawner] (PRIDummy) :: Item [67] is hard to place, performance drops: "CanisterGasoline"
 7:48:33.981 [CE][LootRespawner] (PRIDummy) :: Item [68] is hard to place, performance drops: "MetalPlate"
 7:48:34.490 [CE][LootRespawner] (PRIDummy) :: Item [69] is hard to place, performance drops: "HuntingJacket_Autumn"
 7:49:00.233 [CE][LootRespawner] (PRIDummy) :: Item [70] is hard to place, performance drops: "JumpsuitJacket_Green"
 7:49:00.233 [CE][LootRespawner] (PRIDummy) :: Item [71] is hard to place, performance drops: "JumpsuitJacket_Green"
 7:49:00.736 [CE][LootRespawner] (PRIDummy) :: Item [72] is hard to place, performance drops: "Jeans_Blue"
 7:49:28.959 [CE][LootRespawner] (PRIDummy) :: Item [73] is hard to place, performance drops: "WinterCoif_Skull"
 7:49:29.875 [CE][LootRespawner] (PRIDummy) :: Item [74] is hard to place, performance drops: "HunterPants_Autumn"
 7:49:56.138 [CE][LootRespawner] (PRIDummy) :: Item [75] is hard to place, performance drops: "HuntingVest"
 7:49:56.138 [CE][LootRespawner] (PRIDummy) :: Item [76] is hard to place, performance drops: "HuntingVest"
 7:49:56.138 [CE][LootRespawner] (PRIDummy) :: Item [77] is hard to place, performance drops: "HuntingVest"
 7:49:56.238 [CE][LootRespawner] (PRIDummy) :: Item [78] is hard to place, performance drops: "WomanSuit_LightGrey"
 7:50:23.656 [CE][LootRespawner] (PRIDummy) :: Item [79] is hard to place, performance drops: "Sweater_Red"
 7:50:23.864 [CE][LootRespawner] (PRIDummy) :: Item [80] is hard to place, performance drops: "Iceaxe"
 7:50:24.376 [CE][LootRespawner] (PRIDummy) :: Item [81] is hard to place, performance drops: "AliceBag_Green"
 7:50:24.789 [CE][LootRespawner] (PRIDummy) :: Item [82] is hard to place, performance drops: "HuntingJacket_Winter"
 7:50:24.789 [CE][LootRespawner] (PRIDummy) :: Item [83] is hard to place, performance drops: "HuntingJacket_Winter"
 7:50:24.789 [CE][LootRespawner] (PRIDummy) :: Item [84] is hard to place, performance drops: "HuntingJacket_Winter"
 7:51:19.153 [CE][LootRespawner] (PRIDummy) :: Item [85] is hard to place, performance drops: "ManSuit_DarkGrey"
 7:51:20.279 [CE][LootRespawner] (PRIDummy) :: Item [86] is hard to place, performance drops: "PressVest_Blue"
 7:51:46.864 [CE][LootRespawner] (PRIDummy) :: Item [87] is hard to place, performance drops: "TrackSuitPants_LightBlue"
 7:51:47.174 [CE][LootRespawner] (PRIDummy) :: Item [88] is hard to place, performance drops: "TShirt_Grey"
 7:52:14.759 [CE][LootRespawner] (PRIDummy) :: Item [89] is hard to place, performance drops: "Canteen"
 7:52:42.389 [CE][LootRespawner] (PRIDummy) :: Item [90] is hard to place, performance drops: "HuntingVest"
 7:52:42.699 [CE][LootRespawner] (PRIDummy) :: Item [91] is hard to place, performance drops: "DownJacket_Red"
 7:52:42.699 [CE][LootRespawner] (PRIDummy) :: Item [92] is hard to place, performance drops: "DownJacket_Red"
 7:52:42.906 [CE][LootRespawner] (PRIDummy) :: Item [93] is hard to place, performance drops: "TrackSuitJacket_Green"
 7:52:42.906 [CE][LootRespawner] (PRIDummy) :: Item [94] is hard to place, performance drops: "TrackSuitJacket_Green"
 7:52:43.616 [CE][LootRespawner] (PRIDummy) :: Item [0] causing search overtime: "dzn_platecarriervest_nac"
 7:52:43.923 [CE][LootRespawner] (PRIDummy) :: Item [95] is hard to place, performance drops: "HunterPants_Spring"
 7:52:43.923 [CE][LootRespawner] (PRIDummy) :: Item [96] is hard to place, performance drops: "HunterPants_Spring"
 7:53:10.187 [CE][LootRespawner] (PRIDummy) :: Item [97] is hard to place, performance drops: "HikingBoots_Black"
 7:53:10.702 [CE][LootRespawner] (PRIDummy) :: Item [98] is hard to place, performance drops: "HockeyMask"
 7:53:39.376 [CE][LootRespawner] (PRIDummy) :: Item [99] is hard to place, performance drops: "Ushanka_Green"
 7:54:05.343 !!! [CE][Point] Removing 5032.167480, 8197.083984 from land_wrecked_ural_onside
 7:54:05.343 [CE][LootRespawner] (PRIDummy) :: Item [100] is hard to place, performance drops: "WorkingGloves_Yellow"
 7:54:05.856 [CE][LootRespawner] (PRIDummy) :: Item [101] is hard to place, performance drops: "HipPack_Green"
 7:54:06.162 [CE][LootRespawner] (PRIDummy) :: Item [102] is hard to place, performance drops: "Blouse_Violet"
 7:54:06.162 [CE][LootRespawner] (PRIDummy) :: Item [103] is hard to place, performance drops: "Blouse_Violet"
 7:54:06.364 [CE][LootRespawner] (PRIDummy) :: Item [104] is hard to place, performance drops: "TShirt_Black"
 7:54:06.471 !!! [CE][Point] Removing 7662.071289, 8789.262695 from land_hiluxT
 7:54:06.471 [CE][LootRespawner] (PRIDummy) :: Item [105] is hard to place, performance drops: "HockeyHelmet_Black"
 7:54:33.62 [CE][LootRespawner] (PRIDummy) :: Item [106] is hard to place, performance drops: "QuiltedJacket_Violet"
 7:54:34.390 [CE][LootRespawner] (PRIDummy) :: Item [107] is hard to place, performance drops: "SherpaHat_Red"
 7:55:02.533 [CE][LootRespawner] (PRIDummy) :: Item [108] is hard to place, performance drops: "Ruger1022"
 7:55:02.533 [CE][LootRespawner] (PRIDummy) :: Item [109] is hard to place, performance drops: "Ruger1022"
 7:55:29.457 [CE][LootRespawner] (PRIDummy) :: Item [110] is hard to place, performance drops: "PoliceJacketOrel"
 7:55:30.177 [CE][LootRespawner] (PRIDummy) :: Item [111] is hard to place, performance drops: "TrackSuitJacket_LightBlue"
 7:55:30.177 [CE][LootRespawner] (PRIDummy) :: Item [112] is hard to place, performance drops: "TrackSuitJacket_LightBlue"
 7:55:56.48 [CE][LootRespawner] (PRIDummy) :: Item [113] is hard to place, performance drops: "PoliceVest"
 7:55:56.48 [CE][LootRespawner] (PRIDummy) :: Item [114] is hard to place, performance drops: "PoliceVest"
 7:55:56.50 [CE][LootRespawner] (PRIDummy) :: Item [115] is hard to place, performance drops: "PoliceVest"
 7:55:56.50 [CE][LootRespawner] (PRIDummy) :: Item [116] is hard to place, performance drops: "PoliceVest"
 7:55:56.50 [CE][LootRespawner] (PRIDummy) :: Item [117] is hard to place, performance drops: "PoliceVest"
 7:55:56.51 [CE][LootRespawner] (PRIDummy) :: Item [118] is hard to place, performance drops: "PoliceVest"
 7:55:57.687 [CE][LootRespawner] (PRIDummy) :: Item [1] causing search overtime: "dzn_platecarrierpouches_nac"
 7:56:24.851 [CE][LootRespawner] (PRIDummy) :: Item [2] causing search overtime: "dzn_apsi"
 7:56:25.467 [CE][LootRespawner] (PRIDummy) :: Item [119] is hard to place, performance drops: "GorkaPants_Summer"
 7:56:52.562 [CE][LootRespawner] (PRIDummy) :: Item [120] is hard to place, performance drops: "QuiltedJacket_Green"
 7:57:19.30 [CE][LootRespawner] (PRIDummy) :: Item [121] is hard to place, performance drops: "BaseballBat"
 7:57:19.542 [CE][LootRespawner] (PRIDummy) :: Item [122] is hard to place, performance drops: "SlacksPants_Black"
 7:57:19.542 [CE][LootRespawner] (PRIDummy) :: Item [123] is hard to place, performance drops: "SlacksPants_Black"
 7:57:20.153 [CE][LootRespawner] (PRIDummy) :: Item [3] causing search overtime: "dzn_platecarriervest_nac"
 7:57:46.718 [CE][LootRespawner] (PRIDummy) :: Item [124] is hard to place, performance drops: "SlacksPants_Blue"
 7:57:47.430 [CE][LootRespawner] (PRIDummy) :: Item [125] is hard to place, performance drops: "HuntingVest_Winter"
 7:57:48.50 [CE][LootRespawner] (PRIDummy) :: Item [126] is hard to place, performance drops: "HikingJacket_Black"
 7:57:48.254 [CE][LootRespawner] (PRIDummy) :: Item [127] is hard to place, performance drops: "TrackSuitJacket_LightBlue"
 7:58:14.594 [CE][LootRespawner] (PRIDummy) :: Item [128] is hard to place, performance drops: "WoodenPlank"
 7:58:42.611 !!! [CE][Point] Removing 5035.500977, 8162.964844 from land_hut_old01
 7:58:42.611 [CE][LootRespawner] (PRIDummy) :: Item [129] is hard to place, performance drops: "BomberJacket_Brown"
 7:58:43.122 [CE][LootRespawner] (PRIDummy) :: Item [4] causing search overtime: "dzn_athena3_exp1"
 7:59:10.97 [CE][LootRespawner] (PRIDummy) :: Item [130] is hard to place, performance drops: "BoonieHat_Blue"
 7:59:10.508 [CE][LootRespawner] (PRIDummy) :: Item [131] is hard to place, performance drops: "Hoodie_Red"
 7:59:11.223 [CE][LootRespawner] (PRIDummy) :: Item [132] is hard to place, performance drops: "HockeyMask"
 7:59:11.630 [CE][LootRespawner] (PRIDummy) :: Item [133] is hard to place, performance drops: "dzn_gorka_up_winter"
 7:59:37.518 [CE][LootRespawner] (PRIDummy) :: Item [134] is hard to place, performance drops: "PrisonUniformPants"
 7:59:37.519 [CE][LootRespawner] (PRIDummy) :: Item [135] is hard to place, performance drops: "PrisonUniformPants"
 7:59:38.338 [CE][LootRespawner] (PRIDummy) :: Item [136] is hard to place, performance drops: "NBCPantsGray"
 8:00:05.92 [CE][LootRespawner] (PRIDummy) :: Item [137] is hard to place, performance drops: "MetalWire"
 8:00:05.308 [CE][LootRespawner] (PRIDummy) :: Item [138] is hard to place, performance drops: "Crowbar"
 8:00:05.925 [CE][LootRespawner] (PRIDummy) :: Item [139] is hard to place, performance drops: "DressShoes_Brown"
 8:00:05.925 [CE][LootRespawner] (PRIDummy) :: Item [140] is hard to place, performance drops: "DressShoes_Brown"
 8:00:32.783 [CE][LootRespawner] (PRIDummy) :: Item [141] is hard to place, performance drops: "Sweater_Blue"
 8:01:01.431 [CE][LootRespawner] (PRIDummy) :: Item [142] is hard to place, performance drops: "BDUPants"
 8:01:30.543 [CE][LootRespawner] (PRIDummy) :: Item [143] is hard to place, performance drops: "Jeans_Brown"
 8:01:56.472 [CE][LootRespawner] (PRIDummy) :: Item [144] is hard to place, performance drops: "CombinationLock"
 8:01:56.573 [CE][LootRespawner] (PRIDummy) :: Item [145] is hard to place, performance drops: "HikingBootsLow_Black"
 8:01:56.573 [CE][LootRespawner] (PRIDummy) :: Item [146] is hard to place, performance drops: "HikingBootsLow_Black"
 8:01:56.672 [CE][LootRespawner] (PRIDummy) :: Item [147] is hard to place, performance drops: "Pickaxe"
 8:01:57.83 [CE][LootRespawner] (PRIDummy) :: Item [148] is hard to place, performance drops: "WomanSuit_Brown"
 8:01:57.83 [CE][LootRespawner] (PRIDummy) :: Item [149] is hard to place, performance drops: "WomanSuit_Brown"
 8:01:57.493 [CE][LootRespawner] (PRIDummy) :: Item [150] is hard to place, performance drops: "DirtBikeHelmet_Green"
 8:01:57.493 [CE][LootRespawner] (PRIDummy) :: Item [151] is hard to place, performance drops: "DirtBikeHelmet_Green"
 8:02:24.95 [CE][LootRespawner] (PRIDummy) :: Item [152] is hard to place, performance drops: "Megaphone"
 8:02:24.96 [CE][LootRespawner] (PRIDummy) :: Item [153] is hard to place, performance drops: "Megaphone"
 8:02:24.98 [CE][LootRespawner] (PRIDummy) :: Item [154] is hard to place, performance drops: "Megaphone"
 8:02:24.605 [CE][LootRespawner] (PRIDummy) :: Item [5] causing search overtime: "dzn_platecarrierpouches_nac"
 8:02:25.20 [CE][LootRespawner] (PRIDummy) :: Item [6] causing search overtime: "dzn_apsi"
 8:02:25.121 [CE][LootRespawner] (PRIDummy) :: Item [155] is hard to place, performance drops: "FireworksLauncher"
 8:02:25.122 [CE][LootRespawner] (PRIDummy) :: Item [156] is hard to place, performance drops: "FireworksLauncher"
 8:02:25.331 [CE][LootRespawner] (PRIDummy) :: Item [157] is hard to place, performance drops: "Balaclava3Holes_White"
 8:02:25.331 [CE][LootRespawner] (PRIDummy) :: Item [158] is hard to place, performance drops: "Balaclava3Holes_White"
 8:02:51.899 [CE][LootRespawner] (PRIDummy) :: Item [159] is hard to place, performance drops: "WoodenPlank"
 8:02:51.903 [CE][LootRespawner] (PRIDummy) :: Item [160] is hard to place, performance drops: "WoodenPlank"
 8:02:53.645 [CE][LootRespawner] (PRIDummy) :: Item [7] causing search overtime: "dzn_platecarriervest_nac"
 8:02:56.320 [CE][Links] found 0 total links between groups, of 1
 8:02:56.320 [CE][SpawnRandomLoot] (StaticMedDrop) :: Type: Misc_cargo_cont_net1, lootmin: 4, lootmax: 6, wanted: 5, deloot: 2, containermaxsum: 6
 8:03:20.215 [CE][LootRespawner] (PRIDummy) :: Item [8] causing search overtime: "dzn_platecarriervest_nac"
 8:03:20.421 [CE][LootRespawner] (PRIDummy) :: Item [161] is hard to place, performance drops: "GorkaPants_Flat"
 8:03:21.37 [CE][LootRespawner] (PRIDummy) :: Item [9] causing search overtime: "dzn_athena3_exp1"
 8:03:47.787 [CE][LootRespawner] (PRIDummy) :: Item [162] is hard to place, performance drops: "TShirt_Grey"
 8:03:47.990 [CE][LootRespawner] (PRIDummy) :: Item [163] is hard to place, performance drops: "TShirt_Beige"
 8:04:15.698 [CE][LootRespawner] (PRIDummy) :: Item [164] is hard to place, performance drops: "PoliceVest"
 8:04:15.802 [CE][LootRespawner] (PRIDummy) :: Item [165] is hard to place, performance drops: "BomberJacket_Black"
 8:04:15.802 [CE][LootRespawner] (PRIDummy) :: Item [166] is hard to place, performance drops: "BomberJacket_Black"
 8:04:42.958 [CE][LootRespawner] (PRIDummy) :: Item [167] is hard to place, performance drops: "dzn_yeger_up_woodl"
 8:05:10.334 [CE][LootRespawner] (PRIDummy) :: Item [168] is hard to place, performance drops: "Hacksaw"
 8:05:11.365 [CE][LootRespawner] (PRIDummy) :: Item [169] is hard to place, performance drops: "MotoHelmet_Black"
 8:06:34.640 [CE][LootRespawner] (PRIDummy) :: Item [170] is hard to place, performance drops: "Jeans_Green"
 8:07:28.875 [CE][LootRespawner] (PRIDummy) :: Item [171] is hard to place, performance drops: "DressShoes_Beige"
 8:07:29.595 [CE][LootRespawner] (PRIDummy) :: Item [172] is hard to place, performance drops: "TrackSuitPants_Red"
 8:07:57.715 [CE][LootRespawner] (PRIDummy) :: Item [173] is hard to place, performance drops: "TTSKOPants"
 8:07:58.429 [CE][LootRespawner] (PRIDummy) :: Item [174] is hard to place, performance drops: "TShirt_White"
 8:08:24.275 [CE][LootRespawner] (PRIDummy) :: Item [175] is hard to place, performance drops: "DenimJacket"
 8:08:24.378 [CE][LootRespawner] (PRIDummy) :: Item [176] is hard to place, performance drops: "BalaclavaMask_Blue"
 8:08:24.380 [CE][LootRespawner] (PRIDummy) :: Item [177] is hard to place, performance drops: "BalaclavaMask_Blue"
 8:08:24.382 [CE][LootRespawner] (PRIDummy) :: Item [178] is hard to place, performance drops: "BalaclavaMask_Blue"
 8:08:25.717 [CE][LootRespawner] (PRIDummy) :: Item [179] is hard to place, performance drops: "TShirt_Red"
 8:08:25.717 [CE][LootRespawner] (PRIDummy) :: Item [180] is hard to place, performance drops: "TShirt_Red"
 8:08:25.717 [CE][LootRespawner] (PRIDummy) :: Item [181] is hard to place, performance drops: "TShirt_Red"
 8:08:26.25 [CE][LootRespawner] (PRIDummy) :: Item [182] is hard to place, performance drops: "Hoodie_Grey"
 8:08:26.25 [CE][LootRespawner] (PRIDummy) :: Item [183] is hard to place, performance drops: "Hoodie_Grey"
 8:08:28.798 [CE][Links] found 0 total links between groups, of 2
 8:08:28.798 [CE][SpawnRandomLoot] (StaticLifeboat) :: Type: sea_oilrig_lifeboat, lootmin: 2, lootmax: 5, wanted: 2, deloot: 2, containermaxsum: 5
 8:08:52.372 [CE][LootRespawner] (PRIDummy) :: Item [184] is hard to place, performance drops: "MetalPlate"
 8:08:53.811 [CE][LootRespawner] (PRIDummy) :: Item [185] is hard to place, performance drops: "Shemag_White"
 8:08:53.911 [CE][LootRespawner] (PRIDummy) :: Item [10] causing search overtime: "dzn_apsi"
 8:09:19.730 [CE][LootRespawner] (PRIDummy) :: Item [186] is hard to place, performance drops: "TelnyashkaShirt"
 8:09:20.40 [CE][LootRespawner] (PRIDummy) :: Item [187] is hard to place, performance drops: "BalaclavaMask_White"
 8:09:21.375 [CE][LootRespawner] (PRIDummy) :: Item [11] causing search overtime: "dzn_apsi"
 8:09:21.477 [CE][LootRespawner] (PRIDummy) :: Item [188] is hard to place, performance drops: "FireworksLauncher"
 8:09:47.488 [CE][LootRespawner] (PRIDummy) :: Item [189] is hard to place, performance drops: "WorkingGloves_Brown"
 8:09:47.491 [CE][LootRespawner] (PRIDummy) :: Item [190] is hard to place, performance drops: "WorkingGloves_Brown"
 8:09:47.795 [CE][LootRespawner] (PRIDummy) :: Item [191] is hard to place, performance drops: "WorkingBoots_Grey"
 8:09:47.796 [CE][LootRespawner] (PRIDummy) :: Item [192] is hard to place, performance drops: "WorkingBoots_Grey"
 8:10:15.546 [CE][LootRespawner] (PRIDummy) :: Item [193] is hard to place, performance drops: "BeanieHat_Brown"
 8:10:16.996 [CE][LootRespawner] (PRIDummy) :: Item [12] causing search overtime: "dzn_platecarriervest_nac"
 8:10:43.73 [CE][LootRespawner] (PRIDummy) :: Item [194] is hard to place, performance drops: "WeldingMask"
 8:10:44.300 [CE][LootRespawner] (PRIDummy) :: Item [195] is hard to place, performance drops: "WomanSuit_Brown"
 8:11:11.979 [CE][LootRespawner] (PRIDummy) :: Item [13] causing search overtime: "dzn_athena3_exp1"
 8:11:38.354 [CE][LootRespawner] (PRIDummy) :: Item [14] causing search overtime: "BloodBagEmpty"
 8:11:38.555 [CE][LootRespawner] (PRIDummy) :: Item [196] is hard to place, performance drops: "HandSaw"
 8:11:38.966 [CE][LootRespawner] (PRIDummy) :: Item [197] is hard to place, performance drops: "BoonieHat_Blue"
 8:11:38.968 [CE][LootRespawner] (PRIDummy) :: Item [198] is hard to place, performance drops: "BoonieHat_Blue"
 8:11:39.169 [CE][LootRespawner] (PRIDummy) :: Item [199] is hard to place, performance drops: "BushlatPoliceJacket_Blue"
 8:12:06.137 [CE][LootRespawner] (PRIDummy) :: Item [200] is hard to place, performance drops: "JumpsuitPants_Green"
 8:12:06.140 [CE][LootRespawner] (PRIDummy) :: Item [201] is hard to place, performance drops: "JumpsuitPants_Green"
 8:12:06.240 [CE][LootRespawner] (PRIDummy) :: Item [202] is hard to place, performance drops: "DressShoes_White"
 8:12:07.571 [CE][LootRespawner] (PRIDummy) :: Item [203] is hard to place, performance drops: "CargoPants_Beige"
 8:12:33.819 [CE][LootRespawner] (PRIDummy) :: Item [204] is hard to place, performance drops: "JumpsuitPants_Blue"
 8:12:33.820 [CE][LootRespawner] (PRIDummy) :: Item [205] is hard to place, performance drops: "JumpsuitPants_Blue"
 8:12:33.821 [CE][LootRespawner] (PRIDummy) :: Item [206] is hard to place, performance drops: "JumpsuitPants_Blue"
 8:13:01.687 [CE][LootRespawner] (PRIDummy) :: Item [207] is hard to place, performance drops: "Fabric"
 8:13:01.687 [CE][LootRespawner] (PRIDummy) :: Item [208] is hard to place, performance drops: "Fabric"
 8:13:01.688 [CE][LootRespawner] (PRIDummy) :: Item [209] is hard to place, performance drops: "Fabric"
 8:13:02.301 [CE][LootRespawner] (PRIDummy) :: Item [210] is hard to place, performance drops: "PolicePantsOrel"
 8:13:06.413 [CE][Links] found 0 total links between groups, of 3
 8:13:06.413 [CE][SpawnRandomLoot] (StaticMedDrop) :: Type: Misc_cargo_cont_net1, lootmin: 4, lootmax: 6, wanted: 4, deloot: 2, containermaxsum: 6
 8:13:29.300 [CE][LootRespawner] (PRIDummy) :: Item [211] is hard to place, performance drops: "Sedan_02_Wheel"
 8:13:56.960 [CE][LootRespawner] (PRIDummy) :: Item [212] is hard to place, performance drops: "WoodenPlank"
 8:13:56.961 [CE][LootRespawner] (PRIDummy) :: Item [213] is hard to place, performance drops: "WoodenPlank"
 8:13:56.961 [CE][LootRespawner] (PRIDummy) :: Item [214] is hard to place, performance drops: "WoodenPlank"
 8:13:57.169 [CE][LootRespawner] (PRIDummy) :: Item [215] is hard to place, performance drops: "MetalPlate"
 8:13:57.170 [CE][LootRespawner] (PRIDummy) :: Item [216] is hard to place, performance drops: "MetalPlate"
 8:13:57.171 [CE][LootRespawner] (PRIDummy) :: Item [217] is hard to place, performance drops: "MetalPlate"
 8:13:57.171 [CE][LootRespawner] (PRIDummy) :: Item [218] is hard to place, performance drops: "MetalPlate"
 8:13:57.171 [CE][LootRespawner] (PRIDummy) :: Item [219] is hard to place, performance drops: "MetalPlate"
 8:13:57.998 [CE][LootRespawner] (PRIDummy) :: Item [220] is hard to place, performance drops: "FryingPan"
 8:13:57.998 [CE][LootRespawner] (PRIDummy) :: Item [221] is hard to place, performance drops: "FryingPan"
 8:13:57.999 [CE][LootRespawner] (PRIDummy) :: Item [222] is hard to place, performance drops: "FryingPan"
 8:13:58.723 [CE][LootRespawner] (PRIDummy) :: Item [223] is hard to place, performance drops: "WorkingGloves_Black"
 8:14:24.783 [CE][LootRespawner] (PRIDummy) :: Item [224] is hard to place, performance drops: "GasMask_Filter"
 8:14:25.191 [CE][LootRespawner] (PRIDummy) :: Item [225] is hard to place, performance drops: "HipPack_Black"
 8:14:53.592 [CE][LootRespawner] (PRIDummy) :: Item [226] is hard to place, performance drops: "NBCBootsGray"
 8:15:21.449 [CE][LootRespawner] (PRIDummy) :: Item [227] is hard to place, performance drops: "TruckBattery"
 8:15:21.657 [CE][LootRespawner] (PRIDummy) :: Item [228] is hard to place, performance drops: "TTsKOJacket_Camo"
 8:16:16.535 [CE][LootRespawner] (PRIDummy) :: Item [229] is hard to place, performance drops: "BomberJacket_Grey"
 8:16:17.466 [CE][LootRespawner] (PRIDummy) :: Item [15] causing search overtime: "dzn_apsi"
 8:17:14.450 [CE][Links] found 0 total links between groups, of 4
 8:17:14.450 [CE][SpawnRandomLoot] (StaticMedDrop) :: Type: Misc_cargo_cont_net1, lootmin: 4, lootmax: 6, wanted: 4, deloot: 2, containermaxsum: 6
 8:18:06.492 [CE][LootRespawner] (PRIDummy) :: Item [230] is hard to place, performance drops: "JumpsuitPants_Red"
 8:18:06.492 [CE][LootRespawner] (PRIDummy) :: Item [231] is hard to place, performance drops: "JumpsuitPants_Red"
 8:18:06.497 [CE][LootRespawner] (PRIDummy) :: Item [232] is hard to place, performance drops: "JumpsuitPants_Red"
 8:18:07.122 [CE][LootRespawner] (PRIDummy) :: Item [233] is hard to place, performance drops: "Pickaxe"
 8:18:35.20 [CE][LootRespawner] (PRIDummy) :: Item [16] causing search overtime: "dzn_athena3_exp1"
 8:18:35.122 [CE][LootRespawner] (PRIDummy) :: Item [17] causing search overtime: "dzn_athena3_exp2"
 8:18:35.328 [CE][LootRespawner] (PRIDummy) :: Item [234] is hard to place, performance drops: "RadarCap_Red"
 8:18:38.733 [CE][Links] found 0 total links between groups, of 5
 8:18:38.733 [CE][SpawnRandomLoot] (StaticMedDrop) :: Type: Misc_cargo_cont_net1, lootmin: 4, lootmax: 6, wanted: 4, deloot: 2, containermaxsum: 6
 8:18:38.738 [CE][Links] found 0 total links between groups, of 6
 8:18:38.738 [CE][SpawnRandomLoot] (StaticMedDrop) :: Type: Misc_cargo_cont_net1, lootmin: 4, lootmax: 6, wanted: 5, deloot: 2, containermaxsum: 6
 8:18:38.743 [CE][Links] found 0 total links between groups, of 7
 8:18:38.743 [CE][SpawnRandomLoot] (StaticMedDrop) :: Type: Misc_cargo_cont_net1, lootmin: 4, lootmax: 6, wanted: 4, deloot: 2, containermaxsum: 6
 8:19:29.826 [CE][LootRespawner] (PRIDummy) :: Item [235] is hard to place, performance drops: "RemoteDetonator"
 8:19:57.151 [CE][LootRespawner] (PRIDummy) :: Item [236] is hard to place, performance drops: "ReflexVest"
 8:19:57.258 [CE][LootRespawner] (PRIDummy) :: Item [18] causing search overtime: "BandageDressing"
 8:19:57.774 [CE][LootRespawner] (PRIDummy) :: Item [237] is hard to place, performance drops: "Hoodie_Blue"
 8:19:57.775 [CE][LootRespawner] (PRIDummy) :: Item [238] is hard to place, performance drops: "Hoodie_Blue"
 8:19:58.184 [CE][LootRespawner] (PRIDummy) :: Item [239] is hard to place, performance drops: "ManSuit_White"
 8:19:58.391 [CE][LootRespawner] (PRIDummy) :: Item [240] is hard to place, performance drops: "dzn_gorka_up_winter"
 8:20:25.26 [CE][LootRespawner] (PRIDummy) :: Item [241] is hard to place, performance drops: "LugWrench"
 8:20:52.488 [CE][LootRespawner] (PRIDummy) :: Item [242] is hard to place, performance drops: "JumpsuitJacket_Gray"
 8:20:52.492 [CE][LootRespawner] (PRIDummy) :: Item [243] is hard to place, performance drops: "JumpsuitJacket_Gray"
 8:20:52.494 [CE][LootRespawner] (PRIDummy) :: Item [244] is hard to place, performance drops: "JumpsuitJacket_Gray"
 8:20:52.697 [CE][LootRespawner] (PRIDummy) :: Item [245] is hard to place, performance drops: "Bandana_CamoPattern"
 8:20:52.699 [CE][LootRespawner] (PRIDummy) :: Item [246] is hard to place, performance drops: "Bandana_CamoPattern"
 8:20:54.136 [CE][LootRespawner] (PRIDummy) :: Item [19] causing search overtime: "dzn_apsi"
 8:20:54.240 [CE][LootRespawner] (PRIDummy) :: Item [247] is hard to place, performance drops: "GlassBottle"
 8:21:20.276 [CE][LootRespawner] (PRIDummy) :: Item [248] is hard to place, performance drops: "Shovel"
 8:21:20.279 [CE][LootRespawner] (PRIDummy) :: Item [249] is hard to place, performance drops: "Shovel"
 8:21:20.279 [CE][LootRespawner] (PRIDummy) :: Item [250] is hard to place, performance drops: "Shovel"
 8:21:20.279 [CE][LootRespawner] (PRIDummy) :: Item [251] is hard to place, performance drops: "Shovel"
 8:21:20.280 [CE][LootRespawner] (PRIDummy) :: Item [252] is hard to place, performance drops: "Shovel"
 8:21:20.281 [CE][LootRespawner] (PRIDummy) :: Item [253] is hard to place, performance drops: "Shovel"
 8:21:20.282 [CE][LootRespawner] (PRIDummy) :: Item [254] is hard to place, performance drops: "Shovel"
 8:21:20.787 [CE][LootRespawner] (PRIDummy) :: Item [255] is hard to place, performance drops: "PoliceJacket"
 8:21:20.787 [CE][LootRespawner] (PRIDummy) :: Item [256] is hard to place, performance drops: "PoliceJacket"
 8:21:20.787 [CE][LootRespawner] (PRIDummy) :: Item [257] is hard to place, performance drops: "PoliceJacket"
 8:21:20.887 [CE][LootRespawner] (PRIDummy) :: Item [258] is hard to place, performance drops: "DownJacket_Blue"
 8:21:21.294 [CE][LootRespawner] (PRIDummy) :: Item [259] is hard to place, performance drops: "Jeans_Grey"
 8:21:48.34 [CE][LootRespawner] (PRIDummy) :: Item [260] is hard to place, performance drops: "Fabric"
 8:21:48.34 [CE][LootRespawner] (PRIDummy) :: Item [261] is hard to place, performance drops: "Fabric"
 8:21:48.35 [CE][LootRespawner] (PRIDummy) :: Item [262] is hard to place, performance drops: "Fabric"
 8:21:48.450 [CE][LootRespawner] (PRIDummy) :: Item [263] is hard to place, performance drops: "BeanieHat_Pink"
 8:21:49.471 [CE][LootRespawner] (PRIDummy) :: Item [264] is hard to place, performance drops: "TShirt_Blue"
 8:21:49.471 [CE][LootRespawner] (PRIDummy) :: Item [265] is hard to place, performance drops: "TShirt_Blue"
 8:21:49.576 [CE][LootRespawner] (PRIDummy) :: Item [266] is hard to place, performance drops: "PaddedGloves_Threat"
 8:22:15.566 [CE][LootRespawner] (PRIDummy) :: Item [267] is hard to place, performance drops: "CivilianBelt"
 8:22:43.548 [CE][LootRespawner] (PRIDummy) :: Item [268] is hard to place, performance drops: "Blouse_Blue"
 8:22:43.650 [CE][LootRespawner] (PRIDummy) :: Item [269] is hard to place, performance drops: "Hoodie_Green"
 8:23:11.73 [CE][LootRespawner] (PRIDummy) :: Item [270] is hard to place, performance drops: "BurlapSack"
 8:23:11.73 [CE][LootRespawner] (PRIDummy) :: Item [271] is hard to place, performance drops: "BurlapSack"
 8:23:39.96 [CE][LootRespawner] (PRIDummy) :: Item [272] is hard to place, performance drops: "BeanieHat_Black"
 8:23:39.298 [CE][LootRespawner] (PRIDummy) :: Item [273] is hard to place, performance drops: "MotoHelmet_Green"
 8:23:39.501 [CE][LootRespawner] (PRIDummy) :: Item [20] causing search overtime: "dzn_athena3_exp2"
 8:23:40.219 [CE][LootRespawner] (PRIDummy) :: Item [274] is hard to place, performance drops: "CargoPants_Black"
 8:24:06.585 [CE][LootRespawner] (PRIDummy) :: Item [275] is hard to place, performance drops: "Balaclava3Holes_Black"
 8:24:06.687 [CE][LootRespawner] (PRIDummy) :: Item [276] is hard to place, performance drops: "FirefighterAxe"
 8:24:06.687 [CE][LootRespawner] (PRIDummy) :: Item [277] is hard to place, performance drops: "FirefighterAxe"
 8:24:07.195 [CE][LootRespawner] (PRIDummy) :: Item [278] is hard to place, performance drops: "PolicePantsOrel"
 8:24:08.15 [CE][LootRespawner] (PRIDummy) :: Item [279] is hard to place, performance drops: "WinterCoif_Blue"
 8:25:01.777 [CE][LootRespawner] (PRIDummy) :: Item [280] is hard to place, performance drops: "JumpsuitPants_Green"
 8:25:01.976 [CE][LootRespawner] (PRIDummy) :: Item [281] is hard to place, performance drops: "BalaclavaMask_Pink"
 8:25:02.388 [CE][LootRespawner] (PRIDummy) :: Item [282] is hard to place, performance drops: "ManSuit_DarkGrey"
 8:25:29.567 [CE][LootRespawner] (PRIDummy) :: Item [283] is hard to place, performance drops: "WoodenPlank"
 8:25:29.567 [CE][LootRespawner] (PRIDummy) :: Item [284] is hard to place, performance drops: "WoodenPlank"
 8:25:29.567 [CE][LootRespawner] (PRIDummy) :: Item [285] is hard to place, performance drops: "WoodenPlank"
 8:25:29.570 [CE][LootRespawner] (PRIDummy) :: Item [286] is hard to place, performance drops: "WoodenPlank"
 8:25:29.572 [CE][LootRespawner] (PRIDummy) :: Item [287] is hard to place, performance drops: "WoodenPlank"
 8:25:29.572 [CE][LootRespawner] (PRIDummy) :: Item [288] is hard to place, performance drops: "WoodenPlank"
 8:25:29.977 [CE][LootRespawner] (PRIDummy) :: Item [289] is hard to place, performance drops: "MetalPlate"
 8:25:57.210 [CE][LootRespawner] (PRIDummy) :: Item [290] is hard to place, performance drops: "CanisterGasoline"
 8:25:57.210 [CE][LootRespawner] (PRIDummy) :: Item [291] is hard to place, performance drops: "CanisterGasoline"
 8:25:57.619 [CE][LootRespawner] (PRIDummy) :: Item [292] is hard to place, performance drops: "Broom"
 8:25:57.621 [CE][LootRespawner] (PRIDummy) :: Item [293] is hard to place, performance drops: "Broom"
 8:25:57.925 [CE][LootRespawner] (PRIDummy) :: Item [294] is hard to place, performance drops: "TShirt_Green"
 8:26:52.481 [CE][LootRespawner] (PRIDummy) :: Item [295] is hard to place, performance drops: "JumpsuitPants_Blue"
 8:26:52.481 [CE][LootRespawner] (PRIDummy) :: Item [296] is hard to place, performance drops: "JumpsuitPants_Blue"
 8:26:52.583 [CE][LootRespawner] (PRIDummy) :: Item [297] is hard to place, performance drops: "Sweater_Gray"
 8:26:53.204 [CE][LootRespawner] (PRIDummy) :: Item [298] is hard to place, performance drops: "HipPack_Green"
 8:26:54.336 [CE][LootRespawner] (PRIDummy) :: Item [299] is hard to place, performance drops: "BeanieHat_Pink"
 8:26:54.336 [CE][LootRespawner] (PRIDummy) :: Item [300] is hard to place, performance drops: "BeanieHat_Pink"
 8:27:20.247 [CE][LootRespawner] (PRIDummy) :: Item [301] is hard to place, performance drops: "JumpsuitJacket_Blue"
 8:27:20.247 [CE][LootRespawner] (PRIDummy) :: Item [302] is hard to place, performance drops: "JumpsuitJacket_Blue"
 8:27:20.248 [CE][LootRespawner] (PRIDummy) :: Item [303] is hard to place, performance drops: "JumpsuitJacket_Blue"
 8:27:48.682 [CE][LootRespawner] (PRIDummy) :: Item [304] is hard to place, performance drops: "TShirt_RedBlackStripes"
 8:27:48.994 [CE][LootRespawner] (PRIDummy) :: Item [305] is hard to place, performance drops: "FirefighterAxe"
 8:27:49.814 [CE][LootRespawner] (PRIDummy) :: Item [21] causing search overtime: "M4A1"
 8:28:16.244 [CE][LootRespawner] (PRIDummy) :: Item [306] is hard to place, performance drops: "Rope"
 8:28:16.244 [CE][LootRespawner] (PRIDummy) :: Item [307] is hard to place, performance drops: "Rope"
 8:28:16.250 [CE][LootRespawner] (PRIDummy) :: Item [308] is hard to place, performance drops: "Rope"
 8:28:16.454 [CE][LootRespawner] (PRIDummy) :: Item [309] is hard to place, performance drops: "Pliers"
 8:28:17.890 [CE][LootRespawner] (PRIDummy) :: Item [310] is hard to place, performance drops: "GhillieBushrag_Woodland"
 8:28:45.633 [CE][LootRespawner] (PRIDummy) :: Item [22] causing search overtime: "dzn_athena3_exp2"
 8:29:12.774 [CE][LootRespawner] (PRIDummy) :: Item [311] is hard to place, performance drops: "PoliceVest"
 8:29:39.600 [CE][LootRespawner] (PRIDummy) :: Item [312] is hard to place, performance drops: "GP5GasMask"
 8:30:07.489 [CE][LootRespawner] (PRIDummy) :: Item [313] is hard to place, performance drops: "Fabric"
 8:30:07.489 [CE][LootRespawner] (PRIDummy) :: Item [314] is hard to place, performance drops: "Fabric"
 8:30:07.491 [CE][LootRespawner] (PRIDummy) :: Item [315] is hard to place, performance drops: "Fabric"
 8:30:07.491 [CE][LootRespawner] (PRIDummy) :: Item [316] is hard to place, performance drops: "Fabric"
 8:30:07.493 [CE][LootRespawner] (PRIDummy) :: Item [317] is hard to place, performance drops: "Fabric"
 8:30:34.968 [CE][LootRespawner] (PRIDummy) :: Item [318] is hard to place, performance drops: "Pipe"
 8:30:34.970 [CE][LootRespawner] (PRIDummy) :: Item [319] is hard to place, performance drops: "Pipe"
 8:30:35.77 !!! [CE][Point] Removing 6162.589844, 10878.765625 from land_hut_old01
 8:30:35.77 [CE][LootRespawner] (PRIDummy) :: Item [320] is hard to place, performance drops: "FryingPan"
 8:30:35.582 [CE][LootRespawner] (PRIDummy) :: Item [321] is hard to place, performance drops: "RidersJacket_Black"
 8:30:36.96 [CE][LootRespawner] (PRIDummy) :: Item [322] is hard to place, performance drops: "dzn_printer_filament_abs"
 8:30:36.96 [CE][LootRespawner] (PRIDummy) :: Item [323] is hard to place, performance drops: "dzn_printer_filament_abs"
 8:30:36.512 [CE][LootRespawner] (PRIDummy) :: Item [324] is hard to place, performance drops: "OMKJacket_Navy"
 8:31:02.776 [CE][LootRespawner] (PRIDummy) :: Item [325] is hard to place, performance drops: "JumpsuitJacket_Green"
 8:31:02.776 [CE][LootRespawner] (PRIDummy) :: Item [326] is hard to place, performance drops: "JumpsuitJacket_Green"
 8:31:03.189 [CE][LootRespawner] (PRIDummy) :: Item [327] is hard to place, performance drops: "BeanieHat_Brown"
 8:31:03.291 [CE][LootRespawner] (PRIDummy) :: Item [328] is hard to place, performance drops: "BeanieHat_Green"
 8:31:03.291 [CE][LootRespawner] (PRIDummy) :: Item [329] is hard to place, performance drops: "BeanieHat_Green"
 8:31:03.494 [CE][LootRespawner] (PRIDummy) :: Item [330] is hard to place, performance drops: "SherpaHat_Black"
 8:31:03.494 [CE][LootRespawner] (PRIDummy) :: Item [331] is hard to place, performance drops: "SherpaHat_Black"
 8:31:30.951 [CE][LootRespawner] (PRIDummy) :: Item [332] is hard to place, performance drops: "HuntingVest"
 8:31:30.952 [CE][LootRespawner] (PRIDummy) :: Item [333] is hard to place, performance drops: "HuntingVest"
 8:31:31.766 [CE][LootRespawner] (PRIDummy) :: Item [334] is hard to place, performance drops: "Shemag_Brown"
 8:31:31.766 [CE][LootRespawner] (PRIDummy) :: Item [335] is hard to place, performance drops: "Shemag_Brown"
 8:31:31.869 [CE][LootRespawner] (PRIDummy) :: Item [336] is hard to place, performance drops: "HikingJacket_Blue"
 8:31:31.869 [CE][LootRespawner] (PRIDummy) :: Item [337] is hard to place, performance drops: "HikingJacket_Blue"
 8:31:32.384 [CE][LootRespawner] (PRIDummy) :: Item [338] is hard to place, performance drops: "MetalPlate"
 8:31:32.385 [CE][LootRespawner] (PRIDummy) :: Item [339] is hard to place, performance drops: "MetalPlate"
 8:31:58.204 [CE][LootRespawner] (PRIDummy) :: Item [340] is hard to place, performance drops: "WorkingGloves_Yellow"
 8:31:58.204 [CE][LootRespawner] (PRIDummy) :: Item [341] is hard to place, performance drops: "WorkingGloves_Yellow"
 8:31:58.204 [CE][LootRespawner] (PRIDummy) :: Item [342] is hard to place, performance drops: "WorkingGloves_Yellow"
 8:31:58.206 [CE][LootRespawner] (PRIDummy) :: Item [343] is hard to place, performance drops: "WorkingGloves_Yellow"
 8:32:54.997 [CE][LootRespawner] (PRIDummy) :: Item [344] is hard to place, performance drops: "QuiltedJacket_Grey"
 8:33:21.464 [CE][LootRespawner] (PRIDummy) :: Item [345] is hard to place, performance drops: "BalaclavaMask_Pink"
 8:33:21.975 [CE][LootRespawner] (PRIDummy) :: Item [346] is hard to place, performance drops: "BaseRadio"
 8:33:22.79 [CE][LootRespawner] (PRIDummy) :: Item [347] is hard to place, performance drops: "SlacksPants_Blue"
 8:33:22.693 [CE][LootRespawner] (PRIDummy) :: Item [348] is hard to place, performance drops: "TrackSuitJacket_Red"
 8:33:48.922 [CE][LootRespawner] (PRIDummy) :: Item [349] is hard to place, performance drops: "WeldingMask"
 8:33:48.922 [CE][LootRespawner] (PRIDummy) :: Item [350] is hard to place, performance drops: "WeldingMask"
 8:33:48.922 [CE][LootRespawner] (PRIDummy) :: Item [351] is hard to place, performance drops: "WeldingMask"
 8:33:49.130 [CE][LootRespawner] (PRIDummy) :: Item [352] is hard to place, performance drops: "TruckBattery"
 8:33:50.363 [CE][LootRespawner] (PRIDummy) :: Item [353] is hard to place, performance drops: "BomberJacket_Grey"
 8:33:50.363 [CE][LootRespawner] (PRIDummy) :: Item [354] is hard to place, performance drops: "BomberJacket_Grey"
 8:33:50.363 [CE][LootRespawner] (PRIDummy) :: Item [355] is hard to place, performance drops: "BomberJacket_Grey"
 8:34:16.682 [CE][LootRespawner] (PRIDummy) :: Item [356] is hard to place, performance drops: "Pickaxe"
 8:34:16.684 [CE][LootRespawner] (PRIDummy) :: Item [357] is hard to place, performance drops: "Pickaxe"
 8:34:16.684 [CE][LootRespawner] (PRIDummy) :: Item [358] is hard to place, performance drops: "Pickaxe"
 8:34:17.94 [CE][LootRespawner] (PRIDummy) :: Item [359] is hard to place, performance drops: "WomanSuit_White"
 8:34:17.402 [CE][LootRespawner] (PRIDummy) :: Item [360] is hard to place, performance drops: "QuiltedJacket_Green"
 8:34:44.454 [CE][LootRespawner] (PRIDummy) :: Item [361] is hard to place, performance drops: "Bandana_RedPattern"
 8:34:45.994 [CE][LootRespawner] (PRIDummy) :: Item [23] causing search overtime: "M4A1"
 8:35:11.847 [CE][LootRespawner] (PRIDummy) :: Item [362] is hard to place, performance drops: "Shovel"
 8:35:11.851 [CE][LootRespawner] (PRIDummy) :: Item [363] is hard to place, performance drops: "Shovel"
 8:35:11.852 [CE][LootRespawner] (PRIDummy) :: Item [364] is hard to place, performance drops: "Shovel"
 8:35:12.50 [CE][LootRespawner] (PRIDummy) :: Item [365] is hard to place, performance drops: "Truck_01_Wheel"
 8:35:12.50 [CE][LootRespawner] (PRIDummy) :: Item [366] is hard to place, performance drops: "Truck_01_Wheel"
 8:35:12.50 [CE][LootRespawner] (PRIDummy) :: Item [367] is hard to place, performance drops: "Truck_01_Wheel"
 8:35:12.53 [CE][LootRespawner] (PRIDummy) :: Item [368] is hard to place, performance drops: "Truck_01_Wheel"
 8:35:12.53 [CE][LootRespawner] (PRIDummy) :: Item [369] is hard to place, performance drops: "Truck_01_Wheel"
 8:35:12.974 [CE][LootRespawner] (PRIDummy) :: Item [370] is hard to place, performance drops: "WomanSuit_Khaki"
 8:35:12.974 [CE][LootRespawner] (PRIDummy) :: Item [371] is hard to place, performance drops: "WomanSuit_Khaki"
 8:35:13.589 [CE][LootRespawner] (PRIDummy) :: Item [372] is hard to place, performance drops: "Broom"
 8:35:13.589 [CE][LootRespawner] (PRIDummy) :: Item [373] is hard to place, performance drops: "Broom"
 8:35:39.866 [CE][LootRespawner] (PRIDummy) :: Item [374] is hard to place, performance drops: "DressShoes_Brown"
 8:35:40.71 [CE][LootRespawner] (PRIDummy) :: Item [375] is hard to place, performance drops: "Jeans_Blue"
 8:35:40.174 [CE][LootRespawner] (PRIDummy) :: Item [376] is hard to place, performance drops: "TShirt_Grey"
 8:36:07.249 [CE][LootRespawner] (PRIDummy) :: Item [377] is hard to place, performance drops: "WorkingGloves_Black"
 8:36:07.249 [CE][LootRespawner] (PRIDummy) :: Item [378] is hard to place, performance drops: "WorkingGloves_Black"
 8:36:07.252 [CE][LootRespawner] (PRIDummy) :: Item [379] is hard to place, performance drops: "WorkingGloves_Black"
 8:36:07.454 [CE][LootRespawner] (PRIDummy) :: Item [380] is hard to place, performance drops: "TelnyashkaShirt"
 8:36:07.664 [CE][LootRespawner] (PRIDummy) :: Item [381] is hard to place, performance drops: "USMCJacket_Woodland"
 8:36:36.144 [CE][LootRespawner] (PRIDummy) :: Item [382] is hard to place, performance drops: "Flag_BrainZ"
 8:37:01.475 [Disconnect]: Start script disconnect 18338157 (dbCharacterId 33 dbPlayerId 33) logoutTime 15
 8:37:03.20 [CE][LootRespawner] (PRIDummy) :: Item [383] is hard to place, performance drops: "SlacksPants_Khaki"
 8:37:03.140 [Disconnect]: Client 18338157 disconnecting
 8:37:03.140 [Disconnect]: Client 18338157 early disconnect
 8:37:03.160 [Disconnect]: Start script disconnect 18338157 (dbCharacterId 33 dbPlayerId 33) logoutTime 15
 8:37:04.357 [CE][LootRespawner] (PRIDummy) :: Item [384] is hard to place, performance drops: "Raincoat_Orange"
 8:37:04.357 [CE][LootRespawner] (PRIDummy) :: Item [385] is hard to place, performance drops: "Raincoat_Orange"
 8:37:04.357 [CE][LootRespawner] (PRIDummy) :: Item [386] is hard to place, performance drops: "Raincoat_Orange"
 8:37:13.934 [Disconnect]: No packets from 18338157
 8:37:13.934 Player Anjabro (18338157) kicked from server: 4 (Connection with host has been lost.)
 8:37:14.936 [Disconnect]: Remove player info 18338157
 8:37:14.976 [Disconnect]: Player destroy 18338157 
 8:37:16.476 [Disconnect]: Finish script disconnect -1 (qhsfBzIRWPqR7htNvCBTNpglkbHVhC3JD5BRv2qbBTM=)
 8:38:27.520 [CE][LootRespawner] (PRIDummy) :: Item [387] is hard to place, performance drops: "WoodenPlank"
 8:38:37.633 [IdleMode] Entering IN - save processed
11:09:18.263 [Shutdown] Shutting down in 5400 seconds (90 minutes).
11:40:11.794 [Shutdown] Shutting down in 3600 seconds (60 minutes).
11:55:38.723 [Shutdown] Shutting down in 2700 seconds (45 minutes).
12:11:06.13 [Shutdown] Shutting down in 1800 seconds (30 minutes).
12:21:24.642 [Shutdown] Shutting down in 1200 seconds (20 minutes).
12:26:34.85 [Shutdown] Shutting down in 900 seconds (15 minutes).
12:31:43.533 [Shutdown] Shutting down in 600 seconds (10 minutes).
12:36:52.416 [Shutdown] Shutting down in 300 seconds (5 minutes).
12:37:54.376 [Shutdown] Shutting down in 240 seconds (4 minutes).
12:38:56.284 [Shutdown] Shutting down in 180 seconds (3 minutes).
12:39:58.152 [Shutdown] Shutting down in 120 seconds (2 minutes).
12:41:00.76 [Shutdown] Shutting down in 60 seconds (1 minutes).
12:41:00.177 [Shutdown] Saving players, locking server and kicking all players.
12:42:01.894 [Server] :: termination in: 5
12:42:02.895 [Server] :: termination in: 4
12:42:03.895 [Server] :: termination in: 3
12:42:04.895 [Server] :: termination in: 2
12:42:05.895 [Server] :: termination in: 1
12:42:17.172  --- Termination successfully completed --- 
