=====================================================================
== C:\SERVICES\ni10839481_1_SHARE\ftproot\dayzstandalone\DayZServer_x64.exe
== "C:\SERVICES\ni10839481_1_SHARE\ftproot\dayzstandalone\DayZServer_x64.exe" -ip=85.190.162.236 -port=11200 -cpuCount=4 -limitFPS=100 -config=serverDZ.cfg "-mod=@Namalsk Survival;@Namalsk Island;@Zens Zombie Door Bangers;@Ear-Plugs;@Code Lock" -profiles=C:\SERVICES\ni10839481_1_SHARE\ftproot\dayzstandalone/config -BEPath=C:\SERVICES\ni10839481_1_SHARE\ftproot\dayzstandalone\battleye -noFilePatching -nologs -adminlog -freezecheck
=====================================================================
Exe timestamp: 2025/04/04 00:49:20
Current time:  2025/05/08 21:03:05
Version 1.27.159674
=====================================================================

21:03:05.54 [Inputs] Loading inputs default "bin/constants.xml"
21:03:05.62 [Inputs] Loading inputs default "bin/specific.xml"
21:03:05.64 [Inputs] Loading inputs default "EarPlugs/data/inputs.xml"
21:03:05.66 [Inputs] Loading inputs default "nst/ns_dayz/scripts/Data/Inputs.xml"
21:03:05.68 [Inputs] Loading inputs cfg "C:\SERVICES\ni10839481_1_SHARE\ftproot\dayzstandalone/config\Users\Survivor\Server.core.xml"
21:03:05.82 [Inputs] Exporting inputs cfg "C:\SERVICES\ni10839481_1_SHARE\ftproot\dayzstandalone/config\Users\Survivor\Server.core.xml"
21:03:26.312 Hostname of server: "Aid Station | Namalsk"
21:03:35.459 [CE][Hive] :: Initializing OFFLINE
21:03:35.460 [StorageDirs] :: Selected storage directory: C:\SERVICES\ni10839481_1_SHARE\ftproot\dayzstandalone\mpmissions\regular.namalsk\storage_1\
21:03:35.464 [CE][Hive] :: Loading core data ... 
21:03:35.477 [CE][CoreData] :: 8 root classes, 0 defaults, 0 updaters...
21:03:43.361 [CE] :: WARNING :: Preset map "headsFirefighter" is EMPTY.
21:03:43.363 [CE][TypeSetup] :: 599 classes setuped...
21:03:43.959 [CE][RegisterBind] :: 0 classes binded...
21:03:43.959 [CE][RegisterConfig] :: 5794 config classes registered, 0 sub-counters...
21:03:43.959 [CE][Hive] :: Loading map data ... 
21:03:44.17 [CE][LoadPrototype] :: loaded 256 prototypes
21:03:44.17   404 containers, 7415 points
21:03:44.17   1 dispatches, 1 proxies
21:03:44.17 !!! [CE][LoadPrototype] 1 groups have wrong points...
21:03:44.17 [CE][LoadPrototype] :: last group name: land_frozen_person...
21:03:44.26 [CE][LoadPrototype] :: loaded 0 prototypes
21:03:44.26   38 containers, 66 points
21:03:44.26   0 dispatches, 0 proxies
21:03:44.26 [CE][LoadPrototype] :: last group name: StoneLoc38...
21:03:44.100 [CE][LoadMap] "Group" :: loaded 1445 groups, groups failed: 0, largest group range: 36.4
21:03:44.104 [CE][LoadMap] "Dirt" :: loaded 0 groups, groups failed: 0, largest group range: 36.4
21:03:44.109 [CE][Links] found 472 total links between groups, of 1445
21:03:44.109 [CE][LoadClusters] "Cluster" :: Loading files...
21:03:44.124 [CE][LoadClusters] :: file: "mapgroupcluster.xml", 1 types, 2418 instances
21:03:44.126 [CE][Storage] ver:21 stamp:82554, valid:yes, name:"C:\SERVICES\ni10839481_1_SHARE\ftproot\dayzstandalone\mpmissions\regular.namalsk\storage_1\data\types.bin"
21:03:44.128 [CE][Storage] ver:21 stamp:82223, valid:yes, name:"C:\SERVICES\ni10839481_1_SHARE\ftproot\dayzstandalone\mpmissions\regular.namalsk\storage_1\data\types.001"
21:03:44.130 [CE][Storage] ver:21 stamp:82224, valid:yes, name:"C:\SERVICES\ni10839481_1_SHARE\ftproot\dayzstandalone\mpmissions\regular.namalsk\storage_1\data\types.002"
21:03:44.130 [CE][Storage] Restoring file "C:\SERVICES\ni10839481_1_SHARE\ftproot\dayzstandalone\mpmissions\regular.namalsk\storage_1\data\types.bin".
21:03:44.184 [CE][offlineDB] :: Loaded 23 dynamic events 177 total types.
21:03:44.213 !!! [CE][offlineDB] :: Type 'ChristmasTree' will be ignored. (Not spawnable. (Scope is not public?))
21:03:44.235 [CE][DE][SPAWNS] :: Total positions: 711
21:03:44.235 [CE][DE][GROUPS] :: Total eventgroups defined: 0, Eventgroups in use: 0
21:03:44.236 [CE][Storage] ver:25 stamp:82554, valid:yes, name:"C:\SERVICES\ni10839481_1_SHARE\ftproot\dayzstandalone\mpmissions\regular.namalsk\storage_1\data\events.bin"
21:03:44.238 [CE][Storage] ver:25 stamp:82223, valid:yes, name:"C:\SERVICES\ni10839481_1_SHARE\ftproot\dayzstandalone\mpmissions\regular.namalsk\storage_1\data\events.001"
21:03:44.239 [CE][Storage] ver:25 stamp:82224, valid:yes, name:"C:\SERVICES\ni10839481_1_SHARE\ftproot\dayzstandalone\mpmissions\regular.namalsk\storage_1\data\events.002"
21:03:44.239 [CE][Storage] Restoring file "C:\SERVICES\ni10839481_1_SHARE\ftproot\dayzstandalone\mpmissions\regular.namalsk\storage_1\data\events.bin".
21:03:44.239 [CE][DynamicEvent] Load  Events:[23] Primary spawners: 23 Secondary spawners: 0
21:03:44.240 [CE][Storage] ver:25 stamp:82554, valid:yes, name:"C:\SERVICES\ni10839481_1_SHARE\ftproot\dayzstandalone\mpmissions\regular.namalsk\storage_1\data\dynamic_000.bin"
21:03:44.242 [CE][Storage] ver:25 stamp:82223, valid:yes, name:"C:\SERVICES\ni10839481_1_SHARE\ftproot\dayzstandalone\mpmissions\regular.namalsk\storage_1\data\dynamic_000.001"
21:03:44.243 [CE][Storage] ver:25 stamp:82224, valid:yes, name:"C:\SERVICES\ni10839481_1_SHARE\ftproot\dayzstandalone\mpmissions\regular.namalsk\storage_1\data\dynamic_000.002"
21:03:44.243 [CE][Storage] Restoring file "C:\SERVICES\ni10839481_1_SHARE\ftproot\dayzstandalone\mpmissions\regular.namalsk\storage_1\data\dynamic_000.bin" 1 items.
21:03:44.244   1 items loaded. (0 failed)
21:03:44.246 [CE][Storage] ver:25 stamp:82554, valid:yes, name:"C:\SERVICES\ni10839481_1_SHARE\ftproot\dayzstandalone\mpmissions\regular.namalsk\storage_1\data\dynamic_001.bin"
21:03:44.247 [CE][Storage] ver:25 stamp:82223, valid:yes, name:"C:\SERVICES\ni10839481_1_SHARE\ftproot\dayzstandalone\mpmissions\regular.namalsk\storage_1\data\dynamic_001.001"
21:03:44.248 [CE][Storage] ver:25 stamp:82224, valid:yes, name:"C:\SERVICES\ni10839481_1_SHARE\ftproot\dayzstandalone\mpmissions\regular.namalsk\storage_1\data\dynamic_001.002"
21:03:44.248 [CE][Storage] Restoring file "C:\SERVICES\ni10839481_1_SHARE\ftproot\dayzstandalone\mpmissions\regular.namalsk\storage_1\data\dynamic_001.bin" 32 items.
21:03:44.332   32 items loaded. (0 failed)
21:03:44.334 [CE][Storage] ver:25 stamp:82554, valid:yes, name:"C:\SERVICES\ni10839481_1_SHARE\ftproot\dayzstandalone\mpmissions\regular.namalsk\storage_1\data\dynamic_002.bin"
21:03:44.335 [CE][Storage] ver:25 stamp:82223, valid:yes, name:"C:\SERVICES\ni10839481_1_SHARE\ftproot\dayzstandalone\mpmissions\regular.namalsk\storage_1\data\dynamic_002.001"
21:03:44.337 [CE][Storage] ver:25 stamp:82224, valid:yes, name:"C:\SERVICES\ni10839481_1_SHARE\ftproot\dayzstandalone\mpmissions\regular.namalsk\storage_1\data\dynamic_002.002"
21:03:44.337 [CE][Storage] Restoring file "C:\SERVICES\ni10839481_1_SHARE\ftproot\dayzstandalone\mpmissions\regular.namalsk\storage_1\data\dynamic_002.bin" 61 items.
21:03:44.418   61 items loaded. (0 failed)
21:03:44.419 [CE][Storage] ver:25 stamp:82554, valid:yes, name:"C:\SERVICES\ni10839481_1_SHARE\ftproot\dayzstandalone\mpmissions\regular.namalsk\storage_1\data\dynamic_003.bin"
21:03:44.424 [CE][Storage] ver:25 stamp:82223, valid:yes, name:"C:\SERVICES\ni10839481_1_SHARE\ftproot\dayzstandalone\mpmissions\regular.namalsk\storage_1\data\dynamic_003.001"
21:03:44.426 [CE][Storage] ver:25 stamp:82224, valid:yes, name:"C:\SERVICES\ni10839481_1_SHARE\ftproot\dayzstandalone\mpmissions\regular.namalsk\storage_1\data\dynamic_003.002"
21:03:44.426 [CE][Storage] Restoring file "C:\SERVICES\ni10839481_1_SHARE\ftproot\dayzstandalone\mpmissions\regular.namalsk\storage_1\data\dynamic_003.bin" 728 items.
21:03:45.111   728 items loaded. (0 failed)
21:03:45.113 [CE][Storage] ver:25 stamp:82554, valid:yes, name:"C:\SERVICES\ni10839481_1_SHARE\ftproot\dayzstandalone\mpmissions\regular.namalsk\storage_1\data\dynamic_004.bin"
21:03:45.115 [CE][Storage] ver:25 stamp:82223, valid:yes, name:"C:\SERVICES\ni10839481_1_SHARE\ftproot\dayzstandalone\mpmissions\regular.namalsk\storage_1\data\dynamic_004.001"
21:03:45.117 [CE][Storage] ver:25 stamp:82224, valid:yes, name:"C:\SERVICES\ni10839481_1_SHARE\ftproot\dayzstandalone\mpmissions\regular.namalsk\storage_1\data\dynamic_004.002"
21:03:45.117 [CE][Storage] Restoring file "C:\SERVICES\ni10839481_1_SHARE\ftproot\dayzstandalone\mpmissions\regular.namalsk\storage_1\data\dynamic_004.bin" 1676 items.
21:03:46.266   1676 items loaded. (0 failed)
21:03:46.268 [CE][Storage] ver:25 stamp:82554, valid:yes, name:"C:\SERVICES\ni10839481_1_SHARE\ftproot\dayzstandalone\mpmissions\regular.namalsk\storage_1\data\dynamic_005.bin"
21:03:46.270 [CE][Storage] ver:25 stamp:82223, valid:yes, name:"C:\SERVICES\ni10839481_1_SHARE\ftproot\dayzstandalone\mpmissions\regular.namalsk\storage_1\data\dynamic_005.001"
21:03:46.272 [CE][Storage] ver:25 stamp:82224, valid:yes, name:"C:\SERVICES\ni10839481_1_SHARE\ftproot\dayzstandalone\mpmissions\regular.namalsk\storage_1\data\dynamic_005.002"
21:03:46.272 [CE][Storage] Restoring file "C:\SERVICES\ni10839481_1_SHARE\ftproot\dayzstandalone\mpmissions\regular.namalsk\storage_1\data\dynamic_005.bin" 782 items.
21:03:48.110   782 items loaded. (0 failed)
21:03:48.112 [CE][Storage] ver:25 stamp:82554, valid:yes, name:"C:\SERVICES\ni10839481_1_SHARE\ftproot\dayzstandalone\mpmissions\regular.namalsk\storage_1\data\dynamic_006.bin"
21:03:48.114 [CE][Storage] ver:25 stamp:82223, valid:yes, name:"C:\SERVICES\ni10839481_1_SHARE\ftproot\dayzstandalone\mpmissions\regular.namalsk\storage_1\data\dynamic_006.001"
21:03:48.116 [CE][Storage] ver:25 stamp:82224, valid:yes, name:"C:\SERVICES\ni10839481_1_SHARE\ftproot\dayzstandalone\mpmissions\regular.namalsk\storage_1\data\dynamic_006.002"
21:03:48.116 [CE][Storage] Restoring file "C:\SERVICES\ni10839481_1_SHARE\ftproot\dayzstandalone\mpmissions\regular.namalsk\storage_1\data\dynamic_006.bin" 1715 items.
21:03:48.955   1715 items loaded. (0 failed)
21:03:48.957 [CE][Storage] ver:25 stamp:82554, valid:yes, name:"C:\SERVICES\ni10839481_1_SHARE\ftproot\dayzstandalone\mpmissions\regular.namalsk\storage_1\data\dynamic_007.bin"
21:03:48.959 [CE][Storage] ver:25 stamp:82223, valid:yes, name:"C:\SERVICES\ni10839481_1_SHARE\ftproot\dayzstandalone\mpmissions\regular.namalsk\storage_1\data\dynamic_007.001"
21:03:48.961 [CE][Storage] ver:25 stamp:82224, valid:yes, name:"C:\SERVICES\ni10839481_1_SHARE\ftproot\dayzstandalone\mpmissions\regular.namalsk\storage_1\data\dynamic_007.002"
21:03:48.961 [CE][Storage] Restoring file "C:\SERVICES\ni10839481_1_SHARE\ftproot\dayzstandalone\mpmissions\regular.namalsk\storage_1\data\dynamic_007.bin" 605 items.
21:03:49.221   605 items loaded. (0 failed)
21:03:49.222 [CE][Storage] ver:25 stamp:82554, valid:yes, name:"C:\SERVICES\ni10839481_1_SHARE\ftproot\dayzstandalone\mpmissions\regular.namalsk\storage_1\data\dynamic_008.bin"
21:03:49.224 [CE][Storage] ver:25 stamp:82223, valid:yes, name:"C:\SERVICES\ni10839481_1_SHARE\ftproot\dayzstandalone\mpmissions\regular.namalsk\storage_1\data\dynamic_008.001"
21:03:49.226 [CE][Storage] ver:25 stamp:82224, valid:yes, name:"C:\SERVICES\ni10839481_1_SHARE\ftproot\dayzstandalone\mpmissions\regular.namalsk\storage_1\data\dynamic_008.002"
21:03:49.226 [CE][Storage] Restoring file "C:\SERVICES\ni10839481_1_SHARE\ftproot\dayzstandalone\mpmissions\regular.namalsk\storage_1\data\dynamic_008.bin" 126 items.
21:03:49.297   126 items loaded. (0 failed)
21:03:49.299 [CE][Storage] ver:25 stamp:82554, valid:yes, name:"C:\SERVICES\ni10839481_1_SHARE\ftproot\dayzstandalone\mpmissions\regular.namalsk\storage_1\data\dynamic_009.bin"
21:03:49.300 [CE][Storage] ver:25 stamp:82223, valid:yes, name:"C:\SERVICES\ni10839481_1_SHARE\ftproot\dayzstandalone\mpmissions\regular.namalsk\storage_1\data\dynamic_009.001"
21:03:49.301 [CE][Storage] ver:25 stamp:82224, valid:yes, name:"C:\SERVICES\ni10839481_1_SHARE\ftproot\dayzstandalone\mpmissions\regular.namalsk\storage_1\data\dynamic_009.002"
21:03:49.301 [CE][Storage] Restoring file "C:\SERVICES\ni10839481_1_SHARE\ftproot\dayzstandalone\mpmissions\regular.namalsk\storage_1\data\dynamic_009.bin" 0 items.
21:03:49.301   0 items loaded. (0 failed)
21:03:49.303 [CE][Storage] ver:25 stamp:82554, valid:yes, name:"C:\SERVICES\ni10839481_1_SHARE\ftproot\dayzstandalone\mpmissions\regular.namalsk\storage_1\data\dynamic_010.bin"
21:03:49.304 [CE][Storage] ver:25 stamp:82223, valid:yes, name:"C:\SERVICES\ni10839481_1_SHARE\ftproot\dayzstandalone\mpmissions\regular.namalsk\storage_1\data\dynamic_010.001"
21:03:49.305 [CE][Storage] ver:25 stamp:82224, valid:yes, name:"C:\SERVICES\ni10839481_1_SHARE\ftproot\dayzstandalone\mpmissions\regular.namalsk\storage_1\data\dynamic_010.002"
21:03:49.305 [CE][Storage] Restoring file "C:\SERVICES\ni10839481_1_SHARE\ftproot\dayzstandalone\mpmissions\regular.namalsk\storage_1\data\dynamic_010.bin" 37 items.
21:03:49.386   37 items loaded. (0 failed)
21:03:49.387 [CE][Storage] ver:25 stamp:82554, valid:yes, name:"C:\SERVICES\ni10839481_1_SHARE\ftproot\dayzstandalone\mpmissions\regular.namalsk\storage_1\data\dynamic_011.bin"
21:03:49.389 [CE][Storage] ver:25 stamp:82223, valid:yes, name:"C:\SERVICES\ni10839481_1_SHARE\ftproot\dayzstandalone\mpmissions\regular.namalsk\storage_1\data\dynamic_011.001"
21:03:49.390 [CE][Storage] ver:25 stamp:82224, valid:yes, name:"C:\SERVICES\ni10839481_1_SHARE\ftproot\dayzstandalone\mpmissions\regular.namalsk\storage_1\data\dynamic_011.002"
21:03:49.390 [CE][Storage] Restoring file "C:\SERVICES\ni10839481_1_SHARE\ftproot\dayzstandalone\mpmissions\regular.namalsk\storage_1\data\dynamic_011.bin" 52 items.
21:03:49.424   52 items loaded. (0 failed)
21:03:49.425 [CE][Storage] ver:26 stamp:82554, valid:yes, name:"C:\SERVICES\ni10839481_1_SHARE\ftproot\dayzstandalone\mpmissions\regular.namalsk\storage_1\data\building.bin"
21:03:49.427 [CE][Storage] ver:26 stamp:82223, valid:yes, name:"C:\SERVICES\ni10839481_1_SHARE\ftproot\dayzstandalone\mpmissions\regular.namalsk\storage_1\data\building.001"
21:03:49.428 [CE][Storage] ver:26 stamp:82224, valid:yes, name:"C:\SERVICES\ni10839481_1_SHARE\ftproot\dayzstandalone\mpmissions\regular.namalsk\storage_1\data\building.002"
21:03:49.428 [CE][Storage] Restoring file "C:\SERVICES\ni10839481_1_SHARE\ftproot\dayzstandalone\mpmissions\regular.namalsk\storage_1\data\building.bin" 0 items.
21:03:49.428   0 items loaded. (0 failed)
21:03:49.430 [CE][Storage] ver:25 stamp:82554, valid:yes, name:"C:\SERVICES\ni10839481_1_SHARE\ftproot\dayzstandalone\mpmissions\regular.namalsk\storage_1\data\vehicles.bin"
21:03:49.431 [CE][Storage] ver:25 stamp:82223, valid:yes, name:"C:\SERVICES\ni10839481_1_SHARE\ftproot\dayzstandalone\mpmissions\regular.namalsk\storage_1\data\vehicles.001"
21:03:49.433 [CE][Storage] ver:25 stamp:82224, valid:yes, name:"C:\SERVICES\ni10839481_1_SHARE\ftproot\dayzstandalone\mpmissions\regular.namalsk\storage_1\data\vehicles.002"
21:03:49.433 [CE][Storage] Restoring file "C:\SERVICES\ni10839481_1_SHARE\ftproot\dayzstandalone\mpmissions\regular.namalsk\storage_1\data\vehicles.bin" 59 items.
21:03:49.642   59 items loaded. (0 failed)
21:03:49.662 [CE][Hive] :: Storage load took:5.42 seconds, recovery stamp:82554
21:03:49.662   entity: 9297, building: 0
21:03:49.662   no lifetime: 14
21:03:49.662   pathgraph's: 402
21:03:49.665 [CE][Hive] :: Initializing ... 
21:03:49.700 [CE][InitializeMap] :: initialized: 0
21:03:49.700 [CE][Hive] :: Initializing spawners ... 
21:03:49.700 [CE][LootRespawner] (PRIDummy) :: Initially (re)spawned:0, Nominal:6458, Total in Map: 5943 at 0 (sec)
21:03:49.700   tests:0, repeats:0 fails:0, overtime:0
21:03:52.993 [CE][DynEvent] :: 23 types
21:03:52.993 [00] Loot
21:03:52.993   Primary Spawner: "Loot", active: yes, repeat: 2
21:03:52.993 [01] StaticMedDrop
21:03:52.993   Primary Spawner: "Static", active: yes, repeat: 1
21:03:52.993 [02] StaticLifeboat
21:03:52.993   Primary Spawner: "Static", active: yes, repeat: 1
21:03:52.993 [03] ItemWoodenPlanks
21:03:52.993   Primary Spawner: "Item", active: yes, repeat: 1
21:03:52.993 [04] TrajectoryStones
21:03:52.993   Primary Spawner: "Trajectory", active: yes, repeat: 1
21:03:52.993 [05] InfectedSanta
21:03:52.993   Primary Spawner: "Infected", active: yes, repeat: 1
21:03:52.993 [06] InfectedArmy
21:03:52.993   Primary Spawner: "Infected", active: yes, repeat: 1
21:03:52.993 [07] InfectedIndustrial
21:03:52.993   Primary Spawner: "Infected", active: yes, repeat: 1
21:03:52.994 [08] InfectedCivil
21:03:52.994   Primary Spawner: "Infected", active: yes, repeat: 1
21:03:52.994 [09] InfectedMedic
21:03:52.994   Primary Spawner: "Infected", active: yes, repeat: 1
21:03:52.994 [10] AnimalGoat
21:03:52.994   Primary Spawner: "Animal", active: yes, repeat: 1
21:03:52.994 [11] AnimalSheep
21:03:52.994   Primary Spawner: "Animal", active: yes, repeat: 1
21:03:52.994 [12] AnimalReindeer
21:03:52.994   Primary Spawner: "Animal", active: yes, repeat: 1
21:03:52.994 [13] AnimalWildBoar
21:03:52.994   Primary Spawner: "Animal", active: yes, repeat: 1
21:03:52.994 [14] AnimalWolf
21:03:52.994   Primary Spawner: "Animal", active: yes, repeat: 1
21:03:52.994 [15] AnimalBrownBear
21:03:52.994   Primary Spawner: "Animal", active: yes, repeat: 1
21:03:52.994 [16] AnimalPolarBear
21:03:52.994   Primary Spawner: "Animal", active: yes, repeat: 1
21:03:52.994 [17] AmbientFox
21:03:52.994   Primary Spawner: "Ambient", active: yes, repeat: 1
21:03:52.994 [18] AmbientHare
21:03:52.994   Primary Spawner: "Ambient", active: yes, repeat: 1
21:03:52.994 [19] VehicleRubberBoats
21:03:52.994   Primary Spawner: "Vehicle", active: yes, repeat: 1
21:03:52.994 [20] VehicleCivilianCars
21:03:52.994   Primary Spawner: "Vehicle", active: yes, repeat: 1
21:03:52.994 [21] VehicleTrucks
21:03:52.994   Primary Spawner: "Vehicle", active: yes, repeat: 1
21:03:52.994 [22] VehicleMilitary
21:03:52.994   Primary Spawner: "Vehicle", active: yes, repeat: 1
21:03:52.994 [CE][Hive] :: Initializing of spawners done.
21:03:53.00 [CE][Hive] :: Init sequence finished.
21:03:53.00 Player connect enabled
21:03:53.410 [IdleMode] Entering IN - save processed
 3:48:26.357 [Shutdown] Shutting down in 5400 seconds (90 minutes).
 4:19:28.13 [Shutdown] Shutting down in 3600 seconds (60 minutes).
 4:24:18.647  --- Termination successfully completed --- 
