=====================================================================
== C:\SERVICES\ni10839481_1_SHARE\ftproot\dayzstandalone\DayZServer_x64.exe
== "C:\SERVICES\ni10839481_1_SHARE\ftproot\dayzstandalone\DayZServer_x64.exe" -ip=85.190.162.236 -port=11200 -cpuCount=4 -limitFPS=100 -config=serverDZ.cfg "-mod=@Namalsk Survival;@Namalsk Island;@Zens Zombie Door Bangers;@Ear-Plugs;@Code Lock" -profiles=C:\SERVICES\ni10839481_1_SHARE\ftproot\dayzstandalone/config -BEPath=C:\SERVICES\ni10839481_1_SHARE\ftproot\dayzstandalone\battleye -noFilePatching -nologs -adminlog -freezecheck
=====================================================================
Exe timestamp: 2025/04/04 00:49:20
Current time:  2025/04/23 04:25:01
Version 1.27.159674
=====================================================================

 4:25:01.206 [Inputs] Loading inputs default "bin/constants.xml"
 4:25:01.215 [Inputs] Loading inputs default "bin/specific.xml"
 4:25:01.217 [Inputs] Loading inputs default "EarPlugs/data/inputs.xml"
 4:25:01.219 [Inputs] Loading inputs default "nst/ns_dayz/scripts/Data/Inputs.xml"
 4:25:01.221 [Inputs] Loading inputs cfg "C:\SERVICES\ni10839481_1_SHARE\ftproot\dayzstandalone/config\Users\Survivor\Server.core.xml"
 4:25:01.233 [Inputs] Exporting inputs cfg "C:\SERVICES\ni10839481_1_SHARE\ftproot\dayzstandalone/config\Users\Survivor\Server.core.xml"
 4:25:19.836 Hostname of server: "Aid Station | Namalsk"
 4:25:28.960 [CE][Hive] :: Initializing OFFLINE
 4:25:28.961 [StorageDirs] :: Selected storage directory: C:\SERVICES\ni10839481_1_SHARE\ftproot\dayzstandalone\mpmissions\regular.namalsk\storage_1\
 4:25:28.965 [CE][Hive] :: Loading core data ... 
 4:25:28.969 [CE][CoreData] :: 8 root classes, 0 defaults, 0 updaters...
 4:25:35.992 [CE] :: WARNING :: Preset map "headsFirefighter" is EMPTY.
 4:25:35.994 [CE][TypeSetup] :: 599 classes setuped...
 4:25:36.545 [CE][RegisterBind] :: 0 classes binded...
 4:25:36.545 [CE][RegisterConfig] :: 5794 config classes registered, 0 sub-counters...
 4:25:36.545 [CE][Hive] :: Loading map data ... 
 4:25:36.596 [CE][LoadPrototype] :: loaded 256 prototypes
 4:25:36.596   404 containers, 7415 points
 4:25:36.596   1 dispatches, 1 proxies
 4:25:36.596 !!! [CE][LoadPrototype] 1 groups have wrong points...
 4:25:36.596 [CE][LoadPrototype] :: last group name: land_frozen_person...
 4:25:36.604 [CE][LoadPrototype] :: loaded 0 prototypes
 4:25:36.604   38 containers, 66 points
 4:25:36.604   0 dispatches, 0 proxies
 4:25:36.604 [CE][LoadPrototype] :: last group name: StoneLoc38...
 4:25:36.684 [CE][LoadMap] "Group" :: loaded 1445 groups, groups failed: 0, largest group range: 36.4
 4:25:36.688 [CE][LoadMap] "Dirt" :: loaded 0 groups, groups failed: 0, largest group range: 36.4
 4:25:36.693 [CE][Links] found 472 total links between groups, of 1445
 4:25:36.693 [CE][LoadClusters] "Cluster" :: Loading files...
 4:25:36.708 [CE][LoadClusters] :: file: "mapgroupcluster.xml", 1 types, 2418 instances
 4:25:36.710 [CE][Storage] ver:21 stamp:48645, valid:yes, name:"C:\SERVICES\ni10839481_1_SHARE\ftproot\dayzstandalone\mpmissions\regular.namalsk\storage_1\data\types.bin"
 4:25:36.712 [CE][Storage] ver:21 stamp:47216, valid:yes, name:"C:\SERVICES\ni10839481_1_SHARE\ftproot\dayzstandalone\mpmissions\regular.namalsk\storage_1\data\types.001"
 4:25:36.733 [CE][Storage] ver:21 stamp:47217, valid:yes, name:"C:\SERVICES\ni10839481_1_SHARE\ftproot\dayzstandalone\mpmissions\regular.namalsk\storage_1\data\types.002"
 4:25:36.733 [CE][Storage] Restoring file "C:\SERVICES\ni10839481_1_SHARE\ftproot\dayzstandalone\mpmissions\regular.namalsk\storage_1\data\types.bin".
 4:25:36.787 [CE][offlineDB] :: Loaded 23 dynamic events 177 total types.
 4:25:36.815 !!! [CE][offlineDB] :: Type 'ChristmasTree' will be ignored. (Not spawnable. (Scope is not public?))
 4:25:36.838 [CE][DE][SPAWNS] :: Total positions: 711
 4:25:36.838 [CE][DE][GROUPS] :: Total eventgroups defined: 0, Eventgroups in use: 0
 4:25:36.839 [CE][Storage] ver:25 stamp:48645, valid:yes, name:"C:\SERVICES\ni10839481_1_SHARE\ftproot\dayzstandalone\mpmissions\regular.namalsk\storage_1\data\events.bin"
 4:25:36.840 [CE][Storage] ver:25 stamp:47216, valid:yes, name:"C:\SERVICES\ni10839481_1_SHARE\ftproot\dayzstandalone\mpmissions\regular.namalsk\storage_1\data\events.001"
 4:25:36.841 [CE][Storage] ver:25 stamp:47217, valid:yes, name:"C:\SERVICES\ni10839481_1_SHARE\ftproot\dayzstandalone\mpmissions\regular.namalsk\storage_1\data\events.002"
 4:25:36.841 [CE][Storage] Restoring file "C:\SERVICES\ni10839481_1_SHARE\ftproot\dayzstandalone\mpmissions\regular.namalsk\storage_1\data\events.bin".
 4:25:36.841 [CE][DynamicEvent] Load  Events:[23] Primary spawners: 23 Secondary spawners: 0
 4:25:36.843 [CE][Storage] ver:25 stamp:48645, valid:yes, name:"C:\SERVICES\ni10839481_1_SHARE\ftproot\dayzstandalone\mpmissions\regular.namalsk\storage_1\data\dynamic_000.bin"
 4:25:36.844 [CE][Storage] ver:25 stamp:47216, valid:yes, name:"C:\SERVICES\ni10839481_1_SHARE\ftproot\dayzstandalone\mpmissions\regular.namalsk\storage_1\data\dynamic_000.001"
 4:25:36.846 [CE][Storage] ver:25 stamp:47217, valid:yes, name:"C:\SERVICES\ni10839481_1_SHARE\ftproot\dayzstandalone\mpmissions\regular.namalsk\storage_1\data\dynamic_000.002"
 4:25:36.846 [CE][Storage] Restoring file "C:\SERVICES\ni10839481_1_SHARE\ftproot\dayzstandalone\mpmissions\regular.namalsk\storage_1\data\dynamic_000.bin" 1 items.
 4:25:36.847   1 items loaded. (0 failed)
 4:25:36.848 [CE][Storage] ver:25 stamp:48645, valid:yes, name:"C:\SERVICES\ni10839481_1_SHARE\ftproot\dayzstandalone\mpmissions\regular.namalsk\storage_1\data\dynamic_001.bin"
 4:25:36.850 [CE][Storage] ver:25 stamp:47216, valid:yes, name:"C:\SERVICES\ni10839481_1_SHARE\ftproot\dayzstandalone\mpmissions\regular.namalsk\storage_1\data\dynamic_001.001"
 4:25:36.851 [CE][Storage] ver:25 stamp:47217, valid:yes, name:"C:\SERVICES\ni10839481_1_SHARE\ftproot\dayzstandalone\mpmissions\regular.namalsk\storage_1\data\dynamic_001.002"
 4:25:36.851 [CE][Storage] Restoring file "C:\SERVICES\ni10839481_1_SHARE\ftproot\dayzstandalone\mpmissions\regular.namalsk\storage_1\data\dynamic_001.bin" 27 items.
 4:25:36.919   27 items loaded. (0 failed)
 4:25:36.921 [CE][Storage] ver:25 stamp:48645, valid:yes, name:"C:\SERVICES\ni10839481_1_SHARE\ftproot\dayzstandalone\mpmissions\regular.namalsk\storage_1\data\dynamic_002.bin"
 4:25:36.922 [CE][Storage] ver:25 stamp:47216, valid:yes, name:"C:\SERVICES\ni10839481_1_SHARE\ftproot\dayzstandalone\mpmissions\regular.namalsk\storage_1\data\dynamic_002.001"
 4:25:36.923 [CE][Storage] ver:25 stamp:47217, valid:yes, name:"C:\SERVICES\ni10839481_1_SHARE\ftproot\dayzstandalone\mpmissions\regular.namalsk\storage_1\data\dynamic_002.002"
 4:25:36.924 [CE][Storage] Restoring file "C:\SERVICES\ni10839481_1_SHARE\ftproot\dayzstandalone\mpmissions\regular.namalsk\storage_1\data\dynamic_002.bin" 61 items.
 4:25:37.31   61 items loaded. (0 failed)
 4:25:37.32 [CE][Storage] ver:25 stamp:48645, valid:yes, name:"C:\SERVICES\ni10839481_1_SHARE\ftproot\dayzstandalone\mpmissions\regular.namalsk\storage_1\data\dynamic_003.bin"
 4:25:37.34 [CE][Storage] ver:25 stamp:47216, valid:yes, name:"C:\SERVICES\ni10839481_1_SHARE\ftproot\dayzstandalone\mpmissions\regular.namalsk\storage_1\data\dynamic_003.001"
 4:25:37.37 [CE][Storage] ver:25 stamp:47217, valid:yes, name:"C:\SERVICES\ni10839481_1_SHARE\ftproot\dayzstandalone\mpmissions\regular.namalsk\storage_1\data\dynamic_003.002"
 4:25:37.37 [CE][Storage] Restoring file "C:\SERVICES\ni10839481_1_SHARE\ftproot\dayzstandalone\mpmissions\regular.namalsk\storage_1\data\dynamic_003.bin" 726 items.
 4:25:37.734   726 items loaded. (0 failed)
 4:25:37.736 [CE][Storage] ver:25 stamp:48645, valid:yes, name:"C:\SERVICES\ni10839481_1_SHARE\ftproot\dayzstandalone\mpmissions\regular.namalsk\storage_1\data\dynamic_004.bin"
 4:25:37.738 [CE][Storage] ver:25 stamp:47216, valid:yes, name:"C:\SERVICES\ni10839481_1_SHARE\ftproot\dayzstandalone\mpmissions\regular.namalsk\storage_1\data\dynamic_004.001"
 4:25:37.740 [CE][Storage] ver:25 stamp:47217, valid:yes, name:"C:\SERVICES\ni10839481_1_SHARE\ftproot\dayzstandalone\mpmissions\regular.namalsk\storage_1\data\dynamic_004.002"
 4:25:37.740 [CE][Storage] Restoring file "C:\SERVICES\ni10839481_1_SHARE\ftproot\dayzstandalone\mpmissions\regular.namalsk\storage_1\data\dynamic_004.bin" 1644 items.
 4:25:38.768   1644 items loaded. (0 failed)
 4:25:38.770 [CE][Storage] ver:25 stamp:48645, valid:yes, name:"C:\SERVICES\ni10839481_1_SHARE\ftproot\dayzstandalone\mpmissions\regular.namalsk\storage_1\data\dynamic_005.bin"
 4:25:38.772 [CE][Storage] ver:25 stamp:47216, valid:yes, name:"C:\SERVICES\ni10839481_1_SHARE\ftproot\dayzstandalone\mpmissions\regular.namalsk\storage_1\data\dynamic_005.001"
 4:25:38.774 [CE][Storage] ver:25 stamp:47217, valid:yes, name:"C:\SERVICES\ni10839481_1_SHARE\ftproot\dayzstandalone\mpmissions\regular.namalsk\storage_1\data\dynamic_005.002"
 4:25:38.774 [CE][Storage] Restoring file "C:\SERVICES\ni10839481_1_SHARE\ftproot\dayzstandalone\mpmissions\regular.namalsk\storage_1\data\dynamic_005.bin" 748 items.
 4:25:40.202   748 items loaded. (0 failed)
 4:25:40.204 [CE][Storage] ver:25 stamp:48645, valid:yes, name:"C:\SERVICES\ni10839481_1_SHARE\ftproot\dayzstandalone\mpmissions\regular.namalsk\storage_1\data\dynamic_006.bin"
 4:25:40.206 [CE][Storage] ver:25 stamp:47216, valid:yes, name:"C:\SERVICES\ni10839481_1_SHARE\ftproot\dayzstandalone\mpmissions\regular.namalsk\storage_1\data\dynamic_006.001"
 4:25:40.208 [CE][Storage] ver:25 stamp:47217, valid:yes, name:"C:\SERVICES\ni10839481_1_SHARE\ftproot\dayzstandalone\mpmissions\regular.namalsk\storage_1\data\dynamic_006.002"
 4:25:40.208 [CE][Storage] Restoring file "C:\SERVICES\ni10839481_1_SHARE\ftproot\dayzstandalone\mpmissions\regular.namalsk\storage_1\data\dynamic_006.bin" 1690 items.
 4:25:40.980   1690 items loaded. (0 failed)
 4:25:40.982 [CE][Storage] ver:25 stamp:48645, valid:yes, name:"C:\SERVICES\ni10839481_1_SHARE\ftproot\dayzstandalone\mpmissions\regular.namalsk\storage_1\data\dynamic_007.bin"
 4:25:40.984 [CE][Storage] ver:25 stamp:47216, valid:yes, name:"C:\SERVICES\ni10839481_1_SHARE\ftproot\dayzstandalone\mpmissions\regular.namalsk\storage_1\data\dynamic_007.001"
 4:25:40.987 [CE][Storage] ver:25 stamp:47217, valid:yes, name:"C:\SERVICES\ni10839481_1_SHARE\ftproot\dayzstandalone\mpmissions\regular.namalsk\storage_1\data\dynamic_007.002"
 4:25:40.987 [CE][Storage] Restoring file "C:\SERVICES\ni10839481_1_SHARE\ftproot\dayzstandalone\mpmissions\regular.namalsk\storage_1\data\dynamic_007.bin" 583 items.
 4:25:41.244   583 items loaded. (0 failed)
 4:25:41.246 [CE][Storage] ver:25 stamp:48645, valid:yes, name:"C:\SERVICES\ni10839481_1_SHARE\ftproot\dayzstandalone\mpmissions\regular.namalsk\storage_1\data\dynamic_008.bin"
 4:25:41.248 [CE][Storage] ver:25 stamp:47216, valid:yes, name:"C:\SERVICES\ni10839481_1_SHARE\ftproot\dayzstandalone\mpmissions\regular.namalsk\storage_1\data\dynamic_008.001"
 4:25:41.250 [CE][Storage] ver:25 stamp:47217, valid:yes, name:"C:\SERVICES\ni10839481_1_SHARE\ftproot\dayzstandalone\mpmissions\regular.namalsk\storage_1\data\dynamic_008.002"
 4:25:41.250 [CE][Storage] Restoring file "C:\SERVICES\ni10839481_1_SHARE\ftproot\dayzstandalone\mpmissions\regular.namalsk\storage_1\data\dynamic_008.bin" 124 items.
 4:25:41.305   124 items loaded. (0 failed)
 4:25:41.307 [CE][Storage] ver:25 stamp:48645, valid:yes, name:"C:\SERVICES\ni10839481_1_SHARE\ftproot\dayzstandalone\mpmissions\regular.namalsk\storage_1\data\dynamic_009.bin"
 4:25:41.308 [CE][Storage] ver:25 stamp:47216, valid:yes, name:"C:\SERVICES\ni10839481_1_SHARE\ftproot\dayzstandalone\mpmissions\regular.namalsk\storage_1\data\dynamic_009.001"
 4:25:41.310 [CE][Storage] ver:25 stamp:47217, valid:yes, name:"C:\SERVICES\ni10839481_1_SHARE\ftproot\dayzstandalone\mpmissions\regular.namalsk\storage_1\data\dynamic_009.002"
 4:25:41.310 [CE][Storage] Restoring file "C:\SERVICES\ni10839481_1_SHARE\ftproot\dayzstandalone\mpmissions\regular.namalsk\storage_1\data\dynamic_009.bin" 0 items.
 4:25:41.310   0 items loaded. (0 failed)
 4:25:41.311 [CE][Storage] ver:25 stamp:48645, valid:yes, name:"C:\SERVICES\ni10839481_1_SHARE\ftproot\dayzstandalone\mpmissions\regular.namalsk\storage_1\data\dynamic_010.bin"
 4:25:41.313 [CE][Storage] ver:25 stamp:47216, valid:yes, name:"C:\SERVICES\ni10839481_1_SHARE\ftproot\dayzstandalone\mpmissions\regular.namalsk\storage_1\data\dynamic_010.001"
 4:25:41.314 [CE][Storage] ver:25 stamp:47217, valid:yes, name:"C:\SERVICES\ni10839481_1_SHARE\ftproot\dayzstandalone\mpmissions\regular.namalsk\storage_1\data\dynamic_010.002"
 4:25:41.314 [CE][Storage] Restoring file "C:\SERVICES\ni10839481_1_SHARE\ftproot\dayzstandalone\mpmissions\regular.namalsk\storage_1\data\dynamic_010.bin" 35 items.
 4:25:41.337   35 items loaded. (0 failed)
 4:25:41.339 [CE][Storage] ver:25 stamp:48645, valid:yes, name:"C:\SERVICES\ni10839481_1_SHARE\ftproot\dayzstandalone\mpmissions\regular.namalsk\storage_1\data\dynamic_011.bin"
 4:25:41.340 [CE][Storage] ver:25 stamp:47216, valid:yes, name:"C:\SERVICES\ni10839481_1_SHARE\ftproot\dayzstandalone\mpmissions\regular.namalsk\storage_1\data\dynamic_011.001"
 4:25:41.342 [CE][Storage] ver:25 stamp:47217, valid:yes, name:"C:\SERVICES\ni10839481_1_SHARE\ftproot\dayzstandalone\mpmissions\regular.namalsk\storage_1\data\dynamic_011.002"
 4:25:41.342 [CE][Storage] Restoring file "C:\SERVICES\ni10839481_1_SHARE\ftproot\dayzstandalone\mpmissions\regular.namalsk\storage_1\data\dynamic_011.bin" 41 items.
 4:25:41.365   41 items loaded. (0 failed)
 4:25:41.366 [CE][Storage] ver:26 stamp:48645, valid:yes, name:"C:\SERVICES\ni10839481_1_SHARE\ftproot\dayzstandalone\mpmissions\regular.namalsk\storage_1\data\building.bin"
 4:25:41.368 [CE][Storage] ver:26 stamp:47216, valid:yes, name:"C:\SERVICES\ni10839481_1_SHARE\ftproot\dayzstandalone\mpmissions\regular.namalsk\storage_1\data\building.001"
 4:25:41.369 [CE][Storage] ver:26 stamp:47217, valid:yes, name:"C:\SERVICES\ni10839481_1_SHARE\ftproot\dayzstandalone\mpmissions\regular.namalsk\storage_1\data\building.002"
 4:25:41.369 [CE][Storage] Restoring file "C:\SERVICES\ni10839481_1_SHARE\ftproot\dayzstandalone\mpmissions\regular.namalsk\storage_1\data\building.bin" 0 items.
 4:25:41.369   0 items loaded. (0 failed)
 4:25:41.371 [CE][Storage] ver:25 stamp:48645, valid:yes, name:"C:\SERVICES\ni10839481_1_SHARE\ftproot\dayzstandalone\mpmissions\regular.namalsk\storage_1\data\vehicles.bin"
 4:25:41.373 [CE][Storage] ver:25 stamp:47216, valid:yes, name:"C:\SERVICES\ni10839481_1_SHARE\ftproot\dayzstandalone\mpmissions\regular.namalsk\storage_1\data\vehicles.001"
 4:25:41.375 [CE][Storage] ver:25 stamp:47217, valid:yes, name:"C:\SERVICES\ni10839481_1_SHARE\ftproot\dayzstandalone\mpmissions\regular.namalsk\storage_1\data\vehicles.002"
 4:25:41.375 [CE][Storage] Restoring file "C:\SERVICES\ni10839481_1_SHARE\ftproot\dayzstandalone\mpmissions\regular.namalsk\storage_1\data\vehicles.bin" 54 items.
 4:25:41.561   54 items loaded. (0 failed)
 4:25:41.577 [CE][Hive] :: Storage load took:4.73 seconds, recovery stamp:48645
 4:25:41.577   entity: 8346, building: 0
 4:25:41.577   no lifetime: 8
 4:25:41.577   pathgraph's: 317
 4:25:41.581 [CE][Hive] :: Initializing ... 
 4:25:41.611 [CE][InitializeMap] :: initialized: 0
 4:25:41.611 [CE][Hive] :: Initializing spawners ... 
 4:25:41.612 [CE][LootRespawner] (PRIDummy) :: Initially (re)spawned:0, Nominal:6458, Total in Map: 5777 at 0 (sec)
 4:25:41.612   tests:0, repeats:0 fails:0, overtime:0
 4:25:44.452 [CE][DynEvent] :: 23 types
 4:25:44.452 [00] Loot
 4:25:44.452   Primary Spawner: "Loot", active: yes, repeat: 2
 4:25:44.452 [01] StaticMedDrop
 4:25:44.452   Primary Spawner: "Static", active: yes, repeat: 1
 4:25:44.452 [02] StaticLifeboat
 4:25:44.452   Primary Spawner: "Static", active: yes, repeat: 1
 4:25:44.452 [03] ItemWoodenPlanks
 4:25:44.452   Primary Spawner: "Item", active: yes, repeat: 1
 4:25:44.452 [04] TrajectoryStones
 4:25:44.452   Primary Spawner: "Trajectory", active: yes, repeat: 1
 4:25:44.452 [05] InfectedSanta
 4:25:44.452   Primary Spawner: "Infected", active: yes, repeat: 1
 4:25:44.452 [06] InfectedArmy
 4:25:44.452   Primary Spawner: "Infected", active: yes, repeat: 1
 4:25:44.452 [07] InfectedIndustrial
 4:25:44.452   Primary Spawner: "Infected", active: yes, repeat: 1
 4:25:44.452 [08] InfectedCivil
 4:25:44.452   Primary Spawner: "Infected", active: yes, repeat: 1
 4:25:44.452 [09] InfectedMedic
 4:25:44.452   Primary Spawner: "Infected", active: yes, repeat: 1
 4:25:44.452 [10] AnimalGoat
 4:25:44.452   Primary Spawner: "Animal", active: yes, repeat: 1
 4:25:44.452 [11] AnimalSheep
 4:25:44.452   Primary Spawner: "Animal", active: yes, repeat: 1
 4:25:44.452 [12] AnimalReindeer
 4:25:44.452   Primary Spawner: "Animal", active: yes, repeat: 1
 4:25:44.452 [13] AnimalWildBoar
 4:25:44.452   Primary Spawner: "Animal", active: yes, repeat: 1
 4:25:44.452 [14] AnimalWolf
 4:25:44.452   Primary Spawner: "Animal", active: yes, repeat: 1
 4:25:44.452 [15] AnimalBrownBear
 4:25:44.452   Primary Spawner: "Animal", active: yes, repeat: 1
 4:25:44.452 [16] AnimalPolarBear
 4:25:44.452   Primary Spawner: "Animal", active: yes, repeat: 1
 4:25:44.452 [17] AmbientFox
 4:25:44.452   Primary Spawner: "Ambient", active: yes, repeat: 1
 4:25:44.452 [18] AmbientHare
 4:25:44.452   Primary Spawner: "Ambient", active: yes, repeat: 1
 4:25:44.452 [19] VehicleRubberBoats
 4:25:44.452   Primary Spawner: "Vehicle", active: yes, repeat: 1
 4:25:44.452 [20] VehicleCivilianCars
 4:25:44.452   Primary Spawner: "Vehicle", active: yes, repeat: 1
 4:25:44.452 [21] VehicleTrucks
 4:25:44.452   Primary Spawner: "Vehicle", active: yes, repeat: 1
 4:25:44.452 [22] VehicleMilitary
 4:25:44.452   Primary Spawner: "Vehicle", active: yes, repeat: 1
 4:25:44.452 [CE][Hive] :: Initializing of spawners done.
 4:25:44.457 [CE][Hive] :: Init sequence finished.
 4:25:44.457 Player connect enabled
 4:25:44.820 [IdleMode] Entering IN - save processed
11:05:32.769 [Shutdown] Shutting down in 5400 seconds (90 minutes).
11:36:09.824 [Shutdown] Shutting down in 3600 seconds (60 minutes).
11:51:28.443 [Shutdown] Shutting down in 2700 seconds (45 minutes).
12:06:46.332 [Shutdown] Shutting down in 1800 seconds (30 minutes).
12:16:59.714 [Shutdown] Shutting down in 1200 seconds (20 minutes).
12:22:05.942 [Shutdown] Shutting down in 900 seconds (15 minutes).
12:27:12.417 [Shutdown] Shutting down in 600 seconds (10 minutes).
12:32:18.936 [Shutdown] Shutting down in 300 seconds (5 minutes).
12:33:20.139 [Shutdown] Shutting down in 240 seconds (4 minutes).
12:34:21.367 [Shutdown] Shutting down in 180 seconds (3 minutes).
12:35:22.561 [Shutdown] Shutting down in 120 seconds (2 minutes).
12:36:23.812 [Shutdown] Shutting down in 60 seconds (1 minutes).
12:36:23.906 [Shutdown] Saving players, locking server and kicking all players.
12:37:25.102 [Server] :: termination in: 5
12:37:26.102 [Server] :: termination in: 4
12:37:27.103 [Server] :: termination in: 3
12:37:28.103 [Server] :: termination in: 2
12:37:29.103 [Server] :: termination in: 1
12:37:34.637  --- Termination successfully completed --- 
