=====================================================================
== C:\SERVICES\ni10839481_1_SHARE\ftproot\dayzstandalone\DayZServer_x64.exe
== "C:\SERVICES\ni10839481_1_SHARE\ftproot\dayzstandalone\DayZServer_x64.exe" -ip=85.190.162.236 -port=11200 -cpuCount=4 -limitFPS=100 -config=serverDZ.cfg "-mod=@Namalsk Survival;@Namalsk Island;@Zens Zombie Door Bangers;@Ear-Plugs;@Code Lock" -profiles=C:\SERVICES\ni10839481_1_SHARE\ftproot\dayzstandalone/config -BEPath=C:\SERVICES\ni10839481_1_SHARE\ftproot\dayzstandalone\battleye -noFilePatching -nologs -adminlog -freezecheck
=====================================================================
Exe timestamp: 2025/04/04 00:49:20
Current time:  2025/04/21 21:02:51
Version 1.27.159674
=====================================================================

21:02:51.700 [Inputs] Loading inputs default "bin/constants.xml"
21:02:51.723 [Inputs] Loading inputs default "bin/specific.xml"
21:02:51.727 [Inputs] Loading inputs default "EarPlugs/data/inputs.xml"
21:02:51.739 [Inputs] Loading inputs default "nst/ns_dayz/scripts/Data/Inputs.xml"
21:02:51.745 [Inputs] Loading inputs cfg "C:\SERVICES\ni10839481_1_SHARE\ftproot\dayzstandalone/config\Users\Survivor\Server.core.xml"
21:02:51.769 [Inputs] Exporting inputs cfg "C:\SERVICES\ni10839481_1_SHARE\ftproot\dayzstandalone/config\Users\Survivor\Server.core.xml"
21:03:15.517 Hostname of server: "Aid Station | Namalsk"
21:03:25.488 [CE][Hive] :: Initializing OFFLINE
21:03:25.489 [StorageDirs] :: Selected storage directory: C:\SERVICES\ni10839481_1_SHARE\ftproot\dayzstandalone\mpmissions\regular.namalsk\storage_1\
21:03:25.493 [CE][Hive] :: Loading core data ... 
21:03:25.496 [CE][CoreData] :: 8 root classes, 0 defaults, 0 updaters...
21:03:32.728 [CE] :: WARNING :: Preset map "headsFirefighter" is EMPTY.
21:03:32.730 [CE][TypeSetup] :: 599 classes setuped...
21:03:33.305 [CE][RegisterBind] :: 0 classes binded...
21:03:33.305 [CE][RegisterConfig] :: 5794 config classes registered, 0 sub-counters...
21:03:33.305 [CE][Hive] :: Loading map data ... 
21:03:33.354 [CE][LoadPrototype] :: loaded 256 prototypes
21:03:33.354   404 containers, 7415 points
21:03:33.354   1 dispatches, 1 proxies
21:03:33.354 !!! [CE][LoadPrototype] 1 groups have wrong points...
21:03:33.354 [CE][LoadPrototype] :: last group name: land_frozen_person...
21:03:33.361 [CE][LoadPrototype] :: loaded 0 prototypes
21:03:33.361   38 containers, 66 points
21:03:33.361   0 dispatches, 0 proxies
21:03:33.361 [CE][LoadPrototype] :: last group name: StoneLoc38...
21:03:33.425 [CE][LoadMap] "Group" :: loaded 1445 groups, groups failed: 0, largest group range: 36.4
21:03:33.428 [CE][LoadMap] "Dirt" :: loaded 0 groups, groups failed: 0, largest group range: 36.4
21:03:33.434 [CE][Links] found 472 total links between groups, of 1445
21:03:33.434 [CE][LoadClusters] "Cluster" :: Loading files...
21:03:33.448 [CE][LoadClusters] :: file: "mapgroupcluster.xml", 1 types, 2418 instances
21:03:33.450 [CE][Storage] ver:21 stamp:47197, valid:yes, name:"C:\SERVICES\ni10839481_1_SHARE\ftproot\dayzstandalone\mpmissions\regular.namalsk\storage_1\data\types.bin"
21:03:33.452 [CE][Storage] ver:21 stamp:47196, valid:yes, name:"C:\SERVICES\ni10839481_1_SHARE\ftproot\dayzstandalone\mpmissions\regular.namalsk\storage_1\data\types.001"
21:03:33.454 [CE][Storage] ver:21 stamp:47194, valid:yes, name:"C:\SERVICES\ni10839481_1_SHARE\ftproot\dayzstandalone\mpmissions\regular.namalsk\storage_1\data\types.002"
21:03:33.454 [CE][Storage] Restoring file "C:\SERVICES\ni10839481_1_SHARE\ftproot\dayzstandalone\mpmissions\regular.namalsk\storage_1\data\types.bin".
21:03:33.505 [CE][offlineDB] :: Loaded 23 dynamic events 177 total types.
21:03:33.532 !!! [CE][offlineDB] :: Type 'ChristmasTree' will be ignored. (Not spawnable. (Scope is not public?))
21:03:33.553 [CE][DE][SPAWNS] :: Total positions: 711
21:03:33.553 [CE][DE][GROUPS] :: Total eventgroups defined: 0, Eventgroups in use: 0
21:03:33.555 [CE][Storage] ver:25 stamp:47197, valid:yes, name:"C:\SERVICES\ni10839481_1_SHARE\ftproot\dayzstandalone\mpmissions\regular.namalsk\storage_1\data\events.bin"
21:03:33.556 [CE][Storage] ver:25 stamp:47196, valid:yes, name:"C:\SERVICES\ni10839481_1_SHARE\ftproot\dayzstandalone\mpmissions\regular.namalsk\storage_1\data\events.001"
21:03:33.557 [CE][Storage] ver:25 stamp:47194, valid:yes, name:"C:\SERVICES\ni10839481_1_SHARE\ftproot\dayzstandalone\mpmissions\regular.namalsk\storage_1\data\events.002"
21:03:33.557 [CE][Storage] Restoring file "C:\SERVICES\ni10839481_1_SHARE\ftproot\dayzstandalone\mpmissions\regular.namalsk\storage_1\data\events.bin".
21:03:33.557 [CE][DynamicEvent] Load  Events:[23] Primary spawners: 23 Secondary spawners: 0
21:03:33.558 [CE][Storage] ver:25 stamp:47197, valid:yes, name:"C:\SERVICES\ni10839481_1_SHARE\ftproot\dayzstandalone\mpmissions\regular.namalsk\storage_1\data\dynamic_000.bin"
21:03:33.559 [CE][Storage] ver:25 stamp:47196, valid:yes, name:"C:\SERVICES\ni10839481_1_SHARE\ftproot\dayzstandalone\mpmissions\regular.namalsk\storage_1\data\dynamic_000.001"
21:03:33.561 [CE][Storage] ver:25 stamp:47194, valid:yes, name:"C:\SERVICES\ni10839481_1_SHARE\ftproot\dayzstandalone\mpmissions\regular.namalsk\storage_1\data\dynamic_000.002"
21:03:33.561 [CE][Storage] Restoring file "C:\SERVICES\ni10839481_1_SHARE\ftproot\dayzstandalone\mpmissions\regular.namalsk\storage_1\data\dynamic_000.bin" 1 items.
21:03:33.562   1 items loaded. (0 failed)
21:03:33.563 [CE][Storage] ver:25 stamp:47197, valid:yes, name:"C:\SERVICES\ni10839481_1_SHARE\ftproot\dayzstandalone\mpmissions\regular.namalsk\storage_1\data\dynamic_001.bin"
21:03:33.565 [CE][Storage] ver:25 stamp:47196, valid:yes, name:"C:\SERVICES\ni10839481_1_SHARE\ftproot\dayzstandalone\mpmissions\regular.namalsk\storage_1\data\dynamic_001.001"
21:03:33.566 [CE][Storage] ver:25 stamp:47194, valid:yes, name:"C:\SERVICES\ni10839481_1_SHARE\ftproot\dayzstandalone\mpmissions\regular.namalsk\storage_1\data\dynamic_001.002"
21:03:33.566 [CE][Storage] Restoring file "C:\SERVICES\ni10839481_1_SHARE\ftproot\dayzstandalone\mpmissions\regular.namalsk\storage_1\data\dynamic_001.bin" 28 items.
21:03:33.640   28 items loaded. (0 failed)
21:03:33.643 [CE][Storage] ver:25 stamp:47197, valid:yes, name:"C:\SERVICES\ni10839481_1_SHARE\ftproot\dayzstandalone\mpmissions\regular.namalsk\storage_1\data\dynamic_002.bin"
21:03:33.645 [CE][Storage] ver:25 stamp:47196, valid:yes, name:"C:\SERVICES\ni10839481_1_SHARE\ftproot\dayzstandalone\mpmissions\regular.namalsk\storage_1\data\dynamic_002.001"
21:03:33.646 [CE][Storage] ver:25 stamp:47194, valid:yes, name:"C:\SERVICES\ni10839481_1_SHARE\ftproot\dayzstandalone\mpmissions\regular.namalsk\storage_1\data\dynamic_002.002"
21:03:33.646 [CE][Storage] Restoring file "C:\SERVICES\ni10839481_1_SHARE\ftproot\dayzstandalone\mpmissions\regular.namalsk\storage_1\data\dynamic_002.bin" 65 items.
21:03:33.751   65 items loaded. (0 failed)
21:03:33.752 [CE][Storage] ver:25 stamp:47197, valid:yes, name:"C:\SERVICES\ni10839481_1_SHARE\ftproot\dayzstandalone\mpmissions\regular.namalsk\storage_1\data\dynamic_003.bin"
21:03:33.754 [CE][Storage] ver:25 stamp:47196, valid:yes, name:"C:\SERVICES\ni10839481_1_SHARE\ftproot\dayzstandalone\mpmissions\regular.namalsk\storage_1\data\dynamic_003.001"
21:03:33.757 !!! [CE][Storage] Failed to read [Storage] data file "C:\SERVICES\ni10839481_1_SHARE\ftproot\dayzstandalone\mpmissions\regular.namalsk\storage_1\data\dynamic_003.002".
21:03:33.757   File not closed...
21:03:33.757 [CE][Storage] ver:25 stamp:47197, valid:NO, name:"C:\SERVICES\ni10839481_1_SHARE\ftproot\dayzstandalone\mpmissions\regular.namalsk\storage_1\data\dynamic_003.002"
21:03:33.757 [CE][Storage] Restoring file "C:\SERVICES\ni10839481_1_SHARE\ftproot\dayzstandalone\mpmissions\regular.namalsk\storage_1\data\dynamic_003.bin" 736 items.
21:03:34.727   736 items loaded. (0 failed)
21:03:34.740 [CE][Storage] ver:25 stamp:47197, valid:yes, name:"C:\SERVICES\ni10839481_1_SHARE\ftproot\dayzstandalone\mpmissions\regular.namalsk\storage_1\data\dynamic_004.bin"
21:03:34.750 [CE][Storage] ver:25 stamp:47196, valid:yes, name:"C:\SERVICES\ni10839481_1_SHARE\ftproot\dayzstandalone\mpmissions\regular.namalsk\storage_1\data\dynamic_004.001"
21:03:34.761 [CE][Storage] ver:25 stamp:47197, valid:yes, name:"C:\SERVICES\ni10839481_1_SHARE\ftproot\dayzstandalone\mpmissions\regular.namalsk\storage_1\data\dynamic_004.002"
21:03:34.761 [CE][Storage] Restoring file "C:\SERVICES\ni10839481_1_SHARE\ftproot\dayzstandalone\mpmissions\regular.namalsk\storage_1\data\dynamic_004.bin" 1659 items.
21:03:35.976   1659 items loaded. (0 failed)
21:03:35.978 [CE][Storage] ver:25 stamp:47197, valid:yes, name:"C:\SERVICES\ni10839481_1_SHARE\ftproot\dayzstandalone\mpmissions\regular.namalsk\storage_1\data\dynamic_005.bin"
21:03:35.980 [CE][Storage] ver:25 stamp:47196, valid:yes, name:"C:\SERVICES\ni10839481_1_SHARE\ftproot\dayzstandalone\mpmissions\regular.namalsk\storage_1\data\dynamic_005.001"
21:03:35.982 [CE][Storage] ver:25 stamp:47197, valid:yes, name:"C:\SERVICES\ni10839481_1_SHARE\ftproot\dayzstandalone\mpmissions\regular.namalsk\storage_1\data\dynamic_005.002"
21:03:35.982 [CE][Storage] Restoring file "C:\SERVICES\ni10839481_1_SHARE\ftproot\dayzstandalone\mpmissions\regular.namalsk\storage_1\data\dynamic_005.bin" 742 items.
21:03:37.370   742 items loaded. (0 failed)
21:03:37.372 [CE][Storage] ver:25 stamp:47197, valid:yes, name:"C:\SERVICES\ni10839481_1_SHARE\ftproot\dayzstandalone\mpmissions\regular.namalsk\storage_1\data\dynamic_006.bin"
21:03:37.374 [CE][Storage] ver:25 stamp:47196, valid:yes, name:"C:\SERVICES\ni10839481_1_SHARE\ftproot\dayzstandalone\mpmissions\regular.namalsk\storage_1\data\dynamic_006.001"
21:03:37.375 [CE][Storage] ver:25 stamp:47197, valid:yes, name:"C:\SERVICES\ni10839481_1_SHARE\ftproot\dayzstandalone\mpmissions\regular.namalsk\storage_1\data\dynamic_006.002"
21:03:37.376 [CE][Storage] Restoring file "C:\SERVICES\ni10839481_1_SHARE\ftproot\dayzstandalone\mpmissions\regular.namalsk\storage_1\data\dynamic_006.bin" 1701 items.
21:03:38.154   1701 items loaded. (0 failed)
21:03:38.156 [CE][Storage] ver:25 stamp:47197, valid:yes, name:"C:\SERVICES\ni10839481_1_SHARE\ftproot\dayzstandalone\mpmissions\regular.namalsk\storage_1\data\dynamic_007.bin"
21:03:38.158 [CE][Storage] ver:25 stamp:47196, valid:yes, name:"C:\SERVICES\ni10839481_1_SHARE\ftproot\dayzstandalone\mpmissions\regular.namalsk\storage_1\data\dynamic_007.001"
21:03:38.160 [CE][Storage] ver:25 stamp:47197, valid:yes, name:"C:\SERVICES\ni10839481_1_SHARE\ftproot\dayzstandalone\mpmissions\regular.namalsk\storage_1\data\dynamic_007.002"
21:03:38.160 [CE][Storage] Restoring file "C:\SERVICES\ni10839481_1_SHARE\ftproot\dayzstandalone\mpmissions\regular.namalsk\storage_1\data\dynamic_007.bin" 592 items.
21:03:38.422   592 items loaded. (0 failed)
21:03:38.424 [CE][Storage] ver:25 stamp:47197, valid:yes, name:"C:\SERVICES\ni10839481_1_SHARE\ftproot\dayzstandalone\mpmissions\regular.namalsk\storage_1\data\dynamic_008.bin"
21:03:38.425 [CE][Storage] ver:25 stamp:47196, valid:yes, name:"C:\SERVICES\ni10839481_1_SHARE\ftproot\dayzstandalone\mpmissions\regular.namalsk\storage_1\data\dynamic_008.001"
21:03:38.427 [CE][Storage] ver:25 stamp:47197, valid:yes, name:"C:\SERVICES\ni10839481_1_SHARE\ftproot\dayzstandalone\mpmissions\regular.namalsk\storage_1\data\dynamic_008.002"
21:03:38.427 [CE][Storage] Restoring file "C:\SERVICES\ni10839481_1_SHARE\ftproot\dayzstandalone\mpmissions\regular.namalsk\storage_1\data\dynamic_008.bin" 125 items.
21:03:38.482   125 items loaded. (0 failed)
21:03:38.483 [CE][Storage] ver:25 stamp:47197, valid:yes, name:"C:\SERVICES\ni10839481_1_SHARE\ftproot\dayzstandalone\mpmissions\regular.namalsk\storage_1\data\dynamic_009.bin"
21:03:38.484 [CE][Storage] ver:25 stamp:47196, valid:yes, name:"C:\SERVICES\ni10839481_1_SHARE\ftproot\dayzstandalone\mpmissions\regular.namalsk\storage_1\data\dynamic_009.001"
21:03:38.485 [CE][Storage] ver:25 stamp:47197, valid:yes, name:"C:\SERVICES\ni10839481_1_SHARE\ftproot\dayzstandalone\mpmissions\regular.namalsk\storage_1\data\dynamic_009.002"
21:03:38.485 [CE][Storage] Restoring file "C:\SERVICES\ni10839481_1_SHARE\ftproot\dayzstandalone\mpmissions\regular.namalsk\storage_1\data\dynamic_009.bin" 0 items.
21:03:38.485   0 items loaded. (0 failed)
21:03:38.486 [CE][Storage] ver:25 stamp:47197, valid:yes, name:"C:\SERVICES\ni10839481_1_SHARE\ftproot\dayzstandalone\mpmissions\regular.namalsk\storage_1\data\dynamic_010.bin"
21:03:38.488 [CE][Storage] ver:25 stamp:47196, valid:yes, name:"C:\SERVICES\ni10839481_1_SHARE\ftproot\dayzstandalone\mpmissions\regular.namalsk\storage_1\data\dynamic_010.001"
21:03:38.489 [CE][Storage] ver:25 stamp:47197, valid:yes, name:"C:\SERVICES\ni10839481_1_SHARE\ftproot\dayzstandalone\mpmissions\regular.namalsk\storage_1\data\dynamic_010.002"
21:03:38.489 [CE][Storage] Restoring file "C:\SERVICES\ni10839481_1_SHARE\ftproot\dayzstandalone\mpmissions\regular.namalsk\storage_1\data\dynamic_010.bin" 37 items.
21:03:38.512   37 items loaded. (0 failed)
21:03:38.513 [CE][Storage] ver:25 stamp:47197, valid:yes, name:"C:\SERVICES\ni10839481_1_SHARE\ftproot\dayzstandalone\mpmissions\regular.namalsk\storage_1\data\dynamic_011.bin"
21:03:38.514 [CE][Storage] ver:25 stamp:47196, valid:yes, name:"C:\SERVICES\ni10839481_1_SHARE\ftproot\dayzstandalone\mpmissions\regular.namalsk\storage_1\data\dynamic_011.001"
21:03:38.515 [CE][Storage] ver:25 stamp:47197, valid:yes, name:"C:\SERVICES\ni10839481_1_SHARE\ftproot\dayzstandalone\mpmissions\regular.namalsk\storage_1\data\dynamic_011.002"
21:03:38.516 [CE][Storage] Restoring file "C:\SERVICES\ni10839481_1_SHARE\ftproot\dayzstandalone\mpmissions\regular.namalsk\storage_1\data\dynamic_011.bin" 39 items.
21:03:38.545   39 items loaded. (0 failed)
21:03:38.546 [CE][Storage] ver:26 stamp:47197, valid:yes, name:"C:\SERVICES\ni10839481_1_SHARE\ftproot\dayzstandalone\mpmissions\regular.namalsk\storage_1\data\building.bin"
21:03:38.547 [CE][Storage] ver:26 stamp:47196, valid:yes, name:"C:\SERVICES\ni10839481_1_SHARE\ftproot\dayzstandalone\mpmissions\regular.namalsk\storage_1\data\building.001"
21:03:38.548 [CE][Storage] ver:26 stamp:47194, valid:yes, name:"C:\SERVICES\ni10839481_1_SHARE\ftproot\dayzstandalone\mpmissions\regular.namalsk\storage_1\data\building.002"
21:03:38.548 [CE][Storage] Restoring file "C:\SERVICES\ni10839481_1_SHARE\ftproot\dayzstandalone\mpmissions\regular.namalsk\storage_1\data\building.bin" 0 items.
21:03:38.548   0 items loaded. (0 failed)
21:03:38.550 [CE][Storage] ver:25 stamp:47197, valid:yes, name:"C:\SERVICES\ni10839481_1_SHARE\ftproot\dayzstandalone\mpmissions\regular.namalsk\storage_1\data\vehicles.bin"
21:03:38.551 [CE][Storage] ver:25 stamp:47196, valid:yes, name:"C:\SERVICES\ni10839481_1_SHARE\ftproot\dayzstandalone\mpmissions\regular.namalsk\storage_1\data\vehicles.001"
21:03:38.553 [CE][Storage] ver:25 stamp:47194, valid:yes, name:"C:\SERVICES\ni10839481_1_SHARE\ftproot\dayzstandalone\mpmissions\regular.namalsk\storage_1\data\vehicles.002"
21:03:38.553 [CE][Storage] Restoring file "C:\SERVICES\ni10839481_1_SHARE\ftproot\dayzstandalone\mpmissions\regular.namalsk\storage_1\data\vehicles.bin" 56 items.
21:03:38.786   56 items loaded. (0 failed)
21:03:38.803 [CE][Hive] :: Storage load took:5.25 seconds, recovery stamp:47197
21:03:38.803   entity: 8399, building: 0
21:03:38.803   no lifetime: 14
21:03:38.803   pathgraph's: 321
21:03:38.805 [CE][Hive] :: Initializing ... 
21:03:38.840 [CE][InitializeMap] :: initialized: 0
21:03:38.840 [CE][Hive] :: Initializing spawners ... 
21:03:38.840 [CE][LootRespawner] (PRIDummy) :: Initially (re)spawned:0, Nominal:6458, Total in Map: 5824 at 0 (sec)
21:03:38.840   tests:0, repeats:0 fails:0, overtime:0
21:03:42.64 [CE][DynEvent] :: 23 types
21:03:42.64 [00] Loot
21:03:42.64   Primary Spawner: "Loot", active: yes, repeat: 2
21:03:42.64 [01] StaticMedDrop
21:03:42.64   Primary Spawner: "Static", active: yes, repeat: 1
21:03:42.64 [02] StaticLifeboat
21:03:42.64   Primary Spawner: "Static", active: yes, repeat: 1
21:03:42.64 [03] ItemWoodenPlanks
21:03:42.64   Primary Spawner: "Item", active: yes, repeat: 1
21:03:42.64 [04] TrajectoryStones
21:03:42.64   Primary Spawner: "Trajectory", active: yes, repeat: 1
21:03:42.64 [05] InfectedSanta
21:03:42.64   Primary Spawner: "Infected", active: yes, repeat: 1
21:03:42.64 [06] InfectedArmy
21:03:42.64   Primary Spawner: "Infected", active: yes, repeat: 1
21:03:42.64 [07] InfectedIndustrial
21:03:42.64   Primary Spawner: "Infected", active: yes, repeat: 1
21:03:42.64 [08] InfectedCivil
21:03:42.64   Primary Spawner: "Infected", active: yes, repeat: 1
21:03:42.64 [09] InfectedMedic
21:03:42.64   Primary Spawner: "Infected", active: yes, repeat: 1
21:03:42.64 [10] AnimalGoat
21:03:42.64   Primary Spawner: "Animal", active: yes, repeat: 1
21:03:42.64 [11] AnimalSheep
21:03:42.64   Primary Spawner: "Animal", active: yes, repeat: 1
21:03:42.64 [12] AnimalReindeer
21:03:42.64   Primary Spawner: "Animal", active: yes, repeat: 1
21:03:42.64 [13] AnimalWildBoar
21:03:42.64   Primary Spawner: "Animal", active: yes, repeat: 1
21:03:42.64 [14] AnimalWolf
21:03:42.64   Primary Spawner: "Animal", active: yes, repeat: 1
21:03:42.64 [15] AnimalBrownBear
21:03:42.64   Primary Spawner: "Animal", active: yes, repeat: 1
21:03:42.64 [16] AnimalPolarBear
21:03:42.64   Primary Spawner: "Animal", active: yes, repeat: 1
21:03:42.64 [17] AmbientFox
21:03:42.64   Primary Spawner: "Ambient", active: yes, repeat: 1
21:03:42.64 [18] AmbientHare
21:03:42.64   Primary Spawner: "Ambient", active: yes, repeat: 1
21:03:42.64 [19] VehicleRubberBoats
21:03:42.64   Primary Spawner: "Vehicle", active: yes, repeat: 1
21:03:42.64 [20] VehicleCivilianCars
21:03:42.64   Primary Spawner: "Vehicle", active: yes, repeat: 1
21:03:42.64 [21] VehicleTrucks
21:03:42.64   Primary Spawner: "Vehicle", active: yes, repeat: 1
21:03:42.64 [22] VehicleMilitary
21:03:42.64   Primary Spawner: "Vehicle", active: yes, repeat: 1
21:03:42.64 [CE][Hive] :: Initializing of spawners done.
21:03:42.71 [CE][Hive] :: Init sequence finished.
21:03:42.71 Player connect enabled
21:03:42.486 [IdleMode] Entering IN - save processed
21:04:46.753 [Login]: Adding player SamGeekMan (1123143637) to login queue at position 0
21:04:46.753 [LoginMachine]: Add player SamGeekMan (1123143637 84.68.73.155:50650)
21:04:46.753 [StateMachine]: Player SamGeekMan (dpnid 1123143637 uid ) Entering AuthPlayerLoginState
21:04:46.901 [StateMachine]: Player SamGeekMan (dpnid 1123143637 uid ) Entering WaitAuthPlayerLoginState
21:04:49.350 Player SamGeekMan (id=EjyaR_evG3jSSz8VDJwqD2Jq7_Uz-Rfb4H6R-me5X0g=) has connected.
21:04:49.350 Player "SamGeekMan"(steamID=76561198025089838) is connected
21:04:49.358 [StateMachine]: Player SamGeekMan (dpnid 1123143637 uid ) Entering WaitPlayerAssignedLoginState
21:04:50.31 [IdleMode] Leaving OUT
21:04:50.907 [StateMachine]: Player SamGeekMan (dpnid 1123143637 uid ) Entering PlayerAssignedLoginState
21:04:50.917 [StateMachine]: Player SamGeekMan (dpnid 1123143637 uid EjyaR_evG3jSSz8VDJwqD2Jq7_Uz-Rfb4H6R-me5X0g=) Entering DBGetLoginTimeLoginState
21:04:50.938 [StateMachine]: Player SamGeekMan (dpnid 1123143637 uid EjyaR_evG3jSSz8VDJwqD2Jq7_Uz-Rfb4H6R-me5X0g=) Entering DBWaitLoginTimeLoginState
21:05:05.946 [StateMachine]: Player SamGeekMan (dpnid 1123143637 uid EjyaR_evG3jSSz8VDJwqD2Jq7_Uz-Rfb4H6R-me5X0g=) Entering DBGetCharacterLoginState
21:05:05.966 [StateMachine]: Player SamGeekMan (dpnid 1123143637 uid EjyaR_evG3jSSz8VDJwqD2Jq7_Uz-Rfb4H6R-me5X0g=) Entering CreateNetObjectsLoginState
21:05:05.980 [StateMachine]: Player SamGeekMan (dpnid 1123143637 uid EjyaR_evG3jSSz8VDJwqD2Jq7_Uz-Rfb4H6R-me5X0g=) Entering PreloadCamLoginState
21:05:05.987 [StateMachine]: Player SamGeekMan (dpnid 1123143637 uid EjyaR_evG3jSSz8VDJwqD2Jq7_Uz-Rfb4H6R-me5X0g=) Entering WaitPreloadCamLoginState
21:05:09.87 [StateMachine]: Player SamGeekMan (dpnid 1123143637 uid EjyaR_evG3jSSz8VDJwqD2Jq7_Uz-Rfb4H6R-me5X0g=) Entering GetLoadedCharLoginState
21:05:13.314 <LOAD EXISTING CHAR>:
    charID 1
    playerID 1
    dpnid 1123143637
    uid EjyaR_evG3jSSz8VDJwqD2Jq7_Uz-Rfb4H6R-me5X0g=
21:05:17.27 [CE][LootRespawner] (PRIDummy) :: Item [0] is hard to place, performance drops: "MetalPlate"
21:05:17.135 [CE][LootRespawner] (PRIDummy) :: Item [1] is hard to place, performance drops: "Bandana_Greenpattern"
21:05:17.239 [CE][LootRespawner] (PRIDummy) :: Item [2] is hard to place, performance drops: "Offroad_02_Wheel"
21:05:17.239 [CE][LootRespawner] (PRIDummy) :: Item [3] is hard to place, performance drops: "Offroad_02_Wheel"
21:05:17.444 [CE][LootRespawner] (PRIDummy) :: Item [4] is hard to place, performance drops: "TireRepairKit"
21:05:18.381 [CE][LootRespawner] (PRIDummy) :: Item [5] is hard to place, performance drops: "BomberJacket_SkyBlue"
21:05:18.792 [CE][LootRespawner] (PRIDummy) :: Item [6] is hard to place, performance drops: "HuntingVest"
21:05:44.710 [CE][LootRespawner] (PRIDummy) :: Item [7] is hard to place, performance drops: "BurlapSack"
21:06:12.362 [CE][LootRespawner] (PRIDummy) :: Item [8] is hard to place, performance drops: "Sweater_Blue"
21:06:13.912 [CE][LootRespawner] (PRIDummy) :: Item [0] causing search overtime: "dzn_blueprint_lehs"
21:06:27.643 [Disconnect]: Start script disconnect 1123143637 (dbCharacterId 1 dbPlayerId 1) logoutTime 15
21:06:42.651 [Disconnect]: Finish script disconnect 1123143637 (EjyaR_evG3jSSz8VDJwqD2Jq7_Uz-Rfb4H6R-me5X0g=)
21:06:42.652 [Disconnect]: DisconnectPlayerFinish 1123143637
21:06:42.787 [Disconnect]: Remove player info 1123143637
21:06:42.797 [Disconnect]: Player destroy 1123143637 
21:07:08.441 [CE][LootRespawner] (PRIDummy) :: Item [9] is hard to place, performance drops: "Shemag_White"
21:07:08.852 [CE][LootRespawner] (PRIDummy) :: Item [10] is hard to place, performance drops: "MotoHelmet_Red"
21:07:09.574 [CE][LootRespawner] (PRIDummy) :: Item [1] causing search overtime: "FirefightersHelmet_White"
21:07:35.933 [CE][LootRespawner] (PRIDummy) :: Item [11] is hard to place, performance drops: "CanisterGasoline"
21:07:35.933 [CE][LootRespawner] (PRIDummy) :: Item [12] is hard to place, performance drops: "CanisterGasoline"
21:07:35.933 [CE][LootRespawner] (PRIDummy) :: Item [13] is hard to place, performance drops: "CanisterGasoline"
21:07:36.959 [CE][LootRespawner] (PRIDummy) :: Item [14] is hard to place, performance drops: "HuntingVest_Winter"
21:07:37.374 [CE][LootRespawner] (PRIDummy) :: Item [15] is hard to place, performance drops: "GorkaEJacket_Summer"
21:07:37.476 [CE][LootRespawner] (PRIDummy) :: Item [16] is hard to place, performance drops: "CargoPants_Blue"
21:07:38.204 [CE][Links] found 0 total links between groups, of 1
21:07:38.204 [CE][SpawnRandomLoot] (StaticMedDrop) :: Type: Misc_cargo_cont_net1, lootmin: 4, lootmax: 6, wanted: 4, deloot: 2, containermaxsum: 6
21:07:47.436 [IdleMode] Entering IN - save processed
 3:49:48.925 [Shutdown] Shutting down in 5400 seconds (90 minutes).
 4:20:56.235 [Shutdown] Shutting down in 3600 seconds (60 minutes).
 4:24:29.85  --- Termination successfully completed --- 
