---------------------------------------------
Log C:\SERVICES\ni10839481_1_SHARE\ftproot\dayzstandalone\config\script_2025-05-14_04-24-54.log started at 14.05. 04:24:59

SCRIPT       : Registered 308 temporary action enum(s), UAN==308
SCRIPT    (W): @"CodeLock/scripts/3_game/dayzgame.c,13": FIX-ME: Method argument can't be strong reference
SCRIPT       : ... Backlit Effects Enabled
SCRIPT    (W): @"CodeLock/scripts/4_world/entities\codelock.c,308": FIX-ME: Method argument can't be strong reference
SCRIPT    (W): @"CodeLock/scripts/4_world/gui\setcodemenu.c,31": FIX-ME: Overriding function 'CheckState' but not marked as 'override'
SCRIPT    (W): @"CodeLock/scripts/4_world/pluginmanager\pluginbase\permissions\codelockpermissionmanager.c,46": FIX-ME: Method argument can't be strong reference
SCRIPT    (W): @"CodeLock/scripts/4_world/gui\guestcodemenu.c,29": FIX-ME: Overriding function 'SendRPC' but not marked as 'override'
SCRIPT    (W): @"CodeLock/scripts/4_world/gui\claimcodemenu.c,27": FIX-ME: Overriding function 'SendRPC' but not marked as 'override'
SCRIPT    (W): @"CodeLock/scripts/4_world/gui\entercodemenu.c,37": FIX-ME: Overriding function 'SendRPC' but not marked as 'override'
SCRIPT    (W): @"CodeLock/scripts/4_world/actions\continuous\actiondestroycodelockontent.c,73": Possible variable name conflict '_Health'
SCRIPT    (W): @"CodeLock/scripts/4_world/actions\continuous\actiondestroycodelockonfence.c,67": Possible variable name conflict '_Health'
SCRIPT       : [Namalsk][NamEventManager]: Next selection will occur in 877 seconds
SCRIPT       : [Namalsk][NamEventManager]: NamEventManager is now running
SCRIPT       : [Namalsk][NamEventManager]: Trying to select a new event...
SCRIPT       : [Namalsk][NamEventManager]: Starting event ExtremeCold
SCRIPT       : [Namalsk][ExtremeCold]: init: 100 (sec), mid: 1153.6 (sec), end: 100 (sec), TempDrop: -5.05197 (C)
SCRIPT       : [Namalsk][NamEventManager]: ExtremeCold: Phase Length 100
SCRIPT       : [Namalsk][NamEventManager]: Next selection will occur in 985 seconds
SCRIPT       : [Namalsk][NamEventManager]: ExtremeCold: Phase Length 1153.6
SCRIPT       : [Namalsk][NamEventManager]: Trying to select a new event...
SCRIPT       : [Namalsk][NamEventManager]: Starting event Aurora
SCRIPT       : [Namalsk][NamEventManager]: Aurora: Phase Length 60
SCRIPT       : [Namalsk][NamEventManager]: Next selection will occur in 629 seconds
SCRIPT       : [Namalsk][NamEventManager]: Aurora: Phase Length 1168.72
SCRIPT       : [Namalsk][NamEventManager]: ExtremeCold: Phase Length 100
SCRIPT       : [Namalsk][NamEventManager]: ExtremeCold: Phase Length 0
SCRIPT       : [Namalsk][NamEventManager]: Trying to select a new event...
SCRIPT       : [Namalsk][NamEventManager]: Starting event ExtremeCold
SCRIPT       : [Namalsk][ExtremeCold]: init: 100 (sec), mid: 1056.51 (sec), end: 100 (sec), TempDrop: -4.24738 (C)
SCRIPT       : [Namalsk][NamEventManager]: ExtremeCold: Phase Length 100
SCRIPT       : [Namalsk][NamEventManager]: Next selection will occur in 844 seconds
SCRIPT       : [Namalsk][NamEventManager]: ExtremeCold: Phase Length 1056.51
SCRIPT       : [Namalsk][NamEventManager]: Aurora: Phase Length 60
SCRIPT       : [Namalsk][NamEventManager]: Aurora: Phase Length 0
SCRIPT       : [Namalsk][NamEventManager]: Trying to select a new event...
SCRIPT       : [Namalsk][NamEventManager]: Starting event Aurora
SCRIPT       : [Namalsk][NamEventManager]: Aurora: Phase Length 60
SCRIPT       : [Namalsk][NamEventManager]: Next selection will occur in 805 seconds
SCRIPT       : [Namalsk][NamEventManager]: Aurora: Phase Length 942.573
SCRIPT       : [Namalsk][NamEventManager]: ExtremeCold: Phase Length 100
SCRIPT       : [Namalsk][NamEventManager]: ExtremeCold: Phase Length 0
SCRIPT       : [Namalsk][NamEventManager]: Trying to select a new event...
SCRIPT       : [Namalsk][NamEventManager]: Starting event SnowfallE
SCRIPT       : [Namalsk][NamEventManager]: Could not run event Aurora because it conflicts with event Aurora...
SCRIPT       : [Namalsk][NamEventManager]: Next selection will occur in 837 seconds
SCRIPT       : [Namalsk][NamEventManager]: Aurora: Phase Length 60
SCRIPT       : [Namalsk][NamEventManager]: Aurora: Phase Length 0
SCRIPT       : [Namalsk][NamEventManager]: Trying to select a new event...
SCRIPT       : [Namalsk][NamEventManager]: Starting event Aurora
SCRIPT       : [Namalsk][NamEventManager]: Aurora: Phase Length 60
SCRIPT       : [Namalsk][NamEventManager]: Next selection will occur in 798 seconds
SCRIPT       : [Namalsk][NamEventManager]: Aurora: Phase Length 1123.81
SCRIPT       : [Namalsk][NamEventManager]: Trying to select a new event...
SCRIPT       : [Namalsk][NamEventManager]: Starting event Blizzard
SCRIPT       : [Namalsk][NamEventManager]: Could not run event Aurora because it conflicts with event Aurora...
SCRIPT       : [Namalsk][NamEventManager]: Next selection will occur in 859 seconds
SCRIPT       : [Namalsk][NamEventManager]: Aurora: Phase Length 60
SCRIPT       : [Namalsk][NamEventManager]: Aurora: Phase Length 0
SCRIPT       : [Namalsk][NamEventManager]: Trying to select a new event...
SCRIPT       : [Namalsk][NamEventManager]: Starting event HeavyFog
SCRIPT       : [Namalsk][NamEventManager]: HeavyFog: Phase Length 600
SCRIPT       : [Namalsk][NamEventManager]: Next selection will occur in 782 seconds
SCRIPT       : [Namalsk][NamEventManager]: HeavyFog: Phase Length 756.273
SCRIPT       : [Namalsk][NamEventManager]: Trying to select a new event...
SCRIPT       : [Namalsk][NamEventManager]: Starting event Aurora
SCRIPT       : [Namalsk][NamEventManager]: Aurora: Phase Length 60
SCRIPT       : [Namalsk][NamEventManager]: Next selection will occur in 877 seconds
SCRIPT       : [Namalsk][NamEventManager]: Aurora: Phase Length 1063.19
SCRIPT       : [Namalsk][NamEventManager]: HeavyFog: Phase Length 600
SCRIPT       : [Namalsk][NamEventManager]: Trying to select a new event...
SCRIPT       : [Namalsk][NamEventManager]: Could not start event as we reached the maximum event limit 2
SCRIPT       : [Namalsk][NamEventManager]: Next selection will occur in 845 seconds
SCRIPT       : [Namalsk][NamEventManager]: Aurora: Phase Length 60
SCRIPT       : [Namalsk][NamEventManager]: HeavyFog: Phase Length 0
SCRIPT       : [Namalsk][NamEventManager]: Aurora: Phase Length 0
SCRIPT       : [Namalsk][NamEventManager]: Trying to select a new event...
SCRIPT       : [Namalsk][NamEventManager]: Starting event SnowfallE
SCRIPT       : [Namalsk][SnowfallE]: init: 600 (sec), mid: 976.211 (sec), end: 600 (sec)
SCRIPT       : [Namalsk][NamEventManager]: SnowfallE: Phase Length 600
SCRIPT       : [Namalsk][NamEventManager]: Next selection will occur in 895 seconds
SCRIPT       : [Namalsk][NamEventManager]: SnowfallE: Phase Length 976.211
SCRIPT       : [Namalsk][NamEventManager]: Trying to select a new event...
SCRIPT       : [Namalsk][NamEventManager]: Starting event HeavyFog
SCRIPT       : [Namalsk][NamEventManager]: HeavyFog: Phase Length 600
SCRIPT       : [Namalsk][NamEventManager]: Next selection will occur in 574 seconds
SCRIPT       : [Namalsk][NamEventManager]: Trying to select a new event...
SCRIPT       : [Namalsk][NamEventManager]: Could not start event as we reached the maximum event limit 2
SCRIPT       : [Namalsk][NamEventManager]: Next selection will occur in 648 seconds
SCRIPT       : [Namalsk][NamEventManager]: HeavyFog: Phase Length 637.855
SCRIPT       : [Namalsk][NamEventManager]: SnowfallE: Phase Length 600
SCRIPT       : ---- PlayerBase OnStoreLoad SUCCESS ----
SCRIPT       : [Namalsk][NamEventManager]: Trying to select a new event...
SCRIPT       : [Namalsk][NamEventManager]: Could not start event as we reached the maximum event limit 2
SCRIPT       : [Namalsk][NamEventManager]: Next selection will occur in 610 seconds
SCRIPT       : [Namalsk][NamEventManager]: HeavyFog: Phase Length 600
SCRIPT       : [Namalsk][NamEventManager]: SnowfallE: Phase Length 0
SCRIPT       : [Namalsk][NamEventManager]: Trying to select a new event...
SCRIPT       : [Namalsk][NamEventManager]: Starting event Blizzard
SCRIPT       : [Namalsk][Blizzard]: init: 600 (sec), mid: 776.673 (sec), end: 600 (sec), TempDrop: -5.94048 (C)
SCRIPT       : [Namalsk][NamEventManager]: Blizzard: Phase Length 600
SCRIPT       : [Namalsk][NamEventManager]: Next selection will occur in 585 seconds
SCRIPT       : [Namalsk][NamEventManager]: HeavyFog: Phase Length 0
SCRIPT       : [Namalsk][NamEventManager]: Trying to select a new event...
SCRIPT       : [Namalsk][NamEventManager]: Starting event Aurora
SCRIPT       : [Namalsk][NamEventManager]: Aurora: Phase Length 60
SCRIPT       : [Namalsk][NamEventManager]: Next selection will occur in 784 seconds
SCRIPT       : [Namalsk][NamEventManager]: Blizzard: Phase Length 776.673
SCRIPT       : [inv] ReplaceItemWithNewLambdaBase Step B) remove OK, loc={ type=GROUND item=ShelterSite:8394 pos=(6280.04, 20.77, 9530.68) dir=(-6.03682e-08, -0.723302, 6.32331e-08, 0.690531) }
SCRIPT       : [Namalsk][NamEventManager]: Aurora: Phase Length 980.486
SCRIPT       : [Namalsk][NamEventManager]: Trying to select a new event...
SCRIPT       : [Namalsk][NamEventManager]: Could not start event as we reached the maximum event limit 2
SCRIPT       : [Namalsk][NamEventManager]: Next selection will occur in 954 seconds
SCRIPT       : [Namalsk][NamEventManager]: Blizzard: Phase Length 600
SCRIPT       : [Namalsk][NamEventManager]: Aurora: Phase Length 60
SCRIPT       : [Namalsk][NamEventManager]: Aurora: Phase Length 0
SCRIPT       : [Namalsk][NamEventManager]: Blizzard: Phase Length 0
SCRIPT       : [Namalsk][NamEventManager]: Trying to select a new event...
SCRIPT       : [Namalsk][NamEventManager]: Starting event SnowfallE
SCRIPT       : [Namalsk][SnowfallE]: init: 600 (sec), mid: 977.721 (sec), end: 600 (sec)
SCRIPT       : [Namalsk][NamEventManager]: SnowfallE: Phase Length 600
SCRIPT       : [Namalsk][NamEventManager]: Next selection will occur in 710 seconds
SCRIPT       : [inv] ReplaceItemWithNewLambdaBase Step B) remove OK, loc={ type=GROUND item=ShelterSite:5017 pos=(6280, 20.77, 9526.56) dir=(0, 0, 0, 1) }
SCRIPT       : [Namalsk][NamEventManager]: SnowfallE: Phase Length 977.721
SCRIPT       : [Namalsk][NamEventManager]: Trying to select a new event...
SCRIPT       : [Namalsk][NamEventManager]: Starting event EVRStorm
SCRIPT       : [Namalsk][EVRStorm]: InitPhaseServer
SCRIPT       : [Namalsk][NamEventManager]: EVRStorm: Phase Length 1080
SCRIPT       : [Namalsk][NamEventManager]: Next selection will occur in 859 seconds
SCRIPT       : [Namalsk][NamEventManager]: Trying to select a new event...
SCRIPT       : [Namalsk][NamEventManager]: Could not start event as we reached the maximum event limit 2
SCRIPT       : [Namalsk][NamEventManager]: Next selection will occur in 730 seconds
SCRIPT       : [Namalsk][NamEventManager]: SnowfallE: Phase Length 600
SCRIPT       : [Namalsk][EVRStorm]: MidPhaseServer
SCRIPT       : [Namalsk][NamEventManager]: EVRStorm: Phase Length 90
SCRIPT       : float m_Colour_SkyOrang = 0.23
SCRIPT       : [Namalsk][EVRStorm]: EndPhaseServer
SCRIPT       : [Namalsk][NamEventManager]: EVRStorm: Phase Length 220
SCRIPT       : [Namalsk][NamEventManager]: EVRStorm: Phase Length 0
SCRIPT       : [Namalsk][EVRStorm]: ~EVRStorm
SCRIPT       : [Namalsk][NamEventManager]: SnowfallE: Phase Length 0
SCRIPT       : [Namalsk][NamEventManager]: Trying to select a new event...
SCRIPT       : [Namalsk][NamEventManager]: Starting event Blizzard
SCRIPT       : [Namalsk][Blizzard]: init: 600 (sec), mid: 972.854 (sec), end: 600 (sec), TempDrop: -4.56569 (C)
SCRIPT       : [Namalsk][NamEventManager]: Blizzard: Phase Length 600
SCRIPT       : [Namalsk][NamEventManager]: Next selection will occur in 714 seconds
SCRIPT       : [Namalsk][NamEventManager]: Blizzard: Phase Length 972.854
SCRIPT       : [Namalsk][NamEventManager]: Trying to select a new event...
SCRIPT       : [Namalsk][NamEventManager]: Starting event Aurora
SCRIPT       : [Namalsk][NamEventManager]: Aurora: Phase Length 60
SCRIPT       : [Namalsk][NamEventManager]: Next selection will occur in 639 seconds
SCRIPT       : [Namalsk][NamEventManager]: Aurora: Phase Length 1196.09
SCRIPT       : [Namalsk][NamEventManager]: Trying to select a new event...
SCRIPT       : [Namalsk][NamEventManager]: Could not start event as we reached the maximum event limit 2
SCRIPT       : [Namalsk][NamEventManager]: Next selection will occur in 876 seconds
SCRIPT       : [Namalsk][NamEventManager]: Blizzard: Phase Length 600
SCRIPT       : [Namalsk][NamEventManager]: Aurora: Phase Length 60
SCRIPT       : [Namalsk][NamEventManager]: Aurora: Phase Length 0
SCRIPT       : [Namalsk][NamEventManager]: Blizzard: Phase Length 0
SCRIPT       : [Namalsk][NamEventManager]: Trying to select a new event...
SCRIPT       : [Namalsk][NamEventManager]: Starting event EVRStorm
SCRIPT       : [Namalsk][EVRStorm]: InitPhaseServer
SCRIPT       : [Namalsk][NamEventManager]: EVRStorm: Phase Length 1080
SCRIPT       : [Namalsk][NamEventManager]: Next selection will occur in 560 seconds
SCRIPT       : [inv] ReplaceItemWithNewLambdaBase Step B) remove OK, loc={ type=HANDS item=NailBox:6511 parent=SurvivorM_Peter:1:INSTANCETYPE_SERVER }
SCRIPT       : [Namalsk][NamEventManager]: Trying to select a new event...
SCRIPT       : [Namalsk][NamEventManager]: Starting event Aurora
SCRIPT       : [Namalsk][NamEventManager]: Aurora: Phase Length 60
SCRIPT       : [Namalsk][NamEventManager]: Next selection will occur in 810 seconds
SCRIPT       : [Namalsk][NamEventManager]: Aurora: Phase Length 1184.47
SCRIPT       : [Logout]: New player crMy59eA2TCfN-GyF37DMEBPOnJ1WTzWO02Rn7KwJLU= with logout time 15
SCRIPT       : [Logout]: Player crMy59eA2TCfN-GyF37DMEBPOnJ1WTzWO02Rn7KwJLU= finished
SCRIPT       : [Namalsk][EVRStorm]: MidPhaseServer
SCRIPT       : [Namalsk][NamEventManager]: EVRStorm: Phase Length 90
SCRIPT       : float m_Colour_SkyOrang = 0.23
SCRIPT       : [Namalsk][EVRStorm]: EndPhaseServer
SCRIPT       : [Namalsk][NamEventManager]: EVRStorm: Phase Length 220
SCRIPT       : [Namalsk][NamEventManager]: Trying to select a new event...
SCRIPT       : [Namalsk][NamEventManager]: Could not start event as we reached the maximum event limit 2
SCRIPT       : [Namalsk][NamEventManager]: Next selection will occur in 841 seconds
SCRIPT       : [Namalsk][NamEventManager]: EVRStorm: Phase Length 0
SCRIPT       : [Namalsk][EVRStorm]: ~EVRStorm
SCRIPT       : [Namalsk][NamEventManager]: Aurora: Phase Length 60
SCRIPT       : [Namalsk][NamEventManager]: Aurora: Phase Length 0
SCRIPT       : [Namalsk][NamEventManager]: Trying to select a new event...
SCRIPT       : [Namalsk][NamEventManager]: Starting event Aurora
SCRIPT       : [Namalsk][NamEventManager]: Aurora: Phase Length 60
SCRIPT       : [Namalsk][NamEventManager]: Next selection will occur in 982 seconds
SCRIPT       : [Namalsk][NamEventManager]: Aurora: Phase Length 932.099
SCRIPT       : [Namalsk][NamEventManager]: Trying to select a new event...
SCRIPT       : [Namalsk][NamEventManager]: Starting event ExtremeCold
SCRIPT       : [Namalsk][ExtremeCold]: init: 100 (sec), mid: 807.923 (sec), end: 100 (sec), TempDrop: -4.44697 (C)
SCRIPT       : [Namalsk][NamEventManager]: ExtremeCold: Phase Length 100
SCRIPT       : [Namalsk][NamEventManager]: Next selection will occur in 794 seconds
SCRIPT       : [Namalsk][NamEventManager]: Aurora: Phase Length 60
SCRIPT       : [Namalsk][NamEventManager]: Aurora: Phase Length 0
SCRIPT       : [Namalsk][NamEventManager]: ExtremeCold: Phase Length 807.923
SCRIPT       : [Namalsk][NamEventManager]: Trying to select a new event...
SCRIPT       : [Namalsk][NamEventManager]: Starting event SnowfallE
SCRIPT       : [Namalsk][SnowfallE]: init: 600 (sec), mid: 1070.24 (sec), end: 600 (sec)
SCRIPT       : [Namalsk][NamEventManager]: SnowfallE: Phase Length 600
SCRIPT       : [Namalsk][NamEventManager]: Next selection will occur in 734 seconds
SCRIPT       : [Namalsk][NamEventManager]: ExtremeCold: Phase Length 100
SCRIPT       : [Namalsk][NamEventManager]: ExtremeCold: Phase Length 0
SCRIPT       : [Namalsk][NamEventManager]: SnowfallE: Phase Length 1070.24
SCRIPT       : [Namalsk][NamEventManager]: Trying to select a new event...
SCRIPT       : [Namalsk][NamEventManager]: Starting event Aurora
SCRIPT       : [Namalsk][NamEventManager]: Aurora: Phase Length 60
SCRIPT       : [Namalsk][NamEventManager]: Next selection will occur in 862 seconds
SCRIPT       : [Namalsk][NamEventManager]: Aurora: Phase Length 1132.69
SCRIPT       : [Namalsk][NamEventManager]: Trying to select a new event...
SCRIPT       : [Namalsk][NamEventManager]: Could not start event as we reached the maximum event limit 2
SCRIPT       : [Namalsk][NamEventManager]: Next selection will occur in 694 seconds
SCRIPT       : [Namalsk][NamEventManager]: SnowfallE: Phase Length 600
SCRIPT       : [Namalsk][NamEventManager]: Aurora: Phase Length 60
SCRIPT       : [Namalsk][NamEventManager]: Aurora: Phase Length 0
SCRIPT       : [Namalsk][NamEventManager]: SnowfallE: Phase Length 0
SCRIPT       : [Namalsk][NamEventManager]: Trying to select a new event...
SCRIPT       : [Namalsk][NamEventManager]: Starting event Aurora
SCRIPT       : [Namalsk][NamEventManager]: Aurora: Phase Length 60
SCRIPT       : [Namalsk][NamEventManager]: Next selection will occur in 758 seconds
SCRIPT       : [Namalsk][NamEventManager]: Aurora: Phase Length 1121.35
SCRIPT       : [Namalsk][NamEventManager]: Trying to select a new event...
SCRIPT       : [Namalsk][NamEventManager]: Starting event Blizzard
SCRIPT       : [Namalsk][NamEventManager]: Could not run event Aurora because it conflicts with event Aurora...
SCRIPT       : [Namalsk][NamEventManager]: Next selection will occur in 664 seconds
SCRIPT       : ---- PlayerBase OnStoreLoad SUCCESS ----
SCRIPT       : [Namalsk][NamEventManager]: Aurora: Phase Length 60
SCRIPT       : [Namalsk][NamEventManager]: Aurora: Phase Length 0
SCRIPT       : [Namalsk][NamEventManager]: Trying to select a new event...
SCRIPT       : [Namalsk][NamEventManager]: Starting event Aurora
SCRIPT       : [Namalsk][NamEventManager]: Aurora: Phase Length 60
SCRIPT       : [Namalsk][NamEventManager]: Next selection will occur in 559 seconds
SCRIPT       : [Namalsk][NamEventManager]: Aurora: Phase Length 968.722
SCRIPT       : [Namalsk][NamEventManager]: Trying to select a new event...
SCRIPT       : [Namalsk][NamEventManager]: Starting event HeavyFog
SCRIPT       : [Namalsk][NamEventManager]: Could not run event Aurora because it conflicts with event Aurora...
SCRIPT       : [Namalsk][NamEventManager]: Next selection will occur in 606 seconds
SCRIPT       : [Namalsk][NamEventManager]: Aurora: Phase Length 60
SCRIPT       : [Namalsk][NamEventManager]: Aurora: Phase Length 0
SCRIPT       : [Namalsk][NamEventManager]: Trying to select a new event...
SCRIPT       : [Namalsk][NamEventManager]: Starting event ExtremeCold
SCRIPT       : [Namalsk][ExtremeCold]: init: 100 (sec), mid: 1135.11 (sec), end: 100 (sec), TempDrop: -4.21552 (C)
SCRIPT       : [Namalsk][NamEventManager]: ExtremeCold: Phase Length 100
SCRIPT       : [Namalsk][NamEventManager]: Next selection will occur in 901 seconds
SCRIPT       : [Namalsk][NamEventManager]: ExtremeCold: Phase Length 1135.11
SCRIPT       : [Namalsk][NamEventManager]: Trying to select a new event...
SCRIPT       : [Namalsk][NamEventManager]: Starting event Blizzard
SCRIPT       : [Namalsk][Blizzard]: init: 600 (sec), mid: 786.332 (sec), end: 600 (sec), TempDrop: -3.96701 (C)
SCRIPT       : [Namalsk][NamEventManager]: Blizzard: Phase Length 600
SCRIPT       : [Namalsk][NamEventManager]: Next selection will occur in 627 seconds
SCRIPT       : [Namalsk][NamEventManager]: ExtremeCold: Phase Length 100
SCRIPT       : [Namalsk][NamEventManager]: ExtremeCold: Phase Length 0
SCRIPT       : [Namalsk][NamEventManager]: Blizzard: Phase Length 786.332
SCRIPT       : [Namalsk][NamEventManager]: Trying to select a new event...
SCRIPT       : [Namalsk][NamEventManager]: Starting event HeavyFog
SCRIPT       : [Namalsk][NamEventManager]: HeavyFog: Phase Length 600
SCRIPT       : [Namalsk][NamEventManager]: Next selection will occur in 585 seconds
SCRIPT       : ---- PlayerBase OnStoreLoad SUCCESS ----
SCRIPT       : [inv] ReplaceItemWithNewLambdaBase Step B) remove OK, loc={ type=HANDS item=SpaghettiCan:14107 parent=SurvivorM_Denis:2:INSTANCETYPE_SERVER }
SCRIPT       : [Namalsk][NamEventManager]: Trying to select a new event...
SCRIPT       : [Namalsk][NamEventManager]: Could not start event as we reached the maximum event limit 2
SCRIPT       : [Namalsk][NamEventManager]: Next selection will occur in 929 seconds
SCRIPT       : [Logout]: New player DjwZqw2KuPoXgvsXA217ti6PB_NDTF4ydk54N7JPWNo= with logout time 0
SCRIPT       : [Logout]: New player crMy59eA2TCfN-GyF37DMEBPOnJ1WTzWO02Rn7KwJLU= with logout time 0
SCRIPT       : [Logout]: Player DjwZqw2KuPoXgvsXA217ti6PB_NDTF4ydk54N7JPWNo= finished
SCRIPT       : [Logout]: Player crMy59eA2TCfN-GyF37DMEBPOnJ1WTzWO02Rn7KwJLU= finished
SCRIPT       : [Namalsk][NamEventManager]: HeavyFog: Phase Length 707.95
SCRIPT       : ~DayZGame()
