---------------------------------------------
Log C:\SERVICES\ni10839481_1_SHARE\ftproot\dayzstandalone\config\script_2025-05-05_04-25-01.log started at 05.05. 04:25:06

SCRIPT       : Registered 308 temporary action enum(s), UAN==308
SCRIPT    (W): @"CodeLock/scripts/3_game/dayzgame.c,13": FIX-ME: Method argument can't be strong reference
SCRIPT       : ... Backlit Effects Enabled
SCRIPT    (W): @"CodeLock/scripts/4_world/entities\codelock.c,308": FIX-ME: Method argument can't be strong reference
SCRIPT    (W): @"CodeLock/scripts/4_world/gui\setcodemenu.c,31": FIX-ME: Overriding function 'CheckState' but not marked as 'override'
SCRIPT    (W): @"CodeLock/scripts/4_world/pluginmanager\pluginbase\permissions\codelockpermissionmanager.c,46": FIX-ME: Method argument can't be strong reference
SCRIPT    (W): @"CodeLock/scripts/4_world/gui\guestcodemenu.c,29": FIX-ME: Overriding function 'SendRPC' but not marked as 'override'
SCRIPT    (W): @"CodeLock/scripts/4_world/gui\claimcodemenu.c,27": FIX-ME: Overriding function 'SendRPC' but not marked as 'override'
SCRIPT    (W): @"CodeLock/scripts/4_world/gui\entercodemenu.c,37": FIX-ME: Overriding function 'SendRPC' but not marked as 'override'
SCRIPT    (W): @"CodeLock/scripts/4_world/actions\continuous\actiondestroycodelockontent.c,73": Possible variable name conflict '_Health'
SCRIPT    (W): @"CodeLock/scripts/4_world/actions\continuous\actiondestroycodelockonfence.c,67": Possible variable name conflict '_Health'
SCRIPT       : [Namalsk][NamEventManager]: Next selection will occur in 741 seconds
SCRIPT       : [Namalsk][NamEventManager]: NamEventManager is now running
SCRIPT       : [Namalsk][NamEventManager]: Trying to select a new event...
SCRIPT       : [Namalsk][NamEventManager]: Starting event Aurora
SCRIPT       : [Namalsk][NamEventManager]: Aurora: Phase Length 60
SCRIPT       : [Namalsk][NamEventManager]: Next selection will occur in 934 seconds
SCRIPT       : [Namalsk][NamEventManager]: Aurora: Phase Length 1091.04
SCRIPT       : [Namalsk][NamEventManager]: Trying to select a new event...
SCRIPT       : [Namalsk][NamEventManager]: Starting event ExtremeCold
SCRIPT       : [Namalsk][ExtremeCold]: init: 100 (sec), mid: 1176.67 (sec), end: 100 (sec), TempDrop: -6.99724 (C)
SCRIPT       : [Namalsk][NamEventManager]: ExtremeCold: Phase Length 100
SCRIPT       : [Namalsk][NamEventManager]: Next selection will occur in 839 seconds
SCRIPT       : [Namalsk][NamEventManager]: ExtremeCold: Phase Length 1176.67
SCRIPT       : [Namalsk][NamEventManager]: Aurora: Phase Length 60
SCRIPT       : [Namalsk][NamEventManager]: Aurora: Phase Length 0
SCRIPT       : [Namalsk][NamEventManager]: Trying to select a new event...
SCRIPT       : [Namalsk][NamEventManager]: Starting event Blizzard
SCRIPT       : [Namalsk][Blizzard]: init: 600 (sec), mid: 757.668 (sec), end: 600 (sec), TempDrop: -3.39186 (C)
SCRIPT       : [Namalsk][NamEventManager]: Blizzard: Phase Length 600
SCRIPT       : [Namalsk][NamEventManager]: Next selection will occur in 813 seconds
SCRIPT       : [Namalsk][NamEventManager]: ExtremeCold: Phase Length 100
SCRIPT       : [Namalsk][NamEventManager]: ExtremeCold: Phase Length 0
SCRIPT       : [Namalsk][NamEventManager]: Blizzard: Phase Length 757.668
SCRIPT       : [inv] ReplaceItemWithNewLambdaBase Step B) remove OK, loc={ type=HANDS item=CatFoodCan:12910 parent=SurvivorM_Peter:1:INSTANCETYPE_SERVER }
SCRIPT       : [Namalsk][NamEventManager]: Trying to select a new event...
SCRIPT       : [Namalsk][NamEventManager]: Starting event Aurora
SCRIPT       : [Namalsk][NamEventManager]: Aurora: Phase Length 60
SCRIPT       : [Namalsk][NamEventManager]: Next selection will occur in 880 seconds
SCRIPT       : [Namalsk][NamEventManager]: Aurora: Phase Length 918.366
SCRIPT       : [Namalsk][NamEventManager]: Blizzard: Phase Length 600
SCRIPT       : [inv] ReplaceItemWithNewLambdaBase Step B) remove OK, loc={ type=HANDS item=LongWoodenStick:12058 parent=SurvivorM_Peter:1:INSTANCETYPE_SERVER }
SCRIPT       : [inv] ReplaceItemWithNewLambdaBase Step B) remove OK, loc={ type=HANDS item=Pate:12855 parent=SurvivorM_Peter:1:INSTANCETYPE_SERVER }
SCRIPT       : [Namalsk][NamEventManager]: Trying to select a new event...
SCRIPT       : [Namalsk][NamEventManager]: Could not start Blizzard as one is already active
SCRIPT       : [Namalsk][NamEventManager]: Next selection will occur in 689 seconds
SCRIPT       : [Namalsk][NamEventManager]: Aurora: Phase Length 60
SCRIPT       : [Namalsk][NamEventManager]: Aurora: Phase Length 0
SCRIPT       : [Namalsk][NamEventManager]: Blizzard: Phase Length 0
SCRIPT       : [Namalsk][NamEventManager]: Trying to select a new event...
SCRIPT       : [Namalsk][NamEventManager]: Starting event ExtremeCold
SCRIPT       : [Namalsk][ExtremeCold]: init: 100 (sec), mid: 864.724 (sec), end: 100 (sec), TempDrop: -6.99312 (C)
SCRIPT       : [Namalsk][NamEventManager]: ExtremeCold: Phase Length 100
SCRIPT       : [Namalsk][NamEventManager]: Next selection will occur in 914 seconds
SCRIPT       : [Namalsk][NamEventManager]: ExtremeCold: Phase Length 864.724
SCRIPT       : [inv] ReplaceItemWithNewLambdaBase Step B) remove OK, loc={ type=HANDS item=LongWoodenStick:9798 parent=SurvivorM_Peter:1:INSTANCETYPE_SERVER }
SCRIPT       : [inv] ReplaceItemWithNewLambdaBase Step B) remove OK, loc={ type=HANDS item=Pate:11554 parent=SurvivorM_Peter:1:INSTANCETYPE_SERVER }
SCRIPT       : [inv] ReplaceItemWithNewLambdaBase Step B) remove OK, loc={ type=HANDS item=Lunchmeat:7619 parent=SurvivorM_Peter:1:INSTANCETYPE_SERVER }
SCRIPT       : [inv] ReplaceItemWithNewLambdaBase Step B) remove OK, loc={ type=HANDS item=AmmoBox_380_35rnd:4693 parent=SurvivorM_Peter:1:INSTANCETYPE_SERVER }
SCRIPT       : [Namalsk][NamEventManager]: Trying to select a new event...
SCRIPT       : [Namalsk][NamEventManager]: Starting event SnowfallE
SCRIPT       : [Namalsk][SnowfallE]: init: 600 (sec), mid: 1099.27 (sec), end: 600 (sec)
SCRIPT       : [Namalsk][NamEventManager]: SnowfallE: Phase Length 600
SCRIPT       : [Namalsk][NamEventManager]: Next selection will occur in 829 seconds
SCRIPT       : [Namalsk][NamEventManager]: ExtremeCold: Phase Length 100
SCRIPT       : [Namalsk][NamEventManager]: ExtremeCold: Phase Length 0
SCRIPT       : [inv] ReplaceItemWithNewLambdaBase Step B) remove OK, loc={ type=HANDS item=AmmoBox_45ACP_25rnd:12966 parent=SurvivorM_Peter:1:INSTANCETYPE_SERVER }
SCRIPT       : [Namalsk][NamEventManager]: SnowfallE: Phase Length 1099.27
SCRIPT       : [Namalsk][NamEventManager]: Trying to select a new event...
SCRIPT       : [Namalsk][NamEventManager]: Starting event ExtremeCold
SCRIPT       : [Namalsk][ExtremeCold]: init: 100 (sec), mid: 983.319 (sec), end: 100 (sec), TempDrop: -4.84652 (C)
SCRIPT       : [Namalsk][NamEventManager]: ExtremeCold: Phase Length 100
SCRIPT       : [Namalsk][NamEventManager]: Next selection will occur in 784 seconds
SCRIPT       : [Namalsk][NamEventManager]: ExtremeCold: Phase Length 983.319
SCRIPT       : [inv] ReplaceItemWithNewLambdaBase Step B) remove OK, loc={ type=HANDS item=LongWoodenStick:7094 parent=SurvivorM_Peter:1:INSTANCETYPE_SERVER }
SCRIPT       : [inv] ReplaceItemWithNewLambdaBase Step B) remove OK, loc={ type=HANDS item=LongWoodenStick:6670 parent=SurvivorM_Peter:1:INSTANCETYPE_SERVER }
SCRIPT       : [Namalsk][NamEventManager]: Trying to select a new event...
SCRIPT       : [Namalsk][NamEventManager]: Could not start event as we reached the maximum event limit 2
SCRIPT       : [Namalsk][NamEventManager]: Next selection will occur in 956 seconds
SCRIPT       : [inv] ReplaceItemWithNewLambdaBase Step B) remove OK, loc={ type=HANDS item=TunaCan:9825 parent=SurvivorM_Peter:1:INSTANCETYPE_SERVER }
SCRIPT       : [Namalsk][NamEventManager]: SnowfallE: Phase Length 600
SCRIPT       : [Namalsk][NamEventManager]: ExtremeCold: Phase Length 100
SCRIPT       : [Namalsk][NamEventManager]: ExtremeCold: Phase Length 0
SCRIPT       : [inv] ReplaceItemWithNewLambdaBase Step B) remove OK, loc={ type=HANDS item=AmmoBox_762x39Tracer_20Rnd:11244 parent=SurvivorM_Peter:1:INSTANCETYPE_SERVER }
SCRIPT       : [inv] ReplaceItemWithNewLambdaBase Step B) remove OK, loc={ type=HANDS item=PeachesCan:5102 parent=SurvivorM_Peter:1:INSTANCETYPE_SERVER }
SCRIPT       : [Namalsk][NamEventManager]: SnowfallE: Phase Length 0
SCRIPT       : [Namalsk][NamEventManager]: Trying to select a new event...
SCRIPT       : [Namalsk][NamEventManager]: Starting event Blizzard
SCRIPT       : [Namalsk][Blizzard]: init: 600 (sec), mid: 961.608 (sec), end: 600 (sec), TempDrop: -4.51185 (C)
SCRIPT       : [Namalsk][NamEventManager]: Blizzard: Phase Length 600
SCRIPT       : [Namalsk][NamEventManager]: Next selection will occur in 922 seconds
SCRIPT       : [inv] ReplaceItemWithNewLambdaBase Step B) remove OK, loc={ type=HANDS item=AmmoBox_380_35rnd:11944 parent=SurvivorM_Peter:1:INSTANCETYPE_SERVER }
SCRIPT       : [Logout]: New player kp0BnK9wR1oofw5IaDMKnIr5HA1ry5H6lm9AB7ilHZU= with logout time 15
SCRIPT       : [Logout]: Player kp0BnK9wR1oofw5IaDMKnIr5HA1ry5H6lm9AB7ilHZU= finished
SCRIPT       : [Namalsk][NamEventManager]: Blizzard: Phase Length 961.608
SCRIPT       : [Namalsk][NamEventManager]: Trying to select a new event...
SCRIPT       : [Namalsk][NamEventManager]: Starting event EVRStorm
SCRIPT       : [Namalsk][EVRStorm]: InitPhaseServer
SCRIPT       : [Namalsk][NamEventManager]: EVRStorm: Phase Length 1080
SCRIPT       : [Namalsk][NamEventManager]: Next selection will occur in 751 seconds
SCRIPT       : [Namalsk][NamEventManager]: Blizzard: Phase Length 600
SCRIPT       : [Namalsk][NamEventManager]: Trying to select a new event...
SCRIPT       : [Namalsk][NamEventManager]: Could not start event as we reached the maximum event limit 2
SCRIPT       : [Namalsk][NamEventManager]: Next selection will occur in 917 seconds
SCRIPT       : [Namalsk][EVRStorm]: MidPhaseServer
SCRIPT       : [Namalsk][NamEventManager]: EVRStorm: Phase Length 90
SCRIPT       : float m_Colour_SkyOrang = 0.23
SCRIPT       : [Namalsk][EVRStorm]: EndPhaseServer
SCRIPT       : [Namalsk][NamEventManager]: EVRStorm: Phase Length 220
SCRIPT       : [Namalsk][NamEventManager]: Blizzard: Phase Length 0
SCRIPT       : [Namalsk][NamEventManager]: EVRStorm: Phase Length 0
SCRIPT       : [Namalsk][EVRStorm]: ~EVRStorm
SCRIPT       : [Namalsk][NamEventManager]: Trying to select a new event...
SCRIPT       : [Namalsk][NamEventManager]: Starting event SnowfallE
SCRIPT       : [Namalsk][SnowfallE]: init: 600 (sec), mid: 965.654 (sec), end: 600 (sec)
SCRIPT       : [Namalsk][NamEventManager]: SnowfallE: Phase Length 600
SCRIPT       : [Namalsk][NamEventManager]: Next selection will occur in 681 seconds
SCRIPT       : [Namalsk][NamEventManager]: SnowfallE: Phase Length 965.654
SCRIPT       : [Namalsk][NamEventManager]: Trying to select a new event...
SCRIPT       : [Namalsk][NamEventManager]: Could not start event EVRStorm as it is on cooldown for 352 more seconds
SCRIPT       : [Namalsk][NamEventManager]: Next selection will occur in 595 seconds
SCRIPT       : [Namalsk][NamEventManager]: Trying to select a new event...
SCRIPT       : [Namalsk][NamEventManager]: Starting event Blizzard
SCRIPT       : [Namalsk][Blizzard]: init: 600 (sec), mid: 828.234 (sec), end: 600 (sec), TempDrop: -5.25848 (C)
SCRIPT       : [Namalsk][NamEventManager]: Blizzard: Phase Length 600
SCRIPT       : [Namalsk][NamEventManager]: Next selection will occur in 968 seconds
SCRIPT       : [Namalsk][NamEventManager]: SnowfallE: Phase Length 600
SCRIPT       : [Namalsk][NamEventManager]: Blizzard: Phase Length 828.234
SCRIPT       : [Namalsk][NamEventManager]: SnowfallE: Phase Length 0
SCRIPT       : [Namalsk][NamEventManager]: Trying to select a new event...
SCRIPT       : [Namalsk][NamEventManager]: Starting event Aurora
SCRIPT       : [Namalsk][NamEventManager]: Aurora: Phase Length 60
SCRIPT       : [Namalsk][NamEventManager]: Next selection will occur in 996 seconds
SCRIPT       : [Namalsk][NamEventManager]: Aurora: Phase Length 984.286
SCRIPT       : [Namalsk][NamEventManager]: Blizzard: Phase Length 600
SCRIPT       : [Namalsk][NamEventManager]: Trying to select a new event...
SCRIPT       : [Namalsk][NamEventManager]: Could not start Blizzard as one is already active
SCRIPT       : [Namalsk][NamEventManager]: Next selection will occur in 971 seconds
SCRIPT       : [Namalsk][NamEventManager]: Aurora: Phase Length 60
SCRIPT       : [Namalsk][NamEventManager]: Blizzard: Phase Length 0
SCRIPT       : [Namalsk][NamEventManager]: Aurora: Phase Length 0
SCRIPT       : [Namalsk][NamEventManager]: Trying to select a new event...
SCRIPT       : [Namalsk][NamEventManager]: Starting event ExtremeCold
SCRIPT       : [Namalsk][ExtremeCold]: init: 100 (sec), mid: 1068.42 (sec), end: 100 (sec), TempDrop: -4.2428 (C)
SCRIPT       : [Namalsk][NamEventManager]: ExtremeCold: Phase Length 100
SCRIPT       : [Namalsk][NamEventManager]: Next selection will occur in 892 seconds
SCRIPT       : [Namalsk][NamEventManager]: ExtremeCold: Phase Length 1068.42
SCRIPT       : [Namalsk][NamEventManager]: Trying to select a new event...
SCRIPT       : [Namalsk][NamEventManager]: Starting event HeavyFog
SCRIPT       : [Namalsk][NamEventManager]: HeavyFog: Phase Length 600
SCRIPT       : [Namalsk][NamEventManager]: Next selection will occur in 931 seconds
SCRIPT       : [Namalsk][NamEventManager]: ExtremeCold: Phase Length 100
SCRIPT       : [Namalsk][NamEventManager]: ExtremeCold: Phase Length 0
SCRIPT       : [Namalsk][NamEventManager]: HeavyFog: Phase Length 622.556
SCRIPT       : [Namalsk][NamEventManager]: Trying to select a new event...
SCRIPT       : [Namalsk][NamEventManager]: Starting event SnowfallE
SCRIPT       : [Namalsk][SnowfallE]: init: 600 (sec), mid: 929.344 (sec), end: 600 (sec)
SCRIPT       : [Namalsk][NamEventManager]: SnowfallE: Phase Length 600
SCRIPT       : [Namalsk][NamEventManager]: Next selection will occur in 731 seconds
SCRIPT       : [Namalsk][NamEventManager]: HeavyFog: Phase Length 600
SCRIPT       : [Namalsk][NamEventManager]: SnowfallE: Phase Length 929.344
SCRIPT       : [Namalsk][NamEventManager]: Trying to select a new event...
SCRIPT       : [Namalsk][NamEventManager]: Could not start event as we reached the maximum event limit 2
SCRIPT       : [Namalsk][NamEventManager]: Next selection will occur in 572 seconds
SCRIPT       : [Namalsk][NamEventManager]: HeavyFog: Phase Length 0
SCRIPT       : [Namalsk][NamEventManager]: Trying to select a new event...
SCRIPT       : [Namalsk][NamEventManager]: Could not start SnowfallE as one is already active
SCRIPT       : [Namalsk][NamEventManager]: Next selection will occur in 646 seconds
SCRIPT       : [Namalsk][NamEventManager]: SnowfallE: Phase Length 600
SCRIPT       : [Namalsk][NamEventManager]: Trying to select a new event...
SCRIPT       : [Namalsk][NamEventManager]: Starting event ExtremeCold
SCRIPT       : [Namalsk][ExtremeCold]: init: 100 (sec), mid: 1183.21 (sec), end: 100 (sec), TempDrop: -6.54661 (C)
SCRIPT       : [Namalsk][NamEventManager]: ExtremeCold: Phase Length 100
SCRIPT       : [Namalsk][NamEventManager]: Next selection will occur in 705 seconds
SCRIPT       : [Namalsk][NamEventManager]: ExtremeCold: Phase Length 1183.21
SCRIPT       : [Namalsk][NamEventManager]: SnowfallE: Phase Length 0
SCRIPT       : ---- PlayerBase OnStoreLoad SUCCESS ----
SCRIPT       : ---- PlayerBase OnStoreLoad SUCCESS ----
SCRIPT       : [Namalsk][NamEventManager]: Trying to select a new event...
SCRIPT       : [Namalsk][NamEventManager]: Starting event Blizzard
SCRIPT       : [Namalsk][Blizzard]: init: 600 (sec), mid: 983.963 (sec), end: 600 (sec), TempDrop: -4.33149 (C)
SCRIPT       : [Namalsk][NamEventManager]: Blizzard: Phase Length 600
SCRIPT       : [Namalsk][NamEventManager]: Next selection will occur in 898 seconds
SCRIPT       : [Namalsk][NamEventManager]: ExtremeCold: Phase Length 100
SCRIPT       : [Namalsk][NamEventManager]: Blizzard: Phase Length 983.963
SCRIPT       : [Namalsk][NamEventManager]: ExtremeCold: Phase Length 0
SCRIPT       : [Namalsk][NamEventManager]: Trying to select a new event...
SCRIPT       : [Namalsk][NamEventManager]: Starting event EVRStorm
SCRIPT       : [Namalsk][EVRStorm]: InitPhaseServer
SCRIPT       : [Namalsk][NamEventManager]: EVRStorm: Phase Length 1080
SCRIPT       : [Namalsk][NamEventManager]: Next selection will occur in 616 seconds
SCRIPT       : [inv] ReplaceItemWithNewLambdaBase Step B) remove OK, loc={ type=ATTACHMENT item=Offroad_02_Wheel:13194 parent=Offroad_02:13190 slot=1056646375 }
SCRIPT       : [Namalsk][NamEventManager]: Trying to select a new event...
SCRIPT       : [Namalsk][NamEventManager]: Could not start event as we reached the maximum event limit 2
SCRIPT       : [Namalsk][NamEventManager]: Next selection will occur in 972 seconds
SCRIPT       : [Namalsk][NamEventManager]: Blizzard: Phase Length 600
SCRIPT       : [inv] ReplaceItemWithNewLambdaBase Step B) remove OK, loc={ type=ATTACHMENT item=Offroad_02_Wheel:13153 parent=Offroad_02:13190 slot=1056646375 }
SCRIPT       : [Namalsk][EVRStorm]: Teleporting SurvivorM_Peter
SCRIPT       : [Namalsk][EVRStorm]: Teleporting SurvivorM_Peter
SCRIPT    (E): NULL pointer to instance when trying to access variable 'param1' (Parent instance is null)
Class:      'EVRStorm'
Function: 'FinishRandomTeleportObject'
Stack trace:
nst/ns_dayz/scripts/4_World/namalsksurvival\classes\environment\events\evrstorm\evrstorm.c:1005
SCRIPT    (E): NULL pointer to instance when trying to access variable 'param1' (Parent instance is null)
Class:      'EVRStorm'
Function: 'FinishRandomTeleportObject'
Stack trace:
nst/ns_dayz/scripts/4_World/namalsksurvival\classes\environment\events\evrstorm\evrstorm.c:1005
SCRIPT       : [Namalsk][EVRStorm]: MidPhaseServer
SCRIPT       : [Namalsk][NamEventManager]: EVRStorm: Phase Length 90
SCRIPT       : float m_Colour_SkyOrang = 0.23
SCRIPT       : [Namalsk][EVRStorm]: EndPhaseServer
SCRIPT       : [Namalsk][NamEventManager]: EVRStorm: Phase Length 220
SCRIPT       : [Namalsk][NamEventManager]: Blizzard: Phase Length 0
SCRIPT       : [Namalsk][NamEventManager]: EVRStorm: Phase Length 0
SCRIPT       : [Namalsk][EVRStorm]: ~EVRStorm
SCRIPT       : [Namalsk][NamEventManager]: Trying to select a new event...
SCRIPT       : [Namalsk][NamEventManager]: Starting event SnowfallE
SCRIPT       : [Namalsk][SnowfallE]: init: 600 (sec), mid: 1024.63 (sec), end: 600 (sec)
SCRIPT       : [Namalsk][NamEventManager]: SnowfallE: Phase Length 600
SCRIPT       : [Namalsk][NamEventManager]: Next selection will occur in 660 seconds
SCRIPT       : [Namalsk][NamEventManager]: Starting event LantiaLink
SCRIPT       : [Namalsk][NamEventManager]: LantiaLink: Phase Length 120
SCRIPT       : [Lantia] ACTIVE
SCRIPT       : [Lantia] State changed to 1
SCRIPT       : [Namalsk][NamEventManager]: LantiaLink: Phase Length 600
SCRIPT       : [Lantia] State changed to 2
SCRIPT       : [Lantia] State changed to 3
SCRIPT       : [Lantia] State changed to 4
SCRIPT       : [Lantia] State changed to 5
SCRIPT       : [Lantia] State changed to 6
SCRIPT       : [Lantia] State changed to 7
SCRIPT       : [Lantia] State changed to 8
SCRIPT       : [Lantia] State changed to 9
SCRIPT       : [Lantia] State changed to 9
SCRIPT       : [Lantia] INACTIVE
SCRIPT       : [Namalsk][NamEventManager]: Trying to select a new event...
SCRIPT       : [Namalsk][NamEventManager]: Starting event HeavyFog
SCRIPT       : [Namalsk][NamEventManager]: Could not run event LantiaLink because it conflicts with event LantiaLink...
SCRIPT       : [Namalsk][NamEventManager]: Next selection will occur in 758 seconds
SCRIPT       : [Namalsk][NamEventManager]: LantiaLink: Phase Length 10
SCRIPT       : [Namalsk][NamEventManager]: LantiaLink: Phase Length 0
SCRIPT       : [Namalsk][LantiaLink]: ~LantiaLink
SCRIPT       : [inv] ReplaceItemWithNewLambdaBase Step B) remove OK, loc={ type=HANDS item=LongWoodenStick:10616 parent=SurvivorM_Peter:1:INSTANCETYPE_SERVER }
SCRIPT       : [Namalsk][NamEventManager]: Trying to select a new event...
SCRIPT       : [Namalsk][NamEventManager]: Starting event EVRStorm
SCRIPT       : [Namalsk][EVRStorm]: InitPhaseServer
SCRIPT       : [Namalsk][NamEventManager]: EVRStorm: Phase Length 1080
SCRIPT       : [Namalsk][NamEventManager]: Next selection will occur in 829 seconds
SCRIPT       : [Namalsk][NamEventManager]: Trying to select a new event...
SCRIPT       : [Namalsk][NamEventManager]: Starting event Aurora
SCRIPT       : [Namalsk][NamEventManager]: Aurora: Phase Length 60
SCRIPT       : [Namalsk][NamEventManager]: Next selection will occur in 672 seconds
SCRIPT       : [Namalsk][NamEventManager]: Aurora: Phase Length 1016.02
SCRIPT       : [Namalsk][EVRStorm]: MidPhaseServer
SCRIPT       : [Namalsk][NamEventManager]: EVRStorm: Phase Length 90
SCRIPT       : float m_Colour_SkyOrang = 0.23
SCRIPT       : [Namalsk][EVRStorm]: EndPhaseServer
SCRIPT       : [Namalsk][NamEventManager]: EVRStorm: Phase Length 220
SCRIPT       : [inv] ReplaceItemWithNewLambdaBase Step B) remove OK, loc={ type=HANDS item=AmmoBox_762x39_20Rnd:6240 parent=SurvivorM_Peter:1:INSTANCETYPE_SERVER }
SCRIPT       : [inv] ReplaceItemWithNewLambdaBase Step B) remove OK, loc={ type=HANDS item=AmmoBox_545x39Tracer_20Rnd:4769 parent=SurvivorM_Peter:1:INSTANCETYPE_SERVER }
SCRIPT       : [Namalsk][NamEventManager]: EVRStorm: Phase Length 0
SCRIPT       : [Namalsk][EVRStorm]: ~EVRStorm
SCRIPT       : [inv] ReplaceItemWithNewLambdaBase Step B) remove OK, loc={ type=HANDS item=AmmoBox_762x54_20Rnd:10670 parent=SurvivorM_Peter:1:INSTANCETYPE_SERVER }
SCRIPT       : [Namalsk][NamEventManager]: Trying to select a new event...
SCRIPT       : [Namalsk][NamEventManager]: Starting event ExtremeCold
SCRIPT       : [Namalsk][ExtremeCold]: init: 100 (sec), mid: 1111.26 (sec), end: 100 (sec), TempDrop: -4.86666 (C)
SCRIPT       : [Namalsk][NamEventManager]: ExtremeCold: Phase Length 100
SCRIPT       : [Namalsk][NamEventManager]: Next selection will occur in 622 seconds
SCRIPT       : [Namalsk][NamEventManager]: ExtremeCold: Phase Length 1111.26
SCRIPT       : [inv] ReplaceItemWithNewLambdaBase Step B) remove OK, loc={ type=HANDS item=NailBox:12719 parent=SurvivorM_Peter:1:INSTANCETYPE_SERVER }
SCRIPT       : [Namalsk][NamEventManager]: Aurora: Phase Length 60
SCRIPT       : [Namalsk][NamEventManager]: Aurora: Phase Length 0
SCRIPT       : [Namalsk][NamEventManager]: Trying to select a new event...
SCRIPT       : [Namalsk][NamEventManager]: Starting event SnowfallE
SCRIPT       : [Namalsk][SnowfallE]: init: 600 (sec), mid: 913.376 (sec), end: 600 (sec)
SCRIPT       : [Namalsk][NamEventManager]: SnowfallE: Phase Length 600
SCRIPT       : [Namalsk][NamEventManager]: Next selection will occur in 644 seconds
SCRIPT       : [Namalsk][NamEventManager]: ExtremeCold: Phase Length 100
SCRIPT       : [Namalsk][NamEventManager]: SnowfallE: Phase Length 913.376
SCRIPT       : [Namalsk][NamEventManager]: Trying to select a new event...
SCRIPT       : [Namalsk][NamEventManager]: Could not start event as we reached the maximum event limit 2
SCRIPT       : [Namalsk][NamEventManager]: Next selection will occur in 779 seconds
SCRIPT       : [Namalsk][NamEventManager]: ExtremeCold: Phase Length 0
SCRIPT       : [Namalsk][NamEventManager]: Trying to select a new event...
SCRIPT       : [Namalsk][NamEventManager]: Could not start SnowfallE as one is already active
SCRIPT       : [Namalsk][NamEventManager]: Next selection will occur in 842 seconds
SCRIPT       : [Namalsk][NamEventManager]: SnowfallE: Phase Length 600
SCRIPT       : [Namalsk][NamEventManager]: SnowfallE: Phase Length 0
SCRIPT       : [Namalsk][NamEventManager]: Trying to select a new event...
SCRIPT       : [Namalsk][NamEventManager]: Starting event Blizzard
SCRIPT       : [Namalsk][Blizzard]: init: 600 (sec), mid: 788.362 (sec), end: 600 (sec), TempDrop: -4.147 (C)
SCRIPT       : [Namalsk][NamEventManager]: Blizzard: Phase Length 600
SCRIPT       : [Namalsk][NamEventManager]: Next selection will occur in 821 seconds
SCRIPT       : [Namalsk][NamEventManager]: Blizzard: Phase Length 788.362
SCRIPT       : [Namalsk][NamEventManager]: Trying to select a new event...
SCRIPT       : [Namalsk][NamEventManager]: Starting event SnowfallE
SCRIPT       : [Namalsk][NamEventManager]: Could not run event Blizzard because it conflicts with event Blizzard...
SCRIPT       : [Namalsk][NamEventManager]: Next selection will occur in 989 seconds
SCRIPT       : [Namalsk][NamEventManager]: Blizzard: Phase Length 600
SCRIPT       : [Logout]: New player crMy59eA2TCfN-GyF37DMEBPOnJ1WTzWO02Rn7KwJLU= with logout time 0
SCRIPT       : [Logout]: New player geDsqpP5KQh_AmouyJHL0jYzhy963PzXdkoLnjuAmTg= with logout time 0
SCRIPT       : [Logout]: Player crMy59eA2TCfN-GyF37DMEBPOnJ1WTzWO02Rn7KwJLU= finished
SCRIPT       : [Logout]: Player geDsqpP5KQh_AmouyJHL0jYzhy963PzXdkoLnjuAmTg= finished
SCRIPT       : ~DayZGame()
