---------------------------------------------
Log C:\SERVICES\ni10839481_1_SHARE\ftproot\dayzstandalone\config\script_2025-06-03_12-42-01.log started at 03.06. 12:43:00

SCRIPT       : Registered 308 temporary action enum(s), UAN==308
SCRIPT    (W): @"CodeLock/scripts/3_game/dayzgame.c,13": FIX-ME: Method argument can't be strong reference
SCRIPT       : ... Backlit Effects Enabled
SCRIPT    (W): @"CodeLock/scripts/4_world/entities\codelock.c,308": FIX-ME: Method argument can't be strong reference
SCRIPT    (W): @"CodeLock/scripts/4_world/gui\setcodemenu.c,31": FIX-ME: Overriding function 'CheckState' but not marked as 'override'
SCRIPT    (W): @"CodeLock/scripts/4_world/pluginmanager\pluginbase\permissions\codelockpermissionmanager.c,46": FIX-ME: Method argument can't be strong reference
SCRIPT    (W): @"CodeLock/scripts/4_world/gui\guestcodemenu.c,29": FIX-ME: Overriding function 'SendRPC' but not marked as 'override'
SCRIPT    (W): @"CodeLock/scripts/4_world/gui\claimcodemenu.c,27": FIX-ME: Overriding function 'SendRPC' but not marked as 'override'
SCRIPT    (W): @"CodeLock/scripts/4_world/gui\entercodemenu.c,37": FIX-ME: Overriding function 'SendRPC' but not marked as 'override'
SCRIPT    (W): @"CodeLock/scripts/4_world/actions\continuous\actiondestroycodelockontent.c,73": Possible variable name conflict '_Health'
SCRIPT    (W): @"CodeLock/scripts/4_world/actions\continuous\actiondestroycodelockonfence.c,67": Possible variable name conflict '_Health'
SCRIPT       : [Namalsk][NamEventManager]: Next selection will occur in 790 seconds
SCRIPT       : [Namalsk][NamEventManager]: NamEventManager is now running
SCRIPT    (E): [WeaponStableState::ValidateMuzzleArray] :: [ERROR] :: Muzzle array validation has failed. Please set up the correct muzzle states by overriding InitMuzzleArray.
Class:      'WeaponStableState'
Function: 'ValidateMuzzleArray'
Stack trace:
scripts/4_World/entities\firearms\fsm\states\weaponstablestate.c:191
scripts/4_World/entities\firearms\fsm\states\weaponstablestate.c:36
scripts/4_World/entities\firearms\rifle_base.c:22
scripts/4_World/entities\firearms\weapon_base.c:128
$CurrentDir:mpmissions\regular.namalsk\init.c:7
SCRIPT       : [wpnfsm] Warning! OnStoreLoad - cannot load curent weapon state, id=0
SCRIPT    (E): [WeaponStableState::ValidateMuzzleArray] :: [ERROR] :: Muzzle array validation has failed. Please set up the correct muzzle states by overriding InitMuzzleArray.
Class:      'WeaponStableState'
Function: 'ValidateMuzzleArray'
Stack trace:
scripts/4_World/entities\firearms\fsm\states\weaponstablestate.c:191
scripts/4_World/entities\firearms\fsm\states\weaponstablestate.c:36
scripts/4_World/entities\firearms\rifle_base.c:22
scripts/4_World/entities\firearms\weapon_base.c:128
$CurrentDir:mpmissions\regular.namalsk\init.c:7
SCRIPT       : [wpnfsm] Warning! OnStoreLoad - cannot load curent weapon state, id=0
SCRIPT    (E): [WeaponStableState::ValidateMuzzleArray] :: [ERROR] :: Muzzle array validation has failed. Please set up the correct muzzle states by overriding InitMuzzleArray.
Class:      'WeaponStableState'
Function: 'ValidateMuzzleArray'
Stack trace:
scripts/4_World/entities\firearms\fsm\states\weaponstablestate.c:191
scripts/4_World/entities\firearms\fsm\states\weaponstablestate.c:36
scripts/4_World/entities\firearms\rifle_base.c:22
scripts/4_World/entities\firearms\weapon_base.c:128
$CurrentDir:mpmissions\regular.namalsk\init.c:7
SCRIPT       : [wpnfsm] Warning! OnStoreLoad - cannot load curent weapon state, id=0
SCRIPT    (E): [WeaponStableState::ValidateMuzzleArray] :: [ERROR] :: Muzzle array validation has failed. Please set up the correct muzzle states by overriding InitMuzzleArray.
Class:      'WeaponStableState'
Function: 'ValidateMuzzleArray'
Stack trace:
scripts/4_World/entities\firearms\fsm\states\weaponstablestate.c:191
scripts/4_World/entities\firearms\fsm\states\weaponstablestate.c:36
scripts/4_World/entities\firearms\rifle_base.c:22
scripts/4_World/entities\firearms\weapon_base.c:128
$CurrentDir:mpmissions\regular.namalsk\init.c:7
SCRIPT       : [wpnfsm] Warning! OnStoreLoad - cannot load curent weapon state, id=0
SCRIPT    (E): [WeaponStableState::ValidateMuzzleArray] :: [ERROR] :: Muzzle array validation has failed. Please set up the correct muzzle states by overriding InitMuzzleArray.
Class:      'WeaponStableState'
Function: 'ValidateMuzzleArray'
Stack trace:
scripts/4_World/entities\firearms\fsm\states\weaponstablestate.c:191
scripts/4_World/entities\firearms\fsm\states\weaponstablestate.c:36
scripts/4_World/entities\firearms\rifle_base.c:22
scripts/4_World/entities\firearms\weapon_base.c:128
$CurrentDir:mpmissions\regular.namalsk\init.c:7
SCRIPT       : [wpnfsm] Warning! OnStoreLoad - cannot load curent weapon state, id=0
SCRIPT    (E): [WeaponStableState::ValidateMuzzleArray] :: [ERROR] :: Muzzle array validation has failed. Please set up the correct muzzle states by overriding InitMuzzleArray.
Class:      'WeaponStableState'
Function: 'ValidateMuzzleArray'
Stack trace:
scripts/4_World/entities\firearms\fsm\states\weaponstablestate.c:191
scripts/4_World/entities\firearms\fsm\states\weaponstablestate.c:36
scripts/4_World/entities\firearms\rifle_base.c:22
scripts/4_World/entities\firearms\weapon_base.c:128
$CurrentDir:mpmissions\regular.namalsk\init.c:7
SCRIPT       : [wpnfsm] Warning! OnStoreLoad - cannot load curent weapon state, id=0
SCRIPT       : ---- PlayerBase OnStoreLoad SUCCESS ----
SCRIPT    (E): [WeaponStableState::ValidateMuzzleArray] :: [ERROR] :: Muzzle array validation has failed. Please set up the correct muzzle states by overriding InitMuzzleArray.
Class:      'WeaponStableState'
Function: 'ValidateMuzzleArray'
Stack trace:
scripts/4_World/entities\firearms\fsm\states\weaponstablestate.c:191
scripts/4_World/entities\firearms\fsm\states\weaponstablestate.c:36
scripts/4_World/entities\firearms\rifle_base.c:22
scripts/4_World/entities\firearms\weapon_base.c:128
SCRIPT    (E): [WeaponStableState::ValidateMuzzleArray] :: [ERROR] :: Muzzle array validation has failed. Please set up the correct muzzle states by overriding InitMuzzleArray.
Class:      'WeaponStableState'
Function: 'ValidateMuzzleArray'
Stack trace:
scripts/4_World/entities\firearms\fsm\states\weaponstablestate.c:191
scripts/4_World/entities\firearms\fsm\states\weaponstablestate.c:36
scripts/4_World/entities\firearms\rifle_base.c:22
scripts/4_World/entities\firearms\weapon_base.c:128
SCRIPT    (E): [WeaponStableState::ValidateMuzzleArray] :: [ERROR] :: Muzzle array validation has failed. Please set up the correct muzzle states by overriding InitMuzzleArray.
Class:      'WeaponStableState'
Function: 'ValidateMuzzleArray'
Stack trace:
scripts/4_World/entities\firearms\fsm\states\weaponstablestate.c:191
scripts/4_World/entities\firearms\fsm\states\weaponstablestate.c:36
scripts/4_World/entities\firearms\rifle_base.c:22
scripts/4_World/entities\firearms\weapon_base.c:128
SCRIPT       : [Namalsk][NamEventManager]: Trying to select a new event...
SCRIPT       : [Namalsk][NamEventManager]: Starting event SnowfallE
SCRIPT       : [Namalsk][SnowfallE]: init: 600 (sec), mid: 1190.14 (sec), end: 600 (sec)
SCRIPT       : [Namalsk][NamEventManager]: SnowfallE: Phase Length 600
SCRIPT       : [Namalsk][NamEventManager]: Next selection will occur in 887 seconds
SCRIPT       : [inv] ReplaceItemWithNewLambdaBase Step B) remove OK, loc={ type=HANDS item=LongWoodenStick:12897 parent=SurvivorF_Judy:1:INSTANCETYPE_SERVER }
SCRIPT    (E): [WeaponStableState::ValidateMuzzleArray] :: [ERROR] :: Muzzle array validation has failed. Please set up the correct muzzle states by overriding InitMuzzleArray.
Class:      'WeaponStableState'
Function: 'ValidateMuzzleArray'
Stack trace:
scripts/4_World/entities\firearms\fsm\states\weaponstablestate.c:191
scripts/4_World/entities\firearms\fsm\states\weaponstablestate.c:36
scripts/4_World/entities\firearms\rifle_base.c:22
scripts/4_World/entities\firearms\weapon_base.c:128
SCRIPT       : [Namalsk][NamEventManager]: SnowfallE: Phase Length 1190.14
SCRIPT    (E): [WeaponStableState::ValidateMuzzleArray] :: [ERROR] :: Muzzle array validation has failed. Please set up the correct muzzle states by overriding InitMuzzleArray.
Class:      'WeaponStableState'
Function: 'ValidateMuzzleArray'
Stack trace:
scripts/4_World/entities\firearms\fsm\states\weaponstablestate.c:191
scripts/4_World/entities\firearms\fsm\states\weaponstablestate.c:36
scripts/4_World/entities\firearms\rifle_base.c:22
scripts/4_World/entities\firearms\weapon_base.c:128
SCRIPT       : [Namalsk][NamEventManager]: Trying to select a new event...
SCRIPT       : [Namalsk][NamEventManager]: Starting event ExtremeCold
SCRIPT       : [Namalsk][ExtremeCold]: init: 100 (sec), mid: 1197.83 (sec), end: 100 (sec), TempDrop: -5.33579 (C)
SCRIPT       : [Namalsk][NamEventManager]: ExtremeCold: Phase Length 100
SCRIPT       : [Namalsk][NamEventManager]: Next selection will occur in 939 seconds
SCRIPT       : [Namalsk][NamEventManager]: ExtremeCold: Phase Length 1197.83
SCRIPT    (E): [WeaponStableState::ValidateMuzzleArray] :: [ERROR] :: Muzzle array validation has failed. Please set up the correct muzzle states by overriding InitMuzzleArray.
Class:      'WeaponStableState'
Function: 'ValidateMuzzleArray'
Stack trace:
scripts/4_World/entities\firearms\fsm\states\weaponstablestate.c:191
scripts/4_World/entities\firearms\fsm\states\weaponstablestate.c:36
scripts/4_World/entities\firearms\rifle_base.c:22
scripts/4_World/entities\firearms\weapon_base.c:128
SCRIPT       : [inv] ReplaceItemWithNewLambdaBase Step B) remove OK, loc={ type=HANDS item=LongWoodenStick:5713 parent=SurvivorF_Judy:1:INSTANCETYPE_SERVER }
SCRIPT       : [Namalsk][NamEventManager]: SnowfallE: Phase Length 600
SCRIPT       : [Namalsk][NamEventManager]: Trying to select a new event...
SCRIPT       : [Namalsk][NamEventManager]: Could not start event as we reached the maximum event limit 2
SCRIPT       : [Namalsk][NamEventManager]: Next selection will occur in 937 seconds
SCRIPT       : [inv] ReplaceItemWithNewLambdaBase Step B) remove OK, loc={ type=HANDS item=LongWoodenStick:13549 parent=SurvivorF_Judy:1:INSTANCETYPE_SERVER }
SCRIPT       : [inv] ReplaceItemWithNewLambdaBase Step B) remove OK, loc={ type=HANDS item=LongWoodenStick:5069 parent=SurvivorF_Judy:1:INSTANCETYPE_SERVER }
SCRIPT       : [inv] ReplaceItemWithNewLambdaBase Step B) remove OK, loc={ type=HANDS item=LongWoodenStick:11048 parent=SurvivorF_Judy:1:INSTANCETYPE_SERVER }
SCRIPT       : [inv] ReplaceItemWithNewLambdaBase Step B) remove OK, loc={ type=HANDS item=LongWoodenStick:13402 parent=SurvivorF_Judy:1:INSTANCETYPE_SERVER }
SCRIPT       : [inv] ReplaceItemWithNewLambdaBase Step B) remove OK, loc={ type=HANDS item=LongWoodenStick:13962 parent=SurvivorF_Judy:1:INSTANCETYPE_SERVER }
SCRIPT       : [Namalsk][NamEventManager]: ExtremeCold: Phase Length 100
SCRIPT       : [Namalsk][NamEventManager]: ExtremeCold: Phase Length 0
SCRIPT       : [Namalsk][NamEventManager]: SnowfallE: Phase Length 0
SCRIPT       : [Namalsk][NamEventManager]: Trying to select a new event...
SCRIPT       : [Namalsk][NamEventManager]: Starting event ExtremeCold
SCRIPT       : [Namalsk][ExtremeCold]: init: 100 (sec), mid: 969.305 (sec), end: 100 (sec), TempDrop: -4.66313 (C)
SCRIPT       : [Namalsk][NamEventManager]: ExtremeCold: Phase Length 100
SCRIPT       : [Namalsk][NamEventManager]: Next selection will occur in 601 seconds
SCRIPT       : [Namalsk][NamEventManager]: ExtremeCold: Phase Length 969.305
SCRIPT       : [Namalsk][NamEventManager]: Trying to select a new event...
SCRIPT       : [Namalsk][NamEventManager]: Starting event EVRStorm
SCRIPT       : [Namalsk][EVRStorm]: InitPhaseServer
SCRIPT       : [Namalsk][NamEventManager]: EVRStorm: Phase Length 1080
SCRIPT       : [Namalsk][NamEventManager]: Next selection will occur in 786 seconds
SCRIPT       : [Logout]: New player qhsfBzIRWPqR7htNvCBTNpglkbHVhC3JD5BRv2qbBTM= with logout time 15
SCRIPT       : [Logout]: Player qhsfBzIRWPqR7htNvCBTNpglkbHVhC3JD5BRv2qbBTM= finished
SCRIPT    (E): [WeaponStableState::ValidateMuzzleArray] :: [ERROR] :: Muzzle array validation has failed. Please set up the correct muzzle states by overriding InitMuzzleArray.
Class:      'WeaponStableState'
Function: 'ValidateMuzzleArray'
Stack trace:
scripts/4_World/entities\firearms\fsm\states\weaponstablestate.c:191
scripts/4_World/entities\firearms\fsm\states\weaponstablestate.c:36
scripts/4_World/entities\firearms\rifle_base.c:22
scripts/4_World/entities\firearms\weapon_base.c:128
SCRIPT       : [Namalsk][NamEventManager]: ExtremeCold: Phase Length 100
SCRIPT       : [Namalsk][NamEventManager]: ExtremeCold: Phase Length 0
SCRIPT       : [Namalsk][NamEventManager]: Trying to select a new event...
SCRIPT       : [Namalsk][NamEventManager]: Starting event Aurora
SCRIPT       : [Namalsk][NamEventManager]: Aurora: Phase Length 60
SCRIPT       : [Namalsk][NamEventManager]: Next selection will occur in 914 seconds
SCRIPT       : [Namalsk][NamEventManager]: Aurora: Phase Length 1158.67
SCRIPT       : [Namalsk][EVRStorm]: MidPhaseServer
SCRIPT       : [Namalsk][NamEventManager]: EVRStorm: Phase Length 90
SCRIPT       : float m_Colour_SkyOrang = 0.23
SCRIPT       : [Namalsk][EVRStorm]: EndPhaseServer
SCRIPT       : [Namalsk][NamEventManager]: EVRStorm: Phase Length 220
SCRIPT       : [Namalsk][NamEventManager]: EVRStorm: Phase Length 0
SCRIPT       : [Namalsk][EVRStorm]: ~EVRStorm
SCRIPT       : [Namalsk][NamEventManager]: Trying to select a new event...
SCRIPT       : [Namalsk][NamEventManager]: Starting event Blizzard
SCRIPT       : [Namalsk][NamEventManager]: Could not run event Aurora because it conflicts with event Aurora...
SCRIPT       : [Namalsk][NamEventManager]: Next selection will occur in 874 seconds
SCRIPT       : [Namalsk][NamEventManager]: Aurora: Phase Length 60
SCRIPT       : [Namalsk][NamEventManager]: Aurora: Phase Length 0
SCRIPT       : [Namalsk][NamEventManager]: Trying to select a new event...
SCRIPT       : [Namalsk][NamEventManager]: Could not start event EVRStorm as it is on cooldown for 127 more seconds
SCRIPT       : [Namalsk][NamEventManager]: Next selection will occur in 603 seconds
SCRIPT       : [Namalsk][NamEventManager]: Trying to select a new event...
SCRIPT       : [Namalsk][NamEventManager]: Starting event SnowfallE
SCRIPT       : [Namalsk][SnowfallE]: init: 600 (sec), mid: 1049.29 (sec), end: 600 (sec)
SCRIPT       : [Namalsk][NamEventManager]: SnowfallE: Phase Length 600
SCRIPT       : [Namalsk][NamEventManager]: Next selection will occur in 608 seconds
SCRIPT       : [Namalsk][NamEventManager]: SnowfallE: Phase Length 1049.29
SCRIPT       : [Namalsk][NamEventManager]: Trying to select a new event...
SCRIPT       : [Namalsk][NamEventManager]: Starting event Aurora
SCRIPT       : [Namalsk][NamEventManager]: Aurora: Phase Length 60
SCRIPT       : [Namalsk][NamEventManager]: Next selection will occur in 661 seconds
SCRIPT       : [Namalsk][NamEventManager]: Aurora: Phase Length 1171.51
SCRIPT       : [Namalsk][NamEventManager]: Trying to select a new event...
SCRIPT       : [Namalsk][NamEventManager]: Could not start event as we reached the maximum event limit 2
SCRIPT       : [Namalsk][NamEventManager]: Next selection will occur in 733 seconds
SCRIPT       : [Namalsk][NamEventManager]: SnowfallE: Phase Length 600
SCRIPT       : [Namalsk][NamEventManager]: Aurora: Phase Length 60
SCRIPT       : [Namalsk][NamEventManager]: Aurora: Phase Length 0
SCRIPT       : [Namalsk][NamEventManager]: Trying to select a new event...
SCRIPT       : [Namalsk][NamEventManager]: Starting event ExtremeCold
SCRIPT       : [Namalsk][ExtremeCold]: init: 100 (sec), mid: 967.302 (sec), end: 100 (sec), TempDrop: -5.63682 (C)
SCRIPT       : [Namalsk][NamEventManager]: ExtremeCold: Phase Length 100
SCRIPT       : [Namalsk][NamEventManager]: Next selection will occur in 847 seconds
SCRIPT       : [Namalsk][NamEventManager]: ExtremeCold: Phase Length 967.302
SCRIPT       : [Namalsk][NamEventManager]: SnowfallE: Phase Length 0
SCRIPT       : [Namalsk][NamEventManager]: Trying to select a new event...
SCRIPT       : [Namalsk][NamEventManager]: Starting event Aurora
SCRIPT       : [Namalsk][NamEventManager]: Aurora: Phase Length 60
SCRIPT       : [Namalsk][NamEventManager]: Next selection will occur in 623 seconds
SCRIPT       : [Namalsk][NamEventManager]: Aurora: Phase Length 1039.05
SCRIPT       : [Namalsk][NamEventManager]: ExtremeCold: Phase Length 100
SCRIPT       : [Namalsk][NamEventManager]: ExtremeCold: Phase Length 0
SCRIPT       : [Namalsk][NamEventManager]: Trying to select a new event...
SCRIPT       : [Namalsk][NamEventManager]: Starting event SnowfallE
SCRIPT       : [Namalsk][NamEventManager]: Could not run event Aurora because it conflicts with event Aurora...
SCRIPT       : [Namalsk][NamEventManager]: Next selection will occur in 702 seconds
SCRIPT       : [Namalsk][NamEventManager]: Aurora: Phase Length 60
SCRIPT       : [Namalsk][NamEventManager]: Aurora: Phase Length 0
SCRIPT       : [Namalsk][NamEventManager]: Trying to select a new event...
SCRIPT       : [Namalsk][NamEventManager]: Starting event EVRStorm
SCRIPT       : [Namalsk][EVRStorm]: InitPhaseServer
SCRIPT       : [Namalsk][NamEventManager]: EVRStorm: Phase Length 1080
SCRIPT       : [Namalsk][NamEventManager]: Next selection will occur in 869 seconds
SCRIPT       : ~DayZGame()
