=====================================================================
== C:\SERVICES\ni10839481_1_SHARE\ftproot\dayzstandalone\DayZServer_x64.exe
== "C:\SERVICES\ni10839481_1_SHARE\ftproot\dayzstandalone\DayZServer_x64.exe" -ip=85.190.162.236 -port=11200 -cpuCount=4 -limitFPS=100 -config=serverDZ.cfg "-mod=@Namalsk Survival;@Namalsk Island;@Zens Zombie Door Bangers;@Ear-Plugs;@Code Lock" -profiles=C:\SERVICES\ni10839481_1_SHARE\ftproot\dayzstandalone/config -BEPath=C:\SERVICES\ni10839481_1_SHARE\ftproot\dayzstandalone\battleye -noFilePatching -nologs -adminlog -freezecheck
=====================================================================
Exe timestamp: 2025/04/04 00:49:20
Current time:  2025/04/20 04:25:08
Version 1.27.159674
=====================================================================

 4:25:08.235 [Inputs] Loading inputs default "bin/constants.xml"
 4:25:08.260 [Inputs] Loading inputs default "bin/specific.xml"
 4:25:08.262 [Inputs] Loading inputs default "EarPlugs/data/inputs.xml"
 4:25:08.264 [Inputs] Loading inputs default "nst/ns_dayz/scripts/Data/Inputs.xml"
 4:25:08.266 [Inputs] Loading inputs cfg "C:\SERVICES\ni10839481_1_SHARE\ftproot\dayzstandalone/config\Users\Survivor\Server.core.xml"
 4:25:08.282 [Inputs] Exporting inputs cfg "C:\SERVICES\ni10839481_1_SHARE\ftproot\dayzstandalone/config\Users\Survivor\Server.core.xml"
 4:25:28.494 Hostname of server: "Aid Station | Namalsk"
 4:25:37.111 [CE][Hive] :: Initializing OFFLINE
 4:25:37.112 [StorageDirs] :: Selected storage directory: C:\SERVICES\ni10839481_1_SHARE\ftproot\dayzstandalone\mpmissions\regular.namalsk\storage_1\
 4:25:37.115 [CE][Hive] :: Loading core data ... 
 4:25:37.118 [CE][CoreData] :: 8 root classes, 0 defaults, 0 updaters...
 4:25:43.117 [CE] :: WARNING :: Preset map "headsFirefighter" is EMPTY.
 4:25:43.119 [CE][TypeSetup] :: 599 classes setuped...
 4:25:43.651 [CE][RegisterBind] :: 0 classes binded...
 4:25:43.651 [CE][RegisterConfig] :: 5794 config classes registered, 0 sub-counters...
 4:25:43.651 [CE][Hive] :: Loading map data ... 
 4:25:43.719 [CE][LoadPrototype] :: loaded 256 prototypes
 4:25:43.719   404 containers, 7415 points
 4:25:43.719   1 dispatches, 1 proxies
 4:25:43.719 !!! [CE][LoadPrototype] 1 groups have wrong points...
 4:25:43.719 [CE][LoadPrototype] :: last group name: land_frozen_person...
 4:25:43.727 [CE][LoadPrototype] :: loaded 0 prototypes
 4:25:43.727   38 containers, 66 points
 4:25:43.727   0 dispatches, 0 proxies
 4:25:43.727 [CE][LoadPrototype] :: last group name: StoneLoc38...
 4:25:43.812 [CE][LoadMap] "Group" :: loaded 1445 groups, groups failed: 0, largest group range: 36.4
 4:25:43.819 [CE][LoadMap] "Dirt" :: loaded 0 groups, groups failed: 0, largest group range: 36.4
 4:25:43.824 [CE][Links] found 472 total links between groups, of 1445
 4:25:43.824 [CE][LoadClusters] "Cluster" :: Loading files...
 4:25:43.838 [CE][LoadClusters] :: file: "mapgroupcluster.xml", 1 types, 2418 instances
 4:25:43.841 [CE][Storage] ver:21 stamp:44359, valid:yes, name:"C:\SERVICES\ni10839481_1_SHARE\ftproot\dayzstandalone\mpmissions\regular.namalsk\storage_1\data\types.bin"
 4:25:43.843 [CE][Storage] ver:21 stamp:44052, valid:yes, name:"C:\SERVICES\ni10839481_1_SHARE\ftproot\dayzstandalone\mpmissions\regular.namalsk\storage_1\data\types.001"
 4:25:43.845 [CE][Storage] ver:21 stamp:44050, valid:yes, name:"C:\SERVICES\ni10839481_1_SHARE\ftproot\dayzstandalone\mpmissions\regular.namalsk\storage_1\data\types.002"
 4:25:43.845 [CE][Storage] Restoring file "C:\SERVICES\ni10839481_1_SHARE\ftproot\dayzstandalone\mpmissions\regular.namalsk\storage_1\data\types.bin".
 4:25:43.895 [CE][offlineDB] :: Loaded 23 dynamic events 177 total types.
 4:25:43.922 !!! [CE][offlineDB] :: Type 'ChristmasTree' will be ignored. (Not spawnable. (Scope is not public?))
 4:25:43.942 [CE][DE][SPAWNS] :: Total positions: 711
 4:25:43.942 [CE][DE][GROUPS] :: Total eventgroups defined: 0, Eventgroups in use: 0
 4:25:43.943 [CE][Storage] ver:25 stamp:44359, valid:yes, name:"C:\SERVICES\ni10839481_1_SHARE\ftproot\dayzstandalone\mpmissions\regular.namalsk\storage_1\data\events.bin"
 4:25:43.944 [CE][Storage] ver:25 stamp:44052, valid:yes, name:"C:\SERVICES\ni10839481_1_SHARE\ftproot\dayzstandalone\mpmissions\regular.namalsk\storage_1\data\events.001"
 4:25:43.945 [CE][Storage] ver:25 stamp:44050, valid:yes, name:"C:\SERVICES\ni10839481_1_SHARE\ftproot\dayzstandalone\mpmissions\regular.namalsk\storage_1\data\events.002"
 4:25:43.945 [CE][Storage] Restoring file "C:\SERVICES\ni10839481_1_SHARE\ftproot\dayzstandalone\mpmissions\regular.namalsk\storage_1\data\events.bin".
 4:25:43.945 [CE][DynamicEvent] Load  Events:[23] Primary spawners: 23 Secondary spawners: 0
 4:25:43.947 [CE][Storage] ver:25 stamp:44359, valid:yes, name:"C:\SERVICES\ni10839481_1_SHARE\ftproot\dayzstandalone\mpmissions\regular.namalsk\storage_1\data\dynamic_000.bin"
 4:25:43.948 [CE][Storage] ver:25 stamp:44052, valid:yes, name:"C:\SERVICES\ni10839481_1_SHARE\ftproot\dayzstandalone\mpmissions\regular.namalsk\storage_1\data\dynamic_000.001"
 4:25:43.949 [CE][Storage] ver:25 stamp:44050, valid:yes, name:"C:\SERVICES\ni10839481_1_SHARE\ftproot\dayzstandalone\mpmissions\regular.namalsk\storage_1\data\dynamic_000.002"
 4:25:43.949 [CE][Storage] Restoring file "C:\SERVICES\ni10839481_1_SHARE\ftproot\dayzstandalone\mpmissions\regular.namalsk\storage_1\data\dynamic_000.bin" 1 items.
 4:25:43.950   1 items loaded. (0 failed)
 4:25:43.951 [CE][Storage] ver:25 stamp:44359, valid:yes, name:"C:\SERVICES\ni10839481_1_SHARE\ftproot\dayzstandalone\mpmissions\regular.namalsk\storage_1\data\dynamic_001.bin"
 4:25:43.953 [CE][Storage] ver:25 stamp:44052, valid:yes, name:"C:\SERVICES\ni10839481_1_SHARE\ftproot\dayzstandalone\mpmissions\regular.namalsk\storage_1\data\dynamic_001.001"
 4:25:43.954 [CE][Storage] ver:25 stamp:44050, valid:yes, name:"C:\SERVICES\ni10839481_1_SHARE\ftproot\dayzstandalone\mpmissions\regular.namalsk\storage_1\data\dynamic_001.002"
 4:25:43.954 [CE][Storage] Restoring file "C:\SERVICES\ni10839481_1_SHARE\ftproot\dayzstandalone\mpmissions\regular.namalsk\storage_1\data\dynamic_001.bin" 29 items.
 4:25:44.16   29 items loaded. (0 failed)
 4:25:44.17 [CE][Storage] ver:25 stamp:44359, valid:yes, name:"C:\SERVICES\ni10839481_1_SHARE\ftproot\dayzstandalone\mpmissions\regular.namalsk\storage_1\data\dynamic_002.bin"
 4:25:44.18 [CE][Storage] ver:25 stamp:44052, valid:yes, name:"C:\SERVICES\ni10839481_1_SHARE\ftproot\dayzstandalone\mpmissions\regular.namalsk\storage_1\data\dynamic_002.001"
 4:25:44.20 [CE][Storage] ver:25 stamp:44050, valid:yes, name:"C:\SERVICES\ni10839481_1_SHARE\ftproot\dayzstandalone\mpmissions\regular.namalsk\storage_1\data\dynamic_002.002"
 4:25:44.20 [CE][Storage] Restoring file "C:\SERVICES\ni10839481_1_SHARE\ftproot\dayzstandalone\mpmissions\regular.namalsk\storage_1\data\dynamic_002.bin" 66 items.
 4:25:44.109   66 items loaded. (0 failed)
 4:25:44.111 [CE][Storage] ver:25 stamp:44359, valid:yes, name:"C:\SERVICES\ni10839481_1_SHARE\ftproot\dayzstandalone\mpmissions\regular.namalsk\storage_1\data\dynamic_003.bin"
 4:25:44.113 [CE][Storage] ver:25 stamp:44052, valid:yes, name:"C:\SERVICES\ni10839481_1_SHARE\ftproot\dayzstandalone\mpmissions\regular.namalsk\storage_1\data\dynamic_003.001"
 4:25:44.115 [CE][Storage] ver:25 stamp:44050, valid:yes, name:"C:\SERVICES\ni10839481_1_SHARE\ftproot\dayzstandalone\mpmissions\regular.namalsk\storage_1\data\dynamic_003.002"
 4:25:44.115 [CE][Storage] Restoring file "C:\SERVICES\ni10839481_1_SHARE\ftproot\dayzstandalone\mpmissions\regular.namalsk\storage_1\data\dynamic_003.bin" 730 items.
 4:25:44.806   730 items loaded. (0 failed)
 4:25:44.809 [CE][Storage] ver:25 stamp:44359, valid:yes, name:"C:\SERVICES\ni10839481_1_SHARE\ftproot\dayzstandalone\mpmissions\regular.namalsk\storage_1\data\dynamic_004.bin"
 4:25:44.812 [CE][Storage] ver:25 stamp:44052, valid:yes, name:"C:\SERVICES\ni10839481_1_SHARE\ftproot\dayzstandalone\mpmissions\regular.namalsk\storage_1\data\dynamic_004.001"
 4:25:44.817 [CE][Storage] ver:25 stamp:44050, valid:yes, name:"C:\SERVICES\ni10839481_1_SHARE\ftproot\dayzstandalone\mpmissions\regular.namalsk\storage_1\data\dynamic_004.002"
 4:25:44.817 [CE][Storage] Restoring file "C:\SERVICES\ni10839481_1_SHARE\ftproot\dayzstandalone\mpmissions\regular.namalsk\storage_1\data\dynamic_004.bin" 1716 items.
 4:25:46.78   1716 items loaded. (0 failed)
 4:25:46.80 [CE][Storage] ver:25 stamp:44359, valid:yes, name:"C:\SERVICES\ni10839481_1_SHARE\ftproot\dayzstandalone\mpmissions\regular.namalsk\storage_1\data\dynamic_005.bin"
 4:25:46.82 [CE][Storage] ver:25 stamp:44052, valid:yes, name:"C:\SERVICES\ni10839481_1_SHARE\ftproot\dayzstandalone\mpmissions\regular.namalsk\storage_1\data\dynamic_005.001"
 4:25:46.84 [CE][Storage] ver:25 stamp:44050, valid:yes, name:"C:\SERVICES\ni10839481_1_SHARE\ftproot\dayzstandalone\mpmissions\regular.namalsk\storage_1\data\dynamic_005.002"
 4:25:46.84 [CE][Storage] Restoring file "C:\SERVICES\ni10839481_1_SHARE\ftproot\dayzstandalone\mpmissions\regular.namalsk\storage_1\data\dynamic_005.bin" 744 items.
 4:25:47.431   744 items loaded. (0 failed)
 4:25:47.434 [CE][Storage] ver:25 stamp:44359, valid:yes, name:"C:\SERVICES\ni10839481_1_SHARE\ftproot\dayzstandalone\mpmissions\regular.namalsk\storage_1\data\dynamic_006.bin"
 4:25:47.437 [CE][Storage] ver:25 stamp:44052, valid:yes, name:"C:\SERVICES\ni10839481_1_SHARE\ftproot\dayzstandalone\mpmissions\regular.namalsk\storage_1\data\dynamic_006.001"
 4:25:47.439 [CE][Storage] ver:25 stamp:44050, valid:yes, name:"C:\SERVICES\ni10839481_1_SHARE\ftproot\dayzstandalone\mpmissions\regular.namalsk\storage_1\data\dynamic_006.002"
 4:25:47.441 [CE][Storage] Restoring file "C:\SERVICES\ni10839481_1_SHARE\ftproot\dayzstandalone\mpmissions\regular.namalsk\storage_1\data\dynamic_006.bin" 1685 items.
 4:25:48.203   1685 items loaded. (0 failed)
 4:25:48.205 [CE][Storage] ver:25 stamp:44359, valid:yes, name:"C:\SERVICES\ni10839481_1_SHARE\ftproot\dayzstandalone\mpmissions\regular.namalsk\storage_1\data\dynamic_007.bin"
 4:25:48.207 [CE][Storage] ver:25 stamp:44052, valid:yes, name:"C:\SERVICES\ni10839481_1_SHARE\ftproot\dayzstandalone\mpmissions\regular.namalsk\storage_1\data\dynamic_007.001"
 4:25:48.209 [CE][Storage] ver:25 stamp:44050, valid:yes, name:"C:\SERVICES\ni10839481_1_SHARE\ftproot\dayzstandalone\mpmissions\regular.namalsk\storage_1\data\dynamic_007.002"
 4:25:48.209 [CE][Storage] Restoring file "C:\SERVICES\ni10839481_1_SHARE\ftproot\dayzstandalone\mpmissions\regular.namalsk\storage_1\data\dynamic_007.bin" 613 items.
 4:25:48.470   613 items loaded. (0 failed)
 4:25:48.472 [CE][Storage] ver:25 stamp:44359, valid:yes, name:"C:\SERVICES\ni10839481_1_SHARE\ftproot\dayzstandalone\mpmissions\regular.namalsk\storage_1\data\dynamic_008.bin"
 4:25:48.473 [CE][Storage] ver:25 stamp:44052, valid:yes, name:"C:\SERVICES\ni10839481_1_SHARE\ftproot\dayzstandalone\mpmissions\regular.namalsk\storage_1\data\dynamic_008.001"
 4:25:48.475 [CE][Storage] ver:25 stamp:44050, valid:yes, name:"C:\SERVICES\ni10839481_1_SHARE\ftproot\dayzstandalone\mpmissions\regular.namalsk\storage_1\data\dynamic_008.002"
 4:25:48.475 [CE][Storage] Restoring file "C:\SERVICES\ni10839481_1_SHARE\ftproot\dayzstandalone\mpmissions\regular.namalsk\storage_1\data\dynamic_008.bin" 127 items.
 4:25:48.528   127 items loaded. (0 failed)
 4:25:48.529 [CE][Storage] ver:25 stamp:44359, valid:yes, name:"C:\SERVICES\ni10839481_1_SHARE\ftproot\dayzstandalone\mpmissions\regular.namalsk\storage_1\data\dynamic_009.bin"
 4:25:48.531 [CE][Storage] ver:25 stamp:44052, valid:yes, name:"C:\SERVICES\ni10839481_1_SHARE\ftproot\dayzstandalone\mpmissions\regular.namalsk\storage_1\data\dynamic_009.001"
 4:25:48.533 [CE][Storage] ver:25 stamp:44050, valid:yes, name:"C:\SERVICES\ni10839481_1_SHARE\ftproot\dayzstandalone\mpmissions\regular.namalsk\storage_1\data\dynamic_009.002"
 4:25:48.533 [CE][Storage] Restoring file "C:\SERVICES\ni10839481_1_SHARE\ftproot\dayzstandalone\mpmissions\regular.namalsk\storage_1\data\dynamic_009.bin" 0 items.
 4:25:48.533   0 items loaded. (0 failed)
 4:25:48.534 [CE][Storage] ver:25 stamp:44359, valid:yes, name:"C:\SERVICES\ni10839481_1_SHARE\ftproot\dayzstandalone\mpmissions\regular.namalsk\storage_1\data\dynamic_010.bin"
 4:25:48.535 [CE][Storage] ver:25 stamp:44052, valid:yes, name:"C:\SERVICES\ni10839481_1_SHARE\ftproot\dayzstandalone\mpmissions\regular.namalsk\storage_1\data\dynamic_010.001"
 4:25:48.537 [CE][Storage] ver:25 stamp:44050, valid:yes, name:"C:\SERVICES\ni10839481_1_SHARE\ftproot\dayzstandalone\mpmissions\regular.namalsk\storage_1\data\dynamic_010.002"
 4:25:48.537 [CE][Storage] Restoring file "C:\SERVICES\ni10839481_1_SHARE\ftproot\dayzstandalone\mpmissions\regular.namalsk\storage_1\data\dynamic_010.bin" 32 items.
 4:25:48.555   32 items loaded. (0 failed)
 4:25:48.556 [CE][Storage] ver:25 stamp:44359, valid:yes, name:"C:\SERVICES\ni10839481_1_SHARE\ftproot\dayzstandalone\mpmissions\regular.namalsk\storage_1\data\dynamic_011.bin"
 4:25:48.558 [CE][Storage] ver:25 stamp:44052, valid:yes, name:"C:\SERVICES\ni10839481_1_SHARE\ftproot\dayzstandalone\mpmissions\regular.namalsk\storage_1\data\dynamic_011.001"
 4:25:48.559 [CE][Storage] ver:25 stamp:44050, valid:yes, name:"C:\SERVICES\ni10839481_1_SHARE\ftproot\dayzstandalone\mpmissions\regular.namalsk\storage_1\data\dynamic_011.002"
 4:25:48.559 [CE][Storage] Restoring file "C:\SERVICES\ni10839481_1_SHARE\ftproot\dayzstandalone\mpmissions\regular.namalsk\storage_1\data\dynamic_011.bin" 47 items.
 4:25:48.594   47 items loaded. (0 failed)
 4:25:48.596 [CE][Storage] ver:26 stamp:44359, valid:yes, name:"C:\SERVICES\ni10839481_1_SHARE\ftproot\dayzstandalone\mpmissions\regular.namalsk\storage_1\data\building.bin"
 4:25:48.597 [CE][Storage] ver:26 stamp:44052, valid:yes, name:"C:\SERVICES\ni10839481_1_SHARE\ftproot\dayzstandalone\mpmissions\regular.namalsk\storage_1\data\building.001"
 4:25:48.598 [CE][Storage] ver:26 stamp:44050, valid:yes, name:"C:\SERVICES\ni10839481_1_SHARE\ftproot\dayzstandalone\mpmissions\regular.namalsk\storage_1\data\building.002"
 4:25:48.598 [CE][Storage] Restoring file "C:\SERVICES\ni10839481_1_SHARE\ftproot\dayzstandalone\mpmissions\regular.namalsk\storage_1\data\building.bin" 0 items.
 4:25:48.598   0 items loaded. (0 failed)
 4:25:48.600 [CE][Storage] ver:25 stamp:44359, valid:yes, name:"C:\SERVICES\ni10839481_1_SHARE\ftproot\dayzstandalone\mpmissions\regular.namalsk\storage_1\data\vehicles.bin"
 4:25:48.603 [CE][Storage] ver:25 stamp:44052, valid:yes, name:"C:\SERVICES\ni10839481_1_SHARE\ftproot\dayzstandalone\mpmissions\regular.namalsk\storage_1\data\vehicles.001"
 4:25:48.605 [CE][Storage] ver:25 stamp:44050, valid:yes, name:"C:\SERVICES\ni10839481_1_SHARE\ftproot\dayzstandalone\mpmissions\regular.namalsk\storage_1\data\vehicles.002"
 4:25:48.605 [CE][Storage] Restoring file "C:\SERVICES\ni10839481_1_SHARE\ftproot\dayzstandalone\mpmissions\regular.namalsk\storage_1\data\vehicles.bin" 57 items.
 4:25:48.793   57 items loaded. (0 failed)
 4:25:48.808 [CE][Hive] :: Storage load took:4.86 seconds, recovery stamp:44359
 4:25:48.808   entity: 8407, building: 0
 4:25:48.808   no lifetime: 14
 4:25:48.808   pathgraph's: 314
 4:25:48.812 [CE][Hive] :: Initializing ... 
 4:25:48.840 [CE][InitializeMap] :: initialized: 0
 4:25:48.840 [CE][Hive] :: Initializing spawners ... 
 4:25:48.840 [CE][LootRespawner] (PRIDummy) :: Initially (re)spawned:0, Nominal:6458, Total in Map: 5888 at 0 (sec)
 4:25:48.840   tests:0, repeats:0 fails:0, overtime:0
 4:25:51.170 [CE][DynEvent] :: 23 types
 4:25:51.170 [00] Loot
 4:25:51.170   Primary Spawner: "Loot", active: yes, repeat: 2
 4:25:51.170 [01] StaticMedDrop
 4:25:51.170   Primary Spawner: "Static", active: yes, repeat: 1
 4:25:51.170 [02] StaticLifeboat
 4:25:51.170   Primary Spawner: "Static", active: yes, repeat: 1
 4:25:51.170 [03] ItemWoodenPlanks
 4:25:51.170   Primary Spawner: "Item", active: yes, repeat: 1
 4:25:51.170 [04] TrajectoryStones
 4:25:51.170   Primary Spawner: "Trajectory", active: yes, repeat: 1
 4:25:51.170 [05] InfectedSanta
 4:25:51.170   Primary Spawner: "Infected", active: yes, repeat: 1
 4:25:51.170 [06] InfectedArmy
 4:25:51.170   Primary Spawner: "Infected", active: yes, repeat: 1
 4:25:51.170 [07] InfectedIndustrial
 4:25:51.170   Primary Spawner: "Infected", active: yes, repeat: 1
 4:25:51.170 [08] InfectedCivil
 4:25:51.170   Primary Spawner: "Infected", active: yes, repeat: 1
 4:25:51.170 [09] InfectedMedic
 4:25:51.170   Primary Spawner: "Infected", active: yes, repeat: 1
 4:25:51.170 [10] AnimalGoat
 4:25:51.170   Primary Spawner: "Animal", active: yes, repeat: 1
 4:25:51.170 [11] AnimalSheep
 4:25:51.170   Primary Spawner: "Animal", active: yes, repeat: 1
 4:25:51.171 [12] AnimalReindeer
 4:25:51.171   Primary Spawner: "Animal", active: yes, repeat: 1
 4:25:51.171 [13] AnimalWildBoar
 4:25:51.171   Primary Spawner: "Animal", active: yes, repeat: 1
 4:25:51.171 [14] AnimalWolf
 4:25:51.171   Primary Spawner: "Animal", active: yes, repeat: 1
 4:25:51.171 [15] AnimalBrownBear
 4:25:51.171   Primary Spawner: "Animal", active: yes, repeat: 1
 4:25:51.171 [16] AnimalPolarBear
 4:25:51.171   Primary Spawner: "Animal", active: yes, repeat: 1
 4:25:51.171 [17] AmbientFox
 4:25:51.171   Primary Spawner: "Ambient", active: yes, repeat: 1
 4:25:51.171 [18] AmbientHare
 4:25:51.171   Primary Spawner: "Ambient", active: yes, repeat: 1
 4:25:51.171 [19] VehicleRubberBoats
 4:25:51.171   Primary Spawner: "Vehicle", active: yes, repeat: 1
 4:25:51.171 [20] VehicleCivilianCars
 4:25:51.171   Primary Spawner: "Vehicle", active: yes, repeat: 1
 4:25:51.171 [21] VehicleTrucks
 4:25:51.171   Primary Spawner: "Vehicle", active: yes, repeat: 1
 4:25:51.171 [22] VehicleMilitary
 4:25:51.171   Primary Spawner: "Vehicle", active: yes, repeat: 1
 4:25:51.171 [CE][Hive] :: Initializing of spawners done.
 4:25:51.175 [CE][Hive] :: Init sequence finished.
 4:25:51.175 Player connect enabled
 4:25:51.958 [IdleMode] Entering IN - save processed
11:08:01.142 [Shutdown] Shutting down in 5400 seconds (90 minutes).
11:39:02.155 [Shutdown] Shutting down in 3600 seconds (60 minutes).
11:54:32.96 [Shutdown] Shutting down in 2700 seconds (45 minutes).
12:10:02.865 [Shutdown] Shutting down in 1800 seconds (30 minutes).
12:20:24.572 [Shutdown] Shutting down in 1200 seconds (20 minutes).
12:25:35.426 [Shutdown] Shutting down in 900 seconds (15 minutes).
12:30:46.35 [Shutdown] Shutting down in 600 seconds (10 minutes).
12:35:55.827 [Shutdown] Shutting down in 300 seconds (5 minutes).
12:36:57.764 [Shutdown] Shutting down in 240 seconds (4 minutes).
12:37:59.710 [Shutdown] Shutting down in 180 seconds (3 minutes).
12:39:01.536 [Shutdown] Shutting down in 120 seconds (2 minutes).
12:40:03.492 [Shutdown] Shutting down in 60 seconds (1 minutes).
12:40:03.588 [Shutdown] Saving players, locking server and kicking all players.
12:41:05.360 [Server] :: termination in: 5
12:41:06.361 [Server] :: termination in: 4
12:41:07.361 [Server] :: termination in: 3
12:41:08.362 [Server] :: termination in: 2
12:41:09.362 [Server] :: termination in: 1
12:41:14.760  --- Termination successfully completed --- 
