=====================================================================
== C:\SERVICES\ni10839481_1_SHARE\ftproot\dayzstandalone\DayZServer_x64.exe
== "C:\SERVICES\ni10839481_1_SHARE\ftproot\dayzstandalone\DayZServer_x64.exe" -ip=85.190.162.236 -port=11200 -cpuCount=4 -limitFPS=100 -config=serverDZ.cfg "-mod=@Namalsk Survival;@Namalsk Island;@Zens Zombie Door Bangers;@Ear-Plugs;@Code Lock" -profiles=C:\SERVICES\ni10839481_1_SHARE\ftproot\dayzstandalone/config -BEPath=C:\SERVICES\ni10839481_1_SHARE\ftproot\dayzstandalone\battleye -noFilePatching -nologs -adminlog -freezecheck
=====================================================================
Exe timestamp: 2025/04/04 00:49:20
Current time:  2025/05/17 04:25:25
Version 1.27.159674
=====================================================================

 4:25:25.819 [Inputs] Loading inputs default "bin/constants.xml"
 4:25:25.827 [Inputs] Loading inputs default "bin/specific.xml"
 4:25:25.829 [Inputs] Loading inputs default "EarPlugs/data/inputs.xml"
 4:25:25.831 [Inputs] Loading inputs default "nst/ns_dayz/scripts/Data/Inputs.xml"
 4:25:25.833 [Inputs] Loading inputs cfg "C:\SERVICES\ni10839481_1_SHARE\ftproot\dayzstandalone/config\Users\Survivor\Server.core.xml"
 4:25:25.845 [Inputs] Exporting inputs cfg "C:\SERVICES\ni10839481_1_SHARE\ftproot\dayzstandalone/config\Users\Survivor\Server.core.xml"
 4:25:49.783 Hostname of server: "Aid Station | Namalsk | PVE"
 4:26:00.807 [CE][Hive] :: Initializing OFFLINE
 4:26:00.808 [StorageDirs] :: Selected storage directory: C:\SERVICES\ni10839481_1_SHARE\ftproot\dayzstandalone\mpmissions\regular.namalsk\storage_1\
 4:26:00.811 [CE][Hive] :: Loading core data ... 
 4:26:00.828 [CE][CoreData] :: 8 root classes, 0 defaults, 0 updaters...
 4:26:10.271 [CE] :: WARNING :: Preset map "headsFirefighter" is EMPTY.
 4:26:10.275 [CE][TypeSetup] :: 599 classes setuped...
 4:26:10.906 [CE][RegisterBind] :: 0 classes binded...
 4:26:10.906 [CE][RegisterConfig] :: 5794 config classes registered, 0 sub-counters...
 4:26:10.906 [CE][Hive] :: Loading map data ... 
 4:26:10.997 [CE][LoadPrototype] :: loaded 256 prototypes
 4:26:10.997   404 containers, 7415 points
 4:26:10.997   1 dispatches, 1 proxies
 4:26:10.997 !!! [CE][LoadPrototype] 1 groups have wrong points...
 4:26:10.997 [CE][LoadPrototype] :: last group name: land_frozen_person...
 4:26:11.08 [CE][LoadPrototype] :: loaded 0 prototypes
 4:26:11.08   38 containers, 66 points
 4:26:11.08   0 dispatches, 0 proxies
 4:26:11.08 [CE][LoadPrototype] :: last group name: StoneLoc38...
 4:26:11.110 [CE][LoadMap] "Group" :: loaded 1445 groups, groups failed: 0, largest group range: 36.4
 4:26:11.115 [CE][LoadMap] "Dirt" :: loaded 0 groups, groups failed: 0, largest group range: 36.4
 4:26:11.120 [CE][Links] found 472 total links between groups, of 1445
 4:26:11.120 [CE][LoadClusters] "Cluster" :: Loading files...
 4:26:11.141 [CE][LoadClusters] :: file: "mapgroupcluster.xml", 1 types, 2418 instances
 4:26:11.144 [CE][Storage] ver:21 stamp:101368, valid:yes, name:"C:\SERVICES\ni10839481_1_SHARE\ftproot\dayzstandalone\mpmissions\regular.namalsk\storage_1\data\types.bin"
 4:26:11.146 [CE][Storage] ver:21 stamp:101121, valid:yes, name:"C:\SERVICES\ni10839481_1_SHARE\ftproot\dayzstandalone\mpmissions\regular.namalsk\storage_1\data\types.001"
 4:26:11.148 [CE][Storage] ver:21 stamp:101122, valid:yes, name:"C:\SERVICES\ni10839481_1_SHARE\ftproot\dayzstandalone\mpmissions\regular.namalsk\storage_1\data\types.002"
 4:26:11.148 [CE][Storage] Restoring file "C:\SERVICES\ni10839481_1_SHARE\ftproot\dayzstandalone\mpmissions\regular.namalsk\storage_1\data\types.bin".
 4:26:11.216 [CE][offlineDB] :: Loaded 23 dynamic events 177 total types.
 4:26:11.260 !!! [CE][offlineDB] :: Type 'ChristmasTree' will be ignored. (Not spawnable. (Scope is not public?))
 4:26:11.289 [CE][DE][SPAWNS] :: Total positions: 711
 4:26:11.289 [CE][DE][GROUPS] :: Total eventgroups defined: 0, Eventgroups in use: 0
 4:26:11.291 [CE][Storage] ver:25 stamp:101368, valid:yes, name:"C:\SERVICES\ni10839481_1_SHARE\ftproot\dayzstandalone\mpmissions\regular.namalsk\storage_1\data\events.bin"
 4:26:11.292 [CE][Storage] ver:25 stamp:101121, valid:yes, name:"C:\SERVICES\ni10839481_1_SHARE\ftproot\dayzstandalone\mpmissions\regular.namalsk\storage_1\data\events.001"
 4:26:11.294 [CE][Storage] ver:25 stamp:101122, valid:yes, name:"C:\SERVICES\ni10839481_1_SHARE\ftproot\dayzstandalone\mpmissions\regular.namalsk\storage_1\data\events.002"
 4:26:11.294 [CE][Storage] Restoring file "C:\SERVICES\ni10839481_1_SHARE\ftproot\dayzstandalone\mpmissions\regular.namalsk\storage_1\data\events.bin".
 4:26:11.294 [CE][DynamicEvent] Load  Events:[23] Primary spawners: 23 Secondary spawners: 0
 4:26:11.296 [CE][Storage] ver:25 stamp:101368, valid:yes, name:"C:\SERVICES\ni10839481_1_SHARE\ftproot\dayzstandalone\mpmissions\regular.namalsk\storage_1\data\dynamic_000.bin"
 4:26:11.298 [CE][Storage] ver:25 stamp:101121, valid:yes, name:"C:\SERVICES\ni10839481_1_SHARE\ftproot\dayzstandalone\mpmissions\regular.namalsk\storage_1\data\dynamic_000.001"
 4:26:11.299 [CE][Storage] ver:25 stamp:101122, valid:yes, name:"C:\SERVICES\ni10839481_1_SHARE\ftproot\dayzstandalone\mpmissions\regular.namalsk\storage_1\data\dynamic_000.002"
 4:26:11.300 [CE][Storage] Restoring file "C:\SERVICES\ni10839481_1_SHARE\ftproot\dayzstandalone\mpmissions\regular.namalsk\storage_1\data\dynamic_000.bin" 0 items.
 4:26:11.300   0 items loaded. (0 failed)
 4:26:11.301 [CE][Storage] ver:25 stamp:101368, valid:yes, name:"C:\SERVICES\ni10839481_1_SHARE\ftproot\dayzstandalone\mpmissions\regular.namalsk\storage_1\data\dynamic_001.bin"
 4:26:11.303 [CE][Storage] ver:25 stamp:101121, valid:yes, name:"C:\SERVICES\ni10839481_1_SHARE\ftproot\dayzstandalone\mpmissions\regular.namalsk\storage_1\data\dynamic_001.001"
 4:26:11.305 [CE][Storage] ver:25 stamp:101122, valid:yes, name:"C:\SERVICES\ni10839481_1_SHARE\ftproot\dayzstandalone\mpmissions\regular.namalsk\storage_1\data\dynamic_001.002"
 4:26:11.305 [CE][Storage] Restoring file "C:\SERVICES\ni10839481_1_SHARE\ftproot\dayzstandalone\mpmissions\regular.namalsk\storage_1\data\dynamic_001.bin" 29 items.
 4:26:11.424   29 items loaded. (0 failed)
 4:26:11.426 [CE][Storage] ver:25 stamp:101368, valid:yes, name:"C:\SERVICES\ni10839481_1_SHARE\ftproot\dayzstandalone\mpmissions\regular.namalsk\storage_1\data\dynamic_002.bin"
 4:26:11.428 [CE][Storage] ver:25 stamp:101121, valid:yes, name:"C:\SERVICES\ni10839481_1_SHARE\ftproot\dayzstandalone\mpmissions\regular.namalsk\storage_1\data\dynamic_002.001"
 4:26:11.429 [CE][Storage] ver:25 stamp:101122, valid:yes, name:"C:\SERVICES\ni10839481_1_SHARE\ftproot\dayzstandalone\mpmissions\regular.namalsk\storage_1\data\dynamic_002.002"
 4:26:11.429 [CE][Storage] Restoring file "C:\SERVICES\ni10839481_1_SHARE\ftproot\dayzstandalone\mpmissions\regular.namalsk\storage_1\data\dynamic_002.bin" 58 items.
 4:26:11.561   58 items loaded. (0 failed)
 4:26:11.563 [CE][Storage] ver:25 stamp:101368, valid:yes, name:"C:\SERVICES\ni10839481_1_SHARE\ftproot\dayzstandalone\mpmissions\regular.namalsk\storage_1\data\dynamic_003.bin"
 4:26:11.570 [CE][Storage] ver:25 stamp:101121, valid:yes, name:"C:\SERVICES\ni10839481_1_SHARE\ftproot\dayzstandalone\mpmissions\regular.namalsk\storage_1\data\dynamic_003.001"
 4:26:11.573 [CE][Storage] ver:25 stamp:101122, valid:yes, name:"C:\SERVICES\ni10839481_1_SHARE\ftproot\dayzstandalone\mpmissions\regular.namalsk\storage_1\data\dynamic_003.002"
 4:26:11.573 [CE][Storage] Restoring file "C:\SERVICES\ni10839481_1_SHARE\ftproot\dayzstandalone\mpmissions\regular.namalsk\storage_1\data\dynamic_003.bin" 753 items.
 4:26:12.367   753 items loaded. (0 failed)
 4:26:12.369 [CE][Storage] ver:25 stamp:101368, valid:yes, name:"C:\SERVICES\ni10839481_1_SHARE\ftproot\dayzstandalone\mpmissions\regular.namalsk\storage_1\data\dynamic_004.bin"
 4:26:12.371 [CE][Storage] ver:25 stamp:101121, valid:yes, name:"C:\SERVICES\ni10839481_1_SHARE\ftproot\dayzstandalone\mpmissions\regular.namalsk\storage_1\data\dynamic_004.001"
 4:26:12.374 [CE][Storage] ver:25 stamp:101122, valid:yes, name:"C:\SERVICES\ni10839481_1_SHARE\ftproot\dayzstandalone\mpmissions\regular.namalsk\storage_1\data\dynamic_004.002"
 4:26:12.374 [CE][Storage] Restoring file "C:\SERVICES\ni10839481_1_SHARE\ftproot\dayzstandalone\mpmissions\regular.namalsk\storage_1\data\dynamic_004.bin" 1700 items.
 4:26:13.513   1700 items loaded. (0 failed)
 4:26:13.515 [CE][Storage] ver:25 stamp:101368, valid:yes, name:"C:\SERVICES\ni10839481_1_SHARE\ftproot\dayzstandalone\mpmissions\regular.namalsk\storage_1\data\dynamic_005.bin"
 4:26:13.517 [CE][Storage] ver:25 stamp:101121, valid:yes, name:"C:\SERVICES\ni10839481_1_SHARE\ftproot\dayzstandalone\mpmissions\regular.namalsk\storage_1\data\dynamic_005.001"
 4:26:13.520 [CE][Storage] ver:25 stamp:101122, valid:yes, name:"C:\SERVICES\ni10839481_1_SHARE\ftproot\dayzstandalone\mpmissions\regular.namalsk\storage_1\data\dynamic_005.002"
 4:26:13.520 [CE][Storage] Restoring file "C:\SERVICES\ni10839481_1_SHARE\ftproot\dayzstandalone\mpmissions\regular.namalsk\storage_1\data\dynamic_005.bin" 843 items.
 4:26:16.163   843 items loaded. (0 failed)
 4:26:16.165 [CE][Storage] ver:25 stamp:101368, valid:yes, name:"C:\SERVICES\ni10839481_1_SHARE\ftproot\dayzstandalone\mpmissions\regular.namalsk\storage_1\data\dynamic_006.bin"
 4:26:16.167 [CE][Storage] ver:25 stamp:101121, valid:yes, name:"C:\SERVICES\ni10839481_1_SHARE\ftproot\dayzstandalone\mpmissions\regular.namalsk\storage_1\data\dynamic_006.001"
 4:26:16.169 [CE][Storage] ver:25 stamp:101122, valid:yes, name:"C:\SERVICES\ni10839481_1_SHARE\ftproot\dayzstandalone\mpmissions\regular.namalsk\storage_1\data\dynamic_006.002"
 4:26:16.169 [CE][Storage] Restoring file "C:\SERVICES\ni10839481_1_SHARE\ftproot\dayzstandalone\mpmissions\regular.namalsk\storage_1\data\dynamic_006.bin" 1648 items.
 4:26:17.433   1648 items loaded. (0 failed)
 4:26:17.435 [CE][Storage] ver:25 stamp:101368, valid:yes, name:"C:\SERVICES\ni10839481_1_SHARE\ftproot\dayzstandalone\mpmissions\regular.namalsk\storage_1\data\dynamic_007.bin"
 4:26:17.438 [CE][Storage] ver:25 stamp:101121, valid:yes, name:"C:\SERVICES\ni10839481_1_SHARE\ftproot\dayzstandalone\mpmissions\regular.namalsk\storage_1\data\dynamic_007.001"
 4:26:17.440 [CE][Storage] ver:25 stamp:101122, valid:yes, name:"C:\SERVICES\ni10839481_1_SHARE\ftproot\dayzstandalone\mpmissions\regular.namalsk\storage_1\data\dynamic_007.002"
 4:26:17.440 [CE][Storage] Restoring file "C:\SERVICES\ni10839481_1_SHARE\ftproot\dayzstandalone\mpmissions\regular.namalsk\storage_1\data\dynamic_007.bin" 599 items.
 4:26:17.733   599 items loaded. (0 failed)
 4:26:17.734 [CE][Storage] ver:25 stamp:101368, valid:yes, name:"C:\SERVICES\ni10839481_1_SHARE\ftproot\dayzstandalone\mpmissions\regular.namalsk\storage_1\data\dynamic_008.bin"
 4:26:17.736 [CE][Storage] ver:25 stamp:101121, valid:yes, name:"C:\SERVICES\ni10839481_1_SHARE\ftproot\dayzstandalone\mpmissions\regular.namalsk\storage_1\data\dynamic_008.001"
 4:26:17.738 [CE][Storage] ver:25 stamp:101122, valid:yes, name:"C:\SERVICES\ni10839481_1_SHARE\ftproot\dayzstandalone\mpmissions\regular.namalsk\storage_1\data\dynamic_008.002"
 4:26:17.738 [CE][Storage] Restoring file "C:\SERVICES\ni10839481_1_SHARE\ftproot\dayzstandalone\mpmissions\regular.namalsk\storage_1\data\dynamic_008.bin" 130 items.
 4:26:17.824   130 items loaded. (0 failed)
 4:26:17.825 [CE][Storage] ver:25 stamp:101368, valid:yes, name:"C:\SERVICES\ni10839481_1_SHARE\ftproot\dayzstandalone\mpmissions\regular.namalsk\storage_1\data\dynamic_009.bin"
 4:26:17.827 [CE][Storage] ver:25 stamp:101121, valid:yes, name:"C:\SERVICES\ni10839481_1_SHARE\ftproot\dayzstandalone\mpmissions\regular.namalsk\storage_1\data\dynamic_009.001"
 4:26:17.828 [CE][Storage] ver:25 stamp:101122, valid:yes, name:"C:\SERVICES\ni10839481_1_SHARE\ftproot\dayzstandalone\mpmissions\regular.namalsk\storage_1\data\dynamic_009.002"
 4:26:17.828 [CE][Storage] Restoring file "C:\SERVICES\ni10839481_1_SHARE\ftproot\dayzstandalone\mpmissions\regular.namalsk\storage_1\data\dynamic_009.bin" 0 items.
 4:26:17.828   0 items loaded. (0 failed)
 4:26:17.830 [CE][Storage] ver:25 stamp:101368, valid:yes, name:"C:\SERVICES\ni10839481_1_SHARE\ftproot\dayzstandalone\mpmissions\regular.namalsk\storage_1\data\dynamic_010.bin"
 4:26:17.831 [CE][Storage] ver:25 stamp:101121, valid:yes, name:"C:\SERVICES\ni10839481_1_SHARE\ftproot\dayzstandalone\mpmissions\regular.namalsk\storage_1\data\dynamic_010.001"
 4:26:17.833 [CE][Storage] ver:25 stamp:101122, valid:yes, name:"C:\SERVICES\ni10839481_1_SHARE\ftproot\dayzstandalone\mpmissions\regular.namalsk\storage_1\data\dynamic_010.002"
 4:26:17.833 [CE][Storage] Restoring file "C:\SERVICES\ni10839481_1_SHARE\ftproot\dayzstandalone\mpmissions\regular.namalsk\storage_1\data\dynamic_010.bin" 35 items.
 4:26:17.965   35 items loaded. (0 failed)
 4:26:17.967 [CE][Storage] ver:25 stamp:101368, valid:yes, name:"C:\SERVICES\ni10839481_1_SHARE\ftproot\dayzstandalone\mpmissions\regular.namalsk\storage_1\data\dynamic_011.bin"
 4:26:17.968 [CE][Storage] ver:25 stamp:101121, valid:yes, name:"C:\SERVICES\ni10839481_1_SHARE\ftproot\dayzstandalone\mpmissions\regular.namalsk\storage_1\data\dynamic_011.001"
 4:26:17.970 [CE][Storage] ver:25 stamp:101122, valid:yes, name:"C:\SERVICES\ni10839481_1_SHARE\ftproot\dayzstandalone\mpmissions\regular.namalsk\storage_1\data\dynamic_011.002"
 4:26:17.971 [CE][Storage] Restoring file "C:\SERVICES\ni10839481_1_SHARE\ftproot\dayzstandalone\mpmissions\regular.namalsk\storage_1\data\dynamic_011.bin" 49 items.
 4:26:18.86   49 items loaded. (0 failed)
 4:26:18.88 [CE][Storage] ver:26 stamp:101368, valid:yes, name:"C:\SERVICES\ni10839481_1_SHARE\ftproot\dayzstandalone\mpmissions\regular.namalsk\storage_1\data\building.bin"
 4:26:18.89 [CE][Storage] ver:26 stamp:101121, valid:yes, name:"C:\SERVICES\ni10839481_1_SHARE\ftproot\dayzstandalone\mpmissions\regular.namalsk\storage_1\data\building.001"
 4:26:18.91 [CE][Storage] ver:26 stamp:101122, valid:yes, name:"C:\SERVICES\ni10839481_1_SHARE\ftproot\dayzstandalone\mpmissions\regular.namalsk\storage_1\data\building.002"
 4:26:18.91 [CE][Storage] Restoring file "C:\SERVICES\ni10839481_1_SHARE\ftproot\dayzstandalone\mpmissions\regular.namalsk\storage_1\data\building.bin" 0 items.
 4:26:18.91   0 items loaded. (0 failed)
 4:26:18.92 [CE][Storage] ver:25 stamp:101368, valid:yes, name:"C:\SERVICES\ni10839481_1_SHARE\ftproot\dayzstandalone\mpmissions\regular.namalsk\storage_1\data\vehicles.bin"
 4:26:18.94 [CE][Storage] ver:25 stamp:101121, valid:yes, name:"C:\SERVICES\ni10839481_1_SHARE\ftproot\dayzstandalone\mpmissions\regular.namalsk\storage_1\data\vehicles.001"
 4:26:18.96 [CE][Storage] ver:25 stamp:101122, valid:yes, name:"C:\SERVICES\ni10839481_1_SHARE\ftproot\dayzstandalone\mpmissions\regular.namalsk\storage_1\data\vehicles.002"
 4:26:18.96 [CE][Storage] Restoring file "C:\SERVICES\ni10839481_1_SHARE\ftproot\dayzstandalone\mpmissions\regular.namalsk\storage_1\data\vehicles.bin" 59 items.
 4:26:18.264   59 items loaded. (0 failed)
 4:26:18.286 [CE][Hive] :: Storage load took:7.00 seconds, recovery stamp:101368
 4:26:18.286   entity: 9792, building: 0
 4:26:18.286   no lifetime: 14
 4:26:18.286   pathgraph's: 452
 4:26:18.290 [CE][Hive] :: Initializing ... 
 4:26:18.329 [CE][InitializeMap] :: initialized: 0
 4:26:18.329 [CE][Hive] :: Initializing spawners ... 
 4:26:18.329 [CE][LootRespawner] (PRIDummy) :: Initially (re)spawned:0, Nominal:6458, Total in Map: 5951 at 0 (sec)
 4:26:18.329   tests:0, repeats:0 fails:0, overtime:0
 4:26:21.186 [CE][DynEvent] :: 23 types
 4:26:21.186 [00] Loot
 4:26:21.186   Primary Spawner: "Loot", active: yes, repeat: 2
 4:26:21.186 [01] StaticMedDrop
 4:26:21.186   Primary Spawner: "Static", active: yes, repeat: 1
 4:26:21.186 [02] StaticLifeboat
 4:26:21.186   Primary Spawner: "Static", active: yes, repeat: 1
 4:26:21.186 [03] ItemWoodenPlanks
 4:26:21.186   Primary Spawner: "Item", active: yes, repeat: 1
 4:26:21.186 [04] TrajectoryStones
 4:26:21.186   Primary Spawner: "Trajectory", active: yes, repeat: 1
 4:26:21.186 [05] InfectedSanta
 4:26:21.186   Primary Spawner: "Infected", active: yes, repeat: 1
 4:26:21.186 [06] InfectedArmy
 4:26:21.186   Primary Spawner: "Infected", active: yes, repeat: 1
 4:26:21.187 [07] InfectedIndustrial
 4:26:21.187   Primary Spawner: "Infected", active: yes, repeat: 1
 4:26:21.187 [08] InfectedCivil
 4:26:21.187   Primary Spawner: "Infected", active: yes, repeat: 1
 4:26:21.187 [09] InfectedMedic
 4:26:21.187   Primary Spawner: "Infected", active: yes, repeat: 1
 4:26:21.187 [10] AnimalGoat
 4:26:21.187   Primary Spawner: "Animal", active: yes, repeat: 1
 4:26:21.187 [11] AnimalSheep
 4:26:21.187   Primary Spawner: "Animal", active: yes, repeat: 1
 4:26:21.187 [12] AnimalReindeer
 4:26:21.187   Primary Spawner: "Animal", active: yes, repeat: 1
 4:26:21.187 [13] AnimalWildBoar
 4:26:21.187   Primary Spawner: "Animal", active: yes, repeat: 1
 4:26:21.187 [14] AnimalWolf
 4:26:21.187   Primary Spawner: "Animal", active: yes, repeat: 1
 4:26:21.187 [15] AnimalBrownBear
 4:26:21.187   Primary Spawner: "Animal", active: yes, repeat: 1
 4:26:21.187 [16] AnimalPolarBear
 4:26:21.187   Primary Spawner: "Animal", active: yes, repeat: 1
 4:26:21.187 [17] AmbientFox
 4:26:21.187   Primary Spawner: "Ambient", active: yes, repeat: 1
 4:26:21.187 [18] AmbientHare
 4:26:21.187   Primary Spawner: "Ambient", active: yes, repeat: 1
 4:26:21.187 [19] VehicleRubberBoats
 4:26:21.187   Primary Spawner: "Vehicle", active: yes, repeat: 1
 4:26:21.187 [20] VehicleCivilianCars
 4:26:21.187   Primary Spawner: "Vehicle", active: yes, repeat: 1
 4:26:21.187 [21] VehicleTrucks
 4:26:21.187   Primary Spawner: "Vehicle", active: yes, repeat: 1
 4:26:21.187 [22] VehicleMilitary
 4:26:21.187   Primary Spawner: "Vehicle", active: yes, repeat: 1
 4:26:21.187 [CE][Hive] :: Initializing of spawners done.
 4:26:21.201 [CE][Hive] :: Init sequence finished.
 4:26:21.201 Player connect enabled
 4:26:21.922 [IdleMode] Entering IN - save processed
11:10:04.801 [Shutdown] Shutting down in 5400 seconds (90 minutes).
11:25:20.670 [Login]: Adding player SENSEI (18140695) to login queue at position 0
11:25:20.670 [LoginMachine]: Add player SENSEI (18140695 83.196.80.215:63961)
11:25:20.670 [StateMachine]: Player SENSEI (dpnid 18140695 uid ) Entering AuthPlayerLoginState
11:25:21.60 [StateMachine]: Player SENSEI (dpnid 18140695 uid ) Entering WaitAuthPlayerLoginState
11:25:23.502 Player SENSEI (id=2Ci3Ox8TjyjUR-A4t7Z-RtRcdi_076hTxh6ihVE1iAM=) has connected.
11:25:23.502 Player "SENSEI"(steamID=76561198279812726) is connected
11:25:23.510 [StateMachine]: Player SENSEI (dpnid 18140695 uid ) Entering WaitPlayerAssignedLoginState
11:25:23.614 [IdleMode] Leaving OUT
11:25:23.851 [StateMachine]: Player SENSEI (dpnid 18140695 uid ) Entering PlayerAssignedLoginState
11:25:23.861 [StateMachine]: Player SENSEI (dpnid 18140695 uid 2Ci3Ox8TjyjUR-A4t7Z-RtRcdi_076hTxh6ihVE1iAM=) Entering DBGetLoginTimeLoginState
11:25:23.904 [StateMachine]: Player SENSEI (dpnid 18140695 uid 2Ci3Ox8TjyjUR-A4t7Z-RtRcdi_076hTxh6ihVE1iAM=) Entering DBWaitLoginTimeLoginState
11:25:38.910 [StateMachine]: Player SENSEI (dpnid 18140695 uid 2Ci3Ox8TjyjUR-A4t7Z-RtRcdi_076hTxh6ihVE1iAM=) Entering DBGetCharacterLoginState
11:25:38.931 [StateMachine]: Player SENSEI (dpnid 18140695 uid 2Ci3Ox8TjyjUR-A4t7Z-RtRcdi_076hTxh6ihVE1iAM=) Entering CreateNetObjectsLoginState
11:25:38.941 [CE][PlayerSpawnPoints][GRP_DBG] :: Selected: { no group } | idx: 0 (ut: 25221984 | lt: 0 | ctr: 0)
11:25:38.941 [CE][PlayerSpawnPoints][GRP_DBG] :: Current: { no group } | idx: 0 (ct: 25221984 | ut: 25221984 | lt: 0 | ctr: 0)
11:25:38.941 [CE][PlayerSpawnPoints][GRP_DBG] :: Current: { no group } index: 0 (lt: 0 | ctr: 0)
11:25:38.941 [CE][PlayerSpawnPoints][GRP_DBG] :: Selected: { no group } | idx: 0 (ut: 25221984 | lt: 0 | ctr: 0)
11:25:38.961 [StateMachine]: Player SENSEI (dpnid 18140695 uid 2Ci3Ox8TjyjUR-A4t7Z-RtRcdi_076hTxh6ihVE1iAM=) Entering PreloadCamLoginState
11:25:38.964 [StateMachine]: Player SENSEI (dpnid 18140695 uid 2Ci3Ox8TjyjUR-A4t7Z-RtRcdi_076hTxh6ihVE1iAM=) Entering WaitPreloadCamLoginState
11:25:45.635 [StateMachine]: Player SENSEI (dpnid 18140695 uid 2Ci3Ox8TjyjUR-A4t7Z-RtRcdi_076hTxh6ihVE1iAM=) Entering GetNewCharLoginState
11:25:52.329 <CREATE NEW CHAR>:
    charID 24
    playerID 24
    dpnid 18140695
    uid 2Ci3Ox8TjyjUR-A4t7Z-RtRcdi_076hTxh6ihVE1iAM=
11:25:52.960 [CE][LootRespawner] (PRIDummy) :: Item [0] is hard to place, performance drops: "FryingPan"
11:25:53.59 [CE][LootRespawner] (PRIDummy) :: Item [1] is hard to place, performance drops: "Fabric"
11:25:53.166 [CE][LootRespawner] (PRIDummy) :: Item [2] is hard to place, performance drops: "WorkingGloves_Brown"
11:25:53.782 !!! [CE][Point] Removing 4379.224609, 8121.900391 from land_wrecked_ural
11:25:53.782 [CE][LootRespawner] (PRIDummy) :: Item [3] is hard to place, performance drops: "dzn_tacticalshirt_white_ru"
11:25:53.986 [CE][LootRespawner] (PRIDummy) :: Item [4] is hard to place, performance drops: "ManSuit_Brown"
11:26:20.760 [CE][LootRespawner] (PRIDummy) :: Item [5] is hard to place, performance drops: "ManSuit_Blue"
11:26:49.984 [CE][LootRespawner] (PRIDummy) :: Item [6] is hard to place, performance drops: "HunterPants_Winter"
11:27:15.959 [CE][LootRespawner] (PRIDummy) :: Item [0] causing search overtime: "BloodTestKit"
11:27:16.473 [CE][LootRespawner] (PRIDummy) :: Item [7] is hard to place, performance drops: "TShirt_OrangeWhiteStripes"
11:27:16.778 [CE][LootRespawner] (PRIDummy) :: Item [8] is hard to place, performance drops: "DownJacket_Blue"
11:27:19.348 [CE][Links] found 0 total links between groups, of 1
11:27:19.348 [CE][SpawnRandomLoot] (StaticMedDrop) :: Type: Misc_cargo_cont_net1, lootmin: 4, lootmax: 6, wanted: 5, deloot: 2, containermaxsum: 6
11:27:19.353 [CE][Links] found 0 total links between groups, of 2
11:27:19.353 [CE][SpawnRandomLoot] (StaticMedDrop) :: Type: Misc_cargo_cont_net1, lootmin: 4, lootmax: 6, wanted: 5, deloot: 2, containermaxsum: 6
11:28:11.840 [CE][LootRespawner] (PRIDummy) :: Item [9] is hard to place, performance drops: "PolicePantsOrel"
11:28:13.62 [CE][LootRespawner] (PRIDummy) :: Item [1] causing search overtime: "FirefighterJacket_Black"
11:28:39.90 [CE][LootRespawner] (PRIDummy) :: Item [10] is hard to place, performance drops: "WoodAxe"
11:28:40.222 [CE][LootRespawner] (PRIDummy) :: Item [11] is hard to place, performance drops: "GorkaEJacket_Flat"
11:28:40.634 [CE][LootRespawner] (PRIDummy) :: Item [12] is hard to place, performance drops: "BushlatPoliceJacket_Blue"
11:28:40.634 [CE][LootRespawner] (PRIDummy) :: Item [13] is hard to place, performance drops: "BushlatPoliceJacket_Blue"
11:28:40.740 [CE][LootRespawner] (PRIDummy) :: Item [2] causing search overtime: "dzn_netanyas_log"
11:28:40.944 [CE][LootRespawner] (PRIDummy) :: Item [14] is hard to place, performance drops: "TacticalShirt_Grey"
11:29:07.345 [CE][LootRespawner] (PRIDummy) :: Item [15] is hard to place, performance drops: "BomberJacket_Grey"
11:29:07.756 [CE][LootRespawner] (PRIDummy) :: Item [16] is hard to place, performance drops: "HikingJacket_Black"
11:29:34.505 [CE][LootRespawner] (PRIDummy) :: Item [17] is hard to place, performance drops: "WoodenPlank"
11:30:02.175 [CE][LootRespawner] (PRIDummy) :: Item [18] is hard to place, performance drops: "MetalPlate"
11:30:03.310 [CE][LootRespawner] (PRIDummy) :: Item [19] is hard to place, performance drops: "DownJacket_Red"
11:30:30.397 [CE][LootRespawner] (PRIDummy) :: Item [20] is hard to place, performance drops: "BaseRadio"
11:30:57.448 [CE][LootRespawner] (PRIDummy) :: Item [21] is hard to place, performance drops: "LeatherSewingKit"
11:30:57.554 [CE][LootRespawner] (PRIDummy) :: Item [22] is hard to place, performance drops: "Pipe"
11:30:57.961 [CE][LootRespawner] (PRIDummy) :: Item [23] is hard to place, performance drops: "BalaclavaMask_Pink"
11:30:59.305 [CE][LootRespawner] (PRIDummy) :: Item [24] is hard to place, performance drops: "ManSuit_LightGrey"
11:31:25.543 [CE][LootRespawner] (PRIDummy) :: Item [25] is hard to place, performance drops: "Bandana_BlackPattern"
11:31:53.855 [CE][LootRespawner] (PRIDummy) :: Item [3] causing search overtime: "FirefighterJacket_Black"
11:31:53.957 [CE][LootRespawner] (PRIDummy) :: Item [26] is hard to place, performance drops: "Blouse_White"
11:32:20.685 [CE][LootRespawner] (PRIDummy) :: Item [27] is hard to place, performance drops: "Broom"
11:32:20.685 [CE][LootRespawner] (PRIDummy) :: Item [28] is hard to place, performance drops: "Broom"
11:32:20.685 [CE][LootRespawner] (PRIDummy) :: Item [29] is hard to place, performance drops: "Broom"
11:32:48.567 [CE][LootRespawner] (PRIDummy) :: Item [30] is hard to place, performance drops: "Hoodie_Brown"
11:32:49.493 [CE][LootRespawner] (PRIDummy) :: Item [31] is hard to place, performance drops: "dzn_ghilliehoodtandark"
11:33:15.966 [CE][LootRespawner] (PRIDummy) :: Item [32] is hard to place, performance drops: "CamoNet"
11:33:16.993 [CE][LootRespawner] (PRIDummy) :: Item [33] is hard to place, performance drops: "MetalPlate"
11:33:16.993 [CE][LootRespawner] (PRIDummy) :: Item [34] is hard to place, performance drops: "MetalPlate"
11:33:44.713 [CE][LootRespawner] (PRIDummy) :: Item [35] is hard to place, performance drops: "TShirt_Green"
11:33:45.122 [CE][LootRespawner] (PRIDummy) :: Item [36] is hard to place, performance drops: "TrackSuitPants_Blue"
11:33:46.46 [CE][Links] found 0 total links between groups, of 3
11:33:46.46 [CE][SpawnRandomLoot] (StaticLifeboat) :: Type: sea_oilrig_lifeboat, lootmin: 2, lootmax: 5, wanted: 3, deloot: 2, containermaxsum: 5
11:33:46.46 [CE][SpawnRandomLoot] (StaticLifeboat) :: No item found to spawn for DE! Spawned: 2 / 3 (enable log_ce_dynamicevent to see item lists for event)
11:34:11.433 [CE][LootRespawner] (PRIDummy) :: Item [37] is hard to place, performance drops: "Hatchet"
11:34:12.775 [CE][LootRespawner] (PRIDummy) :: Item [38] is hard to place, performance drops: "NBCPantsYellow"
11:34:38.911 [CE][LootRespawner] (PRIDummy) :: Item [39] is hard to place, performance drops: "WoodenPlank"
11:34:38.911 [CE][LootRespawner] (PRIDummy) :: Item [40] is hard to place, performance drops: "WoodenPlank"
11:34:39.09 [CE][LootRespawner] (PRIDummy) :: Item [41] is hard to place, performance drops: "Bandana_PolkaPattern"
11:35:07.196 [CE][LootRespawner] (PRIDummy) :: Item [42] is hard to place, performance drops: "HuntingVest"
11:35:07.196 [CE][LootRespawner] (PRIDummy) :: Item [43] is hard to place, performance drops: "HuntingVest"
11:35:08.540 [CE][LootRespawner] (PRIDummy) :: Item [4] causing search overtime: "dzn_module_surge"
11:35:35.147 [CE][LootRespawner] (PRIDummy) :: Item [5] causing search overtime: "dzn_module_surge"
11:36:02.103 [CE][LootRespawner] (PRIDummy) :: Item [44] is hard to place, performance drops: "Bandana_CamoPattern"
11:36:02.410 [CE][LootRespawner] (PRIDummy) :: Item [45] is hard to place, performance drops: "TrackSuitPants_Green"
11:36:29.935 [CE][LootRespawner] (PRIDummy) :: Item [46] is hard to place, performance drops: "Pickaxe"
11:36:29.936 [CE][LootRespawner] (PRIDummy) :: Item [47] is hard to place, performance drops: "Pickaxe"
11:36:30.245 [CE][LootRespawner] (PRIDummy) :: Item [48] is hard to place, performance drops: "Pot"
11:36:30.651 [CE][LootRespawner] (PRIDummy) :: Item [49] is hard to place, performance drops: "TrackSuitJacket_Green"
11:36:31.375 [CE][LootRespawner] (PRIDummy) :: Item [6] causing search overtime: "FirefightersHelmet_White"
11:36:57.431 [CE][LootRespawner] (PRIDummy) :: Item [50] is hard to place, performance drops: "Tripod"
11:36:59.217 [CE][LootRespawner] (PRIDummy) :: Item [51] is hard to place, performance drops: "MotoHelmet_Blue"
11:37:25.567 [CE][LootRespawner] (PRIDummy) :: Item [52] is hard to place, performance drops: "BomberJacket_Maroon"
11:37:26.186 [CE][LootRespawner] (PRIDummy) :: Item [53] is hard to place, performance drops: "BushlatPoliceJacket_Blue"
11:38:20.498 [CE][LootRespawner] (PRIDummy) :: Item [54] is hard to place, performance drops: "WorkingGloves_Black"
11:38:23.269 [CE][Links] found 0 total links between groups, of 4
11:38:23.269 [CE][SpawnRandomLoot] (StaticMedDrop) :: Type: Misc_cargo_cont_net1, lootmin: 4, lootmax: 6, wanted: 5, deloot: 2, containermaxsum: 6
11:38:48.368 [CE][LootRespawner] (PRIDummy) :: Item [55] is hard to place, performance drops: "Megaphone"
11:39:15.977 [CE][LootRespawner] (PRIDummy) :: Item [7] causing search overtime: "BloodBagEmpty"
11:39:16.177 [CE][LootRespawner] (PRIDummy) :: Item [56] is hard to place, performance drops: "HatchbackWheel"
11:39:16.178 [CE][LootRespawner] (PRIDummy) :: Item [57] is hard to place, performance drops: "HatchbackWheel"
11:39:17.517 [CE][LootRespawner] (PRIDummy) :: Item [8] causing search overtime: "FirefightersHelmet_White"
11:39:44.672 [CE][LootRespawner] (PRIDummy) :: Item [58] is hard to place, performance drops: "HunterPants_Summer"
11:39:44.779 [CE][LootRespawner] (PRIDummy) :: Item [59] is hard to place, performance drops: "Shemag_White"
11:40:39.592 [CE][LootRespawner] (PRIDummy) :: Item [60] is hard to place, performance drops: "Hoodie_Black"
11:40:40.101 [CE][LootRespawner] (PRIDummy) :: Item [9] causing search overtime: "dzn_module_surge"
11:41:03.952 [Shutdown] Shutting down in 3600 seconds (60 minutes).
11:41:06.826 [CE][LootRespawner] (PRIDummy) :: Item [61] is hard to place, performance drops: "Offroad_02_Wheel"
11:41:35.218 [CE][LootRespawner] (PRIDummy) :: Item [62] is hard to place, performance drops: "RidersJacket_Black"
11:41:35.218 [CE][LootRespawner] (PRIDummy) :: Item [63] is hard to place, performance drops: "RidersJacket_Black"
11:41:35.940 [CE][LootRespawner] (PRIDummy) :: Item [10] causing search overtime: "dzn_athena3_exp1"
11:41:36.494 [CE][Links] found 0 total links between groups, of 5
11:41:36.494 [CE][SpawnRandomLoot] (StaticMedDrop) :: Type: Misc_cargo_cont_net1, lootmin: 4, lootmax: 6, wanted: 4, deloot: 2, containermaxsum: 6
11:42:02.61 [CE][LootRespawner] (PRIDummy) :: Item [64] is hard to place, performance drops: "Sweater_Gray"
11:42:02.783 [CE][LootRespawner] (PRIDummy) :: Item [65] is hard to place, performance drops: "B95"
11:42:02.884 [CE][LootRespawner] (PRIDummy) :: Item [66] is hard to place, performance drops: "ParamedicPants_Crimson"
11:42:03.808 [CE][LootRespawner] (PRIDummy) :: Item [67] is hard to place, performance drops: "HunterPants_Autumn"
11:42:03.808 [CE][LootRespawner] (PRIDummy) :: Item [68] is hard to place, performance drops: "HunterPants_Autumn"
11:42:30.566 [CE][LootRespawner] (PRIDummy) :: Item [69] is hard to place, performance drops: "GorkaPants_PautRev"
11:42:30.566 [CE][LootRespawner] (PRIDummy) :: Item [70] is hard to place, performance drops: "GorkaPants_PautRev"
11:42:30.774 [CE][LootRespawner] (PRIDummy) :: Item [71] is hard to place, performance drops: "NBCHoodWhite"
11:43:52.917 [CE][LootRespawner] (PRIDummy) :: Item [72] is hard to place, performance drops: "BurlapSack"
11:43:53.228 [CE][LootRespawner] (PRIDummy) :: Item [11] causing search overtime: "BandageDressing"
11:44:20.473 [CE][LootRespawner] (PRIDummy) :: Item [73] is hard to place, performance drops: "CanisterGasoline"
11:44:48.37 [CE][LootRespawner] (PRIDummy) :: Item [74] is hard to place, performance drops: "JumpsuitJacket_Blue"
11:44:48.43 [CE][LootRespawner] (PRIDummy) :: Item [75] is hard to place, performance drops: "JumpsuitJacket_Blue"
11:44:48.240 [CE][LootRespawner] (PRIDummy) :: Item [76] is hard to place, performance drops: "WoodenPlank"
11:44:48.345 !!! [CE][Point] Removing 5035.500977, 8162.964844 from land_hut_old01
11:44:48.345 [CE][LootRespawner] (PRIDummy) :: Item [77] is hard to place, performance drops: "GP5GasMask"
11:44:48.759 !!! [CE][Point] Removing 4931.937988, 6660.574707 from land_wrecked_ural
11:44:48.759 [CE][LootRespawner] (PRIDummy) :: Item [78] is hard to place, performance drops: "GorkaHelmetVisor"
11:45:43.743 [CE][LootRespawner] (PRIDummy) :: Item [79] is hard to place, performance drops: "Jeans_Grey"
11:46:11.326 [CE][LootRespawner] (PRIDummy) :: Item [80] is hard to place, performance drops: "WeldingMask"
11:46:13.890 [CE][Links] found 0 total links between groups, of 6
11:46:13.891 [CE][SpawnRandomLoot] (StaticMedDrop) :: Type: Misc_cargo_cont_net1, lootmin: 4, lootmax: 6, wanted: 5, deloot: 2, containermaxsum: 6
11:46:13.894 [CE][Links] found 0 total links between groups, of 7
11:46:13.894 [CE][SpawnRandomLoot] (StaticMedDrop) :: Type: Misc_cargo_cont_net1, lootmin: 4, lootmax: 6, wanted: 4, deloot: 2, containermaxsum: 6
11:46:39.11 [CE][LootRespawner] (PRIDummy) :: Item [81] is hard to place, performance drops: "PrisonUniformJacket"
11:46:40.650 [CE][LootRespawner] (PRIDummy) :: Item [12] causing search overtime: "dzn_module_surge"
11:47:07.704 [CE][LootRespawner] (PRIDummy) :: Item [13] causing search overtime: "dzn_athena3_exp1"
11:47:34.540 [CE][LootRespawner] (PRIDummy) :: Item [82] is hard to place, performance drops: "LabCoat"
11:47:35.986 [CE][LootRespawner] (PRIDummy) :: Item [14] causing search overtime: "FirefightersHelmet_White"
11:48:01.913 [CE][LootRespawner] (PRIDummy) :: Item [83] is hard to place, performance drops: "JumpsuitJacket_Green"
11:48:01.914 [CE][LootRespawner] (PRIDummy) :: Item [84] is hard to place, performance drops: "JumpsuitJacket_Green"
11:48:31.483 [CE][LootRespawner] (PRIDummy) :: Item [85] is hard to place, performance drops: "LugWrench"
11:48:31.484 [CE][LootRespawner] (PRIDummy) :: Item [86] is hard to place, performance drops: "LugWrench"
11:49:25.145 [CE][LootRespawner] (PRIDummy) :: Item [87] is hard to place, performance drops: "Truck_01_Wheel"
11:49:52.709 [CE][LootRespawner] (PRIDummy) :: Item [88] is hard to place, performance drops: "ChestHolster"
11:49:52.712 [CE][LootRespawner] (PRIDummy) :: Item [89] is hard to place, performance drops: "ChestHolster"
11:50:20.432 [CE][LootRespawner] (PRIDummy) :: Item [90] is hard to place, performance drops: "WomanSuit_DarkGrey"
11:50:20.740 [CE][LootRespawner] (PRIDummy) :: Item [91] is hard to place, performance drops: "GorkaPants_Summer"
11:50:20.742 [CE][LootRespawner] (PRIDummy) :: Item [92] is hard to place, performance drops: "GorkaPants_Summer"
11:50:47.946 [CE][LootRespawner] (PRIDummy) :: Item [93] is hard to place, performance drops: "BurlapSack"
11:51:17.47 [CE][LootRespawner] (PRIDummy) :: Item [94] is hard to place, performance drops: "dzn_yeger_pants_woodl"
11:51:17.463 !!! [CE][Point] Removing 5032.167480, 8197.083984 from land_wrecked_ural_onside
11:51:17.463 [CE][LootRespawner] (PRIDummy) :: Item [95] is hard to place, performance drops: "NBCJacketGray"
11:51:43.814 [CE][LootRespawner] (PRIDummy) :: Item [96] is hard to place, performance drops: "PoliceJacketOrel"
11:51:43.814 [CE][LootRespawner] (PRIDummy) :: Item [97] is hard to place, performance drops: "PoliceJacketOrel"
11:52:10.830 [CE][LootRespawner] (PRIDummy) :: Item [98] is hard to place, performance drops: "LeatherSewingKit"
11:52:38.782 [CE][LootRespawner] (PRIDummy) :: Item [99] is hard to place, performance drops: "JumpsuitPants_Grey"
11:52:39.187 [CE][LootRespawner] (PRIDummy) :: Item [100] is hard to place, performance drops: "TrackSuitJacket_Red"
11:52:40.414 [CE][LootRespawner] (PRIDummy) :: Item [101] is hard to place, performance drops: "NBCGlovesGray"
11:53:08.221 [CE][LootRespawner] (PRIDummy) :: Item [102] is hard to place, performance drops: "HunterPants_Brown"
11:53:33.977 [CE][LootRespawner] (PRIDummy) :: Item [103] is hard to place, performance drops: "GlassBottle"
11:54:01.793 [CE][LootRespawner] (PRIDummy) :: Item [104] is hard to place, performance drops: "Sweater_Red"
11:55:53.179 [CE][LootRespawner] (PRIDummy) :: Item [105] is hard to place, performance drops: "BaseballBat"
11:55:53.179 [CE][LootRespawner] (PRIDummy) :: Item [106] is hard to place, performance drops: "BaseballBat"
11:56:21.187 [CE][LootRespawner] (PRIDummy) :: Item [107] is hard to place, performance drops: "GorkaEJacket_Winter"
11:56:29.213 [Shutdown] Shutting down in 2700 seconds (45 minutes).
11:56:47.816 [CE][LootRespawner] (PRIDummy) :: Item [108] is hard to place, performance drops: "JumpsuitJacket_Blue"
11:56:49.150 [CE][LootRespawner] (PRIDummy) :: Item [109] is hard to place, performance drops: "GlassBottle"
11:57:15.513 [CE][LootRespawner] (PRIDummy) :: Item [110] is hard to place, performance drops: "BalaclavaMask_White"
11:57:15.620 [CE][LootRespawner] (PRIDummy) :: Item [111] is hard to place, performance drops: "MetalPlate"
11:57:16.130 [CE][LootRespawner] (PRIDummy) :: Item [112] is hard to place, performance drops: "NBCGlovesGray"
11:57:16.649 [CE][LootRespawner] (PRIDummy) :: Item [113] is hard to place, performance drops: "TTsKOJacket_Camo"
11:57:17.265 [CE][LootRespawner] (PRIDummy) :: Item [114] is hard to place, performance drops: "SlacksPants_Black"
11:57:43.361 [CE][LootRespawner] (PRIDummy) :: Item [115] is hard to place, performance drops: "Pickaxe"
11:57:43.469 [CE][LootRespawner] (PRIDummy) :: Item [116] is hard to place, performance drops: "HuntingVest"
11:57:43.469 [CE][LootRespawner] (PRIDummy) :: Item [117] is hard to place, performance drops: "HuntingVest"
11:57:43.681 [CE][LootRespawner] (PRIDummy) :: Item [118] is hard to place, performance drops: "FarmingHoe"
11:57:45.121 [CE][LootRespawner] (PRIDummy) :: Item [119] is hard to place, performance drops: "SkateHelmet_Blue"
11:58:11.999 [CE][LootRespawner] (PRIDummy) :: Item [120] is hard to place, performance drops: "TrackSuitJacket_Green"
11:59:33.942 [CE][LootRespawner] (PRIDummy) :: Item [121] is hard to place, performance drops: "WorkingGloves_Black"
11:59:34.451 [CE][LootRespawner] (PRIDummy) :: Item [122] is hard to place, performance drops: "ManSuit_Brown"
12:00:02.449 [CE][LootRespawner] (PRIDummy) :: Item [123] is hard to place, performance drops: "TShirt_Grey"
12:00:29.802 [CE][LootRespawner] (PRIDummy) :: Item [124] is hard to place, performance drops: "BomberJacket_Black"
12:00:30.413 [CE][LootRespawner] (PRIDummy) :: Item [125] is hard to place, performance drops: "PetushokHat_Green"
12:00:31.140 [CE][LootRespawner] (PRIDummy) :: Item [126] is hard to place, performance drops: "SlingBag_Brown"
12:00:58.417 [CE][LootRespawner] (PRIDummy) :: Item [127] is hard to place, performance drops: "WinterCoif_Blue"
12:01:52.446 [CE][LootRespawner] (PRIDummy) :: Item [128] is hard to place, performance drops: "FryingPan"
12:01:52.446 [CE][LootRespawner] (PRIDummy) :: Item [129] is hard to place, performance drops: "FryingPan"
12:02:20.132 [CE][LootRespawner] (PRIDummy) :: Item [130] is hard to place, performance drops: "JumpsuitPants_Red"
12:02:20.338 [CE][LootRespawner] (PRIDummy) :: Item [131] is hard to place, performance drops: "Sweater_Blue"
12:02:21.570 [CE][LootRespawner] (PRIDummy) :: Item [132] is hard to place, performance drops: "PetushokHat_Yellow"
12:02:21.978 [CE][LootRespawner] (PRIDummy) :: Item [133] is hard to place, performance drops: "dzn_gorka_up_winter"
12:02:49.372 [CE][LootRespawner] (PRIDummy) :: Item [134] is hard to place, performance drops: "WoodenPlank"
12:02:49.372 [CE][LootRespawner] (PRIDummy) :: Item [135] is hard to place, performance drops: "WoodenPlank"
12:03:15.519 [CE][LootRespawner] (PRIDummy) :: Item [136] is hard to place, performance drops: "WorkingGloves_Brown"
12:03:15.654 [CE][LootRespawner] (PRIDummy) :: Item [137] is hard to place, performance drops: "Hacksaw"
12:03:15.849 [CE][LootRespawner] (PRIDummy) :: Item [138] is hard to place, performance drops: "WoodAxe"
12:03:17.82 [CE][LootRespawner] (PRIDummy) :: Item [139] is hard to place, performance drops: "MetalPlate"
12:03:17.82 [CE][LootRespawner] (PRIDummy) :: Item [140] is hard to place, performance drops: "MetalPlate"
12:03:43.564 [CE][LootRespawner] (PRIDummy) :: Item [141] is hard to place, performance drops: "TrackSuitPants_Green"
12:04:10.945 [CE][LootRespawner] (PRIDummy) :: Item [142] is hard to place, performance drops: "JumpsuitPants_Blue"
12:04:11.358 [CE][LootRespawner] (PRIDummy) :: Item [143] is hard to place, performance drops: "BDUJacket"
12:04:39.882 [CE][LootRespawner] (PRIDummy) :: Item [144] is hard to place, performance drops: "GorkaEJacket_Winter"
12:05:06.471 [CE][LootRespawner] (PRIDummy) :: Item [145] is hard to place, performance drops: "Balaclava3Holes_Blue"
12:06:30.212 [CE][LootRespawner] (PRIDummy) :: Item [146] is hard to place, performance drops: "DownJacket_Red"
12:06:57.255 [CE][LootRespawner] (PRIDummy) :: Item [147] is hard to place, performance drops: "Truck_01_WheelDouble"
12:07:53.242 [CE][LootRespawner] (PRIDummy) :: Item [148] is hard to place, performance drops: "SnowstormUshanka_Navy"
12:08:19.996 [CE][LootRespawner] (PRIDummy) :: Item [149] is hard to place, performance drops: "PoliceVest"
12:08:20.506 [CE][LootRespawner] (PRIDummy) :: Item [150] is hard to place, performance drops: "WinterCoif_Green"
12:09:15.348 [CE][LootRespawner] (PRIDummy) :: Item [151] is hard to place, performance drops: "JumpsuitPants_Green"
12:09:15.348 [CE][LootRespawner] (PRIDummy) :: Item [152] is hard to place, performance drops: "JumpsuitPants_Green"
12:09:43.99 [CE][LootRespawner] (PRIDummy) :: Item [153] is hard to place, performance drops: "JumpsuitJacket_Red"
12:09:44.130 [CE][LootRespawner] (PRIDummy) :: Item [154] is hard to place, performance drops: "MetalPlate"
12:10:39.831 [CE][LootRespawner] (PRIDummy) :: Item [155] is hard to place, performance drops: "HatchbackWheel"
12:11:06.998 [CE][LootRespawner] (PRIDummy) :: Item [156] is hard to place, performance drops: "GasMask_Filter"
12:11:07.310 [CE][LootRespawner] (PRIDummy) :: Item [157] is hard to place, performance drops: "WorkingBoots_Green"
12:11:11.13 [CE][Links] found 0 total links between groups, of 8
12:11:11.13 [CE][SpawnRandomLoot] (StaticMedDrop) :: Type: Misc_cargo_cont_net1, lootmin: 4, lootmax: 6, wanted: 5, deloot: 2, containermaxsum: 6
12:11:11.15 [CE][Links] found 2 total links between groups, of 9
12:11:11.15 [CE][SpawnRandomLoot] (StaticMedDrop) :: Type: Misc_cargo_cont_net1, lootmin: 4, lootmax: 6, wanted: 5, deloot: 2, containermaxsum: 6
12:11:34.794 [CE][LootRespawner] (PRIDummy) :: Item [158] is hard to place, performance drops: "Tripod"
12:11:34.902 [CE][LootRespawner] (PRIDummy) :: Item [159] is hard to place, performance drops: "JumpsuitJacket_Gray"
12:11:35.710 [CE][LootRespawner] (PRIDummy) :: Item [160] is hard to place, performance drops: "Offroad_02_Wheel"
12:11:35.710 [CE][LootRespawner] (PRIDummy) :: Item [161] is hard to place, performance drops: "Offroad_02_Wheel"
12:11:55.816 [Shutdown] Shutting down in 1800 seconds (30 minutes).
12:12:02.826 [CE][LootRespawner] (PRIDummy) :: Item [162] is hard to place, performance drops: "QuiltedJacket_Grey"
12:12:31.652 [CE][LootRespawner] (PRIDummy) :: Item [15] causing search overtime: "dzn_platecarriervest_nac"
12:12:58.952 [CE][LootRespawner] (PRIDummy) :: Item [16] causing search overtime: "dzn_module_lantia"
12:13:26.225 [CE][LootRespawner] (PRIDummy) :: Item [163] is hard to place, performance drops: "Jeans_Green"
12:13:26.327 [CE][LootRespawner] (PRIDummy) :: Item [164] is hard to place, performance drops: "Blouse_Blue"
12:13:53.738 [CE][LootRespawner] (PRIDummy) :: Item [165] is hard to place, performance drops: "dzn_tacticalshirt_olive_ru"
12:14:21.161 [CE][LootRespawner] (PRIDummy) :: Item [166] is hard to place, performance drops: "BomberJacket_Blue"
12:14:21.263 [CE][LootRespawner] (PRIDummy) :: Item [167] is hard to place, performance drops: "dzn_yeger_up_woodl"
12:14:21.368 [CE][LootRespawner] (PRIDummy) :: Item [168] is hard to place, performance drops: "PressVest_Blue"
12:14:21.884 [CE][LootRespawner] (PRIDummy) :: Item [169] is hard to place, performance drops: "HuntingVest_Winter"
12:14:48.735 [CE][LootRespawner] (PRIDummy) :: Item [170] is hard to place, performance drops: "BomberJacket_SkyBlue"
12:14:49.44 [CE][LootRespawner] (PRIDummy) :: Item [171] is hard to place, performance drops: "BomberJacket_Maroon"
12:14:49.45 [CE][LootRespawner] (PRIDummy) :: Item [172] is hard to place, performance drops: "BomberJacket_Maroon"
12:14:50.74 [CE][LootRespawner] (PRIDummy) :: Item [173] is hard to place, performance drops: "SherpaHat_Red"
12:14:50.279 [CE][LootRespawner] (PRIDummy) :: Item [174] is hard to place, performance drops: "WoodenPlank"
12:15:16.214 [CE][LootRespawner] (PRIDummy) :: Item [175] is hard to place, performance drops: "MetalPlate"
12:15:16.214 [CE][LootRespawner] (PRIDummy) :: Item [176] is hard to place, performance drops: "MetalPlate"
12:15:16.215 [CE][LootRespawner] (PRIDummy) :: Item [177] is hard to place, performance drops: "MetalPlate"
12:15:16.521 [CE][LootRespawner] (PRIDummy) :: Item [178] is hard to place, performance drops: "WorkingGloves_Brown"
12:15:18.161 [CE][LootRespawner] (PRIDummy) :: Item [179] is hard to place, performance drops: "QuiltedJacket_Yellow"
12:15:18.161 [CE][LootRespawner] (PRIDummy) :: Item [180] is hard to place, performance drops: "QuiltedJacket_Yellow"
12:15:44.303 [CE][LootRespawner] (PRIDummy) :: Item [181] is hard to place, performance drops: "Bandana_RedPattern"
12:15:45.123 [CE][LootRespawner] (PRIDummy) :: Item [182] is hard to place, performance drops: "TrackSuitPants_Black"
12:15:45.124 [CE][LootRespawner] (PRIDummy) :: Item [183] is hard to place, performance drops: "TrackSuitPants_Black"
12:15:45.124 [CE][LootRespawner] (PRIDummy) :: Item [184] is hard to place, performance drops: "TrackSuitPants_Black"
12:15:45.126 [CE][LootRespawner] (PRIDummy) :: Item [185] is hard to place, performance drops: "TrackSuitPants_Black"
12:15:45.531 [CE][LootRespawner] (PRIDummy) :: Item [186] is hard to place, performance drops: "PoliceVest"
12:15:45.839 [CE][LootRespawner] (PRIDummy) :: Item [187] is hard to place, performance drops: "DownJacket_Blue"
12:16:12.408 [CE][LootRespawner] (PRIDummy) :: Item [188] is hard to place, performance drops: "BomberJacket_Brown"
12:16:12.509 [CE][LootRespawner] (PRIDummy) :: Item [189] is hard to place, performance drops: "Jeans_Black"
12:16:12.509 [CE][LootRespawner] (PRIDummy) :: Item [190] is hard to place, performance drops: "Jeans_Black"
12:16:12.928 [CE][LootRespawner] (PRIDummy) :: Item [191] is hard to place, performance drops: "WomanSuit_White"
12:16:13.335 [CE][LootRespawner] (PRIDummy) :: Item [192] is hard to place, performance drops: "JumpsuitJacket_Red"
12:16:13.335 [CE][LootRespawner] (PRIDummy) :: Item [193] is hard to place, performance drops: "JumpsuitJacket_Red"
12:16:39.342 [CE][LootRespawner] (PRIDummy) :: Item [194] is hard to place, performance drops: "BarbedWire"
12:16:39.853 [CE][LootRespawner] (PRIDummy) :: Item [195] is hard to place, performance drops: "HipPack_Green"
12:16:39.853 [CE][LootRespawner] (PRIDummy) :: Item [196] is hard to place, performance drops: "HipPack_Green"
12:17:08.888 [CE][LootRespawner] (PRIDummy) :: Item [17] causing search overtime: "dzn_platecarriervest_nac"
12:17:34.615 [CE][LootRespawner] (PRIDummy) :: Item [197] is hard to place, performance drops: "Crowbar"
12:17:34.615 [CE][LootRespawner] (PRIDummy) :: Item [198] is hard to place, performance drops: "Crowbar"
12:17:34.615 [CE][LootRespawner] (PRIDummy) :: Item [199] is hard to place, performance drops: "Crowbar"
12:17:36.456 [CE][LootRespawner] (PRIDummy) :: Item [18] causing search overtime: "dzn_blueprint_lehs"
12:17:37.687 [CE][Links] found 2 total links between groups, of 10
12:17:37.687 [CE][SpawnRandomLoot] (StaticLifeboat) :: Type: sea_oilrig_lifeboat, lootmin: 2, lootmax: 5, wanted: 4, deloot: 2, containermaxsum: 5
12:17:37.688 [CE][SpawnRandomLoot] (StaticLifeboat) :: No item found to spawn for DE! Spawned: 2 / 4 (enable log_ce_dynamicevent to see item lists for event)
12:18:03.12 [CE][LootRespawner] (PRIDummy) :: Item [200] is hard to place, performance drops: "PaddedGloves_Beige"
12:18:03.12 [CE][LootRespawner] (PRIDummy) :: Item [201] is hard to place, performance drops: "PaddedGloves_Beige"
12:18:03.12 [CE][LootRespawner] (PRIDummy) :: Item [202] is hard to place, performance drops: "PaddedGloves_Beige"
12:18:30.651 [CE][LootRespawner] (PRIDummy) :: Item [203] is hard to place, performance drops: "TrackSuitPants_Blue"
12:18:30.859 [CE][LootRespawner] (PRIDummy) :: Item [204] is hard to place, performance drops: "Jeans_Brown"
12:18:30.859 [CE][LootRespawner] (PRIDummy) :: Item [205] is hard to place, performance drops: "Jeans_Brown"
12:18:57.603 [CE][LootRespawner] (PRIDummy) :: Item [206] is hard to place, performance drops: "Rope"
12:18:57.703 [CE][LootRespawner] (PRIDummy) :: Item [207] is hard to place, performance drops: "JumpsuitPants_Blue"
12:18:57.703 [CE][LootRespawner] (PRIDummy) :: Item [208] is hard to place, performance drops: "JumpsuitPants_Blue"
12:18:57.703 [CE][LootRespawner] (PRIDummy) :: Item [209] is hard to place, performance drops: "JumpsuitPants_Blue"
12:18:57.705 [CE][LootRespawner] (PRIDummy) :: Item [210] is hard to place, performance drops: "JumpsuitPants_Blue"
12:18:57.705 [CE][LootRespawner] (PRIDummy) :: Item [211] is hard to place, performance drops: "JumpsuitPants_Blue"
12:18:58.15 [CE][LootRespawner] (PRIDummy) :: Item [212] is hard to place, performance drops: "GP5GasMask"
12:18:59.242 [CE][LootRespawner] (PRIDummy) :: Item [213] is hard to place, performance drops: "JumpsuitJacket_Gray"
12:19:25.611 !!! [CE][Point] Removing 6504.311523, 9286.791016 from land_wrecked_ural
12:19:25.611 [CE][LootRespawner] (PRIDummy) :: Item [214] is hard to place, performance drops: "dzn_milberet_specnaz"
12:19:26.640 [CE][LootRespawner] (PRIDummy) :: Item [19] causing search overtime: "SVD_Wooden"
12:19:53.450 [CE][LootRespawner] (PRIDummy) :: Item [215] is hard to place, performance drops: "PressVest_LightBlue"
12:19:53.552 [CE][LootRespawner] (PRIDummy) :: Item [216] is hard to place, performance drops: "TTSKOPants"
12:20:20.590 [CE][LootRespawner] (PRIDummy) :: Item [217] is hard to place, performance drops: "MetalPlate"
12:20:20.590 [CE][LootRespawner] (PRIDummy) :: Item [218] is hard to place, performance drops: "MetalPlate"
12:20:21.618 [CE][LootRespawner] (PRIDummy) :: Item [219] is hard to place, performance drops: "WoodenPlank"
12:20:21.618 [CE][LootRespawner] (PRIDummy) :: Item [220] is hard to place, performance drops: "WoodenPlank"
12:20:21.619 [CE][LootRespawner] (PRIDummy) :: Item [221] is hard to place, performance drops: "WoodenPlank"
12:20:21.619 [CE][LootRespawner] (PRIDummy) :: Item [222] is hard to place, performance drops: "WoodenPlank"
12:20:21.619 [CE][LootRespawner] (PRIDummy) :: Item [223] is hard to place, performance drops: "WoodenPlank"
12:20:21.924 [CE][LootRespawner] (PRIDummy) :: Item [224] is hard to place, performance drops: "JumpsuitPants_Red"
12:20:48.436 !!! [CE][Point] Removing 6162.589844, 10878.765625 from land_hut_old01
12:20:48.436 [CE][LootRespawner] (PRIDummy) :: Item [225] is hard to place, performance drops: "MeatTenderizer"
12:21:17.34 [CE][LootRespawner] (PRIDummy) :: Item [226] is hard to place, performance drops: "BomberJacket_Brown"
12:21:17.132 [CE][LootRespawner] (PRIDummy) :: Item [227] is hard to place, performance drops: "TrackSuitJacket_Red"
12:21:44.05 [CE][LootRespawner] (PRIDummy) :: Item [228] is hard to place, performance drops: "BomberJacket_Olive"
12:21:44.315 [CE][LootRespawner] (PRIDummy) :: Item [229] is hard to place, performance drops: "TShirt_Blue"
12:22:11.467 [CE][LootRespawner] (PRIDummy) :: Item [230] is hard to place, performance drops: "WoodAxe"
12:22:11.468 [CE][LootRespawner] (PRIDummy) :: Item [231] is hard to place, performance drops: "WoodAxe"
12:22:12.695 [CE][LootRespawner] (PRIDummy) :: Item [232] is hard to place, performance drops: "DirtBikeHelmet_Blue"
12:22:13.02 [CE][LootRespawner] (PRIDummy) :: Item [20] causing search overtime: "dzn_platecarrierpouches_nac"
12:22:13.309 [Shutdown] Shutting down in 1200 seconds (20 minutes).
12:22:14.638 [CE][Links] found 2 total links between groups, of 11
12:22:14.638 [CE][SpawnRandomLoot] (StaticMedDrop) :: Type: Misc_cargo_cont_net1, lootmin: 4, lootmax: 6, wanted: 4, deloot: 2, containermaxsum: 6
12:22:39.368 [CE][LootRespawner] (PRIDummy) :: Item [233] is hard to place, performance drops: "Fabric"
12:22:39.372 [CE][LootRespawner] (PRIDummy) :: Item [234] is hard to place, performance drops: "Fabric"
12:22:39.372 [CE][LootRespawner] (PRIDummy) :: Item [235] is hard to place, performance drops: "Fabric"
12:22:39.372 [CE][LootRespawner] (PRIDummy) :: Item [236] is hard to place, performance drops: "Fabric"
12:22:39.372 [CE][LootRespawner] (PRIDummy) :: Item [237] is hard to place, performance drops: "Fabric"
12:22:39.372 [CE][LootRespawner] (PRIDummy) :: Item [238] is hard to place, performance drops: "Fabric"
12:22:39.372 [CE][LootRespawner] (PRIDummy) :: Item [239] is hard to place, performance drops: "Fabric"
12:22:39.568 [CE][LootRespawner] (PRIDummy) :: Item [240] is hard to place, performance drops: "CanisterGasoline"
12:22:39.568 [CE][LootRespawner] (PRIDummy) :: Item [241] is hard to place, performance drops: "CanisterGasoline"
12:22:39.571 [CE][LootRespawner] (PRIDummy) :: Item [242] is hard to place, performance drops: "CanisterGasoline"
12:22:39.877 [CE][LootRespawner] (PRIDummy) :: Item [243] is hard to place, performance drops: "PaddedGloves_Beige"
12:22:40.391 [CE][LootRespawner] (PRIDummy) :: Item [244] is hard to place, performance drops: "MotoHelmet_Lime"
12:23:06.623 [CE][LootRespawner] (PRIDummy) :: Item [245] is hard to place, performance drops: "PrisonUniformPants"
12:23:06.826 [CE][LootRespawner] (PRIDummy) :: Item [246] is hard to place, performance drops: "Pickaxe"
12:23:06.826 [CE][LootRespawner] (PRIDummy) :: Item [247] is hard to place, performance drops: "Pickaxe"
12:23:06.826 [CE][LootRespawner] (PRIDummy) :: Item [248] is hard to place, performance drops: "Pickaxe"
12:23:06.826 [CE][LootRespawner] (PRIDummy) :: Item [249] is hard to place, performance drops: "Pickaxe"
12:23:06.827 [CE][LootRespawner] (PRIDummy) :: Item [250] is hard to place, performance drops: "Pickaxe"
12:23:06.827 [CE][LootRespawner] (PRIDummy) :: Item [251] is hard to place, performance drops: "Pickaxe"
12:23:06.926 [CE][LootRespawner] (PRIDummy) :: Item [252] is hard to place, performance drops: "HikingJacket_Green"
12:23:07.27 [CE][LootRespawner] (PRIDummy) :: Item [253] is hard to place, performance drops: "Broom"
12:23:07.29 [CE][LootRespawner] (PRIDummy) :: Item [254] is hard to place, performance drops: "Broom"
12:23:34.708 [CE][LootRespawner] (PRIDummy) :: Item [255] is hard to place, performance drops: "WomanSuit_Khaki"
12:23:35.839 [CE][LootRespawner] (PRIDummy) :: Item [256] is hard to place, performance drops: "SherpaHat_Black"
12:24:29.647 [CE][LootRespawner] (PRIDummy) :: Item [257] is hard to place, performance drops: "Shovel"
12:24:29.847 [CE][LootRespawner] (PRIDummy) :: Item [258] is hard to place, performance drops: "FryingPan"
12:24:30.260 [CE][LootRespawner] (PRIDummy) :: Item [259] is hard to place, performance drops: "Jeans_Black"
12:24:57.298 [CE][LootRespawner] (PRIDummy) :: Item [260] is hard to place, performance drops: "Hacksaw"
12:24:57.711 [CE][LootRespawner] (PRIDummy) :: Item [261] is hard to place, performance drops: "Bandana_Greenpattern"
12:24:58.429 [CE][LootRespawner] (PRIDummy) :: Item [262] is hard to place, performance drops: "QuiltedJacket_Green"
12:24:58.431 [CE][LootRespawner] (PRIDummy) :: Item [263] is hard to place, performance drops: "QuiltedJacket_Green"
12:24:59.145 [CE][LootRespawner] (PRIDummy) :: Item [264] is hard to place, performance drops: "MotoHelmet_Green"
12:25:27.723 [CE][Links] found 2 total links between groups, of 12
12:25:27.723 [CE][SpawnRandomLoot] (StaticMedDrop) :: Type: Misc_cargo_cont_net1, lootmin: 4, lootmax: 6, wanted: 5, deloot: 2, containermaxsum: 6
12:26:21.123 [CE][LootRespawner] (PRIDummy) :: Item [265] is hard to place, performance drops: "WoolCoat_Red"
12:26:21.432 [CE][LootRespawner] (PRIDummy) :: Item [21] causing search overtime: "SVD_Wooden"
12:26:49.333 [CE][LootRespawner] (PRIDummy) :: Item [266] is hard to place, performance drops: "SnowstormUshanka_White"
12:26:50.58 [CE][LootRespawner] (PRIDummy) :: Item [267] is hard to place, performance drops: "HuntingJacket_Winter"
12:26:50.162 [CE][LootRespawner] (PRIDummy) :: Item [268] is hard to place, performance drops: "BeanieHat_Beige"
12:26:50.162 [CE][LootRespawner] (PRIDummy) :: Item [269] is hard to place, performance drops: "BeanieHat_Beige"
12:26:50.162 [CE][LootRespawner] (PRIDummy) :: Item [270] is hard to place, performance drops: "BeanieHat_Beige"
12:27:16.271 [CE][LootRespawner] (PRIDummy) :: Item [271] is hard to place, performance drops: "PoliceJacketOrel"
12:27:16.584 [CE][LootRespawner] (PRIDummy) :: Item [272] is hard to place, performance drops: "WoolCoat_BlackCheck"
12:27:22.239 [Shutdown] Shutting down in 900 seconds (15 minutes).
12:27:43.665 [CE][LootRespawner] (PRIDummy) :: Item [273] is hard to place, performance drops: "MetalPlate"
12:27:43.980 [CE][LootRespawner] (PRIDummy) :: Item [274] is hard to place, performance drops: "WoodenPlank"
12:27:43.982 [CE][LootRespawner] (PRIDummy) :: Item [275] is hard to place, performance drops: "WoodenPlank"
12:27:43.983 [CE][LootRespawner] (PRIDummy) :: Item [276] is hard to place, performance drops: "WoodenPlank"
12:28:11.284 [CE][LootRespawner] (PRIDummy) :: Item [277] is hard to place, performance drops: "BarbedWire"
12:28:11.386 [CE][LootRespawner] (PRIDummy) :: Item [278] is hard to place, performance drops: "CivilianBelt"
12:28:39.461 [CE][LootRespawner] (PRIDummy) :: Item [279] is hard to place, performance drops: "GardenLime"
12:28:40.378 [CE][LootRespawner] (PRIDummy) :: Item [280] is hard to place, performance drops: "ManSuit_Khaki"
12:29:06.724 [CE][LootRespawner] (PRIDummy) :: Item [281] is hard to place, performance drops: "Sweater_Blue"
12:29:06.728 [CE][LootRespawner] (PRIDummy) :: Item [282] is hard to place, performance drops: "Sweater_Blue"
12:29:07.340 [CE][LootRespawner] (PRIDummy) :: Item [283] is hard to place, performance drops: "Hoodie_Blue"
12:29:36.208 [CE][LootRespawner] (PRIDummy) :: Item [284] is hard to place, performance drops: "BomberJacket_Maroon"
12:30:02.262 [CE][LootRespawner] (PRIDummy) :: Item [285] is hard to place, performance drops: "NailBox"
12:30:02.463 [CE][LootRespawner] (PRIDummy) :: Item [286] is hard to place, performance drops: "HuntingVest"
12:30:02.463 [CE][LootRespawner] (PRIDummy) :: Item [287] is hard to place, performance drops: "HuntingVest"
12:30:02.466 [CE][LootRespawner] (PRIDummy) :: Item [288] is hard to place, performance drops: "HuntingVest"
12:30:02.466 [CE][LootRespawner] (PRIDummy) :: Item [289] is hard to place, performance drops: "HuntingVest"
12:30:05.358 [CE][Links] found 4 total links between groups, of 13
12:30:05.358 [CE][SpawnRandomLoot] (StaticMedDrop) :: Type: Misc_cargo_cont_net1, lootmin: 4, lootmax: 6, wanted: 4, deloot: 2, containermaxsum: 6
12:30:05.363 [CE][Links] found 4 total links between groups, of 14
12:30:05.363 [CE][SpawnRandomLoot] (StaticMedDrop) :: Type: Misc_cargo_cont_net1, lootmin: 4, lootmax: 6, wanted: 4, deloot: 2, containermaxsum: 6
12:30:30.995 [CE][LootRespawner] (PRIDummy) :: Item [290] is hard to place, performance drops: "MotoHelmet_Lime"
12:30:58.00 [CE][LootRespawner] (PRIDummy) :: Item [291] is hard to place, performance drops: "MountainBag_Blue"
12:30:58.00 [CE][LootRespawner] (PRIDummy) :: Item [292] is hard to place, performance drops: "MountainBag_Blue"
12:30:58.00 [CE][LootRespawner] (PRIDummy) :: Item [293] is hard to place, performance drops: "MountainBag_Blue"
12:31:25.381 [CE][LootRespawner] (PRIDummy) :: Item [294] is hard to place, performance drops: "TShirt_OrangeWhiteStripes"
12:31:26.518 [CE][LootRespawner] (PRIDummy) :: Item [295] is hard to place, performance drops: "Shemag_Brown"
12:31:26.931 [CE][LootRespawner] (PRIDummy) :: Item [296] is hard to place, performance drops: "WinterCoif_Green"
12:31:26.931 [CE][LootRespawner] (PRIDummy) :: Item [297] is hard to place, performance drops: "WinterCoif_Green"
12:31:52.931 [CE][LootRespawner] (PRIDummy) :: Item [298] is hard to place, performance drops: "BaseballBat"
12:32:20.568 [CE][LootRespawner] (PRIDummy) :: Item [299] is hard to place, performance drops: "Tripod"
12:32:20.771 [CE][LootRespawner] (PRIDummy) :: Item [300] is hard to place, performance drops: "DressShoes_Brown"
12:32:20.772 [CE][LootRespawner] (PRIDummy) :: Item [301] is hard to place, performance drops: "DressShoes_Brown"
12:32:21.80 [CE][LootRespawner] (PRIDummy) :: Item [302] is hard to place, performance drops: "TTsKOJacket_Camo"
12:32:21.487 [CE][LootRespawner] (PRIDummy) :: Item [303] is hard to place, performance drops: "RadarCap_Blue"
12:32:31.41 [Shutdown] Shutting down in 600 seconds (10 minutes).
12:32:48.156 [CE][LootRespawner] (PRIDummy) :: Item [304] is hard to place, performance drops: "WorkingGloves_Brown"
12:32:48.156 [CE][LootRespawner] (PRIDummy) :: Item [305] is hard to place, performance drops: "WorkingGloves_Brown"
12:32:48.258 [CE][LootRespawner] (PRIDummy) :: Item [306] is hard to place, performance drops: "Hacksaw"
12:32:48.258 [CE][LootRespawner] (PRIDummy) :: Item [307] is hard to place, performance drops: "Hacksaw"
12:32:48.259 [CE][LootRespawner] (PRIDummy) :: Item [308] is hard to place, performance drops: "Hacksaw"
12:32:48.367 [CE][LootRespawner] (PRIDummy) :: Item [309] is hard to place, performance drops: "Cleaver"
12:33:16.503 [CE][LootRespawner] (PRIDummy) :: Item [310] is hard to place, performance drops: "BoonieHat_Blue"
12:33:43.901 [CE][LootRespawner] (PRIDummy) :: Item [311] is hard to place, performance drops: "Iceaxe"
12:34:11.411 [CE][LootRespawner] (PRIDummy) :: Item [312] is hard to place, performance drops: "MetalPlate"
12:34:11.419 [CE][LootRespawner] (PRIDummy) :: Item [313] is hard to place, performance drops: "MetalPlate"
12:34:11.420 [CE][LootRespawner] (PRIDummy) :: Item [314] is hard to place, performance drops: "MetalPlate"
12:34:11.422 [CE][LootRespawner] (PRIDummy) :: Item [315] is hard to place, performance drops: "MetalPlate"
12:34:11.422 [CE][LootRespawner] (PRIDummy) :: Item [316] is hard to place, performance drops: "MetalPlate"
12:34:11.422 [CE][LootRespawner] (PRIDummy) :: Item [317] is hard to place, performance drops: "MetalPlate"
12:34:11.422 [CE][LootRespawner] (PRIDummy) :: Item [318] is hard to place, performance drops: "MetalPlate"
12:34:11.422 [CE][LootRespawner] (PRIDummy) :: Item [319] is hard to place, performance drops: "MetalPlate"
12:34:11.517 [CE][LootRespawner] (PRIDummy) :: Item [320] is hard to place, performance drops: "WoodenPlank"
12:34:39.35 [CE][LootRespawner] (PRIDummy) :: Item [321] is hard to place, performance drops: "ReflexVest"
12:34:39.35 [CE][LootRespawner] (PRIDummy) :: Item [322] is hard to place, performance drops: "ReflexVest"
12:34:39.37 [CE][LootRespawner] (PRIDummy) :: Item [323] is hard to place, performance drops: "ReflexVest"
12:34:39.38 [CE][LootRespawner] (PRIDummy) :: Item [324] is hard to place, performance drops: "ReflexVest"
12:34:39.450 [CE][LootRespawner] (PRIDummy) :: Item [325] is hard to place, performance drops: "BaseRadio"
12:34:39.551 [CE][LootRespawner] (PRIDummy) :: Item [326] is hard to place, performance drops: "NailBox"
12:34:39.551 [CE][LootRespawner] (PRIDummy) :: Item [327] is hard to place, performance drops: "NailBox"
12:34:39.551 [CE][LootRespawner] (PRIDummy) :: Item [328] is hard to place, performance drops: "NailBox"
12:35:06.985 [CE][LootRespawner] (PRIDummy) :: Item [329] is hard to place, performance drops: "WomanSuit_Brown"
12:35:06.985 [CE][LootRespawner] (PRIDummy) :: Item [330] is hard to place, performance drops: "WomanSuit_Brown"
12:35:07.86 [CE][LootRespawner] (PRIDummy) :: Item [331] is hard to place, performance drops: "BaseballBat"
12:35:07.289 [CE][LootRespawner] (PRIDummy) :: Item [332] is hard to place, performance drops: "Jeans_Blue"
12:35:07.909 [CE][LootRespawner] (PRIDummy) :: Item [333] is hard to place, performance drops: "RemoteDetonator"
12:35:07.909 [CE][LootRespawner] (PRIDummy) :: Item [334] is hard to place, performance drops: "RemoteDetonator"
12:35:07.909 [CE][LootRespawner] (PRIDummy) :: Item [335] is hard to place, performance drops: "RemoteDetonator"
12:35:07.909 [CE][LootRespawner] (PRIDummy) :: Item [336] is hard to place, performance drops: "RemoteDetonator"
12:35:07.910 [CE][LootRespawner] (PRIDummy) :: Item [337] is hard to place, performance drops: "RemoteDetonator"
12:35:08.318 [CE][LootRespawner] (PRIDummy) :: Item [338] is hard to place, performance drops: "PaddedGloves_Threat"
12:35:08.318 [CE][LootRespawner] (PRIDummy) :: Item [339] is hard to place, performance drops: "PaddedGloves_Threat"
12:35:08.318 [CE][LootRespawner] (PRIDummy) :: Item [340] is hard to place, performance drops: "PaddedGloves_Threat"
12:35:35.161 [CE][LootRespawner] (PRIDummy) :: Item [341] is hard to place, performance drops: "Hoodie_Green"
12:35:35.161 [CE][LootRespawner] (PRIDummy) :: Item [342] is hard to place, performance drops: "Hoodie_Green"
12:36:02.311 [CE][LootRespawner] (PRIDummy) :: Item [343] is hard to place, performance drops: "CamoNet"
12:36:29.953 [CE][LootRespawner] (PRIDummy) :: Item [344] is hard to place, performance drops: "BalaclavaMask_Beige"
12:37:25.355 [CE][LootRespawner] (PRIDummy) :: Item [345] is hard to place, performance drops: "TShirt_Grey"
12:37:25.355 [CE][LootRespawner] (PRIDummy) :: Item [346] is hard to place, performance drops: "TShirt_Grey"
12:37:39.801 [Shutdown] Shutting down in 300 seconds (5 minutes).
12:38:21.137 [CE][LootRespawner] (PRIDummy) :: Item [347] is hard to place, performance drops: "BushlatPoliceJacket_Blue"
12:38:21.552 [CE][LootRespawner] (PRIDummy) :: Item [348] is hard to place, performance drops: "NBCGlovesGray"
12:38:41.606 [Shutdown] Shutting down in 240 seconds (4 minutes).
12:38:48.74 [CE][LootRespawner] (PRIDummy) :: Item [349] is hard to place, performance drops: "Wrench"
12:38:48.74 [CE][LootRespawner] (PRIDummy) :: Item [350] is hard to place, performance drops: "Wrench"
12:38:48.78 [CE][LootRespawner] (PRIDummy) :: Item [351] is hard to place, performance drops: "Wrench"
12:38:48.175 [CE][LootRespawner] (PRIDummy) :: Item [352] is hard to place, performance drops: "WorkingGloves_Yellow"
12:39:43.356 [Shutdown] Shutting down in 180 seconds (3 minutes).
12:39:43.871 [CE][LootRespawner] (PRIDummy) :: Item [353] is hard to place, performance drops: "FirefighterAxe"
12:40:38.917 [CE][LootRespawner] (PRIDummy) :: Item [354] is hard to place, performance drops: "CamoNet"
12:40:40.450 [CE][LootRespawner] (PRIDummy) :: Item [355] is hard to place, performance drops: "WorkingBoots_Beige"
12:40:45.73 [Shutdown] Shutting down in 120 seconds (2 minutes).
12:41:34.245 [CE][LootRespawner] (PRIDummy) :: Item [356] is hard to place, performance drops: "WoodenPlank"
12:41:34.245 [CE][LootRespawner] (PRIDummy) :: Item [357] is hard to place, performance drops: "WoodenPlank"
12:41:34.247 [CE][LootRespawner] (PRIDummy) :: Item [358] is hard to place, performance drops: "WoodenPlank"
12:41:35.990 [CE][LootRespawner] (PRIDummy) :: Item [359] is hard to place, performance drops: "GlassBottle"
12:41:35.990 [CE][LootRespawner] (PRIDummy) :: Item [360] is hard to place, performance drops: "GlassBottle"
12:41:36.90 [CE][LootRespawner] (PRIDummy) :: Item [361] is hard to place, performance drops: "NBCHoodYellow"
12:41:46.797 [Shutdown] Shutting down in 60 seconds (1 minutes).
12:41:46.899 [Shutdown] Saving players, locking server and kicking all players.
12:41:46.900 Player SENSEI (18140695) kicked from server: 11 (Server is shutting down.)
12:41:46.904 [Disconnect]: Client 18140695 early disconnect
12:41:46.909 [Disconnect]: Start script disconnect 18140695 (dbCharacterId 24 dbPlayerId 24) logoutTime 0
12:41:46.919 [Disconnect]: Finish script disconnect 18140695 (2Ci3Ox8TjyjUR-A4t7Z-RtRcdi_076hTxh6ihVE1iAM=)
12:41:46.919 [Disconnect]: DisconnectPlayerFinish 18140695
12:41:46.919 [Disconnect]: Remove player info 18140695
12:41:46.937 [Disconnect]: Player destroy 18140695 
12:42:02.205 [CE][LootRespawner] (PRIDummy) :: Item [362] is hard to place, performance drops: "PaddedGloves_Beige"
12:42:02.205 [CE][LootRespawner] (PRIDummy) :: Item [363] is hard to place, performance drops: "PaddedGloves_Beige"
12:42:02.828 [CE][LootRespawner] (PRIDummy) :: Item [364] is hard to place, performance drops: "ManSuit_Brown"
12:42:03.238 [CE][LootRespawner] (PRIDummy) :: Item [365] is hard to place, performance drops: "NBCPantsGray"
12:42:03.238 [CE][LootRespawner] (PRIDummy) :: Item [366] is hard to place, performance drops: "NBCPantsGray"
12:42:03.238 [CE][LootRespawner] (PRIDummy) :: Item [367] is hard to place, performance drops: "NBCPantsGray"
12:42:03.238 [CE][LootRespawner] (PRIDummy) :: Item [368] is hard to place, performance drops: "NBCPantsGray"
12:42:03.238 [CE][LootRespawner] (PRIDummy) :: Item [369] is hard to place, performance drops: "NBCPantsGray"
12:42:03.549 [CE][LootRespawner] (PRIDummy) :: Item [370] is hard to place, performance drops: "TaloonBag_Orange"
12:42:29.972 [CE][LootRespawner] (PRIDummy) :: Item [371] is hard to place, performance drops: "ConstructionHelmet_White"
12:42:30.71 [CE][LootRespawner] (PRIDummy) :: Item [372] is hard to place, performance drops: "PoliceJacket"
12:42:30.71 [CE][LootRespawner] (PRIDummy) :: Item [373] is hard to place, performance drops: "PoliceJacket"
12:42:48.748 [Server] :: termination in: 5
12:42:49.749 [Server] :: termination in: 4
12:42:50.749 [Server] :: termination in: 3
12:42:51.749 [Server] :: termination in: 2
12:42:52.750 [Server] :: termination in: 1
12:43:03.679  --- Termination successfully completed --- 
