=====================================================================
== C:\SERVICES\ni10839481_1_SHARE\ftproot\dayzstandalone\DayZServer_x64.exe
== "C:\SERVICES\ni10839481_1_SHARE\ftproot\dayzstandalone\DayZServer_x64.exe" -ip=85.190.162.236 -port=11200 -cpuCount=4 -limitFPS=100 -config=serverDZ.cfg "-mod=@Namalsk Survival;@Namalsk Island;@Zens Zombie Door Bangers;@Ear-Plugs;@Code Lock" -profiles=C:\SERVICES\ni10839481_1_SHARE\ftproot\dayzstandalone/config -BEPath=C:\SERVICES\ni10839481_1_SHARE\ftproot\dayzstandalone\battleye -noFilePatching -nologs -adminlog -freezecheck
=====================================================================
Exe timestamp: 2025/04/04 00:49:20
Current time:  2025/05/30 04:25:19
Version 1.27.159674
=====================================================================

 4:25:19.576 [Inputs] Loading inputs default "bin/constants.xml"
 4:25:19.586 [Inputs] Loading inputs default "bin/specific.xml"
 4:25:19.588 [Inputs] Loading inputs default "EarPlugs/data/inputs.xml"
 4:25:19.591 [Inputs] Loading inputs default "nst/ns_dayz/scripts/Data/Inputs.xml"
 4:25:19.593 [Inputs] Loading inputs cfg "C:\SERVICES\ni10839481_1_SHARE\ftproot\dayzstandalone/config\Users\Survivor\Server.core.xml"
 4:25:19.607 [Inputs] Exporting inputs cfg "C:\SERVICES\ni10839481_1_SHARE\ftproot\dayzstandalone/config\Users\Survivor\Server.core.xml"
 4:25:45.584 Hostname of server: "Aid Station | Namalsk | PVE - Wipe: 03-06"
 4:26:04.253 [CE][Hive] :: Initializing OFFLINE
 4:26:04.254 [StorageDirs] :: Selected storage directory: C:\SERVICES\ni10839481_1_SHARE\ftproot\dayzstandalone\mpmissions\regular.namalsk\storage_1\
 4:26:04.259 [CE][Hive] :: Loading core data ... 
 4:26:04.263 [CE][CoreData] :: 8 root classes, 0 defaults, 0 updaters...
 4:26:12.365 [CE] :: WARNING :: Preset map "headsFirefighter" is EMPTY.
 4:26:12.367 [CE][TypeSetup] :: 599 classes setuped...
 4:26:12.984 [CE][RegisterBind] :: 0 classes binded...
 4:26:12.984 [CE][RegisterConfig] :: 5794 config classes registered, 0 sub-counters...
 4:26:12.984 [CE][Hive] :: Loading map data ... 
 4:26:13.40 [CE][LoadPrototype] :: loaded 256 prototypes
 4:26:13.40   404 containers, 7415 points
 4:26:13.40   1 dispatches, 1 proxies
 4:26:13.40 !!! [CE][LoadPrototype] 1 groups have wrong points...
 4:26:13.40 [CE][LoadPrototype] :: last group name: land_frozen_person...
 4:26:13.48 [CE][LoadPrototype] :: loaded 0 prototypes
 4:26:13.48   38 containers, 66 points
 4:26:13.48   0 dispatches, 0 proxies
 4:26:13.48 [CE][LoadPrototype] :: last group name: StoneLoc38...
 4:26:13.122 [CE][LoadMap] "Group" :: loaded 1445 groups, groups failed: 0, largest group range: 36.4
 4:26:13.127 [CE][LoadMap] "Dirt" :: loaded 0 groups, groups failed: 0, largest group range: 36.4
 4:26:13.132 [CE][Links] found 472 total links between groups, of 1445
 4:26:13.132 [CE][LoadClusters] "Cluster" :: Loading files...
 4:26:13.147 [CE][LoadClusters] :: file: "mapgroupcluster.xml", 1 types, 2418 instances
 4:26:13.150 [CE][Storage] ver:21 stamp:126172, valid:yes, name:"C:\SERVICES\ni10839481_1_SHARE\ftproot\dayzstandalone\mpmissions\regular.namalsk\storage_1\data\types.bin"
 4:26:13.152 [CE][Storage] ver:21 stamp:123412, valid:yes, name:"C:\SERVICES\ni10839481_1_SHARE\ftproot\dayzstandalone\mpmissions\regular.namalsk\storage_1\data\types.001"
 4:26:13.154 [CE][Storage] ver:21 stamp:123413, valid:yes, name:"C:\SERVICES\ni10839481_1_SHARE\ftproot\dayzstandalone\mpmissions\regular.namalsk\storage_1\data\types.002"
 4:26:13.154 [CE][Storage] Restoring file "C:\SERVICES\ni10839481_1_SHARE\ftproot\dayzstandalone\mpmissions\regular.namalsk\storage_1\data\types.bin".
 4:26:13.207 [CE][offlineDB] :: Loaded 23 dynamic events 177 total types.
 4:26:13.237 !!! [CE][offlineDB] :: Type 'R12' will be ignored. (Type does not exist. (Typo?))
 4:26:13.237 !!! [CE][offlineDB] :: Type 'MK4Optic_Black' will be ignored. (Type does not exist. (Typo?))
 4:26:13.237 !!! [CE][offlineDB] :: Type 'MK4Optic_Green' will be ignored. (Type does not exist. (Typo?))
 4:26:13.237 !!! [CE][offlineDB] :: Type 'SportingOptic' will be ignored. (Type does not exist. (Typo?))
 4:26:13.237 !!! [CE][offlineDB] :: Type 'PSO6Optic' will be ignored. (Type does not exist. (Typo?))
 4:26:13.239 !!! [CE][offlineDB] :: Type 'ChristmasTree' will be ignored. (Not spawnable. (Scope is not public?))
 4:26:13.262 [CE][DE][SPAWNS] :: Total positions: 711
 4:26:13.262 [CE][DE][GROUPS] :: Total eventgroups defined: 0, Eventgroups in use: 0
 4:26:13.264 [CE][Storage] ver:25 stamp:126172, valid:yes, name:"C:\SERVICES\ni10839481_1_SHARE\ftproot\dayzstandalone\mpmissions\regular.namalsk\storage_1\data\events.bin"
 4:26:13.265 [CE][Storage] ver:25 stamp:123412, valid:yes, name:"C:\SERVICES\ni10839481_1_SHARE\ftproot\dayzstandalone\mpmissions\regular.namalsk\storage_1\data\events.001"
 4:26:13.266 [CE][Storage] ver:25 stamp:123413, valid:yes, name:"C:\SERVICES\ni10839481_1_SHARE\ftproot\dayzstandalone\mpmissions\regular.namalsk\storage_1\data\events.002"
 4:26:13.267 [CE][Storage] Restoring file "C:\SERVICES\ni10839481_1_SHARE\ftproot\dayzstandalone\mpmissions\regular.namalsk\storage_1\data\events.bin".
 4:26:13.267 [CE][DynamicEvent] Load  Events:[23] Primary spawners: 23 Secondary spawners: 0
 4:26:13.268 [CE][Storage] ver:25 stamp:126172, valid:yes, name:"C:\SERVICES\ni10839481_1_SHARE\ftproot\dayzstandalone\mpmissions\regular.namalsk\storage_1\data\dynamic_000.bin"
 4:26:13.270 [CE][Storage] ver:25 stamp:123412, valid:yes, name:"C:\SERVICES\ni10839481_1_SHARE\ftproot\dayzstandalone\mpmissions\regular.namalsk\storage_1\data\dynamic_000.001"
 4:26:13.271 [CE][Storage] ver:25 stamp:123413, valid:yes, name:"C:\SERVICES\ni10839481_1_SHARE\ftproot\dayzstandalone\mpmissions\regular.namalsk\storage_1\data\dynamic_000.002"
 4:26:13.271 [CE][Storage] Restoring file "C:\SERVICES\ni10839481_1_SHARE\ftproot\dayzstandalone\mpmissions\regular.namalsk\storage_1\data\dynamic_000.bin" 1 items.
 4:26:13.273   1 items loaded. (0 failed)
 4:26:13.274 [CE][Storage] ver:25 stamp:126172, valid:yes, name:"C:\SERVICES\ni10839481_1_SHARE\ftproot\dayzstandalone\mpmissions\regular.namalsk\storage_1\data\dynamic_001.bin"
 4:26:13.275 [CE][Storage] ver:25 stamp:123412, valid:yes, name:"C:\SERVICES\ni10839481_1_SHARE\ftproot\dayzstandalone\mpmissions\regular.namalsk\storage_1\data\dynamic_001.001"
 4:26:13.277 [CE][Storage] ver:25 stamp:123413, valid:yes, name:"C:\SERVICES\ni10839481_1_SHARE\ftproot\dayzstandalone\mpmissions\regular.namalsk\storage_1\data\dynamic_001.002"
 4:26:13.277 [CE][Storage] Restoring file "C:\SERVICES\ni10839481_1_SHARE\ftproot\dayzstandalone\mpmissions\regular.namalsk\storage_1\data\dynamic_001.bin" 26 items.
 4:26:13.328   26 items loaded. (0 failed)
 4:26:13.330 [CE][Storage] ver:25 stamp:126172, valid:yes, name:"C:\SERVICES\ni10839481_1_SHARE\ftproot\dayzstandalone\mpmissions\regular.namalsk\storage_1\data\dynamic_002.bin"
 4:26:13.332 [CE][Storage] ver:25 stamp:123412, valid:yes, name:"C:\SERVICES\ni10839481_1_SHARE\ftproot\dayzstandalone\mpmissions\regular.namalsk\storage_1\data\dynamic_002.001"
 4:26:13.333 [CE][Storage] ver:25 stamp:123413, valid:yes, name:"C:\SERVICES\ni10839481_1_SHARE\ftproot\dayzstandalone\mpmissions\regular.namalsk\storage_1\data\dynamic_002.002"
 4:26:13.333 [CE][Storage] Restoring file "C:\SERVICES\ni10839481_1_SHARE\ftproot\dayzstandalone\mpmissions\regular.namalsk\storage_1\data\dynamic_002.bin" 63 items.
 4:26:13.444   63 items loaded. (0 failed)
 4:26:13.446 [CE][Storage] ver:25 stamp:126172, valid:yes, name:"C:\SERVICES\ni10839481_1_SHARE\ftproot\dayzstandalone\mpmissions\regular.namalsk\storage_1\data\dynamic_003.bin"
 4:26:13.452 [CE][Storage] ver:25 stamp:123412, valid:yes, name:"C:\SERVICES\ni10839481_1_SHARE\ftproot\dayzstandalone\mpmissions\regular.namalsk\storage_1\data\dynamic_003.001"
 4:26:13.454 [CE][Storage] ver:25 stamp:123413, valid:yes, name:"C:\SERVICES\ni10839481_1_SHARE\ftproot\dayzstandalone\mpmissions\regular.namalsk\storage_1\data\dynamic_003.002"
 4:26:13.454 [CE][Storage] Restoring file "C:\SERVICES\ni10839481_1_SHARE\ftproot\dayzstandalone\mpmissions\regular.namalsk\storage_1\data\dynamic_003.bin" 733 items.
 4:26:18.536   733 items loaded. (0 failed)
 4:26:18.538 [CE][Storage] ver:25 stamp:126172, valid:yes, name:"C:\SERVICES\ni10839481_1_SHARE\ftproot\dayzstandalone\mpmissions\regular.namalsk\storage_1\data\dynamic_004.bin"
 4:26:18.540 [CE][Storage] ver:25 stamp:123412, valid:yes, name:"C:\SERVICES\ni10839481_1_SHARE\ftproot\dayzstandalone\mpmissions\regular.namalsk\storage_1\data\dynamic_004.001"
 4:26:18.542 [CE][Storage] ver:25 stamp:123413, valid:yes, name:"C:\SERVICES\ni10839481_1_SHARE\ftproot\dayzstandalone\mpmissions\regular.namalsk\storage_1\data\dynamic_004.002"
 4:26:18.542 [CE][Storage] Restoring file "C:\SERVICES\ni10839481_1_SHARE\ftproot\dayzstandalone\mpmissions\regular.namalsk\storage_1\data\dynamic_004.bin" 1682 items.
 4:26:19.976   1682 items loaded. (0 failed)
 4:26:19.978 [CE][Storage] ver:25 stamp:126172, valid:yes, name:"C:\SERVICES\ni10839481_1_SHARE\ftproot\dayzstandalone\mpmissions\regular.namalsk\storage_1\data\dynamic_005.bin"
 4:26:19.980 [CE][Storage] ver:25 stamp:123412, valid:yes, name:"C:\SERVICES\ni10839481_1_SHARE\ftproot\dayzstandalone\mpmissions\regular.namalsk\storage_1\data\dynamic_005.001"
 4:26:19.983 [CE][Storage] ver:25 stamp:123413, valid:yes, name:"C:\SERVICES\ni10839481_1_SHARE\ftproot\dayzstandalone\mpmissions\regular.namalsk\storage_1\data\dynamic_005.002"
 4:26:19.983 [CE][Storage] Restoring file "C:\SERVICES\ni10839481_1_SHARE\ftproot\dayzstandalone\mpmissions\regular.namalsk\storage_1\data\dynamic_005.bin" 847 items.
 4:26:22.831   847 items loaded. (0 failed)
 4:26:22.833 [CE][Storage] ver:25 stamp:126172, valid:yes, name:"C:\SERVICES\ni10839481_1_SHARE\ftproot\dayzstandalone\mpmissions\regular.namalsk\storage_1\data\dynamic_006.bin"
 4:26:22.835 [CE][Storage] ver:25 stamp:123412, valid:yes, name:"C:\SERVICES\ni10839481_1_SHARE\ftproot\dayzstandalone\mpmissions\regular.namalsk\storage_1\data\dynamic_006.001"
 4:26:22.837 [CE][Storage] ver:25 stamp:123413, valid:yes, name:"C:\SERVICES\ni10839481_1_SHARE\ftproot\dayzstandalone\mpmissions\regular.namalsk\storage_1\data\dynamic_006.002"
 4:26:22.837 [CE][Storage] Restoring file "C:\SERVICES\ni10839481_1_SHARE\ftproot\dayzstandalone\mpmissions\regular.namalsk\storage_1\data\dynamic_006.bin" 1653 items.
 4:26:24.176   1653 items loaded. (0 failed)
 4:26:24.191 [CE][Storage] ver:25 stamp:126172, valid:yes, name:"C:\SERVICES\ni10839481_1_SHARE\ftproot\dayzstandalone\mpmissions\regular.namalsk\storage_1\data\dynamic_007.bin"
 4:26:24.194 [CE][Storage] ver:25 stamp:123412, valid:yes, name:"C:\SERVICES\ni10839481_1_SHARE\ftproot\dayzstandalone\mpmissions\regular.namalsk\storage_1\data\dynamic_007.001"
 4:26:24.198 [CE][Storage] ver:25 stamp:123413, valid:yes, name:"C:\SERVICES\ni10839481_1_SHARE\ftproot\dayzstandalone\mpmissions\regular.namalsk\storage_1\data\dynamic_007.002"
 4:26:24.199 [CE][Storage] Restoring file "C:\SERVICES\ni10839481_1_SHARE\ftproot\dayzstandalone\mpmissions\regular.namalsk\storage_1\data\dynamic_007.bin" 609 items.
 4:26:24.601   609 items loaded. (0 failed)
 4:26:24.613 [CE][Storage] ver:25 stamp:126172, valid:yes, name:"C:\SERVICES\ni10839481_1_SHARE\ftproot\dayzstandalone\mpmissions\regular.namalsk\storage_1\data\dynamic_008.bin"
 4:26:24.625 [CE][Storage] ver:25 stamp:123412, valid:yes, name:"C:\SERVICES\ni10839481_1_SHARE\ftproot\dayzstandalone\mpmissions\regular.namalsk\storage_1\data\dynamic_008.001"
 4:26:24.637 [CE][Storage] ver:25 stamp:123413, valid:yes, name:"C:\SERVICES\ni10839481_1_SHARE\ftproot\dayzstandalone\mpmissions\regular.namalsk\storage_1\data\dynamic_008.002"
 4:26:24.637 [CE][Storage] Restoring file "C:\SERVICES\ni10839481_1_SHARE\ftproot\dayzstandalone\mpmissions\regular.namalsk\storage_1\data\dynamic_008.bin" 131 items.
 4:26:24.743   131 items loaded. (0 failed)
 4:26:24.754 [CE][Storage] ver:25 stamp:126172, valid:yes, name:"C:\SERVICES\ni10839481_1_SHARE\ftproot\dayzstandalone\mpmissions\regular.namalsk\storage_1\data\dynamic_009.bin"
 4:26:24.765 [CE][Storage] ver:25 stamp:123412, valid:yes, name:"C:\SERVICES\ni10839481_1_SHARE\ftproot\dayzstandalone\mpmissions\regular.namalsk\storage_1\data\dynamic_009.001"
 4:26:24.777 [CE][Storage] ver:25 stamp:123413, valid:yes, name:"C:\SERVICES\ni10839481_1_SHARE\ftproot\dayzstandalone\mpmissions\regular.namalsk\storage_1\data\dynamic_009.002"
 4:26:24.777 [CE][Storage] Restoring file "C:\SERVICES\ni10839481_1_SHARE\ftproot\dayzstandalone\mpmissions\regular.namalsk\storage_1\data\dynamic_009.bin" 0 items.
 4:26:24.777   0 items loaded. (0 failed)
 4:26:24.788 [CE][Storage] ver:25 stamp:126172, valid:yes, name:"C:\SERVICES\ni10839481_1_SHARE\ftproot\dayzstandalone\mpmissions\regular.namalsk\storage_1\data\dynamic_010.bin"
 4:26:24.800 [CE][Storage] ver:25 stamp:123412, valid:yes, name:"C:\SERVICES\ni10839481_1_SHARE\ftproot\dayzstandalone\mpmissions\regular.namalsk\storage_1\data\dynamic_010.001"
 4:26:24.811 [CE][Storage] ver:25 stamp:123413, valid:yes, name:"C:\SERVICES\ni10839481_1_SHARE\ftproot\dayzstandalone\mpmissions\regular.namalsk\storage_1\data\dynamic_010.002"
 4:26:24.814 [CE][Storage] Restoring file "C:\SERVICES\ni10839481_1_SHARE\ftproot\dayzstandalone\mpmissions\regular.namalsk\storage_1\data\dynamic_010.bin" 35 items.
 4:26:24.979   35 items loaded. (0 failed)
 4:26:24.981 [CE][Storage] ver:25 stamp:126172, valid:yes, name:"C:\SERVICES\ni10839481_1_SHARE\ftproot\dayzstandalone\mpmissions\regular.namalsk\storage_1\data\dynamic_011.bin"
 4:26:24.983 [CE][Storage] ver:25 stamp:123412, valid:yes, name:"C:\SERVICES\ni10839481_1_SHARE\ftproot\dayzstandalone\mpmissions\regular.namalsk\storage_1\data\dynamic_011.001"
 4:26:24.985 [CE][Storage] ver:25 stamp:123413, valid:yes, name:"C:\SERVICES\ni10839481_1_SHARE\ftproot\dayzstandalone\mpmissions\regular.namalsk\storage_1\data\dynamic_011.002"
 4:26:24.985 [CE][Storage] Restoring file "C:\SERVICES\ni10839481_1_SHARE\ftproot\dayzstandalone\mpmissions\regular.namalsk\storage_1\data\dynamic_011.bin" 46 items.
 4:26:25.144   46 items loaded. (0 failed)
 4:26:25.147 [CE][Storage] ver:26 stamp:126172, valid:yes, name:"C:\SERVICES\ni10839481_1_SHARE\ftproot\dayzstandalone\mpmissions\regular.namalsk\storage_1\data\building.bin"
 4:26:25.148 [CE][Storage] ver:26 stamp:123412, valid:yes, name:"C:\SERVICES\ni10839481_1_SHARE\ftproot\dayzstandalone\mpmissions\regular.namalsk\storage_1\data\building.001"
 4:26:25.150 [CE][Storage] ver:26 stamp:123413, valid:yes, name:"C:\SERVICES\ni10839481_1_SHARE\ftproot\dayzstandalone\mpmissions\regular.namalsk\storage_1\data\building.002"
 4:26:25.150 [CE][Storage] Restoring file "C:\SERVICES\ni10839481_1_SHARE\ftproot\dayzstandalone\mpmissions\regular.namalsk\storage_1\data\building.bin" 0 items.
 4:26:25.150   0 items loaded. (0 failed)
 4:26:25.152 [CE][Storage] ver:25 stamp:126172, valid:yes, name:"C:\SERVICES\ni10839481_1_SHARE\ftproot\dayzstandalone\mpmissions\regular.namalsk\storage_1\data\vehicles.bin"
 4:26:25.154 [CE][Storage] ver:25 stamp:123412, valid:yes, name:"C:\SERVICES\ni10839481_1_SHARE\ftproot\dayzstandalone\mpmissions\regular.namalsk\storage_1\data\vehicles.001"
 4:26:25.156 [CE][Storage] ver:25 stamp:123413, valid:yes, name:"C:\SERVICES\ni10839481_1_SHARE\ftproot\dayzstandalone\mpmissions\regular.namalsk\storage_1\data\vehicles.002"
 4:26:25.156 [CE][Storage] Restoring file "C:\SERVICES\ni10839481_1_SHARE\ftproot\dayzstandalone\mpmissions\regular.namalsk\storage_1\data\vehicles.bin" 54 items.
 4:26:25.498   54 items loaded. (0 failed)
 4:26:25.525 [CE][Hive] :: Storage load took:12.27 seconds, recovery stamp:126172
 4:26:25.525   entity: 9864, building: 0
 4:26:25.525   no lifetime: 8
 4:26:25.525   pathgraph's: 445
 4:26:25.531 [CE][Hive] :: Initializing ... 
 4:26:25.570 [CE][InitializeMap] :: initialized: 0
 4:26:25.570 [CE][Hive] :: Initializing spawners ... 
 4:26:25.570 [CE][LootRespawner] (PRIDummy) :: Initially (re)spawned:0, Nominal:6396, Total in Map: 5934 at 0 (sec)
 4:26:25.570   tests:0, repeats:0 fails:0, overtime:0
 4:26:31.432 [CE][DynEvent] :: 23 types
 4:26:31.432 [00] Loot
 4:26:31.432   Primary Spawner: "Loot", active: yes, repeat: 2
 4:26:31.432 [01] StaticMedDrop
 4:26:31.432   Primary Spawner: "Static", active: yes, repeat: 1
 4:26:31.432 [02] StaticLifeboat
 4:26:31.432   Primary Spawner: "Static", active: yes, repeat: 1
 4:26:31.432 [03] ItemWoodenPlanks
 4:26:31.432   Primary Spawner: "Item", active: yes, repeat: 1
 4:26:31.432 [04] TrajectoryStones
 4:26:31.432   Primary Spawner: "Trajectory", active: yes, repeat: 1
 4:26:31.432 [05] InfectedSanta
 4:26:31.432   Primary Spawner: "Infected", active: yes, repeat: 1
 4:26:31.432 [06] InfectedArmy
 4:26:31.432   Primary Spawner: "Infected", active: yes, repeat: 1
 4:26:31.432 [07] InfectedIndustrial
 4:26:31.432   Primary Spawner: "Infected", active: yes, repeat: 1
 4:26:31.432 [08] InfectedCivil
 4:26:31.432   Primary Spawner: "Infected", active: yes, repeat: 1
 4:26:31.432 [09] InfectedMedic
 4:26:31.433   Primary Spawner: "Infected", active: yes, repeat: 1
 4:26:31.433 [10] AnimalGoat
 4:26:31.433   Primary Spawner: "Animal", active: yes, repeat: 1
 4:26:31.433 [11] AnimalSheep
 4:26:31.433   Primary Spawner: "Animal", active: yes, repeat: 1
 4:26:31.433 [12] AnimalReindeer
 4:26:31.433   Primary Spawner: "Animal", active: yes, repeat: 1
 4:26:31.433 [13] AnimalWildBoar
 4:26:31.433   Primary Spawner: "Animal", active: yes, repeat: 1
 4:26:31.433 [14] AnimalWolf
 4:26:31.433   Primary Spawner: "Animal", active: yes, repeat: 1
 4:26:31.433 [15] AnimalBrownBear
 4:26:31.433   Primary Spawner: "Animal", active: yes, repeat: 1
 4:26:31.433 [16] AnimalPolarBear
 4:26:31.433   Primary Spawner: "Animal", active: yes, repeat: 1
 4:26:31.433 [17] AmbientFox
 4:26:31.433   Primary Spawner: "Ambient", active: yes, repeat: 1
 4:26:31.433 [18] AmbientHare
 4:26:31.433   Primary Spawner: "Ambient", active: yes, repeat: 1
 4:26:31.433 [19] VehicleRubberBoats
 4:26:31.433   Primary Spawner: "Vehicle", active: yes, repeat: 1
 4:26:31.433 [20] VehicleCivilianCars
 4:26:31.433   Primary Spawner: "Vehicle", active: yes, repeat: 1
 4:26:31.433 [21] VehicleTrucks
 4:26:31.433   Primary Spawner: "Vehicle", active: yes, repeat: 1
 4:26:31.433 [22] VehicleMilitary
 4:26:31.433   Primary Spawner: "Vehicle", active: yes, repeat: 1
 4:26:31.433 [CE][Hive] :: Initializing of spawners done.
 4:26:31.442 [CE][Hive] :: Init sequence finished.
 4:26:31.442 Player connect enabled
 4:26:31.942 [IdleMode] Entering IN - save processed
11:09:01.997 [Shutdown] Shutting down in 5400 seconds (90 minutes).
11:39:52.995 [Shutdown] Shutting down in 3600 seconds (60 minutes).
11:55:18.42 [Shutdown] Shutting down in 2700 seconds (45 minutes).
12:10:43.511 [Shutdown] Shutting down in 1800 seconds (30 minutes).
12:21:00.923 [Shutdown] Shutting down in 1200 seconds (20 minutes).
12:26:09.605 [Shutdown] Shutting down in 900 seconds (15 minutes).
12:31:18.315 [Shutdown] Shutting down in 600 seconds (10 minutes).
12:36:27.25 [Shutdown] Shutting down in 300 seconds (5 minutes).
12:37:28.671 [Shutdown] Shutting down in 240 seconds (4 minutes).
12:38:30.408 [Shutdown] Shutting down in 180 seconds (3 minutes).
12:39:32.28 [Shutdown] Shutting down in 120 seconds (2 minutes).
12:40:33.740 [Shutdown] Shutting down in 60 seconds (1 minutes).
12:40:33.831 [Shutdown] Saving players, locking server and kicking all players.
12:41:35.438 [Server] :: termination in: 5
12:41:36.439 [Server] :: termination in: 4
12:41:37.439 [Server] :: termination in: 3
12:41:38.439 [Server] :: termination in: 2
12:41:39.440 [Server] :: termination in: 1
12:41:48.364  --- Termination successfully completed --- 
