[04-10-2025][04.25.37] New Access Log File Created!
[08:31:11] Player (Vygeta, 76561198065333779)(<6310.850098, 21.902084, 9508.443359>) quick accessed a lock!
[12:02:26] Player (Burli, 76561199403818735)(<6307.455078, 21.871454, 9524.430664>) quick accessed a lock!
[12:07:28] Player (Burli, 76561199403818735)(<6310.850098, 21.902084, 9508.443359>) quick accessed a lock!
[12:15:42] Player (Burli, 76561199403818735)(<6310.850098, 21.902084, 9508.443359>) quick accessed a lock!
[12:17:34] Player (Burli, 76561199403818735)(<6310.850098, 21.902084, 9508.443359>) quick accessed a lock!
[12:18:53] Player (Burli, 76561199403818735)(<6310.850098, 21.902084, 9508.443359>) quick accessed a lock!
[12:23:45] Player (Burli, 76561199403818735)(<6307.455078, 21.871454, 9524.430664>) quick accessed a lock!
[12:26:40] Player (Delta, 76561198058316831)(<6310.850098, 21.902084, 9508.443359>) quick accessed a lock!
[12:27:21] Player (Burli, 76561199403818735)(<6307.455078, 21.871454, 9524.430664>) quick accessed a lock!
[12:30:25] Player (Burli, 76561199403818735)(<6303.280762, 21.892134, 9520.394531>) accessed a lock!
[12:30:25] Player (Burli, 76561199403818735)(<6303.280762, 21.892134, 9520.394531>) was added as a guest of a lock!
[12:30:31] Player (Burli, 76561199403818735)(<6307.455078, 21.871454, 9524.430664>) quick accessed a lock!
[04-10-2025][12.43.24] Log file reloaded ( Server Restart )
[13:12:15] Player (Vygeta, 76561198065333779)(<6310.850098, 21.902084, 9508.443359>) quick accessed a lock!
[13:22:38] Player (Burli, 76561199403818735)(<6310.850098, 21.902084, 9508.443359>) quick accessed a lock!
[13:37:38] Player (Burli, 76561199403818735)(<6310.850098, 21.902084, 9508.443359>) quick accessed a lock!
[13:37:39] Player (Burli, 76561199403818735)(<6310.850098, 21.902084, 9508.443359>) quick accessed a lock!
[13:39:50] Player (Burli, 76561199403818735)(<6303.280762, 21.892134, 9520.394531>) quick accessed a lock!
[13:50:44] Player (Burli, 76561199403818735)(<6303.280762, 21.892134, 9520.394531>) quick accessed a lock!
[13:56:50] Player (Burli, 76561199403818735)(<6307.455078, 21.871454, 9524.430664>) quick accessed a lock!
[14:02:44] Player (Burli, 76561199403818735)(<6303.280762, 21.892134, 9520.394531>) quick accessed a lock!
[14:27:32] Player (Burli, 76561199403818735)(<6310.850098, 21.902084, 9508.443359>) quick accessed a lock!
[14:30:34] Player (Burli, 76561199403818735)(<6310.850098, 21.902084, 9508.443359>) quick accessed a lock!
[15:07:50] Player (Vygeta, 76561198065333779)(<6310.850098, 21.902084, 9508.443359>) quick accessed a lock!
[15:11:12] Player (Vygeta, 76561198065333779)(<6307.455078, 21.871454, 9524.430664>) quick accessed a lock!
[15:26:48] Player (Vygeta, 76561198065333779)(<6307.455078, 21.871454, 9524.430664>) quick accessed a lock!
[15:33:30] Player (Vygeta, 76561198065333779)(<6310.850098, 21.902084, 9508.443359>) quick accessed a lock!
[15:38:15] Player (Vygeta, 76561198065333779)(<6310.850098, 21.902084, 9508.443359>) quick accessed a lock!
[15:39:00] Player (Vygeta, 76561198065333779)(<6307.455078, 21.871454, 9524.430664>) quick accessed a lock!
[15:40:56] Player (Vygeta, 76561198065333779)(<6307.455078, 21.871454, 9524.430664>) quick accessed a lock!
[15:40:59] Player (Vygeta, 76561198065333779)(<6303.280762, 21.892134, 9520.394531>) quick accessed a lock!
[15:44:22] Player (Vygeta, 76561198065333779)(<6303.280762, 21.892134, 9520.394531>) quick accessed a lock!
[16:21:09] Player (Mendoza, 76561197963413528)(<6310.850098, 21.902084, 9508.443359>) quick accessed a lock!
[16:21:27] Player (Mendoza, 76561197963413528)(<6310.850098, 21.902084, 9508.443359>) quick accessed a lock!
[16:23:07] Player (Mendoza, 76561197963413528)(<6303.280762, 21.892134, 9520.394531>) quick accessed a lock!
[16:25:47] Player (Mendoza, 76561197963413528)(<6307.455078, 21.871454, 9524.430664>) quick accessed a lock!
[16:43:19] Player (Mendoza, 76561197963413528)(<6303.280762, 21.892134, 9520.394531>) quick accessed a lock!
[16:50:37] Player (Mendoza, 76561197963413528)(<6303.280762, 21.892134, 9520.394531>) quick accessed a lock!
[17:09:10] Player (Mendoza, 76561197963413528)(<6307.455078, 21.871454, 9524.430664>) quick accessed a lock!
[17:20:57] Player (Mendoza, 76561197963413528)(<6307.455078, 21.871454, 9524.430664>) quick accessed a lock!
[17:21:46] Player (Mendoza, 76561197963413528)(<6307.455078, 21.871454, 9524.430664>) quick accessed a lock!
[17:22:28] Player (Mendoza, 76561197963413528)(<6310.850098, 21.902084, 9508.443359>) quick accessed a lock!
[17:22:49] Player (Mendoza, 76561197963413528)(<6310.850098, 21.902084, 9508.443359>) quick accessed a lock!
[20:27:09] Player (Vygeta, 76561198065333779)(<6307.455078, 21.871454, 9524.430664>) quick accessed a lock!
[20:28:54] Player (Vygeta, 76561198065333779)(<6310.850098, 21.902084, 9508.443359>) quick accessed a lock!
[20:32:24] Player (Vygeta, 76561198065333779)(<6310.850098, 21.902084, 9508.443359>) quick accessed a lock!
[20:53:44] Player (Burli, 76561199403818735)(<6310.850098, 21.902084, 9508.443359>) quick accessed a lock!
[04-10-2025][21.00.31] Log file reloaded ( Server Restart )
[21:09:14] Player (Burli, 76561199403818735)(<6310.850098, 21.902084, 9508.443359>) quick accessed a lock!
[21:12:41] Player (Burli, 76561199403818735)(<6310.850098, 21.902084, 9508.443359>) quick accessed a lock!
[21:13:31] Player (Burli, 76561199403818735)(<6310.850098, 21.902084, 9508.443359>) quick accessed a lock!
[21:13:50] Player (Burli, 76561199403818735)(<6310.850098, 21.902084, 9508.443359>) quick accessed a lock!
[22:13:58] Player (Burli, 76561199403818735)(<6310.850098, 21.902084, 9508.443359>) quick accessed a lock!
[22:19:31] Player (Burli, 76561199403818735)(<6310.850098, 21.902084, 9508.443359>) quick accessed a lock!
[00:49:11] Player (Delta, 76561198058316831)(<6310.850098, 21.902084, 9508.443359>) quick accessed a lock!
[00:56:25] Player (Delta, 76561198058316831)(<6303.280762, 21.892134, 9520.394531>) quick accessed a lock!
