[04-11-2025][04.25.27] New Access Log File Created!
[11:24:23] Player (Burli, 76561199403818735)(<6310.850098, 21.902084, 9508.443359>) quick accessed a lock!
[11:26:45] Player (Burli, 76561199403818735)(<6307.455078, 21.871454, 9524.430664>) quick accessed a lock!
[11:28:19] Player (Burli, 76561199403818735)(<6310.850098, 21.902084, 9508.443359>) quick accessed a lock!
[11:37:58] Player (Burli, 76561199403818735)(<6303.280762, 21.892134, 9520.394531>) quick accessed a lock!
[11:38:14] Player (Burli, 76561199403818735)(<6307.455078, 21.871454, 9524.430664>) quick accessed a lock!
[11:42:38] Player (Burli, 76561199403818735)(<6307.455078, 21.871454, 9524.430664>) quick accessed a lock!
[11:45:38] Player (Burli, 76561199403818735)(<6307.455078, 21.871454, 9524.430664>) quick accessed a lock!
[11:46:53] Player (Burli, 76561199403818735)(<6307.455078, 21.871454, 9524.430664>) quick accessed a lock!
[11:48:16] Player (Burli, 76561199403818735)(<6307.455078, 21.871454, 9524.430664>) quick accessed a lock!
[11:49:57] Player (Burli, 76561199403818735)(<6310.850098, 21.902084, 9508.443359>) quick accessed a lock!
[11:49:58] Player (Burli, 76561199403818735)(<6310.850098, 21.902084, 9508.443359>) quick accessed a lock!
[04-11-2025][12.43.02] Log file reloaded ( Server Restart )
[14:03:07] Player (Burli, 76561199403818735)(<6310.850098, 21.902084, 9508.443359>) quick accessed a lock!
[14:11:01] Player (Burli, 76561199403818735)(<6307.455078, 21.871454, 9524.430664>) quick accessed a lock!
[14:11:07] Player (Burli, 76561199403818735)(<6307.455078, 21.871454, 9524.430664>) quick accessed a lock!
[14:13:49] Player (Burli, 76561199403818735)(<6307.455078, 21.871454, 9524.430664>) quick accessed a lock!
[14:14:18] Player (Burli, 76561199403818735)(<6307.455078, 21.871454, 9524.430664>) quick accessed a lock!
[14:23:32] Player (Burli, 76561199403818735)(<6307.455078, 21.871454, 9524.430664>) quick accessed a lock!
[14:23:52] Player (Burli, 76561199403818735)(<6307.455078, 21.871454, 9524.430664>) quick accessed a lock!
[14:23:57] Player (Burli, 76561199403818735)(<6303.280762, 21.892134, 9520.394531>) quick accessed a lock!
[20:54:01] Player (Mendoza, 76561197963413528)(<6310.850098, 21.902084, 9508.443359>) quick accessed a lock!
[20:56:08] Player (Mendoza, 76561197963413528)(<6307.455078, 21.871454, 9524.430664>) changed the passcode on a lock! Clearing all guests...
[20:56:09] Player (Mendoza, 76561197963413528)(<6307.455078, 21.871454, 9524.430664>) quick accessed a lock!
[04-11-2025][21.00.45] Log file reloaded ( Server Restart )
[21:03:34] Player (Mendoza, 76561197963413528)(<6303.280762, 21.892134, 9520.394531>) quick accessed a lock!
[21:14:19] Player (Mendoza, 76561197963413528)(<6303.280762, 21.892134, 9520.394531>) quick accessed a lock!
[21:14:20] Player (Mendoza, 76561197963413528)(<6303.280762, 21.892134, 9520.394531>) quick accessed a lock!
[21:23:18] Player (Mendoza, 76561197963413528)(<6303.280762, 21.892134, 9520.394531>) quick accessed a lock!
[21:26:16] Player (Mendoza, 76561197963413528)(<6307.455078, 21.871454, 9524.430664>) quick accessed a lock!
[21:30:25] Player (Mendoza, 76561197963413528)(<6303.280762, 21.892134, 9520.394531>) quick accessed a lock!
[21:41:00] Player (Mendoza, 76561197963413528)(<6307.455078, 21.871454, 9524.430664>) quick accessed a lock!
[21:44:52] Player (Mendoza, 76561197963413528)(<6307.455078, 21.871454, 9524.430664>) quick accessed a lock!
[21:45:46] Player (Mendoza, 76561197963413528)(<6307.455078, 21.871454, 9524.430664>) quick accessed a lock!
[21:49:30] Player (Mendoza, 76561197963413528)(<6307.455078, 21.871454, 9524.430664>) quick accessed a lock!
[21:51:27] Player (Mendoza, 76561197963413528)(<6310.850098, 21.902084, 9508.443359>) quick accessed a lock!
[21:54:38] Player (Burli, 76561199403818735)(<6310.850098, 21.902084, 9508.443359>) quick accessed a lock!
[22:28:44] Player (Delta, 76561198058316831)(<6310.850098, 21.902084, 9508.443359>) quick accessed a lock!
[22:30:46] Player (Delta, 76561198058316831)(<6303.280762, 21.892134, 9520.394531>) quick accessed a lock!
[00:10:59] Player (Burli, 76561199403818735)(<6310.850098, 21.902084, 9508.443359>) quick accessed a lock!
[00:11:04] Player (Burli, 76561199403818735)(<6310.850098, 21.902084, 9508.443359>) quick accessed a lock!
[00:13:12] Player (Mendoza, 76561197963413528)(<6307.455078, 21.871454, 9524.430664>) quick accessed a lock!
[00:13:15] Player (Mendoza, 76561197963413528)(<6307.455078, 21.871454, 9524.430664>) quick accessed a lock!
[00:13:37] Player (Mendoza, 76561197963413528)(<6307.455078, 21.871454, 9524.430664>) quick accessed a lock!
[00:14:56] Player (Mendoza, 76561197963413528)(<6307.455078, 21.871454, 9524.430664>) quick accessed a lock!
[00:14:57] Player (Mendoza, 76561197963413528)(<6307.455078, 21.871454, 9524.430664>) quick accessed a lock!
[00:15:50] Player (Mendoza, 76561197963413528)(<6307.455078, 21.871454, 9524.430664>) quick accessed a lock!
