[05-04-2025][04.25.52] New Access Log File Created!
[08:43:49] Player (Burli, 76561199403818735)(<6307.780273, 21.888290, 9515.652344>) quick accessed a lock!
[08:45:15] Player (Burli, 76561199403818735)(<6310.850098, 21.902084, 9508.443359>) quick accessed a lock!
[08:49:03] Player (Burli, 76561199403818735)(<6310.850098, 21.902084, 9508.443359>) quick accessed a lock!
[08:49:29] Player (Burli, 76561199403818735)(<6303.280762, 21.892134, 9520.394531>) quick accessed a lock!
[08:52:41] Player (Burli, 76561199403818735)(<6310.850098, 21.902084, 9508.443359>) quick accessed a lock!
[08:53:00] Player (Burli, 76561199403818735)(<6310.850098, 21.902084, 9508.443359>) quick accessed a lock!
[09:05:34] Player (Burli, 76561199403818735)(<6314.928223, 21.875349, 9512.620117>) quick accessed a lock!
[09:06:09] Player (Burli, 76561199403818735)(<6310.850098, 21.902084, 9508.443359>) quick accessed a lock!
[09:46:19] Player (Burli, 76561199403818735)(<6310.850098, 21.902084, 9508.443359>) quick accessed a lock!
[09:51:48] Player (Burli, 76561199403818735)(<6310.850098, 21.902084, 9508.443359>) quick accessed a lock!
[09:52:12] Player (Burli, 76561199403818735)(<6314.928223, 21.875349, 9512.620117>) quick accessed a lock!
[09:52:30] Player (Burli, 76561199403818735)(<6303.280762, 21.892134, 9520.394531>) quick accessed a lock!
[09:54:24] Player (Burli, 76561199403818735)(<6314.928223, 21.875349, 9512.620117>) quick accessed a lock!
[09:54:41] Player (Burli, 76561199403818735)(<6307.780273, 21.888290, 9515.652344>) quick accessed a lock!
[09:56:24] Player (Burli, 76561199403818735)(<6307.780273, 21.888290, 9515.652344>) quick accessed a lock!
[09:57:10] Player (Burli, 76561199403818735)(<6307.780273, 21.888290, 9515.652344>) quick accessed a lock!
[09:58:14] Player (Burli, 76561199403818735)(<6314.928223, 21.875349, 9512.620117>) quick accessed a lock!
[09:58:28] Player (Burli, 76561199403818735)(<6323.524414, 21.737755, 9508.852539>) accessed a lock!
[09:58:28] Player (Burli, 76561199403818735)(<6323.524414, 21.737755, 9508.852539>) was added as a guest of a lock!
[09:58:30] Player (Burli, 76561199403818735)(<6323.524414, 21.737755, 9508.852539>) quick accessed a lock!
[09:59:19] Player (Burli, 76561199403818735)(<6323.524414, 21.737755, 9508.852539>) quick accessed a lock!
[09:59:22] Player (Burli, 76561199403818735)(<6314.928223, 21.875349, 9512.620117>) quick accessed a lock!
[09:59:26] Player (Burli, 76561199403818735)(<6307.780273, 21.888290, 9515.652344>) quick accessed a lock!
[10:01:13] Player (Burli, 76561199403818735)(<6307.780273, 21.888290, 9515.652344>) quick accessed a lock!
[10:01:15] Player (Burli, 76561199403818735)(<6314.928223, 21.875349, 9512.620117>) quick accessed a lock!
[10:02:12] Player (Burli, 76561199403818735)(<6307.780273, 21.888290, 9515.652344>) quick accessed a lock!
[10:02:29] Player (Burli, 76561199403818735)(<6323.524414, 21.737755, 9508.852539>) quick accessed a lock!
[10:03:04] Player (Burli, 76561199403818735)(<6323.524414, 21.737755, 9508.852539>) quick accessed a lock!
[10:03:08] Player (Burli, 76561199403818735)(<6314.928223, 21.875349, 9512.620117>) quick accessed a lock!
[10:03:11] Player (Burli, 76561199403818735)(<6307.780273, 21.888290, 9515.652344>) quick accessed a lock!
[10:05:08] Player (Burli, 76561199403818735)(<6307.780273, 21.888290, 9515.652344>) quick accessed a lock!
[10:05:12] Player (Burli, 76561199403818735)(<6314.928223, 21.875349, 9512.620117>) quick accessed a lock!
[10:05:14] Player (Burli, 76561199403818735)(<6323.524414, 21.737755, 9508.852539>) quick accessed a lock!
[10:05:49] Player (Burli, 76561199403818735)(<6323.524414, 21.737755, 9508.852539>) quick accessed a lock!
[10:05:55] Player (Burli, 76561199403818735)(<6314.928223, 21.875349, 9512.620117>) quick accessed a lock!
[10:06:04] Player (Burli, 76561199403818735)(<6303.280762, 21.892134, 9520.394531>) quick accessed a lock!
[10:07:58] Player (Burli, 76561199403818735)(<6314.928223, 21.875349, 9512.620117>) quick accessed a lock!
[10:08:02] Player (Burli, 76561199403818735)(<6323.524414, 21.737755, 9508.852539>) quick accessed a lock!
[10:08:52] Player (Burli, 76561199403818735)(<6323.524414, 21.737755, 9508.852539>) quick accessed a lock!
[10:08:56] Player (Burli, 76561199403818735)(<6314.928223, 21.875349, 9512.620117>) quick accessed a lock!
[10:09:04] Player (Burli, 76561199403818735)(<6303.280762, 21.892134, 9520.394531>) quick accessed a lock!
[10:10:38] Player (Burli, 76561199403818735)(<6303.280762, 21.892134, 9520.394531>) quick accessed a lock!
[10:10:44] Player (Burli, 76561199403818735)(<6314.928223, 21.875349, 9512.620117>) quick accessed a lock!
[10:12:47] Player (Burli, 76561199403818735)(<6310.850098, 21.902084, 9508.443359>) quick accessed a lock!
[11:28:38] Player (Mendoza, 76561197963413528)(<6310.850098, 21.902084, 9508.443359>) quick accessed a lock!
[11:35:51] Player (Mendoza, 76561197963413528)(<6303.280762, 21.892134, 9520.394531>) quick accessed a lock!
[11:39:11] Player (Mendoza, 76561197963413528)(<6307.780273, 21.888290, 9515.652344>) quick accessed a lock!
[11:42:49] Player (Mendoza, 76561197963413528)(<6307.780273, 21.888290, 9515.652344>) quick accessed a lock!
[11:42:58] Player (Mendoza, 76561197963413528)(<6314.928223, 21.875349, 9512.620117>) quick accessed a lock!
[11:43:01] Player (Mendoza, 76561197963413528)(<6319.344238, 21.766153, 9508.742188>) quick accessed a lock!
[11:56:50] Player (Mendoza, 76561197963413528)(<6307.780273, 21.888290, 9515.652344>) quick accessed a lock!
[12:03:32] Player (Mendoza, 76561197963413528)(<6307.780273, 21.888290, 9515.652344>) quick accessed a lock!
[12:09:31] Player (Mendoza, 76561197963413528)(<6314.928223, 21.875349, 9512.620117>) quick accessed a lock!
[12:11:19] Player (Mendoza, 76561197963413528)(<6307.780273, 21.888290, 9515.652344>) quick accessed a lock!
[12:13:33] Player (Mendoza, 76561197963413528)(<6307.780273, 21.888290, 9515.652344>) quick accessed a lock!
[12:15:14] Player (Mendoza, 76561197963413528)(<6307.780273, 21.888290, 9515.652344>) quick accessed a lock!
[12:21:32] Player (Burli, 76561199403818735)(<6303.280762, 21.892134, 9520.394531>) quick accessed a lock!
[12:22:41] Player (Burli, 76561199403818735)(<6303.280762, 21.892134, 9520.394531>) quick accessed a lock!
[12:25:16] Player (Mendoza, 76561197963413528)(<6307.780273, 21.888290, 9515.652344>) quick accessed a lock!
[12:25:42] Player (Mendoza, 76561197963413528)(<6307.780273, 21.888290, 9515.652344>) quick accessed a lock!
[12:25:46] Player (Mendoza, 76561197963413528)(<6314.928223, 21.875349, 9512.620117>) quick accessed a lock!
[12:27:09] Player (Mendoza, 76561197963413528)(<6307.780273, 21.888290, 9515.652344>) quick accessed a lock!
[12:36:05] Player (Mendoza, 76561197963413528)(<6307.780273, 21.888290, 9515.652344>) quick accessed a lock!
[12:37:00] Player (Mendoza, 76561197963413528)(<6303.280762, 21.892134, 9520.394531>) quick accessed a lock!
[12:37:39] Player (Mendoza, 76561197963413528)(<6307.780273, 21.888290, 9515.652344>) quick accessed a lock!
[05-04-2025][12.45.20] Log file reloaded ( Server Restart )
[12:47:11] Player (Mendoza, 76561197963413528)(<6307.780273, 21.888290, 9515.652344>) quick accessed a lock!
[12:48:15] Player (Mendoza, 76561197963413528)(<6314.928223, 21.875349, 9512.620117>) quick accessed a lock!
[12:52:28] Player (Mendoza, 76561197963413528)(<6314.928223, 21.875349, 9512.620117>) quick accessed a lock!
[12:53:11] Player (Mendoza, 76561197963413528)(<6314.928223, 21.875349, 9512.620117>) quick accessed a lock!
[12:55:02] Player (Mendoza, 76561197963413528)(<6314.928223, 21.875349, 9512.620117>) quick accessed a lock!
[12:56:22] Player (Mendoza, 76561197963413528)(<6314.928223, 21.875349, 9512.620117>) quick accessed a lock!
[12:57:05] Player (Mendoza, 76561197963413528)(<6314.928223, 21.875349, 9512.620117>) quick accessed a lock!
[12:57:41] Player (Mendoza, 76561197963413528)(<6314.928223, 21.875349, 9512.620117>) quick accessed a lock!
[12:57:45] Player (Mendoza, 76561197963413528)(<6323.524414, 21.737755, 9508.852539>) quick accessed a lock!
[12:57:54] Player (Mendoza, 76561197963413528)(<6319.344238, 21.766153, 9508.742188>) quick accessed a lock!
[12:58:12] Player (Mendoza, 76561197963413528)(<6319.344238, 21.766153, 9508.742188>) changed the passcode on a lock! Clearing all guests...
[12:58:13] Player (Mendoza, 76561197963413528)(<6319.344238, 21.766153, 9508.742188>) quick accessed a lock!
[12:58:41] Player (Mendoza, 76561197963413528)(<6318.932129, 21.805933, 9538.139648>) changed the passcode on a lock! Clearing all guests...
[12:58:46] Player (Mendoza, 76561197963413528)(<6318.932129, 21.805933, 9538.139648>) quick accessed a lock!
[12:58:48] Player (Mendoza, 76561197963413528)(<6318.932129, 21.805933, 9538.139648>) quick accessed a lock!
[13:02:21] Player (Mendoza, 76561197963413528)(<6318.932129, 21.805933, 9538.139648>) quick accessed a lock!
[13:03:02] Player (Mendoza, 76561197963413528)(<6318.932129, 21.805933, 9538.139648>) quick accessed a lock!
[13:04:37] Player (Mendoza, 76561197963413528)(<6318.932129, 21.805933, 9538.139648>) quick accessed a lock!
[13:05:06] Player (Mendoza, 76561197963413528)(<6314.928223, 21.875349, 9512.620117>) quick accessed a lock!
[13:05:10] Player (Mendoza, 76561197963413528)(<6307.780273, 21.888290, 9515.652344>) quick accessed a lock!
[13:07:03] Player (Mendoza, 76561197963413528)(<6307.780273, 21.888290, 9515.652344>) quick accessed a lock!
[13:08:59] Player (Mendoza, 76561197963413528)(<6314.928223, 21.875349, 9512.620117>) quick accessed a lock!
[13:12:37] Player (Mendoza, 76561197963413528)(<6314.928223, 21.875349, 9512.620117>) quick accessed a lock!
[13:12:40] Player (Mendoza, 76561197963413528)(<6323.524414, 21.737755, 9508.852539>) quick accessed a lock!
[13:12:42] Player (Mendoza, 76561197963413528)(<6319.344238, 21.766153, 9508.742188>) quick accessed a lock!
[13:13:26] Player (Mendoza, 76561197963413528)(<6323.524414, 21.737755, 9508.852539>) quick accessed a lock!
[13:13:30] Player (Mendoza, 76561197963413528)(<6319.344238, 21.766153, 9508.742188>) quick accessed a lock!
[13:16:08] Player (Mendoza, 76561197963413528)(<6325.465820, 22.154179, 9406.088867>) quick accessed a lock!
[13:17:32] Player (Mendoza, 76561197963413528)(<6323.524414, 21.737755, 9508.852539>) quick accessed a lock!
[13:17:52] Player (Mendoza, 76561197963413528)(<6314.928223, 21.875349, 9512.620117>) quick accessed a lock!
[13:18:08] Player (Mendoza, 76561197963413528)(<6303.280762, 21.892134, 9520.394531>) quick accessed a lock!
[13:20:06] Player (Mendoza, 76561197963413528)(<6314.928223, 21.875349, 9512.620117>) quick accessed a lock!
[13:20:29] Player (Mendoza, 76561197963413528)(<6318.932129, 21.805933, 9538.139648>) quick accessed a lock!
[13:23:35] Player (Mendoza, 76561197963413528)(<6314.928223, 21.875349, 9512.620117>) quick accessed a lock!
[13:25:59] Player (Mendoza, 76561197963413528)(<6314.928223, 21.875349, 9512.620117>) quick accessed a lock!
[13:26:49] Player (Mendoza, 76561197963413528)(<6314.928223, 21.875349, 9512.620117>) quick accessed a lock!
[13:28:34] Player (Mendoza, 76561197963413528)(<6319.344238, 21.766153, 9508.742188>) quick accessed a lock!
[13:31:17] Player (Mendoza, 76561197963413528)(<6314.928223, 21.875349, 9512.620117>) quick accessed a lock!
[13:33:12] Player (Mendoza, 76561197963413528)(<6310.850098, 21.902084, 9508.443359>) quick accessed a lock!
[13:33:51] Player (Mendoza, 76561197963413528)(<6310.850098, 21.902084, 9508.443359>) quick accessed a lock!
[13:33:53] Player (Mendoza, 76561197963413528)(<6314.928223, 21.875349, 9512.620117>) quick accessed a lock!
[13:34:11] Player (Mendoza, 76561197963413528)(<6314.928223, 21.875349, 9512.620117>) quick accessed a lock!
[13:34:15] Player (Mendoza, 76561197963413528)(<6323.524414, 21.737755, 9508.852539>) quick accessed a lock!
[13:59:14] Player (Mendoza, 76561197963413528)(<6310.850098, 21.902084, 9508.443359>) quick accessed a lock!
[14:07:13] Player (Mendoza, 76561197963413528)(<6303.280762, 21.892134, 9520.394531>) quick accessed a lock!
[14:09:03] Player (Mendoza, 76561197963413528)(<6314.928223, 21.875349, 9512.620117>) quick accessed a lock!
[14:09:55] Player (Mendoza, 76561197963413528)(<6318.932129, 21.805933, 9538.139648>) quick accessed a lock!
[14:11:04] Player (Mendoza, 76561197963413528)(<6314.928223, 21.875349, 9512.620117>) quick accessed a lock!
[14:15:00] Player (Mendoza, 76561197963413528)(<6318.932129, 21.805933, 9538.139648>) quick accessed a lock!
[14:17:55] Player (Mendoza, 76561197963413528)(<6325.465820, 22.154179, 9406.088867>) quick accessed a lock!
[14:19:18] Player (Mendoza, 76561197963413528)(<6310.850098, 21.902084, 9508.443359>) quick accessed a lock!
[14:20:57] Player (Mendoza, 76561197963413528)(<6310.850098, 21.902084, 9508.443359>) quick accessed a lock!
[14:44:03] Player (Mendoza, 76561197963413528)(<6310.850098, 21.902084, 9508.443359>) quick accessed a lock!
[14:44:16] Player (Mendoza, 76561197963413528)(<6307.780273, 21.888290, 9515.652344>) quick accessed a lock!
[14:44:37] Player (Mendoza, 76561197963413528)(<6307.780273, 21.888290, 9515.652344>) quick accessed a lock!
[14:45:53] Player (Mendoza, 76561197963413528)(<6314.928223, 21.875349, 9512.620117>) quick accessed a lock!
[14:46:04] Player (Mendoza, 76561197963413528)(<6319.344238, 21.766153, 9508.742188>) quick accessed a lock!
[15:00:30] Player (Mendoza, 76561197963413528)(<6323.524414, 21.737755, 9508.852539>) quick accessed a lock!
[15:00:34] Player (Mendoza, 76561197963413528)(<6319.344238, 21.766153, 9508.742188>) quick accessed a lock!
[15:12:53] Player (Mendoza, 76561197963413528)(<6318.932129, 21.805933, 9538.139648>) quick accessed a lock!
[15:15:37] Player (Mendoza, 76561197963413528)(<6314.928223, 21.875349, 9512.620117>) quick accessed a lock!
[15:17:22] Player (Mendoza, 76561197963413528)(<6314.928223, 21.875349, 9512.620117>) quick accessed a lock!
[15:17:25] Player (Mendoza, 76561197963413528)(<6319.344238, 21.766153, 9508.742188>) quick accessed a lock!
[15:17:27] Player (Mendoza, 76561197963413528)(<6323.524414, 21.737755, 9508.852539>) quick accessed a lock!
[15:21:29] Player (Mendoza, 76561197963413528)(<6323.524414, 21.737755, 9508.852539>) quick accessed a lock!
[15:26:24] Player (Mendoza, 76561197963413528)(<6314.928223, 21.875349, 9512.620117>) quick accessed a lock!
[15:31:35] Player (Mendoza, 76561197963413528)(<6314.928223, 21.875349, 9512.620117>) quick accessed a lock!
[15:32:41] Player (Mendoza, 76561197963413528)(<6310.850098, 21.902084, 9508.443359>) quick accessed a lock!
[15:38:15] Player (Mendoza, 76561197963413528)(<6307.780273, 21.888290, 9515.652344>) quick accessed a lock!
[15:38:45] Player (Mendoza, 76561197963413528)(<6310.850098, 21.902084, 9508.443359>) quick accessed a lock!
[15:42:08] Player (HeliosAndy, 76561199473796806)(<6314.928223, 21.875349, 9512.620117>) accessed a lock!
[15:42:08] Player (HeliosAndy, 76561199473796806)(<6314.928223, 21.875349, 9512.620117>) was added as a guest of a lock!
[15:42:23] Player (HeliosAndy, 76561199473796806)(<6310.850098, 21.902084, 9508.443359>) quick accessed a lock!
[15:43:41] Player (HeliosAndy, 76561199473796806)(<6325.465820, 22.154179, 9406.088867>) accessed a lock!
[15:43:41] Player (HeliosAndy, 76561199473796806)(<6325.465820, 22.154179, 9406.088867>) was added as a guest of a lock!
[15:47:56] Player (HeliosAndy, 76561199473796806)(<6325.465820, 22.154179, 9406.088867>) quick accessed a lock!
[15:48:54] Player (HeliosAndy, 76561199473796806)(<6310.850098, 21.902084, 9508.443359>) quick accessed a lock!
[15:53:45] Player (HeliosAndy, 76561199473796806)(<6303.280762, 21.892134, 9520.394531>) quick accessed a lock!
[15:55:44] Player (HeliosAndy, 76561199473796806)(<6310.850098, 21.902084, 9508.443359>) quick accessed a lock!
[15:56:11] Player (HeliosAndy, 76561199473796806)(<6325.465820, 22.154179, 9406.088867>) quick accessed a lock!
[15:56:53] Player (HeliosAndy, 76561199473796806)(<6325.465820, 22.154179, 9406.088867>) quick accessed a lock!
[15:57:50] Player (HeliosAndy, 76561199473796806)(<6325.465820, 22.154179, 9406.088867>) quick accessed a lock!
[15:59:11] Player (Mendoza, 76561197963413528)(<6310.850098, 21.902084, 9508.443359>) quick accessed a lock!
[16:04:49] Player (Mendoza, 76561197963413528)(<6303.280762, 21.892134, 9520.394531>) quick accessed a lock!
[16:04:55] Player (Mendoza, 76561197963413528)(<6303.280762, 21.892134, 9520.394531>) quick accessed a lock!
[16:26:40] Player (Mendoza, 76561197963413528)(<6310.850098, 21.902084, 9508.443359>) quick accessed a lock!
[16:28:51] Player (Mendoza, 76561197963413528)(<6318.932129, 21.805933, 9538.139648>) quick accessed a lock!
[16:29:12] Player (Mendoza, 76561197963413528)(<6314.928223, 21.875349, 9512.620117>) quick accessed a lock!
[16:29:15] Player (Mendoza, 76561197963413528)(<6307.780273, 21.888290, 9515.652344>) quick accessed a lock!
[16:30:39] Player (Mendoza, 76561197963413528)(<6307.780273, 21.888290, 9515.652344>) quick accessed a lock!
[16:33:31] Player (Mendoza, 76561197963413528)(<6310.850098, 21.902084, 9508.443359>) quick accessed a lock!
[16:39:59] Player (Mendoza, 76561197963413528)(<6323.524414, 21.737755, 9508.852539>) quick accessed a lock!
[16:40:19] Player (Mendoza, 76561197963413528)(<6314.928223, 21.875349, 9512.620117>) quick accessed a lock!
[16:43:46] Player (Mendoza, 76561197963413528)(<6314.928223, 21.875349, 9512.620117>) quick accessed a lock!
[16:43:51] Player (Mendoza, 76561197963413528)(<6318.932129, 21.805933, 9538.139648>) quick accessed a lock!
[16:44:28] Player (Mendoza, 76561197963413528)(<6318.932129, 21.805933, 9538.139648>) quick accessed a lock!
[16:44:41] Player (Mendoza, 76561197963413528)(<6314.928223, 21.875349, 9512.620117>) quick accessed a lock!
[16:49:38] Player (Mendoza, 76561197963413528)(<6307.780273, 21.888290, 9515.652344>) quick accessed a lock!
[16:50:54] Player (Mendoza, 76561197963413528)(<6307.780273, 21.888290, 9515.652344>) quick accessed a lock!
[16:55:58] Player (Mendoza, 76561197963413528)(<6314.928223, 21.875349, 9512.620117>) quick accessed a lock!
[16:56:04] Player (Mendoza, 76561197963413528)(<6318.932129, 21.805933, 9538.139648>) quick accessed a lock!
[16:59:48] Player (Mendoza, 76561197963413528)(<6318.932129, 21.805933, 9538.139648>) quick accessed a lock!
[17:00:06] Player (Mendoza, 76561197963413528)(<6314.928223, 21.875349, 9512.620117>) quick accessed a lock!
[05-04-2025][21.02.00] Log file reloaded ( Server Restart )
