[04-08-2025][04.25.35] New Access Log File Created!
[10:53:06] Player (Mendoza, 76561197963413528)(<6310.850098, 21.902084, 9508.443359>) quick accessed a lock!
[10:55:07] Player (Mendoza, 76561197963413528)(<6307.455078, 21.871454, 9524.430664>) quick accessed a lock!
[11:02:22] Player (Mendoza, 76561197963413528)(<6310.850098, 21.902084, 9508.443359>) quick accessed a lock!
[11:05:34] Player (Mendoza, 76561197963413528)(<6307.455078, 21.871454, 9524.430664>) quick accessed a lock!
[12:04:50] Player (Delta, 76561198058316831)(<6310.850098, 21.902084, 9508.443359>) quick accessed a lock!
[12:17:13] Player (Delta, 76561198058316831)(<6310.850098, 21.902084, 9508.443359>) quick accessed a lock!
[04-08-2025][12.43.59] Log file reloaded ( Server Restart )
[13:52:51] Player (Delta, 76561198058316831)(<6310.850098, 21.902084, 9508.443359>) quick accessed a lock!
[13:54:53] Player (Delta, 76561198058316831)(<6307.455078, 21.871454, 9524.430664>) accessed a lock!
[13:54:53] Player (Delta, 76561198058316831)(<6307.455078, 21.871454, 9524.430664>) was added as a guest of a lock!
[14:11:13] Player (Mendoza, 76561197963413528)(<6310.850098, 21.902084, 9508.443359>) quick accessed a lock!
[14:12:27] Player (Mendoza, 76561197963413528)(<6307.455078, 21.871454, 9524.430664>) quick accessed a lock!
[14:14:10] Player (Delta, 76561198058316831)(<6310.850098, 21.902084, 9508.443359>) quick accessed a lock!
[14:56:42] Player (Mendoza, 76561197963413528)(<6310.850098, 21.902084, 9508.443359>) quick accessed a lock!
[15:07:40] Player (Vygeta, 76561198065333779)(<6307.455078, 21.871454, 9524.430664>) accessed a lock!
[15:07:40] Player (Vygeta, 76561198065333779)(<6307.455078, 21.871454, 9524.430664>) was added as a guest of a lock!
[15:08:09] Player (Mendoza, 76561197963413528)(<6307.455078, 21.871454, 9524.430664>) quick accessed a lock!
[15:21:14] Player (Mendoza, 76561197963413528)(<6307.455078, 21.871454, 9524.430664>) quick accessed a lock!
[15:30:10] Player (Mendoza, 76561197963413528)(<6310.850098, 21.902084, 9508.443359>) quick accessed a lock!
[15:41:22] Player (HeliosAndy, 76561199473796806)(<6310.850098, 21.902084, 9508.443359>) accessed a lock!
[15:41:22] Player (HeliosAndy, 76561199473796806)(<6310.850098, 21.902084, 9508.443359>) was added as a guest of a lock!
[15:44:30] Player (Mendoza, 76561197963413528)(<6310.850098, 21.902084, 9508.443359>) quick accessed a lock!
[15:44:59] Player (HeliosAndy, 76561199473796806)(<6310.850098, 21.902084, 9508.443359>) quick accessed a lock!
[15:50:36] Player (HeliosAndy, 76561199473796806)(<6310.850098, 21.902084, 9508.443359>) quick accessed a lock!
[15:55:48] Player (HeliosAndy, 76561199473796806)(<6310.850098, 21.902084, 9508.443359>) quick accessed a lock!
[16:07:56] Player (HeliosAndy, 76561199473796806)(<6310.850098, 21.902084, 9508.443359>) quick accessed a lock!
[16:27:12] Player (Burli, 76561199403818735)(<6307.455078, 21.871454, 9524.430664>) accessed a lock!
[16:27:12] Player (Burli, 76561199403818735)(<6307.455078, 21.871454, 9524.430664>) was added as a guest of a lock!
[16:31:00] Player (Burli, 76561199403818735)(<6310.850098, 21.902084, 9508.443359>) accessed a lock!
[16:31:00] Player (Burli, 76561199403818735)(<6310.850098, 21.902084, 9508.443359>) was added as a guest of a lock!
[16:32:13] Player (Burli, 76561199403818735)(<6310.850098, 21.902084, 9508.443359>) quick accessed a lock!
[16:35:07] Player (Burli, 76561199403818735)(<6310.850098, 21.902084, 9508.443359>) quick accessed a lock!
[16:40:03] Player (Burli, 76561199403818735)(<6310.850098, 21.902084, 9508.443359>) quick accessed a lock!
[16:41:35] Player (Burli, 76561199403818735)(<6310.850098, 21.902084, 9508.443359>) quick accessed a lock!
[16:42:18] Player (Burli, 76561199403818735)(<6310.850098, 21.902084, 9508.443359>) quick accessed a lock!
[16:47:10] Player (Delta, 76561198058316831)(<6310.850098, 21.902084, 9508.443359>) quick accessed a lock!
[16:49:56] Player (Delta, 76561198058316831)(<6310.850098, 21.902084, 9508.443359>) quick accessed a lock!
[16:52:48] Player (Delta, 76561198058316831)(<6310.850098, 21.902084, 9508.443359>) quick accessed a lock!
[16:59:05] Player (Delta, 76561198058316831)(<6307.455078, 21.871454, 9524.430664>) quick accessed a lock!
[16:59:46] Player (Delta, 76561198058316831)(<6310.850098, 21.902084, 9508.443359>) quick accessed a lock!
[17:49:46] Player (Burli, 76561199403818735)(<6310.850098, 21.902084, 9508.443359>) quick accessed a lock!
[17:51:38] Player (Burli, 76561199403818735)(<6310.850098, 21.902084, 9508.443359>) quick accessed a lock!
[17:58:39] Player (Burli, 76561199403818735)(<6307.455078, 21.871454, 9524.430664>) quick accessed a lock!
[18:03:24] Player (Mendoza, 76561197963413528)(<6310.850098, 21.902084, 9508.443359>) quick accessed a lock!
[18:07:23] Player (Delta, 76561198058316831)(<6310.850098, 21.902084, 9508.443359>) quick accessed a lock!
[18:08:24] Player (Burli, 76561199403818735)(<6310.850098, 21.902084, 9508.443359>) quick accessed a lock!
[18:09:43] Player (Burli, 76561199403818735)(<6310.850098, 21.902084, 9508.443359>) quick accessed a lock!
[18:26:10] Player (Burli, 76561199403818735)(<6310.850098, 21.902084, 9508.443359>) quick accessed a lock!
[18:27:43] Player (Mendoza, 76561197963413528)(<6307.455078, 21.871454, 9524.430664>) quick accessed a lock!
[18:28:02] Player (Mendoza, 76561197963413528)(<6307.455078, 21.871454, 9524.430664>) quick accessed a lock!
[18:32:33] Player (Mendoza, 76561197963413528)(<6310.850098, 21.902084, 9508.443359>) quick accessed a lock!
[18:44:04] Player (Vygeta, 76561198065333779)(<6310.850098, 21.902084, 9508.443359>) quick accessed a lock!
[18:44:17] Player (Mendoza, 76561197963413528)(<6307.455078, 21.871454, 9524.430664>) quick accessed a lock!
[18:44:26] Player (Vygeta, 76561198065333779)(<6310.850098, 21.902084, 9508.443359>) quick accessed a lock!
[18:45:37] Player (Vygeta, 76561198065333779)(<6307.455078, 21.871454, 9524.430664>) quick accessed a lock!
[18:45:53] Player (Mendoza, 76561197963413528)(<6307.455078, 21.871454, 9524.430664>) quick accessed a lock!
[18:46:44] Player (Vygeta, 76561198065333779)(<6307.455078, 21.871454, 9524.430664>) quick accessed a lock!
[18:51:41] Player (Vygeta, 76561198065333779)(<6307.455078, 21.871454, 9524.430664>) quick accessed a lock!
[18:51:44] Player (Vygeta, 76561198065333779)(<6307.455078, 21.871454, 9524.430664>) quick accessed a lock!
[18:53:00] Player (Mendoza, 76561197963413528)(<6307.455078, 21.871454, 9524.430664>) quick accessed a lock!
[19:00:15] Player (Mendoza, 76561197963413528)(<6303.280762, 21.892134, 9520.394531>) set a new passcode on lock!
[19:00:15] Player (Mendoza, 76561197963413528)(<6303.280762, 21.892134, 9520.394531>) claimed ownership of a lock!
[19:02:18] Player (Mendoza, 76561197963413528)(<6303.280762, 21.892134, 9520.394531>) quick accessed a lock!
[19:02:49] Player (Mendoza, 76561197963413528)(<6303.280762, 21.892134, 9520.394531>) quick accessed a lock!
[19:05:21] Player (Mendoza, 76561197963413528)(<6303.280762, 21.892134, 9520.394531>) quick accessed a lock!
[19:05:59] Player (Mendoza, 76561197963413528)(<6303.280762, 21.892134, 9520.394531>) quick accessed a lock!
[19:06:01] Player (Mendoza, 76561197963413528)(<6303.280762, 21.892134, 9520.394531>) quick accessed a lock!
[19:06:28] Player (Burli, 76561199403818735)(<6310.850098, 21.902084, 9508.443359>) quick accessed a lock!
[19:06:49] Player (Mendoza, 76561197963413528)(<6303.280762, 21.892134, 9520.394531>) quick accessed a lock!
[19:07:01] Player (Mendoza, 76561197963413528)(<6307.455078, 21.871454, 9524.430664>) quick accessed a lock!
[19:09:13] Player (Mendoza, 76561197963413528)(<6303.280762, 21.892134, 9520.394531>) quick accessed a lock!
[19:11:11] Player (Burli, 76561199403818735)(<6310.850098, 21.902084, 9508.443359>) quick accessed a lock!
[19:11:28] Player (Mendoza, 76561197963413528)(<6303.280762, 21.892134, 9520.394531>) quick accessed a lock!
[19:11:59] Player (Mendoza, 76561197963413528)(<6303.280762, 21.892134, 9520.394531>) quick accessed a lock!
[19:12:05] Player (Mendoza, 76561197963413528)(<6303.280762, 21.892134, 9520.394531>) quick accessed a lock!
[19:12:25] Player (Mendoza, 76561197963413528)(<6303.280762, 21.892134, 9520.394531>) quick accessed a lock!
[19:12:33] Player (Mendoza, 76561197963413528)(<6303.280762, 21.892134, 9520.394531>) quick accessed a lock!
[19:12:35] Player (Burli, 76561199403818735)(<6310.850098, 21.902084, 9508.443359>) quick accessed a lock!
[19:14:06] Player (Burli, 76561199403818735)(<6310.850098, 21.902084, 9508.443359>) quick accessed a lock!
[19:15:22] Player (Mendoza, 76561197963413528)(<6303.280762, 21.892134, 9520.394531>) quick accessed a lock!
[19:17:21] Player (Mendoza, 76561197963413528)(<6303.280762, 21.892134, 9520.394531>) quick accessed a lock!
[19:18:24] Player (Mendoza, 76561197963413528)(<6303.280762, 21.892134, 9520.394531>) quick accessed a lock!
[19:21:37] Player (Burli, 76561199403818735)(<6307.455078, 21.871454, 9524.430664>) quick accessed a lock!
[19:21:49] Player (Mendoza, 76561197963413528)(<6303.280762, 21.892134, 9520.394531>) quick accessed a lock!
[19:22:24] Player (Burli, 76561199403818735)(<6310.850098, 21.902084, 9508.443359>) quick accessed a lock!
[19:23:38] Player (Mendoza, 76561197963413528)(<6307.455078, 21.871454, 9524.430664>) changed the passcode on a lock! Clearing all guests...
[19:23:38] Player (Mendoza, 76561197963413528)(<6307.455078, 21.871454, 9524.430664>) quick accessed a lock!
[19:24:31] Player (Burli, 76561199403818735)(<6310.850098, 21.902084, 9508.443359>) quick accessed a lock!
[19:26:35] Player (Burli, 76561199403818735)(<6310.850098, 21.902084, 9508.443359>) quick accessed a lock!
[19:29:29] Player (Burli, 76561199403818735)(<6310.850098, 21.902084, 9508.443359>) quick accessed a lock!
[19:33:14] Player (Burli, 76561199403818735)(<6310.850098, 21.902084, 9508.443359>) quick accessed a lock!
[19:39:38] Player (Mendoza, 76561197963413528)(<6303.280762, 21.892134, 9520.394531>) quick accessed a lock!
[19:39:49] Player (Mendoza, 76561197963413528)(<6303.280762, 21.892134, 9520.394531>) quick accessed a lock!
[19:42:32] Player (Mendoza, 76561197963413528)(<6307.455078, 21.871454, 9524.430664>) quick accessed a lock!
[19:42:38] Player (Mendoza, 76561197963413528)(<6310.850098, 21.902084, 9508.443359>) quick accessed a lock!
[19:45:33] Player (Mendoza, 76561197963413528)(<6310.850098, 21.902084, 9508.443359>) quick accessed a lock!
[19:46:47] Player (Mendoza, 76561197963413528)(<6307.455078, 21.871454, 9524.430664>) quick accessed a lock!
[19:48:46] Player (Mendoza, 76561197963413528)(<6303.280762, 21.892134, 9520.394531>) quick accessed a lock!
[19:48:48] Player (Mendoza, 76561197963413528)(<6303.280762, 21.892134, 9520.394531>) quick accessed a lock!
[19:48:51] Player (Mendoza, 76561197963413528)(<6303.280762, 21.892134, 9520.394531>) quick accessed a lock!
[19:50:20] Player (Burli, 76561199403818735)(<6310.850098, 21.902084, 9508.443359>) quick accessed a lock!
[19:52:32] Player (Mendoza, 76561197963413528)(<6303.280762, 21.892134, 9520.394531>) quick accessed a lock!
[19:56:37] Player (Mendoza, 76561197963413528)(<6307.455078, 21.871454, 9524.430664>) quick accessed a lock!
[19:57:08] Player (Mendoza, 76561197963413528)(<6307.455078, 21.871454, 9524.430664>) quick accessed a lock!
[19:59:57] Player (Mendoza, 76561197963413528)(<6307.455078, 21.871454, 9524.430664>) quick accessed a lock!
[20:00:14] Player (Mendoza, 76561197963413528)(<6307.455078, 21.871454, 9524.430664>) quick accessed a lock!
[20:00:52] Player (Mendoza, 76561197963413528)(<6310.850098, 21.902084, 9508.443359>) quick accessed a lock!
[20:39:29] Player (Burli, 76561199403818735)(<6310.850098, 21.902084, 9508.443359>) quick accessed a lock!
[20:41:36] Player (Burli, 76561199403818735)(<6310.850098, 21.902084, 9508.443359>) quick accessed a lock!
[20:44:02] Player (Burli, 76561199403818735)(<6310.850098, 21.902084, 9508.443359>) quick accessed a lock!
[20:49:04] Player (Burli, 76561199403818735)(<6307.455078, 21.871454, 9524.430664>) accessed a lock!
[20:49:04] Player (Burli, 76561199403818735)(<6307.455078, 21.871454, 9524.430664>) was added as a guest of a lock!
[20:50:06] Player (Burli, 76561199403818735)(<6307.455078, 21.871454, 9524.430664>) quick accessed a lock!
[04-08-2025][21.01.20] Log file reloaded ( Server Restart )
[22:58:50] Player (Delta, 76561198058316831)(<6310.850098, 21.902084, 9508.443359>) quick accessed a lock!
[23:06:47] Player (Delta, 76561198058316831)(<6310.850098, 21.902084, 9508.443359>) quick accessed a lock!
[23:15:20] Player (Delta, 76561198058316831)(<6310.850098, 21.902084, 9508.443359>) quick accessed a lock!
[01:45:34] Player (Delta, 76561198058316831)(<6310.850098, 21.902084, 9508.443359>) quick accessed a lock!
[01:45:35] Player (Delta, 76561198058316831)(<6310.850098, 21.902084, 9508.443359>) quick accessed a lock!
[01:52:11] Player (Delta, 76561198058316831)(<6303.280762, 21.892134, 9520.394531>) accessed a lock!
[01:52:11] Player (Delta, 76561198058316831)(<6303.280762, 21.892134, 9520.394531>) was added as a guest of a lock!
[01:53:06] Player (Delta, 76561198058316831)(<6310.850098, 21.902084, 9508.443359>) quick accessed a lock!
[01:57:49] Player (Delta, 76561198058316831)(<6310.850098, 21.902084, 9508.443359>) quick accessed a lock!
[01:59:05] Player (Delta, 76561198058316831)(<6310.850098, 21.902084, 9508.443359>) quick accessed a lock!
[02:22:04] Player (Delta, 76561198058316831)(<6310.850098, 21.902084, 9508.443359>) quick accessed a lock!
[02:23:24] Player (Delta, 76561198058316831)(<6303.280762, 21.892134, 9520.394531>) quick accessed a lock!
[02:24:27] Player (Delta, 76561198058316831)(<6310.850098, 21.902084, 9508.443359>) quick accessed a lock!
