[04-13-2025][04.25.33] New Access Log File Created!
[07:09:46] Player (Mendoza, 76561197963413528)(<6307.455078, 21.871454, 9524.430664>) quick accessed a lock!
[07:13:19] Player (Mendoza, 76561197963413528)(<6303.280762, 21.892134, 9520.394531>) quick accessed a lock!
[07:13:31] Player (Mendoza, 76561197963413528)(<6303.280762, 21.892134, 9520.394531>) quick accessed a lock!
[07:14:00] Player (Mendoza, 76561197963413528)(<6310.850098, 21.902084, 9508.443359>) quick accessed a lock!
[07:51:21] Player (Mendoza, 76561197963413528)(<6310.850098, 21.902084, 9508.443359>) quick accessed a lock!
[08:20:17] Player (Mendoza, 76561197963413528)(<6307.455078, 21.871454, 9524.430664>) quick accessed a lock!
[08:20:36] Player (Mendoza, 76561197963413528)(<6307.455078, 21.871454, 9524.430664>) quick accessed a lock!
[08:35:08] Player (Burli, 76561199403818735)(<6307.455078, 21.871454, 9524.430664>) accessed a lock!
[08:35:08] Player (Burli, 76561199403818735)(<6307.455078, 21.871454, 9524.430664>) was added as a guest of a lock!
[08:35:47] Player (Burli, 76561199403818735)(<6307.455078, 21.871454, 9524.430664>) quick accessed a lock!
[08:42:41] Player (Mendoza, 76561197963413528)(<6303.280762, 21.892134, 9520.394531>) quick accessed a lock!
[08:42:50] Player (Mendoza, 76561197963413528)(<6307.455078, 21.871454, 9524.430664>) quick accessed a lock!
[09:06:21] Player (Mendoza, 76561197963413528)(<6310.850098, 21.902084, 9508.443359>) quick accessed a lock!
[09:18:44] Player (Mendoza, 76561197963413528)(<6307.455078, 21.871454, 9524.430664>) quick accessed a lock!
[09:22:31] Player (Burli, 76561199403818735)(<6310.850098, 21.902084, 9508.443359>) quick accessed a lock!
[10:39:51] Player (Burli, 76561199403818735)(<6310.850098, 21.902084, 9508.443359>) quick accessed a lock!
[10:40:33] Player (Burli, 76561199403818735)(<6307.455078, 21.871454, 9524.430664>) quick accessed a lock!
[10:40:43] Player (Mendoza, 76561197963413528)(<6303.280762, 21.892134, 9520.394531>) quick accessed a lock!
[10:42:22] Player (Mendoza, 76561197963413528)(<6303.280762, 21.892134, 9520.394531>) quick accessed a lock!
[10:44:06] Player (Burli, 76561199403818735)(<6310.850098, 21.902084, 9508.443359>) quick accessed a lock!
[10:45:32] Player (Mendoza, 76561197963413528)(<6303.280762, 21.892134, 9520.394531>) quick accessed a lock!
[10:46:14] Player (Mendoza, 76561197963413528)(<6303.280762, 21.892134, 9520.394531>) quick accessed a lock!
[10:46:43] Player (Burli, 76561199403818735)(<6310.850098, 21.902084, 9508.443359>) quick accessed a lock!
[10:47:35] Player (Burli, 76561199403818735)(<6303.280762, 21.892134, 9520.394531>) quick accessed a lock!
[10:49:40] Player (Mendoza, 76561197963413528)(<6303.280762, 21.892134, 9520.394531>) quick accessed a lock!
[10:52:29] Player (Mendoza, 76561197963413528)(<6303.280762, 21.892134, 9520.394531>) quick accessed a lock!
[11:07:58] Player (Mendoza, 76561197963413528)(<6303.280762, 21.892134, 9520.394531>) quick accessed a lock!
[11:10:34] Player (Mendoza, 76561197963413528)(<6307.455078, 21.871454, 9524.430664>) quick accessed a lock!
[11:11:26] Player (Burli, 76561199403818735)(<6307.455078, 21.871454, 9524.430664>) quick accessed a lock!
[11:12:30] Player (Burli, 76561199403818735)(<6303.280762, 21.892134, 9520.394531>) quick accessed a lock!
[11:13:10] Player (Burli, 76561199403818735)(<6307.455078, 21.871454, 9524.430664>) quick accessed a lock!
[11:17:46] Player (Mendoza, 76561197963413528)(<6303.280762, 21.892134, 9520.394531>) quick accessed a lock!
[11:18:18] Player (Mendoza, 76561197963413528)(<6303.280762, 21.892134, 9520.394531>) quick accessed a lock!
[11:18:22] Player (Mendoza, 76561197963413528)(<6307.455078, 21.871454, 9524.430664>) quick accessed a lock!
[11:20:10] Player (Mendoza, 76561197963413528)(<6307.455078, 21.871454, 9524.430664>) quick accessed a lock!
[04-13-2025][12.43.42] Log file reloaded ( Server Restart )
[14:20:31] Player (Delta, 76561198058316831)(<6310.850098, 21.902084, 9508.443359>) quick accessed a lock!
[14:22:10] Player (Burli, 76561199403818735)(<6307.455078, 21.871454, 9524.430664>) quick accessed a lock!
[14:23:17] Player (Burli, 76561199403818735)(<6303.280762, 21.892134, 9520.394531>) quick accessed a lock!
[14:25:06] Player (Burli, 76561199403818735)(<6310.850098, 21.902084, 9508.443359>) quick accessed a lock!
[14:27:17] Player (Mendoza, 76561197963413528)(<6307.455078, 21.871454, 9524.430664>) quick accessed a lock!
[14:28:22] Player (Burli, 76561199403818735)(<6310.850098, 21.902084, 9508.443359>) quick accessed a lock!
[14:29:22] Player (Burli, 76561199403818735)(<6307.455078, 21.871454, 9524.430664>) quick accessed a lock!
[14:31:13] Player (Mendoza, 76561197963413528)(<6303.280762, 21.892134, 9520.394531>) quick accessed a lock!
[14:34:25] Player (Mendoza, 76561197963413528)(<6310.850098, 21.902084, 9508.443359>) quick accessed a lock!
[15:02:58] Player (Mendoza, 76561197963413528)(<6310.850098, 21.902084, 9508.443359>) quick accessed a lock!
[15:12:49] Player (Burli, 76561199403818735)(<6310.850098, 21.902084, 9508.443359>) quick accessed a lock!
[15:29:40] Player (Burli, 76561199403818735)(<6310.850098, 21.902084, 9508.443359>) quick accessed a lock!
[15:29:42] Player (Burli, 76561199403818735)(<6310.850098, 21.902084, 9508.443359>) quick accessed a lock!
[16:03:56] Player (Mendoza, 76561197963413528)(<6310.850098, 21.902084, 9508.443359>) quick accessed a lock!
[17:08:50] Player (Mendoza, 76561197963413528)(<6310.850098, 21.902084, 9508.443359>) quick accessed a lock!
[17:12:29] Player (Burli, 76561199403818735)(<6310.850098, 21.902084, 9508.443359>) quick accessed a lock!
[17:14:03] Player (Mendoza, 76561197963413528)(<6307.455078, 21.871454, 9524.430664>) quick accessed a lock!
[17:18:11] Player (Burli, 76561199403818735)(<6310.850098, 21.902084, 9508.443359>) quick accessed a lock!
[17:19:02] Player (Burli, 76561199403818735)(<6307.455078, 21.871454, 9524.430664>) quick accessed a lock!
[17:21:32] Player (Mendoza, 76561197963413528)(<6307.455078, 21.871454, 9524.430664>) quick accessed a lock!
[17:21:37] Player (Mendoza, 76561197963413528)(<6310.850098, 21.902084, 9508.443359>) quick accessed a lock!
[17:24:37] Player (Burli, 76561199403818735)(<6310.850098, 21.902084, 9508.443359>) quick accessed a lock!
[17:42:40] Player (Mendoza, 76561197963413528)(<6310.850098, 21.902084, 9508.443359>) quick accessed a lock!
[18:30:42] Player (Burli, 76561199403818735)(<6310.850098, 21.902084, 9508.443359>) quick accessed a lock!
[18:31:15] Player (Mendoza, 76561197963413528)(<6310.850098, 21.902084, 9508.443359>) quick accessed a lock!
[18:31:17] Player (Mendoza, 76561197963413528)(<6310.850098, 21.902084, 9508.443359>) quick accessed a lock!
[18:31:41] Player (Mendoza, 76561197963413528)(<6310.850098, 21.902084, 9508.443359>) quick accessed a lock!
[18:32:16] Player (Mendoza, 76561197963413528)(<6310.850098, 21.902084, 9508.443359>) quick accessed a lock!
[19:24:41] Player (HeliosAndy, 76561199473796806)(<6310.850098, 21.902084, 9508.443359>) quick accessed a lock!
[19:29:00] Player (Burli, 76561199403818735)(<6310.850098, 21.902084, 9508.443359>) quick accessed a lock!
[19:33:39] Player (Mendoza, 76561197963413528)(<6303.280762, 21.892134, 9520.394531>) quick accessed a lock!
[19:34:31] Player (Mendoza, 76561197963413528)(<6310.850098, 21.902084, 9508.443359>) quick accessed a lock!
[19:36:26] Player (Burli, 76561199403818735)(<6307.455078, 21.871454, 9524.430664>) quick accessed a lock!
[19:37:25] Player (HeliosAndy, 76561199473796806)(<6303.280762, 21.892134, 9520.394531>) quick accessed a lock!
[19:37:36] Player (Mendoza, 76561197963413528)(<6310.850098, 21.902084, 9508.443359>) quick accessed a lock!
[19:38:15] Player (HeliosAndy, 76561199473796806)(<6310.850098, 21.902084, 9508.443359>) quick accessed a lock!
[19:39:28] Player (Mendoza, 76561197963413528)(<6310.850098, 21.902084, 9508.443359>) quick accessed a lock!
[19:40:09] Player (Mendoza, 76561197963413528)(<6310.850098, 21.902084, 9508.443359>) quick accessed a lock!
[19:40:53] Player (Mendoza, 76561197963413528)(<6307.455078, 21.871454, 9524.430664>) quick accessed a lock!
[19:41:20] Player (Mendoza, 76561197963413528)(<6303.280762, 21.892134, 9520.394531>) quick accessed a lock!
[19:41:24] Player (HeliosAndy, 76561199473796806)(<6303.280762, 21.892134, 9520.394531>) quick accessed a lock!
[19:41:28] Player (HeliosAndy, 76561199473796806)(<6303.280762, 21.892134, 9520.394531>) quick accessed a lock!
[19:43:22] Player (Mendoza, 76561197963413528)(<6303.280762, 21.892134, 9520.394531>) quick accessed a lock!
[19:48:29] Player (Mendoza, 76561197963413528)(<6303.280762, 21.892134, 9520.394531>) quick accessed a lock!
[19:51:43] Player (Mendoza, 76561197963413528)(<6303.280762, 21.892134, 9520.394531>) quick accessed a lock!
[19:59:35] Player (Mendoza, 76561197963413528)(<6303.280762, 21.892134, 9520.394531>) quick accessed a lock!
[19:59:46] Player (Mendoza, 76561197963413528)(<6307.455078, 21.871454, 9524.430664>) quick accessed a lock!
[20:02:58] Player (Mendoza, 76561197963413528)(<6307.455078, 21.871454, 9524.430664>) quick accessed a lock!
[20:03:21] Player (Mendoza, 76561197963413528)(<6307.455078, 21.871454, 9524.430664>) quick accessed a lock!
[20:04:30] Player (Burli, 76561199403818735)(<6303.280762, 21.892134, 9520.394531>) quick accessed a lock!
[20:04:45] Player (Burli, 76561199403818735)(<6307.455078, 21.871454, 9524.430664>) quick accessed a lock!
[20:04:50] Player (Mendoza, 76561197963413528)(<6310.850098, 21.902084, 9508.443359>) quick accessed a lock!
[20:07:00] Player (Burli, 76561199403818735)(<6307.455078, 21.871454, 9524.430664>) quick accessed a lock!
[04-13-2025][21.02.30] Log file reloaded ( Server Restart )
[21:28:22] Player (Delta, 76561198058316831)(<6310.850098, 21.902084, 9508.443359>) quick accessed a lock!
[21:40:47] Player (Mendoza, 76561197963413528)(<6310.850098, 21.902084, 9508.443359>) quick accessed a lock!
[21:50:35] Player (Mendoza, 76561197963413528)(<6303.280762, 21.892134, 9520.394531>) quick accessed a lock!
[21:51:43] Player (Mendoza, 76561197963413528)(<6303.280762, 21.892134, 9520.394531>) quick accessed a lock!
[21:51:47] Player (Mendoza, 76561197963413528)(<6307.455078, 21.871454, 9524.430664>) quick accessed a lock!
[21:52:50] Player (Mendoza, 76561197963413528)(<6307.455078, 21.871454, 9524.430664>) quick accessed a lock!
[21:53:57] Player (Burli, 76561199403818735)(<6307.455078, 21.871454, 9524.430664>) quick accessed a lock!
[21:55:55] Player (Mendoza, 76561197963413528)(<6310.850098, 21.902084, 9508.443359>) quick accessed a lock!
[22:12:15] Player (Mendoza, 76561197963413528)(<6307.455078, 21.871454, 9524.430664>) quick accessed a lock!
[22:13:48] Player (Mendoza, 76561197963413528)(<6307.455078, 21.871454, 9524.430664>) quick accessed a lock!
[22:14:41] Player (Mendoza, 76561197963413528)(<6307.455078, 21.871454, 9524.430664>) quick accessed a lock!
