=====================================================================
== C:\SERVICES\ni10839481_1_SHARE\ftproot\dayzstandalone\DayZServer_x64.exe
== "C:\SERVICES\ni10839481_1_SHARE\ftproot\dayzstandalone\DayZServer_x64.exe" -ip=85.190.162.236 -port=11200 -cpuCount=4 -limitFPS=100 -config=serverDZ.cfg "-mod=@Namalsk Survival;@Namalsk Island;@Zens Zombie Door Bangers;@Ear-Plugs;@Code Lock" -profiles=C:\SERVICES\ni10839481_1_SHARE\ftproot\dayzstandalone/config -BEPath=C:\SERVICES\ni10839481_1_SHARE\ftproot\dayzstandalone\battleye -noFilePatching -nologs -adminlog -freezecheck
=====================================================================
Exe timestamp: 2025/04/04 00:49:20
Current time:  2025/05/31 21:04:40
Version 1.27.159674
=====================================================================

21:04:40.466 [Inputs] Loading inputs default "bin/constants.xml"
21:04:40.520 [Inputs] Loading inputs default "bin/specific.xml"
21:04:40.535 [Inputs] Loading inputs default "EarPlugs/data/inputs.xml"
21:04:40.554 [Inputs] Loading inputs default "nst/ns_dayz/scripts/Data/Inputs.xml"
21:04:40.573 [Inputs] Loading inputs cfg "C:\SERVICES\ni10839481_1_SHARE\ftproot\dayzstandalone/config\Users\Survivor\Server.core.xml"
21:04:40.740 [Inputs] Exporting inputs cfg "C:\SERVICES\ni10839481_1_SHARE\ftproot\dayzstandalone/config\Users\Survivor\Server.core.xml"
21:06:13.662 Hostname of server: "Aid Station | Namalsk | PVE - Wipe: 03-06"
21:06:44.238 [CE][Hive] :: Initializing OFFLINE
21:06:44.241 [StorageDirs] :: Selected storage directory: C:\SERVICES\ni10839481_1_SHARE\ftproot\dayzstandalone\mpmissions\regular.namalsk\storage_1\
21:06:44.248 [CE][Hive] :: Loading core data ... 
21:06:44.256 [CE][CoreData] :: 8 root classes, 0 defaults, 0 updaters...
21:07:02.22 [CE] :: WARNING :: Preset map "headsFirefighter" is EMPTY.
21:07:02.25 [CE][TypeSetup] :: 599 classes setuped...
21:07:02.697 [CE][RegisterBind] :: 0 classes binded...
21:07:02.697 [CE][RegisterConfig] :: 5794 config classes registered, 0 sub-counters...
21:07:02.697 [CE][Hive] :: Loading map data ... 
21:07:02.770 [CE][LoadPrototype] :: loaded 256 prototypes
21:07:02.770   404 containers, 7415 points
21:07:02.770   1 dispatches, 1 proxies
21:07:02.770 !!! [CE][LoadPrototype] 1 groups have wrong points...
21:07:02.770 [CE][LoadPrototype] :: last group name: land_frozen_person...
21:07:02.785 [CE][LoadPrototype] :: loaded 0 prototypes
21:07:02.786   38 containers, 66 points
21:07:02.786   0 dispatches, 0 proxies
21:07:02.786 [CE][LoadPrototype] :: last group name: StoneLoc38...
21:07:02.886 [CE][LoadMap] "Group" :: loaded 1445 groups, groups failed: 0, largest group range: 36.4
21:07:02.906 [CE][LoadMap] "Dirt" :: loaded 0 groups, groups failed: 0, largest group range: 36.4
21:07:02.912 [CE][Links] found 472 total links between groups, of 1445
21:07:02.912 [CE][LoadClusters] "Cluster" :: Loading files...
21:07:02.935 [CE][LoadClusters] :: file: "mapgroupcluster.xml", 1 types, 2418 instances
21:07:02.939 [CE][Storage] ver:21 stamp:128760, valid:yes, name:"C:\SERVICES\ni10839481_1_SHARE\ftproot\dayzstandalone\mpmissions\regular.namalsk\storage_1\data\types.bin"
21:07:02.942 [CE][Storage] ver:21 stamp:128590, valid:yes, name:"C:\SERVICES\ni10839481_1_SHARE\ftproot\dayzstandalone\mpmissions\regular.namalsk\storage_1\data\types.001"
21:07:02.945 [CE][Storage] ver:21 stamp:128588, valid:yes, name:"C:\SERVICES\ni10839481_1_SHARE\ftproot\dayzstandalone\mpmissions\regular.namalsk\storage_1\data\types.002"
21:07:02.945 [CE][Storage] Restoring file "C:\SERVICES\ni10839481_1_SHARE\ftproot\dayzstandalone\mpmissions\regular.namalsk\storage_1\data\types.bin".
21:07:03.17 [CE][offlineDB] :: Loaded 23 dynamic events 177 total types.
21:07:03.69 !!! [CE][offlineDB] :: Type 'R12' will be ignored. (Type does not exist. (Typo?))
21:07:03.70 !!! [CE][offlineDB] :: Type 'MK4Optic_Black' will be ignored. (Type does not exist. (Typo?))
21:07:03.70 !!! [CE][offlineDB] :: Type 'MK4Optic_Green' will be ignored. (Type does not exist. (Typo?))
21:07:03.70 !!! [CE][offlineDB] :: Type 'SportingOptic' will be ignored. (Type does not exist. (Typo?))
21:07:03.70 !!! [CE][offlineDB] :: Type 'PSO6Optic' will be ignored. (Type does not exist. (Typo?))
21:07:03.72 !!! [CE][offlineDB] :: Type 'ChristmasTree' will be ignored. (Not spawnable. (Scope is not public?))
21:07:03.103 [CE][DE][SPAWNS] :: Total positions: 711
21:07:03.104 [CE][DE][GROUPS] :: Total eventgroups defined: 0, Eventgroups in use: 0
21:07:03.107 [CE][Storage] ver:25 stamp:128760, valid:yes, name:"C:\SERVICES\ni10839481_1_SHARE\ftproot\dayzstandalone\mpmissions\regular.namalsk\storage_1\data\events.bin"
21:07:03.109 [CE][Storage] ver:25 stamp:128590, valid:yes, name:"C:\SERVICES\ni10839481_1_SHARE\ftproot\dayzstandalone\mpmissions\regular.namalsk\storage_1\data\events.001"
21:07:03.136 [CE][Storage] ver:25 stamp:128588, valid:yes, name:"C:\SERVICES\ni10839481_1_SHARE\ftproot\dayzstandalone\mpmissions\regular.namalsk\storage_1\data\events.002"
21:07:03.137 [CE][Storage] Restoring file "C:\SERVICES\ni10839481_1_SHARE\ftproot\dayzstandalone\mpmissions\regular.namalsk\storage_1\data\events.bin".
21:07:03.137 [CE][DynamicEvent] Load  Events:[23] Primary spawners: 23 Secondary spawners: 0
21:07:03.140 [CE][Storage] ver:25 stamp:128760, valid:yes, name:"C:\SERVICES\ni10839481_1_SHARE\ftproot\dayzstandalone\mpmissions\regular.namalsk\storage_1\data\dynamic_000.bin"
21:07:03.142 [CE][Storage] ver:25 stamp:128590, valid:yes, name:"C:\SERVICES\ni10839481_1_SHARE\ftproot\dayzstandalone\mpmissions\regular.namalsk\storage_1\data\dynamic_000.001"
21:07:03.144 [CE][Storage] ver:25 stamp:128588, valid:yes, name:"C:\SERVICES\ni10839481_1_SHARE\ftproot\dayzstandalone\mpmissions\regular.namalsk\storage_1\data\dynamic_000.002"
21:07:03.144 [CE][Storage] Restoring file "C:\SERVICES\ni10839481_1_SHARE\ftproot\dayzstandalone\mpmissions\regular.namalsk\storage_1\data\dynamic_000.bin" 1 items.
21:07:03.148   1 items loaded. (0 failed)
21:07:03.151 [CE][Storage] ver:25 stamp:128760, valid:yes, name:"C:\SERVICES\ni10839481_1_SHARE\ftproot\dayzstandalone\mpmissions\regular.namalsk\storage_1\data\dynamic_001.bin"
21:07:03.153 [CE][Storage] ver:25 stamp:128590, valid:yes, name:"C:\SERVICES\ni10839481_1_SHARE\ftproot\dayzstandalone\mpmissions\regular.namalsk\storage_1\data\dynamic_001.001"
21:07:03.155 [CE][Storage] ver:25 stamp:128588, valid:yes, name:"C:\SERVICES\ni10839481_1_SHARE\ftproot\dayzstandalone\mpmissions\regular.namalsk\storage_1\data\dynamic_001.002"
21:07:03.155 [CE][Storage] Restoring file "C:\SERVICES\ni10839481_1_SHARE\ftproot\dayzstandalone\mpmissions\regular.namalsk\storage_1\data\dynamic_001.bin" 28 items.
21:07:03.272   28 items loaded. (0 failed)
21:07:03.274 [CE][Storage] ver:25 stamp:128760, valid:yes, name:"C:\SERVICES\ni10839481_1_SHARE\ftproot\dayzstandalone\mpmissions\regular.namalsk\storage_1\data\dynamic_002.bin"
21:07:03.276 [CE][Storage] ver:25 stamp:128590, valid:yes, name:"C:\SERVICES\ni10839481_1_SHARE\ftproot\dayzstandalone\mpmissions\regular.namalsk\storage_1\data\dynamic_002.001"
21:07:03.278 [CE][Storage] ver:25 stamp:128588, valid:yes, name:"C:\SERVICES\ni10839481_1_SHARE\ftproot\dayzstandalone\mpmissions\regular.namalsk\storage_1\data\dynamic_002.002"
21:07:03.278 [CE][Storage] Restoring file "C:\SERVICES\ni10839481_1_SHARE\ftproot\dayzstandalone\mpmissions\regular.namalsk\storage_1\data\dynamic_002.bin" 65 items.
21:07:03.444   65 items loaded. (0 failed)
21:07:03.447 [CE][Storage] ver:25 stamp:128760, valid:yes, name:"C:\SERVICES\ni10839481_1_SHARE\ftproot\dayzstandalone\mpmissions\regular.namalsk\storage_1\data\dynamic_003.bin"
21:07:03.449 [CE][Storage] ver:25 stamp:128590, valid:yes, name:"C:\SERVICES\ni10839481_1_SHARE\ftproot\dayzstandalone\mpmissions\regular.namalsk\storage_1\data\dynamic_003.001"
21:07:03.452 [CE][Storage] ver:25 stamp:128588, valid:yes, name:"C:\SERVICES\ni10839481_1_SHARE\ftproot\dayzstandalone\mpmissions\regular.namalsk\storage_1\data\dynamic_003.002"
21:07:03.452 [CE][Storage] Restoring file "C:\SERVICES\ni10839481_1_SHARE\ftproot\dayzstandalone\mpmissions\regular.namalsk\storage_1\data\dynamic_003.bin" 704 items.
21:07:04.618   704 items loaded. (0 failed)
21:07:04.620 [CE][Storage] ver:25 stamp:128760, valid:yes, name:"C:\SERVICES\ni10839481_1_SHARE\ftproot\dayzstandalone\mpmissions\regular.namalsk\storage_1\data\dynamic_004.bin"
21:07:04.622 [CE][Storage] ver:25 stamp:128590, valid:yes, name:"C:\SERVICES\ni10839481_1_SHARE\ftproot\dayzstandalone\mpmissions\regular.namalsk\storage_1\data\dynamic_004.001"
21:07:04.630 [CE][Storage] ver:25 stamp:128588, valid:yes, name:"C:\SERVICES\ni10839481_1_SHARE\ftproot\dayzstandalone\mpmissions\regular.namalsk\storage_1\data\dynamic_004.002"
21:07:04.630 [CE][Storage] Restoring file "C:\SERVICES\ni10839481_1_SHARE\ftproot\dayzstandalone\mpmissions\regular.namalsk\storage_1\data\dynamic_004.bin" 1672 items.
21:07:05.930   1672 items loaded. (0 failed)
21:07:05.932 [CE][Storage] ver:25 stamp:128760, valid:yes, name:"C:\SERVICES\ni10839481_1_SHARE\ftproot\dayzstandalone\mpmissions\regular.namalsk\storage_1\data\dynamic_005.bin"
21:07:05.935 [CE][Storage] ver:25 stamp:128590, valid:yes, name:"C:\SERVICES\ni10839481_1_SHARE\ftproot\dayzstandalone\mpmissions\regular.namalsk\storage_1\data\dynamic_005.001"
21:07:05.937 [CE][Storage] ver:25 stamp:128588, valid:yes, name:"C:\SERVICES\ni10839481_1_SHARE\ftproot\dayzstandalone\mpmissions\regular.namalsk\storage_1\data\dynamic_005.002"
21:07:05.937 [CE][Storage] Restoring file "C:\SERVICES\ni10839481_1_SHARE\ftproot\dayzstandalone\mpmissions\regular.namalsk\storage_1\data\dynamic_005.bin" 826 items.
21:07:09.154   826 items loaded. (0 failed)
21:07:09.167 [CE][Storage] ver:25 stamp:128760, valid:yes, name:"C:\SERVICES\ni10839481_1_SHARE\ftproot\dayzstandalone\mpmissions\regular.namalsk\storage_1\data\dynamic_006.bin"
21:07:09.181 [CE][Storage] ver:25 stamp:128590, valid:yes, name:"C:\SERVICES\ni10839481_1_SHARE\ftproot\dayzstandalone\mpmissions\regular.namalsk\storage_1\data\dynamic_006.001"
21:07:09.194 [CE][Storage] ver:25 stamp:128588, valid:yes, name:"C:\SERVICES\ni10839481_1_SHARE\ftproot\dayzstandalone\mpmissions\regular.namalsk\storage_1\data\dynamic_006.002"
21:07:09.195 [CE][Storage] Restoring file "C:\SERVICES\ni10839481_1_SHARE\ftproot\dayzstandalone\mpmissions\regular.namalsk\storage_1\data\dynamic_006.bin" 1741 items.
21:07:11.405   1741 items loaded. (0 failed)
21:07:11.419 [CE][Storage] ver:25 stamp:128760, valid:yes, name:"C:\SERVICES\ni10839481_1_SHARE\ftproot\dayzstandalone\mpmissions\regular.namalsk\storage_1\data\dynamic_007.bin"
21:07:11.434 [CE][Storage] ver:25 stamp:128590, valid:yes, name:"C:\SERVICES\ni10839481_1_SHARE\ftproot\dayzstandalone\mpmissions\regular.namalsk\storage_1\data\dynamic_007.001"
21:07:11.448 [CE][Storage] ver:25 stamp:128588, valid:yes, name:"C:\SERVICES\ni10839481_1_SHARE\ftproot\dayzstandalone\mpmissions\regular.namalsk\storage_1\data\dynamic_007.002"
21:07:11.448 [CE][Storage] Restoring file "C:\SERVICES\ni10839481_1_SHARE\ftproot\dayzstandalone\mpmissions\regular.namalsk\storage_1\data\dynamic_007.bin" 565 items.
21:07:11.978   565 items loaded. (0 failed)
21:07:11.992 [CE][Storage] ver:25 stamp:128760, valid:yes, name:"C:\SERVICES\ni10839481_1_SHARE\ftproot\dayzstandalone\mpmissions\regular.namalsk\storage_1\data\dynamic_008.bin"
21:07:12.07 [CE][Storage] ver:25 stamp:128590, valid:yes, name:"C:\SERVICES\ni10839481_1_SHARE\ftproot\dayzstandalone\mpmissions\regular.namalsk\storage_1\data\dynamic_008.001"
21:07:12.22 [CE][Storage] ver:25 stamp:128588, valid:yes, name:"C:\SERVICES\ni10839481_1_SHARE\ftproot\dayzstandalone\mpmissions\regular.namalsk\storage_1\data\dynamic_008.002"
21:07:12.22 [CE][Storage] Restoring file "C:\SERVICES\ni10839481_1_SHARE\ftproot\dayzstandalone\mpmissions\regular.namalsk\storage_1\data\dynamic_008.bin" 132 items.
21:07:12.223   132 items loaded. (0 failed)
21:07:12.237 [CE][Storage] ver:25 stamp:128760, valid:yes, name:"C:\SERVICES\ni10839481_1_SHARE\ftproot\dayzstandalone\mpmissions\regular.namalsk\storage_1\data\dynamic_009.bin"
21:07:12.250 [CE][Storage] ver:25 stamp:128590, valid:yes, name:"C:\SERVICES\ni10839481_1_SHARE\ftproot\dayzstandalone\mpmissions\regular.namalsk\storage_1\data\dynamic_009.001"
21:07:12.265 [CE][Storage] ver:25 stamp:128588, valid:yes, name:"C:\SERVICES\ni10839481_1_SHARE\ftproot\dayzstandalone\mpmissions\regular.namalsk\storage_1\data\dynamic_009.002"
21:07:12.265 [CE][Storage] Restoring file "C:\SERVICES\ni10839481_1_SHARE\ftproot\dayzstandalone\mpmissions\regular.namalsk\storage_1\data\dynamic_009.bin" 0 items.
21:07:12.265   0 items loaded. (0 failed)
21:07:12.280 [CE][Storage] ver:25 stamp:128760, valid:yes, name:"C:\SERVICES\ni10839481_1_SHARE\ftproot\dayzstandalone\mpmissions\regular.namalsk\storage_1\data\dynamic_010.bin"
21:07:12.312 [CE][Storage] ver:25 stamp:128590, valid:yes, name:"C:\SERVICES\ni10839481_1_SHARE\ftproot\dayzstandalone\mpmissions\regular.namalsk\storage_1\data\dynamic_010.001"
21:07:12.326 [CE][Storage] ver:25 stamp:128588, valid:yes, name:"C:\SERVICES\ni10839481_1_SHARE\ftproot\dayzstandalone\mpmissions\regular.namalsk\storage_1\data\dynamic_010.002"
21:07:12.330 [CE][Storage] Restoring file "C:\SERVICES\ni10839481_1_SHARE\ftproot\dayzstandalone\mpmissions\regular.namalsk\storage_1\data\dynamic_010.bin" 32 items.
21:07:12.828   32 items loaded. (0 failed)
21:07:12.838 [CE][Storage] ver:25 stamp:128760, valid:yes, name:"C:\SERVICES\ni10839481_1_SHARE\ftproot\dayzstandalone\mpmissions\regular.namalsk\storage_1\data\dynamic_011.bin"
21:07:12.887 [CE][Storage] ver:25 stamp:128590, valid:yes, name:"C:\SERVICES\ni10839481_1_SHARE\ftproot\dayzstandalone\mpmissions\regular.namalsk\storage_1\data\dynamic_011.001"
21:07:12.897 [CE][Storage] ver:25 stamp:128588, valid:yes, name:"C:\SERVICES\ni10839481_1_SHARE\ftproot\dayzstandalone\mpmissions\regular.namalsk\storage_1\data\dynamic_011.002"
21:07:12.897 [CE][Storage] Restoring file "C:\SERVICES\ni10839481_1_SHARE\ftproot\dayzstandalone\mpmissions\regular.namalsk\storage_1\data\dynamic_011.bin" 43 items.
21:07:13.293   43 items loaded. (0 failed)
21:07:13.307 [CE][Storage] ver:26 stamp:128760, valid:yes, name:"C:\SERVICES\ni10839481_1_SHARE\ftproot\dayzstandalone\mpmissions\regular.namalsk\storage_1\data\building.bin"
21:07:13.321 [CE][Storage] ver:26 stamp:128590, valid:yes, name:"C:\SERVICES\ni10839481_1_SHARE\ftproot\dayzstandalone\mpmissions\regular.namalsk\storage_1\data\building.001"
21:07:13.335 [CE][Storage] ver:26 stamp:128588, valid:yes, name:"C:\SERVICES\ni10839481_1_SHARE\ftproot\dayzstandalone\mpmissions\regular.namalsk\storage_1\data\building.002"
21:07:13.335 [CE][Storage] Restoring file "C:\SERVICES\ni10839481_1_SHARE\ftproot\dayzstandalone\mpmissions\regular.namalsk\storage_1\data\building.bin" 0 items.
21:07:13.335   0 items loaded. (0 failed)
21:07:13.349 [CE][Storage] ver:25 stamp:128760, valid:yes, name:"C:\SERVICES\ni10839481_1_SHARE\ftproot\dayzstandalone\mpmissions\regular.namalsk\storage_1\data\vehicles.bin"
21:07:13.364 [CE][Storage] ver:25 stamp:128590, valid:yes, name:"C:\SERVICES\ni10839481_1_SHARE\ftproot\dayzstandalone\mpmissions\regular.namalsk\storage_1\data\vehicles.001"
21:07:13.379 [CE][Storage] ver:25 stamp:128588, valid:yes, name:"C:\SERVICES\ni10839481_1_SHARE\ftproot\dayzstandalone\mpmissions\regular.namalsk\storage_1\data\vehicles.002"
21:07:13.379 [CE][Storage] Restoring file "C:\SERVICES\ni10839481_1_SHARE\ftproot\dayzstandalone\mpmissions\regular.namalsk\storage_1\data\vehicles.bin" 60 items.
21:07:13.638   60 items loaded. (0 failed)
21:07:13.747 [CE][Hive] :: Storage load took:10.61 seconds, recovery stamp:128760
21:07:13.747   entity: 9833, building: 0
21:07:13.747   no lifetime: 14
21:07:13.747   pathgraph's: 447
21:07:13.791 [CE][Hive] :: Initializing ... 
21:07:13.844 [CE][InitializeMap] :: initialized: 0
21:07:13.844 [CE][Hive] :: Initializing spawners ... 
21:07:13.844 [CE][LootRespawner] (PRIDummy) :: Initially (re)spawned:0, Nominal:6396, Total in Map: 5925 at 0 (sec)
21:07:13.844   tests:0, repeats:0 fails:0, overtime:0
21:07:19.889 [CE][DynEvent] :: 23 types
21:07:19.889 [00] Loot
21:07:19.889   Primary Spawner: "Loot", active: yes, repeat: 2
21:07:19.889 [01] StaticMedDrop
21:07:19.889   Primary Spawner: "Static", active: yes, repeat: 1
21:07:19.890 [02] StaticLifeboat
21:07:19.890   Primary Spawner: "Static", active: yes, repeat: 1
21:07:19.890 [03] ItemWoodenPlanks
21:07:19.890   Primary Spawner: "Item", active: yes, repeat: 1
21:07:19.890 [04] TrajectoryStones
21:07:19.890   Primary Spawner: "Trajectory", active: yes, repeat: 1
21:07:19.890 [05] InfectedSanta
21:07:19.890   Primary Spawner: "Infected", active: yes, repeat: 1
21:07:19.890 [06] InfectedArmy
21:07:19.890   Primary Spawner: "Infected", active: yes, repeat: 1
21:07:19.890 [07] InfectedIndustrial
21:07:19.890   Primary Spawner: "Infected", active: yes, repeat: 1
21:07:19.890 [08] InfectedCivil
21:07:19.890   Primary Spawner: "Infected", active: yes, repeat: 1
21:07:19.890 [09] InfectedMedic
21:07:19.890   Primary Spawner: "Infected", active: yes, repeat: 1
21:07:19.890 [10] AnimalGoat
21:07:19.890   Primary Spawner: "Animal", active: yes, repeat: 1
21:07:19.890 [11] AnimalSheep
21:07:19.890   Primary Spawner: "Animal", active: yes, repeat: 1
21:07:19.890 [12] AnimalReindeer
21:07:19.890   Primary Spawner: "Animal", active: yes, repeat: 1
21:07:19.890 [13] AnimalWildBoar
21:07:19.890   Primary Spawner: "Animal", active: yes, repeat: 1
21:07:19.890 [14] AnimalWolf
21:07:19.890   Primary Spawner: "Animal", active: yes, repeat: 1
21:07:19.890 [15] AnimalBrownBear
21:07:19.890   Primary Spawner: "Animal", active: yes, repeat: 1
21:07:19.890 [16] AnimalPolarBear
21:07:19.890   Primary Spawner: "Animal", active: yes, repeat: 1
21:07:19.890 [17] AmbientFox
21:07:19.890   Primary Spawner: "Ambient", active: yes, repeat: 1
21:07:19.890 [18] AmbientHare
21:07:19.890   Primary Spawner: "Ambient", active: yes, repeat: 1
21:07:19.890 [19] VehicleRubberBoats
21:07:19.890   Primary Spawner: "Vehicle", active: yes, repeat: 1
21:07:19.890 [20] VehicleCivilianCars
21:07:19.890   Primary Spawner: "Vehicle", active: yes, repeat: 1
21:07:19.890 [21] VehicleTrucks
21:07:19.890   Primary Spawner: "Vehicle", active: yes, repeat: 1
21:07:19.890 [22] VehicleMilitary
21:07:19.890   Primary Spawner: "Vehicle", active: yes, repeat: 1
21:07:19.890 [CE][Hive] :: Initializing of spawners done.
21:07:19.911 [CE][Hive] :: Init sequence finished.
21:07:19.911 Player connect enabled
21:07:20.918 [IdleMode] Entering IN - save processed
 3:51:02.105 [Shutdown] Shutting down in 5400 seconds (90 minutes).
 3:53:02.425 [Login]: Adding player Jerry (21973851) to login queue at position 0
 3:53:02.425 [LoginMachine]: Add player Jerry (21973851 174.117.3.254:59123)
 3:53:02.425 [StateMachine]: Player Jerry (dpnid 21973851 uid ) Entering AuthPlayerLoginState
 3:53:03.27 [StateMachine]: Player Jerry (dpnid 21973851 uid ) Entering WaitAuthPlayerLoginState
 3:53:03.151 [IdleMode] Leaving OUT
 3:53:05.388 Player Jerry (id=uMdG1fHKsvMp3xLM1uMg9vYXTP8GyBIEhiWCSNnf5ys=) has connected.
 3:53:05.389 Player "Jerry"(steamID=76561198178581761) is connected
 3:53:05.397 [StateMachine]: Player Jerry (dpnid 21973851 uid ) Entering WaitPlayerAssignedLoginState
 3:53:06.316 [StateMachine]: Player Jerry (dpnid 21973851 uid ) Entering PlayerAssignedLoginState
 3:53:06.327 [StateMachine]: Player Jerry (dpnid 21973851 uid uMdG1fHKsvMp3xLM1uMg9vYXTP8GyBIEhiWCSNnf5ys=) Entering DBGetLoginTimeLoginState
 3:53:06.402 [StateMachine]: Player Jerry (dpnid 21973851 uid uMdG1fHKsvMp3xLM1uMg9vYXTP8GyBIEhiWCSNnf5ys=) Entering DBWaitLoginTimeLoginState
 3:53:21.407 [StateMachine]: Player Jerry (dpnid 21973851 uid uMdG1fHKsvMp3xLM1uMg9vYXTP8GyBIEhiWCSNnf5ys=) Entering DBGetCharacterLoginState
 3:53:21.429 [StateMachine]: Player Jerry (dpnid 21973851 uid uMdG1fHKsvMp3xLM1uMg9vYXTP8GyBIEhiWCSNnf5ys=) Entering CreateNetObjectsLoginState
 3:53:21.455 [StateMachine]: Player Jerry (dpnid 21973851 uid uMdG1fHKsvMp3xLM1uMg9vYXTP8GyBIEhiWCSNnf5ys=) Entering PreloadCamLoginState
 3:53:21.457 [StateMachine]: Player Jerry (dpnid 21973851 uid uMdG1fHKsvMp3xLM1uMg9vYXTP8GyBIEhiWCSNnf5ys=) Entering WaitPreloadCamLoginState
 3:53:25.949 [CE][LootRespawner] (PRIDummy) :: Item [0] is hard to place, performance drops: "ReflexVest"
 3:53:27.702 [CE][LootRespawner] (PRIDummy) :: Item [1] is hard to place, performance drops: "Blouse_Blue"
 3:53:34.179 [StateMachine]: Player Jerry (dpnid 21973851 uid uMdG1fHKsvMp3xLM1uMg9vYXTP8GyBIEhiWCSNnf5ys=) Entering GetLoadedCharLoginState
 3:53:40.236 <LOAD EXISTING CHAR>:
    charID 14
    playerID 14
    dpnid 21973851
    uid uMdG1fHKsvMp3xLM1uMg9vYXTP8GyBIEhiWCSNnf5ys=
 3:54:27.328 [CE][LootRespawner] (PRIDummy) :: Item [2] is hard to place, performance drops: "Shovel"
 3:54:28.553 [CE][LootRespawner] (PRIDummy) :: Item [3] is hard to place, performance drops: "PolicePantsOrel"
 3:54:55.335 [CE][LootRespawner] (PRIDummy) :: Item [4] is hard to place, performance drops: "FirefighterAxe"
 3:54:57.283 [CE][LootRespawner] (PRIDummy) :: Item [5] is hard to place, performance drops: "HuntingVest_Winter"
 3:54:57.283 [CE][LootRespawner] (PRIDummy) :: Item [6] is hard to place, performance drops: "HuntingVest_Winter"
 3:55:23.626 [CE][LootRespawner] (PRIDummy) :: Item [7] is hard to place, performance drops: "CanisterGasoline"
 3:55:50.863 [CE][LootRespawner] (PRIDummy) :: Item [8] is hard to place, performance drops: "WoodenPlank"
 3:55:52.519 [CE][LootRespawner] (PRIDummy) :: Item [9] is hard to place, performance drops: "NavyUniformPants"
 3:56:47.875 [CE][LootRespawner] (PRIDummy) :: Item [10] is hard to place, performance drops: "PolicePants"
 3:56:47.876 [CE][LootRespawner] (PRIDummy) :: Item [11] is hard to place, performance drops: "PolicePants"
 3:57:14.403 [CE][LootRespawner] (PRIDummy) :: Item [12] is hard to place, performance drops: "Sweater_Gray"
 3:57:15.436 [CE][LootRespawner] (PRIDummy) :: Item [13] is hard to place, performance drops: "TShirt_White"
 3:57:15.436 [CE][LootRespawner] (PRIDummy) :: Item [14] is hard to place, performance drops: "TShirt_White"
 3:57:15.540 [CE][LootRespawner] (PRIDummy) :: Item [15] is hard to place, performance drops: "TShirt_Beige"
 3:58:09.813 [CE][LootRespawner] (PRIDummy) :: Item [16] is hard to place, performance drops: "BalaclavaMask_Blue"
 3:58:38.640 [CE][LootRespawner] (PRIDummy) :: Item [17] is hard to place, performance drops: "CZ527"
 3:59:05.251 [CE][LootRespawner] (PRIDummy) :: Item [18] is hard to place, performance drops: "Megaphone"
 3:59:05.560 [CE][LootRespawner] (PRIDummy) :: Item [19] is hard to place, performance drops: "Sweater_Blue"
 3:59:05.867 [CE][LootRespawner] (PRIDummy) :: Item [20] is hard to place, performance drops: "WorkingBoots_Yellow"
 3:59:07.199 [CE][LootRespawner] (PRIDummy) :: Item [21] is hard to place, performance drops: "DirtBikeHelmet_Blue"
 3:59:07.405 [CE][Links] found 0 total links between groups, of 1
 3:59:07.405 [CE][SpawnRandomLoot] (StaticLifeboat) :: Type: sea_oilrig_lifeboat, lootmin: 2, lootmax: 5, wanted: 4, deloot: 2, containermaxsum: 5
 3:59:07.405 [CE][SpawnRandomLoot] (StaticLifeboat) :: No item found to spawn for DE! Spawned: 1 / 4 (enable log_ce_dynamicevent to see item lists for event)
 3:59:33.179 [CE][LootRespawner] (PRIDummy) :: Item [22] is hard to place, performance drops: "HikingBootsLow_Black"
 3:59:33.586 [CE][LootRespawner] (PRIDummy) :: Item [23] is hard to place, performance drops: "ManSuit_Blue"
 3:59:33.692 [CE][LootRespawner] (PRIDummy) :: Item [24] is hard to place, performance drops: "Blouse_Violet"
 3:59:33.998 [CE][LootRespawner] (PRIDummy) :: Item [25] is hard to place, performance drops: "Balaclava3Holes_White"
 3:59:33.999 [CE][LootRespawner] (PRIDummy) :: Item [26] is hard to place, performance drops: "Balaclava3Holes_White"
 3:59:34.206 [CE][LootRespawner] (PRIDummy) :: Item [27] is hard to place, performance drops: "MotoHelmet_Lime"
 3:59:34.206 [CE][LootRespawner] (PRIDummy) :: Item [28] is hard to place, performance drops: "MotoHelmet_Lime"
 4:00:00.974 [CE][LootRespawner] (PRIDummy) :: Item [29] is hard to place, performance drops: "JumpsuitJacket_Red"
 4:00:29.786 [CE][LootRespawner] (PRIDummy) :: Item [30] is hard to place, performance drops: "MotoHelmet_Grey"
 4:00:29.786 [CE][LootRespawner] (PRIDummy) :: Item [31] is hard to place, performance drops: "MotoHelmet_Grey"
 4:00:56.493 [CE][LootRespawner] (PRIDummy) :: Item [32] is hard to place, performance drops: "WorkingGloves_Beige"
 4:00:58.146 [CE][LootRespawner] (PRIDummy) :: Item [33] is hard to place, performance drops: "CargoPants_Green"
 4:00:58.146 [CE][LootRespawner] (PRIDummy) :: Item [34] is hard to place, performance drops: "CargoPants_Green"
 4:01:24.405 [CE][LootRespawner] (PRIDummy) :: Item [35] is hard to place, performance drops: "HatchbackWheel"
 4:01:25.219 [CE][LootRespawner] (PRIDummy) :: Item [36] is hard to place, performance drops: "RadarCap_Green"
 4:02:20.354 [CE][LootRespawner] (PRIDummy) :: Item [37] is hard to place, performance drops: "Ruger1022"
 4:03:16.299 [CE][LootRespawner] (PRIDummy) :: Item [38] is hard to place, performance drops: "WoolCoat_Beige"
 4:03:45.828 [CE][Links] found 0 total links between groups, of 2
 4:03:45.828 [CE][SpawnRandomLoot] (StaticMedDrop) :: Type: Misc_cargo_cont_net1, lootmin: 4, lootmax: 6, wanted: 4, deloot: 2, containermaxsum: 6
 4:05:06.905 [CE][LootRespawner] (PRIDummy) :: Item [39] is hard to place, performance drops: "WeldingMask"
 4:05:07.725 [CE][LootRespawner] (PRIDummy) :: Item [40] is hard to place, performance drops: "HikingJacket_Green"
 4:06:29.668 !!! [CE][Point] Removing 5032.167480, 8197.083984 from land_wrecked_ural_onside
 4:06:29.668 [CE][LootRespawner] (PRIDummy) :: Item [41] is hard to place, performance drops: "JumpsuitPants_Grey"
 4:06:30.183 [CE][LootRespawner] (PRIDummy) :: Item [42] is hard to place, performance drops: "Fabric"
 4:06:57.707 !!! [CE][Point] Removing 5765.984863, 8641.666016 from land_wrecked_ural
 4:06:57.707 [CE][LootRespawner] (PRIDummy) :: Item [43] is hard to place, performance drops: "CombatBoots_Black"
 4:07:25.98 [CE][LootRespawner] (PRIDummy) :: Item [44] is hard to place, performance drops: "MetalPlate"
 4:07:29.209 [CE][Links] found 0 total links between groups, of 3
 4:07:29.209 [CE][SpawnRandomLoot] (StaticMedDrop) :: Type: Misc_cargo_cont_net1, lootmin: 4, lootmax: 6, wanted: 4, deloot: 2, containermaxsum: 6
 4:07:53.688 [CE][LootRespawner] (PRIDummy) :: Item [45] is hard to place, performance drops: "Hoodie_Blue"
 4:07:53.689 [CE][LootRespawner] (PRIDummy) :: Item [46] is hard to place, performance drops: "Hoodie_Blue"
 4:07:54.611 [CE][LootRespawner] (PRIDummy) :: Item [47] is hard to place, performance drops: "HuntingVest"
 4:08:22.189 [CE][LootRespawner] (PRIDummy) :: Item [48] is hard to place, performance drops: "TrackSuitPants_Blue"
 4:08:50.33 [CE][LootRespawner] (PRIDummy) :: Item [49] is hard to place, performance drops: "BomberJacket_Maroon"
 4:09:07.814 [Disconnect]: Start script disconnect 21973851 (dbCharacterId 14 dbPlayerId 14) logoutTime 15
 4:09:16.319 [CE][LootRespawner] (PRIDummy) :: Item [50] is hard to place, performance drops: "BalaclavaMask_Pink"
 4:09:16.319 [CE][LootRespawner] (PRIDummy) :: Item [51] is hard to place, performance drops: "BalaclavaMask_Pink"
 4:09:17.44 [CE][LootRespawner] (PRIDummy) :: Item [52] is hard to place, performance drops: "Hoodie_Green"
 4:09:17.44 [CE][LootRespawner] (PRIDummy) :: Item [53] is hard to place, performance drops: "Hoodie_Green"
 4:09:17.44 [CE][LootRespawner] (PRIDummy) :: Item [54] is hard to place, performance drops: "Hoodie_Green"
 4:09:17.44 [CE][LootRespawner] (PRIDummy) :: Item [55] is hard to place, performance drops: "Hoodie_Green"
 4:09:17.45 [CE][LootRespawner] (PRIDummy) :: Item [56] is hard to place, performance drops: "Hoodie_Green"
 4:09:18.287 [CE][Links] found 0 total links between groups, of 4
 4:09:18.287 [CE][SpawnRandomLoot] (StaticMedDrop) :: Type: Misc_cargo_cont_net1, lootmin: 4, lootmax: 6, wanted: 4, deloot: 2, containermaxsum: 6
 4:09:18.291 [CE][Links] found 0 total links between groups, of 5
 4:09:18.291 [CE][SpawnRandomLoot] (StaticMedDrop) :: Type: Misc_cargo_cont_net1, lootmin: 4, lootmax: 6, wanted: 5, deloot: 2, containermaxsum: 6
 4:09:18.295 [CE][Links] found 0 total links between groups, of 6
 4:09:18.295 [CE][SpawnRandomLoot] (StaticMedDrop) :: Type: Misc_cargo_cont_net1, lootmin: 4, lootmax: 6, wanted: 5, deloot: 2, containermaxsum: 6
 4:09:22.830 [Disconnect]: Finish script disconnect 21973851 (uMdG1fHKsvMp3xLM1uMg9vYXTP8GyBIEhiWCSNnf5ys=)
 4:09:22.831 [Disconnect]: DisconnectPlayerFinish 21973851
 4:09:23.214 [Disconnect]: Remove player info 21973851
 4:09:23.225 [Disconnect]: Player destroy 21973851 
 4:09:44.361 [CE][LootRespawner] (PRIDummy) :: Item [57] is hard to place, performance drops: "Iceaxe"
 4:09:44.772 [CE][LootRespawner] (PRIDummy) :: Item [58] is hard to place, performance drops: "DownJacket_Blue"
 4:10:14.55 [CE][LootRespawner] (PRIDummy) :: Item [0] causing search overtime: "dzn_module_lantia"
 4:10:39.838 [CE][LootRespawner] (PRIDummy) :: Item [59] is hard to place, performance drops: "FryingPan"
 4:10:39.838 [CE][LootRespawner] (PRIDummy) :: Item [60] is hard to place, performance drops: "FryingPan"
 4:10:39.840 [CE][LootRespawner] (PRIDummy) :: Item [61] is hard to place, performance drops: "FryingPan"
 4:10:40.146 [CE][LootRespawner] (PRIDummy) :: Item [62] is hard to place, performance drops: "Sedan_02_Wheel"
 4:10:41.487 [CE][LootRespawner] (PRIDummy) :: Item [1] causing search overtime: "dzn_module_lantia"
 4:10:51.643 [IdleMode] Entering IN - save processed
 4:22:05.399 [Shutdown] Shutting down in 3600 seconds (60 minutes).
 4:24:48.724  --- Termination successfully completed --- 
