=====================================================================
== C:\SERVICES\ni10839481_1_SHARE\ftproot\dayzstandalone\DayZServer_x64.exe
== "C:\SERVICES\ni10839481_1_SHARE\ftproot\dayzstandalone\DayZServer_x64.exe" -ip=85.190.162.236 -port=11200 -cpuCount=4 -limitFPS=100 -config=serverDZ.cfg "-mod=@Namalsk Survival;@Namalsk Island;@Zens Zombie Door Bangers;@Ear-Plugs;@Code Lock" -profiles=C:\SERVICES\ni10839481_1_SHARE\ftproot\dayzstandalone/config -BEPath=C:\SERVICES\ni10839481_1_SHARE\ftproot\dayzstandalone\battleye -noFilePatching -nologs -adminlog -freezecheck
=====================================================================
Exe timestamp: 2025/04/04 00:49:20
Current time:  2025/04/23 12:38:15
Version 1.27.159674
=====================================================================

12:38:15.771 [Inputs] Loading inputs default "bin/constants.xml"
12:38:15.779 [Inputs] Loading inputs default "bin/specific.xml"
12:38:15.781 [Inputs] Loading inputs default "EarPlugs/data/inputs.xml"
12:38:15.783 [Inputs] Loading inputs default "nst/ns_dayz/scripts/Data/Inputs.xml"
12:38:15.784 [Inputs] Loading inputs cfg "C:\SERVICES\ni10839481_1_SHARE\ftproot\dayzstandalone/config\Users\Survivor\Server.core.xml"
12:38:15.796 [Inputs] Exporting inputs cfg "C:\SERVICES\ni10839481_1_SHARE\ftproot\dayzstandalone/config\Users\Survivor\Server.core.xml"
12:38:35.907 Hostname of server: "Aid Station | Namalsk"
12:38:44.495 [CE][Hive] :: Initializing OFFLINE
12:38:44.496 [StorageDirs] :: Selected storage directory: C:\SERVICES\ni10839481_1_SHARE\ftproot\dayzstandalone\mpmissions\regular.namalsk\storage_1\
12:38:44.500 [CE][Hive] :: Loading core data ... 
12:38:44.503 [CE][CoreData] :: 8 root classes, 0 defaults, 0 updaters...
12:38:51.877 [CE] :: WARNING :: Preset map "headsFirefighter" is EMPTY.
12:38:51.879 [CE][TypeSetup] :: 599 classes setuped...
12:38:52.479 [CE][RegisterBind] :: 0 classes binded...
12:38:52.479 [CE][RegisterConfig] :: 5794 config classes registered, 0 sub-counters...
12:38:52.479 [CE][Hive] :: Loading map data ... 
12:38:52.535 [CE][LoadPrototype] :: loaded 256 prototypes
12:38:52.535   404 containers, 7415 points
12:38:52.535   1 dispatches, 1 proxies
12:38:52.535 !!! [CE][LoadPrototype] 1 groups have wrong points...
12:38:52.535 [CE][LoadPrototype] :: last group name: land_frozen_person...
12:38:52.545 [CE][LoadPrototype] :: loaded 0 prototypes
12:38:52.545   38 containers, 66 points
12:38:52.545   0 dispatches, 0 proxies
12:38:52.545 [CE][LoadPrototype] :: last group name: StoneLoc38...
12:38:52.622 [CE][LoadMap] "Group" :: loaded 1445 groups, groups failed: 0, largest group range: 36.4
12:38:52.629 [CE][LoadMap] "Dirt" :: loaded 0 groups, groups failed: 0, largest group range: 36.4
12:38:52.634 [CE][Links] found 472 total links between groups, of 1445
12:38:52.634 [CE][LoadClusters] "Cluster" :: Loading files...
12:38:52.650 [CE][LoadClusters] :: file: "mapgroupcluster.xml", 1 types, 2418 instances
12:38:52.653 [CE][Storage] ver:21 stamp:49014, valid:yes, name:"C:\SERVICES\ni10839481_1_SHARE\ftproot\dayzstandalone\mpmissions\regular.namalsk\storage_1\data\types.bin"
12:38:52.655 [CE][Storage] ver:21 stamp:47216, valid:yes, name:"C:\SERVICES\ni10839481_1_SHARE\ftproot\dayzstandalone\mpmissions\regular.namalsk\storage_1\data\types.001"
12:38:52.657 [CE][Storage] ver:21 stamp:47217, valid:yes, name:"C:\SERVICES\ni10839481_1_SHARE\ftproot\dayzstandalone\mpmissions\regular.namalsk\storage_1\data\types.002"
12:38:52.658 [CE][Storage] Restoring file "C:\SERVICES\ni10839481_1_SHARE\ftproot\dayzstandalone\mpmissions\regular.namalsk\storage_1\data\types.bin".
12:38:52.719 [CE][offlineDB] :: Loaded 23 dynamic events 177 total types.
12:38:52.750 !!! [CE][offlineDB] :: Type 'ChristmasTree' will be ignored. (Not spawnable. (Scope is not public?))
12:38:52.779 [CE][DE][SPAWNS] :: Total positions: 711
12:38:52.779 [CE][DE][GROUPS] :: Total eventgroups defined: 0, Eventgroups in use: 0
12:38:52.781 [CE][Storage] ver:25 stamp:49014, valid:yes, name:"C:\SERVICES\ni10839481_1_SHARE\ftproot\dayzstandalone\mpmissions\regular.namalsk\storage_1\data\events.bin"
12:38:52.783 [CE][Storage] ver:25 stamp:47216, valid:yes, name:"C:\SERVICES\ni10839481_1_SHARE\ftproot\dayzstandalone\mpmissions\regular.namalsk\storage_1\data\events.001"
12:38:52.784 [CE][Storage] ver:25 stamp:47217, valid:yes, name:"C:\SERVICES\ni10839481_1_SHARE\ftproot\dayzstandalone\mpmissions\regular.namalsk\storage_1\data\events.002"
12:38:52.784 [CE][Storage] Restoring file "C:\SERVICES\ni10839481_1_SHARE\ftproot\dayzstandalone\mpmissions\regular.namalsk\storage_1\data\events.bin".
12:38:52.784 [CE][DynamicEvent] Load  Events:[23] Primary spawners: 23 Secondary spawners: 0
12:38:52.787 [CE][Storage] ver:25 stamp:49014, valid:yes, name:"C:\SERVICES\ni10839481_1_SHARE\ftproot\dayzstandalone\mpmissions\regular.namalsk\storage_1\data\dynamic_000.bin"
12:38:52.788 [CE][Storage] ver:25 stamp:47216, valid:yes, name:"C:\SERVICES\ni10839481_1_SHARE\ftproot\dayzstandalone\mpmissions\regular.namalsk\storage_1\data\dynamic_000.001"
12:38:52.790 [CE][Storage] ver:25 stamp:47217, valid:yes, name:"C:\SERVICES\ni10839481_1_SHARE\ftproot\dayzstandalone\mpmissions\regular.namalsk\storage_1\data\dynamic_000.002"
12:38:52.790 [CE][Storage] Restoring file "C:\SERVICES\ni10839481_1_SHARE\ftproot\dayzstandalone\mpmissions\regular.namalsk\storage_1\data\dynamic_000.bin" 1 items.
12:38:52.791   1 items loaded. (0 failed)
12:38:52.793 [CE][Storage] ver:25 stamp:49014, valid:yes, name:"C:\SERVICES\ni10839481_1_SHARE\ftproot\dayzstandalone\mpmissions\regular.namalsk\storage_1\data\dynamic_001.bin"
12:38:52.795 [CE][Storage] ver:25 stamp:47216, valid:yes, name:"C:\SERVICES\ni10839481_1_SHARE\ftproot\dayzstandalone\mpmissions\regular.namalsk\storage_1\data\dynamic_001.001"
12:38:52.797 [CE][Storage] ver:25 stamp:47217, valid:yes, name:"C:\SERVICES\ni10839481_1_SHARE\ftproot\dayzstandalone\mpmissions\regular.namalsk\storage_1\data\dynamic_001.002"
12:38:52.797 [CE][Storage] Restoring file "C:\SERVICES\ni10839481_1_SHARE\ftproot\dayzstandalone\mpmissions\regular.namalsk\storage_1\data\dynamic_001.bin" 27 items.
12:38:52.859   27 items loaded. (0 failed)
12:38:52.861 [CE][Storage] ver:25 stamp:49014, valid:yes, name:"C:\SERVICES\ni10839481_1_SHARE\ftproot\dayzstandalone\mpmissions\regular.namalsk\storage_1\data\dynamic_002.bin"
12:38:52.863 [CE][Storage] ver:25 stamp:47216, valid:yes, name:"C:\SERVICES\ni10839481_1_SHARE\ftproot\dayzstandalone\mpmissions\regular.namalsk\storage_1\data\dynamic_002.001"
12:38:52.864 [CE][Storage] ver:25 stamp:47217, valid:yes, name:"C:\SERVICES\ni10839481_1_SHARE\ftproot\dayzstandalone\mpmissions\regular.namalsk\storage_1\data\dynamic_002.002"
12:38:52.865 [CE][Storage] Restoring file "C:\SERVICES\ni10839481_1_SHARE\ftproot\dayzstandalone\mpmissions\regular.namalsk\storage_1\data\dynamic_002.bin" 61 items.
12:38:52.975   61 items loaded. (0 failed)
12:38:52.977 [CE][Storage] ver:25 stamp:49014, valid:yes, name:"C:\SERVICES\ni10839481_1_SHARE\ftproot\dayzstandalone\mpmissions\regular.namalsk\storage_1\data\dynamic_003.bin"
12:38:52.979 [CE][Storage] ver:25 stamp:47216, valid:yes, name:"C:\SERVICES\ni10839481_1_SHARE\ftproot\dayzstandalone\mpmissions\regular.namalsk\storage_1\data\dynamic_003.001"
12:38:52.982 [CE][Storage] ver:25 stamp:47217, valid:yes, name:"C:\SERVICES\ni10839481_1_SHARE\ftproot\dayzstandalone\mpmissions\regular.namalsk\storage_1\data\dynamic_003.002"
12:38:52.982 [CE][Storage] Restoring file "C:\SERVICES\ni10839481_1_SHARE\ftproot\dayzstandalone\mpmissions\regular.namalsk\storage_1\data\dynamic_003.bin" 726 items.
12:38:53.703   726 items loaded. (0 failed)
12:38:53.705 [CE][Storage] ver:25 stamp:49014, valid:yes, name:"C:\SERVICES\ni10839481_1_SHARE\ftproot\dayzstandalone\mpmissions\regular.namalsk\storage_1\data\dynamic_004.bin"
12:38:53.708 [CE][Storage] ver:25 stamp:47216, valid:yes, name:"C:\SERVICES\ni10839481_1_SHARE\ftproot\dayzstandalone\mpmissions\regular.namalsk\storage_1\data\dynamic_004.001"
12:38:53.710 [CE][Storage] ver:25 stamp:47217, valid:yes, name:"C:\SERVICES\ni10839481_1_SHARE\ftproot\dayzstandalone\mpmissions\regular.namalsk\storage_1\data\dynamic_004.002"
12:38:53.710 [CE][Storage] Restoring file "C:\SERVICES\ni10839481_1_SHARE\ftproot\dayzstandalone\mpmissions\regular.namalsk\storage_1\data\dynamic_004.bin" 1644 items.
12:38:54.762   1644 items loaded. (0 failed)
12:38:54.765 [CE][Storage] ver:25 stamp:49014, valid:yes, name:"C:\SERVICES\ni10839481_1_SHARE\ftproot\dayzstandalone\mpmissions\regular.namalsk\storage_1\data\dynamic_005.bin"
12:38:54.767 [CE][Storage] ver:25 stamp:47216, valid:yes, name:"C:\SERVICES\ni10839481_1_SHARE\ftproot\dayzstandalone\mpmissions\regular.namalsk\storage_1\data\dynamic_005.001"
12:38:54.769 [CE][Storage] ver:25 stamp:47217, valid:yes, name:"C:\SERVICES\ni10839481_1_SHARE\ftproot\dayzstandalone\mpmissions\regular.namalsk\storage_1\data\dynamic_005.002"
12:38:54.769 [CE][Storage] Restoring file "C:\SERVICES\ni10839481_1_SHARE\ftproot\dayzstandalone\mpmissions\regular.namalsk\storage_1\data\dynamic_005.bin" 748 items.
12:38:56.201   748 items loaded. (0 failed)
12:38:56.203 [CE][Storage] ver:25 stamp:49014, valid:yes, name:"C:\SERVICES\ni10839481_1_SHARE\ftproot\dayzstandalone\mpmissions\regular.namalsk\storage_1\data\dynamic_006.bin"
12:38:56.205 [CE][Storage] ver:25 stamp:47216, valid:yes, name:"C:\SERVICES\ni10839481_1_SHARE\ftproot\dayzstandalone\mpmissions\regular.namalsk\storage_1\data\dynamic_006.001"
12:38:56.207 [CE][Storage] ver:25 stamp:47217, valid:yes, name:"C:\SERVICES\ni10839481_1_SHARE\ftproot\dayzstandalone\mpmissions\regular.namalsk\storage_1\data\dynamic_006.002"
12:38:56.207 [CE][Storage] Restoring file "C:\SERVICES\ni10839481_1_SHARE\ftproot\dayzstandalone\mpmissions\regular.namalsk\storage_1\data\dynamic_006.bin" 1690 items.
12:38:56.976   1690 items loaded. (0 failed)
12:38:56.978 [CE][Storage] ver:25 stamp:49014, valid:yes, name:"C:\SERVICES\ni10839481_1_SHARE\ftproot\dayzstandalone\mpmissions\regular.namalsk\storage_1\data\dynamic_007.bin"
12:38:56.980 [CE][Storage] ver:25 stamp:47216, valid:yes, name:"C:\SERVICES\ni10839481_1_SHARE\ftproot\dayzstandalone\mpmissions\regular.namalsk\storage_1\data\dynamic_007.001"
12:38:56.982 [CE][Storage] ver:25 stamp:47217, valid:yes, name:"C:\SERVICES\ni10839481_1_SHARE\ftproot\dayzstandalone\mpmissions\regular.namalsk\storage_1\data\dynamic_007.002"
12:38:56.982 [CE][Storage] Restoring file "C:\SERVICES\ni10839481_1_SHARE\ftproot\dayzstandalone\mpmissions\regular.namalsk\storage_1\data\dynamic_007.bin" 583 items.
12:38:57.236   583 items loaded. (0 failed)
12:38:57.238 [CE][Storage] ver:25 stamp:49014, valid:yes, name:"C:\SERVICES\ni10839481_1_SHARE\ftproot\dayzstandalone\mpmissions\regular.namalsk\storage_1\data\dynamic_008.bin"
12:38:57.240 [CE][Storage] ver:25 stamp:47216, valid:yes, name:"C:\SERVICES\ni10839481_1_SHARE\ftproot\dayzstandalone\mpmissions\regular.namalsk\storage_1\data\dynamic_008.001"
12:38:57.241 [CE][Storage] ver:25 stamp:47217, valid:yes, name:"C:\SERVICES\ni10839481_1_SHARE\ftproot\dayzstandalone\mpmissions\regular.namalsk\storage_1\data\dynamic_008.002"
12:38:57.242 [CE][Storage] Restoring file "C:\SERVICES\ni10839481_1_SHARE\ftproot\dayzstandalone\mpmissions\regular.namalsk\storage_1\data\dynamic_008.bin" 124 items.
12:38:57.299   124 items loaded. (0 failed)
12:38:57.300 [CE][Storage] ver:25 stamp:49014, valid:yes, name:"C:\SERVICES\ni10839481_1_SHARE\ftproot\dayzstandalone\mpmissions\regular.namalsk\storage_1\data\dynamic_009.bin"
12:38:57.301 [CE][Storage] ver:25 stamp:47216, valid:yes, name:"C:\SERVICES\ni10839481_1_SHARE\ftproot\dayzstandalone\mpmissions\regular.namalsk\storage_1\data\dynamic_009.001"
12:38:57.303 [CE][Storage] ver:25 stamp:47217, valid:yes, name:"C:\SERVICES\ni10839481_1_SHARE\ftproot\dayzstandalone\mpmissions\regular.namalsk\storage_1\data\dynamic_009.002"
12:38:57.303 [CE][Storage] Restoring file "C:\SERVICES\ni10839481_1_SHARE\ftproot\dayzstandalone\mpmissions\regular.namalsk\storage_1\data\dynamic_009.bin" 0 items.
12:38:57.303   0 items loaded. (0 failed)
12:38:57.304 [CE][Storage] ver:25 stamp:49014, valid:yes, name:"C:\SERVICES\ni10839481_1_SHARE\ftproot\dayzstandalone\mpmissions\regular.namalsk\storage_1\data\dynamic_010.bin"
12:38:57.306 [CE][Storage] ver:25 stamp:47216, valid:yes, name:"C:\SERVICES\ni10839481_1_SHARE\ftproot\dayzstandalone\mpmissions\regular.namalsk\storage_1\data\dynamic_010.001"
12:38:57.307 [CE][Storage] ver:25 stamp:47217, valid:yes, name:"C:\SERVICES\ni10839481_1_SHARE\ftproot\dayzstandalone\mpmissions\regular.namalsk\storage_1\data\dynamic_010.002"
12:38:57.307 [CE][Storage] Restoring file "C:\SERVICES\ni10839481_1_SHARE\ftproot\dayzstandalone\mpmissions\regular.namalsk\storage_1\data\dynamic_010.bin" 35 items.
12:38:57.331   35 items loaded. (0 failed)
12:38:57.332 [CE][Storage] ver:25 stamp:49014, valid:yes, name:"C:\SERVICES\ni10839481_1_SHARE\ftproot\dayzstandalone\mpmissions\regular.namalsk\storage_1\data\dynamic_011.bin"
12:38:57.334 [CE][Storage] ver:25 stamp:47216, valid:yes, name:"C:\SERVICES\ni10839481_1_SHARE\ftproot\dayzstandalone\mpmissions\regular.namalsk\storage_1\data\dynamic_011.001"
12:38:57.335 [CE][Storage] ver:25 stamp:47217, valid:yes, name:"C:\SERVICES\ni10839481_1_SHARE\ftproot\dayzstandalone\mpmissions\regular.namalsk\storage_1\data\dynamic_011.002"
12:38:57.336 [CE][Storage] Restoring file "C:\SERVICES\ni10839481_1_SHARE\ftproot\dayzstandalone\mpmissions\regular.namalsk\storage_1\data\dynamic_011.bin" 41 items.
12:38:57.358   41 items loaded. (0 failed)
12:38:57.360 [CE][Storage] ver:26 stamp:49014, valid:yes, name:"C:\SERVICES\ni10839481_1_SHARE\ftproot\dayzstandalone\mpmissions\regular.namalsk\storage_1\data\building.bin"
12:38:57.361 [CE][Storage] ver:26 stamp:47216, valid:yes, name:"C:\SERVICES\ni10839481_1_SHARE\ftproot\dayzstandalone\mpmissions\regular.namalsk\storage_1\data\building.001"
12:38:57.362 [CE][Storage] ver:26 stamp:47217, valid:yes, name:"C:\SERVICES\ni10839481_1_SHARE\ftproot\dayzstandalone\mpmissions\regular.namalsk\storage_1\data\building.002"
12:38:57.362 [CE][Storage] Restoring file "C:\SERVICES\ni10839481_1_SHARE\ftproot\dayzstandalone\mpmissions\regular.namalsk\storage_1\data\building.bin" 0 items.
12:38:57.362   0 items loaded. (0 failed)
12:38:57.364 [CE][Storage] ver:25 stamp:49014, valid:yes, name:"C:\SERVICES\ni10839481_1_SHARE\ftproot\dayzstandalone\mpmissions\regular.namalsk\storage_1\data\vehicles.bin"
12:38:57.366 [CE][Storage] ver:25 stamp:47216, valid:yes, name:"C:\SERVICES\ni10839481_1_SHARE\ftproot\dayzstandalone\mpmissions\regular.namalsk\storage_1\data\vehicles.001"
12:38:57.368 [CE][Storage] ver:25 stamp:47217, valid:yes, name:"C:\SERVICES\ni10839481_1_SHARE\ftproot\dayzstandalone\mpmissions\regular.namalsk\storage_1\data\vehicles.002"
12:38:57.368 [CE][Storage] Restoring file "C:\SERVICES\ni10839481_1_SHARE\ftproot\dayzstandalone\mpmissions\regular.namalsk\storage_1\data\vehicles.bin" 54 items.
12:38:57.551   54 items loaded. (0 failed)
12:38:57.568 [CE][Hive] :: Storage load took:4.78 seconds, recovery stamp:49014
12:38:57.568   entity: 8346, building: 0
12:38:57.568   no lifetime: 8
12:38:57.568   pathgraph's: 317
12:38:57.571 [CE][Hive] :: Initializing ... 
12:38:57.599 [CE][InitializeMap] :: initialized: 0
12:38:57.599 [CE][Hive] :: Initializing spawners ... 
12:38:57.600 [CE][LootRespawner] (PRIDummy) :: Initially (re)spawned:0, Nominal:6458, Total in Map: 5777 at 0 (sec)
12:38:57.600   tests:0, repeats:0 fails:0, overtime:0
12:39:00.219 [CE][DynEvent] :: 23 types
12:39:00.219 [00] Loot
12:39:00.219   Primary Spawner: "Loot", active: yes, repeat: 2
12:39:00.219 [01] StaticMedDrop
12:39:00.219   Primary Spawner: "Static", active: yes, repeat: 1
12:39:00.219 [02] StaticLifeboat
12:39:00.219   Primary Spawner: "Static", active: yes, repeat: 1
12:39:00.219 [03] ItemWoodenPlanks
12:39:00.219   Primary Spawner: "Item", active: yes, repeat: 1
12:39:00.219 [04] TrajectoryStones
12:39:00.219   Primary Spawner: "Trajectory", active: yes, repeat: 1
12:39:00.219 [05] InfectedSanta
12:39:00.219   Primary Spawner: "Infected", active: yes, repeat: 1
12:39:00.219 [06] InfectedArmy
12:39:00.219   Primary Spawner: "Infected", active: yes, repeat: 1
12:39:00.219 [07] InfectedIndustrial
12:39:00.219   Primary Spawner: "Infected", active: yes, repeat: 1
12:39:00.219 [08] InfectedCivil
12:39:00.219   Primary Spawner: "Infected", active: yes, repeat: 1
12:39:00.219 [09] InfectedMedic
12:39:00.219   Primary Spawner: "Infected", active: yes, repeat: 1
12:39:00.219 [10] AnimalGoat
12:39:00.219   Primary Spawner: "Animal", active: yes, repeat: 1
12:39:00.219 [11] AnimalSheep
12:39:00.219   Primary Spawner: "Animal", active: yes, repeat: 1
12:39:00.219 [12] AnimalReindeer
12:39:00.219   Primary Spawner: "Animal", active: yes, repeat: 1
12:39:00.219 [13] AnimalWildBoar
12:39:00.219   Primary Spawner: "Animal", active: yes, repeat: 1
12:39:00.219 [14] AnimalWolf
12:39:00.219   Primary Spawner: "Animal", active: yes, repeat: 1
12:39:00.219 [15] AnimalBrownBear
12:39:00.219   Primary Spawner: "Animal", active: yes, repeat: 1
12:39:00.219 [16] AnimalPolarBear
12:39:00.219   Primary Spawner: "Animal", active: yes, repeat: 1
12:39:00.219 [17] AmbientFox
12:39:00.219   Primary Spawner: "Ambient", active: yes, repeat: 1
12:39:00.219 [18] AmbientHare
12:39:00.219   Primary Spawner: "Ambient", active: yes, repeat: 1
12:39:00.219 [19] VehicleRubberBoats
12:39:00.219   Primary Spawner: "Vehicle", active: yes, repeat: 1
12:39:00.219 [20] VehicleCivilianCars
12:39:00.219   Primary Spawner: "Vehicle", active: yes, repeat: 1
12:39:00.219 [21] VehicleTrucks
12:39:00.219   Primary Spawner: "Vehicle", active: yes, repeat: 1
12:39:00.219 [22] VehicleMilitary
12:39:00.219   Primary Spawner: "Vehicle", active: yes, repeat: 1
12:39:00.219 [CE][Hive] :: Initializing of spawners done.
12:39:00.224 [CE][Hive] :: Init sequence finished.
12:39:00.224 Player connect enabled
12:39:00.588 [IdleMode] Entering IN - save processed
19:18:50.877 [Shutdown] Shutting down in 5400 seconds (90 minutes).
19:49:44.838 [Shutdown] Shutting down in 3600 seconds (60 minutes).
20:05:11.907 [Shutdown] Shutting down in 2700 seconds (45 minutes).
20:20:39.157 [Shutdown] Shutting down in 1800 seconds (30 minutes).
20:30:56.902 [Shutdown] Shutting down in 1200 seconds (20 minutes).
20:36:03.500 [Shutdown] Shutting down in 900 seconds (15 minutes).
20:41:10.00 [Shutdown] Shutting down in 600 seconds (10 minutes).
20:46:16.696 [Shutdown] Shutting down in 300 seconds (5 minutes).
20:47:17.995 [Shutdown] Shutting down in 240 seconds (4 minutes).
20:48:19.251 [Shutdown] Shutting down in 180 seconds (3 minutes).
20:49:20.599 [Shutdown] Shutting down in 120 seconds (2 minutes).
20:50:21.840 [Shutdown] Shutting down in 60 seconds (1 minutes).
20:50:21.937 [Shutdown] Saving players, locking server and kicking all players.
20:51:23.54 [Server] :: termination in: 5
20:51:24.54 [Server] :: termination in: 4
20:51:25.55 [Server] :: termination in: 3
20:51:26.55 [Server] :: termination in: 2
20:51:27.55 [Server] :: termination in: 1
20:51:32.798  --- Termination successfully completed --- 
