=====================================================================
== C:\SERVICES\ni10839481_1_SHARE\ftproot\dayzstandalone\DayZServer_x64.exe
== "C:\SERVICES\ni10839481_1_SHARE\ftproot\dayzstandalone\DayZServer_x64.exe" -ip=85.190.162.236 -port=11200 -cpuCount=4 -limitFPS=100 -config=serverDZ.cfg "-mod=@Namalsk Survival;@Namalsk Island;@Zens Zombie Door Bangers;@Ear-Plugs;@Code Lock" -profiles=C:\SERVICES\ni10839481_1_SHARE\ftproot\dayzstandalone/config -BEPath=C:\SERVICES\ni10839481_1_SHARE\ftproot\dayzstandalone\battleye -noFilePatching -nologs -adminlog -freezecheck
=====================================================================
Exe timestamp: 2025/04/04 00:49:20
Current time:  2025/05/23 12:44:35
Version 1.27.159674
=====================================================================

12:44:35.645 [Inputs] Loading inputs default "bin/constants.xml"
12:44:35.655 [Inputs] Loading inputs default "bin/specific.xml"
12:44:35.658 [Inputs] Loading inputs default "EarPlugs/data/inputs.xml"
12:44:35.660 [Inputs] Loading inputs default "nst/ns_dayz/scripts/Data/Inputs.xml"
12:44:35.663 [Inputs] Loading inputs cfg "C:\SERVICES\ni10839481_1_SHARE\ftproot\dayzstandalone/config\Users\Survivor\Server.core.xml"
12:44:35.678 [Inputs] Exporting inputs cfg "C:\SERVICES\ni10839481_1_SHARE\ftproot\dayzstandalone/config\Users\Survivor\Server.core.xml"
12:44:58.516 Hostname of server: "Aid Station | Namalsk | PVE"
12:45:15.50 [CE][Hive] :: Initializing OFFLINE
12:45:15.51 [StorageDirs] :: Selected storage directory: C:\SERVICES\ni10839481_1_SHARE\ftproot\dayzstandalone\mpmissions\regular.namalsk\storage_1\
12:45:15.56 [CE][Hive] :: Loading core data ... 
12:45:15.60 [CE][CoreData] :: 8 root classes, 0 defaults, 0 updaters...
12:45:22.704 [CE] :: WARNING :: Preset map "headsFirefighter" is EMPTY.
12:45:22.706 [CE][TypeSetup] :: 599 classes setuped...
12:45:23.313 [CE][RegisterBind] :: 0 classes binded...
12:45:23.314 [CE][RegisterConfig] :: 5794 config classes registered, 0 sub-counters...
12:45:23.314 [CE][Hive] :: Loading map data ... 
12:45:23.372 [CE][LoadPrototype] :: loaded 256 prototypes
12:45:23.372   404 containers, 7415 points
12:45:23.372   1 dispatches, 1 proxies
12:45:23.372 !!! [CE][LoadPrototype] 1 groups have wrong points...
12:45:23.372 [CE][LoadPrototype] :: last group name: land_frozen_person...
12:45:23.380 [CE][LoadPrototype] :: loaded 0 prototypes
12:45:23.380   38 containers, 66 points
12:45:23.380   0 dispatches, 0 proxies
12:45:23.380 [CE][LoadPrototype] :: last group name: StoneLoc38...
12:45:23.473 [CE][LoadMap] "Group" :: loaded 1445 groups, groups failed: 0, largest group range: 36.4
12:45:23.479 [CE][LoadMap] "Dirt" :: loaded 0 groups, groups failed: 0, largest group range: 36.4
12:45:23.484 [CE][Links] found 472 total links between groups, of 1445
12:45:23.484 [CE][LoadClusters] "Cluster" :: Loading files...
12:45:23.499 [CE][LoadClusters] :: file: "mapgroupcluster.xml", 1 types, 2418 instances
12:45:23.502 [CE][Storage] ver:21 stamp:113252, valid:yes, name:"C:\SERVICES\ni10839481_1_SHARE\ftproot\dayzstandalone\mpmissions\regular.namalsk\storage_1\data\types.bin"
12:45:23.505 [CE][Storage] ver:21 stamp:113120, valid:yes, name:"C:\SERVICES\ni10839481_1_SHARE\ftproot\dayzstandalone\mpmissions\regular.namalsk\storage_1\data\types.001"
12:45:23.507 [CE][Storage] ver:21 stamp:113121, valid:yes, name:"C:\SERVICES\ni10839481_1_SHARE\ftproot\dayzstandalone\mpmissions\regular.namalsk\storage_1\data\types.002"
12:45:23.507 [CE][Storage] Restoring file "C:\SERVICES\ni10839481_1_SHARE\ftproot\dayzstandalone\mpmissions\regular.namalsk\storage_1\data\types.bin".
12:45:23.562 [CE][offlineDB] :: Loaded 23 dynamic events 177 total types.
12:45:23.594 !!! [CE][offlineDB] :: Type 'ChristmasTree' will be ignored. (Not spawnable. (Scope is not public?))
12:45:23.618 [CE][DE][SPAWNS] :: Total positions: 711
12:45:23.618 [CE][DE][GROUPS] :: Total eventgroups defined: 0, Eventgroups in use: 0
12:45:23.620 [CE][Storage] ver:25 stamp:113252, valid:yes, name:"C:\SERVICES\ni10839481_1_SHARE\ftproot\dayzstandalone\mpmissions\regular.namalsk\storage_1\data\events.bin"
12:45:23.621 [CE][Storage] ver:25 stamp:113120, valid:yes, name:"C:\SERVICES\ni10839481_1_SHARE\ftproot\dayzstandalone\mpmissions\regular.namalsk\storage_1\data\events.001"
12:45:23.623 [CE][Storage] ver:25 stamp:113121, valid:yes, name:"C:\SERVICES\ni10839481_1_SHARE\ftproot\dayzstandalone\mpmissions\regular.namalsk\storage_1\data\events.002"
12:45:23.623 [CE][Storage] Restoring file "C:\SERVICES\ni10839481_1_SHARE\ftproot\dayzstandalone\mpmissions\regular.namalsk\storage_1\data\events.bin".
12:45:23.623 [CE][DynamicEvent] Load  Events:[23] Primary spawners: 23 Secondary spawners: 0
12:45:23.625 [CE][Storage] ver:25 stamp:113252, valid:yes, name:"C:\SERVICES\ni10839481_1_SHARE\ftproot\dayzstandalone\mpmissions\regular.namalsk\storage_1\data\dynamic_000.bin"
12:45:23.626 [CE][Storage] ver:25 stamp:113120, valid:yes, name:"C:\SERVICES\ni10839481_1_SHARE\ftproot\dayzstandalone\mpmissions\regular.namalsk\storage_1\data\dynamic_000.001"
12:45:23.628 [CE][Storage] ver:25 stamp:113121, valid:yes, name:"C:\SERVICES\ni10839481_1_SHARE\ftproot\dayzstandalone\mpmissions\regular.namalsk\storage_1\data\dynamic_000.002"
12:45:23.628 [CE][Storage] Restoring file "C:\SERVICES\ni10839481_1_SHARE\ftproot\dayzstandalone\mpmissions\regular.namalsk\storage_1\data\dynamic_000.bin" 0 items.
12:45:23.629   0 items loaded. (0 failed)
12:45:23.630 [CE][Storage] ver:25 stamp:113252, valid:yes, name:"C:\SERVICES\ni10839481_1_SHARE\ftproot\dayzstandalone\mpmissions\regular.namalsk\storage_1\data\dynamic_001.bin"
12:45:23.632 [CE][Storage] ver:25 stamp:113120, valid:yes, name:"C:\SERVICES\ni10839481_1_SHARE\ftproot\dayzstandalone\mpmissions\regular.namalsk\storage_1\data\dynamic_001.001"
12:45:23.634 [CE][Storage] ver:25 stamp:113121, valid:yes, name:"C:\SERVICES\ni10839481_1_SHARE\ftproot\dayzstandalone\mpmissions\regular.namalsk\storage_1\data\dynamic_001.002"
12:45:23.634 [CE][Storage] Restoring file "C:\SERVICES\ni10839481_1_SHARE\ftproot\dayzstandalone\mpmissions\regular.namalsk\storage_1\data\dynamic_001.bin" 30 items.
12:45:23.725   30 items loaded. (0 failed)
12:45:23.727 [CE][Storage] ver:25 stamp:113252, valid:yes, name:"C:\SERVICES\ni10839481_1_SHARE\ftproot\dayzstandalone\mpmissions\regular.namalsk\storage_1\data\dynamic_002.bin"
12:45:23.729 [CE][Storage] ver:25 stamp:113120, valid:yes, name:"C:\SERVICES\ni10839481_1_SHARE\ftproot\dayzstandalone\mpmissions\regular.namalsk\storage_1\data\dynamic_002.001"
12:45:23.730 [CE][Storage] ver:25 stamp:113121, valid:yes, name:"C:\SERVICES\ni10839481_1_SHARE\ftproot\dayzstandalone\mpmissions\regular.namalsk\storage_1\data\dynamic_002.002"
12:45:23.730 [CE][Storage] Restoring file "C:\SERVICES\ni10839481_1_SHARE\ftproot\dayzstandalone\mpmissions\regular.namalsk\storage_1\data\dynamic_002.bin" 68 items.
12:45:23.874   68 items loaded. (0 failed)
12:45:23.876 [CE][Storage] ver:25 stamp:113252, valid:yes, name:"C:\SERVICES\ni10839481_1_SHARE\ftproot\dayzstandalone\mpmissions\regular.namalsk\storage_1\data\dynamic_003.bin"
12:45:23.879 [CE][Storage] ver:25 stamp:113120, valid:yes, name:"C:\SERVICES\ni10839481_1_SHARE\ftproot\dayzstandalone\mpmissions\regular.namalsk\storage_1\data\dynamic_003.001"
12:45:23.881 [CE][Storage] ver:25 stamp:113121, valid:yes, name:"C:\SERVICES\ni10839481_1_SHARE\ftproot\dayzstandalone\mpmissions\regular.namalsk\storage_1\data\dynamic_003.002"
12:45:23.881 [CE][Storage] Restoring file "C:\SERVICES\ni10839481_1_SHARE\ftproot\dayzstandalone\mpmissions\regular.namalsk\storage_1\data\dynamic_003.bin" 753 items.
12:45:24.561   753 items loaded. (0 failed)
12:45:24.562 [CE][Storage] ver:25 stamp:113252, valid:yes, name:"C:\SERVICES\ni10839481_1_SHARE\ftproot\dayzstandalone\mpmissions\regular.namalsk\storage_1\data\dynamic_004.bin"
12:45:24.565 [CE][Storage] ver:25 stamp:113120, valid:yes, name:"C:\SERVICES\ni10839481_1_SHARE\ftproot\dayzstandalone\mpmissions\regular.namalsk\storage_1\data\dynamic_004.001"
12:45:24.567 [CE][Storage] ver:25 stamp:113121, valid:yes, name:"C:\SERVICES\ni10839481_1_SHARE\ftproot\dayzstandalone\mpmissions\regular.namalsk\storage_1\data\dynamic_004.002"
12:45:24.567 [CE][Storage] Restoring file "C:\SERVICES\ni10839481_1_SHARE\ftproot\dayzstandalone\mpmissions\regular.namalsk\storage_1\data\dynamic_004.bin" 1570 items.
12:45:25.646   1570 items loaded. (0 failed)
12:45:25.649 [CE][Storage] ver:25 stamp:113252, valid:yes, name:"C:\SERVICES\ni10839481_1_SHARE\ftproot\dayzstandalone\mpmissions\regular.namalsk\storage_1\data\dynamic_005.bin"
12:45:25.651 [CE][Storage] ver:25 stamp:113120, valid:yes, name:"C:\SERVICES\ni10839481_1_SHARE\ftproot\dayzstandalone\mpmissions\regular.namalsk\storage_1\data\dynamic_005.001"
12:45:25.654 [CE][Storage] ver:25 stamp:113121, valid:yes, name:"C:\SERVICES\ni10839481_1_SHARE\ftproot\dayzstandalone\mpmissions\regular.namalsk\storage_1\data\dynamic_005.002"
12:45:25.654 [CE][Storage] Restoring file "C:\SERVICES\ni10839481_1_SHARE\ftproot\dayzstandalone\mpmissions\regular.namalsk\storage_1\data\dynamic_005.bin" 822 items.
12:45:28.171   822 items loaded. (0 failed)
12:45:28.174 [CE][Storage] ver:25 stamp:113252, valid:yes, name:"C:\SERVICES\ni10839481_1_SHARE\ftproot\dayzstandalone\mpmissions\regular.namalsk\storage_1\data\dynamic_006.bin"
12:45:28.176 [CE][Storage] ver:25 stamp:113120, valid:yes, name:"C:\SERVICES\ni10839481_1_SHARE\ftproot\dayzstandalone\mpmissions\regular.namalsk\storage_1\data\dynamic_006.001"
12:45:28.179 [CE][Storage] ver:25 stamp:113121, valid:yes, name:"C:\SERVICES\ni10839481_1_SHARE\ftproot\dayzstandalone\mpmissions\regular.namalsk\storage_1\data\dynamic_006.002"
12:45:28.179 [CE][Storage] Restoring file "C:\SERVICES\ni10839481_1_SHARE\ftproot\dayzstandalone\mpmissions\regular.namalsk\storage_1\data\dynamic_006.bin" 1713 items.
12:45:29.66   1713 items loaded. (0 failed)
12:45:29.68 [CE][Storage] ver:25 stamp:113252, valid:yes, name:"C:\SERVICES\ni10839481_1_SHARE\ftproot\dayzstandalone\mpmissions\regular.namalsk\storage_1\data\dynamic_007.bin"
12:45:29.70 [CE][Storage] ver:25 stamp:113120, valid:yes, name:"C:\SERVICES\ni10839481_1_SHARE\ftproot\dayzstandalone\mpmissions\regular.namalsk\storage_1\data\dynamic_007.001"
12:45:29.72 [CE][Storage] ver:25 stamp:113121, valid:yes, name:"C:\SERVICES\ni10839481_1_SHARE\ftproot\dayzstandalone\mpmissions\regular.namalsk\storage_1\data\dynamic_007.002"
12:45:29.72 [CE][Storage] Restoring file "C:\SERVICES\ni10839481_1_SHARE\ftproot\dayzstandalone\mpmissions\regular.namalsk\storage_1\data\dynamic_007.bin" 596 items.
12:45:29.345   596 items loaded. (0 failed)
12:45:29.347 [CE][Storage] ver:25 stamp:113252, valid:yes, name:"C:\SERVICES\ni10839481_1_SHARE\ftproot\dayzstandalone\mpmissions\regular.namalsk\storage_1\data\dynamic_008.bin"
12:45:29.349 [CE][Storage] ver:25 stamp:113120, valid:yes, name:"C:\SERVICES\ni10839481_1_SHARE\ftproot\dayzstandalone\mpmissions\regular.namalsk\storage_1\data\dynamic_008.001"
12:45:29.351 [CE][Storage] ver:25 stamp:113121, valid:yes, name:"C:\SERVICES\ni10839481_1_SHARE\ftproot\dayzstandalone\mpmissions\regular.namalsk\storage_1\data\dynamic_008.002"
12:45:29.351 [CE][Storage] Restoring file "C:\SERVICES\ni10839481_1_SHARE\ftproot\dayzstandalone\mpmissions\regular.namalsk\storage_1\data\dynamic_008.bin" 126 items.
12:45:29.411   126 items loaded. (0 failed)
12:45:29.413 [CE][Storage] ver:25 stamp:113252, valid:yes, name:"C:\SERVICES\ni10839481_1_SHARE\ftproot\dayzstandalone\mpmissions\regular.namalsk\storage_1\data\dynamic_009.bin"
12:45:29.415 [CE][Storage] ver:25 stamp:113120, valid:yes, name:"C:\SERVICES\ni10839481_1_SHARE\ftproot\dayzstandalone\mpmissions\regular.namalsk\storage_1\data\dynamic_009.001"
12:45:29.416 [CE][Storage] ver:25 stamp:113121, valid:yes, name:"C:\SERVICES\ni10839481_1_SHARE\ftproot\dayzstandalone\mpmissions\regular.namalsk\storage_1\data\dynamic_009.002"
12:45:29.416 [CE][Storage] Restoring file "C:\SERVICES\ni10839481_1_SHARE\ftproot\dayzstandalone\mpmissions\regular.namalsk\storage_1\data\dynamic_009.bin" 0 items.
12:45:29.416   0 items loaded. (0 failed)
12:45:29.418 [CE][Storage] ver:25 stamp:113252, valid:yes, name:"C:\SERVICES\ni10839481_1_SHARE\ftproot\dayzstandalone\mpmissions\regular.namalsk\storage_1\data\dynamic_010.bin"
12:45:29.419 [CE][Storage] ver:25 stamp:113120, valid:yes, name:"C:\SERVICES\ni10839481_1_SHARE\ftproot\dayzstandalone\mpmissions\regular.namalsk\storage_1\data\dynamic_010.001"
12:45:29.421 [CE][Storage] ver:25 stamp:113121, valid:yes, name:"C:\SERVICES\ni10839481_1_SHARE\ftproot\dayzstandalone\mpmissions\regular.namalsk\storage_1\data\dynamic_010.002"
12:45:29.421 [CE][Storage] Restoring file "C:\SERVICES\ni10839481_1_SHARE\ftproot\dayzstandalone\mpmissions\regular.namalsk\storage_1\data\dynamic_010.bin" 36 items.
12:45:29.507   36 items loaded. (0 failed)
12:45:29.508 [CE][Storage] ver:25 stamp:113252, valid:yes, name:"C:\SERVICES\ni10839481_1_SHARE\ftproot\dayzstandalone\mpmissions\regular.namalsk\storage_1\data\dynamic_011.bin"
12:45:29.510 [CE][Storage] ver:25 stamp:113120, valid:yes, name:"C:\SERVICES\ni10839481_1_SHARE\ftproot\dayzstandalone\mpmissions\regular.namalsk\storage_1\data\dynamic_011.001"
12:45:29.512 [CE][Storage] ver:25 stamp:113121, valid:yes, name:"C:\SERVICES\ni10839481_1_SHARE\ftproot\dayzstandalone\mpmissions\regular.namalsk\storage_1\data\dynamic_011.002"
12:45:29.512 [CE][Storage] Restoring file "C:\SERVICES\ni10839481_1_SHARE\ftproot\dayzstandalone\mpmissions\regular.namalsk\storage_1\data\dynamic_011.bin" 52 items.
12:45:29.628   52 items loaded. (0 failed)
12:45:29.630 [CE][Storage] ver:26 stamp:113252, valid:yes, name:"C:\SERVICES\ni10839481_1_SHARE\ftproot\dayzstandalone\mpmissions\regular.namalsk\storage_1\data\building.bin"
12:45:29.631 [CE][Storage] ver:26 stamp:113120, valid:yes, name:"C:\SERVICES\ni10839481_1_SHARE\ftproot\dayzstandalone\mpmissions\regular.namalsk\storage_1\data\building.001"
12:45:29.633 [CE][Storage] ver:26 stamp:113121, valid:yes, name:"C:\SERVICES\ni10839481_1_SHARE\ftproot\dayzstandalone\mpmissions\regular.namalsk\storage_1\data\building.002"
12:45:29.633 [CE][Storage] Restoring file "C:\SERVICES\ni10839481_1_SHARE\ftproot\dayzstandalone\mpmissions\regular.namalsk\storage_1\data\building.bin" 0 items.
12:45:29.633   0 items loaded. (0 failed)
12:45:29.635 [CE][Storage] ver:25 stamp:113252, valid:yes, name:"C:\SERVICES\ni10839481_1_SHARE\ftproot\dayzstandalone\mpmissions\regular.namalsk\storage_1\data\vehicles.bin"
12:45:29.637 [CE][Storage] ver:25 stamp:113120, valid:yes, name:"C:\SERVICES\ni10839481_1_SHARE\ftproot\dayzstandalone\mpmissions\regular.namalsk\storage_1\data\vehicles.001"
12:45:29.639 [CE][Storage] ver:25 stamp:113121, valid:yes, name:"C:\SERVICES\ni10839481_1_SHARE\ftproot\dayzstandalone\mpmissions\regular.namalsk\storage_1\data\vehicles.002"
12:45:29.639 [CE][Storage] Restoring file "C:\SERVICES\ni10839481_1_SHARE\ftproot\dayzstandalone\mpmissions\regular.namalsk\storage_1\data\vehicles.bin" 55 items.
12:45:29.804   55 items loaded. (0 failed)
12:45:29.824 [CE][Hive] :: Storage load took:6.20 seconds, recovery stamp:113252
12:45:29.824   entity: 9739, building: 0
12:45:29.824   no lifetime: 14
12:45:29.824   pathgraph's: 447
12:45:29.828 [CE][Hive] :: Initializing ... 
12:45:29.862 [CE][InitializeMap] :: initialized: 0
12:45:29.862 [CE][Hive] :: Initializing spawners ... 
12:45:29.862 [CE][LootRespawner] (PRIDummy) :: Initially (re)spawned:0, Nominal:6458, Total in Map: 5866 at 0 (sec)
12:45:29.862   tests:0, repeats:0 fails:0, overtime:0
12:45:33.56 [CE][DynEvent] :: 23 types
12:45:33.56 [00] Loot
12:45:33.56   Primary Spawner: "Loot", active: yes, repeat: 2
12:45:33.56 [01] StaticMedDrop
12:45:33.56   Primary Spawner: "Static", active: yes, repeat: 1
12:45:33.56 [02] StaticLifeboat
12:45:33.56   Primary Spawner: "Static", active: yes, repeat: 1
12:45:33.56 [03] ItemWoodenPlanks
12:45:33.56   Primary Spawner: "Item", active: yes, repeat: 1
12:45:33.56 [04] TrajectoryStones
12:45:33.56   Primary Spawner: "Trajectory", active: yes, repeat: 1
12:45:33.56 [05] InfectedSanta
12:45:33.56   Primary Spawner: "Infected", active: yes, repeat: 1
12:45:33.56 [06] InfectedArmy
12:45:33.56   Primary Spawner: "Infected", active: yes, repeat: 1
12:45:33.56 [07] InfectedIndustrial
12:45:33.56   Primary Spawner: "Infected", active: yes, repeat: 1
12:45:33.56 [08] InfectedCivil
12:45:33.56   Primary Spawner: "Infected", active: yes, repeat: 1
12:45:33.56 [09] InfectedMedic
12:45:33.56   Primary Spawner: "Infected", active: yes, repeat: 1
12:45:33.56 [10] AnimalGoat
12:45:33.56   Primary Spawner: "Animal", active: yes, repeat: 1
12:45:33.56 [11] AnimalSheep
12:45:33.56   Primary Spawner: "Animal", active: yes, repeat: 1
12:45:33.56 [12] AnimalReindeer
12:45:33.56   Primary Spawner: "Animal", active: yes, repeat: 1
12:45:33.56 [13] AnimalWildBoar
12:45:33.56   Primary Spawner: "Animal", active: yes, repeat: 1
12:45:33.56 [14] AnimalWolf
12:45:33.56   Primary Spawner: "Animal", active: yes, repeat: 1
12:45:33.56 [15] AnimalBrownBear
12:45:33.56   Primary Spawner: "Animal", active: yes, repeat: 1
12:45:33.56 [16] AnimalPolarBear
12:45:33.56   Primary Spawner: "Animal", active: yes, repeat: 1
12:45:33.56 [17] AmbientFox
12:45:33.56   Primary Spawner: "Ambient", active: yes, repeat: 1
12:45:33.56 [18] AmbientHare
12:45:33.56   Primary Spawner: "Ambient", active: yes, repeat: 1
12:45:33.56 [19] VehicleRubberBoats
12:45:33.56   Primary Spawner: "Vehicle", active: yes, repeat: 1
12:45:33.56 [20] VehicleCivilianCars
12:45:33.56   Primary Spawner: "Vehicle", active: yes, repeat: 1
12:45:33.57 [21] VehicleTrucks
12:45:33.57   Primary Spawner: "Vehicle", active: yes, repeat: 1
12:45:33.57 [22] VehicleMilitary
12:45:33.57   Primary Spawner: "Vehicle", active: yes, repeat: 1
12:45:33.57 [CE][Hive] :: Initializing of spawners done.
12:45:33.62 [CE][Hive] :: Init sequence finished.
12:45:33.62 Player connect enabled
12:45:33.553 [IdleMode] Entering IN - save processed
19:13:03.655 [Login]: Adding player Decalacs (24806023) to login queue at position 0
19:13:03.655 [LoginMachine]: Add player Decalacs (24806023 77.25.18.53:27434)
19:13:03.655 [StateMachine]: Player Decalacs (dpnid 24806023 uid ) Entering AuthPlayerLoginState
19:13:04.188 [StateMachine]: Player Decalacs (dpnid 24806023 uid ) Entering WaitAuthPlayerLoginState
19:13:06.839 Player Decalacs (id=DjwZqw2KuPoXgvsXA217ti6PB_NDTF4ydk54N7JPWNo=) has connected.
19:13:06.839 Player "Decalacs"(steamID=76561199213212083) is connected
19:13:06.849 [StateMachine]: Player Decalacs (dpnid 24806023 uid ) Entering WaitPlayerAssignedLoginState
19:13:07.306 [IdleMode] Leaving OUT
19:13:07.480 [StateMachine]: Player Decalacs (dpnid 24806023 uid ) Entering PlayerAssignedLoginState
19:13:07.490 [StateMachine]: Player Decalacs (dpnid 24806023 uid DjwZqw2KuPoXgvsXA217ti6PB_NDTF4ydk54N7JPWNo=) Entering DBGetLoginTimeLoginState
19:13:07.512 [StateMachine]: Player Decalacs (dpnid 24806023 uid DjwZqw2KuPoXgvsXA217ti6PB_NDTF4ydk54N7JPWNo=) Entering DBWaitLoginTimeLoginState
19:13:22.522 [StateMachine]: Player Decalacs (dpnid 24806023 uid DjwZqw2KuPoXgvsXA217ti6PB_NDTF4ydk54N7JPWNo=) Entering DBGetCharacterLoginState
19:13:22.543 [StateMachine]: Player Decalacs (dpnid 24806023 uid DjwZqw2KuPoXgvsXA217ti6PB_NDTF4ydk54N7JPWNo=) Entering CreateNetObjectsLoginState
19:13:22.559 [StateMachine]: Player Decalacs (dpnid 24806023 uid DjwZqw2KuPoXgvsXA217ti6PB_NDTF4ydk54N7JPWNo=) Entering PreloadCamLoginState
19:13:22.563 [StateMachine]: Player Decalacs (dpnid 24806023 uid DjwZqw2KuPoXgvsXA217ti6PB_NDTF4ydk54N7JPWNo=) Entering WaitPreloadCamLoginState
19:13:26.593 [StateMachine]: Player Decalacs (dpnid 24806023 uid DjwZqw2KuPoXgvsXA217ti6PB_NDTF4ydk54N7JPWNo=) Entering GetLoadedCharLoginState
19:13:35.135 <LOAD EXISTING CHAR>:
    charID 21
    playerID 21
    dpnid 24806023
    uid DjwZqw2KuPoXgvsXA217ti6PB_NDTF4ydk54N7JPWNo=
19:13:39.182 [CE][LootRespawner] (PRIDummy) :: Item [0] is hard to place, performance drops: "NailBox"
19:13:39.796 [CE][LootRespawner] (PRIDummy) :: Item [1] is hard to place, performance drops: "TrackSuitJacket_Red"
19:13:40.415 [CE][LootRespawner] (PRIDummy) :: Item [2] is hard to place, performance drops: "M65Jacket_Olive"
19:14:06.529 !!! [CE][Point] Removing 5765.984863, 8641.666016 from land_wrecked_ural
19:14:34.251 [CE][LootRespawner] (PRIDummy) :: Item [3] is hard to place, performance drops: "WorkingBoots_Beige"
19:14:34.661 [CE][LootRespawner] (PRIDummy) :: Item [4] is hard to place, performance drops: "HuntingVest_Winter"
19:14:34.661 [CE][LootRespawner] (PRIDummy) :: Item [5] is hard to place, performance drops: "HuntingVest_Winter"
19:15:01.581 [CE][LootRespawner] (PRIDummy) :: Item [0] causing search overtime: "BloodBagEmpty"
19:15:01.682 [CE][LootRespawner] (PRIDummy) :: Item [1] causing search overtime: "TetracyclineAntibiotics"
19:15:02.94 [CE][LootRespawner] (PRIDummy) :: Item [6] is hard to place, performance drops: "M65Jacket_Khaki"
19:15:02.196 [CE][LootRespawner] (PRIDummy) :: Item [7] is hard to place, performance drops: "PoliceVest"
19:15:02.196 [CE][LootRespawner] (PRIDummy) :: Item [8] is hard to place, performance drops: "PoliceVest"
19:15:03.128 [CE][LootRespawner] (PRIDummy) :: Item [9] is hard to place, performance drops: "BushlatPoliceJacket_Blue"
19:15:04.974 [CE][Links] found 0 total links between groups, of 1
19:15:04.974 [CE][SpawnRandomLoot] (StaticMedDrop) :: Type: Misc_cargo_cont_net1, lootmin: 4, lootmax: 6, wanted: 4, deloot: 2, containermaxsum: 6
19:15:04.976 [CE][Links] found 0 total links between groups, of 2
19:15:04.976 [CE][SpawnRandomLoot] (StaticMedDrop) :: Type: Misc_cargo_cont_net1, lootmin: 4, lootmax: 6, wanted: 5, deloot: 2, containermaxsum: 6
19:15:57.56 [CE][LootRespawner] (PRIDummy) :: Item [10] is hard to place, performance drops: "Broom"
19:16:25.291 [CE][LootRespawner] (PRIDummy) :: Item [11] is hard to place, performance drops: "NBCPantsGray"
19:16:52.269 [CE][LootRespawner] (PRIDummy) :: Item [12] is hard to place, performance drops: "MetalPlate"
19:16:52.271 [CE][LootRespawner] (PRIDummy) :: Item [13] is hard to place, performance drops: "MetalPlate"
19:17:19.723 [CE][LootRespawner] (PRIDummy) :: Item [14] is hard to place, performance drops: "HuntingVest"
19:17:19.926 [CE][LootRespawner] (PRIDummy) :: Item [15] is hard to place, performance drops: "PoliceVest"
19:17:47.543 [CE][LootRespawner] (PRIDummy) :: Item [16] is hard to place, performance drops: "MetalPlate"
19:17:47.545 [CE][LootRespawner] (PRIDummy) :: Item [17] is hard to place, performance drops: "MetalPlate"
19:17:47.546 [CE][LootRespawner] (PRIDummy) :: Item [18] is hard to place, performance drops: "MetalPlate"
19:17:48.359 [CE][LootRespawner] (PRIDummy) :: Item [19] is hard to place, performance drops: "Hoodie_Red"
19:18:15.419 [CE][LootRespawner] (PRIDummy) :: Item [20] is hard to place, performance drops: "CamoNet"
19:18:42.774 [CE][LootRespawner] (PRIDummy) :: Item [21] is hard to place, performance drops: "BaseballBat"
19:18:43.178 [CE][LootRespawner] (PRIDummy) :: Item [22] is hard to place, performance drops: "Pickaxe"
19:18:43.179 [CE][LootRespawner] (PRIDummy) :: Item [23] is hard to place, performance drops: "Pickaxe"
19:19:10.596 [CE][LootRespawner] (PRIDummy) :: Item [24] is hard to place, performance drops: "Hatchet"
19:19:11.411 [CE][LootRespawner] (PRIDummy) :: Item [25] is hard to place, performance drops: "TShirt_Beige"
19:20:07.33 [CE][LootRespawner] (PRIDummy) :: Item [26] is hard to place, performance drops: "MetalPlate"
19:20:07.34 [CE][LootRespawner] (PRIDummy) :: Item [27] is hard to place, performance drops: "MetalPlate"
19:20:33.637 [CE][LootRespawner] (PRIDummy) :: Item [28] is hard to place, performance drops: "Shovel"
19:20:33.840 [CE][LootRespawner] (PRIDummy) :: Item [29] is hard to place, performance drops: "Megaphone"
19:20:35.68 [CE][LootRespawner] (PRIDummy) :: Item [30] is hard to place, performance drops: "dzn_ghilliebushragtandark"
19:21:01.269 [CE][LootRespawner] (PRIDummy) :: Item [31] is hard to place, performance drops: "Crowbar"
19:21:02.84 [CE][LootRespawner] (PRIDummy) :: Item [32] is hard to place, performance drops: "DownJacket_Red"
19:21:02.294 [CE][LootRespawner] (PRIDummy) :: Item [33] is hard to place, performance drops: "BomberJacket_Grey"
19:21:02.500 [CE][LootRespawner] (PRIDummy) :: Item [34] is hard to place, performance drops: "Hoodie_Grey"
19:21:02.500 [CE][LootRespawner] (PRIDummy) :: Item [35] is hard to place, performance drops: "Hoodie_Grey"
19:21:29.786 [CE][LootRespawner] (PRIDummy) :: Item [36] is hard to place, performance drops: "NBCBootsGray"
19:22:25.583 [CE][LootRespawner] (PRIDummy) :: Item [37] is hard to place, performance drops: "NavyUniformPants"
19:22:25.583 [CE][LootRespawner] (PRIDummy) :: Item [38] is hard to place, performance drops: "NavyUniformPants"
19:22:51.783 [CE][LootRespawner] (PRIDummy) :: Item [39] is hard to place, performance drops: "QuiltedJacket_Blue"
19:22:51.885 [CE][LootRespawner] (PRIDummy) :: Item [40] is hard to place, performance drops: "TShirt_Green"
19:22:52.401 [CE][LootRespawner] (PRIDummy) :: Item [41] is hard to place, performance drops: "CargoPants_Green"
19:22:52.504 [CE][LootRespawner] (PRIDummy) :: Item [2] causing search overtime: "dzn_athena3_august"
19:23:47.844 [CE][LootRespawner] (PRIDummy) :: Item [42] is hard to place, performance drops: "Jeans_Black"
19:24:14.660 [CE][LootRespawner] (PRIDummy) :: Item [43] is hard to place, performance drops: "Truck_01_Wheel"
19:24:15.373 [CE][LootRespawner] (PRIDummy) :: Item [44] is hard to place, performance drops: "TrackSuitJacket_Blue"
19:24:16.501 [CE][LootRespawner] (PRIDummy) :: Item [45] is hard to place, performance drops: "NBCPantsGray"
19:24:43.35 [CE][LootRespawner] (PRIDummy) :: Item [46] is hard to place, performance drops: "dzn_yeger_up_woodl"
19:25:10.207 [CE][LootRespawner] (PRIDummy) :: Item [47] is hard to place, performance drops: "Truck_01_WheelDouble"
19:25:10.511 [CE][LootRespawner] (PRIDummy) :: Item [48] is hard to place, performance drops: "PoliceJacketOrel"
19:25:10.511 [CE][LootRespawner] (PRIDummy) :: Item [49] is hard to place, performance drops: "PoliceJacketOrel"
19:25:37.412 [CE][LootRespawner] (PRIDummy) :: Item [50] is hard to place, performance drops: "WorkingGloves_Beige"
19:25:37.512 [CE][LootRespawner] (PRIDummy) :: Item [51] is hard to place, performance drops: "TireRepairKit"
19:25:37.916 [CE][LootRespawner] (PRIDummy) :: Item [52] is hard to place, performance drops: "Pickaxe"
19:25:37.916 [CE][LootRespawner] (PRIDummy) :: Item [53] is hard to place, performance drops: "Pickaxe"
19:25:38.327 [CE][LootRespawner] (PRIDummy) :: Item [54] is hard to place, performance drops: "BeanieHat_Beige"
19:26:05.520 [CE][LootRespawner] (PRIDummy) :: Item [55] is hard to place, performance drops: "PolicePantsOrel"
19:26:32.728 [CE][LootRespawner] (PRIDummy) :: Item [56] is hard to place, performance drops: "GlassBottle"
19:27:00.905 [CE][LootRespawner] (PRIDummy) :: Item [57] is hard to place, performance drops: "Blouse_Green"
19:27:28.488 [CE][LootRespawner] (PRIDummy) :: Item [58] is hard to place, performance drops: "QuiltedJacket_Violet"
19:27:29.104 [CE][LootRespawner] (PRIDummy) :: Item [59] is hard to place, performance drops: "Hoodie_Grey"
19:27:29.516 [CE][LootRespawner] (PRIDummy) :: Item [60] is hard to place, performance drops: "HuntingJacket_Spring"
19:28:23.136 [CE][LootRespawner] (PRIDummy) :: Item [61] is hard to place, performance drops: "WaterBottle"
19:28:23.461 [CE][LootRespawner] (PRIDummy) :: Item [62] is hard to place, performance drops: "CamoNet"
19:28:24.570 [CE][LootRespawner] (PRIDummy) :: Item [63] is hard to place, performance drops: "Iceaxe"
19:28:24.977 [CE][LootRespawner] (PRIDummy) :: Item [64] is hard to place, performance drops: "Mp133Shotgun"
19:29:13.205 [Shutdown] Shutting down in 5400 seconds (90 minutes).
19:29:18.441 [CE][LootRespawner] (PRIDummy) :: Item [65] is hard to place, performance drops: "PrisonerCap"
19:29:47.149 [CE][LootRespawner] (PRIDummy) :: Item [66] is hard to place, performance drops: "TrackSuitJacket_LightBlue"
19:29:47.149 [CE][LootRespawner] (PRIDummy) :: Item [67] is hard to place, performance drops: "TrackSuitJacket_LightBlue"
19:30:42.281 [CE][LootRespawner] (PRIDummy) :: Item [68] is hard to place, performance drops: "M65Jacket_Black"
19:30:42.281 [CE][LootRespawner] (PRIDummy) :: Item [69] is hard to place, performance drops: "M65Jacket_Black"
19:30:42.282 [CE][LootRespawner] (PRIDummy) :: Item [70] is hard to place, performance drops: "M65Jacket_Black"
19:30:42.282 [CE][LootRespawner] (PRIDummy) :: Item [71] is hard to place, performance drops: "M65Jacket_Black"
19:31:09.525 !!! [CE][Point] Removing 5032.167480, 8197.083984 from land_wrecked_ural_onside
19:31:09.525 [CE][LootRespawner] (PRIDummy) :: Item [72] is hard to place, performance drops: "FarmingHoe"
19:31:10.137 [CE][LootRespawner] (PRIDummy) :: Item [73] is hard to place, performance drops: "dzn_platecarriervest_nac"
19:31:10.137 [CE][LootRespawner] (PRIDummy) :: Item [74] is hard to place, performance drops: "dzn_platecarriervest_nac"
19:31:10.137 [CE][LootRespawner] (PRIDummy) :: Item [3] causing search overtime: "dzn_platecarriervest_nac"
19:31:37.254 [CE][LootRespawner] (PRIDummy) :: Item [75] is hard to place, performance drops: "HatchbackWheel"
19:31:37.661 [CE][LootRespawner] (PRIDummy) :: Item [76] is hard to place, performance drops: "FirefighterAxe"
19:31:37.971 [CE][LootRespawner] (PRIDummy) :: Item [77] is hard to place, performance drops: "HuntingVest_Winter"
19:32:04.454 [CE][LootRespawner] (PRIDummy) :: Item [78] is hard to place, performance drops: "JumpsuitPants_Green"
19:32:04.963 [CE][LootRespawner] (PRIDummy) :: Item [79] is hard to place, performance drops: "BomberJacket_Maroon"
19:32:33.822 [CE][LootRespawner] (PRIDummy) :: Item [4] causing search overtime: "VSS"
19:32:59.559 [CE][LootRespawner] (PRIDummy) :: Item [80] is hard to place, performance drops: "BDUPants"
19:33:00.587 [CE][LootRespawner] (PRIDummy) :: Item [5] causing search overtime: "VSS"
19:33:01.417 [CE][LootRespawner] (PRIDummy) :: Item [81] is hard to place, performance drops: "NavyUniformPants"
19:33:01.417 [CE][LootRespawner] (PRIDummy) :: Item [82] is hard to place, performance drops: "NavyUniformPants"
19:33:54.834 !!! [CE][Point] Removing 6162.589844, 10878.765625 from land_hut_old01
19:33:54.834 [CE][LootRespawner] (PRIDummy) :: Item [83] is hard to place, performance drops: "PersonalRadio"
19:33:54.933 [CE][LootRespawner] (PRIDummy) :: Item [84] is hard to place, performance drops: "DenimJacket"
19:34:23.45 [CE][LootRespawner] (PRIDummy) :: Item [85] is hard to place, performance drops: "Bandana_PolkaPattern"
19:34:23.46 [CE][LootRespawner] (PRIDummy) :: Item [86] is hard to place, performance drops: "Bandana_PolkaPattern"
19:34:23.152 [CE][LootRespawner] (PRIDummy) :: Item [87] is hard to place, performance drops: "WeldingMask"
19:34:23.152 [CE][LootRespawner] (PRIDummy) :: Item [88] is hard to place, performance drops: "WeldingMask"
19:35:17.816 [CE][LootRespawner] (PRIDummy) :: Item [89] is hard to place, performance drops: "Sweater_Red"
19:35:17.818 [CE][LootRespawner] (PRIDummy) :: Item [90] is hard to place, performance drops: "Sweater_Red"
19:35:18.127 [CE][LootRespawner] (PRIDummy) :: Item [91] is hard to place, performance drops: "Bandana_Greenpattern"
19:35:18.229 [CE][LootRespawner] (PRIDummy) :: Item [92] is hard to place, performance drops: "BalaclavaMask_Blue"
19:35:18.229 [CE][LootRespawner] (PRIDummy) :: Item [93] is hard to place, performance drops: "BalaclavaMask_Blue"
19:35:46.754 [CE][LootRespawner] (PRIDummy) :: Item [94] is hard to place, performance drops: "TrackSuitPants_Blue"
19:35:46.754 [CE][LootRespawner] (PRIDummy) :: Item [95] is hard to place, performance drops: "TrackSuitPants_Blue"
19:36:13.814 [CE][LootRespawner] (PRIDummy) :: Item [96] is hard to place, performance drops: "Truck_01_WheelDouble"
19:36:14.532 [CE][LootRespawner] (PRIDummy) :: Item [97] is hard to place, performance drops: "Hoodie_Black"
19:36:14.532 [CE][LootRespawner] (PRIDummy) :: Item [98] is hard to place, performance drops: "Hoodie_Black"
19:36:41.192 [CE][LootRespawner] (PRIDummy) :: Item [99] is hard to place, performance drops: "Hoodie_Brown"
19:36:41.192 [CE][LootRespawner] (PRIDummy) :: Item [100] is hard to place, performance drops: "Hoodie_Brown"
19:36:41.192 [CE][LootRespawner] (PRIDummy) :: Item [101] is hard to place, performance drops: "Hoodie_Brown"
19:36:41.808 [CE][LootRespawner] (PRIDummy) :: Item [102] is hard to place, performance drops: "dzn_gorka_pants_winter"
19:37:10.197 [CE][LootRespawner] (PRIDummy) :: Item [103] is hard to place, performance drops: "Pipe"
19:37:10.806 [CE][LootRespawner] (PRIDummy) :: Item [104] is hard to place, performance drops: "WomanSuit_LightGrey"
19:37:11.533 [CE][LootRespawner] (PRIDummy) :: Item [105] is hard to place, performance drops: "SherpaHat_Blue"
19:37:11.533 [CE][LootRespawner] (PRIDummy) :: Item [106] is hard to place, performance drops: "SherpaHat_Blue"
19:37:39.18 [CE][LootRespawner] (PRIDummy) :: Item [6] causing search overtime: "dzn_platecarriervest_nac"
19:38:33.146 [CE][LootRespawner] (PRIDummy) :: Item [107] is hard to place, performance drops: "TShirt_Blue"
19:39:56.510 [CE][LootRespawner] (PRIDummy) :: Item [108] is hard to place, performance drops: "Izh18Shotgun"
19:39:56.510 [CE][LootRespawner] (PRIDummy) :: Item [109] is hard to place, performance drops: "Izh18Shotgun"
19:39:56.510 [CE][LootRespawner] (PRIDummy) :: Item [110] is hard to place, performance drops: "Izh18Shotgun"
19:39:56.818 [CE][LootRespawner] (PRIDummy) :: Item [111] is hard to place, performance drops: "BalaclavaMask_Beige"
19:39:57.438 [CE][LootRespawner] (PRIDummy) :: Item [112] is hard to place, performance drops: "Balaclava3Holes_Black"
19:39:57.438 [CE][LootRespawner] (PRIDummy) :: Item [113] is hard to place, performance drops: "Balaclava3Holes_Black"
19:40:51.289 [CE][LootRespawner] (PRIDummy) :: Item [114] is hard to place, performance drops: "GasMask_Filter"
19:40:51.497 [CE][LootRespawner] (PRIDummy) :: Item [115] is hard to place, performance drops: "Bandana_CamoPattern"
19:40:51.704 [CE][LootRespawner] (PRIDummy) :: Item [116] is hard to place, performance drops: "CombinationLock"
19:41:18.696 [CE][LootRespawner] (PRIDummy) :: Item [117] is hard to place, performance drops: "CivilianBelt"
19:41:18.800 [CE][LootRespawner] (PRIDummy) :: Item [118] is hard to place, performance drops: "WorkingGloves_Beige"
19:41:18.800 [CE][LootRespawner] (PRIDummy) :: Item [119] is hard to place, performance drops: "WorkingGloves_Beige"
19:41:19.206 [CE][LootRespawner] (PRIDummy) :: Item [120] is hard to place, performance drops: "WomanSuit_Khaki"
19:41:19.415 [CE][LootRespawner] (PRIDummy) :: Item [121] is hard to place, performance drops: "TTsKOJacket_Camo"
19:41:19.718 [CE][LootRespawner] (PRIDummy) :: Item [122] is hard to place, performance drops: "Truck_01_WheelDouble"
19:41:19.718 [CE][LootRespawner] (PRIDummy) :: Item [123] is hard to place, performance drops: "Truck_01_WheelDouble"
19:41:20.639 [CE][LootRespawner] (PRIDummy) :: Item [124] is hard to place, performance drops: "M65Jacket_Tan"
19:41:20.639 [CE][LootRespawner] (PRIDummy) :: Item [125] is hard to place, performance drops: "M65Jacket_Tan"
19:41:46.593 [CE][LootRespawner] (PRIDummy) :: Item [126] is hard to place, performance drops: "Bandana_BlackPattern"
19:41:46.695 [CE][LootRespawner] (PRIDummy) :: Item [127] is hard to place, performance drops: "BalaclavaMask_Pink"
19:41:46.797 [CE][LootRespawner] (PRIDummy) :: Item [128] is hard to place, performance drops: "GorkaPants_Summer"
19:41:47.04 [CE][LootRespawner] (PRIDummy) :: Item [129] is hard to place, performance drops: "BomberJacket_Olive"
19:41:47.208 [CE][LootRespawner] (PRIDummy) :: Item [130] is hard to place, performance drops: "SlacksPants_White"
19:41:49.62 [CE][Links] found 0 total links between groups, of 3
19:41:49.62 [CE][SpawnRandomLoot] (StaticMedDrop) :: Type: Misc_cargo_cont_net1, lootmin: 4, lootmax: 6, wanted: 4, deloot: 2, containermaxsum: 6
19:42:14.230 [CE][LootRespawner] (PRIDummy) :: Item [131] is hard to place, performance drops: "WoolCoat_BrownCheck"
19:42:14.329 [CE][LootRespawner] (PRIDummy) :: Item [132] is hard to place, performance drops: "TrackSuitPants_LightBlue"
19:42:15.359 [CE][LootRespawner] (PRIDummy) :: Item [133] is hard to place, performance drops: "dzn_platecarriervest_nac"
19:42:15.359 [CE][LootRespawner] (PRIDummy) :: Item [7] causing search overtime: "dzn_platecarriervest_nac"
19:43:36.830 [CE][LootRespawner] (PRIDummy) :: Item [134] is hard to place, performance drops: "WorkingGloves_Brown"
19:43:36.830 [CE][LootRespawner] (PRIDummy) :: Item [135] is hard to place, performance drops: "WorkingGloves_Brown"
19:43:37.443 [CE][LootRespawner] (PRIDummy) :: Item [136] is hard to place, performance drops: "Blouse_Blue"
19:43:37.650 [CE][LootRespawner] (PRIDummy) :: Item [137] is hard to place, performance drops: "Hoodie_Green"
19:44:04.324 [CE][LootRespawner] (PRIDummy) :: Item [138] is hard to place, performance drops: "WaterBottle"
19:44:04.530 [CE][LootRespawner] (PRIDummy) :: Item [139] is hard to place, performance drops: "TrackSuitPants_Red"
19:44:04.734 [CE][LootRespawner] (PRIDummy) :: Item [140] is hard to place, performance drops: "TShirt_OrangeWhiteStripes"
19:44:05.353 [CE][LootRespawner] (PRIDummy) :: Item [141] is hard to place, performance drops: "ElectronicRepairKit"
19:44:32.414 [CE][LootRespawner] (PRIDummy) :: Item [142] is hard to place, performance drops: "CombatBoots_Beige"
19:44:32.624 [CE][LootRespawner] (PRIDummy) :: Item [143] is hard to place, performance drops: "CombinationLock4"
19:44:33.759 [CE][LootRespawner] (PRIDummy) :: Item [144] is hard to place, performance drops: "NBCJacketGray"
19:44:59.520 [CE][LootRespawner] (PRIDummy) :: Item [145] is hard to place, performance drops: "JumpsuitPants_Red"
19:44:59.932 [CE][LootRespawner] (PRIDummy) :: Item [146] is hard to place, performance drops: "DownJacket_Green"
19:44:59.933 [CE][LootRespawner] (PRIDummy) :: Item [147] is hard to place, performance drops: "DownJacket_Green"
19:45:00.35 [CE][LootRespawner] (PRIDummy) :: Item [148] is hard to place, performance drops: "PolicePants"
19:45:00.35 [CE][LootRespawner] (PRIDummy) :: Item [149] is hard to place, performance drops: "PolicePants"
19:45:00.239 [CE][LootRespawner] (PRIDummy) :: Item [150] is hard to place, performance drops: "DirtBikeHelmet_Red"
19:45:00.444 [CE][LootRespawner] (PRIDummy) :: Item [151] is hard to place, performance drops: "BomberJacket_Black"
19:45:27.364 [CE][LootRespawner] (PRIDummy) :: Item [152] is hard to place, performance drops: "MetalPlate"
19:45:27.364 [CE][LootRespawner] (PRIDummy) :: Item [153] is hard to place, performance drops: "MetalPlate"
19:45:27.364 [CE][LootRespawner] (PRIDummy) :: Item [154] is hard to place, performance drops: "MetalPlate"
19:45:27.365 [CE][LootRespawner] (PRIDummy) :: Item [155] is hard to place, performance drops: "MetalPlate"
19:46:22.586 [CE][LootRespawner] (PRIDummy) :: Item [156] is hard to place, performance drops: "Crowbar"
19:46:22.586 [CE][LootRespawner] (PRIDummy) :: Item [157] is hard to place, performance drops: "Crowbar"
19:46:22.992 [CE][LootRespawner] (PRIDummy) :: Item [158] is hard to place, performance drops: "Balaclava3Holes_Beige"
19:46:49.873 [CE][LootRespawner] (PRIDummy) :: Item [159] is hard to place, performance drops: "Fabric"
19:46:49.978 [CE][LootRespawner] (PRIDummy) :: Item [160] is hard to place, performance drops: "CamoNet"
19:46:49.978 [CE][LootRespawner] (PRIDummy) :: Item [161] is hard to place, performance drops: "CamoNet"
19:46:50.183 [CE][LootRespawner] (PRIDummy) :: Item [162] is hard to place, performance drops: "BomberJacket_SkyBlue"
19:46:51.308 [CE][LootRespawner] (PRIDummy) :: Item [163] is hard to place, performance drops: "B95"
19:47:17.678 [CE][LootRespawner] (PRIDummy) :: Item [164] is hard to place, performance drops: "Pickaxe"
19:47:18.902 [CE][LootRespawner] (PRIDummy) :: Item [165] is hard to place, performance drops: "QuiltedJacket_Green"
19:47:50.30 [CE][Links] found 0 total links between groups, of 4
19:47:50.30 [CE][SpawnRandomLoot] (StaticLifeboat) :: Type: sea_oilrig_lifeboat, lootmin: 2, lootmax: 5, wanted: 4, deloot: 2, containermaxsum: 5
19:47:50.30 [CE][SpawnRandomLoot] (StaticLifeboat) :: No item found to spawn for DE! Spawned: 1 / 4 (enable log_ce_dynamicevent to see item lists for event)
19:48:12.802 [CE][LootRespawner] (PRIDummy) :: Item [166] is hard to place, performance drops: "Tripod"
19:48:12.803 [CE][LootRespawner] (PRIDummy) :: Item [167] is hard to place, performance drops: "Tripod"
19:48:12.804 [CE][LootRespawner] (PRIDummy) :: Item [168] is hard to place, performance drops: "Tripod"
19:48:13.107 [CE][LootRespawner] (PRIDummy) :: Item [169] is hard to place, performance drops: "JumpsuitJacket_Blue"
19:48:13.211 [CE][LootRespawner] (PRIDummy) :: Item [170] is hard to place, performance drops: "Truck_01_Wheel"
19:48:14.31 [CE][LootRespawner] (PRIDummy) :: Item [171] is hard to place, performance drops: "PoliceVest"
19:48:41.297 [CE][LootRespawner] (PRIDummy) :: Item [172] is hard to place, performance drops: "Flag_Bear"
19:48:41.705 [CE][LootRespawner] (PRIDummy) :: Item [8] causing search overtime: "dzn_platecarriervest_nac"
19:49:09.830 [CE][LootRespawner] (PRIDummy) :: Item [9] causing search overtime: "dzn_athena3_exp1"
19:49:35.724 [CE][LootRespawner] (PRIDummy) :: Item [173] is hard to place, performance drops: "Machete"
19:49:35.724 [CE][LootRespawner] (PRIDummy) :: Item [174] is hard to place, performance drops: "Machete"
19:49:36.744 [CE][LootRespawner] (PRIDummy) :: Item [10] causing search overtime: "dzn_athena3_exp1"
19:50:03.309 [CE][LootRespawner] (PRIDummy) :: Item [175] is hard to place, performance drops: "Balaclava3Holes_Green"
19:50:04.750 [CE][LootRespawner] (PRIDummy) :: Item [176] is hard to place, performance drops: "MotoHelmet_White"
19:50:58.450 [CE][LootRespawner] (PRIDummy) :: Item [177] is hard to place, performance drops: "WorkingGloves_Yellow"
19:50:58.555 [CE][LootRespawner] (PRIDummy) :: Item [178] is hard to place, performance drops: "JumpsuitJacket_Green"
19:50:58.555 [CE][LootRespawner] (PRIDummy) :: Item [179] is hard to place, performance drops: "JumpsuitJacket_Green"
19:50:59.168 [CE][LootRespawner] (PRIDummy) :: Item [180] is hard to place, performance drops: "Hoodie_Blue"
19:50:59.168 [CE][LootRespawner] (PRIDummy) :: Item [181] is hard to place, performance drops: "Hoodie_Blue"
19:51:27.809 [CE][LootRespawner] (PRIDummy) :: Item [182] is hard to place, performance drops: "NBCJacketGray"
19:51:53.973 [CE][LootRespawner] (PRIDummy) :: Item [183] is hard to place, performance drops: "HatchbackWheel"
19:51:54.281 [CE][LootRespawner] (PRIDummy) :: Item [184] is hard to place, performance drops: "TrackSuitPants_LightBlue"
19:51:54.281 [CE][LootRespawner] (PRIDummy) :: Item [185] is hard to place, performance drops: "TrackSuitPants_LightBlue"
19:51:55.203 [CE][LootRespawner] (PRIDummy) :: Item [186] is hard to place, performance drops: "WoodenPlank"
19:52:42.623 [CE][LootRespawner] (PRIDummy) :: Item [187] is hard to place, performance drops: "MetalPlate"
19:52:42.624 [CE][LootRespawner] (PRIDummy) :: Item [188] is hard to place, performance drops: "MetalPlate"
19:52:42.624 [CE][LootRespawner] (PRIDummy) :: Item [189] is hard to place, performance drops: "MetalPlate"
19:53:12.445 [CE][Links] found 0 total links between groups, of 5
19:53:12.445 [CE][SpawnRandomLoot] (StaticMedDrop) :: Type: Misc_cargo_cont_net1, lootmin: 4, lootmax: 6, wanted: 4, deloot: 2, containermaxsum: 6
19:53:38.875 [CE][LootRespawner] (PRIDummy) :: Item [190] is hard to place, performance drops: "Rope"
19:54:06.824 [CE][LootRespawner] (PRIDummy) :: Item [191] is hard to place, performance drops: "TShirt_RedBlackStripes"
19:54:06.825 [CE][LootRespawner] (PRIDummy) :: Item [192] is hard to place, performance drops: "TShirt_RedBlackStripes"
19:54:33.260 [CE][LootRespawner] (PRIDummy) :: Item [193] is hard to place, performance drops: "DisinfectantSpray"
19:55:01.407 [CE][LootRespawner] (PRIDummy) :: Item [194] is hard to place, performance drops: "CombinationLock4"
19:55:01.510 [CE][LootRespawner] (PRIDummy) :: Item [195] is hard to place, performance drops: "BeanieHat_Red"
19:55:28.835 [CE][LootRespawner] (PRIDummy) :: Item [196] is hard to place, performance drops: "BaseballBat"
19:55:29.243 [CE][LootRespawner] (PRIDummy) :: Item [197] is hard to place, performance drops: "ManSuit_DarkGrey"
19:55:29.551 [CE][LootRespawner] (PRIDummy) :: Item [198] is hard to place, performance drops: "TShirt_Green"
19:55:29.551 [CE][LootRespawner] (PRIDummy) :: Item [199] is hard to place, performance drops: "TShirt_Green"
19:55:29.756 [CE][LootRespawner] (PRIDummy) :: Item [200] is hard to place, performance drops: "TShirt_Grey"
19:55:29.757 [CE][LootRespawner] (PRIDummy) :: Item [201] is hard to place, performance drops: "TShirt_Grey"
19:55:30.162 [CE][LootRespawner] (PRIDummy) :: Item [202] is hard to place, performance drops: "Jeans_Brown"
19:55:56.834 [CE][LootRespawner] (PRIDummy) :: Item [203] is hard to place, performance drops: "TrackSuitPants_Black"
19:55:56.834 [CE][LootRespawner] (PRIDummy) :: Item [204] is hard to place, performance drops: "TrackSuitPants_Black"
19:55:57.241 [CE][LootRespawner] (PRIDummy) :: Item [205] is hard to place, performance drops: "HuntingJacket_Autumn"
19:55:57.241 [CE][LootRespawner] (PRIDummy) :: Item [206] is hard to place, performance drops: "HuntingJacket_Autumn"
19:56:00.741 [CE][Links] found 0 total links between groups, of 6
19:56:00.741 [CE][SpawnRandomLoot] (StaticMedDrop) :: Type: Misc_cargo_cont_net1, lootmin: 4, lootmax: 6, wanted: 5, deloot: 2, containermaxsum: 6
19:56:23.875 [CE][LootRespawner] (PRIDummy) :: Item [207] is hard to place, performance drops: "Sedan_02_Wheel"
19:56:23.876 [CE][LootRespawner] (PRIDummy) :: Item [208] is hard to place, performance drops: "Sedan_02_Wheel"
19:56:24.76 [CE][LootRespawner] (PRIDummy) :: Item [209] is hard to place, performance drops: "BomberJacket_Blue"
19:56:24.76 [CE][LootRespawner] (PRIDummy) :: Item [210] is hard to place, performance drops: "BomberJacket_Blue"
19:56:24.180 [CE][LootRespawner] (PRIDummy) :: Item [211] is hard to place, performance drops: "Jeans_Green"
19:56:24.180 [CE][LootRespawner] (PRIDummy) :: Item [212] is hard to place, performance drops: "Jeans_Green"
19:56:52.176 [CE][LootRespawner] (PRIDummy) :: Item [213] is hard to place, performance drops: "Hoodie_Green"
19:56:52.693 [CE][LootRespawner] (PRIDummy) :: Item [214] is hard to place, performance drops: "CargoPants_Green"
19:56:53.00 [CE][LootRespawner] (PRIDummy) :: Item [215] is hard to place, performance drops: "BearTrap"
19:56:53.105 [CE][LootRespawner] (PRIDummy) :: Item [11] causing search overtime: "dzn_platecarriervest_nac"
19:57:19.275 [CE][LootRespawner] (PRIDummy) :: Item [216] is hard to place, performance drops: "Iceaxe"
19:57:19.688 [CE][LootRespawner] (PRIDummy) :: Item [217] is hard to place, performance drops: "BomberJacket_Brown"
19:57:20.199 [CE][LootRespawner] (PRIDummy) :: Item [218] is hard to place, performance drops: "HunterPants_Spring"
19:57:46.813 [CE][LootRespawner] (PRIDummy) :: Item [219] is hard to place, performance drops: "QuiltedJacket_Yellow"
19:57:48.152 [CE][LootRespawner] (PRIDummy) :: Item [12] causing search overtime: "dzn_athena3_exp1"
19:57:49.394 [CE][Links] found 0 total links between groups, of 7
19:57:49.395 [CE][SpawnRandomLoot] (StaticMedDrop) :: Type: Misc_cargo_cont_net1, lootmin: 4, lootmax: 6, wanted: 4, deloot: 2, containermaxsum: 6
19:58:42.391 [CE][LootRespawner] (PRIDummy) :: Item [220] is hard to place, performance drops: "TShirt_Red"
19:58:43.517 [CE][LootRespawner] (PRIDummy) :: Item [13] causing search overtime: "dzn_netanyas_log"
19:59:13.504 [CE][Links] found 0 total links between groups, of 8
19:59:13.504 [CE][SpawnRandomLoot] (StaticMedDrop) :: Type: Misc_cargo_cont_net1, lootmin: 4, lootmax: 6, wanted: 5, deloot: 2, containermaxsum: 6
19:59:13.508 [CE][Links] found 0 total links between groups, of 9
19:59:13.508 [CE][SpawnRandomLoot] (StaticMedDrop) :: Type: Misc_cargo_cont_net1, lootmin: 4, lootmax: 6, wanted: 5, deloot: 2, containermaxsum: 6
19:59:38.657 [CE][LootRespawner] (PRIDummy) :: Item [221] is hard to place, performance drops: "MetalPlate"
19:59:38.660 [CE][LootRespawner] (PRIDummy) :: Item [222] is hard to place, performance drops: "MetalPlate"
19:59:38.660 [CE][LootRespawner] (PRIDummy) :: Item [223] is hard to place, performance drops: "MetalPlate"
20:00:06.96 [CE][LootRespawner] (PRIDummy) :: Item [224] is hard to place, performance drops: "Bandana_PolkaPattern"
20:00:06.98 [CE][LootRespawner] (PRIDummy) :: Item [225] is hard to place, performance drops: "Bandana_PolkaPattern"
20:00:23.180 [Shutdown] Shutting down in 3600 seconds (60 minutes).
20:00:32.618 [CE][LootRespawner] (PRIDummy) :: Item [226] is hard to place, performance drops: "FryingPan"
20:00:32.620 [CE][LootRespawner] (PRIDummy) :: Item [227] is hard to place, performance drops: "FryingPan"
20:00:32.620 [CE][LootRespawner] (PRIDummy) :: Item [228] is hard to place, performance drops: "FryingPan"
20:00:32.923 [CE][LootRespawner] (PRIDummy) :: Item [229] is hard to place, performance drops: "Offroad_02_Wheel"
20:01:00.158 [CE][LootRespawner] (PRIDummy) :: Item [230] is hard to place, performance drops: "TrackSuitPants_Green"
20:01:00.159 [CE][LootRespawner] (PRIDummy) :: Item [231] is hard to place, performance drops: "TrackSuitPants_Green"
20:01:00.159 [CE][LootRespawner] (PRIDummy) :: Item [232] is hard to place, performance drops: "TrackSuitPants_Green"
20:01:01.889 [CE][LootRespawner] (PRIDummy) :: Item [233] is hard to place, performance drops: "TShirt_RedBlackStripes"
20:01:28.178 [CE][LootRespawner] (PRIDummy) :: Item [234] is hard to place, performance drops: "ChestHolster"
20:01:28.178 [CE][LootRespawner] (PRIDummy) :: Item [235] is hard to place, performance drops: "ChestHolster"
20:01:28.178 [CE][LootRespawner] (PRIDummy) :: Item [236] is hard to place, performance drops: "ChestHolster"
20:01:28.790 [CE][LootRespawner] (PRIDummy) :: Item [237] is hard to place, performance drops: "TShirt_Blue"
20:01:28.892 [CE][LootRespawner] (PRIDummy) :: Item [238] is hard to place, performance drops: "Hoodie_Red"
20:01:28.892 [CE][LootRespawner] (PRIDummy) :: Item [239] is hard to place, performance drops: "Hoodie_Red"
20:01:56.182 [CE][LootRespawner] (PRIDummy) :: Item [240] is hard to place, performance drops: "TrackSuitJacket_LightBlue"
20:02:24.98 [CE][LootRespawner] (PRIDummy) :: Item [241] is hard to place, performance drops: "TShirt_Green"
20:02:24.98 [CE][LootRespawner] (PRIDummy) :: Item [242] is hard to place, performance drops: "TShirt_Green"
20:02:24.823 [CE][LootRespawner] (PRIDummy) :: Item [243] is hard to place, performance drops: "TrackSuitJacket_Blue"
20:02:50.601 [CE][LootRespawner] (PRIDummy) :: Item [244] is hard to place, performance drops: "Hacksaw"
20:03:19.09 [CE][LootRespawner] (PRIDummy) :: Item [245] is hard to place, performance drops: "BomberJacket_Olive"
20:03:19.212 [CE][LootRespawner] (PRIDummy) :: Item [246] is hard to place, performance drops: "WomanSuit_Brown"
20:03:19.213 [CE][LootRespawner] (PRIDummy) :: Item [247] is hard to place, performance drops: "WomanSuit_Brown"
20:03:19.521 [CE][LootRespawner] (PRIDummy) :: Item [248] is hard to place, performance drops: "SlacksPants_Black"
20:03:19.830 [CE][LootRespawner] (PRIDummy) :: Item [249] is hard to place, performance drops: "HunterPants_Summer"
20:03:19.830 [CE][LootRespawner] (PRIDummy) :: Item [250] is hard to place, performance drops: "HunterPants_Summer"
20:03:19.830 [CE][LootRespawner] (PRIDummy) :: Item [251] is hard to place, performance drops: "HunterPants_Summer"
20:03:46.313 [CE][LootRespawner] (PRIDummy) :: Item [252] is hard to place, performance drops: "Jeans_BlueDark"
20:03:46.313 [CE][LootRespawner] (PRIDummy) :: Item [253] is hard to place, performance drops: "Jeans_BlueDark"
20:03:46.313 [CE][LootRespawner] (PRIDummy) :: Item [254] is hard to place, performance drops: "Jeans_BlueDark"
20:03:46.417 [CE][LootRespawner] (PRIDummy) :: Item [255] is hard to place, performance drops: "Blouse_Violet"
20:04:14.43 [CE][LootRespawner] (PRIDummy) :: Item [256] is hard to place, performance drops: "Blouse_Green"
20:04:14.43 [CE][LootRespawner] (PRIDummy) :: Item [257] is hard to place, performance drops: "Blouse_Green"
20:04:41.383 [CE][LootRespawner] (PRIDummy) :: Item [258] is hard to place, performance drops: "TShirt_Beige"
20:04:41.591 [CE][LootRespawner] (PRIDummy) :: Item [259] is hard to place, performance drops: "HockeyMask"
20:04:41.897 [CE][LootRespawner] (PRIDummy) :: Item [260] is hard to place, performance drops: "SherpaHat_Black"
20:04:41.898 [CE][LootRespawner] (PRIDummy) :: Item [261] is hard to place, performance drops: "SherpaHat_Black"
20:04:42.817 [CE][LootRespawner] (PRIDummy) :: Item [14] causing search overtime: "dzn_module_surge"
20:05:08.819 [CE][LootRespawner] (PRIDummy) :: Item [262] is hard to place, performance drops: "Sweater_Gray"
20:05:09.643 [CE][LootRespawner] (PRIDummy) :: Item [15] causing search overtime: "dzn_athena3_exp1"
20:05:09.746 [CE][LootRespawner] (PRIDummy) :: Item [263] is hard to place, performance drops: "HuntingJacket_Summer"
20:05:09.746 [CE][LootRespawner] (PRIDummy) :: Item [264] is hard to place, performance drops: "HuntingJacket_Summer"
20:05:10.461 [CE][LootRespawner] (PRIDummy) :: Item [265] is hard to place, performance drops: "GorkaEJacket_Flat"
20:06:04.412 [CE][LootRespawner] (PRIDummy) :: Item [266] is hard to place, performance drops: "TrackSuitJacket_Red"
20:06:04.414 [CE][LootRespawner] (PRIDummy) :: Item [267] is hard to place, performance drops: "TrackSuitJacket_Red"
20:06:31.626 [CE][LootRespawner] (PRIDummy) :: Item [268] is hard to place, performance drops: "ManSuit_Beige"
20:06:32.653 [CE][LootRespawner] (PRIDummy) :: Item [16] causing search overtime: "dzn_netanyas_log"
20:06:59.870 [CE][LootRespawner] (PRIDummy) :: Item [269] is hard to place, performance drops: "SherpaHat_Red"
20:07:00.690 [CE][LootRespawner] (PRIDummy) :: Item [270] is hard to place, performance drops: "MetalPlate"
20:07:28.460 [CE][LootRespawner] (PRIDummy) :: Item [271] is hard to place, performance drops: "Mosin9130"
20:07:55.579 [CE][LootRespawner] (PRIDummy) :: Item [272] is hard to place, performance drops: "DressShoes_White"
20:08:51.780 [CE][LootRespawner] (PRIDummy) :: Item [273] is hard to place, performance drops: "PoliceJacket"
20:09:17.770 [CE][LootRespawner] (PRIDummy) :: Item [274] is hard to place, performance drops: "Bandana_RedPattern"
20:09:18.175 [CE][LootRespawner] (PRIDummy) :: Item [275] is hard to place, performance drops: "dzn_yeger_up_woodl"
20:09:18.175 [CE][LootRespawner] (PRIDummy) :: Item [276] is hard to place, performance drops: "dzn_yeger_up_woodl"
20:09:45.629 [CE][LootRespawner] (PRIDummy) :: Item [277] is hard to place, performance drops: "PoliceVest"
20:09:45.629 [CE][LootRespawner] (PRIDummy) :: Item [278] is hard to place, performance drops: "PoliceVest"
20:09:47.170 [CE][LootRespawner] (PRIDummy) :: Item [17] causing search overtime: "dzn_platecarrierpouches_nac"
20:10:13.967 [CE][LootRespawner] (PRIDummy) :: Item [18] causing search overtime: "dzn_platecarrierpouches_nac"
20:10:14.483 !!! [CE][Point] Removing 7662.071289, 8789.262695 from land_hiluxT
20:10:14.483 [CE][LootRespawner] (PRIDummy) :: Item [279] is hard to place, performance drops: "CrudeMachete"
20:11:36.278 [CE][LootRespawner] (PRIDummy) :: Item [280] is hard to place, performance drops: "Sweater_Blue"
20:12:05.282 [CE][LootRespawner] (PRIDummy) :: Item [19] causing search overtime: "dzn_athena3_exp1"
20:12:32.312 [CE][LootRespawner] (PRIDummy) :: Item [281] is hard to place, performance drops: "GorkaEJacket_Flat"
20:12:59.267 [CE][LootRespawner] (PRIDummy) :: Item [282] is hard to place, performance drops: "GlassBottle"
20:12:59.366 [CE][LootRespawner] (PRIDummy) :: Item [283] is hard to place, performance drops: "GasMask_Filter"
20:12:59.467 [CE][LootRespawner] (PRIDummy) :: Item [284] is hard to place, performance drops: "Offroad_02_Wheel"
20:12:59.674 [CE][LootRespawner] (PRIDummy) :: Item [285] is hard to place, performance drops: "TShirt_Blue"
20:13:26.783 [CE][LootRespawner] (PRIDummy) :: Item [286] is hard to place, performance drops: "Sweater_Gray"
20:13:28.218 [CE][LootRespawner] (PRIDummy) :: Item [20] causing search overtime: "dzn_netanyas_log"
20:13:54.536 [CE][LootRespawner] (PRIDummy) :: Item [287] is hard to place, performance drops: "Jeans_Black"
20:13:55.874 [CE][LootRespawner] (PRIDummy) :: Item [288] is hard to place, performance drops: "CodeLock"
20:13:56.79 [CE][LootRespawner] (PRIDummy) :: Item [289] is hard to place, performance drops: "WoodenPlank"
20:13:56.181 [CE][LootRespawner] (PRIDummy) :: Item [290] is hard to place, performance drops: "MetalPlate"
20:14:51.121 [CE][LootRespawner] (PRIDummy) :: Item [291] is hard to place, performance drops: "BomberJacket_Maroon"
20:15:17.139 [CE][LootRespawner] (PRIDummy) :: Item [292] is hard to place, performance drops: "Shovel"
20:15:17.141 [CE][LootRespawner] (PRIDummy) :: Item [293] is hard to place, performance drops: "Shovel"
20:15:18.987 [CE][LootRespawner] (PRIDummy) :: Item [294] is hard to place, performance drops: "PaddedGloves_Beige"
20:15:19.91 [CE][LootRespawner] (PRIDummy) :: Item [295] is hard to place, performance drops: "Screwdriver"
20:15:44.922 [CE][LootRespawner] (PRIDummy) :: Item [296] is hard to place, performance drops: "BurlapSack"
20:15:45.334 [CE][LootRespawner] (PRIDummy) :: Item [297] is hard to place, performance drops: "Crossbow_Autumn"
20:15:45.644 [CE][LootRespawner] (PRIDummy) :: Item [298] is hard to place, performance drops: "PolicePantsOrel"
20:15:46.55 [CE][LootRespawner] (PRIDummy) :: Item [299] is hard to place, performance drops: "TrackSuitJacket_LightBlue"
20:15:47.286 [Shutdown] Shutting down in 2700 seconds (45 minutes).
20:16:12.933 [CE][LootRespawner] (PRIDummy) :: Item [300] is hard to place, performance drops: "FirefighterAxe"
20:16:12.933 [CE][LootRespawner] (PRIDummy) :: Item [301] is hard to place, performance drops: "FirefighterAxe"
20:16:12.933 [CE][LootRespawner] (PRIDummy) :: Item [302] is hard to place, performance drops: "FirefighterAxe"
20:16:13.343 [CE][LootRespawner] (PRIDummy) :: Item [303] is hard to place, performance drops: "SkateHelmet_Black"
20:16:14.271 [CE][LootRespawner] (PRIDummy) :: Item [304] is hard to place, performance drops: "Hoodie_Grey"
20:16:40.281 [CE][LootRespawner] (PRIDummy) :: Item [305] is hard to place, performance drops: "TireRepairKit"
20:17:14.24 [CE][LootRespawner] (PRIDummy) :: Item [306] is hard to place, performance drops: "DressShoes_Sunburst"
20:17:42.766 [CE][LootRespawner] (PRIDummy) :: Item [307] is hard to place, performance drops: "PoliceVest"
20:18:37.719 [CE][LootRespawner] (PRIDummy) :: Item [308] is hard to place, performance drops: "HikingJacket_Blue"
20:19:04.709 [CE][LootRespawner] (PRIDummy) :: Item [309] is hard to place, performance drops: "TShirt_OrangeWhiteStripes"
20:19:04.709 [CE][LootRespawner] (PRIDummy) :: Item [310] is hard to place, performance drops: "TShirt_OrangeWhiteStripes"
20:19:05.724 [CE][LootRespawner] (PRIDummy) :: Item [311] is hard to place, performance drops: "TrackSuitPants_Black"
20:19:05.826 [CE][LootRespawner] (PRIDummy) :: Item [312] is hard to place, performance drops: "SlingBag_Brown"
20:19:05.826 [CE][LootRespawner] (PRIDummy) :: Item [313] is hard to place, performance drops: "SlingBag_Brown"
20:19:05.928 [CE][LootRespawner] (PRIDummy) :: Item [21] causing search overtime: "dzn_athena3_exp1"
20:19:06.337 [CE][LootRespawner] (PRIDummy) :: Item [314] is hard to place, performance drops: "GorkaEJacket_Flat"
20:19:32.714 [CE][LootRespawner] (PRIDummy) :: Item [315] is hard to place, performance drops: "TShirt_Black"
20:20:00.171 [CE][LootRespawner] (PRIDummy) :: Item [316] is hard to place, performance drops: "Iceaxe"
20:20:01.410 [CE][LootRespawner] (PRIDummy) :: Item [317] is hard to place, performance drops: "Flag_Wolf"
20:20:01.510 [CE][LootRespawner] (PRIDummy) :: Item [22] causing search overtime: "dzn_netanyas_log"
20:20:29.264 [CE][LootRespawner] (PRIDummy) :: Item [318] is hard to place, performance drops: "MotoHelmet_Blue"
20:20:29.264 [CE][LootRespawner] (PRIDummy) :: Item [319] is hard to place, performance drops: "MotoHelmet_Blue"
20:20:54.932 [CE][LootRespawner] (PRIDummy) :: Item [320] is hard to place, performance drops: "Tripod"
20:21:22.880 [CE][LootRespawner] (PRIDummy) :: Item [321] is hard to place, performance drops: "Wellies_Brown"
20:21:50.534 [CE][LootRespawner] (PRIDummy) :: Item [322] is hard to place, performance drops: "Balaclava3Holes_Beige"
20:21:50.534 [CE][LootRespawner] (PRIDummy) :: Item [323] is hard to place, performance drops: "Balaclava3Holes_Beige"
20:21:50.637 [CE][LootRespawner] (PRIDummy) :: Item [324] is hard to place, performance drops: "FirefighterAxe"
20:22:22.396 [Disconnect]: Start script disconnect 24806023 (dbCharacterId 21 dbPlayerId 21) logoutTime 15
20:22:26.66 [Disconnect]: Cancel script disconnect 24806023 (dbCharacterId 21 dbPlayerId 21)
20:22:34.196 [Disconnect]: Start script disconnect 24806023 (dbCharacterId 21 dbPlayerId 21) logoutTime 15
20:22:35.639 [Disconnect]: Client 24806023 disconnecting
20:22:35.639 [Disconnect]: Client 24806023 early disconnect
20:22:35.650 [Disconnect]: Start script disconnect 24806023 (dbCharacterId 21 dbPlayerId 21) logoutTime 15
20:22:45.698 [CE][LootRespawner] (PRIDummy) :: Item [325] is hard to place, performance drops: "BalaclavaMask_Blue"
20:22:45.924 [Disconnect]: No packets from 24806023
20:22:45.924 Player Decalacs (24806023) kicked from server: 4 (Connection with host has been lost.)
20:22:46.934 [Disconnect]: Remove player info 24806023
20:22:46.961 [Disconnect]: Player destroy 24806023 
20:22:49.197 [Disconnect]: Finish script disconnect -1 (DjwZqw2KuPoXgvsXA217ti6PB_NDTF4ydk54N7JPWNo=)
20:22:54.38 [Login]: Adding player Decalacs (2067742685) to login queue at position 0
20:22:54.38 [LoginMachine]: Add player Decalacs (2067742685 77.25.18.53:5316)
20:22:54.38 [StateMachine]: Player Decalacs (dpnid 2067742685 uid ) Entering AuthPlayerLoginState
20:22:54.192 [StateMachine]: Player Decalacs (dpnid 2067742685 uid ) Entering WaitAuthPlayerLoginState
20:22:56.827 Player Decalacs (id=DjwZqw2KuPoXgvsXA217ti6PB_NDTF4ydk54N7JPWNo=) has connected.
20:22:56.827 Player "Decalacs"(steamID=76561199213212083) is connected
20:22:56.837 [StateMachine]: Player Decalacs (dpnid 2067742685 uid ) Entering WaitPlayerAssignedLoginState
20:22:58.508 [StateMachine]: Player Decalacs (dpnid 2067742685 uid ) Entering PlayerAssignedLoginState
20:22:58.518 [StateMachine]: Player Decalacs (dpnid 2067742685 uid DjwZqw2KuPoXgvsXA217ti6PB_NDTF4ydk54N7JPWNo=) Entering DBGetLoginTimeLoginState
20:22:58.538 [StateMachine]: Player Decalacs (dpnid 2067742685 uid DjwZqw2KuPoXgvsXA217ti6PB_NDTF4ydk54N7JPWNo=) Entering DBWaitLoginTimeLoginState
20:23:13.516 [CE][LootRespawner] (PRIDummy) :: Item [326] is hard to place, performance drops: "Balaclava3Holes_Blue"
20:23:13.544 [StateMachine]: Player Decalacs (dpnid 2067742685 uid DjwZqw2KuPoXgvsXA217ti6PB_NDTF4ydk54N7JPWNo=) Entering DBGetCharacterLoginState
20:23:13.564 [StateMachine]: Player Decalacs (dpnid 2067742685 uid DjwZqw2KuPoXgvsXA217ti6PB_NDTF4ydk54N7JPWNo=) Entering CreateNetObjectsLoginState
20:23:13.577 [StateMachine]: Player Decalacs (dpnid 2067742685 uid DjwZqw2KuPoXgvsXA217ti6PB_NDTF4ydk54N7JPWNo=) Entering PreloadCamLoginState
20:23:13.585 [StateMachine]: Player Decalacs (dpnid 2067742685 uid DjwZqw2KuPoXgvsXA217ti6PB_NDTF4ydk54N7JPWNo=) Entering WaitPreloadCamLoginState
20:23:15.496 [StateMachine]: Player Decalacs (dpnid 2067742685 uid DjwZqw2KuPoXgvsXA217ti6PB_NDTF4ydk54N7JPWNo=) Entering GetLoadedCharLoginState
20:23:15.557 <LOAD EXISTING CHAR>:
    charID 21
    playerID 21
    dpnid 2067742685
    uid DjwZqw2KuPoXgvsXA217ti6PB_NDTF4ydk54N7JPWNo=
20:23:52.900 [IdleMode] Entering IN - save processed
20:23:54.241 [IdleMode] Leaving OUT
20:24:17.77 [CE][LootRespawner] (PRIDummy) :: Item [327] is hard to place, performance drops: "BurlapSack"
20:24:17.381 [CE][LootRespawner] (PRIDummy) :: Item [328] is hard to place, performance drops: "JumpsuitJacket_Green"
20:24:17.381 [CE][LootRespawner] (PRIDummy) :: Item [329] is hard to place, performance drops: "JumpsuitJacket_Green"
20:24:17.892 [CE][LootRespawner] (PRIDummy) :: Item [330] is hard to place, performance drops: "WoolCoat_Red"
20:24:17.892 [CE][LootRespawner] (PRIDummy) :: Item [331] is hard to place, performance drops: "WoolCoat_Red"
20:24:18.300 [CE][LootRespawner] (PRIDummy) :: Item [332] is hard to place, performance drops: "TrackSuitJacket_Blue"
20:24:45.993 [CE][LootRespawner] (PRIDummy) :: Item [23] causing search overtime: "dzn_alicebag_wintercamo"
20:24:46.199 [CE][LootRespawner] (PRIDummy) :: Item [24] causing search overtime: "dzn_athena3_october"
20:24:46.404 [CE][LootRespawner] (PRIDummy) :: Item [25] causing search overtime: "dzn_athena3_exp1"
20:24:46.505 [CE][LootRespawner] (PRIDummy) :: Item [26] causing search overtime: "dzn_athena3_exp2"
20:25:13.302 [CE][LootRespawner] (PRIDummy) :: Item [333] is hard to place, performance drops: "MountainBag_Orange"
20:25:13.404 [CE][LootRespawner] (PRIDummy) :: Item [27] causing search overtime: "dzn_athena3_exp2"
20:25:39.820 [CE][LootRespawner] (PRIDummy) :: Item [334] is hard to place, performance drops: "CamoNet"
20:25:40.951 [CE][LootRespawner] (PRIDummy) :: Item [335] is hard to place, performance drops: "GorkaPants_Summer"
20:25:41.568 [CE][LootRespawner] (PRIDummy) :: Item [336] is hard to place, performance drops: "M65Jacket_Olive"
20:26:09.306 [CE][LootRespawner] (PRIDummy) :: Item [28] causing search overtime: "dzn_netanyas_log"
20:26:09.408 [CE][LootRespawner] (PRIDummy) :: Item [337] is hard to place, performance drops: "GorkaEJacket_Summer"
20:26:10.858 [CE][Links] found 0 total links between groups, of 10
20:26:10.858 [CE][SpawnRandomLoot] (StaticMedDrop) :: Type: Misc_cargo_cont_net1, lootmin: 4, lootmax: 6, wanted: 4, deloot: 2, containermaxsum: 6
20:26:35.216 [CE][LootRespawner] (PRIDummy) :: Item [338] is hard to place, performance drops: "DressShoes_Beige"
20:26:35.938 [CE][LootRespawner] (PRIDummy) :: Item [339] is hard to place, performance drops: "HuntingVest_Winter"
20:26:35.938 [CE][LootRespawner] (PRIDummy) :: Item [340] is hard to place, performance drops: "HuntingVest_Winter"
20:27:02.791 [CE][LootRespawner] (PRIDummy) :: Item [341] is hard to place, performance drops: "JumpsuitPants_Red"
20:27:30.443 [CE][LootRespawner] (PRIDummy) :: Item [342] is hard to place, performance drops: "MetalPlate"
20:27:30.445 [CE][LootRespawner] (PRIDummy) :: Item [343] is hard to place, performance drops: "MetalPlate"
20:27:31.666 [CE][LootRespawner] (PRIDummy) :: Item [344] is hard to place, performance drops: "Izh18"
20:27:58.596 [CE][LootRespawner] (PRIDummy) :: Item [345] is hard to place, performance drops: "BDUJacket"
20:28:27.544 [CE][LootRespawner] (PRIDummy) :: Item [346] is hard to place, performance drops: "B95"
20:28:53.636 [CE][LootRespawner] (PRIDummy) :: Item [347] is hard to place, performance drops: "Fabric"
20:28:53.637 [CE][LootRespawner] (PRIDummy) :: Item [348] is hard to place, performance drops: "Fabric"
20:28:54.765 [CE][LootRespawner] (PRIDummy) :: Item [349] is hard to place, performance drops: "Ruger1022"
20:29:49.672 [CE][LootRespawner] (PRIDummy) :: Item [350] is hard to place, performance drops: "QuiltedJacket_Red"
20:30:44.506 [CE][LootRespawner] (PRIDummy) :: Item [351] is hard to place, performance drops: "Sedan_02_Wheel"
20:30:44.707 [CE][LootRespawner] (PRIDummy) :: Item [352] is hard to place, performance drops: "WomanSuit_Khaki"
20:30:45.325 [CE][LootRespawner] (PRIDummy) :: Item [353] is hard to place, performance drops: "dzn_alicebag_wintercamo"
20:30:45.325 [CE][LootRespawner] (PRIDummy) :: Item [29] causing search overtime: "dzn_alicebag_wintercamo"
20:31:12.739 [CE][LootRespawner] (PRIDummy) :: Item [354] is hard to place, performance drops: "HuntingVest_Winter"
20:31:12.740 [CE][LootRespawner] (PRIDummy) :: Item [355] is hard to place, performance drops: "HuntingVest_Winter"
20:31:18.382 [Shutdown] Shutting down in 1800 seconds (30 minutes).
20:31:41.97 [CE][LootRespawner] (PRIDummy) :: Item [30] causing search overtime: "dzn_netanyas_log"
20:32:07.427 [CE][LootRespawner] (PRIDummy) :: Item [356] is hard to place, performance drops: "BalaclavaMask_Beige"
20:32:34.866 [CE][LootRespawner] (PRIDummy) :: Item [357] is hard to place, performance drops: "WoodenPlank"
20:32:35.686 [CE][LootRespawner] (PRIDummy) :: Item [358] is hard to place, performance drops: "JumpsuitPants_Red"
20:32:37.230 [CE][Links] found 0 total links between groups, of 11
20:32:37.230 [CE][SpawnRandomLoot] (StaticLifeboat) :: Type: sea_oilrig_lifeboat, lootmin: 2, lootmax: 5, wanted: 2, deloot: 2, containermaxsum: 5
20:33:57.856 [CE][LootRespawner] (PRIDummy) :: Item [359] is hard to place, performance drops: "TrackSuitPants_LightBlue"
20:33:58.65 [CE][LootRespawner] (PRIDummy) :: Item [360] is hard to place, performance drops: "WoolCoat_Beige"
20:34:25.323 [CE][LootRespawner] (PRIDummy) :: Item [361] is hard to place, performance drops: "MetalPlate"
20:34:25.326 [CE][LootRespawner] (PRIDummy) :: Item [362] is hard to place, performance drops: "MetalPlate"
20:34:25.327 [CE][LootRespawner] (PRIDummy) :: Item [363] is hard to place, performance drops: "MetalPlate"
20:34:25.327 [CE][LootRespawner] (PRIDummy) :: Item [364] is hard to place, performance drops: "MetalPlate"
20:34:25.327 [CE][LootRespawner] (PRIDummy) :: Item [365] is hard to place, performance drops: "MetalPlate"
20:34:25.628 [CE][LootRespawner] (PRIDummy) :: Item [366] is hard to place, performance drops: "FryingPan"
20:34:25.933 [CE][LootRespawner] (PRIDummy) :: Item [367] is hard to place, performance drops: "Pickaxe"
20:34:26.547 [CE][LootRespawner] (PRIDummy) :: Item [368] is hard to place, performance drops: "WomanSuit_Beige"
20:34:53.211 [CE][LootRespawner] (PRIDummy) :: Item [369] is hard to place, performance drops: "JumpsuitJacket_Red"
20:34:53.418 [CE][LootRespawner] (PRIDummy) :: Item [370] is hard to place, performance drops: "BomberJacket_Blue"
20:34:53.726 [CE][LootRespawner] (PRIDummy) :: Item [371] is hard to place, performance drops: "ManSuit_Brown"
20:34:54.234 [CE][LootRespawner] (PRIDummy) :: Item [372] is hard to place, performance drops: "dzn_alicebag_wintercamo"
20:34:54.539 [CE][LootRespawner] (PRIDummy) :: Item [373] is hard to place, performance drops: "MotoHelmet_Red"
20:34:54.539 [CE][LootRespawner] (PRIDummy) :: Item [374] is hard to place, performance drops: "MotoHelmet_Red"
20:35:21.41 [CE][LootRespawner] (PRIDummy) :: Item [375] is hard to place, performance drops: "SlacksPants_LightGrey"
20:35:21.42 [CE][LootRespawner] (PRIDummy) :: Item [376] is hard to place, performance drops: "SlacksPants_LightGrey"
20:37:13.104 [CE][LootRespawner] (PRIDummy) :: Item [377] is hard to place, performance drops: "CombinationLock4"
20:37:13.920 [CE][Links] found 0 total links between groups, of 12
20:37:13.920 [CE][SpawnRandomLoot] (StaticMedDrop) :: Type: Misc_cargo_cont_net1, lootmin: 4, lootmax: 6, wanted: 4, deloot: 2, containermaxsum: 6
20:37:39.68 [CE][LootRespawner] (PRIDummy) :: Item [378] is hard to place, performance drops: "GasMask_Filter"
20:37:39.375 [CE][LootRespawner] (PRIDummy) :: Item [379] is hard to place, performance drops: "QuiltedJacket_Grey"
20:38:06.960 [CE][LootRespawner] (PRIDummy) :: Item [380] is hard to place, performance drops: "ChestHolster"
20:38:08.708 [CE][LootRespawner] (PRIDummy) :: Item [381] is hard to place, performance drops: "dzn_gorka_pants_winter"
20:38:35.430 [CE][LootRespawner] (PRIDummy) :: Item [382] is hard to place, performance drops: "Balaclava3Holes_White"
20:39:02.634 [CE][LootRespawner] (PRIDummy) :: Item [383] is hard to place, performance drops: "DownJacket_Green"
20:39:03.40 [CE][LootRespawner] (PRIDummy) :: Item [384] is hard to place, performance drops: "Blouse_Blue"
20:39:03.659 [CE][LootRespawner] (PRIDummy) :: Item [385] is hard to place, performance drops: "SkateHelmet_Green"
20:39:29.757 [CE][LootRespawner] (PRIDummy) :: Item [386] is hard to place, performance drops: "WoodAxe"
20:39:30.63 [CE][LootRespawner] (PRIDummy) :: Item [387] is hard to place, performance drops: "TShirt_Red"
20:40:27.127 [CE][Links] found 2 total links between groups, of 13
20:40:27.127 [CE][SpawnRandomLoot] (StaticMedDrop) :: Type: Misc_cargo_cont_net1, lootmin: 4, lootmax: 6, wanted: 4, deloot: 2, containermaxsum: 6
20:40:53.445 [CE][LootRespawner] (PRIDummy) :: Item [388] is hard to place, performance drops: "BushlatPoliceJacket_Blue"
20:41:21.428 [CE][LootRespawner] (PRIDummy) :: Item [389] is hard to place, performance drops: "Canteen"
20:41:21.530 [CE][LootRespawner] (PRIDummy) :: Item [390] is hard to place, performance drops: "GorkaEJacket_Winter"
20:41:35.501 [Shutdown] Shutting down in 1200 seconds (20 minutes).
20:41:48.154 [CE][LootRespawner] (PRIDummy) :: Item [391] is hard to place, performance drops: "Megaphone"
20:41:48.155 [CE][LootRespawner] (PRIDummy) :: Item [392] is hard to place, performance drops: "Megaphone"
20:41:51.342 [CE][Links] found 2 total links between groups, of 14
20:41:51.342 [CE][SpawnRandomLoot] (StaticMedDrop) :: Type: Misc_cargo_cont_net1, lootmin: 4, lootmax: 6, wanted: 4, deloot: 2, containermaxsum: 6
20:42:16.145 [CE][LootRespawner] (PRIDummy) :: Item [393] is hard to place, performance drops: "TTsKOJacket_Camo"
20:42:16.247 [CE][LootRespawner] (PRIDummy) :: Item [394] is hard to place, performance drops: "TShirt_RedBlackStripes"
20:42:16.248 [CE][LootRespawner] (PRIDummy) :: Item [395] is hard to place, performance drops: "TShirt_RedBlackStripes"
20:42:16.860 [CE][LootRespawner] (PRIDummy) :: Item [396] is hard to place, performance drops: "HuntingJacket_Brown"
20:42:16.860 [CE][LootRespawner] (PRIDummy) :: Item [397] is hard to place, performance drops: "HuntingJacket_Brown"
20:42:16.860 [CE][LootRespawner] (PRIDummy) :: Item [398] is hard to place, performance drops: "HuntingJacket_Brown"
20:42:44.629 [CE][LootRespawner] (PRIDummy) :: Item [399] is hard to place, performance drops: "GorkaPants_Summer"
20:42:44.629 [CE][LootRespawner] (PRIDummy) :: Item [400] is hard to place, performance drops: "GorkaPants_Summer"
20:43:10.921 [CE][LootRespawner] (PRIDummy) :: Item [401] is hard to place, performance drops: "CamoNet"
20:43:15.538 [CE][Links] found 2 total links between groups, of 15
20:43:15.538 [CE][SpawnRandomLoot] (StaticMedDrop) :: Type: Misc_cargo_cont_net1, lootmin: 4, lootmax: 6, wanted: 4, deloot: 2, containermaxsum: 6
20:43:15.541 [CE][Links] found 2 total links between groups, of 16
20:43:15.541 [CE][SpawnRandomLoot] (StaticMedDrop) :: Type: Misc_cargo_cont_net1, lootmin: 4, lootmax: 6, wanted: 4, deloot: 2, containermaxsum: 6
20:43:38.828 [CE][LootRespawner] (PRIDummy) :: Item [402] is hard to place, performance drops: "Sweater_Green"
20:43:38.931 [CE][LootRespawner] (PRIDummy) :: Item [403] is hard to place, performance drops: "WoolCoat_BlackCheck"
20:43:39.136 [CE][LootRespawner] (PRIDummy) :: Item [404] is hard to place, performance drops: "TrackSuitPants_Black"
20:43:39.136 [CE][LootRespawner] (PRIDummy) :: Item [405] is hard to place, performance drops: "TrackSuitPants_Black"
20:43:40.471 [CE][LootRespawner] (PRIDummy) :: Item [406] is hard to place, performance drops: "Crossbow_Black"
20:44:06.671 [CE][LootRespawner] (PRIDummy) :: Item [407] is hard to place, performance drops: "TrackSuitPants_Red"
20:44:34.244 [CE][LootRespawner] (PRIDummy) :: Item [408] is hard to place, performance drops: "Pickaxe"
20:44:34.245 [CE][LootRespawner] (PRIDummy) :: Item [409] is hard to place, performance drops: "Pickaxe"
20:44:35.269 [CE][LootRespawner] (PRIDummy) :: Item [31] causing search overtime: "SVD_Wooden"
20:45:03.565 [CE][LootRespawner] (PRIDummy) :: Item [410] is hard to place, performance drops: "LugWrench"
20:45:29.843 [CE][LootRespawner] (PRIDummy) :: Item [411] is hard to place, performance drops: "MetalPlate"
20:45:57.19 [CE][LootRespawner] (PRIDummy) :: Item [412] is hard to place, performance drops: "Shovel"
20:45:57.20 [CE][LootRespawner] (PRIDummy) :: Item [413] is hard to place, performance drops: "Shovel"
20:45:57.733 [CE][LootRespawner] (PRIDummy) :: Item [414] is hard to place, performance drops: "Plastic_Explosive"
20:46:44.267 [Shutdown] Shutting down in 900 seconds (15 minutes).
20:47:20.177 [CE][LootRespawner] (PRIDummy) :: Item [415] is hard to place, performance drops: "GasMask_Filter"
20:47:20.691 [CE][LootRespawner] (PRIDummy) :: Item [416] is hard to place, performance drops: "TrackSuitJacket_Red"
20:47:20.691 [CE][LootRespawner] (PRIDummy) :: Item [417] is hard to place, performance drops: "TrackSuitJacket_Red"
20:47:48.97 [CE][LootRespawner] (PRIDummy) :: Item [418] is hard to place, performance drops: "WomanSuit_Brown"
20:48:43.247 [CE][LootRespawner] (PRIDummy) :: Item [419] is hard to place, performance drops: "ConstructionHelmet_White"
20:49:39.191 [CE][LootRespawner] (PRIDummy) :: Item [32] causing search overtime: "SVD_Wooden"
20:49:39.499 [CE][LootRespawner] (PRIDummy) :: Item [420] is hard to place, performance drops: "dzn_sumrak_up_coldw"
20:50:07.21 [CE][LootRespawner] (PRIDummy) :: Item [421] is hard to place, performance drops: "SlacksPants_DarkGrey"
20:50:33.564 [CE][LootRespawner] (PRIDummy) :: Item [33] causing search overtime: "dzn_detector"
20:51:02.465 [CE][LootRespawner] (PRIDummy) :: Item [422] is hard to place, performance drops: "Izh18"
20:51:30.721 [CE][LootRespawner] (PRIDummy) :: Item [423] is hard to place, performance drops: "HuntingVest"
20:51:30.721 [CE][LootRespawner] (PRIDummy) :: Item [424] is hard to place, performance drops: "HuntingVest"
20:51:30.721 [CE][LootRespawner] (PRIDummy) :: Item [425] is hard to place, performance drops: "HuntingVest"
20:51:52.649 [Shutdown] Shutting down in 600 seconds (10 minutes).
20:51:57.277 [CE][LootRespawner] (PRIDummy) :: Item [426] is hard to place, performance drops: "PressVest_Blue"
20:51:57.789 [CE][LootRespawner] (PRIDummy) :: Item [427] is hard to place, performance drops: "JoggingShoes_Black"
20:51:57.895 [CE][LootRespawner] (PRIDummy) :: Item [428] is hard to place, performance drops: "DownJacket_Red"
20:51:58.00 [CE][LootRespawner] (PRIDummy) :: Item [429] is hard to place, performance drops: "Truck_01_WheelDouble"
20:52:24.600 [CE][LootRespawner] (PRIDummy) :: Item [430] is hard to place, performance drops: "PoliceVest"
20:52:25.05 [CE][LootRespawner] (PRIDummy) :: Item [431] is hard to place, performance drops: "HockeyMask"
20:52:25.516 [CE][LootRespawner] (PRIDummy) :: Item [432] is hard to place, performance drops: "Flag_CHEL"
20:52:52.438 [CE][LootRespawner] (PRIDummy) :: Item [433] is hard to place, performance drops: "FirefighterAxe"
20:52:53.256 [CE][LootRespawner] (PRIDummy) :: Item [434] is hard to place, performance drops: "TTSKOPants"
20:52:53.866 [CE][LootRespawner] (PRIDummy) :: Item [34] causing search overtime: "dzn_module_card"
20:54:14.822 [CE][LootRespawner] (PRIDummy) :: Item [435] is hard to place, performance drops: "BalaclavaMask_White"
20:54:14.927 [CE][LootRespawner] (PRIDummy) :: Item [436] is hard to place, performance drops: "Blouse_Violet"
20:54:15.133 [CE][LootRespawner] (PRIDummy) :: Item [437] is hard to place, performance drops: "Hoodie_Blue"
20:54:15.234 [CE][LootRespawner] (PRIDummy) :: Item [438] is hard to place, performance drops: "TrackSuitPants_Green"
20:54:16.368 [CE][LootRespawner] (PRIDummy) :: Item [439] is hard to place, performance drops: "SlingBag_Brown"
20:54:42.457 [CE][LootRespawner] (PRIDummy) :: Item [440] is hard to place, performance drops: "WoodenPlank"
20:55:10.105 [CE][LootRespawner] (PRIDummy) :: Item [441] is hard to place, performance drops: "BaseballBat"
20:55:10.106 [CE][LootRespawner] (PRIDummy) :: Item [442] is hard to place, performance drops: "BaseballBat"
20:55:10.311 [CE][LootRespawner] (PRIDummy) :: Item [443] is hard to place, performance drops: "Sweater_Red"
20:55:10.927 [CE][LootRespawner] (PRIDummy) :: Item [444] is hard to place, performance drops: "ManSuit_Blue"
20:56:05.657 [CE][LootRespawner] (PRIDummy) :: Item [445] is hard to place, performance drops: "WorkingGloves_Black"
20:56:05.657 [CE][LootRespawner] (PRIDummy) :: Item [446] is hard to place, performance drops: "WorkingGloves_Black"
20:56:05.868 [CE][LootRespawner] (PRIDummy) :: Item [447] is hard to place, performance drops: "BurlapSack"
20:56:07.107 [CE][LootRespawner] (PRIDummy) :: Item [35] causing search overtime: "SVD_Wooden"
20:56:33.483 [CE][LootRespawner] (PRIDummy) :: Item [448] is hard to place, performance drops: "Jeans_Grey"
20:56:33.687 [CE][LootRespawner] (PRIDummy) :: Item [449] is hard to place, performance drops: "Broom"
20:56:33.789 [CE][LootRespawner] (PRIDummy) :: Item [450] is hard to place, performance drops: "Hoodie_Green"
20:57:01.142 [Shutdown] Shutting down in 300 seconds (5 minutes).
20:57:01.543 [CE][LootRespawner] (PRIDummy) :: Item [451] is hard to place, performance drops: "ManSuit_Beige"
20:57:01.545 [CE][LootRespawner] (PRIDummy) :: Item [452] is hard to place, performance drops: "ManSuit_Beige"
20:57:02.59 [CE][LootRespawner] (PRIDummy) :: Item [453] is hard to place, performance drops: "MetalPlate"
20:57:02.67 [CE][LootRespawner] (PRIDummy) :: Item [454] is hard to place, performance drops: "MetalPlate"
20:57:30.423 [CE][LootRespawner] (PRIDummy) :: Item [455] is hard to place, performance drops: "HikingBoots_Black"
20:57:58.56 [CE][LootRespawner] (PRIDummy) :: Item [456] is hard to place, performance drops: "WorkingGloves_Black"
20:57:58.56 [CE][LootRespawner] (PRIDummy) :: Item [457] is hard to place, performance drops: "WorkingGloves_Black"
20:58:02.809 [Shutdown] Shutting down in 240 seconds (4 minutes).
20:58:23.959 [CE][LootRespawner] (PRIDummy) :: Item [458] is hard to place, performance drops: "ReflexVest"
20:58:23.959 [CE][LootRespawner] (PRIDummy) :: Item [459] is hard to place, performance drops: "ReflexVest"
20:58:23.959 [CE][LootRespawner] (PRIDummy) :: Item [460] is hard to place, performance drops: "ReflexVest"
20:58:25.188 [CE][LootRespawner] (PRIDummy) :: Item [461] is hard to place, performance drops: "HuntingVest"
20:58:25.189 [CE][LootRespawner] (PRIDummy) :: Item [462] is hard to place, performance drops: "HuntingVest"
20:58:51.425 [CE][LootRespawner] (PRIDummy) :: Item [463] is hard to place, performance drops: "WoodAxe"
20:58:51.425 [CE][LootRespawner] (PRIDummy) :: Item [464] is hard to place, performance drops: "WoodAxe"
20:58:51.425 [CE][LootRespawner] (PRIDummy) :: Item [465] is hard to place, performance drops: "WoodAxe"
20:58:53.365 [CE][LootRespawner] (PRIDummy) :: Item [466] is hard to place, performance drops: "SlacksPants_Black"
20:59:04.461 [Shutdown] Shutting down in 180 seconds (3 minutes).
20:59:19.794 [CE][LootRespawner] (PRIDummy) :: Item [467] is hard to place, performance drops: "Sickle"
21:00:06.182 [Shutdown] Shutting down in 120 seconds (2 minutes).
21:00:14.726 [CE][LootRespawner] (PRIDummy) :: Item [468] is hard to place, performance drops: "Sedan_02_Wheel"
21:00:42.463 [CE][LootRespawner] (PRIDummy) :: Item [469] is hard to place, performance drops: "WoodenPlank"
21:00:43.185 [CE][LootRespawner] (PRIDummy) :: Item [470] is hard to place, performance drops: "NBCBootsGray"
21:01:07.832 [Shutdown] Shutting down in 60 seconds (1 minutes).
21:01:07.932 [Shutdown] Saving players, locking server and kicking all players.
21:01:07.933 Player Decalacs (2067742685) kicked from server: 11 (Server is shutting down.)
21:01:07.936 [Disconnect]: Client 2067742685 early disconnect
21:01:07.941 [Disconnect]: Start script disconnect 2067742685 (dbCharacterId 21 dbPlayerId 21) logoutTime 0
21:01:07.953 [Disconnect]: Finish script disconnect 2067742685 (DjwZqw2KuPoXgvsXA217ti6PB_NDTF4ydk54N7JPWNo=)
21:01:07.953 [Disconnect]: DisconnectPlayerFinish 2067742685
21:01:07.953 [Disconnect]: Remove player info 2067742685
21:01:07.975 [Disconnect]: Player destroy 2067742685 
21:01:37.505 [CE][LootRespawner] (PRIDummy) :: Item [471] is hard to place, performance drops: "BurlapSack"
21:02:05.423 [CE][LootRespawner] (PRIDummy) :: Item [472] is hard to place, performance drops: "BalaclavaMask_Pink"
21:02:05.423 [CE][LootRespawner] (PRIDummy) :: Item [473] is hard to place, performance drops: "BalaclavaMask_Pink"
21:02:05.424 [CE][LootRespawner] (PRIDummy) :: Item [474] is hard to place, performance drops: "BalaclavaMask_Pink"
21:02:06.562 [CE][LootRespawner] (PRIDummy) :: Item [475] is hard to place, performance drops: "FlatCap_BrownCheck"
21:02:06.562 [CE][LootRespawner] (PRIDummy) :: Item [476] is hard to place, performance drops: "FlatCap_BrownCheck"
21:02:09.664 [Server] :: termination in: 5
21:02:10.665 [Server] :: termination in: 4
21:02:11.665 [Server] :: termination in: 3
21:02:12.666 [Server] :: termination in: 2
21:02:13.666 [Server] :: termination in: 1
21:02:32.15  --- Termination successfully completed --- 
