=====================================================================
== C:\SERVICES\ni10839481_1_SHARE\ftproot\dayzstandalone\DayZServer_x64.exe
== "C:\SERVICES\ni10839481_1_SHARE\ftproot\dayzstandalone\DayZServer_x64.exe" -ip=85.190.162.236 -port=11200 -cpuCount=4 -limitFPS=100 -config=serverDZ.cfg "-mod=@Namalsk Survival;@Namalsk Island;@Zens Zombie Door Bangers;@Ear-Plugs;@Code Lock" -profiles=C:\SERVICES\ni10839481_1_SHARE\ftproot\dayzstandalone/config -BEPath=C:\SERVICES\ni10839481_1_SHARE\ftproot\dayzstandalone\battleye -noFilePatching -nologs -adminlog -freezecheck
=====================================================================
Exe timestamp: 2025/04/04 00:49:20
Current time:  2025/04/23 20:52:08
Version 1.27.159674
=====================================================================

20:52:08.823 [Inputs] Loading inputs default "bin/constants.xml"
20:52:08.831 [Inputs] Loading inputs default "bin/specific.xml"
20:52:08.833 [Inputs] Loading inputs default "EarPlugs/data/inputs.xml"
20:52:08.835 [Inputs] Loading inputs default "nst/ns_dayz/scripts/Data/Inputs.xml"
20:52:08.837 [Inputs] Loading inputs cfg "C:\SERVICES\ni10839481_1_SHARE\ftproot\dayzstandalone/config\Users\Survivor\Server.core.xml"
20:52:08.849 [Inputs] Exporting inputs cfg "C:\SERVICES\ni10839481_1_SHARE\ftproot\dayzstandalone/config\Users\Survivor\Server.core.xml"
20:52:28.961 Hostname of server: "Aid Station | Namalsk"
20:52:37.576 [CE][Hive] :: Initializing OFFLINE
20:52:37.578 [StorageDirs] :: Selected storage directory: C:\SERVICES\ni10839481_1_SHARE\ftproot\dayzstandalone\mpmissions\regular.namalsk\storage_1\
20:52:37.583 [CE][Hive] :: Loading core data ... 
20:52:37.587 [CE][CoreData] :: 8 root classes, 0 defaults, 0 updaters...
20:52:45.582 [CE] :: WARNING :: Preset map "headsFirefighter" is EMPTY.
20:52:45.584 [CE][TypeSetup] :: 599 classes setuped...
20:52:46.220 [CE][RegisterBind] :: 0 classes binded...
20:52:46.220 [CE][RegisterConfig] :: 5794 config classes registered, 0 sub-counters...
20:52:46.220 [CE][Hive] :: Loading map data ... 
20:52:46.272 [CE][LoadPrototype] :: loaded 256 prototypes
20:52:46.272   404 containers, 7415 points
20:52:46.272   1 dispatches, 1 proxies
20:52:46.272 !!! [CE][LoadPrototype] 1 groups have wrong points...
20:52:46.272 [CE][LoadPrototype] :: last group name: land_frozen_person...
20:52:46.279 [CE][LoadPrototype] :: loaded 0 prototypes
20:52:46.279   38 containers, 66 points
20:52:46.279   0 dispatches, 0 proxies
20:52:46.279 [CE][LoadPrototype] :: last group name: StoneLoc38...
20:52:46.348 [CE][LoadMap] "Group" :: loaded 1445 groups, groups failed: 0, largest group range: 36.4
20:52:46.352 [CE][LoadMap] "Dirt" :: loaded 0 groups, groups failed: 0, largest group range: 36.4
20:52:46.357 [CE][Links] found 472 total links between groups, of 1445
20:52:46.357 [CE][LoadClusters] "Cluster" :: Loading files...
20:52:46.372 [CE][LoadClusters] :: file: "mapgroupcluster.xml", 1 types, 2418 instances
20:52:46.375 [CE][Storage] ver:21 stamp:49383, valid:yes, name:"C:\SERVICES\ni10839481_1_SHARE\ftproot\dayzstandalone\mpmissions\regular.namalsk\storage_1\data\types.bin"
20:52:46.377 [CE][Storage] ver:21 stamp:47216, valid:yes, name:"C:\SERVICES\ni10839481_1_SHARE\ftproot\dayzstandalone\mpmissions\regular.namalsk\storage_1\data\types.001"
20:52:46.378 [CE][Storage] ver:21 stamp:47217, valid:yes, name:"C:\SERVICES\ni10839481_1_SHARE\ftproot\dayzstandalone\mpmissions\regular.namalsk\storage_1\data\types.002"
20:52:46.378 [CE][Storage] Restoring file "C:\SERVICES\ni10839481_1_SHARE\ftproot\dayzstandalone\mpmissions\regular.namalsk\storage_1\data\types.bin".
20:52:46.434 [CE][offlineDB] :: Loaded 23 dynamic events 177 total types.
20:52:46.462 !!! [CE][offlineDB] :: Type 'ChristmasTree' will be ignored. (Not spawnable. (Scope is not public?))
20:52:46.483 [CE][DE][SPAWNS] :: Total positions: 711
20:52:46.483 [CE][DE][GROUPS] :: Total eventgroups defined: 0, Eventgroups in use: 0
20:52:46.484 [CE][Storage] ver:25 stamp:49383, valid:yes, name:"C:\SERVICES\ni10839481_1_SHARE\ftproot\dayzstandalone\mpmissions\regular.namalsk\storage_1\data\events.bin"
20:52:46.485 [CE][Storage] ver:25 stamp:47216, valid:yes, name:"C:\SERVICES\ni10839481_1_SHARE\ftproot\dayzstandalone\mpmissions\regular.namalsk\storage_1\data\events.001"
20:52:46.487 [CE][Storage] ver:25 stamp:47217, valid:yes, name:"C:\SERVICES\ni10839481_1_SHARE\ftproot\dayzstandalone\mpmissions\regular.namalsk\storage_1\data\events.002"
20:52:46.487 [CE][Storage] Restoring file "C:\SERVICES\ni10839481_1_SHARE\ftproot\dayzstandalone\mpmissions\regular.namalsk\storage_1\data\events.bin".
20:52:46.487 [CE][DynamicEvent] Load  Events:[23] Primary spawners: 23 Secondary spawners: 0
20:52:46.488 [CE][Storage] ver:25 stamp:49383, valid:yes, name:"C:\SERVICES\ni10839481_1_SHARE\ftproot\dayzstandalone\mpmissions\regular.namalsk\storage_1\data\dynamic_000.bin"
20:52:46.489 [CE][Storage] ver:25 stamp:47216, valid:yes, name:"C:\SERVICES\ni10839481_1_SHARE\ftproot\dayzstandalone\mpmissions\regular.namalsk\storage_1\data\dynamic_000.001"
20:52:46.491 [CE][Storage] ver:25 stamp:47217, valid:yes, name:"C:\SERVICES\ni10839481_1_SHARE\ftproot\dayzstandalone\mpmissions\regular.namalsk\storage_1\data\dynamic_000.002"
20:52:46.491 [CE][Storage] Restoring file "C:\SERVICES\ni10839481_1_SHARE\ftproot\dayzstandalone\mpmissions\regular.namalsk\storage_1\data\dynamic_000.bin" 1 items.
20:52:46.492   1 items loaded. (0 failed)
20:52:46.494 [CE][Storage] ver:25 stamp:49383, valid:yes, name:"C:\SERVICES\ni10839481_1_SHARE\ftproot\dayzstandalone\mpmissions\regular.namalsk\storage_1\data\dynamic_001.bin"
20:52:46.495 [CE][Storage] ver:25 stamp:47216, valid:yes, name:"C:\SERVICES\ni10839481_1_SHARE\ftproot\dayzstandalone\mpmissions\regular.namalsk\storage_1\data\dynamic_001.001"
20:52:46.496 [CE][Storage] ver:25 stamp:47217, valid:yes, name:"C:\SERVICES\ni10839481_1_SHARE\ftproot\dayzstandalone\mpmissions\regular.namalsk\storage_1\data\dynamic_001.002"
20:52:46.496 [CE][Storage] Restoring file "C:\SERVICES\ni10839481_1_SHARE\ftproot\dayzstandalone\mpmissions\regular.namalsk\storage_1\data\dynamic_001.bin" 27 items.
20:52:46.571   27 items loaded. (0 failed)
20:52:46.573 [CE][Storage] ver:25 stamp:49383, valid:yes, name:"C:\SERVICES\ni10839481_1_SHARE\ftproot\dayzstandalone\mpmissions\regular.namalsk\storage_1\data\dynamic_002.bin"
20:52:46.574 [CE][Storage] ver:25 stamp:47216, valid:yes, name:"C:\SERVICES\ni10839481_1_SHARE\ftproot\dayzstandalone\mpmissions\regular.namalsk\storage_1\data\dynamic_002.001"
20:52:46.577 [CE][Storage] ver:25 stamp:47217, valid:yes, name:"C:\SERVICES\ni10839481_1_SHARE\ftproot\dayzstandalone\mpmissions\regular.namalsk\storage_1\data\dynamic_002.002"
20:52:46.577 [CE][Storage] Restoring file "C:\SERVICES\ni10839481_1_SHARE\ftproot\dayzstandalone\mpmissions\regular.namalsk\storage_1\data\dynamic_002.bin" 61 items.
20:52:46.684   61 items loaded. (0 failed)
20:52:46.686 [CE][Storage] ver:25 stamp:49383, valid:yes, name:"C:\SERVICES\ni10839481_1_SHARE\ftproot\dayzstandalone\mpmissions\regular.namalsk\storage_1\data\dynamic_003.bin"
20:52:46.688 [CE][Storage] ver:25 stamp:47216, valid:yes, name:"C:\SERVICES\ni10839481_1_SHARE\ftproot\dayzstandalone\mpmissions\regular.namalsk\storage_1\data\dynamic_003.001"
20:52:46.690 [CE][Storage] ver:25 stamp:47217, valid:yes, name:"C:\SERVICES\ni10839481_1_SHARE\ftproot\dayzstandalone\mpmissions\regular.namalsk\storage_1\data\dynamic_003.002"
20:52:46.691 [CE][Storage] Restoring file "C:\SERVICES\ni10839481_1_SHARE\ftproot\dayzstandalone\mpmissions\regular.namalsk\storage_1\data\dynamic_003.bin" 726 items.
20:52:47.423   726 items loaded. (0 failed)
20:52:47.425 [CE][Storage] ver:25 stamp:49383, valid:yes, name:"C:\SERVICES\ni10839481_1_SHARE\ftproot\dayzstandalone\mpmissions\regular.namalsk\storage_1\data\dynamic_004.bin"
20:52:47.427 [CE][Storage] ver:25 stamp:47216, valid:yes, name:"C:\SERVICES\ni10839481_1_SHARE\ftproot\dayzstandalone\mpmissions\regular.namalsk\storage_1\data\dynamic_004.001"
20:52:47.430 [CE][Storage] ver:25 stamp:47217, valid:yes, name:"C:\SERVICES\ni10839481_1_SHARE\ftproot\dayzstandalone\mpmissions\regular.namalsk\storage_1\data\dynamic_004.002"
20:52:47.430 [CE][Storage] Restoring file "C:\SERVICES\ni10839481_1_SHARE\ftproot\dayzstandalone\mpmissions\regular.namalsk\storage_1\data\dynamic_004.bin" 1644 items.
20:52:48.506   1644 items loaded. (0 failed)
20:52:48.508 [CE][Storage] ver:25 stamp:49383, valid:yes, name:"C:\SERVICES\ni10839481_1_SHARE\ftproot\dayzstandalone\mpmissions\regular.namalsk\storage_1\data\dynamic_005.bin"
20:52:48.511 [CE][Storage] ver:25 stamp:47216, valid:yes, name:"C:\SERVICES\ni10839481_1_SHARE\ftproot\dayzstandalone\mpmissions\regular.namalsk\storage_1\data\dynamic_005.001"
20:52:48.513 [CE][Storage] ver:25 stamp:47217, valid:yes, name:"C:\SERVICES\ni10839481_1_SHARE\ftproot\dayzstandalone\mpmissions\regular.namalsk\storage_1\data\dynamic_005.002"
20:52:48.513 [CE][Storage] Restoring file "C:\SERVICES\ni10839481_1_SHARE\ftproot\dayzstandalone\mpmissions\regular.namalsk\storage_1\data\dynamic_005.bin" 748 items.
20:52:50.422   748 items loaded. (0 failed)
20:52:50.424 [CE][Storage] ver:25 stamp:49383, valid:yes, name:"C:\SERVICES\ni10839481_1_SHARE\ftproot\dayzstandalone\mpmissions\regular.namalsk\storage_1\data\dynamic_006.bin"
20:52:50.426 [CE][Storage] ver:25 stamp:47216, valid:yes, name:"C:\SERVICES\ni10839481_1_SHARE\ftproot\dayzstandalone\mpmissions\regular.namalsk\storage_1\data\dynamic_006.001"
20:52:50.429 [CE][Storage] ver:25 stamp:47217, valid:yes, name:"C:\SERVICES\ni10839481_1_SHARE\ftproot\dayzstandalone\mpmissions\regular.namalsk\storage_1\data\dynamic_006.002"
20:52:50.429 [CE][Storage] Restoring file "C:\SERVICES\ni10839481_1_SHARE\ftproot\dayzstandalone\mpmissions\regular.namalsk\storage_1\data\dynamic_006.bin" 1690 items.
20:52:51.227   1690 items loaded. (0 failed)
20:52:51.228 [CE][Storage] ver:25 stamp:49383, valid:yes, name:"C:\SERVICES\ni10839481_1_SHARE\ftproot\dayzstandalone\mpmissions\regular.namalsk\storage_1\data\dynamic_007.bin"
20:52:51.231 [CE][Storage] ver:25 stamp:47216, valid:yes, name:"C:\SERVICES\ni10839481_1_SHARE\ftproot\dayzstandalone\mpmissions\regular.namalsk\storage_1\data\dynamic_007.001"
20:52:51.233 [CE][Storage] ver:25 stamp:47217, valid:yes, name:"C:\SERVICES\ni10839481_1_SHARE\ftproot\dayzstandalone\mpmissions\regular.namalsk\storage_1\data\dynamic_007.002"
20:52:51.233 [CE][Storage] Restoring file "C:\SERVICES\ni10839481_1_SHARE\ftproot\dayzstandalone\mpmissions\regular.namalsk\storage_1\data\dynamic_007.bin" 583 items.
20:52:51.552   583 items loaded. (0 failed)
20:52:51.564 [CE][Storage] ver:25 stamp:49383, valid:yes, name:"C:\SERVICES\ni10839481_1_SHARE\ftproot\dayzstandalone\mpmissions\regular.namalsk\storage_1\data\dynamic_008.bin"
20:52:51.576 [CE][Storage] ver:25 stamp:47216, valid:yes, name:"C:\SERVICES\ni10839481_1_SHARE\ftproot\dayzstandalone\mpmissions\regular.namalsk\storage_1\data\dynamic_008.001"
20:52:51.588 [CE][Storage] ver:25 stamp:47217, valid:yes, name:"C:\SERVICES\ni10839481_1_SHARE\ftproot\dayzstandalone\mpmissions\regular.namalsk\storage_1\data\dynamic_008.002"
20:52:51.588 [CE][Storage] Restoring file "C:\SERVICES\ni10839481_1_SHARE\ftproot\dayzstandalone\mpmissions\regular.namalsk\storage_1\data\dynamic_008.bin" 124 items.
20:52:51.676   124 items loaded. (0 failed)
20:52:51.689 [CE][Storage] ver:25 stamp:49383, valid:yes, name:"C:\SERVICES\ni10839481_1_SHARE\ftproot\dayzstandalone\mpmissions\regular.namalsk\storage_1\data\dynamic_009.bin"
20:52:51.701 [CE][Storage] ver:25 stamp:47216, valid:yes, name:"C:\SERVICES\ni10839481_1_SHARE\ftproot\dayzstandalone\mpmissions\regular.namalsk\storage_1\data\dynamic_009.001"
20:52:51.713 [CE][Storage] ver:25 stamp:47217, valid:yes, name:"C:\SERVICES\ni10839481_1_SHARE\ftproot\dayzstandalone\mpmissions\regular.namalsk\storage_1\data\dynamic_009.002"
20:52:51.714 [CE][Storage] Restoring file "C:\SERVICES\ni10839481_1_SHARE\ftproot\dayzstandalone\mpmissions\regular.namalsk\storage_1\data\dynamic_009.bin" 0 items.
20:52:51.714   0 items loaded. (0 failed)
20:52:51.726 [CE][Storage] ver:25 stamp:49383, valid:yes, name:"C:\SERVICES\ni10839481_1_SHARE\ftproot\dayzstandalone\mpmissions\regular.namalsk\storage_1\data\dynamic_010.bin"
20:52:51.739 [CE][Storage] ver:25 stamp:47216, valid:yes, name:"C:\SERVICES\ni10839481_1_SHARE\ftproot\dayzstandalone\mpmissions\regular.namalsk\storage_1\data\dynamic_010.001"
20:52:51.751 [CE][Storage] ver:25 stamp:47217, valid:yes, name:"C:\SERVICES\ni10839481_1_SHARE\ftproot\dayzstandalone\mpmissions\regular.namalsk\storage_1\data\dynamic_010.002"
20:52:51.752 [CE][Storage] Restoring file "C:\SERVICES\ni10839481_1_SHARE\ftproot\dayzstandalone\mpmissions\regular.namalsk\storage_1\data\dynamic_010.bin" 35 items.
20:52:51.775   35 items loaded. (0 failed)
20:52:51.789 [CE][Storage] ver:25 stamp:49383, valid:yes, name:"C:\SERVICES\ni10839481_1_SHARE\ftproot\dayzstandalone\mpmissions\regular.namalsk\storage_1\data\dynamic_011.bin"
20:52:51.802 [CE][Storage] ver:25 stamp:47216, valid:yes, name:"C:\SERVICES\ni10839481_1_SHARE\ftproot\dayzstandalone\mpmissions\regular.namalsk\storage_1\data\dynamic_011.001"
20:52:51.814 [CE][Storage] ver:25 stamp:47217, valid:yes, name:"C:\SERVICES\ni10839481_1_SHARE\ftproot\dayzstandalone\mpmissions\regular.namalsk\storage_1\data\dynamic_011.002"
20:52:51.818 [CE][Storage] Restoring file "C:\SERVICES\ni10839481_1_SHARE\ftproot\dayzstandalone\mpmissions\regular.namalsk\storage_1\data\dynamic_011.bin" 41 items.
20:52:51.854   41 items loaded. (0 failed)
20:52:51.866 [CE][Storage] ver:26 stamp:49383, valid:yes, name:"C:\SERVICES\ni10839481_1_SHARE\ftproot\dayzstandalone\mpmissions\regular.namalsk\storage_1\data\building.bin"
20:52:51.879 [CE][Storage] ver:26 stamp:47216, valid:yes, name:"C:\SERVICES\ni10839481_1_SHARE\ftproot\dayzstandalone\mpmissions\regular.namalsk\storage_1\data\building.001"
20:52:51.892 [CE][Storage] ver:26 stamp:47217, valid:yes, name:"C:\SERVICES\ni10839481_1_SHARE\ftproot\dayzstandalone\mpmissions\regular.namalsk\storage_1\data\building.002"
20:52:51.892 [CE][Storage] Restoring file "C:\SERVICES\ni10839481_1_SHARE\ftproot\dayzstandalone\mpmissions\regular.namalsk\storage_1\data\building.bin" 0 items.
20:52:51.892   0 items loaded. (0 failed)
20:52:51.905 [CE][Storage] ver:25 stamp:49383, valid:yes, name:"C:\SERVICES\ni10839481_1_SHARE\ftproot\dayzstandalone\mpmissions\regular.namalsk\storage_1\data\vehicles.bin"
20:52:51.919 [CE][Storage] ver:25 stamp:47216, valid:yes, name:"C:\SERVICES\ni10839481_1_SHARE\ftproot\dayzstandalone\mpmissions\regular.namalsk\storage_1\data\vehicles.001"
20:52:51.932 [CE][Storage] ver:25 stamp:47217, valid:yes, name:"C:\SERVICES\ni10839481_1_SHARE\ftproot\dayzstandalone\mpmissions\regular.namalsk\storage_1\data\vehicles.002"
20:52:51.932 [CE][Storage] Restoring file "C:\SERVICES\ni10839481_1_SHARE\ftproot\dayzstandalone\mpmissions\regular.namalsk\storage_1\data\vehicles.bin" 54 items.
20:52:52.326   54 items loaded. (0 failed)
20:52:52.395 [CE][Hive] :: Storage load took:5.91 seconds, recovery stamp:49383
20:52:52.395   entity: 8346, building: 0
20:52:52.395   no lifetime: 8
20:52:52.395   pathgraph's: 317
20:52:52.429 [CE][Hive] :: Initializing ... 
20:52:52.468 [CE][InitializeMap] :: initialized: 0
20:52:52.468 [CE][Hive] :: Initializing spawners ... 
20:52:52.468 [CE][LootRespawner] (PRIDummy) :: Initially (re)spawned:0, Nominal:6458, Total in Map: 5777 at 0 (sec)
20:52:52.468   tests:0, repeats:0 fails:0, overtime:0
20:52:56.640 [CE][DynEvent] :: 23 types
20:52:56.640 [00] Loot
20:52:56.640   Primary Spawner: "Loot", active: yes, repeat: 2
20:52:56.640 [01] StaticMedDrop
20:52:56.640   Primary Spawner: "Static", active: yes, repeat: 1
20:52:56.640 [02] StaticLifeboat
20:52:56.640   Primary Spawner: "Static", active: yes, repeat: 1
20:52:56.640 [03] ItemWoodenPlanks
20:52:56.640   Primary Spawner: "Item", active: yes, repeat: 1
20:52:56.640 [04] TrajectoryStones
20:52:56.640   Primary Spawner: "Trajectory", active: yes, repeat: 1
20:52:56.640 [05] InfectedSanta
20:52:56.640   Primary Spawner: "Infected", active: yes, repeat: 1
20:52:56.640 [06] InfectedArmy
20:52:56.640   Primary Spawner: "Infected", active: yes, repeat: 1
20:52:56.640 [07] InfectedIndustrial
20:52:56.640   Primary Spawner: "Infected", active: yes, repeat: 1
20:52:56.640 [08] InfectedCivil
20:52:56.640   Primary Spawner: "Infected", active: yes, repeat: 1
20:52:56.641 [09] InfectedMedic
20:52:56.641   Primary Spawner: "Infected", active: yes, repeat: 1
20:52:56.641 [10] AnimalGoat
20:52:56.641   Primary Spawner: "Animal", active: yes, repeat: 1
20:52:56.641 [11] AnimalSheep
20:52:56.641   Primary Spawner: "Animal", active: yes, repeat: 1
20:52:56.641 [12] AnimalReindeer
20:52:56.641   Primary Spawner: "Animal", active: yes, repeat: 1
20:52:56.641 [13] AnimalWildBoar
20:52:56.641   Primary Spawner: "Animal", active: yes, repeat: 1
20:52:56.641 [14] AnimalWolf
20:52:56.641   Primary Spawner: "Animal", active: yes, repeat: 1
20:52:56.641 [15] AnimalBrownBear
20:52:56.641   Primary Spawner: "Animal", active: yes, repeat: 1
20:52:56.641 [16] AnimalPolarBear
20:52:56.641   Primary Spawner: "Animal", active: yes, repeat: 1
20:52:56.641 [17] AmbientFox
20:52:56.641   Primary Spawner: "Ambient", active: yes, repeat: 1
20:52:56.641 [18] AmbientHare
20:52:56.641   Primary Spawner: "Ambient", active: yes, repeat: 1
20:52:56.641 [19] VehicleRubberBoats
20:52:56.641   Primary Spawner: "Vehicle", active: yes, repeat: 1
20:52:56.641 [20] VehicleCivilianCars
20:52:56.641   Primary Spawner: "Vehicle", active: yes, repeat: 1
20:52:56.641 [21] VehicleTrucks
20:52:56.641   Primary Spawner: "Vehicle", active: yes, repeat: 1
20:52:56.641 [22] VehicleMilitary
20:52:56.641   Primary Spawner: "Vehicle", active: yes, repeat: 1
20:52:56.641 [CE][Hive] :: Initializing of spawners done.
20:52:56.646 [CE][Hive] :: Init sequence finished.
20:52:56.646 Player connect enabled
20:52:57.31 [IdleMode] Entering IN - save processed
 3:32:31.639 [Shutdown] Shutting down in 5400 seconds (90 minutes).
 4:03:06.343 [Shutdown] Shutting down in 3600 seconds (60 minutes).
 4:18:23.378 [Shutdown] Shutting down in 2700 seconds (45 minutes).
 4:24:25.82  --- Termination successfully completed --- 
