---------------------------------------------
Log C:\SERVICES\ni10839481_1_SHARE\ftproot\dayzstandalone\config\crash_2025-06-02_12-43-07.log started at 02.06. 12:43:50



------------------------------------
MS2871, 02.06 2025 12:43:50
[WeaponStableState::ValidateMuzzleArray] :: [ERROR] :: Muzzle array validation has failed. Please set up the correct muzzle states by overriding InitMuzzleArray.
Class:      'WeaponStableState'
Function: 'ValidateMuzzleArray'
Stack trace:
scripts/4_World/entities\firearms\fsm\states\weaponstablestate.c:191
scripts/4_World/entities\firearms\fsm\states\weaponstablestate.c:36
scripts/4_World/entities\firearms\rifle_base.c:22
scripts/4_World/entities\firearms\weapon_base.c:128
$CurrentDir:mpmissions\regular.namalsk\init.c:7

Runtime mode
CLI params: ip 85.190.162.236 port 11200 cpuCount 4 limitFPS 100 config serverDZ.cfg mod @Namalsk Survival;@Namalsk Island;@Zens Zombie Door Bangers;@Ear-Plugs;@Code Lock profiles C:\SERVICES\ni10839481_1_SHARE\ftproot\dayzstandalone/config BEPath C:\SERVICES\ni10839481_1_SHARE\ftproot\dayzstandalone\battleye noFilePatching  nologs  adminlog  freezecheck  


------------------------------------
MS2871, 02.06 2025 12:43:51
[WeaponStableState::ValidateMuzzleArray] :: [ERROR] :: Muzzle array validation has failed. Please set up the correct muzzle states by overriding InitMuzzleArray.
Class:      'WeaponStableState'
Function: 'ValidateMuzzleArray'
Stack trace:
scripts/4_World/entities\firearms\fsm\states\weaponstablestate.c:191
scripts/4_World/entities\firearms\fsm\states\weaponstablestate.c:36
scripts/4_World/entities\firearms\rifle_base.c:22
scripts/4_World/entities\firearms\weapon_base.c:128
$CurrentDir:mpmissions\regular.namalsk\init.c:7

Runtime mode
CLI params: ip 85.190.162.236 port 11200 cpuCount 4 limitFPS 100 config serverDZ.cfg mod @Namalsk Survival;@Namalsk Island;@Zens Zombie Door Bangers;@Ear-Plugs;@Code Lock profiles C:\SERVICES\ni10839481_1_SHARE\ftproot\dayzstandalone/config BEPath C:\SERVICES\ni10839481_1_SHARE\ftproot\dayzstandalone\battleye noFilePatching  nologs  adminlog  freezecheck  


------------------------------------
MS2871, 02.06 2025 12:43:51
[WeaponStableState::ValidateMuzzleArray] :: [ERROR] :: Muzzle array validation has failed. Please set up the correct muzzle states by overriding InitMuzzleArray.
Class:      'WeaponStableState'
Function: 'ValidateMuzzleArray'
Stack trace:
scripts/4_World/entities\firearms\fsm\states\weaponstablestate.c:191
scripts/4_World/entities\firearms\fsm\states\weaponstablestate.c:36
scripts/4_World/entities\firearms\rifle_base.c:22
scripts/4_World/entities\firearms\weapon_base.c:128
$CurrentDir:mpmissions\regular.namalsk\init.c:7

Runtime mode
CLI params: ip 85.190.162.236 port 11200 cpuCount 4 limitFPS 100 config serverDZ.cfg mod @Namalsk Survival;@Namalsk Island;@Zens Zombie Door Bangers;@Ear-Plugs;@Code Lock profiles C:\SERVICES\ni10839481_1_SHARE\ftproot\dayzstandalone/config BEPath C:\SERVICES\ni10839481_1_SHARE\ftproot\dayzstandalone\battleye noFilePatching  nologs  adminlog  freezecheck  


------------------------------------
MS2871, 02.06 2025 12:43:51
[WeaponStableState::ValidateMuzzleArray] :: [ERROR] :: Muzzle array validation has failed. Please set up the correct muzzle states by overriding InitMuzzleArray.
Class:      'WeaponStableState'
Function: 'ValidateMuzzleArray'
Stack trace:
scripts/4_World/entities\firearms\fsm\states\weaponstablestate.c:191
scripts/4_World/entities\firearms\fsm\states\weaponstablestate.c:36
scripts/4_World/entities\firearms\rifle_base.c:22
scripts/4_World/entities\firearms\weapon_base.c:128
$CurrentDir:mpmissions\regular.namalsk\init.c:7

Runtime mode
CLI params: ip 85.190.162.236 port 11200 cpuCount 4 limitFPS 100 config serverDZ.cfg mod @Namalsk Survival;@Namalsk Island;@Zens Zombie Door Bangers;@Ear-Plugs;@Code Lock profiles C:\SERVICES\ni10839481_1_SHARE\ftproot\dayzstandalone/config BEPath C:\SERVICES\ni10839481_1_SHARE\ftproot\dayzstandalone\battleye noFilePatching  nologs  adminlog  freezecheck  


------------------------------------
MS2871, 02.06 2025 12:43:55
[WeaponStableState::ValidateMuzzleArray] :: [ERROR] :: Muzzle array validation has failed. Please set up the correct muzzle states by overriding InitMuzzleArray.
Class:      'WeaponStableState'
Function: 'ValidateMuzzleArray'
Stack trace:
scripts/4_World/entities\firearms\fsm\states\weaponstablestate.c:191
scripts/4_World/entities\firearms\fsm\states\weaponstablestate.c:36
scripts/4_World/entities\firearms\rifle_base.c:22
scripts/4_World/entities\firearms\weapon_base.c:128
$CurrentDir:mpmissions\regular.namalsk\init.c:7

Runtime mode
CLI params: ip 85.190.162.236 port 11200 cpuCount 4 limitFPS 100 config serverDZ.cfg mod @Namalsk Survival;@Namalsk Island;@Zens Zombie Door Bangers;@Ear-Plugs;@Code Lock profiles C:\SERVICES\ni10839481_1_SHARE\ftproot\dayzstandalone/config BEPath C:\SERVICES\ni10839481_1_SHARE\ftproot\dayzstandalone\battleye noFilePatching  nologs  adminlog  freezecheck  


------------------------------------
MS2871, 02.06 2025 20:07:57
[WeaponStableState::ValidateMuzzleArray] :: [ERROR] :: Muzzle array validation has failed. Please set up the correct muzzle states by overriding InitMuzzleArray.
Class:      'WeaponStableState'
Function: 'ValidateMuzzleArray'
Stack trace:
scripts/4_World/entities\firearms\fsm\states\weaponstablestate.c:191
scripts/4_World/entities\firearms\fsm\states\weaponstablestate.c:36
scripts/4_World/entities\firearms\rifle_base.c:22
scripts/4_World/entities\firearms\weapon_base.c:128

Runtime mode
CLI params: ip 85.190.162.236 port 11200 cpuCount 4 limitFPS 100 config serverDZ.cfg mod @Namalsk Survival;@Namalsk Island;@Zens Zombie Door Bangers;@Ear-Plugs;@Code Lock profiles C:\SERVICES\ni10839481_1_SHARE\ftproot\dayzstandalone/config BEPath C:\SERVICES\ni10839481_1_SHARE\ftproot\dayzstandalone\battleye noFilePatching  nologs  adminlog  freezecheck  


------------------------------------
MS2871, 02.06 2025 20:14:25
[WeaponStableState::ValidateMuzzleArray] :: [ERROR] :: Muzzle array validation has failed. Please set up the correct muzzle states by overriding InitMuzzleArray.
Class:      'WeaponStableState'
Function: 'ValidateMuzzleArray'
Stack trace:
scripts/4_World/entities\firearms\fsm\states\weaponstablestate.c:191
scripts/4_World/entities\firearms\fsm\states\weaponstablestate.c:36
scripts/4_World/entities\firearms\rifle_base.c:22
scripts/4_World/entities\firearms\weapon_base.c:128

Runtime mode
CLI params: ip 85.190.162.236 port 11200 cpuCount 4 limitFPS 100 config serverDZ.cfg mod @Namalsk Survival;@Namalsk Island;@Zens Zombie Door Bangers;@Ear-Plugs;@Code Lock profiles C:\SERVICES\ni10839481_1_SHARE\ftproot\dayzstandalone/config BEPath C:\SERVICES\ni10839481_1_SHARE\ftproot\dayzstandalone\battleye noFilePatching  nologs  adminlog  freezecheck  


------------------------------------
MS2871, 02.06 2025 20:30:06
[WeaponStableState::ValidateMuzzleArray] :: [ERROR] :: Muzzle array validation has failed. Please set up the correct muzzle states by overriding InitMuzzleArray.
Class:      'WeaponStableState'
Function: 'ValidateMuzzleArray'
Stack trace:
scripts/4_World/entities\firearms\fsm\states\weaponstablestate.c:191
scripts/4_World/entities\firearms\fsm\states\weaponstablestate.c:36
scripts/4_World/entities\firearms\rifle_base.c:22
scripts/4_World/entities\firearms\weapon_base.c:128

Runtime mode
CLI params: ip 85.190.162.236 port 11200 cpuCount 4 limitFPS 100 config serverDZ.cfg mod @Namalsk Survival;@Namalsk Island;@Zens Zombie Door Bangers;@Ear-Plugs;@Code Lock profiles C:\SERVICES\ni10839481_1_SHARE\ftproot\dayzstandalone/config BEPath C:\SERVICES\ni10839481_1_SHARE\ftproot\dayzstandalone\battleye noFilePatching  nologs  adminlog  freezecheck  
