=====================================================================
== C:\SERVICES\ni10839481_1_SHARE\ftproot\dayzstandalone\DayZServer_x64.exe
== "C:\SERVICES\ni10839481_1_SHARE\ftproot\dayzstandalone\DayZServer_x64.exe" -ip=85.190.162.236 -port=11200 -cpuCount=4 -limitFPS=100 -config=serverDZ.cfg "-mod=@Namalsk Survival;@Namalsk Island;@Zens Zombie Door Bangers;@Ear-Plugs;@Code Lock" -profiles=C:\SERVICES\ni10839481_1_SHARE\ftproot\dayzstandalone/config -BEPath=C:\SERVICES\ni10839481_1_SHARE\ftproot\dayzstandalone\battleye -noFilePatching -nologs -adminlog -freezecheck
=====================================================================
Exe timestamp: 2025/04/04 00:49:20
Current time:  2025/05/15 04:25:10
Version 1.27.159674
=====================================================================

 4:25:10.624 [Inputs] Loading inputs default "bin/constants.xml"
 4:25:10.632 [Inputs] Loading inputs default "bin/specific.xml"
 4:25:10.635 [Inputs] Loading inputs default "EarPlugs/data/inputs.xml"
 4:25:10.637 [Inputs] Loading inputs default "nst/ns_dayz/scripts/Data/Inputs.xml"
 4:25:10.639 [Inputs] Loading inputs cfg "C:\SERVICES\ni10839481_1_SHARE\ftproot\dayzstandalone/config\Users\Survivor\Server.core.xml"
 4:25:10.652 [Inputs] Exporting inputs cfg "C:\SERVICES\ni10839481_1_SHARE\ftproot\dayzstandalone/config\Users\Survivor\Server.core.xml"
 4:25:32.383 Hostname of server: "Aid Station | Namalsk"
 4:25:41.04 [CE][Hive] :: Initializing OFFLINE
 4:25:41.05 [StorageDirs] :: Selected storage directory: C:\SERVICES\ni10839481_1_SHARE\ftproot\dayzstandalone\mpmissions\regular.namalsk\storage_1\
 4:25:41.08 [CE][Hive] :: Loading core data ... 
 4:25:41.12 [CE][CoreData] :: 8 root classes, 0 defaults, 0 updaters...
 4:25:49.998 [CE] :: WARNING :: Preset map "headsFirefighter" is EMPTY.
 4:25:49.999 [CE][TypeSetup] :: 599 classes setuped...
 4:25:50.591 [CE][RegisterBind] :: 0 classes binded...
 4:25:50.591 [CE][RegisterConfig] :: 5794 config classes registered, 0 sub-counters...
 4:25:50.591 [CE][Hive] :: Loading map data ... 
 4:25:50.642 [CE][LoadPrototype] :: loaded 256 prototypes
 4:25:50.642   404 containers, 7415 points
 4:25:50.642   1 dispatches, 1 proxies
 4:25:50.642 !!! [CE][LoadPrototype] 1 groups have wrong points...
 4:25:50.642 [CE][LoadPrototype] :: last group name: land_frozen_person...
 4:25:50.650 [CE][LoadPrototype] :: loaded 0 prototypes
 4:25:50.650   38 containers, 66 points
 4:25:50.650   0 dispatches, 0 proxies
 4:25:50.650 [CE][LoadPrototype] :: last group name: StoneLoc38...
 4:25:50.738 [CE][LoadMap] "Group" :: loaded 1445 groups, groups failed: 0, largest group range: 36.4
 4:25:50.744 [CE][LoadMap] "Dirt" :: loaded 0 groups, groups failed: 0, largest group range: 36.4
 4:25:50.749 [CE][Links] found 472 total links between groups, of 1445
 4:25:50.749 [CE][LoadClusters] "Cluster" :: Loading files...
 4:25:50.768 [CE][LoadClusters] :: file: "mapgroupcluster.xml", 1 types, 2418 instances
 4:25:50.771 [CE][Storage] ver:21 stamp:96921, valid:yes, name:"C:\SERVICES\ni10839481_1_SHARE\ftproot\dayzstandalone\mpmissions\regular.namalsk\storage_1\data\types.bin"
 4:25:50.773 [CE][Storage] ver:21 stamp:96794, valid:yes, name:"C:\SERVICES\ni10839481_1_SHARE\ftproot\dayzstandalone\mpmissions\regular.namalsk\storage_1\data\types.001"
 4:25:50.794 [CE][Storage] ver:21 stamp:96795, valid:yes, name:"C:\SERVICES\ni10839481_1_SHARE\ftproot\dayzstandalone\mpmissions\regular.namalsk\storage_1\data\types.002"
 4:25:50.794 [CE][Storage] Restoring file "C:\SERVICES\ni10839481_1_SHARE\ftproot\dayzstandalone\mpmissions\regular.namalsk\storage_1\data\types.bin".
 4:25:50.849 [CE][offlineDB] :: Loaded 23 dynamic events 177 total types.
 4:25:50.879 !!! [CE][offlineDB] :: Type 'ChristmasTree' will be ignored. (Not spawnable. (Scope is not public?))
 4:25:50.901 [CE][DE][SPAWNS] :: Total positions: 711
 4:25:50.901 [CE][DE][GROUPS] :: Total eventgroups defined: 0, Eventgroups in use: 0
 4:25:50.903 [CE][Storage] ver:25 stamp:96921, valid:yes, name:"C:\SERVICES\ni10839481_1_SHARE\ftproot\dayzstandalone\mpmissions\regular.namalsk\storage_1\data\events.bin"
 4:25:50.904 [CE][Storage] ver:25 stamp:96794, valid:yes, name:"C:\SERVICES\ni10839481_1_SHARE\ftproot\dayzstandalone\mpmissions\regular.namalsk\storage_1\data\events.001"
 4:25:50.905 [CE][Storage] ver:25 stamp:96795, valid:yes, name:"C:\SERVICES\ni10839481_1_SHARE\ftproot\dayzstandalone\mpmissions\regular.namalsk\storage_1\data\events.002"
 4:25:50.905 [CE][Storage] Restoring file "C:\SERVICES\ni10839481_1_SHARE\ftproot\dayzstandalone\mpmissions\regular.namalsk\storage_1\data\events.bin".
 4:25:50.905 [CE][DynamicEvent] Load  Events:[23] Primary spawners: 23 Secondary spawners: 0
 4:25:50.907 [CE][Storage] ver:25 stamp:96921, valid:yes, name:"C:\SERVICES\ni10839481_1_SHARE\ftproot\dayzstandalone\mpmissions\regular.namalsk\storage_1\data\dynamic_000.bin"
 4:25:50.908 [CE][Storage] ver:25 stamp:96794, valid:yes, name:"C:\SERVICES\ni10839481_1_SHARE\ftproot\dayzstandalone\mpmissions\regular.namalsk\storage_1\data\dynamic_000.001"
 4:25:50.910 [CE][Storage] ver:25 stamp:96795, valid:yes, name:"C:\SERVICES\ni10839481_1_SHARE\ftproot\dayzstandalone\mpmissions\regular.namalsk\storage_1\data\dynamic_000.002"
 4:25:50.910 [CE][Storage] Restoring file "C:\SERVICES\ni10839481_1_SHARE\ftproot\dayzstandalone\mpmissions\regular.namalsk\storage_1\data\dynamic_000.bin" 1 items.
 4:25:50.911   1 items loaded. (0 failed)
 4:25:50.913 [CE][Storage] ver:25 stamp:96921, valid:yes, name:"C:\SERVICES\ni10839481_1_SHARE\ftproot\dayzstandalone\mpmissions\regular.namalsk\storage_1\data\dynamic_001.bin"
 4:25:50.914 [CE][Storage] ver:25 stamp:96794, valid:yes, name:"C:\SERVICES\ni10839481_1_SHARE\ftproot\dayzstandalone\mpmissions\regular.namalsk\storage_1\data\dynamic_001.001"
 4:25:50.916 [CE][Storage] ver:25 stamp:96795, valid:yes, name:"C:\SERVICES\ni10839481_1_SHARE\ftproot\dayzstandalone\mpmissions\regular.namalsk\storage_1\data\dynamic_001.002"
 4:25:50.916 [CE][Storage] Restoring file "C:\SERVICES\ni10839481_1_SHARE\ftproot\dayzstandalone\mpmissions\regular.namalsk\storage_1\data\dynamic_001.bin" 30 items.
 4:25:51.00   30 items loaded. (0 failed)
 4:25:51.01 [CE][Storage] ver:25 stamp:96921, valid:yes, name:"C:\SERVICES\ni10839481_1_SHARE\ftproot\dayzstandalone\mpmissions\regular.namalsk\storage_1\data\dynamic_002.bin"
 4:25:51.03 [CE][Storage] ver:25 stamp:96794, valid:yes, name:"C:\SERVICES\ni10839481_1_SHARE\ftproot\dayzstandalone\mpmissions\regular.namalsk\storage_1\data\dynamic_002.001"
 4:25:51.04 [CE][Storage] ver:25 stamp:96795, valid:yes, name:"C:\SERVICES\ni10839481_1_SHARE\ftproot\dayzstandalone\mpmissions\regular.namalsk\storage_1\data\dynamic_002.002"
 4:25:51.04 [CE][Storage] Restoring file "C:\SERVICES\ni10839481_1_SHARE\ftproot\dayzstandalone\mpmissions\regular.namalsk\storage_1\data\dynamic_002.bin" 66 items.
 4:25:51.109   66 items loaded. (0 failed)
 4:25:51.111 [CE][Storage] ver:25 stamp:96921, valid:yes, name:"C:\SERVICES\ni10839481_1_SHARE\ftproot\dayzstandalone\mpmissions\regular.namalsk\storage_1\data\dynamic_003.bin"
 4:25:51.113 [CE][Storage] ver:25 stamp:96794, valid:yes, name:"C:\SERVICES\ni10839481_1_SHARE\ftproot\dayzstandalone\mpmissions\regular.namalsk\storage_1\data\dynamic_003.001"
 4:25:51.118 [CE][Storage] ver:25 stamp:96795, valid:yes, name:"C:\SERVICES\ni10839481_1_SHARE\ftproot\dayzstandalone\mpmissions\regular.namalsk\storage_1\data\dynamic_003.002"
 4:25:51.119 [CE][Storage] Restoring file "C:\SERVICES\ni10839481_1_SHARE\ftproot\dayzstandalone\mpmissions\regular.namalsk\storage_1\data\dynamic_003.bin" 756 items.
 4:25:51.800   756 items loaded. (0 failed)
 4:25:51.804 [CE][Storage] ver:25 stamp:96921, valid:yes, name:"C:\SERVICES\ni10839481_1_SHARE\ftproot\dayzstandalone\mpmissions\regular.namalsk\storage_1\data\dynamic_004.bin"
 4:25:51.806 [CE][Storage] ver:25 stamp:96794, valid:yes, name:"C:\SERVICES\ni10839481_1_SHARE\ftproot\dayzstandalone\mpmissions\regular.namalsk\storage_1\data\dynamic_004.001"
 4:25:51.808 [CE][Storage] ver:25 stamp:96795, valid:yes, name:"C:\SERVICES\ni10839481_1_SHARE\ftproot\dayzstandalone\mpmissions\regular.namalsk\storage_1\data\dynamic_004.002"
 4:25:51.808 [CE][Storage] Restoring file "C:\SERVICES\ni10839481_1_SHARE\ftproot\dayzstandalone\mpmissions\regular.namalsk\storage_1\data\dynamic_004.bin" 1649 items.
 4:25:52.827   1649 items loaded. (0 failed)
 4:25:52.829 [CE][Storage] ver:25 stamp:96921, valid:yes, name:"C:\SERVICES\ni10839481_1_SHARE\ftproot\dayzstandalone\mpmissions\regular.namalsk\storage_1\data\dynamic_005.bin"
 4:25:52.831 [CE][Storage] ver:25 stamp:96794, valid:yes, name:"C:\SERVICES\ni10839481_1_SHARE\ftproot\dayzstandalone\mpmissions\regular.namalsk\storage_1\data\dynamic_005.001"
 4:25:52.833 [CE][Storage] ver:25 stamp:96795, valid:yes, name:"C:\SERVICES\ni10839481_1_SHARE\ftproot\dayzstandalone\mpmissions\regular.namalsk\storage_1\data\dynamic_005.002"
 4:25:52.833 [CE][Storage] Restoring file "C:\SERVICES\ni10839481_1_SHARE\ftproot\dayzstandalone\mpmissions\regular.namalsk\storage_1\data\dynamic_005.bin" 825 items.
 4:25:54.706   825 items loaded. (0 failed)
 4:25:54.707 [CE][Storage] ver:25 stamp:96921, valid:yes, name:"C:\SERVICES\ni10839481_1_SHARE\ftproot\dayzstandalone\mpmissions\regular.namalsk\storage_1\data\dynamic_006.bin"
 4:25:54.710 [CE][Storage] ver:25 stamp:96794, valid:yes, name:"C:\SERVICES\ni10839481_1_SHARE\ftproot\dayzstandalone\mpmissions\regular.namalsk\storage_1\data\dynamic_006.001"
 4:25:54.712 [CE][Storage] ver:25 stamp:96795, valid:yes, name:"C:\SERVICES\ni10839481_1_SHARE\ftproot\dayzstandalone\mpmissions\regular.namalsk\storage_1\data\dynamic_006.002"
 4:25:54.712 [CE][Storage] Restoring file "C:\SERVICES\ni10839481_1_SHARE\ftproot\dayzstandalone\mpmissions\regular.namalsk\storage_1\data\dynamic_006.bin" 1692 items.
 4:25:55.560   1692 items loaded. (0 failed)
 4:25:55.563 [CE][Storage] ver:25 stamp:96921, valid:yes, name:"C:\SERVICES\ni10839481_1_SHARE\ftproot\dayzstandalone\mpmissions\regular.namalsk\storage_1\data\dynamic_007.bin"
 4:25:55.565 [CE][Storage] ver:25 stamp:96794, valid:yes, name:"C:\SERVICES\ni10839481_1_SHARE\ftproot\dayzstandalone\mpmissions\regular.namalsk\storage_1\data\dynamic_007.001"
 4:25:55.567 [CE][Storage] ver:25 stamp:96795, valid:yes, name:"C:\SERVICES\ni10839481_1_SHARE\ftproot\dayzstandalone\mpmissions\regular.namalsk\storage_1\data\dynamic_007.002"
 4:25:55.567 [CE][Storage] Restoring file "C:\SERVICES\ni10839481_1_SHARE\ftproot\dayzstandalone\mpmissions\regular.namalsk\storage_1\data\dynamic_007.bin" 586 items.
 4:25:55.827   586 items loaded. (0 failed)
 4:25:55.829 [CE][Storage] ver:25 stamp:96921, valid:yes, name:"C:\SERVICES\ni10839481_1_SHARE\ftproot\dayzstandalone\mpmissions\regular.namalsk\storage_1\data\dynamic_008.bin"
 4:25:55.831 [CE][Storage] ver:25 stamp:96794, valid:yes, name:"C:\SERVICES\ni10839481_1_SHARE\ftproot\dayzstandalone\mpmissions\regular.namalsk\storage_1\data\dynamic_008.001"
 4:25:55.833 [CE][Storage] ver:25 stamp:96795, valid:yes, name:"C:\SERVICES\ni10839481_1_SHARE\ftproot\dayzstandalone\mpmissions\regular.namalsk\storage_1\data\dynamic_008.002"
 4:25:55.833 [CE][Storage] Restoring file "C:\SERVICES\ni10839481_1_SHARE\ftproot\dayzstandalone\mpmissions\regular.namalsk\storage_1\data\dynamic_008.bin" 127 items.
 4:25:55.914   127 items loaded. (0 failed)
 4:25:55.915 [CE][Storage] ver:25 stamp:96921, valid:yes, name:"C:\SERVICES\ni10839481_1_SHARE\ftproot\dayzstandalone\mpmissions\regular.namalsk\storage_1\data\dynamic_009.bin"
 4:25:55.917 [CE][Storage] ver:25 stamp:96794, valid:yes, name:"C:\SERVICES\ni10839481_1_SHARE\ftproot\dayzstandalone\mpmissions\regular.namalsk\storage_1\data\dynamic_009.001"
 4:25:55.918 [CE][Storage] ver:25 stamp:96795, valid:yes, name:"C:\SERVICES\ni10839481_1_SHARE\ftproot\dayzstandalone\mpmissions\regular.namalsk\storage_1\data\dynamic_009.002"
 4:25:55.918 [CE][Storage] Restoring file "C:\SERVICES\ni10839481_1_SHARE\ftproot\dayzstandalone\mpmissions\regular.namalsk\storage_1\data\dynamic_009.bin" 0 items.
 4:25:55.918   0 items loaded. (0 failed)
 4:25:55.919 [CE][Storage] ver:25 stamp:96921, valid:yes, name:"C:\SERVICES\ni10839481_1_SHARE\ftproot\dayzstandalone\mpmissions\regular.namalsk\storage_1\data\dynamic_010.bin"
 4:25:55.921 [CE][Storage] ver:25 stamp:96794, valid:yes, name:"C:\SERVICES\ni10839481_1_SHARE\ftproot\dayzstandalone\mpmissions\regular.namalsk\storage_1\data\dynamic_010.001"
 4:25:55.922 [CE][Storage] ver:25 stamp:96795, valid:yes, name:"C:\SERVICES\ni10839481_1_SHARE\ftproot\dayzstandalone\mpmissions\regular.namalsk\storage_1\data\dynamic_010.002"
 4:25:55.922 [CE][Storage] Restoring file "C:\SERVICES\ni10839481_1_SHARE\ftproot\dayzstandalone\mpmissions\regular.namalsk\storage_1\data\dynamic_010.bin" 35 items.
 4:25:56.05   35 items loaded. (0 failed)
 4:25:56.07 [CE][Storage] ver:25 stamp:96921, valid:yes, name:"C:\SERVICES\ni10839481_1_SHARE\ftproot\dayzstandalone\mpmissions\regular.namalsk\storage_1\data\dynamic_011.bin"
 4:25:56.08 [CE][Storage] ver:25 stamp:96794, valid:yes, name:"C:\SERVICES\ni10839481_1_SHARE\ftproot\dayzstandalone\mpmissions\regular.namalsk\storage_1\data\dynamic_011.001"
 4:25:56.10 [CE][Storage] ver:25 stamp:96795, valid:yes, name:"C:\SERVICES\ni10839481_1_SHARE\ftproot\dayzstandalone\mpmissions\regular.namalsk\storage_1\data\dynamic_011.002"
 4:25:56.10 [CE][Storage] Restoring file "C:\SERVICES\ni10839481_1_SHARE\ftproot\dayzstandalone\mpmissions\regular.namalsk\storage_1\data\dynamic_011.bin" 50 items.
 4:25:56.146   50 items loaded. (0 failed)
 4:25:56.148 [CE][Storage] ver:26 stamp:96921, valid:yes, name:"C:\SERVICES\ni10839481_1_SHARE\ftproot\dayzstandalone\mpmissions\regular.namalsk\storage_1\data\building.bin"
 4:25:56.149 [CE][Storage] ver:26 stamp:96794, valid:yes, name:"C:\SERVICES\ni10839481_1_SHARE\ftproot\dayzstandalone\mpmissions\regular.namalsk\storage_1\data\building.001"
 4:25:56.151 [CE][Storage] ver:26 stamp:96795, valid:yes, name:"C:\SERVICES\ni10839481_1_SHARE\ftproot\dayzstandalone\mpmissions\regular.namalsk\storage_1\data\building.002"
 4:25:56.151 [CE][Storage] Restoring file "C:\SERVICES\ni10839481_1_SHARE\ftproot\dayzstandalone\mpmissions\regular.namalsk\storage_1\data\building.bin" 0 items.
 4:25:56.151   0 items loaded. (0 failed)
 4:25:56.152 [CE][Storage] ver:25 stamp:96921, valid:yes, name:"C:\SERVICES\ni10839481_1_SHARE\ftproot\dayzstandalone\mpmissions\regular.namalsk\storage_1\data\vehicles.bin"
 4:25:56.154 [CE][Storage] ver:25 stamp:96794, valid:yes, name:"C:\SERVICES\ni10839481_1_SHARE\ftproot\dayzstandalone\mpmissions\regular.namalsk\storage_1\data\vehicles.001"
 4:25:56.156 [CE][Storage] ver:25 stamp:96795, valid:yes, name:"C:\SERVICES\ni10839481_1_SHARE\ftproot\dayzstandalone\mpmissions\regular.namalsk\storage_1\data\vehicles.002"
 4:25:56.156 [CE][Storage] Restoring file "C:\SERVICES\ni10839481_1_SHARE\ftproot\dayzstandalone\mpmissions\regular.namalsk\storage_1\data\vehicles.bin" 57 items.
 4:25:56.317   57 items loaded. (0 failed)
 4:25:56.338 [CE][Hive] :: Storage load took:5.44 seconds, recovery stamp:96921
 4:25:56.338   entity: 9669, building: 0
 4:25:56.338   no lifetime: 14
 4:25:56.338   pathgraph's: 448
 4:25:56.342 [CE][Hive] :: Initializing ... 
 4:25:56.378 [CE][InitializeMap] :: initialized: 0
 4:25:56.378 [CE][Hive] :: Initializing spawners ... 
 4:25:56.379 [CE][LootRespawner] (PRIDummy) :: Initially (re)spawned:0, Nominal:6458, Total in Map: 5921 at 0 (sec)
 4:25:56.379   tests:0, repeats:0 fails:0, overtime:0
 4:25:59.162 [CE][DynEvent] :: 23 types
 4:25:59.162 [00] Loot
 4:25:59.162   Primary Spawner: "Loot", active: yes, repeat: 2
 4:25:59.162 [01] StaticMedDrop
 4:25:59.162   Primary Spawner: "Static", active: yes, repeat: 1
 4:25:59.162 [02] StaticLifeboat
 4:25:59.162   Primary Spawner: "Static", active: yes, repeat: 1
 4:25:59.162 [03] ItemWoodenPlanks
 4:25:59.162   Primary Spawner: "Item", active: yes, repeat: 1
 4:25:59.162 [04] TrajectoryStones
 4:25:59.162   Primary Spawner: "Trajectory", active: yes, repeat: 1
 4:25:59.162 [05] InfectedSanta
 4:25:59.162   Primary Spawner: "Infected", active: yes, repeat: 1
 4:25:59.162 [06] InfectedArmy
 4:25:59.162   Primary Spawner: "Infected", active: yes, repeat: 1
 4:25:59.162 [07] InfectedIndustrial
 4:25:59.162   Primary Spawner: "Infected", active: yes, repeat: 1
 4:25:59.162 [08] InfectedCivil
 4:25:59.162   Primary Spawner: "Infected", active: yes, repeat: 1
 4:25:59.162 [09] InfectedMedic
 4:25:59.162   Primary Spawner: "Infected", active: yes, repeat: 1
 4:25:59.162 [10] AnimalGoat
 4:25:59.162   Primary Spawner: "Animal", active: yes, repeat: 1
 4:25:59.162 [11] AnimalSheep
 4:25:59.162   Primary Spawner: "Animal", active: yes, repeat: 1
 4:25:59.162 [12] AnimalReindeer
 4:25:59.162   Primary Spawner: "Animal", active: yes, repeat: 1
 4:25:59.162 [13] AnimalWildBoar
 4:25:59.162   Primary Spawner: "Animal", active: yes, repeat: 1
 4:25:59.162 [14] AnimalWolf
 4:25:59.163   Primary Spawner: "Animal", active: yes, repeat: 1
 4:25:59.163 [15] AnimalBrownBear
 4:25:59.163   Primary Spawner: "Animal", active: yes, repeat: 1
 4:25:59.163 [16] AnimalPolarBear
 4:25:59.163   Primary Spawner: "Animal", active: yes, repeat: 1
 4:25:59.163 [17] AmbientFox
 4:25:59.163   Primary Spawner: "Ambient", active: yes, repeat: 1
 4:25:59.163 [18] AmbientHare
 4:25:59.163   Primary Spawner: "Ambient", active: yes, repeat: 1
 4:25:59.163 [19] VehicleRubberBoats
 4:25:59.163   Primary Spawner: "Vehicle", active: yes, repeat: 1
 4:25:59.163 [20] VehicleCivilianCars
 4:25:59.163   Primary Spawner: "Vehicle", active: yes, repeat: 1
 4:25:59.163 [21] VehicleTrucks
 4:25:59.163   Primary Spawner: "Vehicle", active: yes, repeat: 1
 4:25:59.163 [22] VehicleMilitary
 4:25:59.163   Primary Spawner: "Vehicle", active: yes, repeat: 1
 4:25:59.163 [CE][Hive] :: Initializing of spawners done.
 4:25:59.170 [CE][Hive] :: Init sequence finished.
 4:25:59.170 Player connect enabled
 4:25:59.651 [IdleMode] Entering IN - save processed
 7:03:54.33 [Login]: Adding player Mendoza (13035436) to login queue at position 0
 7:03:54.33 [LoginMachine]: Add player Mendoza (13035436 188.210.58.167:56547)
 7:03:54.33 [StateMachine]: Player Mendoza (dpnid 13035436 uid ) Entering AuthPlayerLoginState
 7:03:54.365 [StateMachine]: Player Mendoza (dpnid 13035436 uid ) Entering WaitAuthPlayerLoginState
 7:03:56.507 Player Mendoza (id=crMy59eA2TCfN-GyF37DMEBPOnJ1WTzWO02Rn7KwJLU=) has connected.
 7:03:56.507 Player "Mendoza"(steamID=76561197963413528) is connected
 7:03:56.516 [StateMachine]: Player Mendoza (dpnid 13035436 uid ) Entering WaitPlayerAssignedLoginState
 7:03:56.801 [StateMachine]: Player Mendoza (dpnid 13035436 uid ) Entering PlayerAssignedLoginState
 7:03:56.811 [StateMachine]: Player Mendoza (dpnid 13035436 uid crMy59eA2TCfN-GyF37DMEBPOnJ1WTzWO02Rn7KwJLU=) Entering DBGetLoginTimeLoginState
 7:03:56.831 [StateMachine]: Player Mendoza (dpnid 13035436 uid crMy59eA2TCfN-GyF37DMEBPOnJ1WTzWO02Rn7KwJLU=) Entering DBWaitLoginTimeLoginState
 7:03:57.431 [IdleMode] Leaving OUT
 7:04:11.833 [StateMachine]: Player Mendoza (dpnid 13035436 uid crMy59eA2TCfN-GyF37DMEBPOnJ1WTzWO02Rn7KwJLU=) Entering DBGetCharacterLoginState
 7:04:11.855 [StateMachine]: Player Mendoza (dpnid 13035436 uid crMy59eA2TCfN-GyF37DMEBPOnJ1WTzWO02Rn7KwJLU=) Entering CreateNetObjectsLoginState
 7:04:11.871 [StateMachine]: Player Mendoza (dpnid 13035436 uid crMy59eA2TCfN-GyF37DMEBPOnJ1WTzWO02Rn7KwJLU=) Entering PreloadCamLoginState
 7:04:11.876 [StateMachine]: Player Mendoza (dpnid 13035436 uid crMy59eA2TCfN-GyF37DMEBPOnJ1WTzWO02Rn7KwJLU=) Entering WaitPreloadCamLoginState
 7:04:20.444 !!! [CE][Point] Removing 5608.094727, 11072.156250 from land_ala_warehouse_small
 7:04:20.444 [CE][LootRespawner] (PRIDummy) :: Item [0] is hard to place, performance drops: "MetalPlate"
 7:04:20.444 [CE][LootRespawner] (PRIDummy) :: Item [1] is hard to place, performance drops: "MetalPlate"
 7:04:20.858 [CE][LootRespawner] (PRIDummy) :: Item [2] is hard to place, performance drops: "CanisterGasoline"
 7:04:21.277 [CE][LootRespawner] (PRIDummy) :: Item [3] is hard to place, performance drops: "PipeWrench"
 7:04:21.794 [CE][LootRespawner] (PRIDummy) :: Item [4] is hard to place, performance drops: "Pickaxe"
 7:04:25.116 [StateMachine]: Player Mendoza (dpnid 13035436 uid crMy59eA2TCfN-GyF37DMEBPOnJ1WTzWO02Rn7KwJLU=) Entering GetLoadedCharLoginState
 7:04:30.690 <LOAD EXISTING CHAR>:
    charID 6
    playerID 6
    dpnid 13035436
    uid crMy59eA2TCfN-GyF37DMEBPOnJ1WTzWO02Rn7KwJLU=
 7:05:21.311 [CE][LootRespawner] (PRIDummy) :: Item [5] is hard to place, performance drops: "TrackSuitPants_LightBlue"
 7:05:21.412 [CE][LootRespawner] (PRIDummy) :: Item [6] is hard to place, performance drops: "TrackSuitPants_Black"
 7:05:21.617 [CE][LootRespawner] (PRIDummy) :: Item [7] is hard to place, performance drops: "HockeyHelmet_White"
 7:05:49.427 [CE][LootRespawner] (PRIDummy) :: Item [8] is hard to place, performance drops: "Blouse_White"
 7:05:50.39 [CE][LootRespawner] (PRIDummy) :: Item [0] causing search overtime: "dzn_netanyas_log"
 7:06:17.72 [CE][LootRespawner] (PRIDummy) :: Item [9] is hard to place, performance drops: "ManSuit_LightGrey"
 7:06:44.503 [CE][LootRespawner] (PRIDummy) :: Item [10] is hard to place, performance drops: "TrackSuitJacket_Black"
 7:06:44.710 [CE][LootRespawner] (PRIDummy) :: Item [11] is hard to place, performance drops: "TruckBattery"
 7:06:44.710 [CE][LootRespawner] (PRIDummy) :: Item [12] is hard to place, performance drops: "TruckBattery"
 7:06:45.428 [CE][LootRespawner] (PRIDummy) :: Item [13] is hard to place, performance drops: "SledgeHammer"
 7:06:45.633 [CE][LootRespawner] (PRIDummy) :: Item [14] is hard to place, performance drops: "Izh18"
 7:07:12.714 !!! [CE][Point] Removing 6162.589844, 10878.765625 from land_hut_old01
 7:07:12.714 [CE][LootRespawner] (PRIDummy) :: Item [15] is hard to place, performance drops: "Jeans_Green"
 7:07:39.603 [CE][LootRespawner] (PRIDummy) :: Item [16] is hard to place, performance drops: "Sweater_Blue"
 7:07:39.603 [CE][LootRespawner] (PRIDummy) :: Item [17] is hard to place, performance drops: "Sweater_Blue"
 7:07:39.604 [CE][LootRespawner] (PRIDummy) :: Item [18] is hard to place, performance drops: "Sweater_Blue"
 7:07:39.604 [CE][LootRespawner] (PRIDummy) :: Item [19] is hard to place, performance drops: "Sweater_Blue"
 7:07:39.913 [CE][LootRespawner] (PRIDummy) :: Item [20] is hard to place, performance drops: "Jeans_Grey"
 7:07:39.913 [CE][LootRespawner] (PRIDummy) :: Item [21] is hard to place, performance drops: "Jeans_Grey"
 7:07:39.913 [CE][LootRespawner] (PRIDummy) :: Item [22] is hard to place, performance drops: "Jeans_Grey"
 7:07:39.913 [CE][LootRespawner] (PRIDummy) :: Item [23] is hard to place, performance drops: "Jeans_Grey"
 7:07:39.913 [CE][LootRespawner] (PRIDummy) :: Item [24] is hard to place, performance drops: "Jeans_Grey"
 7:07:40.220 [CE][LootRespawner] (PRIDummy) :: Item [25] is hard to place, performance drops: "BomberJacket_Grey"
 7:07:40.220 [CE][LootRespawner] (PRIDummy) :: Item [26] is hard to place, performance drops: "BomberJacket_Grey"
 7:07:40.220 [CE][LootRespawner] (PRIDummy) :: Item [27] is hard to place, performance drops: "BomberJacket_Grey"
 7:07:40.221 [CE][LootRespawner] (PRIDummy) :: Item [28] is hard to place, performance drops: "BomberJacket_Grey"
 7:07:40.322 [CE][LootRespawner] (PRIDummy) :: Item [29] is hard to place, performance drops: "SherpaHat_Red"
 7:07:40.323 [CE][LootRespawner] (PRIDummy) :: Item [30] is hard to place, performance drops: "SherpaHat_Red"
 7:08:07.57 [CE][LootRespawner] (PRIDummy) :: Item [31] is hard to place, performance drops: "WorkingGloves_Beige"
 7:08:07.259 [CE][LootRespawner] (PRIDummy) :: Item [32] is hard to place, performance drops: "HandSaw"
 7:08:07.567 [CE][LootRespawner] (PRIDummy) :: Item [33] is hard to place, performance drops: "MetalPlate"
 7:08:07.871 [CE][LootRespawner] (PRIDummy) :: Item [34] is hard to place, performance drops: "ConstructionHelmet_Blue"
 7:08:07.871 [CE][LootRespawner] (PRIDummy) :: Item [35] is hard to place, performance drops: "ConstructionHelmet_Blue"
 7:08:35.735 [CE][LootRespawner] (PRIDummy) :: Item [1] causing search overtime: "StarlightOptic"
 7:08:35.839 [CE][LootRespawner] (PRIDummy) :: Item [2] causing search overtime: "dzn_netanyas_log"
 7:09:02.247 [CE][LootRespawner] (PRIDummy) :: Item [3] causing search overtime: "BloodBagEmpty"
 7:09:02.755 !!! [CE][Point] Removing 4177.679688, 8071.848633 from land_datsun01T
 7:09:02.755 [CE][LootRespawner] (PRIDummy) :: Item [36] is hard to place, performance drops: "HockeyHelmet_Blue"
 7:09:29.987 [CE][LootRespawner] (PRIDummy) :: Item [37] is hard to place, performance drops: "TelnyashkaShirt"
 7:09:58.75 [CE][LootRespawner] (PRIDummy) :: Item [38] is hard to place, performance drops: "BomberJacket_SkyBlue"
 7:09:58.75 [CE][LootRespawner] (PRIDummy) :: Item [39] is hard to place, performance drops: "BomberJacket_SkyBlue"
 7:09:58.895 [CE][LootRespawner] (PRIDummy) :: Item [40] is hard to place, performance drops: "GorkaEJacket_Autumn"
 7:10:25.753 [CE][LootRespawner] (PRIDummy) :: Item [41] is hard to place, performance drops: "MetalPlate"
 7:10:26.164 [CE][LootRespawner] (PRIDummy) :: Item [42] is hard to place, performance drops: "GorkaEJacket_PautRev"
 7:10:53.550 [CE][LootRespawner] (PRIDummy) :: Item [43] is hard to place, performance drops: "Izh18"
 7:11:20.391 [CE][LootRespawner] (PRIDummy) :: Item [44] is hard to place, performance drops: "BalaclavaMask_Beige"
 7:11:21.210 [CE][LootRespawner] (PRIDummy) :: Item [45] is hard to place, performance drops: "Hoodie_Green"
 7:11:21.210 [CE][LootRespawner] (PRIDummy) :: Item [46] is hard to place, performance drops: "Hoodie_Green"
 7:11:48.93 [CE][LootRespawner] (PRIDummy) :: Item [4] causing search overtime: "BloodTestKit"
 7:11:48.194 [CE][LootRespawner] (PRIDummy) :: Item [47] is hard to place, performance drops: "WoodenPlank"
 7:11:49.14 [CE][LootRespawner] (PRIDummy) :: Item [48] is hard to place, performance drops: "Broom"
 7:11:49.222 [CE][LootRespawner] (PRIDummy) :: Item [49] is hard to place, performance drops: "Fabric"
 7:11:49.529 [CE][LootRespawner] (PRIDummy) :: Item [50] is hard to place, performance drops: "GorkaEJacket_Winter"
 7:12:15.871 [CE][LootRespawner] (PRIDummy) :: Item [51] is hard to place, performance drops: "HikingBootsLow_Black"
 7:12:16.694 [CE][LootRespawner] (PRIDummy) :: Item [52] is hard to place, performance drops: "BomberJacket_Maroon"
 7:12:43.268 [CE][LootRespawner] (PRIDummy) :: Item [53] is hard to place, performance drops: "BalaclavaMask_Blue"
 7:12:43.270 [CE][LootRespawner] (PRIDummy) :: Item [54] is hard to place, performance drops: "BalaclavaMask_Blue"
 7:12:43.371 [CE][LootRespawner] (PRIDummy) :: Item [55] is hard to place, performance drops: "BaseRadio"
 7:12:43.373 [CE][LootRespawner] (PRIDummy) :: Item [56] is hard to place, performance drops: "BaseRadio"
 7:12:44.401 [CE][LootRespawner] (PRIDummy) :: Item [57] is hard to place, performance drops: "GorkaEJacket_Autumn"
 7:13:10.950 [CE][LootRespawner] (PRIDummy) :: Item [58] is hard to place, performance drops: "SlacksPants_DarkGrey"
 7:13:10.950 [CE][LootRespawner] (PRIDummy) :: Item [59] is hard to place, performance drops: "SlacksPants_DarkGrey"
 7:13:11.567 [CE][LootRespawner] (PRIDummy) :: Item [60] is hard to place, performance drops: "RadarCap_Blue"
 7:13:38.222 [CE][LootRespawner] (PRIDummy) :: Item [61] is hard to place, performance drops: "BarbedWire"
 7:13:38.426 [CE][LootRespawner] (PRIDummy) :: Item [62] is hard to place, performance drops: "Hacksaw"
 7:13:39.41 [CE][LootRespawner] (PRIDummy) :: Item [63] is hard to place, performance drops: "PoliceJacketOrel"
 7:14:07.188 [CE][LootRespawner] (PRIDummy) :: Item [5] causing search overtime: "dzn_netanyas_log"
 7:14:33.437 [CE][LootRespawner] (PRIDummy) :: Item [64] is hard to place, performance drops: "MetalPlate"
 7:14:33.441 [CE][LootRespawner] (PRIDummy) :: Item [65] is hard to place, performance drops: "MetalPlate"
 7:14:33.539 [CE][LootRespawner] (PRIDummy) :: Item [66] is hard to place, performance drops: "WoodenPlank"
 7:14:33.540 [CE][LootRespawner] (PRIDummy) :: Item [67] is hard to place, performance drops: "WoodenPlank"
 7:14:33.540 [CE][LootRespawner] (PRIDummy) :: Item [68] is hard to place, performance drops: "WoodenPlank"
 7:15:01.176 [CE][LootRespawner] (PRIDummy) :: Item [69] is hard to place, performance drops: "Offroad_02_Wheel"
 7:15:01.790 [CE][LootRespawner] (PRIDummy) :: Item [70] is hard to place, performance drops: "USMCJacket_Woodland"
 7:15:02.824 [CE][LootRespawner] (PRIDummy) :: Item [71] is hard to place, performance drops: "BomberJacket_Black"
 7:15:28.709 [CE][LootRespawner] (PRIDummy) :: Item [72] is hard to place, performance drops: "ReflexVest"
 7:15:56.313 [CE][LootRespawner] (PRIDummy) :: Item [73] is hard to place, performance drops: "MetalWire"
 7:15:56.411 [CE][LootRespawner] (PRIDummy) :: Item [74] is hard to place, performance drops: "JumpsuitJacket_Blue"
 7:15:56.616 [CE][LootRespawner] (PRIDummy) :: Item [75] is hard to place, performance drops: "BurlapSack"
 7:15:56.616 [CE][LootRespawner] (PRIDummy) :: Item [76] is hard to place, performance drops: "BurlapSack"
 7:15:56.717 [CE][LootRespawner] (PRIDummy) :: Item [77] is hard to place, performance drops: "GasMask_Filter"
 7:15:57.326 [CE][LootRespawner] (PRIDummy) :: Item [78] is hard to place, performance drops: "M65Jacket_Tan"
 7:15:57.326 [CE][LootRespawner] (PRIDummy) :: Item [79] is hard to place, performance drops: "M65Jacket_Tan"
 7:16:24.290 [CE][LootRespawner] (PRIDummy) :: Item [80] is hard to place, performance drops: "Balaclava3Holes_Black"
 7:16:25.11 [CE][LootRespawner] (PRIDummy) :: Item [81] is hard to place, performance drops: "Hoodie_Green"
 7:16:25.115 [CE][LootRespawner] (PRIDummy) :: Item [82] is hard to place, performance drops: "DirtBikeHelmet_Red"
 7:16:52.175 [CE][LootRespawner] (PRIDummy) :: Item [83] is hard to place, performance drops: "Hoodie_Brown"
 7:16:52.175 [CE][LootRespawner] (PRIDummy) :: Item [84] is hard to place, performance drops: "Hoodie_Brown"
 7:17:19.165 [CE][LootRespawner] (PRIDummy) :: Item [85] is hard to place, performance drops: "Shovel"
 7:17:19.374 [CE][LootRespawner] (PRIDummy) :: Item [86] is hard to place, performance drops: "Hatchback_02_Wheel"
 7:17:19.785 [CE][LootRespawner] (PRIDummy) :: Item [87] is hard to place, performance drops: "Jeans_Blue"
 7:17:19.785 [CE][LootRespawner] (PRIDummy) :: Item [88] is hard to place, performance drops: "Jeans_Blue"
 7:17:20.94 [CE][LootRespawner] (PRIDummy) :: Item [89] is hard to place, performance drops: "TShirt_Red"
 7:18:14.418 [CE][LootRespawner] (PRIDummy) :: Item [90] is hard to place, performance drops: "GlassBottle"
 7:18:14.418 [CE][LootRespawner] (PRIDummy) :: Item [91] is hard to place, performance drops: "GlassBottle"
 7:18:15.36 [CE][LootRespawner] (PRIDummy) :: Item [92] is hard to place, performance drops: "ManSuit_Khaki"
 7:18:15.237 [CE][LootRespawner] (PRIDummy) :: Item [93] is hard to place, performance drops: "TShirt_Blue"
 7:18:42.909 [CE][LootRespawner] (PRIDummy) :: Item [94] is hard to place, performance drops: "HuntingJacket_Spring"
 7:19:09.625 [CE][LootRespawner] (PRIDummy) :: Item [95] is hard to place, performance drops: "JumpsuitPants_Blue"
 7:20:07.754 [CE][LootRespawner] (PRIDummy) :: Item [96] is hard to place, performance drops: "Iceaxe"
 7:20:08.371 [CE][LootRespawner] (PRIDummy) :: Item [97] is hard to place, performance drops: "WoolCoat_Black"
 7:20:08.372 [CE][LootRespawner] (PRIDummy) :: Item [98] is hard to place, performance drops: "WoolCoat_Black"
 7:21:02.931 [CE][LootRespawner] (PRIDummy) :: Item [99] is hard to place, performance drops: "CanisterGasoline"
 7:21:02.932 [CE][LootRespawner] (PRIDummy) :: Item [100] is hard to place, performance drops: "CanisterGasoline"
 7:21:03.341 [CE][LootRespawner] (PRIDummy) :: Item [101] is hard to place, performance drops: "Broom"
 7:21:30.613 [CE][LootRespawner] (PRIDummy) :: Item [102] is hard to place, performance drops: "Sedan_02_Wheel"
 7:21:31.228 [CE][LootRespawner] (PRIDummy) :: Item [103] is hard to place, performance drops: "QuiltedJacket_Yellow"
 7:21:31.229 [CE][LootRespawner] (PRIDummy) :: Item [104] is hard to place, performance drops: "QuiltedJacket_Yellow"
 7:21:59.998 [CE][LootRespawner] (PRIDummy) :: Item [6] causing search overtime: "dzn_netanyas_log"
 7:22:26.858 [CE][LootRespawner] (PRIDummy) :: Item [7] causing search overtime: "dzn_netanyas_log"
 7:22:54.122 [CE][LootRespawner] (PRIDummy) :: Item [105] is hard to place, performance drops: "Sickle"
 7:22:54.836 [CE][LootRespawner] (PRIDummy) :: Item [106] is hard to place, performance drops: "Ushanka_Green"
 7:23:21.44 [CE][LootRespawner] (PRIDummy) :: Item [107] is hard to place, performance drops: "Hacksaw"
 7:23:21.148 [CE][LootRespawner] (PRIDummy) :: Item [108] is hard to place, performance drops: "WoodenPlank"
 7:23:21.148 [CE][LootRespawner] (PRIDummy) :: Item [109] is hard to place, performance drops: "WoodenPlank"
 7:23:21.559 [CE][LootRespawner] (PRIDummy) :: Item [110] is hard to place, performance drops: "WoodAxe"
 7:23:22.484 [CE][LootRespawner] (PRIDummy) :: Item [111] is hard to place, performance drops: "Izh18"
 7:23:50.259 [CE][LootRespawner] (PRIDummy) :: Item [112] is hard to place, performance drops: "TruckBattery"
 7:24:18.339 [CE][LootRespawner] (PRIDummy) :: Item [113] is hard to place, performance drops: "BeanieHat_Beige"
 7:24:44.345 [CE][LootRespawner] (PRIDummy) :: Item [114] is hard to place, performance drops: "BomberJacket_Blue"
 7:24:44.345 [CE][LootRespawner] (PRIDummy) :: Item [115] is hard to place, performance drops: "BomberJacket_Blue"
 7:25:11.969 [CE][LootRespawner] (PRIDummy) :: Item [116] is hard to place, performance drops: "Sweater_Green"
 7:25:39.746 [CE][LootRespawner] (PRIDummy) :: Item [117] is hard to place, performance drops: "WoolCoat_Blue"
 7:25:39.847 [CE][LootRespawner] (PRIDummy) :: Item [118] is hard to place, performance drops: "TShirt_Green"
 7:25:40.982 [CE][LootRespawner] (PRIDummy) :: Item [119] is hard to place, performance drops: "GorkaPants_PautRev"
 7:26:07.222 [CE][LootRespawner] (PRIDummy) :: Item [120] is hard to place, performance drops: "JumpsuitPants_Grey"
 7:26:07.633 [CE][LootRespawner] (PRIDummy) :: Item [121] is hard to place, performance drops: "BeanieHat_Brown"
 7:26:07.735 [CE][LootRespawner] (PRIDummy) :: Item [122] is hard to place, performance drops: "Iceaxe"
 7:26:34.729 [CE][LootRespawner] (PRIDummy) :: Item [123] is hard to place, performance drops: "BaseballBat"
 7:26:34.931 [CE][LootRespawner] (PRIDummy) :: Item [124] is hard to place, performance drops: "Fabric"
 7:27:02.837 [CE][LootRespawner] (PRIDummy) :: Item [125] is hard to place, performance drops: "WinterCoif_Blue"
 7:27:30.29 [CE][LootRespawner] (PRIDummy) :: Item [126] is hard to place, performance drops: "Pipe"
 7:27:30.34 [CE][LootRespawner] (PRIDummy) :: Item [127] is hard to place, performance drops: "Pipe"
 7:28:53.373 [CE][LootRespawner] (PRIDummy) :: Item [128] is hard to place, performance drops: "TShirt_Red"
 7:28:53.990 [CE][LootRespawner] (PRIDummy) :: Item [129] is hard to place, performance drops: "WoodenPlank"
 7:29:21.442 [CE][LootRespawner] (PRIDummy) :: Item [130] is hard to place, performance drops: "MetalPlate"
 7:29:21.442 [CE][LootRespawner] (PRIDummy) :: Item [131] is hard to place, performance drops: "MetalPlate"
 7:29:21.445 [CE][LootRespawner] (PRIDummy) :: Item [132] is hard to place, performance drops: "MetalPlate"
 7:29:21.445 [CE][LootRespawner] (PRIDummy) :: Item [133] is hard to place, performance drops: "MetalPlate"
 7:29:21.446 [CE][LootRespawner] (PRIDummy) :: Item [134] is hard to place, performance drops: "MetalPlate"
 7:29:21.446 [CE][LootRespawner] (PRIDummy) :: Item [135] is hard to place, performance drops: "MetalPlate"
 7:29:21.652 [CE][LootRespawner] (PRIDummy) :: Item [136] is hard to place, performance drops: "HikingBoots_Brown"
 7:29:48.338 [CE][LootRespawner] (PRIDummy) :: Item [137] is hard to place, performance drops: "Offroad_02_Wheel"
 7:29:49.982 [CE][LootRespawner] (PRIDummy) :: Item [138] is hard to place, performance drops: "Izh18"
 7:30:15.968 [CE][LootRespawner] (PRIDummy) :: Item [139] is hard to place, performance drops: "WorkingGloves_Brown"
 7:30:44.231 [CE][LootRespawner] (PRIDummy) :: Item [140] is hard to place, performance drops: "Hoodie_Black"
 7:30:44.743 [CE][LootRespawner] (PRIDummy) :: Item [141] is hard to place, performance drops: "Hoodie_Grey"
 7:30:48.244 [CE][Links] found 0 total links between groups, of 1
 7:30:48.244 [CE][SpawnRandomLoot] (StaticMedDrop) :: Type: Misc_cargo_cont_net1, lootmin: 4, lootmax: 6, wanted: 5, deloot: 2, containermaxsum: 6
 7:30:48.248 [CE][Links] found 0 total links between groups, of 2
 7:30:48.248 [CE][SpawnRandomLoot] (StaticMedDrop) :: Type: Misc_cargo_cont_net1, lootmin: 4, lootmax: 6, wanted: 5, deloot: 2, containermaxsum: 6
 7:31:38.987 [CE][LootRespawner] (PRIDummy) :: Item [142] is hard to place, performance drops: "JumpsuitPants_Red"
 7:31:39.294 !!! [CE][Point] Removing 7662.071289, 8789.262695 from land_hiluxT
 7:31:39.294 [CE][LootRespawner] (PRIDummy) :: Item [143] is hard to place, performance drops: "BudenovkaHat_Gray"
 7:32:06.650 [CE][LootRespawner] (PRIDummy) :: Item [144] is hard to place, performance drops: "ChestHolster"
 7:32:06.859 [CE][LootRespawner] (PRIDummy) :: Item [145] is hard to place, performance drops: "BalaclavaMask_Black"
 7:32:07.167 [CE][LootRespawner] (PRIDummy) :: Item [146] is hard to place, performance drops: "BeanieHat_Blue"
 7:32:07.372 [CE][LootRespawner] (PRIDummy) :: Item [147] is hard to place, performance drops: "Blouse_Blue"
 7:32:07.990 [CE][LootRespawner] (PRIDummy) :: Item [148] is hard to place, performance drops: "Crossbow_Autumn"
 7:32:34.645 [CE][LootRespawner] (PRIDummy) :: Item [149] is hard to place, performance drops: "PaddedGloves_Beige"
 7:32:35.56 [CE][LootRespawner] (PRIDummy) :: Item [150] is hard to place, performance drops: "CargoPants_Beige"
 7:33:02.141 [CE][LootRespawner] (PRIDummy) :: Item [151] is hard to place, performance drops: "Sedan_02_Wheel"
 7:34:25.197 [CE][LootRespawner] (PRIDummy) :: Item [152] is hard to place, performance drops: "Hoodie_Blue"
 7:34:26.522 [CE][LootRespawner] (PRIDummy) :: Item [153] is hard to place, performance drops: "TShirt_Grey"
 7:34:26.523 [CE][LootRespawner] (PRIDummy) :: Item [154] is hard to place, performance drops: "TShirt_Grey"
 7:34:52.740 [CE][LootRespawner] (PRIDummy) :: Item [155] is hard to place, performance drops: "MetalPlate"
 7:34:52.740 [CE][LootRespawner] (PRIDummy) :: Item [156] is hard to place, performance drops: "MetalPlate"
 7:34:53.770 [CE][LootRespawner] (PRIDummy) :: Item [157] is hard to place, performance drops: "PaddedGloves_Threat"
 7:34:54.284 [CE][LootRespawner] (PRIDummy) :: Item [158] is hard to place, performance drops: "ManSuit_Black"
 7:34:54.284 [CE][LootRespawner] (PRIDummy) :: Item [159] is hard to place, performance drops: "ManSuit_Black"
 7:35:20.840 [CE][LootRespawner] (PRIDummy) :: Item [160] is hard to place, performance drops: "NavyUniformPants"
 7:35:20.840 [CE][LootRespawner] (PRIDummy) :: Item [161] is hard to place, performance drops: "NavyUniformPants"
 7:35:20.842 [CE][LootRespawner] (PRIDummy) :: Item [162] is hard to place, performance drops: "NavyUniformPants"
 7:35:22.69 [CE][LootRespawner] (PRIDummy) :: Item [8] causing search overtime: "dzn_apsi"
 7:35:48.358 [CE][LootRespawner] (PRIDummy) :: Item [163] is hard to place, performance drops: "TrackSuitJacket_Black"
 7:35:48.359 [CE][LootRespawner] (PRIDummy) :: Item [164] is hard to place, performance drops: "TrackSuitJacket_Black"
 7:36:17.569 [CE][LootRespawner] (PRIDummy) :: Item [9] causing search overtime: "KazuarOptic"
 7:36:20.239 [CE][Links] found 0 total links between groups, of 3
 7:36:20.239 [CE][SpawnRandomLoot] (StaticLifeboat) :: Type: sea_oilrig_lifeboat, lootmin: 2, lootmax: 5, wanted: 3, deloot: 2, containermaxsum: 5
 7:36:20.240 [CE][SpawnRandomLoot] (StaticLifeboat) :: No item found to spawn for DE! Spawned: 2 / 3 (enable log_ce_dynamicevent to see item lists for event)
 7:36:43.265 [CE][LootRespawner] (PRIDummy) :: Item [165] is hard to place, performance drops: "BarbedWire"
 7:36:43.778 [CE][LootRespawner] (PRIDummy) :: Item [166] is hard to place, performance drops: "DressShoes_Black"
 7:36:44.188 [CE][LootRespawner] (PRIDummy) :: Item [167] is hard to place, performance drops: "TrackSuitPants_Green"
 7:36:44.804 [CE][LootRespawner] (PRIDummy) :: Item [10] causing search overtime: "KazuarOptic"
 7:36:44.909 [CE][LootRespawner] (PRIDummy) :: Item [168] is hard to place, performance drops: "HunterPants_Spring"
 7:36:44.909 [CE][LootRespawner] (PRIDummy) :: Item [169] is hard to place, performance drops: "HunterPants_Spring"
 7:36:44.909 [CE][LootRespawner] (PRIDummy) :: Item [170] is hard to place, performance drops: "HunterPants_Spring"
 7:36:44.909 [CE][LootRespawner] (PRIDummy) :: Item [171] is hard to place, performance drops: "HunterPants_Spring"
 7:36:45.10 [CE][LootRespawner] (PRIDummy) :: Item [172] is hard to place, performance drops: "SherpaHat_Black"
 7:36:45.10 [CE][LootRespawner] (PRIDummy) :: Item [173] is hard to place, performance drops: "SherpaHat_Black"
 7:37:14.137 [CE][LootRespawner] (PRIDummy) :: Item [174] is hard to place, performance drops: "BalaclavaMask_Blue"
 7:37:14.749 [CE][LootRespawner] (PRIDummy) :: Item [175] is hard to place, performance drops: "PoliceJacket"
 7:37:41.634 [CE][LootRespawner] (PRIDummy) :: Item [176] is hard to place, performance drops: "BurlapSack"
 7:37:42.660 [CE][LootRespawner] (PRIDummy) :: Item [177] is hard to place, performance drops: "Shemag_Red"
 7:38:09.828 [CE][LootRespawner] (PRIDummy) :: Item [178] is hard to place, performance drops: "Hoodie_Brown"
 7:38:37.990 [CE][LootRespawner] (PRIDummy) :: Item [179] is hard to place, performance drops: "CargoPants_Black"
 7:39:04.525 [CE][LootRespawner] (PRIDummy) :: Item [180] is hard to place, performance drops: "WorkingGloves_Beige"
 7:39:32.932 [CE][LootRespawner] (PRIDummy) :: Item [181] is hard to place, performance drops: "Megaphone"
 7:40:00.894 [CE][LootRespawner] (PRIDummy) :: Item [182] is hard to place, performance drops: "MetalPlate"
 7:40:01.716 [CE][LootRespawner] (PRIDummy) :: Item [183] is hard to place, performance drops: "Balaclava3Holes_Blue"
 7:40:29.186 [CE][LootRespawner] (PRIDummy) :: Item [184] is hard to place, performance drops: "SlacksPants_White"
 7:40:30.319 [CE][Links] found 0 total links between groups, of 4
 7:40:30.319 [CE][SpawnRandomLoot] (StaticMedDrop) :: Type: Misc_cargo_cont_net1, lootmin: 4, lootmax: 6, wanted: 4, deloot: 2, containermaxsum: 6
 7:40:55.620 [CE][LootRespawner] (PRIDummy) :: Item [185] is hard to place, performance drops: "WoodAxe"
 7:40:55.622 [CE][LootRespawner] (PRIDummy) :: Item [186] is hard to place, performance drops: "WoodAxe"
 7:40:56.653 [CE][LootRespawner] (PRIDummy) :: Item [187] is hard to place, performance drops: "WoolCoat_Green"
 7:40:56.758 [CE][LootRespawner] (PRIDummy) :: Item [188] is hard to place, performance drops: "CombinationLock4"
 7:41:23.740 [CE][LootRespawner] (PRIDummy) :: Item [189] is hard to place, performance drops: "HuntingVest"
 7:41:23.742 [CE][LootRespawner] (PRIDummy) :: Item [190] is hard to place, performance drops: "HuntingVest"
 7:41:23.943 [CE][LootRespawner] (PRIDummy) :: Item [11] causing search overtime: "NVGoggles"
 7:41:24.866 [CE][LootRespawner] (PRIDummy) :: Item [191] is hard to place, performance drops: "Jeans_BlueDark"
 7:41:51.24 [CE][LootRespawner] (PRIDummy) :: Item [192] is hard to place, performance drops: "BalaclavaMask_Pink"
 7:41:51.227 [CE][LootRespawner] (PRIDummy) :: Item [193] is hard to place, performance drops: "HikingJacket_Green"
 7:41:51.643 [CE][LootRespawner] (PRIDummy) :: Item [194] is hard to place, performance drops: "WoodenPlank"
 7:41:52.161 [CE][LootRespawner] (PRIDummy) :: Item [195] is hard to place, performance drops: "M65Jacket_Olive"
 7:42:20.137 [CE][LootRespawner] (PRIDummy) :: Item [196] is hard to place, performance drops: "GhillieHood_Woodland"
 7:42:20.240 [CE][LootRespawner] (PRIDummy) :: Item [12] causing search overtime: "dzn_apsi"
 7:43:13.846 [CE][LootRespawner] (PRIDummy) :: Item [197] is hard to place, performance drops: "JumpsuitJacket_Blue"
 7:43:15.292 [CE][LootRespawner] (PRIDummy) :: Item [13] causing search overtime: "KazuarOptic"
 7:43:43.468 [CE][LootRespawner] (PRIDummy) :: Item [198] is hard to place, performance drops: "HuntingVest_Winter"
 7:43:43.468 [CE][LootRespawner] (PRIDummy) :: Item [199] is hard to place, performance drops: "HuntingVest_Winter"
 7:43:43.468 [CE][LootRespawner] (PRIDummy) :: Item [200] is hard to place, performance drops: "HuntingVest_Winter"
 7:44:09.531 [CE][LootRespawner] (PRIDummy) :: Item [201] is hard to place, performance drops: "Crowbar"
 7:44:09.628 [CE][LootRespawner] (PRIDummy) :: Item [202] is hard to place, performance drops: "PrisonerCap"
 7:44:10.139 [CE][LootRespawner] (PRIDummy) :: Item [203] is hard to place, performance drops: "GorkaEJacket_PautRev"
 7:44:13.736 [CE][Links] found 0 total links between groups, of 5
 7:44:13.736 [CE][SpawnRandomLoot] (StaticMedDrop) :: Type: Misc_cargo_cont_net1, lootmin: 4, lootmax: 6, wanted: 5, deloot: 2, containermaxsum: 6
 7:44:37.193 [CE][LootRespawner] (PRIDummy) :: Item [204] is hard to place, performance drops: "JumpsuitPants_Grey"
 7:45:04.995 [CE][LootRespawner] (PRIDummy) :: Item [205] is hard to place, performance drops: "PrisonUniformJacket"
 7:45:05.197 [CE][LootRespawner] (PRIDummy) :: Item [206] is hard to place, performance drops: "WorkingBoots_Brown"
 7:45:06.747 [CE][LootRespawner] (PRIDummy) :: Item [207] is hard to place, performance drops: "LugWrench"
 7:45:32.711 [CE][LootRespawner] (PRIDummy) :: Item [208] is hard to place, performance drops: "MetalPlate"
 7:45:34.357 [CE][LootRespawner] (PRIDummy) :: Item [209] is hard to place, performance drops: "Ruger1022"
 7:46:00.729 [CE][LootRespawner] (PRIDummy) :: Item [210] is hard to place, performance drops: "TrackSuitPants_LightBlue"
 7:46:01.442 [CE][LootRespawner] (PRIDummy) :: Item [14] causing search overtime: "NVGoggles"
 7:46:01.646 [CE][LootRespawner] (PRIDummy) :: Item [211] is hard to place, performance drops: "PolicePants"
 7:46:27.983 [CE][LootRespawner] (PRIDummy) :: Item [212] is hard to place, performance drops: "JumpsuitPants_Red"
 7:46:27.983 [CE][LootRespawner] (PRIDummy) :: Item [213] is hard to place, performance drops: "JumpsuitPants_Red"
 7:46:55.760 [CE][LootRespawner] (PRIDummy) :: Item [214] is hard to place, performance drops: "WoodenPlank"
 7:46:55.761 [CE][LootRespawner] (PRIDummy) :: Item [215] is hard to place, performance drops: "WoodenPlank"
 7:46:55.761 [CE][LootRespawner] (PRIDummy) :: Item [216] is hard to place, performance drops: "WoodenPlank"
 7:46:55.761 [CE][LootRespawner] (PRIDummy) :: Item [217] is hard to place, performance drops: "WoodenPlank"
 7:46:55.862 [CE][LootRespawner] (PRIDummy) :: Item [218] is hard to place, performance drops: "WorkingGloves_Brown"
 7:46:56.169 [CE][LootRespawner] (PRIDummy) :: Item [219] is hard to place, performance drops: "HatchbackWheel"
 7:46:56.169 [CE][LootRespawner] (PRIDummy) :: Item [220] is hard to place, performance drops: "HatchbackWheel"
 7:46:56.169 [CE][LootRespawner] (PRIDummy) :: Item [221] is hard to place, performance drops: "HatchbackWheel"
 7:46:56.579 [CE][LootRespawner] (PRIDummy) :: Item [222] is hard to place, performance drops: "PaddedGloves_Brown"
 7:46:56.579 [CE][LootRespawner] (PRIDummy) :: Item [223] is hard to place, performance drops: "PaddedGloves_Brown"
 7:47:51.517 [CE][LootRespawner] (PRIDummy) :: Item [224] is hard to place, performance drops: "JumpsuitJacket_Gray"
 7:47:51.520 [CE][LootRespawner] (PRIDummy) :: Item [225] is hard to place, performance drops: "JumpsuitJacket_Gray"
 7:47:51.520 [CE][LootRespawner] (PRIDummy) :: Item [226] is hard to place, performance drops: "JumpsuitJacket_Gray"
 7:47:52.542 [CE][LootRespawner] (PRIDummy) :: Item [15] causing search overtime: "KazuarOptic"
 7:48:21.896 [CE][Links] found 0 total links between groups, of 6
 7:48:21.896 [CE][SpawnRandomLoot] (StaticMedDrop) :: Type: Misc_cargo_cont_net1, lootmin: 4, lootmax: 6, wanted: 4, deloot: 2, containermaxsum: 6
 7:48:21.900 [CE][Links] found 0 total links between groups, of 7
 7:48:21.900 [CE][SpawnRandomLoot] (StaticMedDrop) :: Type: Misc_cargo_cont_net1, lootmin: 4, lootmax: 6, wanted: 5, deloot: 2, containermaxsum: 6
 7:49:14.738 [CE][LootRespawner] (PRIDummy) :: Item [227] is hard to place, performance drops: "Pickaxe"
 7:49:14.740 [CE][LootRespawner] (PRIDummy) :: Item [228] is hard to place, performance drops: "Pickaxe"
 7:49:14.948 [CE][LootRespawner] (PRIDummy) :: Item [229] is hard to place, performance drops: "Jeans_Black"
 7:49:14.949 [CE][LootRespawner] (PRIDummy) :: Item [230] is hard to place, performance drops: "Jeans_Black"
 7:49:14.949 [CE][LootRespawner] (PRIDummy) :: Item [231] is hard to place, performance drops: "Jeans_Black"
 7:49:15.151 [CE][LootRespawner] (PRIDummy) :: Item [232] is hard to place, performance drops: "PoliceJacket"
 7:49:15.256 [CE][LootRespawner] (PRIDummy) :: Item [233] is hard to place, performance drops: "TShirt_Black"
 7:49:42.720 [CE][LootRespawner] (PRIDummy) :: Item [234] is hard to place, performance drops: "WomanSuit_Khaki"
 7:49:43.29 [CE][LootRespawner] (PRIDummy) :: Item [235] is hard to place, performance drops: "GorkaPants_Summer"
 7:50:09.782 [CE][LootRespawner] (PRIDummy) :: Item [236] is hard to place, performance drops: "WoodenPlank"
 7:50:09.990 [CE][LootRespawner] (PRIDummy) :: Item [237] is hard to place, performance drops: "MetalPlate"
 7:50:09.991 [CE][LootRespawner] (PRIDummy) :: Item [238] is hard to place, performance drops: "MetalPlate"
 7:50:09.991 [CE][LootRespawner] (PRIDummy) :: Item [239] is hard to place, performance drops: "MetalPlate"
 7:50:11.16 [CE][LootRespawner] (PRIDummy) :: Item [240] is hard to place, performance drops: "Balaclava3Holes_Beige"
 7:50:37.437 [CE][LootRespawner] (PRIDummy) :: Item [241] is hard to place, performance drops: "JumpsuitJacket_Green"
 7:50:38.669 [CE][LootRespawner] (PRIDummy) :: Item [242] is hard to place, performance drops: "BoonieHat_Olive"
 7:50:39.283 [CE][LootRespawner] (PRIDummy) :: Item [243] is hard to place, performance drops: "TTsKOJacket_Camo"
 7:50:39.283 [CE][LootRespawner] (PRIDummy) :: Item [244] is hard to place, performance drops: "TTsKOJacket_Camo"
 7:50:39.284 [CE][LootRespawner] (PRIDummy) :: Item [245] is hard to place, performance drops: "TTsKOJacket_Camo"
 7:51:33.117 [CE][LootRespawner] (PRIDummy) :: Item [246] is hard to place, performance drops: "HikingBoots_Black"
 7:52:28.673 [CE][LootRespawner] (PRIDummy) :: Item [247] is hard to place, performance drops: "HuntingVest"
 7:52:28.675 [CE][LootRespawner] (PRIDummy) :: Item [248] is hard to place, performance drops: "HuntingVest"
 7:52:28.774 [CE][LootRespawner] (PRIDummy) :: Item [249] is hard to place, performance drops: "TShirt_Blue"
 7:52:28.775 [CE][LootRespawner] (PRIDummy) :: Item [250] is hard to place, performance drops: "TShirt_Blue"
 7:52:29.182 [CE][LootRespawner] (PRIDummy) :: Item [251] is hard to place, performance drops: "Jeans_Black"
 7:52:29.488 [CE][LootRespawner] (PRIDummy) :: Item [252] is hard to place, performance drops: "PetushokHat_Green"
 7:52:56.173 [CE][LootRespawner] (PRIDummy) :: Item [253] is hard to place, performance drops: "GlassBottle"
 7:52:56.784 [CE][LootRespawner] (PRIDummy) :: Item [254] is hard to place, performance drops: "HikingJacket_Red"
 7:52:57.599 [CE][LootRespawner] (PRIDummy) :: Item [255] is hard to place, performance drops: "HunterPants_Brown"
 7:53:23.758 [CE][LootRespawner] (PRIDummy) :: Item [256] is hard to place, performance drops: "Shovel"
 7:53:51.455 [CE][LootRespawner] (PRIDummy) :: Item [257] is hard to place, performance drops: "DressShoes_White"
 7:53:51.871 [CE][LootRespawner] (PRIDummy) :: Item [258] is hard to place, performance drops: "CarBattery"
 7:53:51.977 [CE][LootRespawner] (PRIDummy) :: Item [259] is hard to place, performance drops: "Sedan_02_Wheel"
 7:54:16.721 [Disconnect]: Start script disconnect 13035436 (dbCharacterId 6 dbPlayerId 6) logoutTime 15
 7:54:18.306 [Disconnect]: Client 13035436 disconnecting
 7:54:18.306 [Disconnect]: Client 13035436 early disconnect
 7:54:18.307 [Disconnect]: Start script disconnect 13035436 (dbCharacterId 6 dbPlayerId 6) logoutTime 15
 7:54:20.374 [CE][LootRespawner] (PRIDummy) :: Item [260] is hard to place, performance drops: "HockeyHelmet_Blue"
 7:54:29.223 [Disconnect]: No packets from 13035436
 7:54:29.223 Player Mendoza (13035436) kicked from server: 4 (Connection with host has been lost.)
 7:54:30.223 [Disconnect]: Remove player info 13035436
 7:54:30.244 [Disconnect]: Player destroy 13035436 
 7:54:31.731 [Disconnect]: Finish script disconnect -1 (crMy59eA2TCfN-GyF37DMEBPOnJ1WTzWO02Rn7KwJLU=)
 7:54:46.973 [CE][LootRespawner] (PRIDummy) :: Item [261] is hard to place, performance drops: "WorkingGloves_Black"
 7:54:47.275 [CE][LootRespawner] (PRIDummy) :: Item [262] is hard to place, performance drops: "TShirt_RedBlackStripes"
 7:54:47.275 [CE][LootRespawner] (PRIDummy) :: Item [263] is hard to place, performance drops: "TShirt_RedBlackStripes"
 7:54:47.275 [CE][LootRespawner] (PRIDummy) :: Item [264] is hard to place, performance drops: "TShirt_RedBlackStripes"
 7:54:48.97 [CE][LootRespawner] (PRIDummy) :: Item [265] is hard to place, performance drops: "HunterPants_Autumn"
 7:54:48.97 [CE][LootRespawner] (PRIDummy) :: Item [266] is hard to place, performance drops: "HunterPants_Autumn"
 7:54:48.407 [CE][LootRespawner] (PRIDummy) :: Item [16] causing search overtime: "SVD_Wooden"
 7:55:15.133 [CE][LootRespawner] (PRIDummy) :: Item [267] is hard to place, performance drops: "QuiltedJacket_Yellow"
 7:55:15.339 [CE][LootRespawner] (PRIDummy) :: Item [268] is hard to place, performance drops: "CargoPants_Blue"
 7:55:15.340 [CE][LootRespawner] (PRIDummy) :: Item [269] is hard to place, performance drops: "CargoPants_Blue"
 7:55:16.566 [CE][LootRespawner] (PRIDummy) :: Item [270] is hard to place, performance drops: "NBCJacketGray"
 7:55:42.537 [CE][LootRespawner] (PRIDummy) :: Item [271] is hard to place, performance drops: "SlacksPants_Blue"
 7:55:43.980 [CE][LootRespawner] (PRIDummy) :: Item [272] is hard to place, performance drops: "HikingJacket_Blue"
 7:55:54.339 [IdleMode] Entering IN - save processed
10:14:10.227  --- Termination successfully completed --- 
