=====================================================================
== C:\SERVICES\ni10839481_1_SHARE\ftproot\dayzstandalone\DayZServer_x64.exe
== "C:\SERVICES\ni10839481_1_SHARE\ftproot\dayzstandalone\DayZServer_x64.exe" -ip=85.190.162.236 -port=11200 -cpuCount=4 -limitFPS=100 -config=serverDZ.cfg "-mod=@Namalsk Survival;@Namalsk Island;@Zens Zombie Door Bangers;@Ear-Plugs;@Code Lock" -profiles=C:\SERVICES\ni10839481_1_SHARE\ftproot\dayzstandalone/config -BEPath=C:\SERVICES\ni10839481_1_SHARE\ftproot\dayzstandalone\battleye -noFilePatching -nologs -adminlog -freezecheck
=====================================================================
Exe timestamp: 2025/04/04 00:49:20
Current time:  2025/05/06 04:25:31
Version 1.27.159674
=====================================================================

 4:25:31.587 [Inputs] Loading inputs default "bin/constants.xml"
 4:25:31.599 [Inputs] Loading inputs default "bin/specific.xml"
 4:25:31.601 [Inputs] Loading inputs default "EarPlugs/data/inputs.xml"
 4:25:31.603 [Inputs] Loading inputs default "nst/ns_dayz/scripts/Data/Inputs.xml"
 4:25:31.605 [Inputs] Loading inputs cfg "C:\SERVICES\ni10839481_1_SHARE\ftproot\dayzstandalone/config\Users\Survivor\Server.core.xml"
 4:25:31.619 [Inputs] Exporting inputs cfg "C:\SERVICES\ni10839481_1_SHARE\ftproot\dayzstandalone/config\Users\Survivor\Server.core.xml"
 4:25:53.696 Hostname of server: "Aid Station | Namalsk"
 4:26:04.764 [CE][Hive] :: Initializing OFFLINE
 4:26:04.766 [StorageDirs] :: Selected storage directory: C:\SERVICES\ni10839481_1_SHARE\ftproot\dayzstandalone\mpmissions\regular.namalsk\storage_1\
 4:26:04.770 [CE][Hive] :: Loading core data ... 
 4:26:04.775 [CE][CoreData] :: 8 root classes, 0 defaults, 0 updaters...
 4:26:12.532 [CE] :: WARNING :: Preset map "headsFirefighter" is EMPTY.
 4:26:12.534 [CE][TypeSetup] :: 599 classes setuped...
 4:26:13.100 [CE][RegisterBind] :: 0 classes binded...
 4:26:13.101 [CE][RegisterConfig] :: 5794 config classes registered, 0 sub-counters...
 4:26:13.101 [CE][Hive] :: Loading map data ... 
 4:26:13.168 [CE][LoadPrototype] :: loaded 256 prototypes
 4:26:13.168   404 containers, 7415 points
 4:26:13.168   1 dispatches, 1 proxies
 4:26:13.168 !!! [CE][LoadPrototype] 1 groups have wrong points...
 4:26:13.168 [CE][LoadPrototype] :: last group name: land_frozen_person...
 4:26:13.179 [CE][LoadPrototype] :: loaded 0 prototypes
 4:26:13.179   38 containers, 66 points
 4:26:13.179   0 dispatches, 0 proxies
 4:26:13.179 [CE][LoadPrototype] :: last group name: StoneLoc38...
 4:26:13.294 [CE][LoadMap] "Group" :: loaded 1445 groups, groups failed: 0, largest group range: 36.4
 4:26:13.301 [CE][LoadMap] "Dirt" :: loaded 0 groups, groups failed: 0, largest group range: 36.4
 4:26:13.306 [CE][Links] found 472 total links between groups, of 1445
 4:26:13.306 [CE][LoadClusters] "Cluster" :: Loading files...
 4:26:13.324 [CE][LoadClusters] :: file: "mapgroupcluster.xml", 1 types, 2418 instances
 4:26:13.326 [CE][Storage] ver:21 stamp:77321, valid:yes, name:"C:\SERVICES\ni10839481_1_SHARE\ftproot\dayzstandalone\mpmissions\regular.namalsk\storage_1\data\types.bin"
 4:26:13.329 [CE][Storage] ver:21 stamp:77287, valid:yes, name:"C:\SERVICES\ni10839481_1_SHARE\ftproot\dayzstandalone\mpmissions\regular.namalsk\storage_1\data\types.001"
 4:26:13.331 [CE][Storage] ver:21 stamp:77288, valid:yes, name:"C:\SERVICES\ni10839481_1_SHARE\ftproot\dayzstandalone\mpmissions\regular.namalsk\storage_1\data\types.002"
 4:26:13.331 [CE][Storage] Restoring file "C:\SERVICES\ni10839481_1_SHARE\ftproot\dayzstandalone\mpmissions\regular.namalsk\storage_1\data\types.bin".
 4:26:13.393 [CE][offlineDB] :: Loaded 23 dynamic events 177 total types.
 4:26:13.439 !!! [CE][offlineDB] :: Type 'ChristmasTree' will be ignored. (Not spawnable. (Scope is not public?))
 4:26:13.465 [CE][DE][SPAWNS] :: Total positions: 711
 4:26:13.466 [CE][DE][GROUPS] :: Total eventgroups defined: 0, Eventgroups in use: 0
 4:26:13.468 [CE][Storage] ver:25 stamp:77321, valid:yes, name:"C:\SERVICES\ni10839481_1_SHARE\ftproot\dayzstandalone\mpmissions\regular.namalsk\storage_1\data\events.bin"
 4:26:13.469 [CE][Storage] ver:25 stamp:77287, valid:yes, name:"C:\SERVICES\ni10839481_1_SHARE\ftproot\dayzstandalone\mpmissions\regular.namalsk\storage_1\data\events.001"
 4:26:13.471 [CE][Storage] ver:25 stamp:77288, valid:yes, name:"C:\SERVICES\ni10839481_1_SHARE\ftproot\dayzstandalone\mpmissions\regular.namalsk\storage_1\data\events.002"
 4:26:13.471 [CE][Storage] Restoring file "C:\SERVICES\ni10839481_1_SHARE\ftproot\dayzstandalone\mpmissions\regular.namalsk\storage_1\data\events.bin".
 4:26:13.471 [CE][DynamicEvent] Load  Events:[23] Primary spawners: 23 Secondary spawners: 0
 4:26:13.473 [CE][Storage] ver:25 stamp:77321, valid:yes, name:"C:\SERVICES\ni10839481_1_SHARE\ftproot\dayzstandalone\mpmissions\regular.namalsk\storage_1\data\dynamic_000.bin"
 4:26:13.474 [CE][Storage] ver:25 stamp:77287, valid:yes, name:"C:\SERVICES\ni10839481_1_SHARE\ftproot\dayzstandalone\mpmissions\regular.namalsk\storage_1\data\dynamic_000.001"
 4:26:13.477 [CE][Storage] ver:25 stamp:77288, valid:yes, name:"C:\SERVICES\ni10839481_1_SHARE\ftproot\dayzstandalone\mpmissions\regular.namalsk\storage_1\data\dynamic_000.002"
 4:26:13.477 [CE][Storage] Restoring file "C:\SERVICES\ni10839481_1_SHARE\ftproot\dayzstandalone\mpmissions\regular.namalsk\storage_1\data\dynamic_000.bin" 1 items.
 4:26:13.480   1 items loaded. (0 failed)
 4:26:13.482 [CE][Storage] ver:25 stamp:77321, valid:yes, name:"C:\SERVICES\ni10839481_1_SHARE\ftproot\dayzstandalone\mpmissions\regular.namalsk\storage_1\data\dynamic_001.bin"
 4:26:13.483 [CE][Storage] ver:25 stamp:77287, valid:yes, name:"C:\SERVICES\ni10839481_1_SHARE\ftproot\dayzstandalone\mpmissions\regular.namalsk\storage_1\data\dynamic_001.001"
 4:26:13.484 [CE][Storage] ver:25 stamp:77288, valid:yes, name:"C:\SERVICES\ni10839481_1_SHARE\ftproot\dayzstandalone\mpmissions\regular.namalsk\storage_1\data\dynamic_001.002"
 4:26:13.485 [CE][Storage] Restoring file "C:\SERVICES\ni10839481_1_SHARE\ftproot\dayzstandalone\mpmissions\regular.namalsk\storage_1\data\dynamic_001.bin" 31 items.
 4:26:13.627   31 items loaded. (0 failed)
 4:26:13.629 [CE][Storage] ver:25 stamp:77321, valid:yes, name:"C:\SERVICES\ni10839481_1_SHARE\ftproot\dayzstandalone\mpmissions\regular.namalsk\storage_1\data\dynamic_002.bin"
 4:26:13.631 [CE][Storage] ver:25 stamp:77287, valid:yes, name:"C:\SERVICES\ni10839481_1_SHARE\ftproot\dayzstandalone\mpmissions\regular.namalsk\storage_1\data\dynamic_002.001"
 4:26:13.632 [CE][Storage] ver:25 stamp:77288, valid:yes, name:"C:\SERVICES\ni10839481_1_SHARE\ftproot\dayzstandalone\mpmissions\regular.namalsk\storage_1\data\dynamic_002.002"
 4:26:13.632 [CE][Storage] Restoring file "C:\SERVICES\ni10839481_1_SHARE\ftproot\dayzstandalone\mpmissions\regular.namalsk\storage_1\data\dynamic_002.bin" 67 items.
 4:26:13.759   67 items loaded. (0 failed)
 4:26:13.762 [CE][Storage] ver:25 stamp:77321, valid:yes, name:"C:\SERVICES\ni10839481_1_SHARE\ftproot\dayzstandalone\mpmissions\regular.namalsk\storage_1\data\dynamic_003.bin"
 4:26:13.764 [CE][Storage] ver:25 stamp:77287, valid:yes, name:"C:\SERVICES\ni10839481_1_SHARE\ftproot\dayzstandalone\mpmissions\regular.namalsk\storage_1\data\dynamic_003.001"
 4:26:13.775 [CE][Storage] ver:25 stamp:77288, valid:yes, name:"C:\SERVICES\ni10839481_1_SHARE\ftproot\dayzstandalone\mpmissions\regular.namalsk\storage_1\data\dynamic_003.002"
 4:26:13.775 [CE][Storage] Restoring file "C:\SERVICES\ni10839481_1_SHARE\ftproot\dayzstandalone\mpmissions\regular.namalsk\storage_1\data\dynamic_003.bin" 763 items.
 4:26:14.798   763 items loaded. (0 failed)
 4:26:14.800 [CE][Storage] ver:25 stamp:77321, valid:yes, name:"C:\SERVICES\ni10839481_1_SHARE\ftproot\dayzstandalone\mpmissions\regular.namalsk\storage_1\data\dynamic_004.bin"
 4:26:14.802 [CE][Storage] ver:25 stamp:77287, valid:yes, name:"C:\SERVICES\ni10839481_1_SHARE\ftproot\dayzstandalone\mpmissions\regular.namalsk\storage_1\data\dynamic_004.001"
 4:26:14.804 [CE][Storage] ver:25 stamp:77288, valid:yes, name:"C:\SERVICES\ni10839481_1_SHARE\ftproot\dayzstandalone\mpmissions\regular.namalsk\storage_1\data\dynamic_004.002"
 4:26:14.804 [CE][Storage] Restoring file "C:\SERVICES\ni10839481_1_SHARE\ftproot\dayzstandalone\mpmissions\regular.namalsk\storage_1\data\dynamic_004.bin" 1621 items.
 4:26:16.147   1621 items loaded. (0 failed)
 4:26:16.149 [CE][Storage] ver:25 stamp:77321, valid:yes, name:"C:\SERVICES\ni10839481_1_SHARE\ftproot\dayzstandalone\mpmissions\regular.namalsk\storage_1\data\dynamic_005.bin"
 4:26:16.152 [CE][Storage] ver:25 stamp:77287, valid:yes, name:"C:\SERVICES\ni10839481_1_SHARE\ftproot\dayzstandalone\mpmissions\regular.namalsk\storage_1\data\dynamic_005.001"
 4:26:16.154 [CE][Storage] ver:25 stamp:77288, valid:yes, name:"C:\SERVICES\ni10839481_1_SHARE\ftproot\dayzstandalone\mpmissions\regular.namalsk\storage_1\data\dynamic_005.002"
 4:26:16.154 [CE][Storage] Restoring file "C:\SERVICES\ni10839481_1_SHARE\ftproot\dayzstandalone\mpmissions\regular.namalsk\storage_1\data\dynamic_005.bin" 765 items.
 4:26:18.126   765 items loaded. (0 failed)
 4:26:18.129 [CE][Storage] ver:25 stamp:77321, valid:yes, name:"C:\SERVICES\ni10839481_1_SHARE\ftproot\dayzstandalone\mpmissions\regular.namalsk\storage_1\data\dynamic_006.bin"
 4:26:18.131 [CE][Storage] ver:25 stamp:77287, valid:yes, name:"C:\SERVICES\ni10839481_1_SHARE\ftproot\dayzstandalone\mpmissions\regular.namalsk\storage_1\data\dynamic_006.001"
 4:26:18.134 [CE][Storage] ver:25 stamp:77288, valid:yes, name:"C:\SERVICES\ni10839481_1_SHARE\ftproot\dayzstandalone\mpmissions\regular.namalsk\storage_1\data\dynamic_006.002"
 4:26:18.134 [CE][Storage] Restoring file "C:\SERVICES\ni10839481_1_SHARE\ftproot\dayzstandalone\mpmissions\regular.namalsk\storage_1\data\dynamic_006.bin" 1712 items.
 4:26:19.271   1712 items loaded. (0 failed)
 4:26:19.273 [CE][Storage] ver:25 stamp:77321, valid:yes, name:"C:\SERVICES\ni10839481_1_SHARE\ftproot\dayzstandalone\mpmissions\regular.namalsk\storage_1\data\dynamic_007.bin"
 4:26:19.276 [CE][Storage] ver:25 stamp:77287, valid:yes, name:"C:\SERVICES\ni10839481_1_SHARE\ftproot\dayzstandalone\mpmissions\regular.namalsk\storage_1\data\dynamic_007.001"
 4:26:19.278 [CE][Storage] ver:25 stamp:77288, valid:yes, name:"C:\SERVICES\ni10839481_1_SHARE\ftproot\dayzstandalone\mpmissions\regular.namalsk\storage_1\data\dynamic_007.002"
 4:26:19.278 [CE][Storage] Restoring file "C:\SERVICES\ni10839481_1_SHARE\ftproot\dayzstandalone\mpmissions\regular.namalsk\storage_1\data\dynamic_007.bin" 580 items.
 4:26:19.656   580 items loaded. (0 failed)
 4:26:19.660 [CE][Storage] ver:25 stamp:77321, valid:yes, name:"C:\SERVICES\ni10839481_1_SHARE\ftproot\dayzstandalone\mpmissions\regular.namalsk\storage_1\data\dynamic_008.bin"
 4:26:19.663 [CE][Storage] ver:25 stamp:77287, valid:yes, name:"C:\SERVICES\ni10839481_1_SHARE\ftproot\dayzstandalone\mpmissions\regular.namalsk\storage_1\data\dynamic_008.001"
 4:26:19.668 [CE][Storage] ver:25 stamp:77288, valid:yes, name:"C:\SERVICES\ni10839481_1_SHARE\ftproot\dayzstandalone\mpmissions\regular.namalsk\storage_1\data\dynamic_008.002"
 4:26:19.668 [CE][Storage] Restoring file "C:\SERVICES\ni10839481_1_SHARE\ftproot\dayzstandalone\mpmissions\regular.namalsk\storage_1\data\dynamic_008.bin" 131 items.
 4:26:19.803   131 items loaded. (0 failed)
 4:26:19.811 [CE][Storage] ver:25 stamp:77321, valid:yes, name:"C:\SERVICES\ni10839481_1_SHARE\ftproot\dayzstandalone\mpmissions\regular.namalsk\storage_1\data\dynamic_009.bin"
 4:26:19.820 [CE][Storage] ver:25 stamp:77287, valid:yes, name:"C:\SERVICES\ni10839481_1_SHARE\ftproot\dayzstandalone\mpmissions\regular.namalsk\storage_1\data\dynamic_009.001"
 4:26:19.829 [CE][Storage] ver:25 stamp:77288, valid:yes, name:"C:\SERVICES\ni10839481_1_SHARE\ftproot\dayzstandalone\mpmissions\regular.namalsk\storage_1\data\dynamic_009.002"
 4:26:19.830 [CE][Storage] Restoring file "C:\SERVICES\ni10839481_1_SHARE\ftproot\dayzstandalone\mpmissions\regular.namalsk\storage_1\data\dynamic_009.bin" 0 items.
 4:26:19.830   0 items loaded. (0 failed)
 4:26:19.839 [CE][Storage] ver:25 stamp:77321, valid:yes, name:"C:\SERVICES\ni10839481_1_SHARE\ftproot\dayzstandalone\mpmissions\regular.namalsk\storage_1\data\dynamic_010.bin"
 4:26:19.849 [CE][Storage] ver:25 stamp:77287, valid:yes, name:"C:\SERVICES\ni10839481_1_SHARE\ftproot\dayzstandalone\mpmissions\regular.namalsk\storage_1\data\dynamic_010.001"
 4:26:19.859 [CE][Storage] ver:25 stamp:77288, valid:yes, name:"C:\SERVICES\ni10839481_1_SHARE\ftproot\dayzstandalone\mpmissions\regular.namalsk\storage_1\data\dynamic_010.002"
 4:26:19.859 [CE][Storage] Restoring file "C:\SERVICES\ni10839481_1_SHARE\ftproot\dayzstandalone\mpmissions\regular.namalsk\storage_1\data\dynamic_010.bin" 30 items.
 4:26:20.83   30 items loaded. (0 failed)
 4:26:20.93 [CE][Storage] ver:25 stamp:77321, valid:yes, name:"C:\SERVICES\ni10839481_1_SHARE\ftproot\dayzstandalone\mpmissions\regular.namalsk\storage_1\data\dynamic_011.bin"
 4:26:20.104 [CE][Storage] ver:25 stamp:77287, valid:yes, name:"C:\SERVICES\ni10839481_1_SHARE\ftproot\dayzstandalone\mpmissions\regular.namalsk\storage_1\data\dynamic_011.001"
 4:26:20.114 [CE][Storage] ver:25 stamp:77288, valid:yes, name:"C:\SERVICES\ni10839481_1_SHARE\ftproot\dayzstandalone\mpmissions\regular.namalsk\storage_1\data\dynamic_011.002"
 4:26:20.117 [CE][Storage] Restoring file "C:\SERVICES\ni10839481_1_SHARE\ftproot\dayzstandalone\mpmissions\regular.namalsk\storage_1\data\dynamic_011.bin" 51 items.
 4:26:20.160   51 items loaded. (0 failed)
 4:26:20.170 [CE][Storage] ver:26 stamp:77321, valid:yes, name:"C:\SERVICES\ni10839481_1_SHARE\ftproot\dayzstandalone\mpmissions\regular.namalsk\storage_1\data\building.bin"
 4:26:20.180 [CE][Storage] ver:26 stamp:77287, valid:yes, name:"C:\SERVICES\ni10839481_1_SHARE\ftproot\dayzstandalone\mpmissions\regular.namalsk\storage_1\data\building.001"
 4:26:20.190 [CE][Storage] ver:26 stamp:77288, valid:yes, name:"C:\SERVICES\ni10839481_1_SHARE\ftproot\dayzstandalone\mpmissions\regular.namalsk\storage_1\data\building.002"
 4:26:20.190 [CE][Storage] Restoring file "C:\SERVICES\ni10839481_1_SHARE\ftproot\dayzstandalone\mpmissions\regular.namalsk\storage_1\data\building.bin" 0 items.
 4:26:20.190   0 items loaded. (0 failed)
 4:26:20.200 [CE][Storage] ver:25 stamp:77321, valid:yes, name:"C:\SERVICES\ni10839481_1_SHARE\ftproot\dayzstandalone\mpmissions\regular.namalsk\storage_1\data\vehicles.bin"
 4:26:20.211 [CE][Storage] ver:25 stamp:77287, valid:yes, name:"C:\SERVICES\ni10839481_1_SHARE\ftproot\dayzstandalone\mpmissions\regular.namalsk\storage_1\data\vehicles.001"
 4:26:20.222 [CE][Storage] ver:25 stamp:77288, valid:yes, name:"C:\SERVICES\ni10839481_1_SHARE\ftproot\dayzstandalone\mpmissions\regular.namalsk\storage_1\data\vehicles.002"
 4:26:20.222 [CE][Storage] Restoring file "C:\SERVICES\ni10839481_1_SHARE\ftproot\dayzstandalone\mpmissions\regular.namalsk\storage_1\data\vehicles.bin" 57 items.
 4:26:20.614   57 items loaded. (0 failed)
 4:26:20.718 [CE][Hive] :: Storage load took:7.25 seconds, recovery stamp:77321
 4:26:20.718   entity: 9246, building: 0
 4:26:20.718   no lifetime: 14
 4:26:20.718   pathgraph's: 396
 4:26:20.734 [CE][Hive] :: Initializing ... 
 4:26:20.771 [CE][InitializeMap] :: initialized: 0
 4:26:20.771 [CE][Hive] :: Initializing spawners ... 
 4:26:20.771 [CE][LootRespawner] (PRIDummy) :: Initially (re)spawned:0, Nominal:6458, Total in Map: 5890 at 0 (sec)
 4:26:20.771   tests:0, repeats:0 fails:0, overtime:0
 4:26:23.669 [CE][DynEvent] :: 23 types
 4:26:23.669 [00] Loot
 4:26:23.669   Primary Spawner: "Loot", active: yes, repeat: 2
 4:26:23.669 [01] StaticMedDrop
 4:26:23.669   Primary Spawner: "Static", active: yes, repeat: 1
 4:26:23.669 [02] StaticLifeboat
 4:26:23.669   Primary Spawner: "Static", active: yes, repeat: 1
 4:26:23.669 [03] ItemWoodenPlanks
 4:26:23.669   Primary Spawner: "Item", active: yes, repeat: 1
 4:26:23.670 [04] TrajectoryStones
 4:26:23.670   Primary Spawner: "Trajectory", active: yes, repeat: 1
 4:26:23.670 [05] InfectedSanta
 4:26:23.670   Primary Spawner: "Infected", active: yes, repeat: 1
 4:26:23.670 [06] InfectedArmy
 4:26:23.670   Primary Spawner: "Infected", active: yes, repeat: 1
 4:26:23.670 [07] InfectedIndustrial
 4:26:23.670   Primary Spawner: "Infected", active: yes, repeat: 1
 4:26:23.670 [08] InfectedCivil
 4:26:23.670   Primary Spawner: "Infected", active: yes, repeat: 1
 4:26:23.670 [09] InfectedMedic
 4:26:23.670   Primary Spawner: "Infected", active: yes, repeat: 1
 4:26:23.670 [10] AnimalGoat
 4:26:23.670   Primary Spawner: "Animal", active: yes, repeat: 1
 4:26:23.670 [11] AnimalSheep
 4:26:23.670   Primary Spawner: "Animal", active: yes, repeat: 1
 4:26:23.670 [12] AnimalReindeer
 4:26:23.670   Primary Spawner: "Animal", active: yes, repeat: 1
 4:26:23.670 [13] AnimalWildBoar
 4:26:23.670   Primary Spawner: "Animal", active: yes, repeat: 1
 4:26:23.670 [14] AnimalWolf
 4:26:23.670   Primary Spawner: "Animal", active: yes, repeat: 1
 4:26:23.670 [15] AnimalBrownBear
 4:26:23.670   Primary Spawner: "Animal", active: yes, repeat: 1
 4:26:23.670 [16] AnimalPolarBear
 4:26:23.670   Primary Spawner: "Animal", active: yes, repeat: 1
 4:26:23.670 [17] AmbientFox
 4:26:23.670   Primary Spawner: "Ambient", active: yes, repeat: 1
 4:26:23.670 [18] AmbientHare
 4:26:23.670   Primary Spawner: "Ambient", active: yes, repeat: 1
 4:26:23.670 [19] VehicleRubberBoats
 4:26:23.670   Primary Spawner: "Vehicle", active: yes, repeat: 1
 4:26:23.670 [20] VehicleCivilianCars
 4:26:23.670   Primary Spawner: "Vehicle", active: yes, repeat: 1
 4:26:23.670 [21] VehicleTrucks
 4:26:23.670   Primary Spawner: "Vehicle", active: yes, repeat: 1
 4:26:23.670 [22] VehicleMilitary
 4:26:23.670   Primary Spawner: "Vehicle", active: yes, repeat: 1
 4:26:23.670 [CE][Hive] :: Initializing of spawners done.
 4:26:23.682 [CE][Hive] :: Init sequence finished.
 4:26:23.682 Player connect enabled
 4:26:24.366 [IdleMode] Entering IN - save processed
11:10:43.248 [Shutdown] Shutting down in 5400 seconds (90 minutes).
11:41:39.888 [Shutdown] Shutting down in 3600 seconds (60 minutes).
11:57:07.602 [Shutdown] Shutting down in 2700 seconds (45 minutes).
12:12:35.464 [Shutdown] Shutting down in 1800 seconds (30 minutes).
12:22:54.779 [Shutdown] Shutting down in 1200 seconds (20 minutes).
12:28:04.242 [Shutdown] Shutting down in 900 seconds (15 minutes).
12:33:13.980 [Shutdown] Shutting down in 600 seconds (10 minutes).
12:38:23.835 [Shutdown] Shutting down in 300 seconds (5 minutes).
12:39:25.754 [Shutdown] Shutting down in 240 seconds (4 minutes).
12:40:27.659 [Shutdown] Shutting down in 180 seconds (3 minutes).
12:41:29.560 [Shutdown] Shutting down in 120 seconds (2 minutes).
12:42:31.551 [Shutdown] Shutting down in 60 seconds (1 minutes).
12:42:31.645 [Shutdown] Saving players, locking server and kicking all players.
12:43:33.464 [Server] :: termination in: 5
12:43:34.464 [Server] :: termination in: 4
12:43:35.465 [Server] :: termination in: 3
12:43:36.465 [Server] :: termination in: 2
12:43:37.465 [Server] :: termination in: 1
12:43:47.361  --- Termination successfully completed --- 
