=====================================================================
== C:\SERVICES\ni10839481_1_SHARE\ftproot\dayzstandalone\DayZServer_x64.exe
== "C:\SERVICES\ni10839481_1_SHARE\ftproot\dayzstandalone\DayZServer_x64.exe" -ip=85.190.162.236 -port=11200 -cpuCount=4 -limitFPS=100 -config=serverDZ.cfg "-mod=@Namalsk Survival;@Namalsk Island;@Zens Zombie Door Bangers;@Ear-Plugs;@Code Lock" -profiles=C:\SERVICES\ni10839481_1_SHARE\ftproot\dayzstandalone/config -BEPath=C:\SERVICES\ni10839481_1_SHARE\ftproot\dayzstandalone\battleye -noFilePatching -nologs -adminlog -freezecheck
=====================================================================
Exe timestamp: 2025/04/04 00:49:20
Current time:  2025/06/01 04:25:23
Version 1.27.159674
=====================================================================

 4:25:23.853 [Inputs] Loading inputs default "bin/constants.xml"
 4:25:23.862 [Inputs] Loading inputs default "bin/specific.xml"
 4:25:23.864 [Inputs] Loading inputs default "EarPlugs/data/inputs.xml"
 4:25:23.867 [Inputs] Loading inputs default "nst/ns_dayz/scripts/Data/Inputs.xml"
 4:25:23.869 [Inputs] Loading inputs cfg "C:\SERVICES\ni10839481_1_SHARE\ftproot\dayzstandalone/config\Users\Survivor\Server.core.xml"
 4:25:23.883 [Inputs] Exporting inputs cfg "C:\SERVICES\ni10839481_1_SHARE\ftproot\dayzstandalone/config\Users\Survivor\Server.core.xml"
 4:25:45.193 Hostname of server: "Aid Station | Namalsk | PVE - Wipe: 03-06"
 4:25:56.514 [CE][Hive] :: Initializing OFFLINE
 4:25:56.515 [StorageDirs] :: Selected storage directory: C:\SERVICES\ni10839481_1_SHARE\ftproot\dayzstandalone\mpmissions\regular.namalsk\storage_1\
 4:25:56.520 [CE][Hive] :: Loading core data ... 
 4:25:56.525 [CE][CoreData] :: 8 root classes, 0 defaults, 0 updaters...
 4:26:03.458 [CE] :: WARNING :: Preset map "headsFirefighter" is EMPTY.
 4:26:03.460 [CE][TypeSetup] :: 599 classes setuped...
 4:26:04.55 [CE][RegisterBind] :: 0 classes binded...
 4:26:04.55 [CE][RegisterConfig] :: 5794 config classes registered, 0 sub-counters...
 4:26:04.55 [CE][Hive] :: Loading map data ... 
 4:26:04.116 [CE][LoadPrototype] :: loaded 256 prototypes
 4:26:04.116   404 containers, 7415 points
 4:26:04.116   1 dispatches, 1 proxies
 4:26:04.116 !!! [CE][LoadPrototype] 1 groups have wrong points...
 4:26:04.116 [CE][LoadPrototype] :: last group name: land_frozen_person...
 4:26:04.126 [CE][LoadPrototype] :: loaded 0 prototypes
 4:26:04.126   38 containers, 66 points
 4:26:04.126   0 dispatches, 0 proxies
 4:26:04.126 [CE][LoadPrototype] :: last group name: StoneLoc38...
 4:26:04.219 [CE][LoadMap] "Group" :: loaded 1445 groups, groups failed: 0, largest group range: 36.4
 4:26:04.224 [CE][LoadMap] "Dirt" :: loaded 0 groups, groups failed: 0, largest group range: 36.4
 4:26:04.233 [CE][Links] found 472 total links between groups, of 1445
 4:26:04.233 [CE][LoadClusters] "Cluster" :: Loading files...
 4:26:04.250 [CE][LoadClusters] :: file: "mapgroupcluster.xml", 1 types, 2418 instances
 4:26:04.253 [CE][Storage] ver:21 stamp:129294, valid:yes, name:"C:\SERVICES\ni10839481_1_SHARE\ftproot\dayzstandalone\mpmissions\regular.namalsk\storage_1\data\types.bin"
 4:26:04.255 [CE][Storage] ver:21 stamp:129166, valid:yes, name:"C:\SERVICES\ni10839481_1_SHARE\ftproot\dayzstandalone\mpmissions\regular.namalsk\storage_1\data\types.001"
 4:26:04.257 [CE][Storage] ver:21 stamp:129164, valid:yes, name:"C:\SERVICES\ni10839481_1_SHARE\ftproot\dayzstandalone\mpmissions\regular.namalsk\storage_1\data\types.002"
 4:26:04.258 [CE][Storage] Restoring file "C:\SERVICES\ni10839481_1_SHARE\ftproot\dayzstandalone\mpmissions\regular.namalsk\storage_1\data\types.bin".
 4:26:04.317 [CE][offlineDB] :: Loaded 23 dynamic events 177 total types.
 4:26:04.350 !!! [CE][offlineDB] :: Type 'R12' will be ignored. (Type does not exist. (Typo?))
 4:26:04.351 !!! [CE][offlineDB] :: Type 'MK4Optic_Black' will be ignored. (Type does not exist. (Typo?))
 4:26:04.351 !!! [CE][offlineDB] :: Type 'MK4Optic_Green' will be ignored. (Type does not exist. (Typo?))
 4:26:04.351 !!! [CE][offlineDB] :: Type 'SportingOptic' will be ignored. (Type does not exist. (Typo?))
 4:26:04.351 !!! [CE][offlineDB] :: Type 'PSO6Optic' will be ignored. (Type does not exist. (Typo?))
 4:26:04.352 !!! [CE][offlineDB] :: Type 'ChristmasTree' will be ignored. (Not spawnable. (Scope is not public?))
 4:26:04.378 [CE][DE][SPAWNS] :: Total positions: 711
 4:26:04.379 [CE][DE][GROUPS] :: Total eventgroups defined: 0, Eventgroups in use: 0
 4:26:04.380 [CE][Storage] ver:25 stamp:129294, valid:yes, name:"C:\SERVICES\ni10839481_1_SHARE\ftproot\dayzstandalone\mpmissions\regular.namalsk\storage_1\data\events.bin"
 4:26:04.382 [CE][Storage] ver:25 stamp:129166, valid:yes, name:"C:\SERVICES\ni10839481_1_SHARE\ftproot\dayzstandalone\mpmissions\regular.namalsk\storage_1\data\events.001"
 4:26:04.383 [CE][Storage] ver:25 stamp:129164, valid:yes, name:"C:\SERVICES\ni10839481_1_SHARE\ftproot\dayzstandalone\mpmissions\regular.namalsk\storage_1\data\events.002"
 4:26:04.384 [CE][Storage] Restoring file "C:\SERVICES\ni10839481_1_SHARE\ftproot\dayzstandalone\mpmissions\regular.namalsk\storage_1\data\events.bin".
 4:26:04.384 [CE][DynamicEvent] Load  Events:[23] Primary spawners: 23 Secondary spawners: 0
 4:26:04.386 [CE][Storage] ver:25 stamp:129294, valid:yes, name:"C:\SERVICES\ni10839481_1_SHARE\ftproot\dayzstandalone\mpmissions\regular.namalsk\storage_1\data\dynamic_000.bin"
 4:26:04.387 [CE][Storage] ver:25 stamp:129166, valid:yes, name:"C:\SERVICES\ni10839481_1_SHARE\ftproot\dayzstandalone\mpmissions\regular.namalsk\storage_1\data\dynamic_000.001"
 4:26:04.389 [CE][Storage] ver:25 stamp:129164, valid:yes, name:"C:\SERVICES\ni10839481_1_SHARE\ftproot\dayzstandalone\mpmissions\regular.namalsk\storage_1\data\dynamic_000.002"
 4:26:04.389 [CE][Storage] Restoring file "C:\SERVICES\ni10839481_1_SHARE\ftproot\dayzstandalone\mpmissions\regular.namalsk\storage_1\data\dynamic_000.bin" 1 items.
 4:26:04.390   1 items loaded. (0 failed)
 4:26:04.392 [CE][Storage] ver:25 stamp:129294, valid:yes, name:"C:\SERVICES\ni10839481_1_SHARE\ftproot\dayzstandalone\mpmissions\regular.namalsk\storage_1\data\dynamic_001.bin"
 4:26:04.394 [CE][Storage] ver:25 stamp:129166, valid:yes, name:"C:\SERVICES\ni10839481_1_SHARE\ftproot\dayzstandalone\mpmissions\regular.namalsk\storage_1\data\dynamic_001.001"
 4:26:04.396 [CE][Storage] ver:25 stamp:129164, valid:yes, name:"C:\SERVICES\ni10839481_1_SHARE\ftproot\dayzstandalone\mpmissions\regular.namalsk\storage_1\data\dynamic_001.002"
 4:26:04.396 [CE][Storage] Restoring file "C:\SERVICES\ni10839481_1_SHARE\ftproot\dayzstandalone\mpmissions\regular.namalsk\storage_1\data\dynamic_001.bin" 28 items.
 4:26:04.458   28 items loaded. (0 failed)
 4:26:04.461 [CE][Storage] ver:25 stamp:129294, valid:yes, name:"C:\SERVICES\ni10839481_1_SHARE\ftproot\dayzstandalone\mpmissions\regular.namalsk\storage_1\data\dynamic_002.bin"
 4:26:04.463 [CE][Storage] ver:25 stamp:129166, valid:yes, name:"C:\SERVICES\ni10839481_1_SHARE\ftproot\dayzstandalone\mpmissions\regular.namalsk\storage_1\data\dynamic_002.001"
 4:26:04.465 [CE][Storage] ver:25 stamp:129164, valid:yes, name:"C:\SERVICES\ni10839481_1_SHARE\ftproot\dayzstandalone\mpmissions\regular.namalsk\storage_1\data\dynamic_002.002"
 4:26:04.465 [CE][Storage] Restoring file "C:\SERVICES\ni10839481_1_SHARE\ftproot\dayzstandalone\mpmissions\regular.namalsk\storage_1\data\dynamic_002.bin" 61 items.
 4:26:04.564   61 items loaded. (0 failed)
 4:26:04.567 [CE][Storage] ver:25 stamp:129294, valid:yes, name:"C:\SERVICES\ni10839481_1_SHARE\ftproot\dayzstandalone\mpmissions\regular.namalsk\storage_1\data\dynamic_003.bin"
 4:26:04.570 [CE][Storage] ver:25 stamp:129166, valid:yes, name:"C:\SERVICES\ni10839481_1_SHARE\ftproot\dayzstandalone\mpmissions\regular.namalsk\storage_1\data\dynamic_003.001"
 4:26:04.572 [CE][Storage] ver:25 stamp:129164, valid:yes, name:"C:\SERVICES\ni10839481_1_SHARE\ftproot\dayzstandalone\mpmissions\regular.namalsk\storage_1\data\dynamic_003.002"
 4:26:04.572 [CE][Storage] Restoring file "C:\SERVICES\ni10839481_1_SHARE\ftproot\dayzstandalone\mpmissions\regular.namalsk\storage_1\data\dynamic_003.bin" 709 items.
 4:26:05.271   709 items loaded. (0 failed)
 4:26:05.273 [CE][Storage] ver:25 stamp:129294, valid:yes, name:"C:\SERVICES\ni10839481_1_SHARE\ftproot\dayzstandalone\mpmissions\regular.namalsk\storage_1\data\dynamic_004.bin"
 4:26:05.275 [CE][Storage] ver:25 stamp:129166, valid:yes, name:"C:\SERVICES\ni10839481_1_SHARE\ftproot\dayzstandalone\mpmissions\regular.namalsk\storage_1\data\dynamic_004.001"
 4:26:05.277 [CE][Storage] ver:25 stamp:129164, valid:yes, name:"C:\SERVICES\ni10839481_1_SHARE\ftproot\dayzstandalone\mpmissions\regular.namalsk\storage_1\data\dynamic_004.002"
 4:26:05.277 [CE][Storage] Restoring file "C:\SERVICES\ni10839481_1_SHARE\ftproot\dayzstandalone\mpmissions\regular.namalsk\storage_1\data\dynamic_004.bin" 1672 items.
 4:26:06.378   1672 items loaded. (0 failed)
 4:26:06.381 [CE][Storage] ver:25 stamp:129294, valid:yes, name:"C:\SERVICES\ni10839481_1_SHARE\ftproot\dayzstandalone\mpmissions\regular.namalsk\storage_1\data\dynamic_005.bin"
 4:26:06.384 [CE][Storage] ver:25 stamp:129166, valid:yes, name:"C:\SERVICES\ni10839481_1_SHARE\ftproot\dayzstandalone\mpmissions\regular.namalsk\storage_1\data\dynamic_005.001"
 4:26:06.387 [CE][Storage] ver:25 stamp:129164, valid:yes, name:"C:\SERVICES\ni10839481_1_SHARE\ftproot\dayzstandalone\mpmissions\regular.namalsk\storage_1\data\dynamic_005.002"
 4:26:06.387 [CE][Storage] Restoring file "C:\SERVICES\ni10839481_1_SHARE\ftproot\dayzstandalone\mpmissions\regular.namalsk\storage_1\data\dynamic_005.bin" 834 items.
 4:26:08.390   834 items loaded. (0 failed)
 4:26:08.393 [CE][Storage] ver:25 stamp:129294, valid:yes, name:"C:\SERVICES\ni10839481_1_SHARE\ftproot\dayzstandalone\mpmissions\regular.namalsk\storage_1\data\dynamic_006.bin"
 4:26:08.395 [CE][Storage] ver:25 stamp:129166, valid:yes, name:"C:\SERVICES\ni10839481_1_SHARE\ftproot\dayzstandalone\mpmissions\regular.namalsk\storage_1\data\dynamic_006.001"
 4:26:08.397 [CE][Storage] ver:25 stamp:129164, valid:yes, name:"C:\SERVICES\ni10839481_1_SHARE\ftproot\dayzstandalone\mpmissions\regular.namalsk\storage_1\data\dynamic_006.002"
 4:26:08.397 [CE][Storage] Restoring file "C:\SERVICES\ni10839481_1_SHARE\ftproot\dayzstandalone\mpmissions\regular.namalsk\storage_1\data\dynamic_006.bin" 1714 items.
 4:26:09.369   1714 items loaded. (0 failed)
 4:26:09.371 [CE][Storage] ver:25 stamp:129294, valid:yes, name:"C:\SERVICES\ni10839481_1_SHARE\ftproot\dayzstandalone\mpmissions\regular.namalsk\storage_1\data\dynamic_007.bin"
 4:26:09.374 [CE][Storage] ver:25 stamp:129166, valid:yes, name:"C:\SERVICES\ni10839481_1_SHARE\ftproot\dayzstandalone\mpmissions\regular.namalsk\storage_1\data\dynamic_007.001"
 4:26:09.376 [CE][Storage] ver:25 stamp:129164, valid:yes, name:"C:\SERVICES\ni10839481_1_SHARE\ftproot\dayzstandalone\mpmissions\regular.namalsk\storage_1\data\dynamic_007.002"
 4:26:09.376 [CE][Storage] Restoring file "C:\SERVICES\ni10839481_1_SHARE\ftproot\dayzstandalone\mpmissions\regular.namalsk\storage_1\data\dynamic_007.bin" 572 items.
 4:26:09.629   572 items loaded. (0 failed)
 4:26:09.632 [CE][Storage] ver:25 stamp:129294, valid:yes, name:"C:\SERVICES\ni10839481_1_SHARE\ftproot\dayzstandalone\mpmissions\regular.namalsk\storage_1\data\dynamic_008.bin"
 4:26:09.634 [CE][Storage] ver:25 stamp:129166, valid:yes, name:"C:\SERVICES\ni10839481_1_SHARE\ftproot\dayzstandalone\mpmissions\regular.namalsk\storage_1\data\dynamic_008.001"
 4:26:09.636 [CE][Storage] ver:25 stamp:129164, valid:yes, name:"C:\SERVICES\ni10839481_1_SHARE\ftproot\dayzstandalone\mpmissions\regular.namalsk\storage_1\data\dynamic_008.002"
 4:26:09.636 [CE][Storage] Restoring file "C:\SERVICES\ni10839481_1_SHARE\ftproot\dayzstandalone\mpmissions\regular.namalsk\storage_1\data\dynamic_008.bin" 130 items.
 4:26:09.722   130 items loaded. (0 failed)
 4:26:09.724 [CE][Storage] ver:25 stamp:129294, valid:yes, name:"C:\SERVICES\ni10839481_1_SHARE\ftproot\dayzstandalone\mpmissions\regular.namalsk\storage_1\data\dynamic_009.bin"
 4:26:09.726 [CE][Storage] ver:25 stamp:129166, valid:yes, name:"C:\SERVICES\ni10839481_1_SHARE\ftproot\dayzstandalone\mpmissions\regular.namalsk\storage_1\data\dynamic_009.001"
 4:26:09.728 [CE][Storage] ver:25 stamp:129164, valid:yes, name:"C:\SERVICES\ni10839481_1_SHARE\ftproot\dayzstandalone\mpmissions\regular.namalsk\storage_1\data\dynamic_009.002"
 4:26:09.728 [CE][Storage] Restoring file "C:\SERVICES\ni10839481_1_SHARE\ftproot\dayzstandalone\mpmissions\regular.namalsk\storage_1\data\dynamic_009.bin" 0 items.
 4:26:09.728   0 items loaded. (0 failed)
 4:26:09.730 [CE][Storage] ver:25 stamp:129294, valid:yes, name:"C:\SERVICES\ni10839481_1_SHARE\ftproot\dayzstandalone\mpmissions\regular.namalsk\storage_1\data\dynamic_010.bin"
 4:26:09.733 [CE][Storage] ver:25 stamp:129166, valid:yes, name:"C:\SERVICES\ni10839481_1_SHARE\ftproot\dayzstandalone\mpmissions\regular.namalsk\storage_1\data\dynamic_010.001"
 4:26:09.735 [CE][Storage] ver:25 stamp:129164, valid:yes, name:"C:\SERVICES\ni10839481_1_SHARE\ftproot\dayzstandalone\mpmissions\regular.namalsk\storage_1\data\dynamic_010.002"
 4:26:09.736 [CE][Storage] Restoring file "C:\SERVICES\ni10839481_1_SHARE\ftproot\dayzstandalone\mpmissions\regular.namalsk\storage_1\data\dynamic_010.bin" 33 items.
 4:26:09.912   33 items loaded. (0 failed)
 4:26:09.917 [CE][Storage] ver:25 stamp:129294, valid:yes, name:"C:\SERVICES\ni10839481_1_SHARE\ftproot\dayzstandalone\mpmissions\regular.namalsk\storage_1\data\dynamic_011.bin"
 4:26:09.925 [CE][Storage] ver:25 stamp:129166, valid:yes, name:"C:\SERVICES\ni10839481_1_SHARE\ftproot\dayzstandalone\mpmissions\regular.namalsk\storage_1\data\dynamic_011.001"
 4:26:09.933 [CE][Storage] ver:25 stamp:129164, valid:yes, name:"C:\SERVICES\ni10839481_1_SHARE\ftproot\dayzstandalone\mpmissions\regular.namalsk\storage_1\data\dynamic_011.002"
 4:26:09.933 [CE][Storage] Restoring file "C:\SERVICES\ni10839481_1_SHARE\ftproot\dayzstandalone\mpmissions\regular.namalsk\storage_1\data\dynamic_011.bin" 45 items.
 4:26:10.00   45 items loaded. (0 failed)
 4:26:10.16 [CE][Storage] ver:26 stamp:129294, valid:yes, name:"C:\SERVICES\ni10839481_1_SHARE\ftproot\dayzstandalone\mpmissions\regular.namalsk\storage_1\data\building.bin"
 4:26:10.24 [CE][Storage] ver:26 stamp:129166, valid:yes, name:"C:\SERVICES\ni10839481_1_SHARE\ftproot\dayzstandalone\mpmissions\regular.namalsk\storage_1\data\building.001"
 4:26:10.27 [CE][Storage] ver:26 stamp:129164, valid:yes, name:"C:\SERVICES\ni10839481_1_SHARE\ftproot\dayzstandalone\mpmissions\regular.namalsk\storage_1\data\building.002"
 4:26:10.27 [CE][Storage] Restoring file "C:\SERVICES\ni10839481_1_SHARE\ftproot\dayzstandalone\mpmissions\regular.namalsk\storage_1\data\building.bin" 0 items.
 4:26:10.27   0 items loaded. (0 failed)
 4:26:10.29 [CE][Storage] ver:25 stamp:129294, valid:yes, name:"C:\SERVICES\ni10839481_1_SHARE\ftproot\dayzstandalone\mpmissions\regular.namalsk\storage_1\data\vehicles.bin"
 4:26:10.32 [CE][Storage] ver:25 stamp:129166, valid:yes, name:"C:\SERVICES\ni10839481_1_SHARE\ftproot\dayzstandalone\mpmissions\regular.namalsk\storage_1\data\vehicles.001"
 4:26:10.36 [CE][Storage] ver:25 stamp:129164, valid:yes, name:"C:\SERVICES\ni10839481_1_SHARE\ftproot\dayzstandalone\mpmissions\regular.namalsk\storage_1\data\vehicles.002"
 4:26:10.36 [CE][Storage] Restoring file "C:\SERVICES\ni10839481_1_SHARE\ftproot\dayzstandalone\mpmissions\regular.namalsk\storage_1\data\vehicles.bin" 57 items.
 4:26:10.204   57 items loaded. (0 failed)
 4:26:10.295 [CE][Hive] :: Storage load took:5.92 seconds, recovery stamp:129294
 4:26:10.295   entity: 9819, building: 0
 4:26:10.295   no lifetime: 14
 4:26:10.295   pathgraph's: 453
 4:26:10.337 [CE][Hive] :: Initializing ... 
 4:26:10.372 [CE][InitializeMap] :: initialized: 0
 4:26:10.372 [CE][Hive] :: Initializing spawners ... 
 4:26:10.372 [CE][LootRespawner] (PRIDummy) :: Initially (re)spawned:0, Nominal:6396, Total in Map: 5912 at 0 (sec)
 4:26:10.372   tests:0, repeats:0 fails:0, overtime:0
 4:26:13.515 [CE][DynEvent] :: 23 types
 4:26:13.515 [00] Loot
 4:26:13.515   Primary Spawner: "Loot", active: yes, repeat: 2
 4:26:13.515 [01] StaticMedDrop
 4:26:13.515   Primary Spawner: "Static", active: yes, repeat: 1
 4:26:13.515 [02] StaticLifeboat
 4:26:13.515   Primary Spawner: "Static", active: yes, repeat: 1
 4:26:13.515 [03] ItemWoodenPlanks
 4:26:13.515   Primary Spawner: "Item", active: yes, repeat: 1
 4:26:13.515 [04] TrajectoryStones
 4:26:13.515   Primary Spawner: "Trajectory", active: yes, repeat: 1
 4:26:13.515 [05] InfectedSanta
 4:26:13.515   Primary Spawner: "Infected", active: yes, repeat: 1
 4:26:13.515 [06] InfectedArmy
 4:26:13.515   Primary Spawner: "Infected", active: yes, repeat: 1
 4:26:13.515 [07] InfectedIndustrial
 4:26:13.515   Primary Spawner: "Infected", active: yes, repeat: 1
 4:26:13.515 [08] InfectedCivil
 4:26:13.515   Primary Spawner: "Infected", active: yes, repeat: 1
 4:26:13.515 [09] InfectedMedic
 4:26:13.515   Primary Spawner: "Infected", active: yes, repeat: 1
 4:26:13.515 [10] AnimalGoat
 4:26:13.515   Primary Spawner: "Animal", active: yes, repeat: 1
 4:26:13.515 [11] AnimalSheep
 4:26:13.515   Primary Spawner: "Animal", active: yes, repeat: 1
 4:26:13.516 [12] AnimalReindeer
 4:26:13.516   Primary Spawner: "Animal", active: yes, repeat: 1
 4:26:13.516 [13] AnimalWildBoar
 4:26:13.516   Primary Spawner: "Animal", active: yes, repeat: 1
 4:26:13.516 [14] AnimalWolf
 4:26:13.516   Primary Spawner: "Animal", active: yes, repeat: 1
 4:26:13.516 [15] AnimalBrownBear
 4:26:13.516   Primary Spawner: "Animal", active: yes, repeat: 1
 4:26:13.516 [16] AnimalPolarBear
 4:26:13.516   Primary Spawner: "Animal", active: yes, repeat: 1
 4:26:13.516 [17] AmbientFox
 4:26:13.516   Primary Spawner: "Ambient", active: yes, repeat: 1
 4:26:13.516 [18] AmbientHare
 4:26:13.516   Primary Spawner: "Ambient", active: yes, repeat: 1
 4:26:13.516 [19] VehicleRubberBoats
 4:26:13.516   Primary Spawner: "Vehicle", active: yes, repeat: 1
 4:26:13.516 [20] VehicleCivilianCars
 4:26:13.516   Primary Spawner: "Vehicle", active: yes, repeat: 1
 4:26:13.516 [21] VehicleTrucks
 4:26:13.516   Primary Spawner: "Vehicle", active: yes, repeat: 1
 4:26:13.516 [22] VehicleMilitary
 4:26:13.516   Primary Spawner: "Vehicle", active: yes, repeat: 1
 4:26:13.516 [CE][Hive] :: Initializing of spawners done.
 4:26:13.521 [CE][Hive] :: Init sequence finished.
 4:26:13.521 Player connect enabled
 4:26:13.970 [IdleMode] Entering IN - save processed
11:08:45.646 [Shutdown] Shutting down in 5400 seconds (90 minutes).
11:39:46.635 [Shutdown] Shutting down in 3600 seconds (60 minutes).
11:55:15.622 [Shutdown] Shutting down in 2700 seconds (45 minutes).
12:10:44.374 [Shutdown] Shutting down in 1800 seconds (30 minutes).
12:21:04.366 [Shutdown] Shutting down in 1200 seconds (20 minutes).
12:26:14.457 [Shutdown] Shutting down in 900 seconds (15 minutes).
12:31:24.107 [Shutdown] Shutting down in 600 seconds (10 minutes).
12:36:33.875 [Shutdown] Shutting down in 300 seconds (5 minutes).
12:37:35.937 [Shutdown] Shutting down in 240 seconds (4 minutes).
12:38:37.867 [Shutdown] Shutting down in 180 seconds (3 minutes).
12:39:39.713 [Shutdown] Shutting down in 120 seconds (2 minutes).
12:40:41.655 [Shutdown] Shutting down in 60 seconds (1 minutes).
12:40:41.750 [Shutdown] Saving players, locking server and kicking all players.
12:41:43.586 [Server] :: termination in: 5
12:41:44.587 [Server] :: termination in: 4
12:41:45.587 [Server] :: termination in: 3
12:41:46.588 [Server] :: termination in: 2
12:41:47.588 [Server] :: termination in: 1
12:41:53.574  --- Termination successfully completed --- 
