[05-13-2025][04.25.48] New Access Log File Created!
[07:06:34] Player (Mendoza, 76561197963413528)(<6314.928223, 21.875349, 9512.620117>) quick accessed a lock!
[07:07:16] Player (Mendoza, 76561197963413528)(<6319.344238, 21.766153, 9508.742188>) quick accessed a lock!
[07:07:53] Player (Mendoza, 76561197963413528)(<6325.465820, 22.154179, 9406.088867>) quick accessed a lock!
[07:09:23] Player (Mendoza, 76561197963413528)(<6325.465820, 22.154179, 9406.088867>) quick accessed a lock!
[07:09:51] Player (Mendoza, 76561197963413528)(<6323.524414, 21.737755, 9508.852539>) quick accessed a lock!
[07:12:39] Player (Mendoza, 76561197963413528)(<6314.928223, 21.875349, 9512.620117>) quick accessed a lock!
[07:21:18] Player (Mendoza, 76561197963413528)(<6314.928223, 21.875349, 9512.620117>) quick accessed a lock!
[07:23:12] Player (Mendoza, 76561197963413528)(<6314.928223, 21.875349, 9512.620117>) quick accessed a lock!
[07:23:38] Player (Mendoza, 76561197963413528)(<6307.780273, 21.888290, 9515.652344>) quick accessed a lock!
[07:24:03] Player (Mendoza, 76561197963413528)(<6319.344238, 21.766153, 9508.742188>) quick accessed a lock!
[07:24:20] Player (Mendoza, 76561197963413528)(<6323.524414, 21.737755, 9508.852539>) quick accessed a lock!
[07:26:57] Player (Mendoza, 76561197963413528)(<6319.344238, 21.766153, 9508.742188>) quick accessed a lock!
[07:26:59] Player (Mendoza, 76561197963413528)(<6319.344238, 21.766153, 9508.742188>) quick accessed a lock!
[07:39:48] Player (Mendoza, 76561197963413528)(<6323.524414, 21.737755, 9508.852539>) quick accessed a lock!
[07:40:00] Player (Mendoza, 76561197963413528)(<6323.524414, 21.737755, 9508.852539>) quick accessed a lock!
[07:41:10] Player (Mendoza, 76561197963413528)(<6307.780273, 21.888290, 9515.652344>) quick accessed a lock!
[07:43:00] Player (Mendoza, 76561197963413528)(<6314.928223, 21.875349, 9512.620117>) quick accessed a lock!
[07:43:11] Player (Mendoza, 76561197963413528)(<6318.932129, 21.805933, 9538.139648>) quick accessed a lock!
[07:44:41] Player (Mendoza, 76561197963413528)(<6323.524414, 21.737755, 9508.852539>) quick accessed a lock!
[08:13:58] Player (Mendoza, 76561197963413528)(<6325.465820, 22.154179, 9406.088867>) quick accessed a lock!
[08:14:44] Player (Mendoza, 76561197963413528)(<6325.465820, 22.154179, 9406.088867>) quick accessed a lock!
[08:22:59] Player (Mendoza, 76561197963413528)(<6325.465820, 22.154179, 9406.088867>) quick accessed a lock!
[08:25:05] Player (Mendoza, 76561197963413528)(<6325.465820, 22.154179, 9406.088867>) quick accessed a lock!
[08:27:21] Player (Mendoza, 76561197963413528)(<6325.465820, 22.154179, 9406.088867>) quick accessed a lock!
[08:37:47] Player (Mendoza, 76561197963413528)(<6325.465820, 22.154179, 9406.088867>) quick accessed a lock!
[08:38:06] Player (Mendoza, 76561197963413528)(<6323.524414, 21.737755, 9508.852539>) quick accessed a lock!
[08:38:46] Player (Mendoza, 76561197963413528)(<6323.524414, 21.737755, 9508.852539>) quick accessed a lock!
[08:39:15] Player (Mendoza, 76561197963413528)(<6314.928223, 21.875349, 9512.620117>) quick accessed a lock!
[08:39:18] Player (Mendoza, 76561197963413528)(<6307.780273, 21.888290, 9515.652344>) quick accessed a lock!
[08:44:21] Player (Mendoza, 76561197963413528)(<6307.780273, 21.888290, 9515.652344>) quick accessed a lock!
[08:49:11] Player (Mendoza, 76561197963413528)(<6307.780273, 21.888290, 9515.652344>) quick accessed a lock!
[08:51:10] Player (Mendoza, 76561197963413528)(<6314.928223, 21.875349, 9512.620117>) quick accessed a lock!
[08:51:14] Player (Mendoza, 76561197963413528)(<6323.524414, 21.737755, 9508.852539>) quick accessed a lock!
[08:52:14] Player (Mendoza, 76561197963413528)(<6325.465820, 22.154179, 9406.088867>) quick accessed a lock!
[08:53:03] Player (Mendoza, 76561197963413528)(<6325.465820, 22.154179, 9406.088867>) quick accessed a lock!
[08:54:11] Player (Mendoza, 76561197963413528)(<6323.524414, 21.737755, 9508.852539>) quick accessed a lock!
[08:54:17] Player (Mendoza, 76561197963413528)(<6319.344238, 21.766153, 9508.742188>) quick accessed a lock!
[08:54:46] Player (Mendoza, 76561197963413528)(<6319.344238, 21.766153, 9508.742188>) quick accessed a lock!
[08:54:48] Player (Mendoza, 76561197963413528)(<6314.928223, 21.875349, 9512.620117>) quick accessed a lock!
[08:55:34] Player (Mendoza, 76561197963413528)(<6319.344238, 21.766153, 9508.742188>) quick accessed a lock!
[08:55:37] Player (Mendoza, 76561197963413528)(<6314.928223, 21.875349, 9512.620117>) quick accessed a lock!
[08:59:16] Player (Mendoza, 76561197963413528)(<6319.344238, 21.766153, 9508.742188>) quick accessed a lock!
[08:59:34] Player (Mendoza, 76561197963413528)(<6314.928223, 21.875349, 9512.620117>) quick accessed a lock!
[08:59:41] Player (Mendoza, 76561197963413528)(<6307.780273, 21.888290, 9515.652344>) quick accessed a lock!
[09:01:07] Player (Mendoza, 76561197963413528)(<6323.524414, 21.737755, 9508.852539>) quick accessed a lock!
[09:01:31] Player (Mendoza, 76561197963413528)(<6325.465820, 22.154179, 9406.088867>) quick accessed a lock!
[09:02:10] Player (Mendoza, 76561197963413528)(<6325.465820, 22.154179, 9406.088867>) quick accessed a lock!
[09:02:40] Player (Mendoza, 76561197963413528)(<6325.465820, 22.154179, 9406.088867>) quick accessed a lock!
[09:02:54] Player (Mendoza, 76561197963413528)(<6325.465820, 22.154179, 9406.088867>) quick accessed a lock!
[09:02:57] Player (Mendoza, 76561197963413528)(<6325.465820, 22.154179, 9406.088867>) quick accessed a lock!
[09:04:50] Player (Mendoza, 76561197963413528)(<6325.465820, 22.154179, 9406.088867>) quick accessed a lock!
[09:08:36] Player (Mendoza, 76561197963413528)(<6318.932129, 21.805933, 9538.139648>) quick accessed a lock!
[09:09:47] Player (Mendoza, 76561197963413528)(<6314.928223, 21.875349, 9512.620117>) quick accessed a lock!
[09:10:19] Player (Mendoza, 76561197963413528)(<6303.280762, 21.892134, 9520.394531>) quick accessed a lock!
[09:10:47] Player (Mendoza, 76561197963413528)(<6314.928223, 21.875349, 9512.620117>) quick accessed a lock!
[09:12:02] Player (Mendoza, 76561197963413528)(<6314.928223, 21.875349, 9512.620117>) quick accessed a lock!
[09:13:03] Player (Mendoza, 76561197963413528)(<6307.780273, 21.888290, 9515.652344>) quick accessed a lock!
[09:13:39] Player (Mendoza, 76561197963413528)(<6307.780273, 21.888290, 9515.652344>) quick accessed a lock!
[09:13:50] Player (Mendoza, 76561197963413528)(<6310.850098, 21.902084, 9508.443359>) quick accessed a lock!
[09:13:54] Player (Mendoza, 76561197963413528)(<6310.850098, 21.902084, 9508.443359>) quick accessed a lock!
[09:14:05] Player (Mendoza, 76561197963413528)(<6310.850098, 21.902084, 9508.443359>) quick accessed a lock!
[09:19:28] Player (Mendoza, 76561197963413528)(<6325.465820, 22.154179, 9406.088867>) quick accessed a lock!
[09:20:04] Player (Mendoza, 76561197963413528)(<6325.465820, 22.154179, 9406.088867>) quick accessed a lock!
[09:20:38] Player (Mendoza, 76561197963413528)(<6323.524414, 21.737755, 9508.852539>) quick accessed a lock!
[09:20:59] Player (Mendoza, 76561197963413528)(<6314.928223, 21.875349, 9512.620117>) quick accessed a lock!
[09:23:35] Player (Mendoza, 76561197963413528)(<6307.780273, 21.888290, 9515.652344>) quick accessed a lock!
[09:25:35] Player (Mendoza, 76561197963413528)(<6307.780273, 21.888290, 9515.652344>) quick accessed a lock!
[09:25:37] Player (Mendoza, 76561197963413528)(<6314.928223, 21.875349, 9512.620117>) quick accessed a lock!
[09:25:57] Player (Mendoza, 76561197963413528)(<6314.928223, 21.875349, 9512.620117>) quick accessed a lock!
[09:26:00] Player (Mendoza, 76561197963413528)(<6307.780273, 21.888290, 9515.652344>) quick accessed a lock!
[09:27:34] Player (Mendoza, 76561197963413528)(<6307.780273, 21.888290, 9515.652344>) quick accessed a lock!
[09:29:09] Player (Mendoza, 76561197963413528)(<6307.780273, 21.888290, 9515.652344>) quick accessed a lock!
[09:31:47] Player (Mendoza, 76561197963413528)(<6307.780273, 21.888290, 9515.652344>) quick accessed a lock!
[09:35:24] Player (Mendoza, 76561197963413528)(<6307.780273, 21.888290, 9515.652344>) quick accessed a lock!
[09:36:27] Player (Mendoza, 76561197963413528)(<6303.280762, 21.892134, 9520.394531>) quick accessed a lock!
[09:37:08] Player (Mendoza, 76561197963413528)(<6307.780273, 21.888290, 9515.652344>) quick accessed a lock!
[10:19:20] Player (Mendoza, 76561197963413528)(<6307.780273, 21.888290, 9515.652344>) quick accessed a lock!
[10:34:36] Player (Mendoza, 76561197963413528)(<6310.850098, 21.902084, 9508.443359>) quick accessed a lock!
[10:35:54] Player (Mendoza, 76561197963413528)(<6310.850098, 21.902084, 9508.443359>) quick accessed a lock!
[10:42:04] Player (Mendoza, 76561197963413528)(<6310.850098, 21.902084, 9508.443359>) quick accessed a lock!
[10:42:11] Player (Mendoza, 76561197963413528)(<6310.850098, 21.902084, 9508.443359>) quick accessed a lock!
[10:42:46] Player (Mendoza, 76561197963413528)(<6314.928223, 21.875349, 9512.620117>) quick accessed a lock!
[10:43:17] Player (Mendoza, 76561197963413528)(<6318.932129, 21.805933, 9538.139648>) quick accessed a lock!
[10:53:33] Player (Mendoza, 76561197963413528)(<6318.932129, 21.805933, 9538.139648>) quick accessed a lock!
[10:54:27] Player (Mendoza, 76561197963413528)(<6314.928223, 21.875349, 9512.620117>) quick accessed a lock!
[10:54:45] Player (Mendoza, 76561197963413528)(<6307.780273, 21.888290, 9515.652344>) quick accessed a lock!
[10:55:09] Player (Mendoza, 76561197963413528)(<6307.780273, 21.888290, 9515.652344>) quick accessed a lock!
[11:04:05] Player (Mendoza, 76561197963413528)(<6303.280762, 21.892134, 9520.394531>) quick accessed a lock!
[11:18:28] Player (Mendoza, 76561197963413528)(<6307.780273, 21.888290, 9515.652344>) quick accessed a lock!
[11:18:45] Player (Mendoza, 76561197963413528)(<6307.780273, 21.888290, 9515.652344>) quick accessed a lock!
[11:20:35] Player (Mendoza, 76561197963413528)(<6314.928223, 21.875349, 9512.620117>) quick accessed a lock!
[11:21:33] Player (Mendoza, 76561197963413528)(<6303.280762, 21.892134, 9520.394531>) quick accessed a lock!
[11:22:25] Player (Mendoza, 76561197963413528)(<6303.280762, 21.892134, 9520.394531>) quick accessed a lock!
[11:22:38] Player (Mendoza, 76561197963413528)(<6303.280762, 21.892134, 9520.394531>) quick accessed a lock!
[11:25:28] Player (Mendoza, 76561197963413528)(<6303.280762, 21.892134, 9520.394531>) quick accessed a lock!
[11:26:41] Player (Mendoza, 76561197963413528)(<6307.780273, 21.888290, 9515.652344>) quick accessed a lock!
[11:30:45] Player (Mendoza, 76561197963413528)(<6314.928223, 21.875349, 9512.620117>) quick accessed a lock!
[11:31:38] Player (Mendoza, 76561197963413528)(<6314.928223, 21.875349, 9512.620117>) quick accessed a lock!
[11:31:40] Player (Mendoza, 76561197963413528)(<6307.780273, 21.888290, 9515.652344>) quick accessed a lock!
[11:33:59] Player (Mendoza, 76561197963413528)(<6318.932129, 21.805933, 9538.139648>) quick accessed a lock!
[11:37:06] Player (Mendoza, 76561197963413528)(<6318.932129, 21.805933, 9538.139648>) quick accessed a lock!
[11:42:27] Player (Mendoza, 76561197963413528)(<6307.780273, 21.888290, 9515.652344>) quick accessed a lock!
[11:43:05] Player (Mendoza, 76561197963413528)(<6307.780273, 21.888290, 9515.652344>) quick accessed a lock!
[11:44:37] Player (Mendoza, 76561197963413528)(<6303.280762, 21.892134, 9520.394531>) quick accessed a lock!
[11:45:43] Player (Mendoza, 76561197963413528)(<6303.280762, 21.892134, 9520.394531>) quick accessed a lock!
[11:48:04] Player (Mendoza, 76561197963413528)(<6303.280762, 21.892134, 9520.394531>) quick accessed a lock!
[11:49:26] Player (Mendoza, 76561197963413528)(<6307.780273, 21.888290, 9515.652344>) quick accessed a lock!
[11:49:47] Player (Mendoza, 76561197963413528)(<6310.850098, 21.902084, 9508.443359>) quick accessed a lock!
[11:49:50] Player (Mendoza, 76561197963413528)(<6310.850098, 21.902084, 9508.443359>) quick accessed a lock!
[11:49:54] Player (Mendoza, 76561197963413528)(<6314.928223, 21.875349, 9512.620117>) quick accessed a lock!
[11:49:58] Player (Mendoza, 76561197963413528)(<6323.524414, 21.737755, 9508.852539>) quick accessed a lock!
[11:50:55] Player (Mendoza, 76561197963413528)(<6323.524414, 21.737755, 9508.852539>) quick accessed a lock!
[11:51:09] Player (Mendoza, 76561197963413528)(<6318.932129, 21.805933, 9538.139648>) quick accessed a lock!
[11:57:30] Player (Mendoza, 76561197963413528)(<6303.280762, 21.892134, 9520.394531>) quick accessed a lock!
[12:00:15] Player (Mendoza, 76561197963413528)(<6307.780273, 21.888290, 9515.652344>) quick accessed a lock!
[12:16:08] Player (Mendoza, 76561197963413528)(<6303.280762, 21.892134, 9520.394531>) removed a lock!
[12:19:22] Player (Mendoza, 76561197963413528)(<6307.780273, 21.888290, 9515.652344>) quick accessed a lock!
[12:25:19] Player (Mendoza, 76561197963413528)(<6314.928223, 21.875349, 9512.620117>) quick accessed a lock!
[12:28:02] Player (Mendoza, 76561197963413528)(<6307.780273, 21.888290, 9515.652344>) quick accessed a lock!
[12:37:05] Player (Mendoza, 76561197963413528)(<6314.928223, 21.875349, 9512.620117>) quick accessed a lock!
[05-13-2025][12.44.26] Log file reloaded ( Server Restart )
[13:09:08] Player (Mendoza, 76561197963413528)(<6314.928223, 21.875349, 9512.620117>) quick accessed a lock!
[13:09:10] Player (Mendoza, 76561197963413528)(<6319.344238, 21.766153, 9508.742188>) quick accessed a lock!
[13:12:07] Player (Mendoza, 76561197963413528)(<6323.524414, 21.737755, 9508.852539>) quick accessed a lock!
[13:12:27] Player (Mendoza, 76561197963413528)(<6314.928223, 21.875349, 9512.620117>) quick accessed a lock!
[13:12:47] Player (Mendoza, 76561197963413528)(<6307.780273, 21.888290, 9515.652344>) quick accessed a lock!
[13:12:50] Player (Mendoza, 76561197963413528)(<6307.780273, 21.888290, 9515.652344>) quick accessed a lock!
[13:19:42] Player (Mendoza, 76561197963413528)(<6307.780273, 21.888290, 9515.652344>) quick accessed a lock!
[13:28:17] Player (Mendoza, 76561197963413528)(<6307.780273, 21.888290, 9515.652344>) quick accessed a lock!
[13:40:11] Player (Mendoza, 76561197963413528)(<6307.780273, 21.888290, 9515.652344>) quick accessed a lock!
[13:43:36] Player (Mendoza, 76561197963413528)(<6307.780273, 21.888290, 9515.652344>) quick accessed a lock!
[13:48:50] Player (Mendoza, 76561197963413528)(<6307.780273, 21.888290, 9515.652344>) quick accessed a lock!
[13:49:08] Player (Mendoza, 76561197963413528)(<6307.780273, 21.888290, 9515.652344>) quick accessed a lock!
[13:58:13] Player (Mendoza, 76561197963413528)(<6307.780273, 21.888290, 9515.652344>) quick accessed a lock!
[13:59:11] Player (Mendoza, 76561197963413528)(<6307.780273, 21.888290, 9515.652344>) quick accessed a lock!
[14:00:09] Player (Mendoza, 76561197963413528)(<6307.780273, 21.888290, 9515.652344>) quick accessed a lock!
[14:01:10] Player (Mendoza, 76561197963413528)(<6314.928223, 21.875349, 9512.620117>) quick accessed a lock!
[14:04:22] Player (Mendoza, 76561197963413528)(<6307.780273, 21.888290, 9515.652344>) quick accessed a lock!
[14:16:29] Player (Mendoza, 76561197963413528)(<6307.780273, 21.888290, 9515.652344>) quick accessed a lock!
[14:21:24] Player (Mendoza, 76561197963413528)(<6314.928223, 21.875349, 9512.620117>) quick accessed a lock!
[14:21:34] Player (Mendoza, 76561197963413528)(<6307.780273, 21.888290, 9515.652344>) quick accessed a lock!
[14:28:42] Player (Mendoza, 76561197963413528)(<6307.780273, 21.888290, 9515.652344>) quick accessed a lock!
[14:33:04] Player (Mendoza, 76561197963413528)(<6307.780273, 21.888290, 9515.652344>) quick accessed a lock!
[14:40:15] Player (Mendoza, 76561197963413528)(<6314.928223, 21.875349, 9512.620117>) quick accessed a lock!
[14:40:22] Player (Mendoza, 76561197963413528)(<6318.932129, 21.805933, 9538.139648>) quick accessed a lock!
[14:57:30] Player (Mendoza, 76561197963413528)(<6307.780273, 21.888290, 9515.652344>) quick accessed a lock!
[14:58:16] Player (Mendoza, 76561197963413528)(<6318.932129, 21.805933, 9538.139648>) quick accessed a lock!
[14:58:49] Player (Mendoza, 76561197963413528)(<6318.932129, 21.805933, 9538.139648>) quick accessed a lock!
[14:59:12] Player (Mendoza, 76561197963413528)(<6307.780273, 21.888290, 9515.652344>) quick accessed a lock!
[14:59:34] Player (Mendoza, 76561197963413528)(<6307.780273, 21.888290, 9515.652344>) quick accessed a lock!
[14:59:56] Player (Mendoza, 76561197963413528)(<6318.932129, 21.805933, 9538.139648>) quick accessed a lock!
[15:00:34] Player (Mendoza, 76561197963413528)(<6318.932129, 21.805933, 9538.139648>) quick accessed a lock!
[15:00:57] Player (Mendoza, 76561197963413528)(<6307.780273, 21.888290, 9515.652344>) quick accessed a lock!
[15:03:32] Player (Mendoza, 76561197963413528)(<6307.780273, 21.888290, 9515.652344>) quick accessed a lock!
[15:07:03] Player (Mendoza, 76561197963413528)(<6307.780273, 21.888290, 9515.652344>) quick accessed a lock!
[15:07:48] Player (Mendoza, 76561197963413528)(<6307.780273, 21.888290, 9515.652344>) quick accessed a lock!
[15:07:52] Player (Mendoza, 76561197963413528)(<6314.928223, 21.875349, 9512.620117>) quick accessed a lock!
[15:16:27] Player (Mendoza, 76561197963413528)(<6307.780273, 21.888290, 9515.652344>) quick accessed a lock!
[15:16:34] Player (Mendoza, 76561197963413528)(<6307.780273, 21.888290, 9515.652344>) quick accessed a lock!
[15:19:11] Player (Mendoza, 76561197963413528)(<6307.780273, 21.888290, 9515.652344>) quick accessed a lock!
[15:20:33] Player (Mendoza, 76561197963413528)(<6307.780273, 21.888290, 9515.652344>) quick accessed a lock!
[15:21:54] Player (Mendoza, 76561197963413528)(<6310.850098, 21.902084, 9508.443359>) quick accessed a lock!
[15:22:34] Player (Burli, 76561199403818735)(<6314.928223, 21.875349, 9512.620117>) quick accessed a lock!
[15:22:58] Player (Burli, 76561199403818735)(<6314.928223, 21.875349, 9512.620117>) quick accessed a lock!
[15:23:08] Player (Burli, 76561199403818735)(<6314.928223, 21.875349, 9512.620117>) quick accessed a lock!
[15:23:28] Player (Mendoza, 76561197963413528)(<6314.928223, 21.875349, 9512.620117>) quick accessed a lock!
[15:23:48] Player (Mendoza, 76561197963413528)(<6314.928223, 21.875349, 9512.620117>) quick accessed a lock!
[15:25:28] Player (Mendoza, 76561197963413528)(<6310.850098, 21.902084, 9508.443359>) quick accessed a lock!
[15:25:41] Player (Mendoza, 76561197963413528)(<6310.850098, 21.902084, 9508.443359>) quick accessed a lock!
[16:04:41] Player (Mendoza, 76561197963413528)(<6310.850098, 21.902084, 9508.443359>) quick accessed a lock!
[16:04:53] Player (Mendoza, 76561197963413528)(<6314.928223, 21.875349, 9512.620117>) quick accessed a lock!
[16:04:56] Player (Mendoza, 76561197963413528)(<6319.344238, 21.766153, 9508.742188>) quick accessed a lock!
[16:05:19] Player (Mendoza, 76561197963413528)(<6325.465820, 22.154179, 9406.088867>) quick accessed a lock!
[16:06:19] Player (Mendoza, 76561197963413528)(<6325.465820, 22.154179, 9406.088867>) quick accessed a lock!
[16:06:37] Player (Mendoza, 76561197963413528)(<6323.524414, 21.737755, 9508.852539>) quick accessed a lock!
[16:06:49] Player (Mendoza, 76561197963413528)(<6314.928223, 21.875349, 9512.620117>) quick accessed a lock!
[16:12:58] Player (Mendoza, 76561197963413528)(<6310.850098, 21.902084, 9508.443359>) quick accessed a lock!
[16:13:55] Player (Mendoza, 76561197963413528)(<6310.850098, 21.902084, 9508.443359>) quick accessed a lock!
[16:14:10] Player (Mendoza, 76561197963413528)(<6310.850098, 21.902084, 9508.443359>) quick accessed a lock!
[16:14:12] Player (Mendoza, 76561197963413528)(<6310.850098, 21.902084, 9508.443359>) quick accessed a lock!
[16:57:15] Player (Mendoza, 76561197963413528)(<6310.850098, 21.902084, 9508.443359>) quick accessed a lock!
[16:59:31] Player (Mendoza, 76561197963413528)(<6307.780273, 21.888290, 9515.652344>) quick accessed a lock!
[17:00:08] Player (Mendoza, 76561197963413528)(<6307.780273, 21.888290, 9515.652344>) quick accessed a lock!
[17:01:12] Player (Mendoza, 76561197963413528)(<6310.850098, 21.902084, 9508.443359>) quick accessed a lock!
[17:01:43] Player (Mendoza, 76561197963413528)(<6314.928223, 21.875349, 9512.620117>) quick accessed a lock!
[17:02:51] Player (Mendoza, 76561197963413528)(<6310.850098, 21.902084, 9508.443359>) quick accessed a lock!
[17:23:46] Player (Burli, 76561199403818735)(<6310.850098, 21.902084, 9508.443359>) quick accessed a lock!
[17:37:01] Player (Mendoza, 76561197963413528)(<6310.850098, 21.902084, 9508.443359>) quick accessed a lock!
[17:39:04] Player (Mendoza, 76561197963413528)(<6314.928223, 21.875349, 9512.620117>) quick accessed a lock!
[17:43:43] Player (Mendoza, 76561197963413528)(<6307.780273, 21.888290, 9515.652344>) quick accessed a lock!
[17:44:14] Player (Mendoza, 76561197963413528)(<6307.780273, 21.888290, 9515.652344>) quick accessed a lock!
[17:45:16] Player (Mendoza, 76561197963413528)(<6314.928223, 21.875349, 9512.620117>) quick accessed a lock!
[17:46:51] Player (Mendoza, 76561197963413528)(<6307.780273, 21.888290, 9515.652344>) quick accessed a lock!
[17:47:53] Player (Mendoza, 76561197963413528)(<6307.780273, 21.888290, 9515.652344>) quick accessed a lock!
[17:48:07] Player (Mendoza, 76561197963413528)(<6307.780273, 21.888290, 9515.652344>) quick accessed a lock!
[17:50:33] Player (Mendoza, 76561197963413528)(<6307.780273, 21.888290, 9515.652344>) quick accessed a lock!
[17:59:33] Player (Mendoza, 76561197963413528)(<6307.780273, 21.888290, 9515.652344>) quick accessed a lock!
[18:01:46] Player (Mendoza, 76561197963413528)(<6307.780273, 21.888290, 9515.652344>) quick accessed a lock!
[18:01:51] Player (Mendoza, 76561197963413528)(<6307.780273, 21.888290, 9515.652344>) quick accessed a lock!
[18:02:54] Player (Mendoza, 76561197963413528)(<6307.780273, 21.888290, 9515.652344>) quick accessed a lock!
[18:03:05] Player (Mendoza, 76561197963413528)(<6307.780273, 21.888290, 9515.652344>) quick accessed a lock!
[18:03:46] Player (Mendoza, 76561197963413528)(<6307.780273, 21.888290, 9515.652344>) quick accessed a lock!
[18:11:32] Player (Mendoza, 76561197963413528)(<6307.780273, 21.888290, 9515.652344>) quick accessed a lock!
[18:14:15] Player (Mendoza, 76561197963413528)(<6307.780273, 21.888290, 9515.652344>) quick accessed a lock!
[18:15:26] Player (Mendoza, 76561197963413528)(<6307.780273, 21.888290, 9515.652344>) quick accessed a lock!
[18:15:56] Player (Mendoza, 76561197963413528)(<6307.780273, 21.888290, 9515.652344>) quick accessed a lock!
[18:18:30] Player (Mendoza, 76561197963413528)(<6307.780273, 21.888290, 9515.652344>) quick accessed a lock!
[18:24:54] Player (Mendoza, 76561197963413528)(<6314.928223, 21.875349, 9512.620117>) quick accessed a lock!
[18:26:19] Player (Mendoza, 76561197963413528)(<6314.928223, 21.875349, 9512.620117>) quick accessed a lock!
[18:28:49] Player (Mendoza, 76561197963413528)(<6314.928223, 21.875349, 9512.620117>) quick accessed a lock!
[18:30:46] Player (Mendoza, 76561197963413528)(<6314.928223, 21.875349, 9512.620117>) quick accessed a lock!
[18:32:43] Player (Burli, 76561199403818735)(<6307.780273, 21.888290, 9515.652344>) quick accessed a lock!
[18:34:28] Player (Burli, 76561199403818735)(<6307.780273, 21.888290, 9515.652344>) quick accessed a lock!
[18:50:06] Player (Mendoza, 76561197963413528)(<6314.928223, 21.875349, 9512.620117>) quick accessed a lock!
[18:54:10] Player (Mendoza, 76561197963413528)(<6318.932129, 21.805933, 9538.139648>) quick accessed a lock!
[18:55:51] Player (Mendoza, 76561197963413528)(<6314.928223, 21.875349, 9512.620117>) quick accessed a lock!
[18:57:21] Player (Mendoza, 76561197963413528)(<6314.928223, 21.875349, 9512.620117>) quick accessed a lock!
[18:57:34] Player (Mendoza, 76561197963413528)(<6314.928223, 21.875349, 9512.620117>) quick accessed a lock!
[18:59:34] Player (Mendoza, 76561197963413528)(<6310.850098, 21.902084, 9508.443359>) quick accessed a lock!
[19:01:37] Player (Mendoza, 76561197963413528)(<6307.780273, 21.888290, 9515.652344>) quick accessed a lock!
[19:02:05] Player (Mendoza, 76561197963413528)(<6295.278809, 21.912560, 9518.042969>) set a new passcode on lock!
[19:02:05] Player (Mendoza, 76561197963413528)(<6295.278809, 21.912560, 9518.042969>) claimed ownership of a lock!
[19:02:06] Player (Mendoza, 76561197963413528)(<6295.278809, 21.912560, 9518.042969>) quick accessed a lock!
[19:02:22] Player (Mendoza, 76561197963413528)(<6295.278809, 21.912560, 9518.042969>) quick accessed a lock!
[19:03:17] Player (Mendoza, 76561197963413528)(<6295.278809, 21.912560, 9518.042969>) quick accessed a lock!
[19:05:25] Player (Mendoza, 76561197963413528)(<6295.278809, 21.912560, 9518.042969>) quick accessed a lock!
[19:05:28] Player (Mendoza, 76561197963413528)(<6295.278809, 21.912560, 9518.042969>) quick accessed a lock!
[19:11:03] Player (Mendoza, 76561197963413528)(<6307.780273, 21.888290, 9515.652344>) quick accessed a lock!
[19:14:44] Player (Mendoza, 76561197963413528)(<6310.850098, 21.902084, 9508.443359>) quick accessed a lock!
[20:07:19] Player (Mendoza, 76561197963413528)(<6310.850098, 21.902084, 9508.443359>) quick accessed a lock!
[20:10:45] Player (Mendoza, 76561197963413528)(<6307.780273, 21.888290, 9515.652344>) quick accessed a lock!
[20:16:28] Player (Mendoza, 76561197963413528)(<6295.278809, 21.912560, 9518.042969>) quick accessed a lock!
[20:16:49] Player (Mendoza, 76561197963413528)(<6307.780273, 21.888290, 9515.652344>) quick accessed a lock!
[20:18:09] Player (Mendoza, 76561197963413528)(<6307.780273, 21.888290, 9515.652344>) quick accessed a lock!
[20:19:07] Player (Mendoza, 76561197963413528)(<6307.780273, 21.888290, 9515.652344>) quick accessed a lock!
[20:20:07] Player (Mendoza, 76561197963413528)(<6295.278809, 21.912560, 9518.042969>) quick accessed a lock!
[20:20:36] Player (Mendoza, 76561197963413528)(<6295.278809, 21.912560, 9518.042969>) quick accessed a lock!
[20:21:33] Player (Mendoza, 76561197963413528)(<6295.278809, 21.912560, 9518.042969>) quick accessed a lock!
[20:22:09] Player (Mendoza, 76561197963413528)(<6295.278809, 21.912560, 9518.042969>) quick accessed a lock!
[20:34:25] Player (Mendoza, 76561197963413528)(<6307.780273, 21.888290, 9515.652344>) quick accessed a lock!
[20:35:04] Player (Mendoza, 76561197963413528)(<6310.850098, 21.902084, 9508.443359>) quick accessed a lock!
[20:36:15] Player (Mendoza, 76561197963413528)(<6310.850098, 21.902084, 9508.443359>) quick accessed a lock!
[20:36:18] Player (Mendoza, 76561197963413528)(<6314.928223, 21.875349, 9512.620117>) quick accessed a lock!
[20:36:34] Player (Mendoza, 76561197963413528)(<6310.850098, 21.902084, 9508.443359>) quick accessed a lock!
[05-13-2025][21.02.51] Log file reloaded ( Server Restart )
[21:16:15] Player (Burli, 76561199403818735)(<6314.928223, 21.875349, 9512.620117>) quick accessed a lock!
[21:31:36] Player (Burli, 76561199403818735)(<6307.780273, 21.888290, 9515.652344>) quick accessed a lock!
[21:39:42] Player (Burli, 76561199403818735)(<6307.780273, 21.888290, 9515.652344>) quick accessed a lock!
[21:39:47] Player (Burli, 76561199403818735)(<6314.928223, 21.875349, 9512.620117>) quick accessed a lock!
[21:39:58] Player (Burli, 76561199403818735)(<6318.932129, 21.805933, 9538.139648>) accessed a lock!
[21:39:58] Player (Burli, 76561199403818735)(<6318.932129, 21.805933, 9538.139648>) was added as a guest of a lock!
[21:41:08] Player (Burli, 76561199403818735)(<6318.932129, 21.805933, 9538.139648>) quick accessed a lock!
[21:41:15] Player (Burli, 76561199403818735)(<6314.928223, 21.875349, 9512.620117>) quick accessed a lock!
[21:48:13] Player (Burli, 76561199403818735)(<6310.850098, 21.902084, 9508.443359>) quick accessed a lock!
[21:50:46] Player (Mendoza, 76561197963413528)(<6314.928223, 21.875349, 9512.620117>) quick accessed a lock!
[21:51:17] Player (Mendoza, 76561197963413528)(<6314.928223, 21.875349, 9512.620117>) quick accessed a lock!
[21:52:17] Player (Burli, 76561199403818735)(<6307.780273, 21.888290, 9515.652344>) quick accessed a lock!
[21:53:20] Player (Burli, 76561199403818735)(<6307.780273, 21.888290, 9515.652344>) quick accessed a lock!
[21:53:34] Player (Mendoza, 76561197963413528)(<6307.780273, 21.888290, 9515.652344>) quick accessed a lock!
[21:53:46] Player (Mendoza, 76561197963413528)(<6307.780273, 21.888290, 9515.652344>) quick accessed a lock!
[21:53:55] Player (Mendoza, 76561197963413528)(<6295.278809, 21.912560, 9518.042969>) quick accessed a lock!
[21:57:19] Player (Mendoza, 76561197963413528)(<6295.278809, 21.912560, 9518.042969>) quick accessed a lock!
[21:57:55] Player (Mendoza, 76561197963413528)(<6295.278809, 21.912560, 9518.042969>) quick accessed a lock!
[21:58:11] Player (Burli, 76561199403818735)(<6307.780273, 21.888290, 9515.652344>) quick accessed a lock!
[22:04:25] Player (Mendoza, 76561197963413528)(<6295.278809, 21.912560, 9518.042969>) quick accessed a lock!
[22:05:06] Player (Mendoza, 76561197963413528)(<6295.278809, 21.912560, 9518.042969>) quick accessed a lock!
[22:05:47] Player (Mendoza, 76561197963413528)(<6295.278809, 21.912560, 9518.042969>) quick accessed a lock!
[22:06:06] Player (Burli, 76561199403818735)(<6307.780273, 21.888290, 9515.652344>) quick accessed a lock!
[22:10:11] Player (Mendoza, 76561197963413528)(<6295.278809, 21.912560, 9518.042969>) quick accessed a lock!
[22:11:38] Player (Mendoza, 76561197963413528)(<6307.780273, 21.888290, 9515.652344>) quick accessed a lock!
[22:13:37] Player (Mendoza, 76561197963413528)(<6307.780273, 21.888290, 9515.652344>) quick accessed a lock!
[22:13:42] Player (Burli, 76561199403818735)(<6307.780273, 21.888290, 9515.652344>) quick accessed a lock!
[22:14:36] Player (Mendoza, 76561197963413528)(<6307.780273, 21.888290, 9515.652344>) quick accessed a lock!
[22:16:05] Player (Burli, 76561199403818735)(<6307.780273, 21.888290, 9515.652344>) quick accessed a lock!
[22:16:13] Player (Burli, 76561199403818735)(<6310.850098, 21.902084, 9508.443359>) quick accessed a lock!
[22:16:55] Player (Mendoza, 76561197963413528)(<6295.278809, 21.912560, 9518.042969>) quick accessed a lock!
[22:20:44] Player (Burli, 76561199403818735)(<6307.780273, 21.888290, 9515.652344>) quick accessed a lock!
[22:23:14] Player (Mendoza, 76561197963413528)(<6307.780273, 21.888290, 9515.652344>) quick accessed a lock!
[22:24:49] Player (Mendoza, 76561197963413528)(<6307.780273, 21.888290, 9515.652344>) quick accessed a lock!
[22:25:43] Player (Mendoza, 76561197963413528)(<6295.278809, 21.912560, 9518.042969>) quick accessed a lock!
[22:26:05] Player (Burli, 76561199403818735)(<6295.278809, 21.912560, 9518.042969>) accessed a lock!
[22:26:05] Player (Burli, 76561199403818735)(<6295.278809, 21.912560, 9518.042969>) was added as a guest of a lock!
[22:39:54] Player (Mendoza, 76561197963413528)(<6314.928223, 21.875349, 9512.620117>) quick accessed a lock!
[22:50:39] Player (SamGeekMan, 76561198025089838)(<6310.850098, 21.902084, 9508.443359>) quick accessed a lock!
[22:50:55] Player (SamGeekMan, 76561198025089838)(<6310.850098, 21.902084, 9508.443359>) quick accessed a lock!
[22:54:31] Player (Burli, 76561199403818735)(<6307.780273, 21.888290, 9515.652344>) quick accessed a lock!
[23:00:01] Player (Mendoza, 76561197963413528)(<6314.928223, 21.875349, 9512.620117>) quick accessed a lock!
[23:00:39] Player (Mendoza, 76561197963413528)(<6295.278809, 21.912560, 9518.042969>) quick accessed a lock!
[23:00:57] Player (Mendoza, 76561197963413528)(<6295.278809, 21.912560, 9518.042969>) quick accessed a lock!
[23:05:32] Player (Mendoza, 76561197963413528)(<6295.278809, 21.912560, 9518.042969>) quick accessed a lock!
[23:07:26] Player (Mendoza, 76561197963413528)(<6307.780273, 21.888290, 9515.652344>) quick accessed a lock!
[23:07:59] Player (SamGeekMan, 76561198025089838)(<6310.850098, 21.902084, 9508.443359>) quick accessed a lock!
[23:08:11] Player (Mendoza, 76561197963413528)(<6307.780273, 21.888290, 9515.652344>) quick accessed a lock!
[23:08:14] Player (Mendoza, 76561197963413528)(<6310.850098, 21.902084, 9508.443359>) quick accessed a lock!
[23:08:38] Player (Mendoza, 76561197963413528)(<6310.850098, 21.902084, 9508.443359>) quick accessed a lock!
[23:09:12] Player (Mendoza, 76561197963413528)(<6314.928223, 21.875349, 9512.620117>) quick accessed a lock!
[23:09:15] Player (Mendoza, 76561197963413528)(<6314.928223, 21.875349, 9512.620117>) quick accessed a lock!
[23:09:55] Player (SamGeekMan, 76561198025089838)(<6310.850098, 21.902084, 9508.443359>) quick accessed a lock!
[23:09:59] Player (Mendoza, 76561197963413528)(<6310.850098, 21.902084, 9508.443359>) quick accessed a lock!
[23:10:06] Player (Mendoza, 76561197963413528)(<6314.928223, 21.875349, 9512.620117>) quick accessed a lock!
[23:10:11] Player (Mendoza, 76561197963413528)(<6319.344238, 21.766153, 9508.742188>) quick accessed a lock!
[23:15:45] Player (Mendoza, 76561197963413528)(<6319.344238, 21.766153, 9508.742188>) quick accessed a lock!
[23:16:31] Player (Mendoza, 76561197963413528)(<6314.928223, 21.875349, 9512.620117>) quick accessed a lock!
[23:18:02] Player (Mendoza, 76561197963413528)(<6314.928223, 21.875349, 9512.620117>) quick accessed a lock!
[23:29:27] Player (Mendoza, 76561197963413528)(<6314.928223, 21.875349, 9512.620117>) quick accessed a lock!
[23:29:30] Player (Mendoza, 76561197963413528)(<6323.524414, 21.737755, 9508.852539>) quick accessed a lock!
[23:33:58] Player (Mendoza, 76561197963413528)(<6307.780273, 21.888290, 9515.652344>) quick accessed a lock!
