=====================================================================
== C:\SERVICES\ni10839481_1_SHARE\ftproot\dayzstandalone\DayZServer_x64.exe
== "C:\SERVICES\ni10839481_1_SHARE\ftproot\dayzstandalone\DayZServer_x64.exe" -ip=85.190.162.236 -port=11200 -cpuCount=4 -limitFPS=100 -config=serverDZ.cfg "-mod=@Namalsk Survival;@Namalsk Island;@Zens Zombie Door Bangers;@Ear-Plugs;@Code Lock" -profiles=C:\SERVICES\ni10839481_1_SHARE\ftproot\dayzstandalone/config -BEPath=C:\SERVICES\ni10839481_1_SHARE\ftproot\dayzstandalone\battleye -noFilePatching -nologs -adminlog -freezecheck
=====================================================================
Exe timestamp: 2025/04/04 00:49:20
Current time:  2025/05/31 12:44:49
Version 1.27.159674
=====================================================================

12:44:49.795 [Inputs] Loading inputs default "bin/constants.xml"
12:44:49.808 [Inputs] Loading inputs default "bin/specific.xml"
12:44:49.811 [Inputs] Loading inputs default "EarPlugs/data/inputs.xml"
12:44:49.814 [Inputs] Loading inputs default "nst/ns_dayz/scripts/Data/Inputs.xml"
12:44:49.816 [Inputs] Loading inputs cfg "C:\SERVICES\ni10839481_1_SHARE\ftproot\dayzstandalone/config\Users\Survivor\Server.core.xml"
12:44:49.835 [Inputs] Exporting inputs cfg "C:\SERVICES\ni10839481_1_SHARE\ftproot\dayzstandalone/config\Users\Survivor\Server.core.xml"
12:45:21.502 Hostname of server: "Aid Station | Namalsk | PVE - Wipe: 03-06"
12:45:43.97 [CE][Hive] :: Initializing OFFLINE
12:45:43.99 [StorageDirs] :: Selected storage directory: C:\SERVICES\ni10839481_1_SHARE\ftproot\dayzstandalone\mpmissions\regular.namalsk\storage_1\
12:45:43.103 [CE][Hive] :: Loading core data ... 
12:45:43.109 [CE][CoreData] :: 8 root classes, 0 defaults, 0 updaters...
12:45:51.254 [CE] :: WARNING :: Preset map "headsFirefighter" is EMPTY.
12:45:51.256 [CE][TypeSetup] :: 599 classes setuped...
12:45:51.868 [CE][RegisterBind] :: 0 classes binded...
12:45:51.869 [CE][RegisterConfig] :: 5794 config classes registered, 0 sub-counters...
12:45:51.869 [CE][Hive] :: Loading map data ... 
12:45:51.960 [CE][LoadPrototype] :: loaded 256 prototypes
12:45:51.960   404 containers, 7415 points
12:45:51.960   1 dispatches, 1 proxies
12:45:51.960 !!! [CE][LoadPrototype] 1 groups have wrong points...
12:45:51.960 [CE][LoadPrototype] :: last group name: land_frozen_person...
12:45:51.971 [CE][LoadPrototype] :: loaded 0 prototypes
12:45:51.971   38 containers, 66 points
12:45:51.971   0 dispatches, 0 proxies
12:45:51.971 [CE][LoadPrototype] :: last group name: StoneLoc38...
12:45:52.60 [CE][LoadMap] "Group" :: loaded 1445 groups, groups failed: 0, largest group range: 36.4
12:45:52.66 [CE][LoadMap] "Dirt" :: loaded 0 groups, groups failed: 0, largest group range: 36.4
12:45:52.71 [CE][Links] found 472 total links between groups, of 1445
12:45:52.71 [CE][LoadClusters] "Cluster" :: Loading files...
12:45:52.88 [CE][LoadClusters] :: file: "mapgroupcluster.xml", 1 types, 2418 instances
12:45:52.91 [CE][Storage] ver:21 stamp:127998, valid:yes, name:"C:\SERVICES\ni10839481_1_SHARE\ftproot\dayzstandalone\mpmissions\regular.namalsk\storage_1\data\types.bin"
12:45:52.94 [CE][Storage] ver:21 stamp:127289, valid:yes, name:"C:\SERVICES\ni10839481_1_SHARE\ftproot\dayzstandalone\mpmissions\regular.namalsk\storage_1\data\types.001"
12:45:52.96 [CE][Storage] ver:21 stamp:127290, valid:yes, name:"C:\SERVICES\ni10839481_1_SHARE\ftproot\dayzstandalone\mpmissions\regular.namalsk\storage_1\data\types.002"
12:45:52.96 [CE][Storage] Restoring file "C:\SERVICES\ni10839481_1_SHARE\ftproot\dayzstandalone\mpmissions\regular.namalsk\storage_1\data\types.bin".
12:45:52.159 [CE][offlineDB] :: Loaded 23 dynamic events 177 total types.
12:45:52.211 !!! [CE][offlineDB] :: Type 'R12' will be ignored. (Type does not exist. (Typo?))
12:45:52.212 !!! [CE][offlineDB] :: Type 'MK4Optic_Black' will be ignored. (Type does not exist. (Typo?))
12:45:52.212 !!! [CE][offlineDB] :: Type 'MK4Optic_Green' will be ignored. (Type does not exist. (Typo?))
12:45:52.212 !!! [CE][offlineDB] :: Type 'SportingOptic' will be ignored. (Type does not exist. (Typo?))
12:45:52.212 !!! [CE][offlineDB] :: Type 'PSO6Optic' will be ignored. (Type does not exist. (Typo?))
12:45:52.214 !!! [CE][offlineDB] :: Type 'ChristmasTree' will be ignored. (Not spawnable. (Scope is not public?))
12:45:52.241 [CE][DE][SPAWNS] :: Total positions: 711
12:45:52.241 [CE][DE][GROUPS] :: Total eventgroups defined: 0, Eventgroups in use: 0
12:45:52.243 [CE][Storage] ver:25 stamp:127998, valid:yes, name:"C:\SERVICES\ni10839481_1_SHARE\ftproot\dayzstandalone\mpmissions\regular.namalsk\storage_1\data\events.bin"
12:45:52.245 [CE][Storage] ver:25 stamp:127289, valid:yes, name:"C:\SERVICES\ni10839481_1_SHARE\ftproot\dayzstandalone\mpmissions\regular.namalsk\storage_1\data\events.001"
12:45:52.247 [CE][Storage] ver:25 stamp:127290, valid:yes, name:"C:\SERVICES\ni10839481_1_SHARE\ftproot\dayzstandalone\mpmissions\regular.namalsk\storage_1\data\events.002"
12:45:52.247 [CE][Storage] Restoring file "C:\SERVICES\ni10839481_1_SHARE\ftproot\dayzstandalone\mpmissions\regular.namalsk\storage_1\data\events.bin".
12:45:52.247 [CE][DynamicEvent] Load  Events:[23] Primary spawners: 23 Secondary spawners: 0
12:45:52.249 [CE][Storage] ver:25 stamp:127998, valid:yes, name:"C:\SERVICES\ni10839481_1_SHARE\ftproot\dayzstandalone\mpmissions\regular.namalsk\storage_1\data\dynamic_000.bin"
12:45:52.251 [CE][Storage] ver:25 stamp:127289, valid:yes, name:"C:\SERVICES\ni10839481_1_SHARE\ftproot\dayzstandalone\mpmissions\regular.namalsk\storage_1\data\dynamic_000.001"
12:45:52.252 [CE][Storage] ver:25 stamp:127290, valid:yes, name:"C:\SERVICES\ni10839481_1_SHARE\ftproot\dayzstandalone\mpmissions\regular.namalsk\storage_1\data\dynamic_000.002"
12:45:52.252 [CE][Storage] Restoring file "C:\SERVICES\ni10839481_1_SHARE\ftproot\dayzstandalone\mpmissions\regular.namalsk\storage_1\data\dynamic_000.bin" 1 items.
12:45:52.255   1 items loaded. (0 failed)
12:45:52.257 [CE][Storage] ver:25 stamp:127998, valid:yes, name:"C:\SERVICES\ni10839481_1_SHARE\ftproot\dayzstandalone\mpmissions\regular.namalsk\storage_1\data\dynamic_001.bin"
12:45:52.258 [CE][Storage] ver:25 stamp:127289, valid:yes, name:"C:\SERVICES\ni10839481_1_SHARE\ftproot\dayzstandalone\mpmissions\regular.namalsk\storage_1\data\dynamic_001.001"
12:45:52.260 [CE][Storage] ver:25 stamp:127290, valid:yes, name:"C:\SERVICES\ni10839481_1_SHARE\ftproot\dayzstandalone\mpmissions\regular.namalsk\storage_1\data\dynamic_001.002"
12:45:52.260 [CE][Storage] Restoring file "C:\SERVICES\ni10839481_1_SHARE\ftproot\dayzstandalone\mpmissions\regular.namalsk\storage_1\data\dynamic_001.bin" 27 items.
12:45:52.342   27 items loaded. (0 failed)
12:45:52.345 [CE][Storage] ver:25 stamp:127998, valid:yes, name:"C:\SERVICES\ni10839481_1_SHARE\ftproot\dayzstandalone\mpmissions\regular.namalsk\storage_1\data\dynamic_002.bin"
12:45:52.347 [CE][Storage] ver:25 stamp:127289, valid:yes, name:"C:\SERVICES\ni10839481_1_SHARE\ftproot\dayzstandalone\mpmissions\regular.namalsk\storage_1\data\dynamic_002.001"
12:45:52.349 [CE][Storage] ver:25 stamp:127290, valid:yes, name:"C:\SERVICES\ni10839481_1_SHARE\ftproot\dayzstandalone\mpmissions\regular.namalsk\storage_1\data\dynamic_002.002"
12:45:52.349 [CE][Storage] Restoring file "C:\SERVICES\ni10839481_1_SHARE\ftproot\dayzstandalone\mpmissions\regular.namalsk\storage_1\data\dynamic_002.bin" 64 items.
12:45:52.499   64 items loaded. (0 failed)
12:45:52.516 [CE][Storage] ver:25 stamp:127998, valid:yes, name:"C:\SERVICES\ni10839481_1_SHARE\ftproot\dayzstandalone\mpmissions\regular.namalsk\storage_1\data\dynamic_003.bin"
12:45:52.522 [CE][Storage] ver:25 stamp:127289, valid:yes, name:"C:\SERVICES\ni10839481_1_SHARE\ftproot\dayzstandalone\mpmissions\regular.namalsk\storage_1\data\dynamic_003.001"
12:45:52.524 [CE][Storage] ver:25 stamp:127290, valid:yes, name:"C:\SERVICES\ni10839481_1_SHARE\ftproot\dayzstandalone\mpmissions\regular.namalsk\storage_1\data\dynamic_003.002"
12:45:52.524 [CE][Storage] Restoring file "C:\SERVICES\ni10839481_1_SHARE\ftproot\dayzstandalone\mpmissions\regular.namalsk\storage_1\data\dynamic_003.bin" 736 items.
12:45:53.515   736 items loaded. (0 failed)
12:45:53.518 [CE][Storage] ver:25 stamp:127998, valid:yes, name:"C:\SERVICES\ni10839481_1_SHARE\ftproot\dayzstandalone\mpmissions\regular.namalsk\storage_1\data\dynamic_004.bin"
12:45:53.520 [CE][Storage] ver:25 stamp:127289, valid:yes, name:"C:\SERVICES\ni10839481_1_SHARE\ftproot\dayzstandalone\mpmissions\regular.namalsk\storage_1\data\dynamic_004.001"
12:45:53.522 [CE][Storage] ver:25 stamp:127290, valid:yes, name:"C:\SERVICES\ni10839481_1_SHARE\ftproot\dayzstandalone\mpmissions\regular.namalsk\storage_1\data\dynamic_004.002"
12:45:53.522 [CE][Storage] Restoring file "C:\SERVICES\ni10839481_1_SHARE\ftproot\dayzstandalone\mpmissions\regular.namalsk\storage_1\data\dynamic_004.bin" 1670 items.
12:45:54.976   1670 items loaded. (0 failed)
12:45:54.978 [CE][Storage] ver:25 stamp:127998, valid:yes, name:"C:\SERVICES\ni10839481_1_SHARE\ftproot\dayzstandalone\mpmissions\regular.namalsk\storage_1\data\dynamic_005.bin"
12:45:54.982 [CE][Storage] ver:25 stamp:127289, valid:yes, name:"C:\SERVICES\ni10839481_1_SHARE\ftproot\dayzstandalone\mpmissions\regular.namalsk\storage_1\data\dynamic_005.001"
12:45:54.984 [CE][Storage] ver:25 stamp:127290, valid:yes, name:"C:\SERVICES\ni10839481_1_SHARE\ftproot\dayzstandalone\mpmissions\regular.namalsk\storage_1\data\dynamic_005.002"
12:45:54.984 [CE][Storage] Restoring file "C:\SERVICES\ni10839481_1_SHARE\ftproot\dayzstandalone\mpmissions\regular.namalsk\storage_1\data\dynamic_005.bin" 852 items.
12:45:57.256   852 items loaded. (0 failed)
12:45:57.258 [CE][Storage] ver:25 stamp:127998, valid:yes, name:"C:\SERVICES\ni10839481_1_SHARE\ftproot\dayzstandalone\mpmissions\regular.namalsk\storage_1\data\dynamic_006.bin"
12:45:57.260 [CE][Storage] ver:25 stamp:127289, valid:yes, name:"C:\SERVICES\ni10839481_1_SHARE\ftproot\dayzstandalone\mpmissions\regular.namalsk\storage_1\data\dynamic_006.001"
12:45:57.262 [CE][Storage] ver:25 stamp:127290, valid:yes, name:"C:\SERVICES\ni10839481_1_SHARE\ftproot\dayzstandalone\mpmissions\regular.namalsk\storage_1\data\dynamic_006.002"
12:45:57.262 [CE][Storage] Restoring file "C:\SERVICES\ni10839481_1_SHARE\ftproot\dayzstandalone\mpmissions\regular.namalsk\storage_1\data\dynamic_006.bin" 1670 items.
12:45:58.220   1670 items loaded. (0 failed)
12:45:58.222 [CE][Storage] ver:25 stamp:127998, valid:yes, name:"C:\SERVICES\ni10839481_1_SHARE\ftproot\dayzstandalone\mpmissions\regular.namalsk\storage_1\data\dynamic_007.bin"
12:45:58.225 [CE][Storage] ver:25 stamp:127289, valid:yes, name:"C:\SERVICES\ni10839481_1_SHARE\ftproot\dayzstandalone\mpmissions\regular.namalsk\storage_1\data\dynamic_007.001"
12:45:58.228 [CE][Storage] ver:25 stamp:127290, valid:yes, name:"C:\SERVICES\ni10839481_1_SHARE\ftproot\dayzstandalone\mpmissions\regular.namalsk\storage_1\data\dynamic_007.002"
12:45:58.228 [CE][Storage] Restoring file "C:\SERVICES\ni10839481_1_SHARE\ftproot\dayzstandalone\mpmissions\regular.namalsk\storage_1\data\dynamic_007.bin" 608 items.
12:45:58.620   608 items loaded. (0 failed)
12:45:58.636 [CE][Storage] ver:25 stamp:127998, valid:yes, name:"C:\SERVICES\ni10839481_1_SHARE\ftproot\dayzstandalone\mpmissions\regular.namalsk\storage_1\data\dynamic_008.bin"
12:45:58.652 [CE][Storage] ver:25 stamp:127289, valid:yes, name:"C:\SERVICES\ni10839481_1_SHARE\ftproot\dayzstandalone\mpmissions\regular.namalsk\storage_1\data\dynamic_008.001"
12:45:58.669 [CE][Storage] ver:25 stamp:127290, valid:yes, name:"C:\SERVICES\ni10839481_1_SHARE\ftproot\dayzstandalone\mpmissions\regular.namalsk\storage_1\data\dynamic_008.002"
12:45:58.669 [CE][Storage] Restoring file "C:\SERVICES\ni10839481_1_SHARE\ftproot\dayzstandalone\mpmissions\regular.namalsk\storage_1\data\dynamic_008.bin" 130 items.
12:45:58.768   130 items loaded. (0 failed)
12:45:58.773 [CE][Storage] ver:25 stamp:127998, valid:yes, name:"C:\SERVICES\ni10839481_1_SHARE\ftproot\dayzstandalone\mpmissions\regular.namalsk\storage_1\data\dynamic_009.bin"
12:45:58.779 [CE][Storage] ver:25 stamp:127289, valid:yes, name:"C:\SERVICES\ni10839481_1_SHARE\ftproot\dayzstandalone\mpmissions\regular.namalsk\storage_1\data\dynamic_009.001"
12:45:58.785 [CE][Storage] ver:25 stamp:127290, valid:yes, name:"C:\SERVICES\ni10839481_1_SHARE\ftproot\dayzstandalone\mpmissions\regular.namalsk\storage_1\data\dynamic_009.002"
12:45:58.785 [CE][Storage] Restoring file "C:\SERVICES\ni10839481_1_SHARE\ftproot\dayzstandalone\mpmissions\regular.namalsk\storage_1\data\dynamic_009.bin" 0 items.
12:45:58.785   0 items loaded. (0 failed)
12:45:58.791 [CE][Storage] ver:25 stamp:127998, valid:yes, name:"C:\SERVICES\ni10839481_1_SHARE\ftproot\dayzstandalone\mpmissions\regular.namalsk\storage_1\data\dynamic_010.bin"
12:45:58.798 [CE][Storage] ver:25 stamp:127289, valid:yes, name:"C:\SERVICES\ni10839481_1_SHARE\ftproot\dayzstandalone\mpmissions\regular.namalsk\storage_1\data\dynamic_010.001"
12:45:58.804 [CE][Storage] ver:25 stamp:127290, valid:yes, name:"C:\SERVICES\ni10839481_1_SHARE\ftproot\dayzstandalone\mpmissions\regular.namalsk\storage_1\data\dynamic_010.002"
12:45:58.806 [CE][Storage] Restoring file "C:\SERVICES\ni10839481_1_SHARE\ftproot\dayzstandalone\mpmissions\regular.namalsk\storage_1\data\dynamic_010.bin" 34 items.
12:45:59.267   34 items loaded. (0 failed)
12:45:59.270 [CE][Storage] ver:25 stamp:127998, valid:yes, name:"C:\SERVICES\ni10839481_1_SHARE\ftproot\dayzstandalone\mpmissions\regular.namalsk\storage_1\data\dynamic_011.bin"
12:45:59.272 [CE][Storage] ver:25 stamp:127289, valid:yes, name:"C:\SERVICES\ni10839481_1_SHARE\ftproot\dayzstandalone\mpmissions\regular.namalsk\storage_1\data\dynamic_011.001"
12:45:59.273 [CE][Storage] ver:25 stamp:127290, valid:yes, name:"C:\SERVICES\ni10839481_1_SHARE\ftproot\dayzstandalone\mpmissions\regular.namalsk\storage_1\data\dynamic_011.002"
12:45:59.274 [CE][Storage] Restoring file "C:\SERVICES\ni10839481_1_SHARE\ftproot\dayzstandalone\mpmissions\regular.namalsk\storage_1\data\dynamic_011.bin" 48 items.
12:45:59.322   48 items loaded. (0 failed)
12:45:59.324 [CE][Storage] ver:26 stamp:127998, valid:yes, name:"C:\SERVICES\ni10839481_1_SHARE\ftproot\dayzstandalone\mpmissions\regular.namalsk\storage_1\data\building.bin"
12:45:59.325 [CE][Storage] ver:26 stamp:127289, valid:yes, name:"C:\SERVICES\ni10839481_1_SHARE\ftproot\dayzstandalone\mpmissions\regular.namalsk\storage_1\data\building.001"
12:45:59.327 [CE][Storage] ver:26 stamp:127290, valid:yes, name:"C:\SERVICES\ni10839481_1_SHARE\ftproot\dayzstandalone\mpmissions\regular.namalsk\storage_1\data\building.002"
12:45:59.327 [CE][Storage] Restoring file "C:\SERVICES\ni10839481_1_SHARE\ftproot\dayzstandalone\mpmissions\regular.namalsk\storage_1\data\building.bin" 0 items.
12:45:59.327   0 items loaded. (0 failed)
12:45:59.329 [CE][Storage] ver:25 stamp:127998, valid:yes, name:"C:\SERVICES\ni10839481_1_SHARE\ftproot\dayzstandalone\mpmissions\regular.namalsk\storage_1\data\vehicles.bin"
12:45:59.331 [CE][Storage] ver:25 stamp:127289, valid:yes, name:"C:\SERVICES\ni10839481_1_SHARE\ftproot\dayzstandalone\mpmissions\regular.namalsk\storage_1\data\vehicles.001"
12:45:59.333 [CE][Storage] ver:25 stamp:127290, valid:yes, name:"C:\SERVICES\ni10839481_1_SHARE\ftproot\dayzstandalone\mpmissions\regular.namalsk\storage_1\data\vehicles.002"
12:45:59.333 [CE][Storage] Restoring file "C:\SERVICES\ni10839481_1_SHARE\ftproot\dayzstandalone\mpmissions\regular.namalsk\storage_1\data\vehicles.bin" 60 items.
12:45:59.526   60 items loaded. (0 failed)
12:45:59.553 [CE][Hive] :: Storage load took:7.30 seconds, recovery stamp:127998
12:45:59.553   entity: 9879, building: 0
12:45:59.553   no lifetime: 14
12:45:59.553   pathgraph's: 455
12:45:59.559 [CE][Hive] :: Initializing ... 
12:45:59.612 [CE][InitializeMap] :: initialized: 0
12:45:59.612 [CE][Hive] :: Initializing spawners ... 
12:45:59.613 [CE][LootRespawner] (PRIDummy) :: Initially (re)spawned:0, Nominal:6396, Total in Map: 5954 at 0 (sec)
12:45:59.613   tests:0, repeats:0 fails:0, overtime:0
12:46:03.462 [CE][DynEvent] :: 23 types
12:46:03.462 [00] Loot
12:46:03.462   Primary Spawner: "Loot", active: yes, repeat: 2
12:46:03.462 [01] StaticMedDrop
12:46:03.462   Primary Spawner: "Static", active: yes, repeat: 1
12:46:03.462 [02] StaticLifeboat
12:46:03.462   Primary Spawner: "Static", active: yes, repeat: 1
12:46:03.462 [03] ItemWoodenPlanks
12:46:03.462   Primary Spawner: "Item", active: yes, repeat: 1
12:46:03.462 [04] TrajectoryStones
12:46:03.462   Primary Spawner: "Trajectory", active: yes, repeat: 1
12:46:03.462 [05] InfectedSanta
12:46:03.462   Primary Spawner: "Infected", active: yes, repeat: 1
12:46:03.462 [06] InfectedArmy
12:46:03.462   Primary Spawner: "Infected", active: yes, repeat: 1
12:46:03.462 [07] InfectedIndustrial
12:46:03.462   Primary Spawner: "Infected", active: yes, repeat: 1
12:46:03.462 [08] InfectedCivil
12:46:03.462   Primary Spawner: "Infected", active: yes, repeat: 1
12:46:03.462 [09] InfectedMedic
12:46:03.462   Primary Spawner: "Infected", active: yes, repeat: 1
12:46:03.462 [10] AnimalGoat
12:46:03.462   Primary Spawner: "Animal", active: yes, repeat: 1
12:46:03.462 [11] AnimalSheep
12:46:03.462   Primary Spawner: "Animal", active: yes, repeat: 1
12:46:03.462 [12] AnimalReindeer
12:46:03.462   Primary Spawner: "Animal", active: yes, repeat: 1
12:46:03.462 [13] AnimalWildBoar
12:46:03.462   Primary Spawner: "Animal", active: yes, repeat: 1
12:46:03.462 [14] AnimalWolf
12:46:03.462   Primary Spawner: "Animal", active: yes, repeat: 1
12:46:03.462 [15] AnimalBrownBear
12:46:03.462   Primary Spawner: "Animal", active: yes, repeat: 1
12:46:03.462 [16] AnimalPolarBear
12:46:03.462   Primary Spawner: "Animal", active: yes, repeat: 1
12:46:03.462 [17] AmbientFox
12:46:03.462   Primary Spawner: "Ambient", active: yes, repeat: 1
12:46:03.462 [18] AmbientHare
12:46:03.462   Primary Spawner: "Ambient", active: yes, repeat: 1
12:46:03.463 [19] VehicleRubberBoats
12:46:03.463   Primary Spawner: "Vehicle", active: yes, repeat: 1
12:46:03.463 [20] VehicleCivilianCars
12:46:03.463   Primary Spawner: "Vehicle", active: yes, repeat: 1
12:46:03.463 [21] VehicleTrucks
12:46:03.463   Primary Spawner: "Vehicle", active: yes, repeat: 1
12:46:03.463 [22] VehicleMilitary
12:46:03.463   Primary Spawner: "Vehicle", active: yes, repeat: 1
12:46:03.463 [CE][Hive] :: Initializing of spawners done.
12:46:03.471 [CE][Hive] :: Init sequence finished.
12:46:03.471 Player connect enabled
12:46:03.731 [IdleMode] Entering IN - save processed
13:13:23.269 [Login]: Adding player Armadillo (12423000) to login queue at position 0
13:13:23.270 [LoginMachine]: Add player Armadillo (12423000 84.103.89.175:51221)
13:13:23.270 [StateMachine]: Player Armadillo (dpnid 12423000 uid ) Entering AuthPlayerLoginState
13:13:23.532 [StateMachine]: Player Armadillo (dpnid 12423000 uid ) Entering WaitAuthPlayerLoginState
13:13:25.632 Player Armadillo (id=X_LZv-BfME9YPfCD1QkJRjH0ooSnKW-OiwujxwS8aj8=) has connected.
13:13:25.632 Player "Armadillo"(steamID=76561197969523678) is connected
13:13:25.643 [StateMachine]: Player Armadillo (dpnid 12423000 uid ) Entering WaitPlayerAssignedLoginState
13:13:25.877 [StateMachine]: Player Armadillo (dpnid 12423000 uid ) Entering PlayerAssignedLoginState
13:13:25.887 [StateMachine]: Player Armadillo (dpnid 12423000 uid X_LZv-BfME9YPfCD1QkJRjH0ooSnKW-OiwujxwS8aj8=) Entering DBGetLoginTimeLoginState
13:13:26.91 [StateMachine]: Player Armadillo (dpnid 12423000 uid X_LZv-BfME9YPfCD1QkJRjH0ooSnKW-OiwujxwS8aj8=) Entering DBWaitLoginTimeLoginState
13:13:27.252 [IdleMode] Leaving OUT
13:13:41.96 [StateMachine]: Player Armadillo (dpnid 12423000 uid X_LZv-BfME9YPfCD1QkJRjH0ooSnKW-OiwujxwS8aj8=) Entering DBGetCharacterLoginState
13:13:41.148 [StateMachine]: Player Armadillo (dpnid 12423000 uid X_LZv-BfME9YPfCD1QkJRjH0ooSnKW-OiwujxwS8aj8=) Entering CreateNetObjectsLoginState
13:13:41.159 [CE][PlayerSpawnPoints][GRP_DBG] :: Selected: { no group } | idx: 0 (ut: 1755203 | lt: 0 | ctr: 0)
13:13:41.159 [CE][PlayerSpawnPoints][GRP_DBG] :: Current: { no group } | idx: 0 (ct: 1755203 | ut: 1755203 | lt: 0 | ctr: 0)
13:13:41.159 [CE][PlayerSpawnPoints][GRP_DBG] :: Current: { no group } index: 0 (lt: 0 | ctr: 0)
13:13:41.159 [CE][PlayerSpawnPoints][GRP_DBG] :: Selected: { no group } | idx: 0 (ut: 1755203 | lt: 0 | ctr: 0)
13:13:41.172 [StateMachine]: Player Armadillo (dpnid 12423000 uid X_LZv-BfME9YPfCD1QkJRjH0ooSnKW-OiwujxwS8aj8=) Entering PreloadCamLoginState
13:13:41.173 [StateMachine]: Player Armadillo (dpnid 12423000 uid X_LZv-BfME9YPfCD1QkJRjH0ooSnKW-OiwujxwS8aj8=) Entering WaitPreloadCamLoginState
13:13:43.675 [StateMachine]: Player Armadillo (dpnid 12423000 uid X_LZv-BfME9YPfCD1QkJRjH0ooSnKW-OiwujxwS8aj8=) Entering GetNewCharLoginState
13:14:10.53 <CREATE NEW CHAR>:
    charID 31
    playerID 31
    dpnid 12423000
    uid X_LZv-BfME9YPfCD1QkJRjH0ooSnKW-OiwujxwS8aj8=
13:14:16.507 [CE][LootRespawner] (PRIDummy) :: Item [0] is hard to place, performance drops: "TelnyashkaShirt"
13:14:17.21 [CE][LootRespawner] (PRIDummy) :: Item [1] is hard to place, performance drops: "Jeans_Green"
13:14:17.21 [CE][LootRespawner] (PRIDummy) :: Item [2] is hard to place, performance drops: "Jeans_Green"
13:14:17.228 [CE][LootRespawner] (PRIDummy) :: Item [3] is hard to place, performance drops: "Jeans_Black"
13:14:18.53 [CE][LootRespawner] (PRIDummy) :: Item [0] causing search overtime: "dzn_platecarrierpouches_nac"
13:14:45.165 [CE][LootRespawner] (PRIDummy) :: Item [4] is hard to place, performance drops: "GorkaEJacket_Autumn"
13:15:12.479 [CE][LootRespawner] (PRIDummy) :: Item [5] is hard to place, performance drops: "Hoodie_Blue"
13:15:40.13 [CE][LootRespawner] (PRIDummy) :: Item [6] is hard to place, performance drops: "CombinationLock"
13:15:40.13 [CE][LootRespawner] (PRIDummy) :: Item [7] is hard to place, performance drops: "CombinationLock"
13:15:40.217 [CE][LootRespawner] (PRIDummy) :: Item [8] is hard to place, performance drops: "QuiltedJacket_Blue"
13:15:40.217 [CE][LootRespawner] (PRIDummy) :: Item [9] is hard to place, performance drops: "QuiltedJacket_Blue"
13:15:40.525 [CE][LootRespawner] (PRIDummy) :: Item [10] is hard to place, performance drops: "TShirt_RedBlackStripes"
13:15:40.526 [CE][LootRespawner] (PRIDummy) :: Item [11] is hard to place, performance drops: "TShirt_RedBlackStripes"
13:15:40.526 [CE][LootRespawner] (PRIDummy) :: Item [12] is hard to place, performance drops: "TShirt_RedBlackStripes"
13:15:40.526 [CE][LootRespawner] (PRIDummy) :: Item [13] is hard to place, performance drops: "TShirt_RedBlackStripes"
13:15:41.142 [CE][LootRespawner] (PRIDummy) :: Item [14] is hard to place, performance drops: "BushlatPoliceJacket_Blue"
13:15:41.142 [CE][LootRespawner] (PRIDummy) :: Item [15] is hard to place, performance drops: "BushlatPoliceJacket_Blue"
13:16:08.73 [CE][LootRespawner] (PRIDummy) :: Item [16] is hard to place, performance drops: "Blouse_Green"
13:16:36.350 [CE][LootRespawner] (PRIDummy) :: Item [17] is hard to place, performance drops: "ConstructionHelmet_Red"
13:16:36.768 [CE][LootRespawner] (PRIDummy) :: Item [18] is hard to place, performance drops: "dzn_sumrak_pants_coldw"
13:17:03.619 !!! [CE][Point] Removing 5035.500977, 8162.964844 from land_hut_old01
13:17:03.619 [CE][LootRespawner] (PRIDummy) :: Item [19] is hard to place, performance drops: "DirtBikeHelmet_Khaki"
13:17:58.411 [CE][LootRespawner] (PRIDummy) :: Item [20] is hard to place, performance drops: "Iceaxe"
13:17:58.728 [CE][LootRespawner] (PRIDummy) :: Item [21] is hard to place, performance drops: "BudenovkaHat_Gray"
13:17:58.830 [CE][LootRespawner] (PRIDummy) :: Item [22] is hard to place, performance drops: "PoliceJacket"
13:17:58.830 [CE][LootRespawner] (PRIDummy) :: Item [23] is hard to place, performance drops: "PoliceJacket"
13:17:59.243 [CE][LootRespawner] (PRIDummy) :: Item [24] is hard to place, performance drops: "PetushokHat_Black"
13:17:59.656 [CE][LootRespawner] (PRIDummy) :: Item [25] is hard to place, performance drops: "CargoPants_Black"
13:18:26.33 [CE][LootRespawner] (PRIDummy) :: Item [26] is hard to place, performance drops: "Sweater_Gray"
13:18:26.36 [CE][LootRespawner] (PRIDummy) :: Item [27] is hard to place, performance drops: "Sweater_Gray"
13:18:54.304 [CE][LootRespawner] (PRIDummy) :: Item [28] is hard to place, performance drops: "PressVest_LightBlue"
13:18:54.304 [CE][LootRespawner] (PRIDummy) :: Item [29] is hard to place, performance drops: "PressVest_LightBlue"
13:18:54.306 [CE][LootRespawner] (PRIDummy) :: Item [30] is hard to place, performance drops: "PressVest_LightBlue"
13:18:54.306 [CE][LootRespawner] (PRIDummy) :: Item [31] is hard to place, performance drops: "PressVest_LightBlue"
13:19:49.327 [CE][LootRespawner] (PRIDummy) :: Item [32] is hard to place, performance drops: "Blouse_Blue"
13:19:49.432 [CE][LootRespawner] (PRIDummy) :: Item [33] is hard to place, performance drops: "BeanieHat_Black"
13:19:50.254 [CE][LootRespawner] (PRIDummy) :: Item [34] is hard to place, performance drops: "PoliceJacket"
13:19:50.873 [CE][LootRespawner] (PRIDummy) :: Item [35] is hard to place, performance drops: "Crossbow_Wood"
13:20:17.716 [CE][LootRespawner] (PRIDummy) :: Item [36] is hard to place, performance drops: "GorkaEJacket_Autumn"
13:20:44.384 [CE][LootRespawner] (PRIDummy) :: Item [37] is hard to place, performance drops: "WorkingGloves_Beige"
13:20:44.488 [CE][LootRespawner] (PRIDummy) :: Item [38] is hard to place, performance drops: "JumpsuitJacket_Green"
13:20:44.589 [CE][LootRespawner] (PRIDummy) :: Item [39] is hard to place, performance drops: "WoodenPlank"
13:20:44.898 [CE][LootRespawner] (PRIDummy) :: Item [40] is hard to place, performance drops: "Truck_01_WheelDouble"
13:20:45.311 [CE][LootRespawner] (PRIDummy) :: Item [41] is hard to place, performance drops: "Ushanka_Black"
13:21:12.301 [CE][LootRespawner] (PRIDummy) :: Item [42] is hard to place, performance drops: "JumpsuitPants_Blue"
13:21:40.308 [CE][LootRespawner] (PRIDummy) :: Item [43] is hard to place, performance drops: "dzn_ghilliesuittandark"
13:22:35.866 [CE][LootRespawner] (PRIDummy) :: Item [44] is hard to place, performance drops: "WomanSuit_White"
13:22:36.74 [CE][LootRespawner] (PRIDummy) :: Item [45] is hard to place, performance drops: "Hoodie_Black"
13:23:03.313 [CE][LootRespawner] (PRIDummy) :: Item [46] is hard to place, performance drops: "JumpsuitJacket_Blue"
13:23:03.315 [CE][LootRespawner] (PRIDummy) :: Item [47] is hard to place, performance drops: "JumpsuitJacket_Blue"
13:23:31.441 [CE][LootRespawner] (PRIDummy) :: Item [48] is hard to place, performance drops: "Balaclava3Holes_Green"
13:23:58.419 [CE][LootRespawner] (PRIDummy) :: Item [49] is hard to place, performance drops: "MetalPlate"
13:23:58.419 [CE][LootRespawner] (PRIDummy) :: Item [50] is hard to place, performance drops: "MetalPlate"
13:23:58.726 [CE][LootRespawner] (PRIDummy) :: Item [51] is hard to place, performance drops: "CZ527"
13:23:59.861 [CE][LootRespawner] (PRIDummy) :: Item [52] is hard to place, performance drops: "HunterPants_Brown"
13:23:59.965 [CE][LootRespawner] (PRIDummy) :: Item [53] is hard to place, performance drops: "HuntingJacket_Summer"
13:24:26.152 [CE][LootRespawner] (PRIDummy) :: Item [54] is hard to place, performance drops: "ReflexVest"
13:24:26.351 [CE][LootRespawner] (PRIDummy) :: Item [55] is hard to place, performance drops: "Jeans_Grey"
13:24:26.457 [CE][LootRespawner] (PRIDummy) :: Item [56] is hard to place, performance drops: "BomberJacket_SkyBlue"
13:24:26.457 [CE][LootRespawner] (PRIDummy) :: Item [57] is hard to place, performance drops: "BomberJacket_SkyBlue"
13:24:26.869 [CE][LootRespawner] (PRIDummy) :: Item [58] is hard to place, performance drops: "GorkaEJacket_Summer"
13:24:53.918 [CE][LootRespawner] (PRIDummy) :: Item [59] is hard to place, performance drops: "HikingBootsLow_Blue"
13:24:54.18 [CE][LootRespawner] (PRIDummy) :: Item [60] is hard to place, performance drops: "CombinationLock4"
13:24:54.634 [CE][LootRespawner] (PRIDummy) :: Item [61] is hard to place, performance drops: "Jeans_BlueDark"
13:24:55.861 [CE][LootRespawner] (PRIDummy) :: Item [62] is hard to place, performance drops: "dzn_gorka_up_winter"
13:25:49.640 [CE][LootRespawner] (PRIDummy) :: Item [63] is hard to place, performance drops: "BaseballBat"
13:25:51.297 [CE][LootRespawner] (PRIDummy) :: Item [64] is hard to place, performance drops: "Sweater_Green"
13:25:51.297 [CE][LootRespawner] (PRIDummy) :: Item [65] is hard to place, performance drops: "Sweater_Green"
13:26:18.46 [CE][LootRespawner] (PRIDummy) :: Item [66] is hard to place, performance drops: "TrackSuitPants_LightBlue"
13:27:12.621 [CE][LootRespawner] (PRIDummy) :: Item [67] is hard to place, performance drops: "PipeWrench"
13:28:07.826 [CE][LootRespawner] (PRIDummy) :: Item [68] is hard to place, performance drops: "JumpsuitJacket_Red"
13:28:36.327 [CE][LootRespawner] (PRIDummy) :: Item [69] is hard to place, performance drops: "Hoodie_Brown"
13:29:59.414 [CE][LootRespawner] (PRIDummy) :: Item [70] is hard to place, performance drops: "PolicePantsOrel"
13:29:59.414 [CE][LootRespawner] (PRIDummy) :: Item [71] is hard to place, performance drops: "PolicePantsOrel"
13:30:26.346 [CE][LootRespawner] (PRIDummy) :: Item [72] is hard to place, performance drops: "Truck_01_Wheel"
13:30:26.446 [CE][LootRespawner] (PRIDummy) :: Item [73] is hard to place, performance drops: "CanisterGasoline"
13:30:27.777 [CE][LootRespawner] (PRIDummy) :: Item [74] is hard to place, performance drops: "dzn_ghillietopwinter"
13:30:28.188 [CE][LootRespawner] (PRIDummy) :: Item [75] is hard to place, performance drops: "M65Jacket_Olive"
13:30:54.809 [CE][LootRespawner] (PRIDummy) :: Item [76] is hard to place, performance drops: "RadarCap_Blue"
13:31:49.654 [CE][LootRespawner] (PRIDummy) :: Item [1] causing search overtime: "BandageDressing"
13:31:49.957 [CE][LootRespawner] (PRIDummy) :: Item [2] causing search overtime: "SurgicalMask"
13:32:17.708 [CE][LootRespawner] (PRIDummy) :: Item [77] is hard to place, performance drops: "WorkingGloves_Brown"
13:32:19.41 [CE][LootRespawner] (PRIDummy) :: Item [78] is hard to place, performance drops: "Hatchback_02_Wheel"
13:33:14.379 [CE][LootRespawner] (PRIDummy) :: Item [3] causing search overtime: "IodineTincture"
13:33:41.394 [CE][LootRespawner] (PRIDummy) :: Item [79] is hard to place, performance drops: "SkateHelmet_Black"
13:34:08.990 [CE][LootRespawner] (PRIDummy) :: Item [80] is hard to place, performance drops: "Jeans_Blue"
13:34:09.195 [CE][LootRespawner] (PRIDummy) :: Item [81] is hard to place, performance drops: "GorkaPants_Winter"
13:34:10.22 [CE][LootRespawner] (PRIDummy) :: Item [4] causing search overtime: "MedicalScrubsShirt_Blue"
13:34:36.148 [CE][LootRespawner] (PRIDummy) :: Item [82] is hard to place, performance drops: "CamoNet"
13:34:36.866 [CE][LootRespawner] (PRIDummy) :: Item [83] is hard to place, performance drops: "Sickle"
13:34:36.968 [CE][LootRespawner] (PRIDummy) :: Item [84] is hard to place, performance drops: "BomberJacket_Black"
13:35:03.703 [CE][LootRespawner] (PRIDummy) :: Item [85] is hard to place, performance drops: "WoodAxe"
13:35:04.223 [CE][LootRespawner] (PRIDummy) :: Item [86] is hard to place, performance drops: "Broom"
13:35:04.324 [CE][LootRespawner] (PRIDummy) :: Item [87] is hard to place, performance drops: "TShirt_Green"
13:35:04.934 [CE][LootRespawner] (PRIDummy) :: Item [88] is hard to place, performance drops: "dzn_gorka_pants_winter"
13:35:04.935 !!! [CE][Point] Removing 4378.268555, 8123.137207 from land_wrecked_ural
13:35:04.935 [CE][LootRespawner] (PRIDummy) :: Item [89] is hard to place, performance drops: "dzn_gorka_pants_winter"
13:35:31.659 [CE][LootRespawner] (PRIDummy) :: Item [90] is hard to place, performance drops: "Tripod"
13:35:32.992 [CE][LootRespawner] (PRIDummy) :: Item [91] is hard to place, performance drops: "TrackSuitPants_Black"
13:35:33.196 [CE][LootRespawner] (PRIDummy) :: Item [92] is hard to place, performance drops: "TShirt_Beige"
13:35:33.299 [CE][LootRespawner] (PRIDummy) :: Item [93] is hard to place, performance drops: "dzn_sumrak_up_coldw"
13:35:59.374 [CE][LootRespawner] (PRIDummy) :: Item [94] is hard to place, performance drops: "Iceaxe"
13:36:03.179 [CE][Links] found 0 total links between groups, of 1
13:36:03.179 [CE][SpawnRandomLoot] (StaticMedDrop) :: Type: Misc_cargo_cont_net1, lootmin: 4, lootmax: 6, wanted: 5, deloot: 2, containermaxsum: 6
13:36:27.617 [CE][LootRespawner] (PRIDummy) :: Item [95] is hard to place, performance drops: "CoyoteBag_Green"
13:36:55.413 [CE][LootRespawner] (PRIDummy) :: Item [96] is hard to place, performance drops: "Hoodie_Green"
13:37:22.304 [CE][LootRespawner] (PRIDummy) :: Item [97] is hard to place, performance drops: "Rope"
13:37:22.505 [CE][LootRespawner] (PRIDummy) :: Item [98] is hard to place, performance drops: "WeldingMask"
13:37:23.635 [CE][LootRespawner] (PRIDummy) :: Item [99] is hard to place, performance drops: "CZ550"
13:37:50.93 [CE][LootRespawner] (PRIDummy) :: Item [100] is hard to place, performance drops: "SledgeHammer"
13:37:50.94 [CE][LootRespawner] (PRIDummy) :: Item [101] is hard to place, performance drops: "SledgeHammer"
13:38:18.19 [CE][LootRespawner] (PRIDummy) :: Item [102] is hard to place, performance drops: "PrisonUniformPants"
13:38:18.632 [CE][LootRespawner] (PRIDummy) :: Item [103] is hard to place, performance drops: "MotoHelmet_White"
13:38:18.937 [CE][LootRespawner] (PRIDummy) :: Item [104] is hard to place, performance drops: "dzn_printer_filament_nylon"
13:38:46.822 [CE][LootRespawner] (PRIDummy) :: Item [105] is hard to place, performance drops: "HikingJacket_Blue"
13:38:47.545 [CE][LootRespawner] (PRIDummy) :: Item [106] is hard to place, performance drops: "MetalPlate"
13:39:14.287 [CE][LootRespawner] (PRIDummy) :: Item [5] causing search overtime: "SurgicalMask"
13:40:09.224 [CE][LootRespawner] (PRIDummy) :: Item [107] is hard to place, performance drops: "CombinationLock4"
13:40:09.535 [CE][LootRespawner] (PRIDummy) :: Item [108] is hard to place, performance drops: "ConstructionHelmet_White"
13:40:09.538 [CE][LootRespawner] (PRIDummy) :: Item [109] is hard to place, performance drops: "ConstructionHelmet_White"
13:40:37.143 !!! [CE][Point] Removing 7662.071289, 8789.262695 from land_hiluxT
13:40:37.143 [CE][LootRespawner] (PRIDummy) :: Item [110] is hard to place, performance drops: "QuiltedJacket_Yellow"
13:40:38.173 [CE][LootRespawner] (PRIDummy) :: Item [111] is hard to place, performance drops: "Hoodie_Grey"
13:40:38.173 [CE][LootRespawner] (PRIDummy) :: Item [112] is hard to place, performance drops: "Hoodie_Grey"
13:41:04.407 [CE][LootRespawner] (PRIDummy) :: Item [113] is hard to place, performance drops: "BarbedWire"
13:41:04.812 [CE][LootRespawner] (PRIDummy) :: Item [114] is hard to place, performance drops: "Jeans_BlueDark"
13:41:05.737 [CE][LootRespawner] (PRIDummy) :: Item [6] causing search overtime: "dzn_apsi"
13:41:32.194 [CE][LootRespawner] (PRIDummy) :: Item [115] is hard to place, performance drops: "GasMask_Filter"
13:41:32.302 [CE][LootRespawner] (PRIDummy) :: Item [116] is hard to place, performance drops: "ReflexVest"
13:41:32.504 [CE][LootRespawner] (PRIDummy) :: Item [117] is hard to place, performance drops: "WoolCoat_Green"
13:41:36.208 [CE][Links] found 0 total links between groups, of 2
13:41:36.208 [CE][SpawnRandomLoot] (StaticLifeboat) :: Type: sea_oilrig_lifeboat, lootmin: 2, lootmax: 5, wanted: 3, deloot: 2, containermaxsum: 5
13:41:36.209 [CE][SpawnRandomLoot] (StaticLifeboat) :: No item found to spawn for DE! Spawned: 2 / 3 (enable log_ce_dynamicevent to see item lists for event)
13:42:00.257 [CE][LootRespawner] (PRIDummy) :: Item [118] is hard to place, performance drops: "TShirt_White"
13:42:00.357 [CE][LootRespawner] (PRIDummy) :: Item [119] is hard to place, performance drops: "HipPack_Black"
13:42:55.853 [CE][LootRespawner] (PRIDummy) :: Item [120] is hard to place, performance drops: "TrackSuitPants_Red"
13:42:56.372 [CE][LootRespawner] (PRIDummy) :: Item [121] is hard to place, performance drops: "MountainBag_Blue"
13:42:57.302 [CE][LootRespawner] (PRIDummy) :: Item [122] is hard to place, performance drops: "RadarCap_Green"
13:43:23.318 [CE][LootRespawner] (PRIDummy) :: Item [123] is hard to place, performance drops: "ChestHolster"
13:43:23.870 [CE][LootRespawner] (PRIDummy) :: Item [124] is hard to place, performance drops: "ManSuit_Blue"
13:43:51.722 [CE][LootRespawner] (PRIDummy) :: Item [125] is hard to place, performance drops: "Hammer"
13:43:52.27 [CE][LootRespawner] (PRIDummy) :: Item [126] is hard to place, performance drops: "dzn_yeger_up_woodl"
13:43:52.229 [CE][LootRespawner] (PRIDummy) :: Item [127] is hard to place, performance drops: "HuntingVest"
13:43:52.230 [CE][LootRespawner] (PRIDummy) :: Item [128] is hard to place, performance drops: "HuntingVest"
13:43:52.434 [CE][LootRespawner] (PRIDummy) :: Item [129] is hard to place, performance drops: "PaddedGloves_Beige"
13:44:19.294 [CE][LootRespawner] (PRIDummy) :: Item [130] is hard to place, performance drops: "BalaclavaMask_Beige"
13:44:46.956 [CE][LootRespawner] (PRIDummy) :: Item [131] is hard to place, performance drops: "WorkingBoots_Brown"
13:44:47.161 [CE][LootRespawner] (PRIDummy) :: Item [132] is hard to place, performance drops: "HikingBoots_Black"
13:45:43.86 [CE][LootRespawner] (PRIDummy) :: Item [133] is hard to place, performance drops: "JumpsuitPants_Blue"
13:45:43.187 [CE][LootRespawner] (PRIDummy) :: Item [134] is hard to place, performance drops: "Flashlight"
13:45:43.705 [CE][LootRespawner] (PRIDummy) :: Item [135] is hard to place, performance drops: "Balaclava3Holes_Black"
13:45:43.707 [CE][LootRespawner] (PRIDummy) :: Item [136] is hard to place, performance drops: "Balaclava3Holes_Black"
13:45:45.52 [CE][Links] found 0 total links between groups, of 3
13:45:45.52 [CE][SpawnRandomLoot] (StaticMedDrop) :: Type: Misc_cargo_cont_net1, lootmin: 4, lootmax: 6, wanted: 5, deloot: 2, containermaxsum: 6
13:46:10.718 [CE][LootRespawner] (PRIDummy) :: Item [137] is hard to place, performance drops: "JumpsuitJacket_Green"
13:46:38.648 [CE][LootRespawner] (PRIDummy) :: Item [138] is hard to place, performance drops: "SlacksPants_DarkGrey"
13:46:39.579 [CE][LootRespawner] (PRIDummy) :: Item [139] is hard to place, performance drops: "ManSuit_LightGrey"
13:46:39.987 [CE][LootRespawner] (PRIDummy) :: Item [140] is hard to place, performance drops: "PoliceJacket"
13:47:06.371 [CE][LootRespawner] (PRIDummy) :: Item [141] is hard to place, performance drops: "ManSuit_Brown"
13:47:07.88 [CE][LootRespawner] (PRIDummy) :: Item [142] is hard to place, performance drops: "WoolCoat_GreyCheck"
13:47:07.602 [CE][LootRespawner] (PRIDummy) :: Item [7] causing search overtime: "dzn_apsi"
13:47:33.797 [CE][LootRespawner] (PRIDummy) :: Item [143] is hard to place, performance drops: "Bandana_CamoPattern"
13:47:33.798 [CE][LootRespawner] (PRIDummy) :: Item [144] is hard to place, performance drops: "Bandana_CamoPattern"
13:47:34.02 [CE][LootRespawner] (PRIDummy) :: Item [145] is hard to place, performance drops: "PolicePants"
13:47:34.02 [CE][LootRespawner] (PRIDummy) :: Item [146] is hard to place, performance drops: "PolicePants"
13:47:34.413 [CE][LootRespawner] (PRIDummy) :: Item [147] is hard to place, performance drops: "DownJacket_Red"
13:47:34.414 [CE][LootRespawner] (PRIDummy) :: Item [148] is hard to place, performance drops: "DownJacket_Red"
13:47:34.415 [CE][LootRespawner] (PRIDummy) :: Item [149] is hard to place, performance drops: "DownJacket_Red"
13:47:34.623 [CE][LootRespawner] (PRIDummy) :: Item [150] is hard to place, performance drops: "SlingBag_Black"
13:47:35.548 [CE][LootRespawner] (PRIDummy) :: Item [151] is hard to place, performance drops: "PetushokHat_Black"
13:48:01.557 [CE][LootRespawner] (PRIDummy) :: Item [152] is hard to place, performance drops: "WoodAxe"
13:48:01.863 [CE][LootRespawner] (PRIDummy) :: Item [153] is hard to place, performance drops: "BomberJacket_Brown"
13:48:03.198 [CE][LootRespawner] (PRIDummy) :: Item [154] is hard to place, performance drops: "HuntingVest_Winter"
13:48:03.198 [CE][LootRespawner] (PRIDummy) :: Item [155] is hard to place, performance drops: "HuntingVest_Winter"
13:48:29.803 [CE][LootRespawner] (PRIDummy) :: Item [156] is hard to place, performance drops: "BushlatPoliceJacket_Blue"
13:48:57.250 [CE][LootRespawner] (PRIDummy) :: Item [157] is hard to place, performance drops: "TShirt_OrangeWhiteStripes"
13:49:24.437 [CE][LootRespawner] (PRIDummy) :: Item [158] is hard to place, performance drops: "Wrench"
13:49:28.141 [CE][Links] found 0 total links between groups, of 4
13:49:28.141 [CE][SpawnRandomLoot] (StaticMedDrop) :: Type: Misc_cargo_cont_net1, lootmin: 4, lootmax: 6, wanted: 5, deloot: 2, containermaxsum: 6
13:49:53.700 [CE][LootRespawner] (PRIDummy) :: Item [159] is hard to place, performance drops: "GorkaPants_PautRev"
13:50:20.620 [CE][LootRespawner] (PRIDummy) :: Item [160] is hard to place, performance drops: "HuntingVest"
13:50:20.723 [CE][LootRespawner] (PRIDummy) :: Item [161] is hard to place, performance drops: "Broom"
13:50:47.994 [CE][LootRespawner] (PRIDummy) :: Item [162] is hard to place, performance drops: "WoodenPlank"
13:50:48.300 [CE][LootRespawner] (PRIDummy) :: Item [163] is hard to place, performance drops: "MetalPlate"
13:50:48.302 [CE][LootRespawner] (PRIDummy) :: Item [164] is hard to place, performance drops: "MetalPlate"
13:50:48.304 [CE][LootRespawner] (PRIDummy) :: Item [165] is hard to place, performance drops: "MetalPlate"
13:51:16.19 [CE][LootRespawner] (PRIDummy) :: Item [166] is hard to place, performance drops: "DenimJacket"
13:51:16.324 [CE][LootRespawner] (PRIDummy) :: Item [167] is hard to place, performance drops: "Hatchback_02_Wheel"
13:51:16.422 [CE][LootRespawner] (PRIDummy) :: Item [168] is hard to place, performance drops: "Wellies_Green"
13:51:44.590 [CE][LootRespawner] (PRIDummy) :: Item [169] is hard to place, performance drops: "WorkingBoots_Beige"
13:51:47.385 [CE][Links] found 0 total links between groups, of 5
13:51:47.385 [CE][SpawnRandomLoot] (StaticMedDrop) :: Type: Misc_cargo_cont_net1, lootmin: 4, lootmax: 6, wanted: 4, deloot: 2, containermaxsum: 6
13:51:47.394 [CE][Links] found 0 total links between groups, of 6
13:51:47.394 [CE][SpawnRandomLoot] (StaticMedDrop) :: Type: Misc_cargo_cont_net1, lootmin: 4, lootmax: 6, wanted: 4, deloot: 2, containermaxsum: 6
13:51:47.398 [CE][Links] found 0 total links between groups, of 7
13:51:47.398 [CE][SpawnRandomLoot] (StaticMedDrop) :: Type: Misc_cargo_cont_net1, lootmin: 4, lootmax: 6, wanted: 5, deloot: 2, containermaxsum: 6
13:52:12.70 [CE][LootRespawner] (PRIDummy) :: Item [170] is hard to place, performance drops: "Hoodie_Brown"
13:53:06.652 [CE][LootRespawner] (PRIDummy) :: Item [171] is hard to place, performance drops: "Sedan_02_Wheel"
13:53:07.786 [CE][LootRespawner] (PRIDummy) :: Item [172] is hard to place, performance drops: "OrientalMachete"
13:54:02.674 [CE][LootRespawner] (PRIDummy) :: Item [173] is hard to place, performance drops: "BeanieHat_Blue"
13:54:30.233 [CE][LootRespawner] (PRIDummy) :: Item [174] is hard to place, performance drops: "HikingJacket_Black"
13:54:31.354 [CE][LootRespawner] (PRIDummy) :: Item [175] is hard to place, performance drops: "NavyUniformPants"
13:54:57.280 [CE][LootRespawner] (PRIDummy) :: Item [176] is hard to place, performance drops: "Pipe"
13:55:25.248 [CE][LootRespawner] (PRIDummy) :: Item [177] is hard to place, performance drops: "BaseballBat"
13:55:25.763 [CE][LootRespawner] (PRIDummy) :: Item [178] is hard to place, performance drops: "PaddedGloves_Beige"
13:55:54.848 !!! [CE][Point] Removing 6504.311523, 9286.791016 from land_wrecked_ural
13:55:54.848 [CE][LootRespawner] (PRIDummy) :: Item [179] is hard to place, performance drops: "CombatBoots_Brown"
13:56:20.704 [CE][LootRespawner] (PRIDummy) :: Item [180] is hard to place, performance drops: "GasMask_Filter"
13:56:20.805 [CE][LootRespawner] (PRIDummy) :: Item [181] is hard to place, performance drops: "WeldingMask"
13:56:20.906 [CE][LootRespawner] (PRIDummy) :: Item [182] is hard to place, performance drops: "MetalPlate"
13:56:20.907 [CE][LootRespawner] (PRIDummy) :: Item [183] is hard to place, performance drops: "MetalPlate"
13:56:49.664 [CE][LootRespawner] (PRIDummy) :: Item [184] is hard to place, performance drops: "BomberJacket_Olive"
13:56:49.765 [CE][LootRespawner] (PRIDummy) :: Item [185] is hard to place, performance drops: "Jeans_Black"
13:56:49.867 [CE][LootRespawner] (PRIDummy) :: Item [186] is hard to place, performance drops: "TShirt_Grey"
13:56:49.867 [CE][LootRespawner] (PRIDummy) :: Item [187] is hard to place, performance drops: "TShirt_Grey"
13:57:16.466 [CE][LootRespawner] (PRIDummy) :: Item [8] causing search overtime: "BloodBagEmpty"
13:57:16.669 [CE][LootRespawner] (PRIDummy) :: Item [188] is hard to place, performance drops: "CarRadiator"
13:57:16.671 [CE][LootRespawner] (PRIDummy) :: Item [189] is hard to place, performance drops: "CarRadiator"
13:57:18.108 [CE][LootRespawner] (PRIDummy) :: Item [190] is hard to place, performance drops: "DirtBikeHelmet_Blue"
13:57:45.592 [CE][LootRespawner] (PRIDummy) :: Item [191] is hard to place, performance drops: "CargoPants_Green"
13:57:45.695 [CE][LootRespawner] (PRIDummy) :: Item [192] is hard to place, performance drops: "NBCGlovesGray"
13:58:11.623 [CE][LootRespawner] (PRIDummy) :: Item [193] is hard to place, performance drops: "JumpsuitJacket_Gray"
13:58:13.64 [CE][LootRespawner] (PRIDummy) :: Item [194] is hard to place, performance drops: "GorkaEJacket_PautRev"
13:58:39.217 [CE][LootRespawner] (PRIDummy) :: Item [195] is hard to place, performance drops: "WorkingGloves_Beige"
13:58:39.316 [CE][LootRespawner] (PRIDummy) :: Item [196] is hard to place, performance drops: "CarBattery"
13:58:39.418 [CE][LootRespawner] (PRIDummy) :: Item [197] is hard to place, performance drops: "BalaclavaMask_White"
13:58:39.418 [CE][LootRespawner] (PRIDummy) :: Item [198] is hard to place, performance drops: "BalaclavaMask_White"
13:58:39.422 [CE][LootRespawner] (PRIDummy) :: Item [199] is hard to place, performance drops: "BalaclavaMask_White"
13:58:39.422 [CE][LootRespawner] (PRIDummy) :: Item [200] is hard to place, performance drops: "BalaclavaMask_White"
13:58:39.932 [CE][LootRespawner] (PRIDummy) :: Item [201] is hard to place, performance drops: "PoliceVest"
13:58:40.240 [CE][LootRespawner] (PRIDummy) :: Item [202] is hard to place, performance drops: "Sickle"
13:58:40.240 [CE][LootRespawner] (PRIDummy) :: Item [203] is hard to place, performance drops: "Sickle"
13:58:40.240 [CE][LootRespawner] (PRIDummy) :: Item [204] is hard to place, performance drops: "Sickle"
13:58:40.554 [CE][LootRespawner] (PRIDummy) :: Item [205] is hard to place, performance drops: "Sedan_02_Wheel"
13:58:40.963 [CE][LootRespawner] (PRIDummy) :: Item [206] is hard to place, performance drops: "BaseballCap_Pink"
13:59:06.868 [CE][LootRespawner] (PRIDummy) :: Item [207] is hard to place, performance drops: "JumpsuitPants_Green"
13:59:07.173 [CE][LootRespawner] (PRIDummy) :: Item [208] is hard to place, performance drops: "ConstructionHelmet_Lime"
13:59:07.482 [CE][LootRespawner] (PRIDummy) :: Item [209] is hard to place, performance drops: "ManSuit_White"
13:59:08.303 [CE][LootRespawner] (PRIDummy) :: Item [210] is hard to place, performance drops: "FlatCap_Red"
13:59:35.329 [CE][LootRespawner] (PRIDummy) :: Item [211] is hard to place, performance drops: "dzn_printer_filament_abs"
13:59:36.150 [CE][LootRespawner] (PRIDummy) :: Item [212] is hard to place, performance drops: "SherpaHat_Red"
14:00:02.508 [CE][LootRespawner] (PRIDummy) :: Item [213] is hard to place, performance drops: "MetalPlate"
14:00:02.509 [CE][LootRespawner] (PRIDummy) :: Item [214] is hard to place, performance drops: "MetalPlate"
14:00:31.387 [CE][LootRespawner] (PRIDummy) :: Item [215] is hard to place, performance drops: "Pot"
14:00:31.903 [CE][LootRespawner] (PRIDummy) :: Item [216] is hard to place, performance drops: "Broom"
14:00:31.903 [CE][LootRespawner] (PRIDummy) :: Item [217] is hard to place, performance drops: "Broom"
14:00:57.801 [CE][LootRespawner] (PRIDummy) :: Item [218] is hard to place, performance drops: "WaterBottle"
14:00:58.08 [CE][LootRespawner] (PRIDummy) :: Item [219] is hard to place, performance drops: "WoodenPlank"
14:00:58.10 [CE][LootRespawner] (PRIDummy) :: Item [220] is hard to place, performance drops: "WoodenPlank"
14:00:58.10 [CE][LootRespawner] (PRIDummy) :: Item [221] is hard to place, performance drops: "WoodenPlank"
14:00:58.316 [CE][LootRespawner] (PRIDummy) :: Item [222] is hard to place, performance drops: "HikingBootsLow_Blue"
14:00:58.624 [CE][LootRespawner] (PRIDummy) :: Item [223] is hard to place, performance drops: "MedicalScrubsHat_White"
14:01:26.44 [CE][LootRespawner] (PRIDummy) :: Item [224] is hard to place, performance drops: "PoliceJacket"
14:01:26.44 [CE][LootRespawner] (PRIDummy) :: Item [225] is hard to place, performance drops: "PoliceJacket"
14:01:26.450 [CE][LootRespawner] (PRIDummy) :: Item [226] is hard to place, performance drops: "WomanSuit_White"
14:01:26.553 [CE][LootRespawner] (PRIDummy) :: Item [227] is hard to place, performance drops: "Rope"
14:01:53.193 [CE][LootRespawner] (PRIDummy) :: Item [228] is hard to place, performance drops: "Shovel"
14:01:53.194 [CE][LootRespawner] (PRIDummy) :: Item [229] is hard to place, performance drops: "Shovel"
14:01:53.194 [CE][LootRespawner] (PRIDummy) :: Item [230] is hard to place, performance drops: "Shovel"
14:01:53.398 [CE][LootRespawner] (PRIDummy) :: Item [231] is hard to place, performance drops: "Bandana_RedPattern"
14:01:53.496 [CE][LootRespawner] (PRIDummy) :: Item [232] is hard to place, performance drops: "Hatchback_02_Wheel"
14:01:53.496 [CE][LootRespawner] (PRIDummy) :: Item [233] is hard to place, performance drops: "Hatchback_02_Wheel"
14:01:53.499 [CE][LootRespawner] (PRIDummy) :: Item [234] is hard to place, performance drops: "Hatchback_02_Wheel"
14:01:53.905 [CE][LootRespawner] (PRIDummy) :: Item [235] is hard to place, performance drops: "AirborneMask"
14:01:54.113 [CE][LootRespawner] (PRIDummy) :: Item [236] is hard to place, performance drops: "JumpsuitJacket_Gray"
14:02:21.27 [CE][LootRespawner] (PRIDummy) :: Item [237] is hard to place, performance drops: "Iceaxe"
14:02:21.27 [CE][LootRespawner] (PRIDummy) :: Item [238] is hard to place, performance drops: "Iceaxe"
14:02:21.538 [CE][LootRespawner] (PRIDummy) :: Item [239] is hard to place, performance drops: "HipPack_Green"
14:02:21.538 [CE][LootRespawner] (PRIDummy) :: Item [240] is hard to place, performance drops: "HipPack_Green"
14:02:21.640 [CE][LootRespawner] (PRIDummy) :: Item [241] is hard to place, performance drops: "BeanieHat_Green"
14:02:21.640 [CE][LootRespawner] (PRIDummy) :: Item [242] is hard to place, performance drops: "BeanieHat_Green"
14:02:48.994 [CE][LootRespawner] (PRIDummy) :: Item [243] is hard to place, performance drops: "TireRepairKit"
14:02:49.300 [CE][LootRespawner] (PRIDummy) :: Item [244] is hard to place, performance drops: "HuntingVest"
14:02:49.300 [CE][LootRespawner] (PRIDummy) :: Item [245] is hard to place, performance drops: "HuntingVest"
14:02:49.300 [CE][LootRespawner] (PRIDummy) :: Item [246] is hard to place, performance drops: "HuntingVest"
14:02:49.402 [CE][LootRespawner] (PRIDummy) :: Item [247] is hard to place, performance drops: "ConstructionHelmet_Red"
14:02:49.715 [CE][LootRespawner] (PRIDummy) :: Item [248] is hard to place, performance drops: "CargoPants_Black"
14:03:44.136 [CE][LootRespawner] (PRIDummy) :: Item [249] is hard to place, performance drops: "WorkingGloves_Yellow"
14:03:44.237 [CE][LootRespawner] (PRIDummy) :: Item [250] is hard to place, performance drops: "ReflexVest"
14:04:12.758 [CE][LootRespawner] (PRIDummy) :: Item [251] is hard to place, performance drops: "M65Jacket_Olive"
14:04:39.518 [CE][LootRespawner] (PRIDummy) :: Item [252] is hard to place, performance drops: "Fabric"
14:04:40.229 [CE][LootRespawner] (PRIDummy) :: Item [253] is hard to place, performance drops: "PoliceJacketOrel"
14:04:40.333 [CE][LootRespawner] (PRIDummy) :: Item [254] is hard to place, performance drops: "WoolCoat_Black"
14:04:40.333 [CE][LootRespawner] (PRIDummy) :: Item [255] is hard to place, performance drops: "WoolCoat_Black"
14:05:08.696 [CE][LootRespawner] (PRIDummy) :: Item [256] is hard to place, performance drops: "MetalPlate"
14:05:08.699 [CE][LootRespawner] (PRIDummy) :: Item [257] is hard to place, performance drops: "MetalPlate"
14:05:37.06 [CE][LootRespawner] (PRIDummy) :: Item [258] is hard to place, performance drops: "TrackSuitPants_LightBlue"
14:06:03.391 [CE][LootRespawner] (PRIDummy) :: Item [259] is hard to place, performance drops: "MedicalScrubsPants_White"
14:06:30.623 [CE][LootRespawner] (PRIDummy) :: Item [260] is hard to place, performance drops: "BurlapSack"
14:06:30.723 [CE][LootRespawner] (PRIDummy) :: Item [261] is hard to place, performance drops: "Bandana_PolkaPattern"
14:06:30.927 [CE][LootRespawner] (PRIDummy) :: Item [262] is hard to place, performance drops: "Balaclava3Holes_Green"
14:06:31.542 [CE][LootRespawner] (PRIDummy) :: Item [263] is hard to place, performance drops: "PolicePantsOrel"
14:06:58.427 [CE][LootRespawner] (PRIDummy) :: Item [264] is hard to place, performance drops: "CamoNet"
14:07:26.157 [CE][LootRespawner] (PRIDummy) :: Item [265] is hard to place, performance drops: "WorkingGloves_Black"
14:07:26.466 [CE][LootRespawner] (PRIDummy) :: Item [266] is hard to place, performance drops: "BomberJacket_SkyBlue"
14:07:26.874 [CE][LootRespawner] (PRIDummy) :: Item [267] is hard to place, performance drops: "GorkaEJacket_Autumn"
14:07:27.79 [CE][LootRespawner] (PRIDummy) :: Item [268] is hard to place, performance drops: "PoliceVest"
14:07:44.133 [Disconnect]: Start script disconnect 12423000 (dbCharacterId 31 dbPlayerId 31) logoutTime 15
14:07:45.58 [Disconnect]: Client 12423000 disconnecting
14:07:45.58 [Disconnect]: Client 12423000 early disconnect
14:07:45.72 [Disconnect]: Start script disconnect 12423000 (dbCharacterId 31 dbPlayerId 31) logoutTime 15
14:07:55.638 [Disconnect]: No packets from 12423000
14:07:55.638 Player Armadillo (12423000) kicked from server: 4 (Connection with host has been lost.)
14:07:56.639 [Disconnect]: Remove player info 12423000
14:07:56.681 [Disconnect]: Player destroy 12423000 
14:07:59.137 [Disconnect]: Finish script disconnect -1 (X_LZv-BfME9YPfCD1QkJRjH0ooSnKW-OiwujxwS8aj8=)
14:08:21.863 [CE][LootRespawner] (PRIDummy) :: Item [269] is hard to place, performance drops: "MetalWire"
14:08:22.894 [CE][LootRespawner] (PRIDummy) :: Item [270] is hard to place, performance drops: "HunterPants_Winter"
14:08:23.513 [CE][LootRespawner] (PRIDummy) :: Item [271] is hard to place, performance drops: "WinterCoif_Skull"
14:08:23.614 [CE][LootRespawner] (PRIDummy) :: Item [272] is hard to place, performance drops: "PetushokHat_Green"
14:08:49.666 [CE][LootRespawner] (PRIDummy) :: Item [273] is hard to place, performance drops: "LugWrench"
14:08:49.667 [CE][LootRespawner] (PRIDummy) :: Item [274] is hard to place, performance drops: "LugWrench"
14:09:02.59 [IdleMode] Entering IN - save processed
15:58:00.780 [Login]: Adding player Cel (14315277) to login queue at position 0
15:58:00.781 [LoginMachine]: Add player Cel (14315277 95.223.229.43:9405)
15:58:00.781 [StateMachine]: Player Cel (dpnid 14315277 uid ) Entering AuthPlayerLoginState
15:58:01.168 [StateMachine]: Player Cel (dpnid 14315277 uid ) Entering WaitAuthPlayerLoginState
15:58:03.451 Player Cel (id=AUukEURapZXeOuZBzJ7QHAXAw9jSDDcNc3txyFzPrqk=) has connected.
15:58:03.451 Player "Cel"(steamID=76561197966561262) is connected
15:58:03.462 [StateMachine]: Player Cel (dpnid 14315277 uid ) Entering WaitPlayerAssignedLoginState
15:58:03.791 [StateMachine]: Player Cel (dpnid 14315277 uid ) Entering PlayerAssignedLoginState
15:58:03.802 [StateMachine]: Player Cel (dpnid 14315277 uid AUukEURapZXeOuZBzJ7QHAXAw9jSDDcNc3txyFzPrqk=) Entering DBGetLoginTimeLoginState
15:58:03.997 [StateMachine]: Player Cel (dpnid 14315277 uid AUukEURapZXeOuZBzJ7QHAXAw9jSDDcNc3txyFzPrqk=) Entering DBWaitLoginTimeLoginState
15:58:05.424 [IdleMode] Leaving OUT
15:58:18.999 [StateMachine]: Player Cel (dpnid 14315277 uid AUukEURapZXeOuZBzJ7QHAXAw9jSDDcNc3txyFzPrqk=) Entering DBGetCharacterLoginState
15:58:19.63 [StateMachine]: Player Cel (dpnid 14315277 uid AUukEURapZXeOuZBzJ7QHAXAw9jSDDcNc3txyFzPrqk=) Entering CreateNetObjectsLoginState
15:58:19.73 [CE][PlayerSpawnPoints][GRP_DBG] :: Current: { no group } | idx: 0 (ct: 11633094 | ut: 1755203 | lt: 0 | ctr: 0)
15:58:19.73 [CE][PlayerSpawnPoints][GRP_DBG] :: Current: { no group } index: 0 (lt: -9877891 | ctr: 0)
15:58:19.73 [CE][PlayerSpawnPoints][GRP_DBG] :: Selected: { no group } | idx: 0 (ut: 11633094 | lt: 0 | ctr: 0)
15:58:19.90 [StateMachine]: Player Cel (dpnid 14315277 uid AUukEURapZXeOuZBzJ7QHAXAw9jSDDcNc3txyFzPrqk=) Entering PreloadCamLoginState
15:58:19.92 [StateMachine]: Player Cel (dpnid 14315277 uid AUukEURapZXeOuZBzJ7QHAXAw9jSDDcNc3txyFzPrqk=) Entering WaitPreloadCamLoginState
15:58:21.591 [StateMachine]: Player Cel (dpnid 14315277 uid AUukEURapZXeOuZBzJ7QHAXAw9jSDDcNc3txyFzPrqk=) Entering GetNewCharLoginState
15:58:21.681 <CREATE NEW CHAR>:
    charID 32
    playerID 32
    dpnid 14315277
    uid AUukEURapZXeOuZBzJ7QHAXAw9jSDDcNc3txyFzPrqk=
15:58:29.713 [CE][LootRespawner] (PRIDummy) :: Item [275] is hard to place, performance drops: "TShirt_RedBlackStripes"
15:58:29.715 [CE][LootRespawner] (PRIDummy) :: Item [276] is hard to place, performance drops: "TShirt_RedBlackStripes"
15:58:29.817 [CE][LootRespawner] (PRIDummy) :: Item [277] is hard to place, performance drops: "TrackSuitJacket_LightBlue"
15:58:29.817 [CE][LootRespawner] (PRIDummy) :: Item [278] is hard to place, performance drops: "TrackSuitJacket_LightBlue"
15:58:29.921 [CE][LootRespawner] (PRIDummy) :: Item [279] is hard to place, performance drops: "BoonieHat_Black"
15:58:30.28 [CE][LootRespawner] (PRIDummy) :: Item [280] is hard to place, performance drops: "WomanSuit_Black"
15:58:57.221 [CE][LootRespawner] (PRIDummy) :: Item [281] is hard to place, performance drops: "MountainBag_Green"
15:58:57.221 [CE][LootRespawner] (PRIDummy) :: Item [282] is hard to place, performance drops: "MountainBag_Green"
15:59:23.589 [CE][LootRespawner] (PRIDummy) :: Item [283] is hard to place, performance drops: "WorkingGloves_Beige"
15:59:23.590 [CE][LootRespawner] (PRIDummy) :: Item [284] is hard to place, performance drops: "WorkingGloves_Beige"
15:59:23.590 [CE][LootRespawner] (PRIDummy) :: Item [285] is hard to place, performance drops: "WorkingGloves_Beige"
15:59:23.687 [CE][LootRespawner] (PRIDummy) :: Item [286] is hard to place, performance drops: "Hacksaw"
15:59:24.407 [CE][LootRespawner] (PRIDummy) :: Item [287] is hard to place, performance drops: "Hoodie_Brown"
15:59:24.923 [CE][LootRespawner] (PRIDummy) :: Item [288] is hard to place, performance drops: "MotoHelmet_White"
15:59:25.335 [CE][LootRespawner] (PRIDummy) :: Item [289] is hard to place, performance drops: "BaseballCap_Pink"
15:59:51.703 [CE][LootRespawner] (PRIDummy) :: Item [290] is hard to place, performance drops: "Jeans_Blue"
15:59:51.703 [CE][LootRespawner] (PRIDummy) :: Item [291] is hard to place, performance drops: "Jeans_Blue"
15:59:51.703 [CE][LootRespawner] (PRIDummy) :: Item [292] is hard to place, performance drops: "Jeans_Blue"
15:59:51.803 [CE][LootRespawner] (PRIDummy) :: Item [293] is hard to place, performance drops: "Hoodie_Black"
15:59:51.803 [CE][LootRespawner] (PRIDummy) :: Item [294] is hard to place, performance drops: "Hoodie_Black"
15:59:52.08 [CE][LootRespawner] (PRIDummy) :: Item [295] is hard to place, performance drops: "BaseballCap_Beige"
16:00:47.17 [CE][LootRespawner] (PRIDummy) :: Item [296] is hard to place, performance drops: "GardenLime"
16:00:47.17 [CE][LootRespawner] (PRIDummy) :: Item [297] is hard to place, performance drops: "GardenLime"
16:00:47.221 [CE][LootRespawner] (PRIDummy) :: Item [298] is hard to place, performance drops: "Jeans_Grey"
16:00:47.321 [CE][LootRespawner] (PRIDummy) :: Item [299] is hard to place, performance drops: "QuiltedJacket_Violet"
16:00:47.323 [CE][LootRespawner] (PRIDummy) :: Item [300] is hard to place, performance drops: "QuiltedJacket_Violet"
16:01:14.509 [CE][LootRespawner] (PRIDummy) :: Item [301] is hard to place, performance drops: "WoodenPlank"
16:01:14.711 [CE][LootRespawner] (PRIDummy) :: Item [302] is hard to place, performance drops: "MetalPlate"
16:01:14.711 [CE][LootRespawner] (PRIDummy) :: Item [303] is hard to place, performance drops: "MetalPlate"
16:01:43.631 [CE][LootRespawner] (PRIDummy) :: Item [304] is hard to place, performance drops: "Ruger1022"
16:02:10.184 [CE][LootRespawner] (PRIDummy) :: Item [305] is hard to place, performance drops: "Bandana_Greenpattern"
16:02:10.599 [CE][LootRespawner] (PRIDummy) :: Item [306] is hard to place, performance drops: "JumpsuitJacket_Green"
16:02:11.311 [CE][LootRespawner] (PRIDummy) :: Item [307] is hard to place, performance drops: "ConstructionHelmet_Blue"
16:02:38.01 [CE][LootRespawner] (PRIDummy) :: Item [308] is hard to place, performance drops: "WorkingGloves_Beige"
16:03:05.456 [CE][LootRespawner] (PRIDummy) :: Item [309] is hard to place, performance drops: "GP5GasMask"
16:03:05.659 [CE][LootRespawner] (PRIDummy) :: Item [310] is hard to place, performance drops: "Balaclava3Holes_Beige"
16:03:05.660 [CE][LootRespawner] (PRIDummy) :: Item [311] is hard to place, performance drops: "Balaclava3Holes_Beige"
16:03:05.866 [CE][LootRespawner] (PRIDummy) :: Item [312] is hard to place, performance drops: "PaddedGloves_Threat"
16:03:07.102 [CE][LootRespawner] (PRIDummy) :: Item [313] is hard to place, performance drops: "TShirt_Black"
16:03:33.457 [CE][LootRespawner] (PRIDummy) :: Item [314] is hard to place, performance drops: "Jeans_Green"
16:03:33.867 [CE][LootRespawner] (PRIDummy) :: Item [315] is hard to place, performance drops: "SlacksPants_Beige"
16:03:33.868 [CE][LootRespawner] (PRIDummy) :: Item [316] is hard to place, performance drops: "SlacksPants_Beige"
16:03:34.888 [CE][LootRespawner] (PRIDummy) :: Item [317] is hard to place, performance drops: "TShirt_Red"
16:04:01.499 [CE][LootRespawner] (PRIDummy) :: Item [318] is hard to place, performance drops: "BomberJacket_Black"
16:04:02.635 [CE][LootRespawner] (PRIDummy) :: Item [319] is hard to place, performance drops: "FireworksLauncher"
16:04:02.635 [CE][LootRespawner] (PRIDummy) :: Item [320] is hard to place, performance drops: "FireworksLauncher"
16:04:02.738 [CE][LootRespawner] (PRIDummy) :: Item [321] is hard to place, performance drops: "FlatCap_Blue"
16:04:28.888 [CE][LootRespawner] (PRIDummy) :: Item [322] is hard to place, performance drops: "Jeans_BlueDark"
16:04:56.184 [CE][LootRespawner] (PRIDummy) :: Item [323] is hard to place, performance drops: "JumpsuitPants_Blue"
16:04:56.399 [CE][LootRespawner] (PRIDummy) :: Item [324] is hard to place, performance drops: "Iceaxe"
16:04:56.499 [CE][LootRespawner] (PRIDummy) :: Item [325] is hard to place, performance drops: "SlacksPants_Khaki"
16:04:56.500 [CE][LootRespawner] (PRIDummy) :: Item [326] is hard to place, performance drops: "SlacksPants_Khaki"
16:04:56.601 [CE][LootRespawner] (PRIDummy) :: Item [327] is hard to place, performance drops: "Jeans_Blue"
16:04:57.225 [CE][LootRespawner] (PRIDummy) :: Item [328] is hard to place, performance drops: "SlacksPants_White"
16:04:57.835 [CE][LootRespawner] (PRIDummy) :: Item [329] is hard to place, performance drops: "SherpaHat_Black"
16:05:23.903 [CE][LootRespawner] (PRIDummy) :: Item [330] is hard to place, performance drops: "Broom"
16:05:24.107 [CE][LootRespawner] (PRIDummy) :: Item [331] is hard to place, performance drops: "Blouse_Green"
16:05:24.311 [CE][LootRespawner] (PRIDummy) :: Item [332] is hard to place, performance drops: "HockeyMask"
16:05:24.311 [CE][LootRespawner] (PRIDummy) :: Item [333] is hard to place, performance drops: "HockeyMask"
16:05:51.620 [CE][LootRespawner] (PRIDummy) :: Item [334] is hard to place, performance drops: "JumpsuitPants_Green"
16:05:51.930 [CE][LootRespawner] (PRIDummy) :: Item [335] is hard to place, performance drops: "WoolCoat_Green"
16:05:51.930 [CE][LootRespawner] (PRIDummy) :: Item [336] is hard to place, performance drops: "WoolCoat_Green"
16:05:52.238 [CE][LootRespawner] (PRIDummy) :: Item [337] is hard to place, performance drops: "Hoodie_Grey"
16:06:19.690 [CE][LootRespawner] (PRIDummy) :: Item [338] is hard to place, performance drops: "Headtorch_Black"
16:06:20.101 [CE][LootRespawner] (PRIDummy) :: Item [339] is hard to place, performance drops: "PoliceJacketOrel"
16:06:20.101 [CE][LootRespawner] (PRIDummy) :: Item [340] is hard to place, performance drops: "PoliceJacketOrel"
16:06:33.61 [Disconnect]: Start script disconnect 14315277 (dbCharacterId 32 dbPlayerId 32) logoutTime 15
16:06:41.393 [Disconnect]: Cancel script disconnect 14315277 (dbCharacterId 32 dbPlayerId 32)
16:07:41.222 [Disconnect]: Start script disconnect 14315277 (dbCharacterId 32 dbPlayerId 32) logoutTime 15
16:07:43.490 [CE][LootRespawner] (PRIDummy) :: Item [341] is hard to place, performance drops: "GorkaEJacket_Summer"
16:07:56.232 [Disconnect]: Finish script disconnect 14315277 (AUukEURapZXeOuZBzJ7QHAXAw9jSDDcNc3txyFzPrqk=)
16:07:56.232 [Disconnect]: DisconnectPlayerFinish 14315277
16:07:56.628 [Disconnect]: Remove player info 14315277
16:07:56.668 [Disconnect]: Player destroy 14315277 
16:08:10.613 [CE][LootRespawner] (PRIDummy) :: Item [342] is hard to place, performance drops: "Sweater_Red"
16:08:12.149 [CE][LootRespawner] (PRIDummy) :: Item [343] is hard to place, performance drops: "WoodenPlank"
16:08:12.150 [CE][LootRespawner] (PRIDummy) :: Item [344] is hard to place, performance drops: "WoodenPlank"
16:08:12.150 [CE][LootRespawner] (PRIDummy) :: Item [345] is hard to place, performance drops: "WoodenPlank"
16:08:38.704 [CE][LootRespawner] (PRIDummy) :: Item [346] is hard to place, performance drops: "TruckBattery"
16:09:06.263 [CE][LootRespawner] (PRIDummy) :: Item [347] is hard to place, performance drops: "Fabric"
16:09:06.266 [CE][LootRespawner] (PRIDummy) :: Item [348] is hard to place, performance drops: "Fabric"
16:09:10.694 [CE][Links] found 0 total links between groups, of 8
16:09:10.694 [CE][SpawnRandomLoot] (StaticMedDrop) :: Type: Misc_cargo_cont_net1, lootmin: 4, lootmax: 6, wanted: 4, deloot: 2, containermaxsum: 6
16:09:18.507 [IdleMode] Entering IN - save processed
17:25:29.669 [Login]: Adding player Survivor (44432822) to login queue at position 0
17:25:29.670 [LoginMachine]: Add player Survivor (44432822 83.40.95.170:59685)
17:25:29.670 [StateMachine]: Player Survivor (dpnid 44432822 uid ) Entering AuthPlayerLoginState
17:25:29.783 [StateMachine]: Player Survivor (dpnid 44432822 uid ) State Error (AuthPlayerLoginState)
17:25:29.784 Player Unknown (44432822) kicked from server: 115 (Client is missing a mod which is on the server. (CodeLock; Namalsk Island; Ear Plugs; Namalsk Survival; Zen's Zombie Door Bangers)  (Missing PBO.))
17:25:29.784 [StateMachine]: Kick player Survivor (dpnid 44432822 uid ) State AuthPlayerLoginState
17:25:29.785 [Disconnect]: Client 44432822 early disconnect
17:25:29.794 [Disconnect]: No identity -> remove player info 44432822 
17:25:29.794 [Disconnect]: DisconnectPlayerFinish 44432822
17:25:29.794 [Disconnect]: Remove player info 44432822
17:25:29.797 [Disconnect]: Player destroy 44432822 
19:30:00.161 [Shutdown] Shutting down in 5400 seconds (90 minutes).
20:00:54.209 [Shutdown] Shutting down in 3600 seconds (60 minutes).
20:16:21.639 [Shutdown] Shutting down in 2700 seconds (45 minutes).
20:31:49.251 [Shutdown] Shutting down in 1800 seconds (30 minutes).
20:42:08.249 [Shutdown] Shutting down in 1200 seconds (20 minutes).
20:47:17.727 [Shutdown] Shutting down in 900 seconds (15 minutes).
20:52:26.960 [Shutdown] Shutting down in 600 seconds (10 minutes).
20:57:36.273 [Shutdown] Shutting down in 300 seconds (5 minutes).
20:58:38.73 [Shutdown] Shutting down in 240 seconds (4 minutes).
20:59:40.167 [Shutdown] Shutting down in 180 seconds (3 minutes).
21:00:42.31 [Shutdown] Shutting down in 120 seconds (2 minutes).
21:01:43.877 [Shutdown] Shutting down in 60 seconds (1 minutes).
21:01:43.977 [Shutdown] Saving players, locking server and kicking all players.
21:02:45.744 [Server] :: termination in: 5
21:02:46.745 [Server] :: termination in: 4
21:02:47.745 [Server] :: termination in: 3
21:02:48.746 [Server] :: termination in: 2
21:02:49.746 [Server] :: termination in: 1
21:03:03.501  --- Termination successfully completed --- 
