---------------------------------------------
Log C:\SERVICES\ni10839481_1_SHARE\ftproot\dayzstandalone\config\script_2025-05-09_12-42-33.log started at 09.05. 12:42:38

SCRIPT       : Registered 308 temporary action enum(s), UAN==308
SCRIPT    (W): @"CodeLock/scripts/3_game/dayzgame.c,13": FIX-ME: Method argument can't be strong reference
SCRIPT       : ... Backlit Effects Enabled
SCRIPT    (W): @"CodeLock/scripts/4_world/entities\codelock.c,308": FIX-ME: Method argument can't be strong reference
SCRIPT    (W): @"CodeLock/scripts/4_world/gui\setcodemenu.c,31": FIX-ME: Overriding function 'CheckState' but not marked as 'override'
SCRIPT    (W): @"CodeLock/scripts/4_world/pluginmanager\pluginbase\permissions\codelockpermissionmanager.c,46": FIX-ME: Method argument can't be strong reference
SCRIPT    (W): @"CodeLock/scripts/4_world/gui\guestcodemenu.c,29": FIX-ME: Overriding function 'SendRPC' but not marked as 'override'
SCRIPT    (W): @"CodeLock/scripts/4_world/gui\claimcodemenu.c,27": FIX-ME: Overriding function 'SendRPC' but not marked as 'override'
SCRIPT    (W): @"CodeLock/scripts/4_world/gui\entercodemenu.c,37": FIX-ME: Overriding function 'SendRPC' but not marked as 'override'
SCRIPT    (W): @"CodeLock/scripts/4_world/actions\continuous\actiondestroycodelockontent.c,73": Possible variable name conflict '_Health'
SCRIPT    (W): @"CodeLock/scripts/4_world/actions\continuous\actiondestroycodelockonfence.c,67": Possible variable name conflict '_Health'
SCRIPT       : [Namalsk][NamEventManager]: Next selection will occur in 560 seconds
SCRIPT       : [Namalsk][NamEventManager]: NamEventManager is now running
SCRIPT       : [Namalsk][NamEventManager]: Trying to select a new event...
SCRIPT       : [Namalsk][NamEventManager]: Starting event Blizzard
SCRIPT       : [Namalsk][Blizzard]: init: 600 (sec), mid: 953.513 (sec), end: 600 (sec), TempDrop: -5.42914 (C)
SCRIPT       : [Namalsk][NamEventManager]: Blizzard: Phase Length 600
SCRIPT       : [Namalsk][NamEventManager]: Next selection will occur in 747 seconds
SCRIPT       : [Namalsk][NamEventManager]: Blizzard: Phase Length 953.513
SCRIPT       : [Namalsk][NamEventManager]: Trying to select a new event...
SCRIPT       : [Namalsk][NamEventManager]: Starting event ExtremeCold
SCRIPT       : [Namalsk][ExtremeCold]: init: 100 (sec), mid: 993.536 (sec), end: 100 (sec), TempDrop: -4.78673 (C)
SCRIPT       : [Namalsk][NamEventManager]: ExtremeCold: Phase Length 100
SCRIPT       : [Namalsk][NamEventManager]: Next selection will occur in 789 seconds
SCRIPT       : [Namalsk][NamEventManager]: ExtremeCold: Phase Length 993.536
SCRIPT       : [Namalsk][NamEventManager]: Trying to select a new event...
SCRIPT       : [Namalsk][NamEventManager]: Could not start Blizzard as one is already active
SCRIPT       : [Namalsk][NamEventManager]: Next selection will occur in 591 seconds
SCRIPT       : [Namalsk][NamEventManager]: Blizzard: Phase Length 600
SCRIPT       : [Namalsk][NamEventManager]: ExtremeCold: Phase Length 100
SCRIPT       : [Namalsk][NamEventManager]: ExtremeCold: Phase Length 0
SCRIPT       : [Namalsk][NamEventManager]: Trying to select a new event...
SCRIPT       : [Namalsk][NamEventManager]: Starting event Aurora
SCRIPT       : [Namalsk][NamEventManager]: Aurora: Phase Length 60
SCRIPT       : [Namalsk][NamEventManager]: Next selection will occur in 809 seconds
SCRIPT       : [Namalsk][NamEventManager]: Blizzard: Phase Length 0
SCRIPT       : [Namalsk][NamEventManager]: Aurora: Phase Length 931.211
SCRIPT       : [Namalsk][NamEventManager]: Trying to select a new event...
SCRIPT       : [Namalsk][NamEventManager]: Starting event Blizzard
SCRIPT       : [Namalsk][NamEventManager]: Could not run event Aurora because it conflicts with event Aurora...
SCRIPT       : [Namalsk][NamEventManager]: Next selection will occur in 715 seconds
SCRIPT       : [Namalsk][NamEventManager]: Aurora: Phase Length 60
SCRIPT       : [Namalsk][NamEventManager]: Aurora: Phase Length 0
SCRIPT       : [Namalsk][NamEventManager]: Trying to select a new event...
SCRIPT       : [Namalsk][NamEventManager]: Starting event ExtremeCold
SCRIPT       : [Namalsk][ExtremeCold]: init: 100 (sec), mid: 822.828 (sec), end: 100 (sec), TempDrop: -6.43189 (C)
SCRIPT       : [Namalsk][NamEventManager]: ExtremeCold: Phase Length 100
SCRIPT       : [Namalsk][NamEventManager]: Next selection will occur in 886 seconds
SCRIPT       : [Namalsk][NamEventManager]: ExtremeCold: Phase Length 822.828
SCRIPT       : [Namalsk][NamEventManager]: Trying to select a new event...
SCRIPT       : [Namalsk][NamEventManager]: Starting event Aurora
SCRIPT       : [Namalsk][NamEventManager]: Aurora: Phase Length 60
SCRIPT       : [Namalsk][NamEventManager]: Next selection will occur in 709 seconds
SCRIPT       : [Namalsk][NamEventManager]: ExtremeCold: Phase Length 100
SCRIPT       : [Namalsk][NamEventManager]: Aurora: Phase Length 1028.42
SCRIPT       : [Namalsk][NamEventManager]: ExtremeCold: Phase Length 0
SCRIPT       : [Logout]: New player FTOPgmv4_zF6ugVsxgSDhOdzRYYadjhx3V5s3Jlm6Qo= with logout time 15
SCRIPT       : [Logout]: Player FTOPgmv4_zF6ugVsxgSDhOdzRYYadjhx3V5s3Jlm6Qo= finished
SCRIPT       : [Namalsk][NamEventManager]: Trying to select a new event...
SCRIPT       : [Namalsk][NamEventManager]: Starting event Blizzard
SCRIPT       : [Namalsk][NamEventManager]: Could not run event Aurora because it conflicts with event Aurora...
SCRIPT       : [Namalsk][NamEventManager]: Next selection will occur in 640 seconds
SCRIPT       : [Namalsk][NamEventManager]: Aurora: Phase Length 60
SCRIPT       : [Namalsk][NamEventManager]: Aurora: Phase Length 0
SCRIPT       : [Namalsk][NamEventManager]: Trying to select a new event...
SCRIPT       : [Namalsk][NamEventManager]: Starting event Aurora
SCRIPT       : [Namalsk][NamEventManager]: Aurora: Phase Length 60
SCRIPT       : [Namalsk][NamEventManager]: Next selection will occur in 763 seconds
SCRIPT       : [Namalsk][NamEventManager]: Aurora: Phase Length 922.221
SCRIPT       : [Namalsk][NamEventManager]: Trying to select a new event...
SCRIPT       : [Namalsk][NamEventManager]: Starting event EVRStorm
SCRIPT       : [Namalsk][NamEventManager]: Could not run event Aurora because it conflicts with event Aurora...
SCRIPT       : [Namalsk][EVRStorm]: ~EVRStorm
SCRIPT       : [Namalsk][NamEventManager]: Next selection will occur in 996 seconds
SCRIPT       : [Namalsk][NamEventManager]: Aurora: Phase Length 60
SCRIPT       : [Namalsk][NamEventManager]: Aurora: Phase Length 0
SCRIPT       : [Namalsk][NamEventManager]: Trying to select a new event...
SCRIPT       : [Namalsk][NamEventManager]: Starting event Aurora
SCRIPT       : [Namalsk][NamEventManager]: Aurora: Phase Length 60
SCRIPT       : [Namalsk][NamEventManager]: Next selection will occur in 890 seconds
SCRIPT       : [Namalsk][NamEventManager]: Aurora: Phase Length 1174.7
SCRIPT       : [Namalsk][NamEventManager]: Trying to select a new event...
SCRIPT       : [Namalsk][NamEventManager]: Starting event ExtremeCold
SCRIPT       : [Namalsk][ExtremeCold]: init: 100 (sec), mid: 1066.12 (sec), end: 100 (sec), TempDrop: -6.66719 (C)
SCRIPT       : [Namalsk][NamEventManager]: ExtremeCold: Phase Length 100
SCRIPT       : [Namalsk][NamEventManager]: Next selection will occur in 918 seconds
SCRIPT       : [Namalsk][NamEventManager]: ExtremeCold: Phase Length 1066.12
SCRIPT       : [Namalsk][NamEventManager]: Aurora: Phase Length 60
SCRIPT       : [Namalsk][NamEventManager]: Aurora: Phase Length 0
SCRIPT       : [Namalsk][NamEventManager]: Trying to select a new event...
SCRIPT       : [Namalsk][NamEventManager]: Starting event HeavyFog
SCRIPT       : [Namalsk][NamEventManager]: HeavyFog: Phase Length 600
SCRIPT       : [Namalsk][NamEventManager]: Next selection will occur in 662 seconds
SCRIPT       : [Namalsk][NamEventManager]: ExtremeCold: Phase Length 100
SCRIPT       : [Namalsk][NamEventManager]: ExtremeCold: Phase Length 0
SCRIPT       : [Namalsk][NamEventManager]: HeavyFog: Phase Length 563.823
SCRIPT       : [Namalsk][NamEventManager]: Trying to select a new event...
SCRIPT       : [Namalsk][NamEventManager]: Starting event Blizzard
SCRIPT       : [Namalsk][Blizzard]: init: 600 (sec), mid: 909.032 (sec), end: 600 (sec), TempDrop: -5.32028 (C)
SCRIPT       : [Namalsk][NamEventManager]: Blizzard: Phase Length 600
SCRIPT       : [Namalsk][NamEventManager]: Next selection will occur in 815 seconds
SCRIPT       : [Namalsk][NamEventManager]: HeavyFog: Phase Length 600
SCRIPT       : [Namalsk][NamEventManager]: Blizzard: Phase Length 909.032
SCRIPT       : [Namalsk][NamEventManager]: Trying to select a new event...
SCRIPT       : [Namalsk][NamEventManager]: Could not start event as we reached the maximum event limit 2
SCRIPT       : [Namalsk][NamEventManager]: Next selection will occur in 822 seconds
SCRIPT       : [Namalsk][NamEventManager]: HeavyFog: Phase Length 0
SCRIPT       : [Namalsk][NamEventManager]: Blizzard: Phase Length 600
SCRIPT       : [Namalsk][NamEventManager]: Trying to select a new event...
SCRIPT       : [Namalsk][NamEventManager]: Starting event ExtremeCold
SCRIPT       : [Namalsk][ExtremeCold]: init: 100 (sec), mid: 1025.65 (sec), end: 100 (sec), TempDrop: -5.40281 (C)
SCRIPT       : [Namalsk][NamEventManager]: ExtremeCold: Phase Length 100
SCRIPT       : [Namalsk][NamEventManager]: Next selection will occur in 781 seconds
SCRIPT       : [Namalsk][NamEventManager]: ExtremeCold: Phase Length 1025.65
SCRIPT       : [Namalsk][NamEventManager]: Blizzard: Phase Length 0
SCRIPT       : [Namalsk][NamEventManager]: Trying to select a new event...
SCRIPT       : [Namalsk][NamEventManager]: Starting event Blizzard
SCRIPT       : [Namalsk][Blizzard]: init: 600 (sec), mid: 750.824 (sec), end: 600 (sec), TempDrop: -4.72948 (C)
SCRIPT       : [Namalsk][NamEventManager]: Blizzard: Phase Length 600
SCRIPT       : [Namalsk][NamEventManager]: Next selection will occur in 882 seconds
SCRIPT       : [Namalsk][NamEventManager]: ExtremeCold: Phase Length 100
SCRIPT       : [Namalsk][NamEventManager]: ExtremeCold: Phase Length 0
SCRIPT       : [Namalsk][NamEventManager]: Blizzard: Phase Length 750.824
SCRIPT       : [Namalsk][NamEventManager]: Trying to select a new event...
SCRIPT       : [Namalsk][NamEventManager]: Starting event ExtremeCold
SCRIPT       : [Namalsk][ExtremeCold]: init: 100 (sec), mid: 938.249 (sec), end: 100 (sec), TempDrop: -5.3281 (C)
SCRIPT       : [Namalsk][NamEventManager]: ExtremeCold: Phase Length 100
SCRIPT       : [Namalsk][NamEventManager]: Next selection will occur in 863 seconds
SCRIPT       : [Namalsk][NamEventManager]: ExtremeCold: Phase Length 938.249
SCRIPT       : [Namalsk][NamEventManager]: Blizzard: Phase Length 600
SCRIPT       : [Namalsk][NamEventManager]: Trying to select a new event...
SCRIPT       : [Namalsk][NamEventManager]: Could not start Blizzard as one is already active
SCRIPT       : [Namalsk][NamEventManager]: Next selection will occur in 629 seconds
SCRIPT       : [Namalsk][NamEventManager]: ExtremeCold: Phase Length 100
SCRIPT       : [Namalsk][NamEventManager]: Blizzard: Phase Length 0
SCRIPT       : [Namalsk][NamEventManager]: ExtremeCold: Phase Length 0
SCRIPT       : [Namalsk][NamEventManager]: Trying to select a new event...
SCRIPT       : [Namalsk][NamEventManager]: Starting event Aurora
SCRIPT       : [Namalsk][NamEventManager]: Aurora: Phase Length 60
SCRIPT       : [Namalsk][NamEventManager]: Next selection will occur in 885 seconds
SCRIPT       : [Namalsk][NamEventManager]: Aurora: Phase Length 1001.83
SCRIPT       : [Namalsk][NamEventManager]: Trying to select a new event...
SCRIPT       : [Namalsk][NamEventManager]: Starting event Blizzard
SCRIPT       : [Namalsk][NamEventManager]: Could not run event Aurora because it conflicts with event Aurora...
SCRIPT       : [Namalsk][NamEventManager]: Next selection will occur in 869 seconds
SCRIPT       : [Namalsk][NamEventManager]: Aurora: Phase Length 60
SCRIPT       : [Namalsk][NamEventManager]: Aurora: Phase Length 0
SCRIPT       : [Namalsk][NamEventManager]: Trying to select a new event...
SCRIPT       : [Namalsk][NamEventManager]: Starting event ExtremeCold
SCRIPT       : [Namalsk][ExtremeCold]: init: 100 (sec), mid: 858.925 (sec), end: 100 (sec), TempDrop: -6.9001 (C)
SCRIPT       : [Namalsk][NamEventManager]: ExtremeCold: Phase Length 100
SCRIPT       : [Namalsk][NamEventManager]: Next selection will occur in 705 seconds
SCRIPT       : [Namalsk][NamEventManager]: ExtremeCold: Phase Length 858.925
SCRIPT       : [Namalsk][NamEventManager]: Trying to select a new event...
SCRIPT       : [Namalsk][NamEventManager]: Starting event SnowfallE
SCRIPT       : [Namalsk][SnowfallE]: init: 600 (sec), mid: 1018.12 (sec), end: 600 (sec)
SCRIPT       : [Namalsk][NamEventManager]: SnowfallE: Phase Length 600
SCRIPT       : [Namalsk][NamEventManager]: Next selection will occur in 789 seconds
SCRIPT       : [Namalsk][NamEventManager]: ExtremeCold: Phase Length 100
SCRIPT       : [Namalsk][NamEventManager]: ExtremeCold: Phase Length 0
SCRIPT       : [Namalsk][NamEventManager]: SnowfallE: Phase Length 1018.12
SCRIPT       : [Namalsk][NamEventManager]: Trying to select a new event...
SCRIPT       : [Namalsk][NamEventManager]: Starting event ExtremeCold
SCRIPT       : [Namalsk][ExtremeCold]: init: 100 (sec), mid: 904.263 (sec), end: 100 (sec), TempDrop: -6.81953 (C)
SCRIPT       : [Namalsk][NamEventManager]: ExtremeCold: Phase Length 100
SCRIPT       : [Namalsk][NamEventManager]: Next selection will occur in 839 seconds
SCRIPT       : [Namalsk][NamEventManager]: ExtremeCold: Phase Length 904.263
SCRIPT       : [Namalsk][NamEventManager]: SnowfallE: Phase Length 600
SCRIPT       : [Namalsk][NamEventManager]: Trying to select a new event...
SCRIPT       : [Namalsk][NamEventManager]: Could not start event as we reached the maximum event limit 2
SCRIPT       : [Namalsk][NamEventManager]: Next selection will occur in 776 seconds
SCRIPT       : [Namalsk][NamEventManager]: ExtremeCold: Phase Length 100
SCRIPT       : [Namalsk][NamEventManager]: ExtremeCold: Phase Length 0
SCRIPT       : [Namalsk][NamEventManager]: SnowfallE: Phase Length 0
SCRIPT       : [Namalsk][NamEventManager]: Trying to select a new event...
SCRIPT       : [Namalsk][NamEventManager]: Starting event HeavyFog
SCRIPT       : [Namalsk][NamEventManager]: HeavyFog: Phase Length 600
SCRIPT       : [Namalsk][NamEventManager]: Next selection will occur in 899 seconds
SCRIPT       : [Namalsk][NamEventManager]: HeavyFog: Phase Length 539.113
SCRIPT       : [Namalsk][NamEventManager]: Trying to select a new event...
SCRIPT       : [Namalsk][NamEventManager]: Starting event ExtremeCold
SCRIPT       : [Namalsk][ExtremeCold]: init: 100 (sec), mid: 1084.29 (sec), end: 100 (sec), TempDrop: -4.2905 (C)
SCRIPT       : [Namalsk][NamEventManager]: ExtremeCold: Phase Length 100
SCRIPT       : [Namalsk][NamEventManager]: Next selection will occur in 947 seconds
SCRIPT       : [Namalsk][NamEventManager]: ExtremeCold: Phase Length 1084.29
SCRIPT       : [Namalsk][NamEventManager]: HeavyFog: Phase Length 600
SCRIPT       : [Namalsk][NamEventManager]: HeavyFog: Phase Length 0
SCRIPT       : [Namalsk][NamEventManager]: Trying to select a new event...
SCRIPT       : [Namalsk][NamEventManager]: Starting event Blizzard
SCRIPT       : [Namalsk][Blizzard]: init: 600 (sec), mid: 763.474 (sec), end: 600 (sec), TempDrop: -5.43766 (C)
SCRIPT       : [Namalsk][NamEventManager]: Blizzard: Phase Length 600
SCRIPT       : [Namalsk][NamEventManager]: Next selection will occur in 951 seconds
SCRIPT       : [Namalsk][NamEventManager]: ExtremeCold: Phase Length 100
SCRIPT       : [Namalsk][NamEventManager]: ExtremeCold: Phase Length 0
SCRIPT       : [Namalsk][NamEventManager]: Blizzard: Phase Length 763.474
SCRIPT       : [Namalsk][NamEventManager]: Trying to select a new event...
SCRIPT       : [Namalsk][NamEventManager]: Starting event EVRStorm
SCRIPT       : [Namalsk][EVRStorm]: InitPhaseServer
SCRIPT       : [Namalsk][NamEventManager]: EVRStorm: Phase Length 1080
SCRIPT       : [Namalsk][NamEventManager]: Next selection will occur in 634 seconds
SCRIPT       : [Namalsk][NamEventManager]: Blizzard: Phase Length 600
SCRIPT       : [Namalsk][NamEventManager]: Trying to select a new event...
SCRIPT       : [Namalsk][NamEventManager]: Could not start event as we reached the maximum event limit 2
SCRIPT       : [Namalsk][NamEventManager]: Next selection will occur in 920 seconds
SCRIPT       : [Namalsk][NamEventManager]: Blizzard: Phase Length 0
SCRIPT       : [Namalsk][EVRStorm]: MidPhaseServer
SCRIPT       : [Namalsk][NamEventManager]: EVRStorm: Phase Length 90
SCRIPT       : float m_Colour_SkyOrang = 0.23
SCRIPT       : [Namalsk][EVRStorm]: EndPhaseServer
SCRIPT       : [Namalsk][NamEventManager]: EVRStorm: Phase Length 220
SCRIPT       : [Namalsk][NamEventManager]: EVRStorm: Phase Length 0
SCRIPT       : [Namalsk][EVRStorm]: ~EVRStorm
SCRIPT       : [Namalsk][NamEventManager]: Trying to select a new event...
SCRIPT       : [Namalsk][NamEventManager]: Starting event ExtremeCold
SCRIPT       : [Namalsk][ExtremeCold]: init: 100 (sec), mid: 1020.72 (sec), end: 100 (sec), TempDrop: -6.77293 (C)
SCRIPT       : [Namalsk][NamEventManager]: ExtremeCold: Phase Length 100
SCRIPT       : [Namalsk][NamEventManager]: Next selection will occur in 772 seconds
SCRIPT       : [Namalsk][NamEventManager]: ExtremeCold: Phase Length 1020.72
SCRIPT       : [Namalsk][NamEventManager]: Trying to select a new event...
SCRIPT       : [Namalsk][NamEventManager]: Could not start event EVRStorm as it is on cooldown for 374 more seconds
SCRIPT       : [Namalsk][NamEventManager]: Next selection will occur in 768 seconds
SCRIPT       : [Namalsk][NamEventManager]: ExtremeCold: Phase Length 100
SCRIPT       : [Namalsk][NamEventManager]: ExtremeCold: Phase Length 0
SCRIPT       : [Namalsk][NamEventManager]: Trying to select a new event...
SCRIPT       : [Namalsk][NamEventManager]: Starting event Aurora
SCRIPT       : [Namalsk][NamEventManager]: Aurora: Phase Length 60
SCRIPT       : [Namalsk][NamEventManager]: Next selection will occur in 825 seconds
SCRIPT       : [Namalsk][NamEventManager]: Aurora: Phase Length 928.831
SCRIPT       : [Namalsk][NamEventManager]: Trying to select a new event...
SCRIPT       : [Namalsk][NamEventManager]: Starting event HeavyFog
SCRIPT       : [Namalsk][NamEventManager]: Could not run event Aurora because it conflicts with event Aurora...
SCRIPT       : [Namalsk][NamEventManager]: Next selection will occur in 937 seconds
SCRIPT       : [Namalsk][NamEventManager]: Aurora: Phase Length 60
SCRIPT       : [Namalsk][NamEventManager]: Aurora: Phase Length 0
SCRIPT       : [Namalsk][NamEventManager]: Trying to select a new event...
SCRIPT       : [Namalsk][NamEventManager]: Starting event Blizzard
SCRIPT       : [Namalsk][Blizzard]: init: 600 (sec), mid: 770.76 (sec), end: 600 (sec), TempDrop: -4.04281 (C)
SCRIPT       : [Namalsk][NamEventManager]: Blizzard: Phase Length 600
SCRIPT       : [Namalsk][NamEventManager]: Next selection will occur in 687 seconds
SCRIPT       : [Namalsk][NamEventManager]: Blizzard: Phase Length 770.76
SCRIPT       : [Namalsk][NamEventManager]: Trying to select a new event...
SCRIPT       : [Namalsk][NamEventManager]: Starting event EVRStorm
SCRIPT       : [Namalsk][EVRStorm]: InitPhaseServer
SCRIPT       : [Namalsk][NamEventManager]: EVRStorm: Phase Length 1080
SCRIPT       : [Namalsk][NamEventManager]: Next selection will occur in 607 seconds
SCRIPT       : [Namalsk][NamEventManager]: Trying to select a new event...
SCRIPT       : [Namalsk][NamEventManager]: Could not start event as we reached the maximum event limit 2
SCRIPT       : [Namalsk][NamEventManager]: Next selection will occur in 690 seconds
SCRIPT       : [Namalsk][NamEventManager]: Blizzard: Phase Length 600
SCRIPT       : [Namalsk][EVRStorm]: MidPhaseServer
SCRIPT       : [Namalsk][NamEventManager]: EVRStorm: Phase Length 90
SCRIPT       : float m_Colour_SkyOrang = 0.23
SCRIPT       : [Namalsk][EVRStorm]: EndPhaseServer
SCRIPT       : [Namalsk][NamEventManager]: EVRStorm: Phase Length 220
SCRIPT       : ~DayZGame()
