---------------------------------------------
Log C:\SERVICES\ni10839481_1_SHARE\ftproot\dayzstandalone\config\script_2025-05-19_12-43-55.log started at 19.05. 12:44:10

SCRIPT       : Registered 308 temporary action enum(s), UAN==308
SCRIPT    (W): @"CodeLock/scripts/3_game/dayzgame.c,13": FIX-ME: Method argument can't be strong reference
SCRIPT       : ... Backlit Effects Enabled
SCRIPT    (W): @"CodeLock/scripts/4_world/entities\codelock.c,308": FIX-ME: Method argument can't be strong reference
SCRIPT    (W): @"CodeLock/scripts/4_world/gui\setcodemenu.c,31": FIX-ME: Overriding function 'CheckState' but not marked as 'override'
SCRIPT    (W): @"CodeLock/scripts/4_world/pluginmanager\pluginbase\permissions\codelockpermissionmanager.c,46": FIX-ME: Method argument can't be strong reference
SCRIPT    (W): @"CodeLock/scripts/4_world/gui\guestcodemenu.c,29": FIX-ME: Overriding function 'SendRPC' but not marked as 'override'
SCRIPT    (W): @"CodeLock/scripts/4_world/gui\claimcodemenu.c,27": FIX-ME: Overriding function 'SendRPC' but not marked as 'override'
SCRIPT    (W): @"CodeLock/scripts/4_world/gui\entercodemenu.c,37": FIX-ME: Overriding function 'SendRPC' but not marked as 'override'
SCRIPT    (W): @"CodeLock/scripts/4_world/actions\continuous\actiondestroycodelockontent.c,73": Possible variable name conflict '_Health'
SCRIPT    (W): @"CodeLock/scripts/4_world/actions\continuous\actiondestroycodelockonfence.c,67": Possible variable name conflict '_Health'
SCRIPT       : [Namalsk][NamEventManager]: Next selection will occur in 966 seconds
SCRIPT       : [Namalsk][NamEventManager]: NamEventManager is now running
SCRIPT       : [Namalsk][NamEventManager]: Trying to select a new event...
SCRIPT       : [Namalsk][NamEventManager]: Starting event Aurora
SCRIPT       : [Namalsk][NamEventManager]: Aurora: Phase Length 60
SCRIPT       : [Namalsk][NamEventManager]: Next selection will occur in 767 seconds
SCRIPT       : [Namalsk][NamEventManager]: Aurora: Phase Length 1154.97
SCRIPT       : [Namalsk][NamEventManager]: Trying to select a new event...
SCRIPT       : [Namalsk][NamEventManager]: Starting event HeavyFog
SCRIPT       : [Namalsk][NamEventManager]: Could not run event Aurora because it conflicts with event Aurora...
SCRIPT       : [Namalsk][NamEventManager]: Next selection will occur in 992 seconds
SCRIPT       : [Namalsk][NamEventManager]: Aurora: Phase Length 60
SCRIPT       : [Namalsk][NamEventManager]: Aurora: Phase Length 0
SCRIPT       : [Namalsk][NamEventManager]: Trying to select a new event...
SCRIPT       : [Namalsk][NamEventManager]: Starting event Blizzard
SCRIPT       : [Namalsk][Blizzard]: init: 600 (sec), mid: 863.765 (sec), end: 600 (sec), TempDrop: -5.52143 (C)
SCRIPT       : [Namalsk][NamEventManager]: Blizzard: Phase Length 600
SCRIPT       : [Namalsk][NamEventManager]: Next selection will occur in 600 seconds
SCRIPT       : [Namalsk][NamEventManager]: Trying to select a new event...
SCRIPT       : [Namalsk][NamEventManager]: Starting event EVRStorm
SCRIPT       : [Namalsk][EVRStorm]: InitPhaseServer
SCRIPT       : [Namalsk][NamEventManager]: EVRStorm: Phase Length 1080
SCRIPT       : [Namalsk][NamEventManager]: Next selection will occur in 892 seconds
SCRIPT       : [Namalsk][NamEventManager]: Blizzard: Phase Length 863.765
SCRIPT       : [Namalsk][NamEventManager]: Blizzard: Phase Length 600
SCRIPT       : [Namalsk][NamEventManager]: Trying to select a new event...
SCRIPT       : [Namalsk][NamEventManager]: Could not start Blizzard as one is already active
SCRIPT       : [Namalsk][NamEventManager]: Next selection will occur in 993 seconds
SCRIPT       : [Logout]: New player vTTBmDkbHo3UtHkHJ06sTLglZM6HICb8QRm4WGpz0ec= with logout time 15
SCRIPT       : [Logout]: Player vTTBmDkbHo3UtHkHJ06sTLglZM6HICb8QRm4WGpz0ec= finished
SCRIPT       : [Namalsk][EVRStorm]: MidPhaseServer
SCRIPT       : [Namalsk][NamEventManager]: EVRStorm: Phase Length 90
SCRIPT       : float m_Colour_SkyOrang = 0.23
SCRIPT       : ---- PlayerBase OnStoreLoad SUCCESS ----
SCRIPT       : [Logout]: New player vTTBmDkbHo3UtHkHJ06sTLglZM6HICb8QRm4WGpz0ec= with logout time 15
SCRIPT       : [Namalsk][EVRStorm]: EndPhaseServer
SCRIPT       : [Namalsk][NamEventManager]: EVRStorm: Phase Length 220
SCRIPT       : [Logout]: Player vTTBmDkbHo3UtHkHJ06sTLglZM6HICb8QRm4WGpz0ec= finished
SCRIPT       : [Namalsk][NamEventManager]: EVRStorm: Phase Length 0
SCRIPT       : [Namalsk][EVRStorm]: ~EVRStorm
SCRIPT       : [Namalsk][NamEventManager]: Blizzard: Phase Length 0
SCRIPT       : [Namalsk][NamEventManager]: Trying to select a new event...
SCRIPT       : [Namalsk][NamEventManager]: Starting event SnowfallE
SCRIPT       : [Namalsk][SnowfallE]: init: 600 (sec), mid: 986.557 (sec), end: 600 (sec)
SCRIPT       : [Namalsk][NamEventManager]: SnowfallE: Phase Length 600
SCRIPT       : [Namalsk][NamEventManager]: Next selection will occur in 560 seconds
SCRIPT       : [Namalsk][NamEventManager]: Trying to select a new event...
SCRIPT       : [Namalsk][NamEventManager]: Starting event Aurora
SCRIPT       : [Namalsk][NamEventManager]: Aurora: Phase Length 60
SCRIPT       : [Namalsk][NamEventManager]: Next selection will occur in 687 seconds
SCRIPT       : [Namalsk][NamEventManager]: SnowfallE: Phase Length 986.557
SCRIPT       : [Namalsk][NamEventManager]: Aurora: Phase Length 960.756
SCRIPT       : [Namalsk][NamEventManager]: Trying to select a new event...
SCRIPT       : [Namalsk][NamEventManager]: Could not start SnowfallE as one is already active
SCRIPT       : [Namalsk][NamEventManager]: Next selection will occur in 631 seconds
SCRIPT       : [Namalsk][NamEventManager]: Aurora: Phase Length 60
SCRIPT       : [Namalsk][NamEventManager]: SnowfallE: Phase Length 600
SCRIPT       : [Namalsk][NamEventManager]: Aurora: Phase Length 0
SCRIPT       : [Namalsk][NamEventManager]: Trying to select a new event...
SCRIPT       : [Namalsk][NamEventManager]: Starting event EVRStorm
SCRIPT       : [Namalsk][EVRStorm]: InitPhaseServer
SCRIPT       : [Namalsk][NamEventManager]: EVRStorm: Phase Length 1080
SCRIPT       : [Namalsk][NamEventManager]: Next selection will occur in 939 seconds
SCRIPT       : [Namalsk][NamEventManager]: SnowfallE: Phase Length 0
SCRIPT       : [Namalsk][NamEventManager]: Trying to select a new event...
SCRIPT       : [Namalsk][NamEventManager]: Starting event Aurora
SCRIPT       : [Namalsk][NamEventManager]: Aurora: Phase Length 60
SCRIPT       : [Namalsk][NamEventManager]: Next selection will occur in 613 seconds
SCRIPT       : [Namalsk][NamEventManager]: Aurora: Phase Length 1184.64
SCRIPT       : [Namalsk][EVRStorm]: MidPhaseServer
SCRIPT       : [Namalsk][NamEventManager]: EVRStorm: Phase Length 90
SCRIPT       : float m_Colour_SkyOrang = 0.23
SCRIPT       : [Namalsk][EVRStorm]: EndPhaseServer
SCRIPT       : [Namalsk][NamEventManager]: EVRStorm: Phase Length 220
SCRIPT       : [Namalsk][NamEventManager]: EVRStorm: Phase Length 0
SCRIPT       : [Namalsk][EVRStorm]: ~EVRStorm
SCRIPT       : [Namalsk][NamEventManager]: Trying to select a new event...
SCRIPT       : [Namalsk][NamEventManager]: Starting event HeavyFog
SCRIPT       : [Namalsk][NamEventManager]: Could not run event Aurora because it conflicts with event Aurora...
SCRIPT       : [Namalsk][NamEventManager]: Next selection will occur in 701 seconds
SCRIPT       : [Namalsk][NamEventManager]: Aurora: Phase Length 60
SCRIPT       : [Namalsk][NamEventManager]: Aurora: Phase Length 0
SCRIPT       : [Namalsk][NamEventManager]: Trying to select a new event...
SCRIPT       : [Namalsk][NamEventManager]: Starting event Blizzard
SCRIPT       : [Namalsk][Blizzard]: init: 600 (sec), mid: 983.97 (sec), end: 600 (sec), TempDrop: -3.39772 (C)
SCRIPT       : [Namalsk][NamEventManager]: Blizzard: Phase Length 600
SCRIPT       : [Namalsk][NamEventManager]: Next selection will occur in 942 seconds
SCRIPT       : [Namalsk][NamEventManager]: Blizzard: Phase Length 983.97
SCRIPT       : [Namalsk][NamEventManager]: Trying to select a new event...
SCRIPT       : [Namalsk][NamEventManager]: Starting event Aurora
SCRIPT       : [Namalsk][NamEventManager]: Aurora: Phase Length 60
SCRIPT       : [Namalsk][NamEventManager]: Next selection will occur in 565 seconds
SCRIPT       : [Namalsk][NamEventManager]: Aurora: Phase Length 986.923
SCRIPT       : [Namalsk][NamEventManager]: Trying to select a new event...
SCRIPT       : [Namalsk][NamEventManager]: Could not start event as we reached the maximum event limit 2
SCRIPT       : [Namalsk][NamEventManager]: Next selection will occur in 940 seconds
SCRIPT       : [Namalsk][NamEventManager]: Blizzard: Phase Length 600
SCRIPT       : [Namalsk][NamEventManager]: Aurora: Phase Length 60
SCRIPT       : [Namalsk][NamEventManager]: Aurora: Phase Length 0
SCRIPT       : [Namalsk][NamEventManager]: Blizzard: Phase Length 0
SCRIPT       : [Namalsk][NamEventManager]: Trying to select a new event...
SCRIPT       : [Namalsk][NamEventManager]: Starting event EVRStorm
SCRIPT       : [Namalsk][EVRStorm]: InitPhaseServer
SCRIPT       : [Namalsk][NamEventManager]: EVRStorm: Phase Length 1080
SCRIPT       : [Namalsk][NamEventManager]: Next selection will occur in 807 seconds
SCRIPT       : [Namalsk][NamEventManager]: Trying to select a new event...
SCRIPT       : [Namalsk][NamEventManager]: Starting event Aurora
SCRIPT       : [Namalsk][NamEventManager]: Aurora: Phase Length 60
SCRIPT       : [Namalsk][NamEventManager]: Next selection will occur in 597 seconds
SCRIPT       : [Namalsk][NamEventManager]: Aurora: Phase Length 1005.53
SCRIPT       : [Namalsk][EVRStorm]: MidPhaseServer
SCRIPT       : [Namalsk][NamEventManager]: EVRStorm: Phase Length 90
SCRIPT       : float m_Colour_SkyOrang = 0.23
SCRIPT       : [Namalsk][EVRStorm]: EndPhaseServer
SCRIPT       : [Namalsk][NamEventManager]: EVRStorm: Phase Length 220
SCRIPT       : [Namalsk][NamEventManager]: EVRStorm: Phase Length 0
SCRIPT       : [Namalsk][EVRStorm]: ~EVRStorm
SCRIPT       : [Namalsk][NamEventManager]: Trying to select a new event...
SCRIPT       : [Namalsk][NamEventManager]: Starting event HeavyFog
SCRIPT       : [Namalsk][NamEventManager]: Could not run event Aurora because it conflicts with event Aurora...
SCRIPT       : [Namalsk][NamEventManager]: Next selection will occur in 639 seconds
SCRIPT       : [Namalsk][NamEventManager]: Aurora: Phase Length 60
SCRIPT       : [Namalsk][NamEventManager]: Aurora: Phase Length 0
SCRIPT       : [Namalsk][NamEventManager]: Trying to select a new event...
SCRIPT       : [Namalsk][NamEventManager]: Starting event Aurora
SCRIPT       : [Namalsk][NamEventManager]: Aurora: Phase Length 60
SCRIPT       : [Namalsk][NamEventManager]: Next selection will occur in 663 seconds
SCRIPT       : [Namalsk][NamEventManager]: Aurora: Phase Length 914.667
SCRIPT       : [Namalsk][NamEventManager]: Trying to select a new event...
SCRIPT       : [Namalsk][NamEventManager]: Starting event Blizzard
SCRIPT       : [Namalsk][NamEventManager]: Could not run event Aurora because it conflicts with event Aurora...
SCRIPT       : [Namalsk][NamEventManager]: Next selection will occur in 929 seconds
SCRIPT       : [Namalsk][NamEventManager]: Aurora: Phase Length 60
SCRIPT       : [Namalsk][NamEventManager]: Aurora: Phase Length 0
SCRIPT       : [Namalsk][NamEventManager]: Trying to select a new event...
SCRIPT       : [Namalsk][NamEventManager]: Starting event Aurora
SCRIPT       : [Namalsk][NamEventManager]: Aurora: Phase Length 60
SCRIPT       : [Namalsk][NamEventManager]: Next selection will occur in 939 seconds
SCRIPT       : [Namalsk][NamEventManager]: Aurora: Phase Length 1053.25
SCRIPT       : [Namalsk][NamEventManager]: Trying to select a new event...
SCRIPT       : [Namalsk][NamEventManager]: Starting event SnowfallE
SCRIPT       : [Namalsk][NamEventManager]: Could not run event Aurora because it conflicts with event Aurora...
SCRIPT       : [Namalsk][NamEventManager]: Next selection will occur in 677 seconds
SCRIPT       : [Namalsk][NamEventManager]: Aurora: Phase Length 60
SCRIPT       : [Namalsk][NamEventManager]: Aurora: Phase Length 0
SCRIPT       : [Namalsk][NamEventManager]: Trying to select a new event...
SCRIPT       : [Namalsk][NamEventManager]: Starting event ExtremeCold
SCRIPT       : [Namalsk][ExtremeCold]: init: 100 (sec), mid: 865.2 (sec), end: 100 (sec), TempDrop: -5.93822 (C)
SCRIPT       : [Namalsk][NamEventManager]: ExtremeCold: Phase Length 100
SCRIPT       : [Namalsk][NamEventManager]: Next selection will occur in 680 seconds
SCRIPT       : [Namalsk][NamEventManager]: ExtremeCold: Phase Length 865.2
SCRIPT       : [Namalsk][NamEventManager]: Trying to select a new event...
SCRIPT       : [Namalsk][NamEventManager]: Starting event EVRStorm
SCRIPT       : [Namalsk][EVRStorm]: InitPhaseServer
SCRIPT       : [Namalsk][NamEventManager]: EVRStorm: Phase Length 1080
SCRIPT       : [Namalsk][NamEventManager]: Next selection will occur in 660 seconds
SCRIPT       : [Namalsk][NamEventManager]: ExtremeCold: Phase Length 100
SCRIPT       : [Namalsk][NamEventManager]: ExtremeCold: Phase Length 0
SCRIPT       : [Namalsk][NamEventManager]: Trying to select a new event...
SCRIPT       : [Namalsk][NamEventManager]: Starting event Blizzard
SCRIPT       : [Namalsk][Blizzard]: init: 600 (sec), mid: 926.611 (sec), end: 600 (sec), TempDrop: -5.48005 (C)
SCRIPT       : [Namalsk][NamEventManager]: Blizzard: Phase Length 600
SCRIPT       : [Namalsk][NamEventManager]: Next selection will occur in 906 seconds
SCRIPT       : [Namalsk][EVRStorm]: MidPhaseServer
SCRIPT       : [Namalsk][NamEventManager]: EVRStorm: Phase Length 90
SCRIPT       : float m_Colour_SkyOrang = 0.23
SCRIPT       : [Namalsk][EVRStorm]: EndPhaseServer
SCRIPT       : [Namalsk][NamEventManager]: EVRStorm: Phase Length 220
SCRIPT       : [Namalsk][NamEventManager]: Blizzard: Phase Length 926.611
SCRIPT       : [Namalsk][NamEventManager]: EVRStorm: Phase Length 0
SCRIPT       : [Namalsk][EVRStorm]: ~EVRStorm
SCRIPT       : [Namalsk][NamEventManager]: Trying to select a new event...
SCRIPT       : [Namalsk][NamEventManager]: Starting event SnowfallE
SCRIPT       : [Namalsk][NamEventManager]: Could not run event Blizzard because it conflicts with event Blizzard...
SCRIPT       : [Namalsk][NamEventManager]: Next selection will occur in 996 seconds
SCRIPT       : [Namalsk][NamEventManager]: Blizzard: Phase Length 600
SCRIPT       : [Namalsk][NamEventManager]: Trying to select a new event...
SCRIPT       : [Namalsk][NamEventManager]: Starting event ExtremeCold
SCRIPT       : [Namalsk][ExtremeCold]: init: 100 (sec), mid: 824.696 (sec), end: 100 (sec), TempDrop: -4.98697 (C)
SCRIPT       : [Namalsk][NamEventManager]: ExtremeCold: Phase Length 100
SCRIPT       : [Namalsk][NamEventManager]: Next selection will occur in 552 seconds
SCRIPT       : [Namalsk][NamEventManager]: ExtremeCold: Phase Length 824.696
SCRIPT       : [Namalsk][NamEventManager]: Blizzard: Phase Length 0
SCRIPT       : [Namalsk][NamEventManager]: Trying to select a new event...
SCRIPT       : [Namalsk][NamEventManager]: Starting event SnowfallE
SCRIPT       : [Namalsk][SnowfallE]: init: 600 (sec), mid: 1053.62 (sec), end: 600 (sec)
SCRIPT       : [Namalsk][NamEventManager]: SnowfallE: Phase Length 600
SCRIPT       : [Namalsk][NamEventManager]: Next selection will occur in 919 seconds
SCRIPT       : [Namalsk][NamEventManager]: ExtremeCold: Phase Length 100
SCRIPT       : [Namalsk][NamEventManager]: ExtremeCold: Phase Length 0
SCRIPT       : [Namalsk][NamEventManager]: SnowfallE: Phase Length 1053.62
SCRIPT       : [Namalsk][NamEventManager]: Trying to select a new event...
SCRIPT       : [Namalsk][NamEventManager]: Starting event EVRStorm
SCRIPT       : [Namalsk][EVRStorm]: InitPhaseServer
SCRIPT       : [Namalsk][NamEventManager]: EVRStorm: Phase Length 1080
SCRIPT       : [Namalsk][NamEventManager]: Next selection will occur in 607 seconds
SCRIPT       : [Namalsk][NamEventManager]: Trying to select a new event...
SCRIPT       : [Namalsk][NamEventManager]: Could not start event as we reached the maximum event limit 2
SCRIPT       : [Namalsk][NamEventManager]: Next selection will occur in 908 seconds
SCRIPT       : [Namalsk][NamEventManager]: SnowfallE: Phase Length 600
SCRIPT       : [Namalsk][EVRStorm]: MidPhaseServer
SCRIPT       : [Namalsk][NamEventManager]: EVRStorm: Phase Length 90
SCRIPT       : float m_Colour_SkyOrang = 0.23
SCRIPT       : [Namalsk][EVRStorm]: EndPhaseServer
SCRIPT       : [Namalsk][NamEventManager]: EVRStorm: Phase Length 220
SCRIPT       : [Namalsk][NamEventManager]: SnowfallE: Phase Length 0
SCRIPT       : [Namalsk][NamEventManager]: EVRStorm: Phase Length 0
SCRIPT       : [Namalsk][EVRStorm]: ~EVRStorm
SCRIPT       : [Namalsk][NamEventManager]: Trying to select a new event...
SCRIPT       : [Namalsk][NamEventManager]: Starting event Aurora
SCRIPT       : [Namalsk][NamEventManager]: Aurora: Phase Length 60
SCRIPT       : [Namalsk][NamEventManager]: Next selection will occur in 794 seconds
SCRIPT       : [Namalsk][NamEventManager]: Aurora: Phase Length 1009.61
SCRIPT       : [Namalsk][NamEventManager]: Trying to select a new event...
SCRIPT       : [Namalsk][NamEventManager]: Could not start event EVRStorm as it is on cooldown for 391 more seconds
SCRIPT       : [Namalsk][NamEventManager]: Next selection will occur in 944 seconds
SCRIPT       : [Namalsk][NamEventManager]: Aurora: Phase Length 60
SCRIPT       : [Namalsk][NamEventManager]: Aurora: Phase Length 0
SCRIPT       : [Namalsk][NamEventManager]: Trying to select a new event...
SCRIPT       : [Namalsk][NamEventManager]: Starting event Aurora
SCRIPT       : [Namalsk][NamEventManager]: Aurora: Phase Length 60
SCRIPT       : [Namalsk][NamEventManager]: Next selection will occur in 868 seconds
SCRIPT       : [Namalsk][NamEventManager]: Aurora: Phase Length 1141.67
SCRIPT       : ---- PlayerBase OnStoreLoad SUCCESS ----
SCRIPT       : [Namalsk][NamEventManager]: Trying to select a new event...
SCRIPT       : [Namalsk][NamEventManager]: Starting event Blizzard
SCRIPT       : [Namalsk][NamEventManager]: Could not run event Aurora because it conflicts with event Aurora...
SCRIPT       : [Namalsk][NamEventManager]: Next selection will occur in 881 seconds
SCRIPT       : [Namalsk][NamEventManager]: Aurora: Phase Length 60
SCRIPT       : [Namalsk][NamEventManager]: Aurora: Phase Length 0
SCRIPT       : [inv] ReplaceItemWithNewLambdaBase Step B) remove OK, loc={ type=HANDS item=AmmoBox_12gaSlug_10Rnd:12909 parent=SurvivorM_Niki:2:INSTANCETYPE_SERVER }
SCRIPT       : [inv] ReplaceItemWithNewLambdaBase Step B) remove OK, loc={ type=HANDS item=LongWoodenStick:7810 parent=SurvivorM_Niki:2:INSTANCETYPE_SERVER }
SCRIPT       : [inv] ReplaceItemWithNewLambdaBase Step B) remove OK, loc={ type=HANDS item=LongWoodenStick:12488 parent=SurvivorM_Niki:2:INSTANCETYPE_SERVER }
SCRIPT       : [Namalsk][NamEventManager]: Trying to select a new event...
SCRIPT       : [Namalsk][NamEventManager]: Starting event ExtremeCold
SCRIPT       : [Namalsk][ExtremeCold]: init: 100 (sec), mid: 967.095 (sec), end: 100 (sec), TempDrop: -4.0932 (C)
SCRIPT       : [Namalsk][NamEventManager]: ExtremeCold: Phase Length 100
SCRIPT       : [Namalsk][NamEventManager]: Next selection will occur in 655 seconds
SCRIPT       : [Namalsk][NamEventManager]: ExtremeCold: Phase Length 967.095
SCRIPT       : [Namalsk][NamEventManager]: Trying to select a new event...
SCRIPT       : [Namalsk][NamEventManager]: Starting event EVRStorm
SCRIPT       : [Namalsk][EVRStorm]: InitPhaseServer
SCRIPT       : [Namalsk][NamEventManager]: EVRStorm: Phase Length 1080
SCRIPT       : [Namalsk][NamEventManager]: Next selection will occur in 854 seconds
SCRIPT       : [Namalsk][NamEventManager]: ExtremeCold: Phase Length 100
SCRIPT       : [Namalsk][NamEventManager]: ExtremeCold: Phase Length 0
SCRIPT       : [Logout]: New player vTTBmDkbHo3UtHkHJ06sTLglZM6HICb8QRm4WGpz0ec= with logout time 15
SCRIPT       : [Logout]: Player vTTBmDkbHo3UtHkHJ06sTLglZM6HICb8QRm4WGpz0ec= finished
SCRIPT       : [Namalsk][NamEventManager]: Trying to select a new event...
SCRIPT       : [Namalsk][NamEventManager]: Starting event Blizzard
SCRIPT       : [Namalsk][Blizzard]: init: 600 (sec), mid: 791.856 (sec), end: 600 (sec), TempDrop: -3.63512 (C)
SCRIPT       : [Namalsk][NamEventManager]: Blizzard: Phase Length 600
SCRIPT       : [Namalsk][NamEventManager]: Next selection will occur in 565 seconds
SCRIPT       : [Namalsk][EVRStorm]: MidPhaseServer
SCRIPT       : [Namalsk][NamEventManager]: EVRStorm: Phase Length 90
SCRIPT       : float m_Colour_SkyOrang = 0.23
SCRIPT       : [Namalsk][EVRStorm]: EndPhaseServer
SCRIPT       : [Namalsk][NamEventManager]: EVRStorm: Phase Length 220
SCRIPT       : [Namalsk][NamEventManager]: EVRStorm: Phase Length 0
SCRIPT       : [Namalsk][EVRStorm]: ~EVRStorm
SCRIPT       : [Namalsk][NamEventManager]: Trying to select a new event...
SCRIPT       : [Namalsk][NamEventManager]: Starting event Aurora
SCRIPT       : [Namalsk][NamEventManager]: Aurora: Phase Length 60
SCRIPT       : [Namalsk][NamEventManager]: Next selection will occur in 606 seconds
SCRIPT       : [Namalsk][NamEventManager]: Blizzard: Phase Length 791.856
SCRIPT       : [Namalsk][NamEventManager]: Aurora: Phase Length 958.385
SCRIPT       : [Namalsk][NamEventManager]: Trying to select a new event...
SCRIPT       : [Namalsk][NamEventManager]: Could not start Blizzard as one is already active
SCRIPT       : [Namalsk][NamEventManager]: Next selection will occur in 603 seconds
SCRIPT       : [Namalsk][NamEventManager]: Blizzard: Phase Length 600
SCRIPT       : ~DayZGame()
