---------------------------------------------
Log C:\SERVICES\ni10839481_1_SHARE\ftproot\dayzstandalone\config\script_2025-05-03_21-02-29.log started at 03.05. 21:02:34

SCRIPT       : Registered 308 temporary action enum(s), UAN==308
SCRIPT    (W): @"CodeLock/scripts/3_game/dayzgame.c,13": FIX-ME: Method argument can't be strong reference
SCRIPT       : ... Backlit Effects Enabled
SCRIPT    (W): @"CodeLock/scripts/4_world/entities\codelock.c,308": FIX-ME: Method argument can't be strong reference
SCRIPT    (W): @"CodeLock/scripts/4_world/gui\setcodemenu.c,31": FIX-ME: Overriding function 'CheckState' but not marked as 'override'
SCRIPT    (W): @"CodeLock/scripts/4_world/pluginmanager\pluginbase\permissions\codelockpermissionmanager.c,46": FIX-ME: Method argument can't be strong reference
SCRIPT    (W): @"CodeLock/scripts/4_world/gui\guestcodemenu.c,29": FIX-ME: Overriding function 'SendRPC' but not marked as 'override'
SCRIPT    (W): @"CodeLock/scripts/4_world/gui\claimcodemenu.c,27": FIX-ME: Overriding function 'SendRPC' but not marked as 'override'
SCRIPT    (W): @"CodeLock/scripts/4_world/gui\entercodemenu.c,37": FIX-ME: Overriding function 'SendRPC' but not marked as 'override'
SCRIPT    (W): @"CodeLock/scripts/4_world/actions\continuous\actiondestroycodelockontent.c,73": Possible variable name conflict '_Health'
SCRIPT    (W): @"CodeLock/scripts/4_world/actions\continuous\actiondestroycodelockonfence.c,67": Possible variable name conflict '_Health'
SCRIPT       : [Namalsk][NamEventManager]: Next selection will occur in 695 seconds
SCRIPT       : [Namalsk][NamEventManager]: NamEventManager is now running
SCRIPT       : [Namalsk][NamEventManager]: Trying to select a new event...
SCRIPT       : [Namalsk][NamEventManager]: Starting event ExtremeCold
SCRIPT       : [Namalsk][ExtremeCold]: init: 100 (sec), mid: 859.511 (sec), end: 100 (sec), TempDrop: -4.83627 (C)
SCRIPT       : [Namalsk][NamEventManager]: ExtremeCold: Phase Length 100
SCRIPT       : [Namalsk][NamEventManager]: Next selection will occur in 932 seconds
SCRIPT       : [Namalsk][NamEventManager]: ExtremeCold: Phase Length 859.511
SCRIPT       : [Namalsk][NamEventManager]: Trying to select a new event...
SCRIPT       : [Namalsk][NamEventManager]: Starting event SnowfallE
SCRIPT       : [Namalsk][SnowfallE]: init: 600 (sec), mid: 997.095 (sec), end: 600 (sec)
SCRIPT       : [Namalsk][NamEventManager]: SnowfallE: Phase Length 600
SCRIPT       : [Namalsk][NamEventManager]: Next selection will occur in 729 seconds
SCRIPT       : [Namalsk][NamEventManager]: ExtremeCold: Phase Length 100
SCRIPT       : [Namalsk][NamEventManager]: ExtremeCold: Phase Length 0
SCRIPT       : [Namalsk][NamEventManager]: SnowfallE: Phase Length 997.095
SCRIPT       : [Namalsk][NamEventManager]: Trying to select a new event...
SCRIPT       : [Namalsk][NamEventManager]: Starting event Blizzard
SCRIPT       : [Namalsk][Blizzard]: init: 600 (sec), mid: 880.383 (sec), end: 600 (sec), TempDrop: -4.4202 (C)
SCRIPT       : [Namalsk][NamEventManager]: Blizzard: Phase Length 600
SCRIPT       : [Namalsk][NamEventManager]: Next selection will occur in 581 seconds
SCRIPT       : [Namalsk][NamEventManager]: Trying to select a new event...
SCRIPT       : [Namalsk][NamEventManager]: Could not start event as we reached the maximum event limit 2
SCRIPT       : [Namalsk][NamEventManager]: Next selection will occur in 922 seconds
SCRIPT       : [Namalsk][NamEventManager]: Blizzard: Phase Length 880.383
SCRIPT       : [Namalsk][NamEventManager]: SnowfallE: Phase Length 600
SCRIPT       : [Namalsk][NamEventManager]: SnowfallE: Phase Length 0
SCRIPT       : [Namalsk][NamEventManager]: Blizzard: Phase Length 600
SCRIPT       : [Namalsk][NamEventManager]: Trying to select a new event...
SCRIPT       : [Namalsk][NamEventManager]: Could not start Blizzard as one is already active
SCRIPT       : [Namalsk][NamEventManager]: Next selection will occur in 820 seconds
SCRIPT       : [Namalsk][NamEventManager]: Blizzard: Phase Length 0
SCRIPT       : [Namalsk][NamEventManager]: Trying to select a new event...
SCRIPT       : [Namalsk][NamEventManager]: Starting event ExtremeCold
SCRIPT       : [Namalsk][ExtremeCold]: init: 100 (sec), mid: 996.71 (sec), end: 100 (sec), TempDrop: -6.35407 (C)
SCRIPT       : [Namalsk][NamEventManager]: ExtremeCold: Phase Length 100
SCRIPT       : [Namalsk][NamEventManager]: Next selection will occur in 745 seconds
SCRIPT       : [Namalsk][NamEventManager]: ExtremeCold: Phase Length 996.71
SCRIPT       : [Namalsk][NamEventManager]: Trying to select a new event...
SCRIPT       : [Namalsk][NamEventManager]: Starting event HeavyFog
SCRIPT       : [Namalsk][NamEventManager]: HeavyFog: Phase Length 600
SCRIPT       : [Namalsk][NamEventManager]: Next selection will occur in 722 seconds
SCRIPT       : [Namalsk][NamEventManager]: ExtremeCold: Phase Length 100
SCRIPT       : [Namalsk][NamEventManager]: ExtremeCold: Phase Length 0
SCRIPT       : [Namalsk][NamEventManager]: HeavyFog: Phase Length 679.211
SCRIPT       : [Namalsk][NamEventManager]: Trying to select a new event...
SCRIPT       : [Namalsk][NamEventManager]: Starting event Blizzard
SCRIPT       : [Namalsk][Blizzard]: init: 600 (sec), mid: 985.939 (sec), end: 600 (sec), TempDrop: -4.14453 (C)
SCRIPT       : [Namalsk][NamEventManager]: Blizzard: Phase Length 600
SCRIPT       : [Namalsk][NamEventManager]: Next selection will occur in 927 seconds
SCRIPT       : [Namalsk][NamEventManager]: HeavyFog: Phase Length 600
SCRIPT       : [Namalsk][NamEventManager]: Blizzard: Phase Length 985.939
SCRIPT       : [Namalsk][NamEventManager]: Trying to select a new event...
SCRIPT       : [Namalsk][NamEventManager]: Could not start event as we reached the maximum event limit 2
SCRIPT       : [Namalsk][NamEventManager]: Next selection will occur in 632 seconds
SCRIPT       : [Namalsk][NamEventManager]: HeavyFog: Phase Length 0
SCRIPT       : [Namalsk][NamEventManager]: Trying to select a new event...
SCRIPT       : [Namalsk][NamEventManager]: Starting event Aurora
SCRIPT       : [Namalsk][NamEventManager]: Aurora: Phase Length 60
SCRIPT       : [Namalsk][NamEventManager]: Next selection will occur in 663 seconds
SCRIPT       : [Namalsk][NamEventManager]: Blizzard: Phase Length 600
SCRIPT       : [Namalsk][NamEventManager]: Aurora: Phase Length 1042.49
SCRIPT       : [Namalsk][NamEventManager]: Blizzard: Phase Length 0
SCRIPT       : [Namalsk][NamEventManager]: Trying to select a new event...
SCRIPT       : [Namalsk][NamEventManager]: Starting event EVRStorm
SCRIPT       : [Namalsk][NamEventManager]: Could not run event Aurora because it conflicts with event Aurora...
SCRIPT       : [Namalsk][EVRStorm]: ~EVRStorm
SCRIPT       : [Namalsk][NamEventManager]: Next selection will occur in 762 seconds
SCRIPT       : [Namalsk][NamEventManager]: Aurora: Phase Length 60
SCRIPT       : [Namalsk][NamEventManager]: Aurora: Phase Length 0
SCRIPT       : [Namalsk][NamEventManager]: Trying to select a new event...
SCRIPT       : [Namalsk][NamEventManager]: Starting event Aurora
SCRIPT       : [Namalsk][NamEventManager]: Aurora: Phase Length 60
SCRIPT       : [Namalsk][NamEventManager]: Next selection will occur in 616 seconds
SCRIPT       : [Namalsk][NamEventManager]: Aurora: Phase Length 901.804
SCRIPT       : [Namalsk][NamEventManager]: Trying to select a new event...
SCRIPT       : [Namalsk][NamEventManager]: Starting event SnowfallE
SCRIPT       : [Namalsk][NamEventManager]: Could not run event Aurora because it conflicts with event Aurora...
SCRIPT       : [Namalsk][NamEventManager]: Next selection will occur in 671 seconds
SCRIPT       : [Namalsk][NamEventManager]: Aurora: Phase Length 60
SCRIPT       : [Namalsk][NamEventManager]: Aurora: Phase Length 0
SCRIPT       : [Namalsk][NamEventManager]: Trying to select a new event...
SCRIPT       : [Namalsk][NamEventManager]: Starting event HeavyFog
SCRIPT       : [Namalsk][NamEventManager]: HeavyFog: Phase Length 600
SCRIPT       : [Namalsk][NamEventManager]: Next selection will occur in 866 seconds
SCRIPT       : [Namalsk][NamEventManager]: HeavyFog: Phase Length 685.418
SCRIPT       : [Namalsk][NamEventManager]: Trying to select a new event...
SCRIPT       : [Namalsk][NamEventManager]: Starting event Aurora
SCRIPT       : [Namalsk][NamEventManager]: Aurora: Phase Length 60
SCRIPT       : [Namalsk][NamEventManager]: Next selection will occur in 962 seconds
SCRIPT       : [Namalsk][NamEventManager]: Aurora: Phase Length 901.611
SCRIPT       : [Namalsk][NamEventManager]: HeavyFog: Phase Length 600
SCRIPT       : [Namalsk][NamEventManager]: Aurora: Phase Length 60
SCRIPT       : [Namalsk][NamEventManager]: Trying to select a new event...
SCRIPT       : [Namalsk][NamEventManager]: Could not start event as we reached the maximum event limit 2
SCRIPT       : [Namalsk][NamEventManager]: Next selection will occur in 786 seconds
SCRIPT       : [Namalsk][NamEventManager]: HeavyFog: Phase Length 0
SCRIPT       : [Namalsk][NamEventManager]: Aurora: Phase Length 0
SCRIPT       : [Namalsk][NamEventManager]: Trying to select a new event...
SCRIPT       : [Namalsk][NamEventManager]: Starting event EVRStorm
SCRIPT       : [Namalsk][EVRStorm]: InitPhaseServer
SCRIPT       : [Namalsk][NamEventManager]: EVRStorm: Phase Length 1080
SCRIPT       : [Namalsk][NamEventManager]: Next selection will occur in 696 seconds
SCRIPT       : [Namalsk][NamEventManager]: Trying to select a new event...
SCRIPT       : [Namalsk][NamEventManager]: Starting event Aurora
SCRIPT       : [Namalsk][NamEventManager]: Aurora: Phase Length 60
SCRIPT       : [Namalsk][NamEventManager]: Next selection will occur in 972 seconds
SCRIPT       : [Namalsk][NamEventManager]: Aurora: Phase Length 1065.56
SCRIPT       : [Namalsk][EVRStorm]: MidPhaseServer
SCRIPT       : [Namalsk][NamEventManager]: EVRStorm: Phase Length 90
SCRIPT       : float m_Colour_SkyOrang = 0.23
SCRIPT       : [Namalsk][EVRStorm]: EndPhaseServer
SCRIPT       : [Namalsk][NamEventManager]: EVRStorm: Phase Length 220
SCRIPT       : [Namalsk][NamEventManager]: EVRStorm: Phase Length 0
SCRIPT       : [Namalsk][EVRStorm]: ~EVRStorm
SCRIPT       : [Namalsk][NamEventManager]: Trying to select a new event...
SCRIPT       : [Namalsk][NamEventManager]: Starting event SnowfallE
SCRIPT       : [Namalsk][NamEventManager]: Could not run event Aurora because it conflicts with event Aurora...
SCRIPT       : [Namalsk][NamEventManager]: Next selection will occur in 683 seconds
SCRIPT       : [Namalsk][NamEventManager]: Aurora: Phase Length 60
SCRIPT       : [Namalsk][NamEventManager]: Aurora: Phase Length 0
SCRIPT       : [Namalsk][NamEventManager]: Trying to select a new event...
SCRIPT       : [Namalsk][NamEventManager]: Starting event Blizzard
SCRIPT       : [Namalsk][Blizzard]: init: 600 (sec), mid: 992.172 (sec), end: 600 (sec), TempDrop: -5.39005 (C)
SCRIPT       : [Namalsk][NamEventManager]: Blizzard: Phase Length 600
SCRIPT       : [Namalsk][NamEventManager]: Next selection will occur in 566 seconds
SCRIPT       : [Namalsk][NamEventManager]: Trying to select a new event...
SCRIPT       : [Namalsk][NamEventManager]: Starting event SnowfallE
SCRIPT       : [Namalsk][NamEventManager]: Could not run event Blizzard because it conflicts with event Blizzard...
SCRIPT       : [Namalsk][NamEventManager]: Next selection will occur in 596 seconds
SCRIPT       : [Namalsk][NamEventManager]: Blizzard: Phase Length 992.172
SCRIPT       : [Namalsk][NamEventManager]: Trying to select a new event...
SCRIPT       : [Namalsk][NamEventManager]: Starting event ExtremeCold
SCRIPT       : [Namalsk][ExtremeCold]: init: 100 (sec), mid: 866.872 (sec), end: 100 (sec), TempDrop: -4.14347 (C)
SCRIPT       : [Namalsk][NamEventManager]: ExtremeCold: Phase Length 100
SCRIPT       : [Namalsk][NamEventManager]: Next selection will occur in 949 seconds
SCRIPT       : [Namalsk][NamEventManager]: ExtremeCold: Phase Length 866.872
SCRIPT       : [Namalsk][NamEventManager]: Blizzard: Phase Length 600
SCRIPT       : [Namalsk][NamEventManager]: Trying to select a new event...
SCRIPT       : [Namalsk][NamEventManager]: Could not start event as we reached the maximum event limit 2
SCRIPT       : [Namalsk][NamEventManager]: Next selection will occur in 860 seconds
SCRIPT       : [Namalsk][NamEventManager]: ExtremeCold: Phase Length 100
SCRIPT       : [Namalsk][NamEventManager]: Blizzard: Phase Length 0
SCRIPT       : [Namalsk][NamEventManager]: ExtremeCold: Phase Length 0
SCRIPT       : [Namalsk][NamEventManager]: Trying to select a new event...
SCRIPT       : [Namalsk][NamEventManager]: Starting event EVRStorm
SCRIPT       : [Namalsk][EVRStorm]: InitPhaseServer
SCRIPT       : [Namalsk][NamEventManager]: EVRStorm: Phase Length 1080
SCRIPT       : [Namalsk][NamEventManager]: Next selection will occur in 703 seconds
SCRIPT       : [Namalsk][NamEventManager]: Trying to select a new event...
SCRIPT       : [Namalsk][NamEventManager]: Starting event Aurora
SCRIPT       : [Namalsk][NamEventManager]: Aurora: Phase Length 60
SCRIPT       : [Namalsk][NamEventManager]: Next selection will occur in 706 seconds
SCRIPT       : [Namalsk][NamEventManager]: Aurora: Phase Length 1078.52
SCRIPT       : [Namalsk][EVRStorm]: MidPhaseServer
SCRIPT       : [Namalsk][NamEventManager]: EVRStorm: Phase Length 90
SCRIPT       : float m_Colour_SkyOrang = 0.23
SCRIPT       : [Namalsk][EVRStorm]: EndPhaseServer
SCRIPT       : [Namalsk][NamEventManager]: EVRStorm: Phase Length 220
SCRIPT       : [Namalsk][NamEventManager]: EVRStorm: Phase Length 0
SCRIPT       : [Namalsk][EVRStorm]: ~EVRStorm
SCRIPT       : [Namalsk][NamEventManager]: Trying to select a new event...
SCRIPT       : [Namalsk][NamEventManager]: Starting event Blizzard
SCRIPT       : [Namalsk][NamEventManager]: Could not run event Aurora because it conflicts with event Aurora...
SCRIPT       : [Namalsk][NamEventManager]: Next selection will occur in 620 seconds
SCRIPT       : [Namalsk][NamEventManager]: Aurora: Phase Length 60
SCRIPT       : [Namalsk][NamEventManager]: Aurora: Phase Length 0
SCRIPT       : [Namalsk][NamEventManager]: Trying to select a new event...
SCRIPT       : [Namalsk][NamEventManager]: Starting event SnowfallE
SCRIPT       : [Namalsk][SnowfallE]: init: 600 (sec), mid: 1038.6 (sec), end: 600 (sec)
SCRIPT       : [Namalsk][NamEventManager]: SnowfallE: Phase Length 600
SCRIPT       : [Namalsk][NamEventManager]: Next selection will occur in 984 seconds
SCRIPT       : [Namalsk][NamEventManager]: SnowfallE: Phase Length 1038.6
SCRIPT       : [Namalsk][NamEventManager]: Trying to select a new event...
SCRIPT       : [Namalsk][NamEventManager]: Starting event ExtremeCold
SCRIPT       : [Namalsk][ExtremeCold]: init: 100 (sec), mid: 940.751 (sec), end: 100 (sec), TempDrop: -5.03457 (C)
SCRIPT       : [Namalsk][NamEventManager]: ExtremeCold: Phase Length 100
SCRIPT       : [Namalsk][NamEventManager]: Next selection will occur in 763 seconds
SCRIPT       : [Namalsk][NamEventManager]: ExtremeCold: Phase Length 940.751
SCRIPT       : [Namalsk][NamEventManager]: SnowfallE: Phase Length 600
SCRIPT       : [Namalsk][NamEventManager]: Trying to select a new event...
SCRIPT       : [Namalsk][NamEventManager]: Could not start SnowfallE as one is already active
SCRIPT       : [Namalsk][NamEventManager]: Next selection will occur in 637 seconds
SCRIPT       : [Namalsk][NamEventManager]: ExtremeCold: Phase Length 100
SCRIPT       : [Namalsk][NamEventManager]: ExtremeCold: Phase Length 0
SCRIPT       : [Namalsk][NamEventManager]: SnowfallE: Phase Length 0
SCRIPT       : [Namalsk][NamEventManager]: Trying to select a new event...
SCRIPT       : [Namalsk][NamEventManager]: Starting event HeavyFog
SCRIPT       : [Namalsk][NamEventManager]: HeavyFog: Phase Length 600
SCRIPT       : [Namalsk][NamEventManager]: Next selection will occur in 585 seconds
SCRIPT       : [Namalsk][NamEventManager]: Trying to select a new event...
SCRIPT       : [Namalsk][NamEventManager]: Starting event ExtremeCold
SCRIPT       : [Namalsk][ExtremeCold]: init: 100 (sec), mid: 801.77 (sec), end: 100 (sec), TempDrop: -4.45659 (C)
SCRIPT       : [Namalsk][NamEventManager]: ExtremeCold: Phase Length 100
SCRIPT       : [Namalsk][NamEventManager]: Next selection will occur in 628 seconds
SCRIPT       : [Namalsk][NamEventManager]: HeavyFog: Phase Length 637.114
SCRIPT       : [Namalsk][NamEventManager]: ExtremeCold: Phase Length 801.77
SCRIPT       : [Namalsk][NamEventManager]: Trying to select a new event...
SCRIPT       : [Namalsk][NamEventManager]: Could not start event as we reached the maximum event limit 2
SCRIPT       : [Namalsk][NamEventManager]: Next selection will occur in 697 seconds
SCRIPT       : [Namalsk][NamEventManager]: HeavyFog: Phase Length 600
SCRIPT       : [Namalsk][NamEventManager]: ExtremeCold: Phase Length 100
SCRIPT       : [Namalsk][NamEventManager]: ExtremeCold: Phase Length 0
SCRIPT       : [Namalsk][NamEventManager]: HeavyFog: Phase Length 0
SCRIPT       : [Namalsk][NamEventManager]: Trying to select a new event...
SCRIPT       : [Namalsk][NamEventManager]: Starting event HeavyFog
SCRIPT       : [Namalsk][NamEventManager]: HeavyFog: Phase Length 600
SCRIPT       : [Namalsk][NamEventManager]: Next selection will occur in 700 seconds
SCRIPT       : [Namalsk][NamEventManager]: HeavyFog: Phase Length 667.144
SCRIPT       : [Namalsk][NamEventManager]: Trying to select a new event...
SCRIPT       : [Namalsk][NamEventManager]: Starting event SnowfallE
SCRIPT       : [Namalsk][SnowfallE]: init: 600 (sec), mid: 1018.23 (sec), end: 600 (sec)
SCRIPT       : [Namalsk][NamEventManager]: SnowfallE: Phase Length 600
SCRIPT       : [Namalsk][NamEventManager]: Next selection will occur in 650 seconds
SCRIPT       : [Namalsk][NamEventManager]: HeavyFog: Phase Length 600
SCRIPT       : [Namalsk][NamEventManager]: SnowfallE: Phase Length 1018.23
SCRIPT       : [Namalsk][NamEventManager]: Trying to select a new event...
SCRIPT       : [Namalsk][NamEventManager]: Could not start HeavyFog as one is already active
SCRIPT       : [Namalsk][NamEventManager]: Next selection will occur in 565 seconds
SCRIPT       : ~DayZGame()
