[04-09-2025][04.25.18] New Access Log File Created!
[07:41:45] Player (Mendoza, 76561197963413528)(<6310.850098, 21.902084, 9508.443359>) quick accessed a lock!
[07:42:35] Player (Mendoza, 76561197963413528)(<6307.455078, 21.871454, 9524.430664>) quick accessed a lock!
[07:42:37] Player (Mendoza, 76561197963413528)(<6303.280762, 21.892134, 9520.394531>) quick accessed a lock!
[08:03:41] Player (Mendoza, 76561197963413528)(<6310.850098, 21.902084, 9508.443359>) quick accessed a lock!
[08:09:10] Player (Mendoza, 76561197963413528)(<6310.850098, 21.902084, 9508.443359>) quick accessed a lock!
[08:11:22] Player (Mendoza, 76561197963413528)(<6307.455078, 21.871454, 9524.430664>) quick accessed a lock!
[08:11:26] Player (Mendoza, 76561197963413528)(<6303.280762, 21.892134, 9520.394531>) quick accessed a lock!
[08:11:28] Player (Mendoza, 76561197963413528)(<6303.280762, 21.892134, 9520.394531>) quick accessed a lock!
[10:23:17] Player (Delta, 76561198058316831)(<6310.850098, 21.902084, 9508.443359>) quick accessed a lock!
[10:37:07] Player (Delta, 76561198058316831)(<6310.850098, 21.902084, 9508.443359>) quick accessed a lock!
[10:48:42] Player (Delta, 76561198058316831)(<6310.850098, 21.902084, 9508.443359>) quick accessed a lock!
[04-09-2025][12.42.34] Log file reloaded ( Server Restart )
[14:30:49] Player (Vygeta, 76561198065333779)(<6310.850098, 21.902084, 9508.443359>) quick accessed a lock!
[14:31:48] Player (Vygeta, 76561198065333779)(<6310.850098, 21.902084, 9508.443359>) quick accessed a lock!
[14:32:47] Player (Vygeta, 76561198065333779)(<6310.850098, 21.902084, 9508.443359>) quick accessed a lock!
[14:33:42] Player (Vygeta, 76561198065333779)(<6310.850098, 21.902084, 9508.443359>) quick accessed a lock!
[14:33:45] Player (Vygeta, 76561198065333779)(<6310.850098, 21.902084, 9508.443359>) quick accessed a lock!
[14:35:00] Player (Vygeta, 76561198065333779)(<6307.455078, 21.871454, 9524.430664>) accessed a lock!
[14:35:00] Player (Vygeta, 76561198065333779)(<6307.455078, 21.871454, 9524.430664>) was added as a guest of a lock!
[14:37:21] Player (Vygeta, 76561198065333779)(<6307.455078, 21.871454, 9524.430664>) quick accessed a lock!
[16:46:21] Player (Burli, 76561199403818735)(<6310.850098, 21.902084, 9508.443359>) quick accessed a lock!
[16:50:35] Player (Burli, 76561199403818735)(<6310.850098, 21.902084, 9508.443359>) quick accessed a lock!
[17:10:55] Player (Mendoza, 76561197963413528)(<6310.850098, 21.902084, 9508.443359>) quick accessed a lock!
[17:12:47] Player (Mendoza, 76561197963413528)(<6307.455078, 21.871454, 9524.430664>) quick accessed a lock!
[17:15:04] Player (Mendoza, 76561197963413528)(<6303.280762, 21.892134, 9520.394531>) quick accessed a lock!
[17:15:26] Player (Mendoza, 76561197963413528)(<6310.850098, 21.902084, 9508.443359>) quick accessed a lock!
[19:06:40] Player (Delta, 76561198058316831)(<6310.850098, 21.902084, 9508.443359>) quick accessed a lock!
[19:09:19] Player (Burli, 76561199403818735)(<6307.455078, 21.871454, 9524.430664>) quick accessed a lock!
[19:10:44] Player (Burli, 76561199403818735)(<6307.455078, 21.871454, 9524.430664>) quick accessed a lock!
[19:22:04] Player (Delta, 76561198058316831)(<6310.850098, 21.902084, 9508.443359>) quick accessed a lock!
[20:11:15] Player (Burli, 76561199403818735)(<6310.850098, 21.902084, 9508.443359>) quick accessed a lock!
[20:30:16] Player (Burli, 76561199403818735)(<6307.455078, 21.871454, 9524.430664>) quick accessed a lock!
[20:30:39] Player (Burli, 76561199403818735)(<6310.850098, 21.902084, 9508.443359>) quick accessed a lock!
[20:39:40] Player (Delta, 76561198058316831)(<6310.850098, 21.902084, 9508.443359>) quick accessed a lock!
[20:42:58] Player (Burli, 76561199403818735)(<6310.850098, 21.902084, 9508.443359>) quick accessed a lock!
[04-09-2025][21.00.05] Log file reloaded ( Server Restart )
[22:00:47] Player (Mendoza, 76561197963413528)(<6310.850098, 21.902084, 9508.443359>) quick accessed a lock!
[22:01:57] Player (Mendoza, 76561197963413528)(<6310.850098, 21.902084, 9508.443359>) quick accessed a lock!
[22:10:20] Player (Mendoza, 76561197963413528)(<6307.455078, 21.871454, 9524.430664>) quick accessed a lock!
[22:21:12] Player (Burli, 76561199403818735)(<6310.850098, 21.902084, 9508.443359>) quick accessed a lock!
[22:26:52] Player (SamGeekMan, 76561198025089838)(<6310.850098, 21.902084, 9508.443359>) quick accessed a lock!
[22:31:49] Player (Burli, 76561199403818735)(<6310.850098, 21.902084, 9508.443359>) quick accessed a lock!
[22:35:54] Player (Burli, 76561199403818735)(<6310.850098, 21.902084, 9508.443359>) quick accessed a lock!
[22:36:14] Player (Delta, 76561198058316831)(<6310.850098, 21.902084, 9508.443359>) quick accessed a lock!
[22:39:26] Player (Delta, 76561198058316831)(<6310.850098, 21.902084, 9508.443359>) quick accessed a lock!
[22:46:31] Player (Vygeta, 76561198065333779)(<6303.280762, 21.892134, 9520.394531>) accessed a lock!
[22:46:31] Player (Vygeta, 76561198065333779)(<6303.280762, 21.892134, 9520.394531>) was added as a guest of a lock!
[22:47:16] Player (Vygeta, 76561198065333779)(<6303.280762, 21.892134, 9520.394531>) quick accessed a lock!
[22:51:59] Player (Mendoza, 76561197963413528)(<6303.280762, 21.892134, 9520.394531>) quick accessed a lock!
[22:54:18] Player (Vygeta, 76561198065333779)(<6303.280762, 21.892134, 9520.394531>) quick accessed a lock!
[23:02:02] Player (Delta, 76561198058316831)(<6310.850098, 21.902084, 9508.443359>) quick accessed a lock!
[23:06:47] Player (Vygeta, 76561198065333779)(<6310.850098, 21.902084, 9508.443359>) quick accessed a lock!
[23:08:39] Player (Mendoza, 76561197963413528)(<6310.850098, 21.902084, 9508.443359>) quick accessed a lock!
[23:18:21] Player (Vygeta, 76561198065333779)(<6303.280762, 21.892134, 9520.394531>) quick accessed a lock!
[23:26:30] Player (Mendoza, 76561197963413528)(<6303.280762, 21.892134, 9520.394531>) quick accessed a lock!
[23:27:50] Player (Vygeta, 76561198065333779)(<6303.280762, 21.892134, 9520.394531>) quick accessed a lock!
[23:35:57] Player (SamGeekMan, 76561198025089838)(<6310.850098, 21.902084, 9508.443359>) quick accessed a lock!
[23:36:30] Player (Mendoza, 76561197963413528)(<6303.280762, 21.892134, 9520.394531>) quick accessed a lock!
[23:38:23] Player (Mendoza, 76561197963413528)(<6303.280762, 21.892134, 9520.394531>) quick accessed a lock!
[00:40:56] Player (SamGeekMan, 76561198025089838)(<6310.850098, 21.902084, 9508.443359>) quick accessed a lock!
[00:41:50] Player (SamGeekMan, 76561198025089838)(<6310.850098, 21.902084, 9508.443359>) quick accessed a lock!
[00:59:38] Player (SamGeekMan, 76561198025089838)(<6310.850098, 21.902084, 9508.443359>) quick accessed a lock!
