[05-25-2025][04.25.39] New Access Log File Created!
[05-25-2025][12.44.59] Log file reloaded ( Server Restart )
[12:49:04] Player (Mendoza, 76561197963413528)(<6314.928223, 21.875349, 9512.620117>) quick accessed a lock!
[12:49:39] Player (Mendoza, 76561197963413528)(<6314.928223, 21.875349, 9512.620117>) quick accessed a lock!
[12:51:07] Player (Mendoza, 76561197963413528)(<6314.928223, 21.875349, 9512.620117>) quick accessed a lock!
[12:51:51] Player (Mendoza, 76561197963413528)(<6319.344238, 21.766153, 9508.742188>) quick accessed a lock!
[12:52:24] Player (Mendoza, 76561197963413528)(<6325.465820, 22.154179, 9406.088867>) quick accessed a lock!
[12:53:10] Player (Mendoza, 76561197963413528)(<6325.465820, 22.154179, 9406.088867>) quick accessed a lock!
[12:53:28] Player (Mendoza, 76561197963413528)(<6323.524414, 21.737755, 9508.852539>) quick accessed a lock!
[12:53:34] Player (Mendoza, 76561197963413528)(<6314.928223, 21.875349, 9512.620117>) quick accessed a lock!
[12:53:38] Player (Mendoza, 76561197963413528)(<6307.780273, 21.888290, 9515.652344>) quick accessed a lock!
[13:05:47] Player (Burli, 76561199403818735)(<6298.707031, 21.894258, 9521.250977>) accessed a lock!
[13:05:47] Player (Burli, 76561199403818735)(<6298.707031, 21.894258, 9521.250977>) was added as a guest of a lock!
[13:06:04] Player (Mendoza, 76561197963413528)(<6307.780273, 21.888290, 9515.652344>) quick accessed a lock!
[13:06:07] Player (Mendoza, 76561197963413528)(<6310.850098, 21.902084, 9508.443359>) quick accessed a lock!
[13:11:31] Player (Mendoza, 76561197963413528)(<6298.707031, 21.894258, 9521.250977>) quick accessed a lock!
[13:13:53] Player (Mendoza, 76561197963413528)(<6298.707031, 21.894258, 9521.250977>) quick accessed a lock!
[13:20:18] Player (Mendoza, 76561197963413528)(<6307.780273, 21.888290, 9515.652344>) quick accessed a lock!
[13:20:54] Player (Burli, 76561199403818735)(<6298.707031, 21.894258, 9521.250977>) quick accessed a lock!
[13:25:31] Player (Mendoza, 76561197963413528)(<6307.780273, 21.888290, 9515.652344>) quick accessed a lock!
[13:25:35] Player (Mendoza, 76561197963413528)(<6314.928223, 21.875349, 9512.620117>) quick accessed a lock!
[13:26:17] Player (Mendoza, 76561197963413528)(<6314.928223, 21.875349, 9512.620117>) quick accessed a lock!
[13:26:22] Player (Mendoza, 76561197963413528)(<6307.780273, 21.888290, 9515.652344>) quick accessed a lock!
[13:29:29] Player (Mendoza, 76561197963413528)(<6307.780273, 21.888290, 9515.652344>) quick accessed a lock!
[13:32:29] Player (Mendoza, 76561197963413528)(<6298.707031, 21.894258, 9521.250977>) quick accessed a lock!
[13:39:09] Player (Mendoza, 76561197963413528)(<6298.707031, 21.894258, 9521.250977>) quick accessed a lock!
[13:40:21] Player (Burli, 76561199403818735)(<6298.707031, 21.894258, 9521.250977>) quick accessed a lock!
[13:40:43] Player (Mendoza, 76561197963413528)(<6298.707031, 21.894258, 9521.250977>) quick accessed a lock!
[13:40:54] Player (Mendoza, 76561197963413528)(<6298.707031, 21.894258, 9521.250977>) quick accessed a lock!
[13:40:58] Player (Mendoza, 76561197963413528)(<6295.278809, 21.912560, 9518.042969>) quick accessed a lock!
[13:41:33] Player (Mendoza, 76561197963413528)(<6295.278809, 21.912560, 9518.042969>) quick accessed a lock!
[13:41:45] Player (Mendoza, 76561197963413528)(<6314.928223, 21.875349, 9512.620117>) quick accessed a lock!
[13:41:48] Player (Mendoza, 76561197963413528)(<6314.928223, 21.875349, 9512.620117>) quick accessed a lock!
[13:41:51] Player (Mendoza, 76561197963413528)(<6314.928223, 21.875349, 9512.620117>) quick accessed a lock!
[13:41:57] Player (Mendoza, 76561197963413528)(<6319.344238, 21.766153, 9508.742188>) quick accessed a lock!
[13:43:05] Player (Mendoza, 76561197963413528)(<6323.524414, 21.737755, 9508.852539>) quick accessed a lock!
[13:43:35] Player (Delta, 76561198058316831)(<6323.524414, 21.737755, 9508.852539>) accessed a lock!
[13:43:35] Player (Delta, 76561198058316831)(<6323.524414, 21.737755, 9508.852539>) was added as a guest of a lock!
[13:43:50] Player (Mendoza, 76561197963413528)(<6314.928223, 21.875349, 9512.620117>) quick accessed a lock!
[13:45:11] Player (Delta, 76561198058316831)(<6323.524414, 21.737755, 9508.852539>) quick accessed a lock!
[14:35:10] Player (Mendoza, 76561197963413528)(<6310.850098, 21.902084, 9508.443359>) quick accessed a lock!
[14:35:37] Player (Mendoza, 76561197963413528)(<6314.928223, 21.875349, 9512.620117>) quick accessed a lock!
[14:36:03] Player (Mendoza, 76561197963413528)(<6319.344238, 21.766153, 9508.742188>) quick accessed a lock!
[14:37:19] Player (Mendoza, 76561197963413528)(<6298.707031, 21.894258, 9521.250977>) quick accessed a lock!
[14:38:25] Player (Mendoza, 76561197963413528)(<6295.278809, 21.912560, 9518.042969>) quick accessed a lock!
[14:38:48] Player (Mendoza, 76561197963413528)(<6295.278809, 21.912560, 9518.042969>) quick accessed a lock!
[14:38:59] Player (Mendoza, 76561197963413528)(<6314.928223, 21.875349, 9512.620117>) quick accessed a lock!
[14:39:35] Player (Mendoza, 76561197963413528)(<6325.465820, 22.154179, 9406.088867>) quick accessed a lock!
[14:40:06] Player (Mendoza, 76561197963413528)(<6325.465820, 22.154179, 9406.088867>) removed a lock!
[14:40:23] Player (Mendoza, 76561197963413528)(<6325.465820, 22.154179, 9406.088867>) set a new passcode on lock!
[14:40:23] Player (Mendoza, 76561197963413528)(<6325.465820, 22.154179, 9406.088867>) claimed ownership of a lock!
[14:40:25] Player (Mendoza, 76561197963413528)(<6325.465820, 22.154179, 9406.088867>) quick accessed a lock!
[14:40:58] Player (Mendoza, 76561197963413528)(<6323.524414, 21.737755, 9508.852539>) quick accessed a lock!
[14:41:27] Player (Mendoza, 76561197963413528)(<6314.928223, 21.875349, 9512.620117>) quick accessed a lock!
[14:41:29] Player (Mendoza, 76561197963413528)(<6310.850098, 21.902084, 9508.443359>) quick accessed a lock!
[14:42:24] Player (Mendoza, 76561197963413528)(<6325.465820, 22.154179, 9406.088867>) quick accessed a lock!
[14:43:38] Player (Mendoza, 76561197963413528)(<6325.465820, 22.154179, 9406.088867>) quick accessed a lock!
[14:43:59] Player (Mendoza, 76561197963413528)(<6323.524414, 21.737755, 9508.852539>) quick accessed a lock!
[14:44:02] Player (Mendoza, 76561197963413528)(<6314.928223, 21.875349, 9512.620117>) quick accessed a lock!
[14:44:05] Player (Mendoza, 76561197963413528)(<6307.780273, 21.888290, 9515.652344>) quick accessed a lock!
[14:44:56] Player (Mendoza, 76561197963413528)(<6307.780273, 21.888290, 9515.652344>) quick accessed a lock!
[14:47:37] Player (Mendoza, 76561197963413528)(<6307.780273, 21.888290, 9515.652344>) quick accessed a lock!
[14:49:47] Player (Mendoza, 76561197963413528)(<6307.780273, 21.888290, 9515.652344>) quick accessed a lock!
[14:51:04] Player (Burli, 76561199403818735)(<6310.850098, 21.902084, 9508.443359>) accessed a lock!
[14:51:04] Player (Burli, 76561199403818735)(<6310.850098, 21.902084, 9508.443359>) was added as a guest of a lock!
[14:51:30] Player (Burli, 76561199403818735)(<6298.707031, 21.894258, 9521.250977>) quick accessed a lock!
[14:51:58] Player (Burli, 76561199403818735)(<6298.707031, 21.894258, 9521.250977>) quick accessed a lock!
[14:53:09] Player (Burli, 76561199403818735)(<6298.707031, 21.894258, 9521.250977>) quick accessed a lock!
[16:46:12] Player (Mendoza, 76561197963413528)(<6307.780273, 21.888290, 9515.652344>) quick accessed a lock!
[16:47:08] Player (Burli, 76561199403818735)(<6298.707031, 21.894258, 9521.250977>) quick accessed a lock!
[16:50:09] Player (Burli, 76561199403818735)(<6298.707031, 21.894258, 9521.250977>) quick accessed a lock!
[16:51:46] Player (Mendoza, 76561197963413528)(<6307.780273, 21.888290, 9515.652344>) quick accessed a lock!
[16:51:49] Player (Mendoza, 76561197963413528)(<6314.928223, 21.875349, 9512.620117>) quick accessed a lock!
[16:55:54] Player (Mendoza, 76561197963413528)(<6314.928223, 21.875349, 9512.620117>) quick accessed a lock!
[16:56:38] Player (Mendoza, 76561197963413528)(<6298.707031, 21.894258, 9521.250977>) quick accessed a lock!
[16:58:47] Player (Mendoza, 76561197963413528)(<6307.780273, 21.888290, 9515.652344>) quick accessed a lock!
[16:59:17] Player (Mendoza, 76561197963413528)(<6307.780273, 21.888290, 9515.652344>) quick accessed a lock!
[05-25-2025][21.05.01] Log file reloaded ( Server Restart )
[22:02:07] Player (Decalacs, 76561199213212083)(<6630.036133, 16.340645, 11277.896484>) set a new passcode on lock!
[22:02:07] Player (Decalacs, 76561199213212083)(<6630.036133, 16.340645, 11277.896484>) claimed ownership of a lock!
[22:02:09] Player (Decalacs, 76561199213212083)(<6630.036133, 16.340645, 11277.896484>) quick accessed a lock!
[22:02:16] Player (Decalacs, 76561199213212083)(<6630.036133, 16.340645, 11277.896484>) quick accessed a lock!
[22:02:36] Player (Decalacs, 76561199213212083)(<6630.036133, 16.340645, 11277.896484>) quick accessed a lock!
[22:40:04] Player (Mendoza, 76561197963413528)(<6314.928223, 21.875349, 9512.620117>) quick accessed a lock!
[22:40:42] Player (Mendoza, 76561197963413528)(<6314.928223, 21.875349, 9512.620117>) quick accessed a lock!
[22:40:45] Player (Mendoza, 76561197963413528)(<6310.850098, 21.902084, 9508.443359>) quick accessed a lock!
[22:42:02] Player (Mendoza, 76561197963413528)(<6310.850098, 21.902084, 9508.443359>) quick accessed a lock!
[22:47:38] Player (Mendoza, 76561197963413528)(<6314.928223, 21.875349, 9512.620117>) quick accessed a lock!
[22:47:45] Player (Mendoza, 76561197963413528)(<6319.344238, 21.766153, 9508.742188>) quick accessed a lock!
[22:47:49] Player (Mendoza, 76561197963413528)(<6314.928223, 21.875349, 9512.620117>) quick accessed a lock!
[22:47:51] Player (Mendoza, 76561197963413528)(<6314.928223, 21.875349, 9512.620117>) quick accessed a lock!
[22:47:53] Player (Mendoza, 76561197963413528)(<6310.850098, 21.902084, 9508.443359>) quick accessed a lock!
[22:48:22] Player (Mendoza, 76561197963413528)(<6325.465820, 22.154179, 9406.088867>) quick accessed a lock!
[22:51:34] Player (Mendoza, 76561197963413528)(<6325.465820, 22.154179, 9406.088867>) quick accessed a lock!
[22:51:52] Player (Mendoza, 76561197963413528)(<6323.524414, 21.737755, 9508.852539>) quick accessed a lock!
[22:52:00] Player (Mendoza, 76561197963413528)(<6314.928223, 21.875349, 9512.620117>) quick accessed a lock!
[22:52:03] Player (Mendoza, 76561197963413528)(<6310.850098, 21.902084, 9508.443359>) quick accessed a lock!
[22:52:44] Player (Mendoza, 76561197963413528)(<6310.850098, 21.902084, 9508.443359>) quick accessed a lock!
[22:55:51] Player (Mendoza, 76561197963413528)(<6298.707031, 21.894258, 9521.250977>) quick accessed a lock!
[22:56:20] Player (Mendoza, 76561197963413528)(<6298.707031, 21.894258, 9521.250977>) quick accessed a lock!
[22:56:25] Player (Mendoza, 76561197963413528)(<6295.278809, 21.912560, 9518.042969>) quick accessed a lock!
[22:56:48] Player (Mendoza, 76561197963413528)(<6295.278809, 21.912560, 9518.042969>) quick accessed a lock!
