[04-07-2025][04.25.22] New Access Log File Created!
[04-07-2025][12.42.22] Log file reloaded ( Server Restart )
[15:56:23] Player (Mendoza, 76561197963413528)(<6307.455078, 21.871454, 9524.430664>) set a new passcode on lock!
[15:56:23] Player (Mendoza, 76561197963413528)(<6307.455078, 21.871454, 9524.430664>) claimed ownership of a lock!
[15:56:27] Player (Mendoza, 76561197963413528)(<6307.455078, 21.871454, 9524.430664>) quick accessed a lock!
[16:03:21] Player (Mendoza, 76561197963413528)(<6307.455078, 21.871454, 9524.430664>) quick accessed a lock!
[16:24:03] Player (Mendoza, 76561197963413528)(<6307.455078, 21.871454, 9524.430664>) quick accessed a lock!
[16:30:51] Player (Mendoza, 76561197963413528)(<6307.455078, 21.871454, 9524.430664>) quick accessed a lock!
[19:37:35] Player (Mendoza, 76561197963413528)(<6307.455078, 21.871454, 9524.430664>) quick accessed a lock!
[19:38:08] Player (Mendoza, 76561197963413528)(<6307.455078, 21.871454, 9524.430664>) quick accessed a lock!
[19:38:50] Player (Mendoza, 76561197963413528)(<6307.455078, 21.871454, 9524.430664>) quick accessed a lock!
[19:57:05] Player (Mendoza, 76561197963413528)(<6310.850098, 21.902084, 9508.443359>) set a new passcode on lock!
[19:57:05] Player (Mendoza, 76561197963413528)(<6310.850098, 21.902084, 9508.443359>) claimed ownership of a lock!
[19:57:06] Player (Mendoza, 76561197963413528)(<6310.850098, 21.902084, 9508.443359>) quick accessed a lock!
[19:59:32] Player (Mendoza, 76561197963413528)(<6307.455078, 21.871454, 9524.430664>) quick accessed a lock!
[20:01:52] Player (Vygeta, 76561198065333779)(<6310.850098, 21.902084, 9508.443359>) accessed a lock!
[20:01:52] Player (Vygeta, 76561198065333779)(<6310.850098, 21.902084, 9508.443359>) was added as a guest of a lock!
[04-07-2025][20.58.39] Log file reloaded ( Server Restart )
[21:57:07] Player (Mendoza, 76561197963413528)(<6307.455078, 21.871454, 9524.430664>) quick accessed a lock!
[00:05:42] Player (Mendoza, 76561197963413528)(<6310.850098, 21.902084, 9508.443359>) quick accessed a lock!
[00:08:22] Player (Mendoza, 76561197963413528)(<6310.850098, 21.902084, 9508.443359>) quick accessed a lock!
[00:08:41] Player (Mendoza, 76561197963413528)(<6310.850098, 21.902084, 9508.443359>) quick accessed a lock!
[00:08:43] Player (Mendoza, 76561197963413528)(<6310.850098, 21.902084, 9508.443359>) quick accessed a lock!
[00:12:17] Player (Mendoza, 76561197963413528)(<6310.850098, 21.902084, 9508.443359>) quick accessed a lock!
[00:20:56] Player (Mendoza, 76561197963413528)(<6310.850098, 21.902084, 9508.443359>) quick accessed a lock!
[00:21:01] Player (Mendoza, 76561197963413528)(<6310.850098, 21.902084, 9508.443359>) quick accessed a lock!
[00:21:36] Player (Mendoza, 76561197963413528)(<6310.850098, 21.902084, 9508.443359>) quick accessed a lock!
[01:31:32] Player (SamGeekMan, 76561198025089838)(<6310.850098, 21.902084, 9508.443359>) accessed a lock!
[01:31:32] Player (SamGeekMan, 76561198025089838)(<6310.850098, 21.902084, 9508.443359>) was added as a guest of a lock!
[02:50:39] Player (Delta, 76561198058316831)(<6310.850098, 21.902084, 9508.443359>) accessed a lock!
[02:50:39] Player (Delta, 76561198058316831)(<6310.850098, 21.902084, 9508.443359>) was added as a guest of a lock!
