[05-13-2025][04.25.48] New Synch Log File Created!
[04:43:22] Player (Decalacs, 76561199213212083)(<6318.932129, 21.805933, 9538.139648>) requested data for lock!
[04:43:24] Player (Decalacs, 76561199213212083)(<6319.344238, 21.766153, 9508.742188>) requested data for lock!
[04:43:25] Player (Decalacs, 76561199213212083)(<6323.524414, 21.737755, 9508.852539>) requested data for lock!
[04:43:26] Player (Decalacs, 76561199213212083)(<6314.928223, 21.875349, 9512.620117>) requested data for lock!
[04:43:27] Player (Decalacs, 76561199213212083)(<6310.850098, 21.902084, 9508.443359>) requested data for lock!
[04:43:28] Player (Decalacs, 76561199213212083)(<6307.780273, 21.888290, 9515.652344>) requested data for lock!
[04:43:28] Player (Decalacs, 76561199213212083)(<6303.280762, 21.892134, 9520.394531>) requested data for lock!
[04:43:39] Player (Decalacs, 76561199213212083)(<6325.465820, 22.154179, 9406.088867>) requested data for lock!
[07:06:03] Player (Mendoza, 76561197963413528)(<6318.932129, 21.805933, 9538.139648>) requested data for lock!
[07:06:03] Player (Mendoza, 76561197963413528)(<6319.344238, 21.766153, 9508.742188>) requested data for lock!
[07:06:03] Player (Mendoza, 76561197963413528)(<6310.850098, 21.902084, 9508.443359>) requested data for lock!
[07:06:03] Player (Mendoza, 76561197963413528)(<6323.524414, 21.737755, 9508.852539>) requested data for lock!
[07:06:03] Player (Mendoza, 76561197963413528)(<6307.780273, 21.888290, 9515.652344>) requested data for lock!
[07:06:09] Player (Mendoza, 76561197963413528)(<6303.280762, 21.892134, 9520.394531>) requested data for lock!
[07:06:09] Player (Mendoza, 76561197963413528)(<6314.928223, 21.875349, 9512.620117>) requested data for lock!
[07:06:09] Player (Mendoza, 76561197963413528)(<6325.465820, 22.154179, 9406.088867>) requested data for lock!
[10:18:58] Player (Mendoza, 76561197963413528)(<6318.932129, 21.805933, 9538.139648>) requested data for lock!
[10:18:58] Player (Mendoza, 76561197963413528)(<6319.344238, 21.766153, 9508.742188>) requested data for lock!
[10:18:58] Player (Mendoza, 76561197963413528)(<6310.850098, 21.902084, 9508.443359>) requested data for lock!
[10:18:58] Player (Mendoza, 76561197963413528)(<6323.524414, 21.737755, 9508.852539>) requested data for lock!
[10:18:58] Player (Mendoza, 76561197963413528)(<6307.780273, 21.888290, 9515.652344>) requested data for lock!
[10:19:04] Player (Mendoza, 76561197963413528)(<6303.280762, 21.892134, 9520.394531>) requested data for lock!
[10:19:04] Player (Mendoza, 76561197963413528)(<6314.928223, 21.875349, 9512.620117>) requested data for lock!
[10:19:04] Player (Mendoza, 76561197963413528)(<6325.465820, 22.154179, 9406.088867>) requested data for lock!
[05-13-2025][12.44.26] Log file reloaded ( Server Restart )
[12:47:14] Player (Mendoza, 76561197963413528)(<6323.524414, 21.737755, 9508.852539>) requested data for lock!
[12:47:14] Player (Mendoza, 76561197963413528)(<6318.932129, 21.805933, 9538.139648>) requested data for lock!
[12:47:17] Player (Mendoza, 76561197963413528)(<6310.850098, 21.902084, 9508.443359>) requested data for lock!
[12:47:17] Player (Mendoza, 76561197963413528)(<6314.928223, 21.875349, 9512.620117>) requested data for lock!
[12:47:17] Player (Mendoza, 76561197963413528)(<6319.344238, 21.766153, 9508.742188>) requested data for lock!
[12:47:17] Player (Mendoza, 76561197963413528)(<6325.465820, 22.154179, 9406.088867>) requested data for lock!
[12:47:17] Player (Mendoza, 76561197963413528)(<6307.780273, 21.888290, 9515.652344>) requested data for lock!
[13:17:56] Player (Burli, 76561199403818735)(<6323.524414, 21.737755, 9508.852539>) requested data for lock!
[13:17:56] Player (Burli, 76561199403818735)(<6318.932129, 21.805933, 9538.139648>) requested data for lock!
[13:17:56] Player (Burli, 76561199403818735)(<6310.850098, 21.902084, 9508.443359>) requested data for lock!
[13:17:56] Player (Burli, 76561199403818735)(<6314.928223, 21.875349, 9512.620117>) requested data for lock!
[13:17:56] Player (Burli, 76561199403818735)(<6319.344238, 21.766153, 9508.742188>) requested data for lock!
[13:17:56] Player (Burli, 76561199403818735)(<6325.465820, 22.154179, 9406.088867>) requested data for lock!
[13:17:56] Player (Burli, 76561199403818735)(<6307.780273, 21.888290, 9515.652344>) requested data for lock!
[16:00:09] Player (Mendoza, 76561197963413528)(<6325.465820, 22.154179, 9406.088867>) requested data for lock!
[16:00:26] Player (Mendoza, 76561197963413528)(<6310.850098, 21.902084, 9508.443359>) requested data for lock!
[16:00:26] Player (Mendoza, 76561197963413528)(<6314.928223, 21.875349, 9512.620117>) requested data for lock!
[16:00:26] Player (Mendoza, 76561197963413528)(<6319.344238, 21.766153, 9508.742188>) requested data for lock!
[16:00:27] Player (Mendoza, 76561197963413528)(<6307.780273, 21.888290, 9515.652344>) requested data for lock!
[16:00:28] Player (Mendoza, 76561197963413528)(<6323.524414, 21.737755, 9508.852539>) requested data for lock!
[16:00:30] Player (Mendoza, 76561197963413528)(<6318.932129, 21.805933, 9538.139648>) requested data for lock!
[16:26:52] Player (Mendoza, 76561197963413528)(<6325.465820, 22.154179, 9406.088867>) requested data for lock!
[16:26:52] Player (Burli, 76561199403818735)(<6325.465820, 22.154179, 9406.088867>) requested data for lock!
[16:27:05] Player (Mendoza, 76561197963413528)(<6310.850098, 21.902084, 9508.443359>) requested data for lock!
[16:27:06] Player (Burli, 76561199403818735)(<6310.850098, 21.902084, 9508.443359>) requested data for lock!
[16:27:07] Player (Mendoza, 76561197963413528)(<6323.524414, 21.737755, 9508.852539>) requested data for lock!
[16:27:07] Player (Burli, 76561199403818735)(<6323.524414, 21.737755, 9508.852539>) requested data for lock!
[16:27:07] Player (Mendoza, 76561197963413528)(<6314.928223, 21.875349, 9512.620117>) requested data for lock!
[16:27:07] Player (Mendoza, 76561197963413528)(<6319.344238, 21.766153, 9508.742188>) requested data for lock!
[16:27:07] Player (Burli, 76561199403818735)(<6314.928223, 21.875349, 9512.620117>) requested data for lock!
[16:27:07] Player (Mendoza, 76561197963413528)(<6307.780273, 21.888290, 9515.652344>) requested data for lock!
[16:27:08] Player (Burli, 76561199403818735)(<6319.344238, 21.766153, 9508.742188>) requested data for lock!
[16:27:08] Player (Burli, 76561199403818735)(<6307.780273, 21.888290, 9515.652344>) requested data for lock!
[16:27:11] Player (Mendoza, 76561197963413528)(<6318.932129, 21.805933, 9538.139648>) requested data for lock!
[16:27:11] Player (Burli, 76561199403818735)(<6318.932129, 21.805933, 9538.139648>) requested data for lock!
[16:54:12] Player (Mendoza, 76561197963413528)(<6325.465820, 22.154179, 9406.088867>) requested data for lock!
[16:54:21] Player (Mendoza, 76561197963413528)(<6323.524414, 21.737755, 9508.852539>) requested data for lock!
[16:54:22] Player (Mendoza, 76561197963413528)(<6310.850098, 21.902084, 9508.443359>) requested data for lock!
[16:54:22] Player (Mendoza, 76561197963413528)(<6319.344238, 21.766153, 9508.742188>) requested data for lock!
[16:54:23] Player (Mendoza, 76561197963413528)(<6314.928223, 21.875349, 9512.620117>) requested data for lock!
[16:54:23] Player (Mendoza, 76561197963413528)(<6307.780273, 21.888290, 9515.652344>) requested data for lock!
[16:54:26] Player (Mendoza, 76561197963413528)(<6318.932129, 21.805933, 9538.139648>) requested data for lock!
[17:15:46] Player (Burli, 76561199403818735)(<6325.465820, 22.154179, 9406.088867>) requested data for lock!
[17:16:14] Player (Burli, 76561199403818735)(<6323.524414, 21.737755, 9508.852539>) requested data for lock!
[17:16:15] Player (Burli, 76561199403818735)(<6310.850098, 21.902084, 9508.443359>) requested data for lock!
[17:16:15] Player (Burli, 76561199403818735)(<6319.344238, 21.766153, 9508.742188>) requested data for lock!
[17:16:17] Player (Burli, 76561199403818735)(<6314.928223, 21.875349, 9512.620117>) requested data for lock!
[17:16:17] Player (Burli, 76561199403818735)(<6307.780273, 21.888290, 9515.652344>) requested data for lock!
[17:16:23] Player (Burli, 76561199403818735)(<6318.932129, 21.805933, 9538.139648>) requested data for lock!
[17:34:38] Player (Mendoza, 76561197963413528)(<6325.465820, 22.154179, 9406.088867>) requested data for lock!
[17:34:56] Player (Mendoza, 76561197963413528)(<6323.524414, 21.737755, 9508.852539>) requested data for lock!
[17:34:56] Player (Mendoza, 76561197963413528)(<6310.850098, 21.902084, 9508.443359>) requested data for lock!
[17:34:56] Player (Mendoza, 76561197963413528)(<6319.344238, 21.766153, 9508.742188>) requested data for lock!
[17:34:58] Player (Mendoza, 76561197963413528)(<6314.928223, 21.875349, 9512.620117>) requested data for lock!
[17:34:58] Player (Mendoza, 76561197963413528)(<6307.780273, 21.888290, 9515.652344>) requested data for lock!
[17:35:04] Player (Mendoza, 76561197963413528)(<6318.932129, 21.805933, 9538.139648>) requested data for lock!
[19:02:05] Player (Mendoza, 76561197963413528)(<6295.278809, 21.912560, 9518.042969>) requested data for lock!
[19:02:06] Player (Burli, 76561199403818735)(<6295.278809, 21.912560, 9518.042969>) requested data for lock!
[20:02:26] Player (Mendoza, 76561197963413528)(<6325.465820, 22.154179, 9406.088867>) requested data for lock!
[20:02:35] Player (Mendoza, 76561197963413528)(<6295.278809, 21.912560, 9518.042969>) requested data for lock!
[20:02:38] Player (Mendoza, 76561197963413528)(<6310.850098, 21.902084, 9508.443359>) requested data for lock!
[20:02:44] Player (Mendoza, 76561197963413528)(<6307.780273, 21.888290, 9515.652344>) requested data for lock!
[20:02:47] Player (Mendoza, 76561197963413528)(<6323.524414, 21.737755, 9508.852539>) requested data for lock!
[20:02:47] Player (Mendoza, 76561197963413528)(<6314.928223, 21.875349, 9512.620117>) requested data for lock!
[20:02:47] Player (Mendoza, 76561197963413528)(<6319.344238, 21.766153, 9508.742188>) requested data for lock!
[20:02:50] Player (Mendoza, 76561197963413528)(<6318.932129, 21.805933, 9538.139648>) requested data for lock!
[05-13-2025][21.02.51] Log file reloaded ( Server Restart )
[21:13:24] Player (Burli, 76561199403818735)(<6307.780273, 21.888290, 9515.652344>) requested data for lock!
[21:13:24] Player (Burli, 76561199403818735)(<6323.524414, 21.737755, 9508.852539>) requested data for lock!
[21:13:24] Player (Burli, 76561199403818735)(<6295.278809, 21.912560, 9518.042969>) requested data for lock!
[21:13:24] Player (Burli, 76561199403818735)(<6319.344238, 21.766153, 9508.742188>) requested data for lock!
[21:13:30] Player (Burli, 76561199403818735)(<6310.850098, 21.902084, 9508.443359>) requested data for lock!
[21:13:30] Player (Burli, 76561199403818735)(<6325.465820, 22.154179, 9406.088867>) requested data for lock!
[21:13:30] Player (Burli, 76561199403818735)(<6314.928223, 21.875349, 9512.620117>) requested data for lock!
[21:13:30] Player (Burli, 76561199403818735)(<6318.932129, 21.805933, 9538.139648>) requested data for lock!
[21:39:59] Player (Burli, 76561199403818735)(<6318.932129, 21.805933, 9538.139648>) requested data for lock!
[21:44:34] Player (Mendoza, 76561197963413528)(<6325.465820, 22.154179, 9406.088867>) requested data for lock!
[21:44:56] Player (Mendoza, 76561197963413528)(<6323.524414, 21.737755, 9508.852539>) requested data for lock!
[21:44:56] Player (Mendoza, 76561197963413528)(<6319.344238, 21.766153, 9508.742188>) requested data for lock!
[21:44:57] Player (Mendoza, 76561197963413528)(<6310.850098, 21.902084, 9508.443359>) requested data for lock!
[21:44:58] Player (Mendoza, 76561197963413528)(<6307.780273, 21.888290, 9515.652344>) requested data for lock!
[21:44:58] Player (Mendoza, 76561197963413528)(<6295.278809, 21.912560, 9518.042969>) requested data for lock!
[21:44:59] Player (Mendoza, 76561197963413528)(<6314.928223, 21.875349, 9512.620117>) requested data for lock!
[21:45:10] Player (Mendoza, 76561197963413528)(<6318.932129, 21.805933, 9538.139648>) requested data for lock!
[22:24:17] Player (Burli, 76561199403818735)(<6307.780273, 21.888290, 9515.652344>) requested data for lock!
[22:24:17] Player (Burli, 76561199403818735)(<6323.524414, 21.737755, 9508.852539>) requested data for lock!
[22:24:17] Player (Burli, 76561199403818735)(<6295.278809, 21.912560, 9518.042969>) requested data for lock!
[22:24:17] Player (Burli, 76561199403818735)(<6319.344238, 21.766153, 9508.742188>) requested data for lock!
[22:24:23] Player (Burli, 76561199403818735)(<6310.850098, 21.902084, 9508.443359>) requested data for lock!
[22:24:23] Player (Burli, 76561199403818735)(<6325.465820, 22.154179, 9406.088867>) requested data for lock!
[22:24:23] Player (Burli, 76561199403818735)(<6314.928223, 21.875349, 9512.620117>) requested data for lock!
[22:24:23] Player (Burli, 76561199403818735)(<6318.932129, 21.805933, 9538.139648>) requested data for lock!
[22:26:05] Player (Mendoza, 76561197963413528)(<6295.278809, 21.912560, 9518.042969>) requested data for lock!
[22:26:05] Player (Burli, 76561199403818735)(<6295.278809, 21.912560, 9518.042969>) requested data for lock!
[22:48:03] Player (SamGeekMan, 76561198025089838)(<6307.780273, 21.888290, 9515.652344>) requested data for lock!
[22:48:03] Player (SamGeekMan, 76561198025089838)(<6323.524414, 21.737755, 9508.852539>) requested data for lock!
[22:48:03] Player (SamGeekMan, 76561198025089838)(<6295.278809, 21.912560, 9518.042969>) requested data for lock!
[22:48:03] Player (SamGeekMan, 76561198025089838)(<6319.344238, 21.766153, 9508.742188>) requested data for lock!
[22:48:07] Player (SamGeekMan, 76561198025089838)(<6310.850098, 21.902084, 9508.443359>) requested data for lock!
[22:48:07] Player (SamGeekMan, 76561198025089838)(<6325.465820, 22.154179, 9406.088867>) requested data for lock!
[22:48:07] Player (SamGeekMan, 76561198025089838)(<6314.928223, 21.875349, 9512.620117>) requested data for lock!
[22:48:07] Player (SamGeekMan, 76561198025089838)(<6318.932129, 21.805933, 9538.139648>) requested data for lock!
[22:57:29] Player (Decalacs, 76561199213212083)(<6318.932129, 21.805933, 9538.139648>) requested data for lock!
[22:57:37] Player (Decalacs, 76561199213212083)(<6307.780273, 21.888290, 9515.652344>) requested data for lock!
[22:57:37] Player (Decalacs, 76561199213212083)(<6295.278809, 21.912560, 9518.042969>) requested data for lock!
[22:57:38] Player (Decalacs, 76561199213212083)(<6314.928223, 21.875349, 9512.620117>) requested data for lock!
[22:57:40] Player (Decalacs, 76561199213212083)(<6323.524414, 21.737755, 9508.852539>) requested data for lock!
[22:57:40] Player (Decalacs, 76561199213212083)(<6319.344238, 21.766153, 9508.742188>) requested data for lock!
[22:57:41] Player (Decalacs, 76561199213212083)(<6310.850098, 21.902084, 9508.443359>) requested data for lock!
[22:59:55] Player (Decalacs, 76561199213212083)(<6325.465820, 22.154179, 9406.088867>) requested data for lock!
[23:00:36] Player (Decalacs, 76561199213212083)(<6295.278809, 21.912560, 9518.042969>) requested data for lock!
[23:01:03] Player (SamGeekMan, 76561198025089838)(<6307.780273, 21.888290, 9515.652344>) requested data for lock!
[23:01:03] Player (SamGeekMan, 76561198025089838)(<6323.524414, 21.737755, 9508.852539>) requested data for lock!
[23:01:03] Player (SamGeekMan, 76561198025089838)(<6295.278809, 21.912560, 9518.042969>) requested data for lock!
[23:01:04] Player (SamGeekMan, 76561198025089838)(<6319.344238, 21.766153, 9508.742188>) requested data for lock!
[23:01:10] Player (SamGeekMan, 76561198025089838)(<6310.850098, 21.902084, 9508.443359>) requested data for lock!
[23:01:10] Player (SamGeekMan, 76561198025089838)(<6325.465820, 22.154179, 9406.088867>) requested data for lock!
[23:01:10] Player (SamGeekMan, 76561198025089838)(<6314.928223, 21.875349, 9512.620117>) requested data for lock!
[23:01:10] Player (SamGeekMan, 76561198025089838)(<6318.932129, 21.805933, 9538.139648>) requested data for lock!
[23:05:33] Player (Decalacs, 76561199213212083)(<6295.278809, 21.912560, 9518.042969>) requested data for lock!
[23:07:28] Player (Decalacs, 76561199213212083)(<6307.780273, 21.888290, 9515.652344>) requested data for lock!
[23:08:01] Player (Decalacs, 76561199213212083)(<6310.850098, 21.902084, 9508.443359>) requested data for lock!
[23:34:47] Player (Decalacs, 76561199213212083)(<6318.932129, 21.805933, 9538.139648>) requested data for lock!
[23:35:37] Player (xUhm, 76561198361229155)(<6323.524414, 21.737755, 9508.852539>) requested data for lock!
[23:35:38] Player (xUhm, 76561198361229155)(<6319.344238, 21.766153, 9508.742188>) requested data for lock!
[23:35:38] Player (xUhm, 76561198361229155)(<6314.928223, 21.875349, 9512.620117>) requested data for lock!
[23:35:39] Player (xUhm, 76561198361229155)(<6318.932129, 21.805933, 9538.139648>) requested data for lock!
[23:35:40] Player (xUhm, 76561198361229155)(<6307.780273, 21.888290, 9515.652344>) requested data for lock!
[23:35:40] Player (xUhm, 76561198361229155)(<6310.850098, 21.902084, 9508.443359>) requested data for lock!
[23:35:43] Player (xUhm, 76561198361229155)(<6295.278809, 21.912560, 9518.042969>) requested data for lock!
[23:35:46] Player (xUhm, 76561198361229155)(<6325.465820, 22.154179, 9406.088867>) requested data for lock!
[23:35:47] Player (Decalacs, 76561199213212083)(<6295.278809, 21.912560, 9518.042969>) requested data for lock!
[23:35:48] Player (Decalacs, 76561199213212083)(<6318.932129, 21.805933, 9538.139648>) requested data for lock!
[23:35:50] Player (Decalacs, 76561199213212083)(<6307.780273, 21.888290, 9515.652344>) requested data for lock!
[23:35:51] Player (Decalacs, 76561199213212083)(<6310.850098, 21.902084, 9508.443359>) requested data for lock!
[23:35:51] Player (Decalacs, 76561199213212083)(<6314.928223, 21.875349, 9512.620117>) requested data for lock!
[23:35:53] Player (Decalacs, 76561199213212083)(<6323.524414, 21.737755, 9508.852539>) requested data for lock!
[23:35:53] Player (Decalacs, 76561199213212083)(<6319.344238, 21.766153, 9508.742188>) requested data for lock!
[23:39:38] Player (Decalacs, 76561199213212083)(<6314.928223, 21.875349, 9512.620117>) requested data for lock!
[23:43:04] Player (Decalacs, 76561199213212083)(<6295.278809, 21.912560, 9518.042969>) requested data for lock!
[23:43:05] Player (Decalacs, 76561199213212083)(<6318.932129, 21.805933, 9538.139648>) requested data for lock!
[23:43:16] Player (Decalacs, 76561199213212083)(<6307.780273, 21.888290, 9515.652344>) requested data for lock!
[23:43:17] Player (Decalacs, 76561199213212083)(<6314.928223, 21.875349, 9512.620117>) requested data for lock!
[23:43:19] Player (Decalacs, 76561199213212083)(<6310.850098, 21.902084, 9508.443359>) requested data for lock!
[23:43:20] Player (Decalacs, 76561199213212083)(<6323.524414, 21.737755, 9508.852539>) requested data for lock!
[23:43:20] Player (Decalacs, 76561199213212083)(<6319.344238, 21.766153, 9508.742188>) requested data for lock!
[23:44:18] Player (Decalacs, 76561199213212083)(<6325.465820, 22.154179, 9406.088867>) requested data for lock!
[00:21:17] Player (Decalacs, 76561199213212083)(<6295.278809, 21.912560, 9518.042969>) requested data for lock!
[00:21:24] Player (Decalacs, 76561199213212083)(<6307.780273, 21.888290, 9515.652344>) requested data for lock!
[00:21:25] Player (Decalacs, 76561199213212083)(<6310.850098, 21.902084, 9508.443359>) requested data for lock!
[00:21:26] Player (Decalacs, 76561199213212083)(<6314.928223, 21.875349, 9512.620117>) requested data for lock!
[00:21:27] Player (Decalacs, 76561199213212083)(<6319.344238, 21.766153, 9508.742188>) requested data for lock!
[00:21:28] Player (Decalacs, 76561199213212083)(<6318.932129, 21.805933, 9538.139648>) requested data for lock!
[00:21:29] Player (Decalacs, 76561199213212083)(<6323.524414, 21.737755, 9508.852539>) requested data for lock!
[00:21:30] Player (Decalacs, 76561199213212083)(<6325.465820, 22.154179, 9406.088867>) requested data for lock!
[00:32:38] Player (Decalacs, 76561199213212083)(<6325.465820, 22.154179, 9406.088867>) requested data for lock!
[00:33:01] Player (Decalacs, 76561199213212083)(<6295.278809, 21.912560, 9518.042969>) requested data for lock!
[00:33:03] Player (Decalacs, 76561199213212083)(<6307.780273, 21.888290, 9515.652344>) requested data for lock!
[00:33:04] Player (Decalacs, 76561199213212083)(<6310.850098, 21.902084, 9508.443359>) requested data for lock!
[00:33:05] Player (Decalacs, 76561199213212083)(<6323.524414, 21.737755, 9508.852539>) requested data for lock!
[00:33:06] Player (Decalacs, 76561199213212083)(<6319.344238, 21.766153, 9508.742188>) requested data for lock!
[00:33:06] Player (Decalacs, 76561199213212083)(<6314.928223, 21.875349, 9512.620117>) requested data for lock!
[00:33:17] Player (Decalacs, 76561199213212083)(<6314.928223, 21.875349, 9512.620117>) requested data for lock!
[00:35:49] Player (Decalacs, 76561199213212083)(<6295.278809, 21.912560, 9518.042969>) requested data for lock!
[00:36:22] Player (Decalacs, 76561199213212083)(<6295.278809, 21.912560, 9518.042969>) requested data for lock!
[03:19:36] Player (Decalacs, 76561199213212083)(<6318.932129, 21.805933, 9538.139648>) requested data for lock!
[03:19:49] Player (Decalacs, 76561199213212083)(<6307.780273, 21.888290, 9515.652344>) requested data for lock!
[03:19:49] Player (Decalacs, 76561199213212083)(<6323.524414, 21.737755, 9508.852539>) requested data for lock!
[03:19:49] Player (Decalacs, 76561199213212083)(<6319.344238, 21.766153, 9508.742188>) requested data for lock!
[03:19:50] Player (Decalacs, 76561199213212083)(<6314.928223, 21.875349, 9512.620117>) requested data for lock!
[03:20:27] Player (Decalacs, 76561199213212083)(<6295.278809, 21.912560, 9518.042969>) requested data for lock!
[03:20:28] Player (Decalacs, 76561199213212083)(<6310.850098, 21.902084, 9508.443359>) requested data for lock!
[03:20:39] Player (Decalacs, 76561199213212083)(<6325.465820, 22.154179, 9406.088867>) requested data for lock!
[03:29:36] Player (Decalacs, 76561199213212083)(<6325.465820, 22.154179, 9406.088867>) requested data for lock!
