[04-10-2025][04.25.37] New Synch Log File Created!
[08:30:14] Player (Vygeta, 76561198065333779)(<6310.850098, 21.902084, 9508.443359>) requested data for lock!
[08:30:14] Player (Vygeta, 76561198065333779)(<6303.280762, 21.892134, 9520.394531>) requested data for lock!
[08:30:16] Player (Vygeta, 76561198065333779)(<6307.455078, 21.871454, 9524.430664>) requested data for lock!
[12:00:53] Player (Burli, 76561199403818735)(<6310.850098, 21.902084, 9508.443359>) requested data for lock!
[12:00:53] Player (Burli, 76561199403818735)(<6303.280762, 21.892134, 9520.394531>) requested data for lock!
[12:00:53] Player (Burli, 76561199403818735)(<6307.455078, 21.871454, 9524.430664>) requested data for lock!
[12:24:33] Player (Delta, 76561198058316831)(<6310.850098, 21.902084, 9508.443359>) requested data for lock!
[12:24:33] Player (Delta, 76561198058316831)(<6303.280762, 21.892134, 9520.394531>) requested data for lock!
[12:24:34] Player (Delta, 76561198058316831)(<6307.455078, 21.871454, 9524.430664>) requested data for lock!
[12:30:25] Player (Burli, 76561199403818735)(<6303.280762, 21.892134, 9520.394531>) requested data for lock!
[12:30:25] Player (Delta, 76561198058316831)(<6303.280762, 21.892134, 9520.394531>) requested data for lock!
[04-10-2025][12.43.24] Log file reloaded ( Server Restart )
[13:10:05] Player (Vygeta, 76561198065333779)(<6310.850098, 21.902084, 9508.443359>) requested data for lock!
[13:10:05] Player (Vygeta, 76561198065333779)(<6303.280762, 21.892134, 9520.394531>) requested data for lock!
[13:10:06] Player (Vygeta, 76561198065333779)(<6307.455078, 21.871454, 9524.430664>) requested data for lock!
[13:15:19] Player (Burli, 76561199403818735)(<6310.850098, 21.902084, 9508.443359>) requested data for lock!
[13:15:21] Player (Burli, 76561199403818735)(<6303.280762, 21.892134, 9520.394531>) requested data for lock!
[13:15:22] Player (Burli, 76561199403818735)(<6307.455078, 21.871454, 9524.430664>) requested data for lock!
[13:33:11] Player (Burli, 76561199403818735)(<6310.850098, 21.902084, 9508.443359>) requested data for lock!
[13:33:11] Player (Burli, 76561199403818735)(<6303.280762, 21.892134, 9520.394531>) requested data for lock!
[13:33:11] Player (Burli, 76561199403818735)(<6307.455078, 21.871454, 9524.430664>) requested data for lock!
[14:42:03] Player (Burli, 76561199403818735)(<6310.850098, 21.902084, 9508.443359>) requested data for lock!
[14:42:03] Player (Burli, 76561199403818735)(<6303.280762, 21.892134, 9520.394531>) requested data for lock!
[14:42:03] Player (Burli, 76561199403818735)(<6307.455078, 21.871454, 9524.430664>) requested data for lock!
[14:55:39] Player (Vygeta, 76561198065333779)(<6303.280762, 21.892134, 9520.394531>) requested data for lock!
[14:55:39] Player (Vygeta, 76561198065333779)(<6307.455078, 21.871454, 9524.430664>) requested data for lock!
[14:55:40] Player (Vygeta, 76561198065333779)(<6310.850098, 21.902084, 9508.443359>) requested data for lock!
[15:05:15] Player (Vygeta, 76561198065333779)(<6303.280762, 21.892134, 9520.394531>) requested data for lock!
[15:05:16] Player (Vygeta, 76561198065333779)(<6310.850098, 21.902084, 9508.443359>) requested data for lock!
[15:05:16] Player (Vygeta, 76561198065333779)(<6307.455078, 21.871454, 9524.430664>) requested data for lock!
[16:09:37] Player (Mendoza, 76561197963413528)(<6310.850098, 21.902084, 9508.443359>) requested data for lock!
[16:09:38] Player (Mendoza, 76561197963413528)(<6307.455078, 21.871454, 9524.430664>) requested data for lock!
[16:09:39] Player (Mendoza, 76561197963413528)(<6303.280762, 21.892134, 9520.394531>) requested data for lock!
[16:13:20] Player (Mendoza, 76561197963413528)(<6310.850098, 21.902084, 9508.443359>) requested data for lock!
[16:16:18] Player (Mendoza, 76561197963413528)(<6310.850098, 21.902084, 9508.443359>) requested data for lock!
[16:16:30] Player (Mendoza, 76561197963413528)(<6303.280762, 21.892134, 9520.394531>) requested data for lock!
[16:16:33] Player (Mendoza, 76561197963413528)(<6307.455078, 21.871454, 9524.430664>) requested data for lock!
[17:47:49] Player (Burli, 76561199403818735)(<6310.850098, 21.902084, 9508.443359>) requested data for lock!
[17:47:49] Player (Burli, 76561199403818735)(<6303.280762, 21.892134, 9520.394531>) requested data for lock!
[17:47:49] Player (Burli, 76561199403818735)(<6307.455078, 21.871454, 9524.430664>) requested data for lock!
[20:07:06] Player (Burli, 76561199403818735)(<6310.850098, 21.902084, 9508.443359>) requested data for lock!
[20:07:06] Player (Burli, 76561199403818735)(<6303.280762, 21.892134, 9520.394531>) requested data for lock!
[20:07:06] Player (Burli, 76561199403818735)(<6307.455078, 21.871454, 9524.430664>) requested data for lock!
[20:26:24] Player (Vygeta, 76561198065333779)(<6310.850098, 21.902084, 9508.443359>) requested data for lock!
[20:26:24] Player (Vygeta, 76561198065333779)(<6303.280762, 21.892134, 9520.394531>) requested data for lock!
[20:26:24] Player (Vygeta, 76561198065333779)(<6307.455078, 21.871454, 9524.430664>) requested data for lock!
[04-10-2025][21.00.31] Log file reloaded ( Server Restart )
[21:02:24] Player (Burli, 76561199403818735)(<6310.850098, 21.902084, 9508.443359>) requested data for lock!
[21:02:24] Player (Burli, 76561199403818735)(<6303.280762, 21.892134, 9520.394531>) requested data for lock!
[21:02:24] Player (Burli, 76561199403818735)(<6307.455078, 21.871454, 9524.430664>) requested data for lock!
[22:06:37] Player (Burli, 76561199403818735)(<6303.280762, 21.892134, 9520.394531>) requested data for lock!
[22:06:37] Player (Burli, 76561199403818735)(<6307.455078, 21.871454, 9524.430664>) requested data for lock!
[22:06:40] Player (Burli, 76561199403818735)(<6310.850098, 21.902084, 9508.443359>) requested data for lock!
[23:42:02] Player (Mendoza, 76561197963413528)(<6310.850098, 21.902084, 9508.443359>) requested data for lock!
[23:42:02] Player (Mendoza, 76561197963413528)(<6303.280762, 21.892134, 9520.394531>) requested data for lock!
[23:42:03] Player (Mendoza, 76561197963413528)(<6307.455078, 21.871454, 9524.430664>) requested data for lock!
[23:54:59] Player (Mendoza, 76561197963413528)(<6310.850098, 21.902084, 9508.443359>) requested data for lock!
[23:54:59] Player (Mendoza, 76561197963413528)(<6303.280762, 21.892134, 9520.394531>) requested data for lock!
[23:55:00] Player (Mendoza, 76561197963413528)(<6307.455078, 21.871454, 9524.430664>) requested data for lock!
[00:46:35] Player (Delta, 76561198058316831)(<6310.850098, 21.902084, 9508.443359>) requested data for lock!
[00:46:36] Player (Delta, 76561198058316831)(<6303.280762, 21.892134, 9520.394531>) requested data for lock!
[00:46:36] Player (Delta, 76561198058316831)(<6307.455078, 21.871454, 9524.430664>) requested data for lock!
