[04-14-2025][04.25.42] New Synch Log File Created!
[08:11:38] Player (Mendoza, 76561197963413528)(<6310.850098, 21.902084, 9508.443359>) requested data for lock!
[08:11:38] Player (Mendoza, 76561197963413528)(<6303.280762, 21.892134, 9520.394531>) requested data for lock!
[08:11:38] Player (Mendoza, 76561197963413528)(<6307.455078, 21.871454, 9524.430664>) requested data for lock!
[10:20:20] Player (Mendoza, 76561197963413528)(<6310.850098, 21.902084, 9508.443359>) requested data for lock!
[10:20:22] Player (Mendoza, 76561197963413528)(<6303.280762, 21.892134, 9520.394531>) requested data for lock!
[10:20:22] Player (Mendoza, 76561197963413528)(<6307.455078, 21.871454, 9524.430664>) requested data for lock!
[11:25:43] Player (Delta, 76561198058316831)(<6307.455078, 21.871454, 9524.430664>) requested data for lock!
[11:25:44] Player (Delta, 76561198058316831)(<6303.280762, 21.892134, 9520.394531>) requested data for lock!
[11:25:45] Player (Delta, 76561198058316831)(<6310.850098, 21.902084, 9508.443359>) requested data for lock!
[12:13:01] Player (Delta, 76561198058316831)(<6303.280762, 21.892134, 9520.394531>) requested data for lock!
[12:13:01] Player (Delta, 76561198058316831)(<6307.455078, 21.871454, 9524.430664>) requested data for lock!
[12:13:04] Player (Delta, 76561198058316831)(<6310.850098, 21.902084, 9508.443359>) requested data for lock!
[04-14-2025][12.42.44] Log file reloaded ( Server Restart )
[12:50:02] Player (Delta, 76561198058316831)(<6310.850098, 21.902084, 9508.443359>) requested data for lock!
[12:50:02] Player (Delta, 76561198058316831)(<6307.455078, 21.871454, 9524.430664>) requested data for lock!
[12:50:02] Player (Delta, 76561198058316831)(<6303.280762, 21.892134, 9520.394531>) requested data for lock!
[12:53:21] Player (Mendoza, 76561197963413528)(<6310.850098, 21.902084, 9508.443359>) requested data for lock!
[12:53:21] Player (Mendoza, 76561197963413528)(<6307.455078, 21.871454, 9524.430664>) requested data for lock!
[12:53:21] Player (Mendoza, 76561197963413528)(<6303.280762, 21.892134, 9520.394531>) requested data for lock!
[13:40:12] Player (SamGeekMan, 76561198025089838)(<6310.850098, 21.902084, 9508.443359>) requested data for lock!
[13:40:12] Player (SamGeekMan, 76561198025089838)(<6307.455078, 21.871454, 9524.430664>) requested data for lock!
[13:40:14] Player (SamGeekMan, 76561198025089838)(<6303.280762, 21.892134, 9520.394531>) requested data for lock!
[13:53:06] Player (HeliosAndy, 76561199473796806)(<6310.850098, 21.902084, 9508.443359>) requested data for lock!
[13:53:06] Player (HeliosAndy, 76561199473796806)(<6307.455078, 21.871454, 9524.430664>) requested data for lock!
[13:53:06] Player (HeliosAndy, 76561199473796806)(<6303.280762, 21.892134, 9520.394531>) requested data for lock!
[14:20:01] Player (Delta, 76561198058316831)(<6310.850098, 21.902084, 9508.443359>) requested data for lock!
[14:20:01] Player (Delta, 76561198058316831)(<6303.280762, 21.892134, 9520.394531>) requested data for lock!
[14:20:02] Player (Delta, 76561198058316831)(<6307.455078, 21.871454, 9524.430664>) requested data for lock!
[14:20:05] Player (HeliosAndy, 76561199473796806)(<6310.850098, 21.902084, 9508.443359>) requested data for lock!
[14:20:05] Player (HeliosAndy, 76561199473796806)(<6303.280762, 21.892134, 9520.394531>) requested data for lock!
[14:20:06] Player (HeliosAndy, 76561199473796806)(<6307.455078, 21.871454, 9524.430664>) requested data for lock!
[14:58:46] Player (Mendoza, 76561197963413528)(<6310.850098, 21.902084, 9508.443359>) requested data for lock!
[14:58:49] Player (Mendoza, 76561197963413528)(<6307.455078, 21.871454, 9524.430664>) requested data for lock!
[14:58:49] Player (Mendoza, 76561197963413528)(<6303.280762, 21.892134, 9520.394531>) requested data for lock!
[16:09:31] Player (Mendoza, 76561197963413528)(<6310.850098, 21.902084, 9508.443359>) requested data for lock!
[16:09:35] Player (Mendoza, 76561197963413528)(<6307.455078, 21.871454, 9524.430664>) requested data for lock!
[16:09:35] Player (Mendoza, 76561197963413528)(<6303.280762, 21.892134, 9520.394531>) requested data for lock!
[16:44:41] Player (Mendoza, 76561197963413528)(<6310.850098, 21.902084, 9508.443359>) requested data for lock!
[16:44:44] Player (Mendoza, 76561197963413528)(<6307.455078, 21.871454, 9524.430664>) requested data for lock!
[16:44:50] Player (Mendoza, 76561197963413528)(<6303.280762, 21.892134, 9520.394531>) requested data for lock!
[17:33:24] Player (Mendoza, 76561197963413528)(<6307.780273, 21.888290, 9515.652344>) requested data for lock!
[18:28:33] Player (Burli, 76561199403818735)(<6310.850098, 21.902084, 9508.443359>) requested data for lock!
[18:28:33] Player (Burli, 76561199403818735)(<6303.280762, 21.892134, 9520.394531>) requested data for lock!
[18:28:38] Player (Burli, 76561199403818735)(<6307.780273, 21.888290, 9515.652344>) requested data for lock!
[20:35:38] Player (Burli, 76561199403818735)(<6310.850098, 21.902084, 9508.443359>) requested data for lock!
[20:35:38] Player (Mendoza, 76561197963413528)(<6310.850098, 21.902084, 9508.443359>) requested data for lock!
[20:35:39] Player (Mendoza, 76561197963413528)(<6307.780273, 21.888290, 9515.652344>) requested data for lock!
[20:35:39] Player (Burli, 76561199403818735)(<6307.780273, 21.888290, 9515.652344>) requested data for lock!
[20:35:39] Player (Mendoza, 76561197963413528)(<6303.280762, 21.892134, 9520.394531>) requested data for lock!
[20:35:40] Player (Burli, 76561199403818735)(<6303.280762, 21.892134, 9520.394531>) requested data for lock!
[04-14-2025][20.59.32] Log file reloaded ( Server Restart )
[21:12:49] Player (Delta, 76561198058316831)(<6310.850098, 21.902084, 9508.443359>) requested data for lock!
[21:12:49] Player (Delta, 76561198058316831)(<6303.280762, 21.892134, 9520.394531>) requested data for lock!
[21:12:49] Player (Delta, 76561198058316831)(<6307.780273, 21.888290, 9515.652344>) requested data for lock!
[21:15:40] Player (Burli, 76561199403818735)(<6310.850098, 21.902084, 9508.443359>) requested data for lock!
[21:15:40] Player (Burli, 76561199403818735)(<6303.280762, 21.892134, 9520.394531>) requested data for lock!
[21:15:40] Player (Burli, 76561199403818735)(<6307.780273, 21.888290, 9515.652344>) requested data for lock!
[21:18:40] Player (Mendoza, 76561197963413528)(<6310.850098, 21.902084, 9508.443359>) requested data for lock!
[21:18:40] Player (Mendoza, 76561197963413528)(<6303.280762, 21.892134, 9520.394531>) requested data for lock!
[21:18:40] Player (Mendoza, 76561197963413528)(<6307.780273, 21.888290, 9515.652344>) requested data for lock!
[22:01:27] Player (Burli, 76561199403818735)(<6307.780273, 21.888290, 9515.652344>) requested data for lock!
[22:01:27] Player (Mendoza, 76561197963413528)(<6307.780273, 21.888290, 9515.652344>) requested data for lock!
[22:01:27] Player (Delta, 76561198058316831)(<6307.780273, 21.888290, 9515.652344>) requested data for lock!
[22:07:24] Player (Burli, 76561199403818735)(<6310.850098, 21.902084, 9508.443359>) requested data for lock!
[22:07:24] Player (Burli, 76561199403818735)(<6303.280762, 21.892134, 9520.394531>) requested data for lock!
[22:07:24] Player (Burli, 76561199403818735)(<6307.780273, 21.888290, 9515.652344>) requested data for lock!
[23:57:04] Player (Delta, 76561198058316831)(<6310.850098, 21.902084, 9508.443359>) requested data for lock!
[23:57:04] Player (Mendoza, 76561197963413528)(<6310.850098, 21.902084, 9508.443359>) requested data for lock!
[23:57:05] Player (Mendoza, 76561197963413528)(<6307.780273, 21.888290, 9515.652344>) requested data for lock!
[23:57:05] Player (Delta, 76561198058316831)(<6303.280762, 21.892134, 9520.394531>) requested data for lock!
[23:57:06] Player (Delta, 76561198058316831)(<6307.780273, 21.888290, 9515.652344>) requested data for lock!
[23:57:06] Player (Mendoza, 76561197963413528)(<6303.280762, 21.892134, 9520.394531>) requested data for lock!
